YA20151207130233 - 2017-02-07 00:16:13
state : 1
log : 21577 / 2017-2-7
YA20151207130233 - 2017-02-07 00:20:36
state : 1
log : 21752 / 2017-02-08
YA20161116113212 - 2017-02-07 00:20:52
state : 1
log : 15748 / 2017-02-17
2017-02-07 00:26:46
key : YA20151207130233
state : 1
log : 22745 / 2017-02-11
2017-02-07 00:28:52
key : YA20151207130233
state : 1
log : 22745 / 2017-02-11
2017-02-07 00:59:06
key : YA20151207130233
state : 1
log : 47721 / 2017-02-11
YA20151207130233 - 2017-02-07 01:00:00
state : 3
log :  : 등록된 객실 없습니다
YA20161116113212 - 2017-02-07 01:05:25
state : 1
log : 40159 / 2017-02-11
YA20161116113212 - 2017-02-07 02:04:32
state : 1
log : 15217 / 2017-02-07
YA20151207130233 - 2017-02-07 02:21:28
state : 1
log : 20715 / 2017-02-23
YA20161116113212 - 2017-02-07 02:34:03
state : 1
log : 22691 / 2017-02-08
YA20161116113212 - 2017-02-07 02:50:36
state : 1
log : 40772 / 2017-02-11
YA20161116113212 - 2017-02-07 03:53:46
state : 1
log : 5804 / 2017-02-08
YA20151207130233 - 2017-02-07 06:50:58
state : 1
log : 20711 / 2017-02-12
YA20151207130233 - 2017-02-07 06:55:06
state : 1
log : 20711 / 2017-02-12
YA20151207130233 - 2017-02-07 07:45:02
state : 1
log : 239 / 2017-2-11
YA20151207130233 - 2017-02-07 08:14:54
state : 1
log : 21577 / 2017-2-21
YA20151207130233 - 2017-02-07 09:06:50
state : 1
log : 16638 / 2017-02-17
YA20151207130233 - 2017-02-07 09:09:05
state : 1
log : 14493 / 2017-02-12
YA20151207130233 - 2017-02-07 09:15:50
state : 3
log : 6298 : 등록된 객실 없습니다
YA20161116113212 - 2017-02-07 09:40:04
state : 1
log : 38934 / 2017-02-17
YA20161116113212 - 2017-02-07 09:48:09
state : 1
log : 35006 / 2017-02-24
35006 / 2017-02-25
YA20151207130233 - 2017-02-07 09:49:57
state : 1
log : 25050 / 2017-02-11
YA20151207130233 - 2017-02-07 09:52:12
state : 1
log : 17753 / 2017-02-10
YA20151207130233 - 2017-02-07 09:59:33
state : 1
log : 9726 / 2017-02-07
YA20151207130233 - 2017-02-07 10:10:06
state : 2
log : 4358 : 이미 막힌 객실 선택
YA20151207130233 - 2017-02-07 10:11:16
state : 1
log : 17753 / 2017-2-10
2017-02-07 10:11:30
key : YA20151207130233
state : 1
log : 17750 / 2017-2-10
YA20151207130233 - 2017-02-07 10:12:18
state : 1
log : 9725 / 2017-02-10
YA20151207130233 - 2017-02-07 10:12:48
state : 1
log : 2183 / 2017-2-20
YA20151207130233 - 2017-02-07 10:14:07
state : 1
log : 21787 / 2017-02-11
YA20161116113212 - 2017-02-07 10:14:29
state : 1
log : 24839 / 2017-02-11
YA20161116113212 - 2017-02-07 10:20:29
state : 1
log : 21561 / 2017-02-18
YA20161116113212 - 2017-02-07 10:42:18
state : 1
log : 39105 / 2017-02-11
YA20151207130233 - 2017-02-07 10:42:45
state : 1
log : 48320 / 2017-2-23
YA20151207130233 - 2017-02-07 10:50:43
state : 1
log : 43741 / 2017-02-12
YA20151207130233 - 2017-02-07 10:50:49
state : 1
log : 21578 / 2017-2-7
2017-02-07 10:50:58
key : YA20151207130233
state : 1
log : 23315 / 2017-02-11
YA20151207130233 - 2017-02-07 10:57:28
state : 1
log : 48314 / 2017-2-7
2017-02-07 11:00:41
key : YA20151207130233
state : 1
log : 23315 / 2017-02-11
YA20151207130233 - 2017-02-07 11:01:13
state : 1
log : 20707 / 2017-2-23
2017-02-07 11:04:18
key : YA20151207130233
state : 1
log : 23315 / 2017-02-11
YA20151207130233 - 2017-02-07 11:09:40
state : 1
log : 46158 / 2017-02-11
2017-02-07 11:10:17
key : YA20151207130233
state : 1
log : 18080 / 2017-2-11
2017-02-07 11:10:56
key : YA20151207130233
state : 1
log : 23315 / 2017-02-11
YA20151207130233 - 2017-02-07 11:12:10
state : 1
log : 43772 / 2017-2-19
2017-02-07 11:12:22
key : YA20151207130233
state : 1
log : 43772 / 2017-2-19
YA20151207130233 - 2017-02-07 11:12:22
state : 1
log : 35127 / 2017-03-11
YA20151207130233 - 2017-02-07 11:17:51
state : 2
log : 5245 : 이미 막힌 객실 선택
YA20151207130233 - 2017-02-07 11:20:14
state : 1
log : 43772 / 2017-02-19
YA20161116113212 - 2017-02-07 11:21:37
state : 1
log : 26341 / 2017-02-10
YA20161116113212 - 2017-02-07 11:27:00
state : 1
log : 11229 / 2017-02-11
YA20151207130233 - 2017-02-07 11:27:00
state : 1
log : 21815 / 2017-02-12
YA20151207130233 - 2017-02-07 11:28:20
state : 1
log : 33980 / 2017-04-08
YA20151207130233 - 2017-02-07 11:28:22
state : 1
log : 33981 / 2017-04-08
YA20151207130233 - 2017-02-07 11:29:28
state : 1
log : 43772 / 2017-2-19
YA20151207130233 - 2017-02-07 11:31:54
state : 1
log : 20705 / 2017-2-11
YA20151207130233 - 2017-02-07 11:46:40
state : 1
log : 18057 / 2017-2-25
YA20151207130233 - 2017-02-07 11:54:58
state : 1
log : 12540 / 2017-3-11
YA20151207130233 - 2017-02-07 11:57:24
state : 1
log : 23520 / 2017-2-17
YA20151207130233 - 2017-02-07 11:58:42
state : 1
log : 12528 / 2017-2-12
YA20151207130233 - 2017-02-07 12:05:54
state : 1
log : 21821 / 2017-2-9
YA20151207130233 - 2017-02-07 12:24:03
state : 1
log : 29442 / 2017-2-7
YA20151207130233 - 2017-02-07 12:35:26
state : 1
log : 20703 / 2017-2-7
YA20151207130233 - 2017-02-07 12:38:57
state : 1
log : 46330 / 2017-2-17
YA20151207130233 - 2017-02-07 12:39:12
state : 7
log : 3633 : 해당 객실 예약 존재
YA20161116113212 - 2017-02-07 12:46:06
state : 1
log : 34150 / 2017-02-07
YA20151207130233 - 2017-02-07 12:48:40
state : 1
log : 21581 / 2017-02-24
YA20161116113212 - 2017-02-07 12:49:01
state : 1
log : 3696 / 2017-02-11
YA20151207130233 - 2017-02-07 12:54:52
state : 2
log : 4356 : 이미 막힌 객실 선택
YA20151207130233 - 2017-02-07 12:55:22
state : 1
log : 43737 / 2017-02-14
2017-02-07 13:02:26
key : YA20151207130233
state : 1
log : 23315 / 2017-02-11
YA20151207130233 - 2017-02-07 13:04:36
state : 1
log : 11099 / 2017-3-3
2017-02-07 13:05:31
key : YA20151207130233
state : 1
log : 35131 / 2017-2-13
YA20161116113212 - 2017-02-07 13:06:15
state : 1
log : 29020 / 2017-02-27
2017-02-07 13:12:25
key : YA20151207130233
state : 1
log : 23315 / 2017-02-11
YA20161116113212 - 2017-02-07 13:16:01
state : 1
log : 21648 / 2017-02-13
21648 / 2017-02-14
21648 / 2017-02-15
YA20151207130233 - 2017-02-07 13:16:14
state : 1
log : 31609 / 2017-02-11
YA20151207130233 - 2017-02-07 13:16:17
state : 1
log : 31611 / 2017-02-11
YA20161116113212 - 2017-02-07 13:17:59
state : 1
log : 41862 / 2017-02-09
41862 / 2017-02-10
YA20151207130233 - 2017-02-07 13:30:25
state : 1
log : 21581 / 2017-2-24
YA20151207130233 - 2017-02-07 13:31:01
state : 1
log : 24384 / 2017-2-18
YA20151207130233 - 2017-02-07 13:31:02
state : 1
log : 24385 / 2017-2-18
YA20161116113212 - 2017-02-07 13:32:43
state : 1
log : 6912 / 2017-02-10
YA20151207130233 - 2017-02-07 13:33:02
state : 1
log : 9727 / 2017-2-18
YA20161116113212 - 2017-02-07 13:35:19
state : 1
log : 31146 / 2017-02-11
YA20151207130233 - 2017-02-07 13:35:26
state : 1
log : 29445 / 2017-2-11
YA20151207130233 - 2017-02-07 13:35:49
state : 1
log : 23315 / 2017-02-11
YA20151207130233 - 2017-02-07 13:36:14
state : 1
log : 21821 / 2017-02-12
2017-02-07 13:36:26
key : YA20151207130233
state : 1
log : 46330 / 2017-2-17
YA20151207130233 - 2017-02-07 13:37:02
state : 1
log : 46330 / 2017-2-17
2017-02-07 13:37:19
key : YA20151207130233
state : 1
log : 46330 / 2017-2-17
YA20151207130233 - 2017-02-07 13:38:50
state : 1
log : 21818 / 2017-2-18
YA20151207130233 - 2017-02-07 13:38:54
state : 1
log : 21837 / 2017-02-11
YA20151207130233 - 2017-02-07 13:40:39
state : 1
log : 21822 / 2017-2-14
YA20161116113212 - 2017-02-07 13:45:33
state : 1
log : 6997 / 2017-02-22
YA20151207130233 - 2017-02-07 13:48:30
state : 1
log : 18056 / 2017-02-17
YA20151207130233 - 2017-02-07 13:48:33
state : 1
log : 16636 / 2017-2-18
YA20151207130233 - 2017-02-07 13:54:19
state : 1
log : 35169 / 2017-2-18
YA20161116113212 - 2017-02-07 13:54:58
state : 1
log : 44086 / 2017-02-07
YA20151207130233 - 2017-02-07 13:55:08
state : 1
log : 21755 / 2017-02-07
YA20161116113212 - 2017-02-07 13:57:49
state : 1
log : 32873 / 2017-02-11
YA20151207130233 - 2017-02-07 13:57:52
state : 2
log : 5245 : 이미 막힌 객실 선택
YA20161116113212 - 2017-02-07 13:58:13
state : 2
log : 44086 : 이미 막힌 객실 선택
YA20151207130233 - 2017-02-07 13:59:47
state : 1
log : 21820 / 2017-2-7
2017-02-07 14:00:09
key : YA20151207130233
state : 1
log : 3696 / 2017-2-11
YA20151207130233 - 2017-02-07 14:01:34
state : 1
log : 17756 / 2017-2-17
YA20151207130233 - 2017-02-07 14:02:51
state : 1
log : 21578 / 2017-2-20
YA20151207130233 - 2017-02-07 14:03:02
state : 1
log : 21580 / 2017-2-20
YA20161116113212 - 2017-02-07 14:03:35
state : 2
log : 44086/44086 : 이미 막힌 객실 선택
YA20151207130233 - 2017-02-07 14:04:08
state : 1
log : 21813 / 2017-02-18
YA20151207130233 - 2017-02-07 14:18:28
state : 1
log : 19354 / 2017-8-5
YA20151207130233 - 2017-02-07 14:21:24
state : 3
log : 6304 : 등록된 객실 없습니다
YA20161116113212 - 2017-02-07 14:22:23
state : 1
log : 1302 / 2017-02-18
2017-02-07 14:22:26
key : YA20151207130233
state : 1
log : 18056 / 2017-02-18
YA20151207130233 - 2017-02-07 14:23:28
state : 1
log : 18056 / 2017-02-18
YA20151207130233 - 2017-02-07 14:24:10
state : 1
log : 18056 / 2017-02-18
2017-02-07 14:25:57
key : YA20151207130233
state : 1
log : 24146 / 2017-2-11
YA20151207130233 - 2017-02-07 14:27:11
state : 1
log : 21753 / 2017-02-10
YA20151207130233 - 2017-02-07 14:28:25
state : 1
log : 43737 / 2017-02-12
YA20151207130233 - 2017-02-07 14:31:07
state : 1
log : 18059 / 2017-2-10
YA20151207130233 - 2017-02-07 14:31:16
state : 1
log : 19354 / 2017-2-7
YA20151207130233 - 2017-02-07 14:31:18
state : 1
log : 19359 / 2017-2-7
YA20151207130233 - 2017-02-07 14:31:20
state : 1
log : 19356 / 2017-2-7
YA20151207130233 - 2017-02-07 14:31:22
state : 1
log : 19357 / 2017-2-7
YA20151207130233 - 2017-02-07 14:31:23
state : 1
log : 19360 / 2017-2-7
YA20151207130233 - 2017-02-07 14:31:25
state : 1
log : 19358 / 2017-2-7
YA20151207130233 - 2017-02-07 14:31:28
state : 1
log : 19361 / 2017-2-7
YA20151207130233 - 2017-02-07 14:31:30
state : 1
log : 19354 / 2017-2-7
YA20151207130233 - 2017-02-07 14:31:31
state : 1
log : 19359 / 2017-2-7
YA20151207130233 - 2017-02-07 14:31:32
state : 1
log : 19356 / 2017-2-7
YA20151207130233 - 2017-02-07 14:31:33
state : 1
log : 19357 / 2017-2-7
YA20151207130233 - 2017-02-07 14:31:35
state : 1
log : 19360 / 2017-2-7
YA20151207130233 - 2017-02-07 14:31:36
state : 1
log : 19358 / 2017-2-7
YA20151207130233 - 2017-02-07 14:31:37
state : 1
log : 19361 / 2017-2-7
YA20151207130233 - 2017-02-07 14:31:39
state : 1
log : 19354 / 2017-2-7
YA20151207130233 - 2017-02-07 14:31:40
state : 1
log : 19359 / 2017-2-7
YA20151207130233 - 2017-02-07 14:31:41
state : 1
log : 19356 / 2017-2-7
YA20151207130233 - 2017-02-07 14:31:43
state : 1
log : 19357 / 2017-2-7
YA20151207130233 - 2017-02-07 14:31:44
state : 1
log : 19360 / 2017-2-7
YA20151207130233 - 2017-02-07 14:31:45
state : 1
log : 19358 / 2017-2-7
YA20151207130233 - 2017-02-07 14:31:46
state : 1
log : 19361 / 2017-2-7
YA20151207130233 - 2017-02-07 14:37:11
state : 1
log : 1491 / 2017-2-12
YA20151207130233 - 2017-02-07 14:40:13
state : 1
log : 9727 / 2017-2-25
YA20161116113212 - 2017-02-07 14:40:54
state : 1
log : 25321 / 2017-02-07
YA20151207130233 - 2017-02-07 14:42:05
state : 1
log : 20711 / 2017-3-2
YA20151207130233 - 2017-02-07 14:42:07
state : 1
log : 20712 / 2017-3-2
YA20151207130233 - 2017-02-07 14:42:08
state : 1
log : 20713 / 2017-3-2
YA20151207130233 - 2017-02-07 14:42:09
state : 1
log : 20711 / 2017-3-3
YA20151207130233 - 2017-02-07 14:42:12
state : 1
log : 20712 / 2017-3-3
YA20151207130233 - 2017-02-07 14:42:14
state : 1
log : 20713 / 2017-3-3
YA20151207130233 - 2017-02-07 14:42:15
state : 1
log : 20711 / 2017-3-4
YA20151207130233 - 2017-02-07 14:42:17
state : 1
log : 20712 / 2017-3-4
YA20151207130233 - 2017-02-07 14:42:18
state : 1
log : 20713 / 2017-3-4
YA20151207130233 - 2017-02-07 14:42:19
state : 1
log : 20710 / 2017-3-5
YA20151207130233 - 2017-02-07 14:42:21
state : 1
log : 20712 / 2017-3-6
YA20151207130233 - 2017-02-07 14:42:22
state : 1
log : 20713 / 2017-3-6
YA20151207130233 - 2017-02-07 14:42:24
state : 1
log : 20711 / 2017-3-7
YA20151207130233 - 2017-02-07 14:42:26
state : 1
log : 20712 / 2017-3-7
YA20151207130233 - 2017-02-07 14:42:28
state : 1
log : 20713 / 2017-3-7
YA20151207130233 - 2017-02-07 14:42:29
state : 1
log : 20711 / 2017-3-8
YA20151207130233 - 2017-02-07 14:42:30
state : 1
log : 20712 / 2017-3-8
YA20151207130233 - 2017-02-07 14:42:32
state : 1
log : 20713 / 2017-3-8
YA20161116113212 - 2017-02-07 14:45:37
state : 2
log : 44086/44086 : 이미 막힌 객실 선택
YA20151207130233 - 2017-02-07 14:46:41
state : 1
log : 20713 / 2017-3-11
YA20151207130233 - 2017-02-07 14:46:43
state : 1
log : 20706 / 2017-3-14
YA20151207130233 - 2017-02-07 14:46:45
state : 1
log : 20706 / 2017-3-15
YA20151207130233 - 2017-02-07 14:46:47
state : 1
log : 20712 / 2017-3-15
YA20151207130233 - 2017-02-07 14:46:48
state : 1
log : 20706 / 2017-3-16
YA20151207130233 - 2017-02-07 14:46:49
state : 1
log : 20706 / 2017-3-17
YA20151207130233 - 2017-02-07 14:46:51
state : 1
log : 20713 / 2017-3-17
YA20151207130233 - 2017-02-07 14:46:54
state : 1
log : 20710 / 2017-3-18
YA20151207130233 - 2017-02-07 14:46:55
state : 1
log : 20712 / 2017-3-18
YA20151207130233 - 2017-02-07 14:47:19
state : 1
log : 20706 / 2017-3-6
YA20151207130233 - 2017-02-07 14:47:21
state : 1
log : 20706 / 2017-3-7
YA20151207130233 - 2017-02-07 14:47:23
state : 1
log : 20706 / 2017-3-9
YA20151207130233 - 2017-02-07 14:47:25
state : 1
log : 20706 / 2017-3-11
YA20161116113212 - 2017-02-07 14:49:36
state : 1
log : 44293 / 2017-02-07
YA20151207130233 - 2017-02-07 14:50:20
state : 1
log : 21819 / 2017-2-10
YA20151207130233 - 2017-02-07 14:50:22
state : 1
log : 21822 / 2017-2-14
YA20151207130233 - 2017-02-07 14:53:00
state : 1
log : 21752 / 2017-2-10
YA20151207130233 - 2017-02-07 14:58:39
state : 1
log : 19354 / 2017-2-12
YA20161116113212 - 2017-02-07 14:59:21
state : 1
log : 25138 / 2017-02-09
YA20151207130233 - 2017-02-07 15:01:07
state : 1
log : 21821 / 2017-02-07
YA20161116113212 - 2017-02-07 15:04:32
state : 1
log : 27375 / 2017-02-10
YA20151207130233 - 2017-02-07 15:05:36
state : 1
log : 43736 / 2017-02-26
YA20151207130233 - 2017-02-07 15:05:44
state : 1
log : 21756 / 2017-2-7
YA20151207130233 - 2017-02-07 15:15:24
state : 1
log : 24755 / 2017-2-11
YA20151207130233 - 2017-02-07 15:18:53
state : 1
log : 19886 / 2017-02-28
YA20161116113212 - 2017-02-07 15:22:22
state : 2
log : 44086 : 이미 막힌 객실 선택
YA20161116113212 - 2017-02-07 15:23:04
state : 1
log : 35328 / 2017-02-13
YA20151207130233 - 2017-02-07 15:25:15
state : 1
log : 35133 / 2017-02-08
YA20151207130233 - 2017-02-07 15:27:12
state : 1
log : 43771 / 2017-02-25
YA20151207130233 - 2017-02-07 15:37:20
state : 2
log : 4361 : 이미 막힌 객실 선택
2017-02-07 15:38:03
key : YA20151207130233
state : 1
log : 21786 / 2017-2-11
2017-02-07 15:38:04
key : YA20151207130233
state : 1
log : 21790 / 2017-2-11
YA20151207130233 - 2017-02-07 15:40:06
state : 1
log : 23579 / 2017-02-08
YA20151207130233 - 2017-02-07 15:40:07
state : 1
log : 23579 / 2017-02-09
YA20151207130233 - 2017-02-07 15:43:29
state : 1
log : 24109 / 2017-2-13
YA20151207130233 - 2017-02-07 15:43:30
state : 1
log : 24109 / 2017-2-14
YA20151207130233 - 2017-02-07 15:50:59
state : 1
log : 19359 / 2017-02-11
YA20161116113212 - 2017-02-07 15:52:43
state : 1
log : 33930 / 2017-02-07
YA20151207130233 - 2017-02-07 15:53:17
state : 3
log : 6301 : 등록된 객실 없습니다
YA20151207130233 - 2017-02-07 15:59:39
state : 1
log : 17752 / 2017-02-12
YA20151207130233 - 2017-02-07 16:04:10
state : 3
log : 2211 : 등록된 객실 없습니다
YA20161116113212 - 2017-02-07 16:07:34
state : 1
log : 41352 / 2017-02-08
YA20151207130233 - 2017-02-07 16:10:50
state : 1
log : 24083 / 2017-02-10
YA20151207130233 - 2017-02-07 16:10:53
state : 1
log : 24083 / 2017-02-11
YA20161116113212 - 2017-02-07 16:11:56
state : 1
log : 1304 / 2017-02-15
YA20161116113212 - 2017-02-07 16:12:34
state : 1
log : 41102 / 2017-02-09
YA20151207130233 - 2017-02-07 16:15:15
state : 1
log : 48325 / 2017-2-18
YA20151207130233 - 2017-02-07 16:27:11
state : 1
log : 24384 / 2017-2-8
YA20151207130233 - 2017-02-07 16:28:57
state : 1
log : 24385 / 2017-2-17
YA20151207130233 - 2017-02-07 16:32:21
state : 1
log : 9724 / 2017-2-7
YA20161116113212 - 2017-02-07 16:39:24
state : 1
log : 43425 / 2017-02-09
43425 / 2017-02-10
43425 / 2017-02-11
YA20161116113212 - 2017-02-07 16:40:27
state : 1
log : 4050 / 2017-02-07
YA20161116113212 - 2017-02-07 16:49:46
state : 1
log : 34094 / 2017-02-19
YA20161116113212 - 2017-02-07 16:56:21
state : 1
log : 38853 / 2017-02-07
YA20151207130233 - 2017-02-07 16:57:30
state : 1
log : 21579 / 2017-02-08
YA20161116113212 - 2017-02-07 16:57:57
state : 1
log : 41067 / 2017-02-11
YA20151207130233 - 2017-02-07 16:59:05
state : 1
log : 9725 / 2017-02-09
YA20151207130233 - 2017-02-07 17:00:05
state : 1
log : 21579 / 2017-2-8
2017-02-07 17:00:09
key : YA20151207130233
state : 1
log : 23314 / 2017-02-25
YA20151207130233 - 2017-02-07 17:01:04
state : 1
log : 24763 / 2017-2-14
YA20151207130233 - 2017-02-07 17:02:30
state : 3
log :  : 등록된 객실 없습니다
YA20151207130233 - 2017-02-07 17:02:54
state : 1
log : 9726 / 2017-2-9
YA20151207130233 - 2017-02-07 17:03:23
state : 1
log : 21815 / 2017-2-18
YA20151207130233 - 2017-02-07 17:08:53
state : 1
log : 21578 / 2017-02-08
YA20151207130233 - 2017-02-07 17:09:54
state : 1
log : 21578 / 2017-2-8
2017-02-07 17:10:54
key : YA20151207130233
state : 1
log : 23314 / 2017-02-25
YA20151207130233 - 2017-02-07 17:12:26
state : 3
log :  : 등록된 객실 없습니다
YA20151207130233 - 2017-02-07 17:12:38
state : 3
log :  : 등록된 객실 없습니다
YA20151207130233 - 2017-02-07 17:19:40
state : 3
log :  : 등록된 객실 없습니다
YA20151207130233 - 2017-02-07 17:20:02
state : 3
log :  : 등록된 객실 없습니다
YA20161116113212 - 2017-02-07 17:22:01
state : 1
log : 36896 / 2017-02-24
36896 / 2017-02-25
YA20151207130233 - 2017-02-07 17:22:40
state : 1
log : 21822 / 2017-2-25
YA20151207130233 - 2017-02-07 17:23:24
state : 1
log : 23314 / 2017-02-25
YA20151207130233 - 2017-02-07 17:25:23
state : 1
log : 24755 / 2017-02-17
YA20151207130233 - 2017-02-07 17:27:40
state : 1
log : 43741 / 2017-2-12
YA20151207130233 - 2017-02-07 17:27:58
state : 1
log : 19899 / 2017-02-11
YA20151207130233 - 2017-02-07 17:28:00
state : 1
log : 19900 / 2017-02-11
YA20161116113212 - 2017-02-07 17:31:52
state : 1
log : 39250 / 2017-02-17
YA20151207130233 - 2017-02-07 17:35:32
state : 1
log : 14494 / 2017-2-25
YA20151207130233 - 2017-02-07 17:35:33
state : 1
log : 14494 / 2017-2-25
YA20151207130233 - 2017-02-07 17:39:30
state : 1
log : 21815 / 2017-2-25
YA20151207130233 - 2017-02-07 17:41:48
state : 1
log : 21581 / 2017-2-7
YA20151207130233 - 2017-02-07 17:41:53
state : 3
log : 6304 : 등록된 객실 없습니다
2017-02-07 17:42:37
key : YA20151207130233
state : 1
log : 12534 / 2017-2-11
YA20161116113212 - 2017-02-07 17:47:29
state : 1
log : 44086 / 2017-03-07
YA20151207130233 - 2017-02-07 17:47:33
state : 1
log : 47722 / 2017-02-11
YA20151207130233 - 2017-02-07 17:57:33
state : 1
log : 1491 / 2017-2-24
YA20151207130233 - 2017-02-07 17:58:26
state : 1
log : 47722 / 2017-2-11
YA20151207130233 - 2017-02-07 17:59:07
state : 1
log : 21815 / 2017-02-17
2017-02-07 17:59:39
key : YA20151207130233
state : 1
log : 20226 / 2017-2-12
2017-02-07 17:59:40
key : YA20151207130233
state : 1
log : 20226 / 2017-2-13
YA20151207130233 - 2017-02-07 17:59:41
state : 1
log : 1491 / 2017-2-25
2017-02-07 17:59:41
key : YA20151207130233
state : 1
log : 20226 / 2017-2-14
YA20161116113212 - 2017-02-07 18:00:01
state : 1
log : 39093 / 2017-02-19
2017-02-07 18:00:12
key : YA20151207130233
state : 1
log : 20226 / 2017-2-15
2017-02-07 18:00:14
key : YA20151207130233
state : 1
log : 20226 / 2017-2-16
2017-02-07 18:00:15
key : YA20151207130233
state : 1
log : 20226 / 2017-2-17
2017-02-07 18:00:16
key : YA20151207130233
state : 1
log : 20226 / 2017-2-18
2017-02-07 18:00:52
key : YA20151207130233
state : 1
log : 20226 / 2017-2-19
2017-02-07 18:00:53
key : YA20151207130233
state : 1
log : 20226 / 2017-2-20
2017-02-07 18:00:54
key : YA20151207130233
state : 1
log : 20226 / 2017-2-21
2017-02-07 18:00:55
key : YA20151207130233
state : 1
log : 20226 / 2017-2-22
YA20151207130233 - 2017-02-07 18:01:08
state : 1
log : 24755 / 2017-2-11
2017-02-07 18:01:21
key : YA20151207130233
state : 1
log : 20226 / 2017-2-23
2017-02-07 18:01:22
key : YA20151207130233
state : 1
log : 20226 / 2017-2-24
2017-02-07 18:01:23
key : YA20151207130233
state : 1
log : 20226 / 2017-2-25
2017-02-07 18:02:19
key : YA20151207130233
state : 1
log : 20226 / 2017-2-26
2017-02-07 18:02:20
key : YA20151207130233
state : 1
log : 20226 / 2017-2-27
2017-02-07 18:02:22
key : YA20151207130233
state : 1
log : 20226 / 2017-2-28
YA20151207130233 - 2017-02-07 18:11:17
state : 3
log : 6302 : 등록된 객실 없습니다
YA20151207130233 - 2017-02-07 18:12:29
state : 1
log : 14496 / 2017-2-17
YA20151207130233 - 2017-02-07 18:18:30
state : 3
log : 6304 : 등록된 객실 없습니다
YA20161116113212 - 2017-02-07 18:18:43
state : 1
log : 1701 / 2017-02-09
YA20161116113212 - 2017-02-07 18:19:59
state : 1
log : 43616 / 2017-02-11
YA20161116113212 - 2017-02-07 18:20:02
state : 1
log : 21897 / 2017-02-14
YA20161116113212 - 2017-02-07 18:20:09
state : 1
log : 287 / 2017-02-08
YA20151207130233 - 2017-02-07 18:21:27
state : 1
log : 43737 / 2017-2-12
YA20151207130233 - 2017-02-07 18:29:00
state : 1
log : 3701 / 2017-02-10
YA20151207130233 - 2017-02-07 18:29:45
state : 1
log : 3701 / 2017-02-10
YA20151207130233 - 2017-02-07 18:31:31
state : 1
log : 3701 / 2017-2-10
YA20151207130233 - 2017-02-07 18:38:58
state : 1
log : 17756 / 2017-2-10
YA20151207130233 - 2017-02-07 18:40:02
state : 1
log : 19354 / 2017-2-10
YA20161116113212 - 2017-02-07 18:42:08
state : 1
log : 14451 / 2017-02-11
YA20161116113212 - 2017-02-07 18:49:29
state : 1
log : 27988 / 2017-02-07
YA20161116113212 - 2017-02-07 18:53:05
state : 1
log : 22659 / 2017-02-15
YA20161116113212 - 2017-02-07 18:57:10
state : 1
log : 41084 / 2017-02-08
YA20151207130233 - 2017-02-07 18:59:07
state : 1
log : 21752 / 2017-2-7
YA20151207130233 - 2017-02-07 19:12:12
state : 3
log : 6302 : 등록된 객실 없습니다
YA20161116113212 - 2017-02-07 19:17:58
state : 1
log : 2337 / 2017-02-11
2017-02-07 19:19:24
key : YA20151207130233
state : 1
log : 29443 / 2017-2-11
2017-02-07 19:21:29
key : YA20151207130233
state : 1
log : 29442 / 2017-3-4
2017-02-07 19:21:30
key : YA20151207130233
state : 1
log : 29443 / 2017-3-4
2017-02-07 19:21:32
key : YA20151207130233
state : 1
log : 29444 / 2017-3-4
2017-02-07 19:21:33
key : YA20151207130233
state : 1
log : 29445 / 2017-3-4
2017-02-07 19:21:34
key : YA20151207130233
state : 1
log : 29446 / 2017-3-4
2017-02-07 19:21:37
key : YA20151207130233
state : 1
log : 29447 / 2017-3-4
YA20151207130233 - 2017-02-07 19:21:48
state : 1
log : 29442 / 2017-3-11
YA20151207130233 - 2017-02-07 19:21:50
state : 1
log : 29443 / 2017-3-11
YA20151207130233 - 2017-02-07 19:21:51
state : 1
log : 29444 / 2017-3-11
YA20151207130233 - 2017-02-07 19:21:51
state : 2
log : 3516 : 이미 막힌 객실 선택
YA20151207130233 - 2017-02-07 19:21:52
state : 1
log : 29445 / 2017-3-11
YA20151207130233 - 2017-02-07 19:21:53
state : 1
log : 29446 / 2017-3-11
YA20151207130233 - 2017-02-07 19:21:55
state : 1
log : 29447 / 2017-3-11
YA20151207130233 - 2017-02-07 19:22:07
state : 1
log : 29442 / 2017-3-11
YA20151207130233 - 2017-02-07 19:22:08
state : 1
log : 29443 / 2017-3-11
YA20151207130233 - 2017-02-07 19:22:09
state : 1
log : 29444 / 2017-3-11
YA20151207130233 - 2017-02-07 19:22:11
state : 1
log : 29445 / 2017-3-11
YA20151207130233 - 2017-02-07 19:22:12
state : 1
log : 29446 / 2017-3-11
YA20151207130233 - 2017-02-07 19:22:13
state : 1
log : 29447 / 2017-3-11
2017-02-07 19:22:14
key : YA20151207130233
state : 1
log : 29442 / 2017-3-11
2017-02-07 19:22:16
key : YA20151207130233
state : 1
log : 29443 / 2017-3-11
2017-02-07 19:22:17
key : YA20151207130233
state : 1
log : 29444 / 2017-3-11
2017-02-07 19:22:18
key : YA20151207130233
state : 1
log : 29445 / 2017-3-11
2017-02-07 19:22:19
key : YA20151207130233
state : 1
log : 29446 / 2017-3-11
2017-02-07 19:22:21
key : YA20151207130233
state : 1
log : 29447 / 2017-3-11
2017-02-07 19:22:50
key : YA20151207130233
state : 1
log : 29442 / 2017-3-18
2017-02-07 19:22:51
key : YA20151207130233
state : 1
log : 29443 / 2017-3-18
2017-02-07 19:22:52
key : YA20151207130233
state : 1
log : 29444 / 2017-3-18
2017-02-07 19:22:55
key : YA20151207130233
state : 1
log : 29445 / 2017-3-18
2017-02-07 19:22:56
key : YA20151207130233
state : 1
log : 29446 / 2017-3-18
2017-02-07 19:22:58
key : YA20151207130233
state : 1
log : 29447 / 2017-3-18
2017-02-07 19:23:12
key : YA20151207130233
state : 1
log : 29442 / 2017-3-25
2017-02-07 19:23:14
key : YA20151207130233
state : 1
log : 29443 / 2017-3-25
2017-02-07 19:23:15
key : YA20151207130233
state : 1
log : 29444 / 2017-3-25
2017-02-07 19:23:16
key : YA20151207130233
state : 1
log : 29445 / 2017-3-25
2017-02-07 19:23:17
key : YA20151207130233
state : 1
log : 29446 / 2017-3-25
2017-02-07 19:23:19
key : YA20151207130233
state : 1
log : 29447 / 2017-3-25
2017-02-07 19:23:37
key : YA20151207130233
state : 1
log : 29442 / 2017-4-1
2017-02-07 19:23:38
key : YA20151207130233
state : 1
log : 29443 / 2017-4-1
2017-02-07 19:23:40
key : YA20151207130233
state : 1
log : 29444 / 2017-4-1
2017-02-07 19:23:41
key : YA20151207130233
state : 1
log : 29445 / 2017-4-1
2017-02-07 19:23:42
key : YA20151207130233
state : 1
log : 29446 / 2017-4-1
2017-02-07 19:23:44
key : YA20151207130233
state : 1
log : 29447 / 2017-4-1
2017-02-07 19:23:57
key : YA20151207130233
state : 1
log : 29442 / 2017-4-8
2017-02-07 19:23:59
key : YA20151207130233
state : 1
log : 29443 / 2017-4-8
2017-02-07 19:24:01
key : YA20151207130233
state : 1
log : 29444 / 2017-4-8
2017-02-07 19:24:02
key : YA20151207130233
state : 1
log : 29445 / 2017-4-8
2017-02-07 19:24:03
key : YA20151207130233
state : 1
log : 29446 / 2017-4-8
2017-02-07 19:24:04
key : YA20151207130233
state : 1
log : 29447 / 2017-4-8
2017-02-07 19:24:21
key : YA20151207130233
state : 1
log : 29442 / 2017-4-15
2017-02-07 19:24:23
key : YA20151207130233
state : 1
log : 29443 / 2017-4-15
2017-02-07 19:24:24
key : YA20151207130233
state : 1
log : 29444 / 2017-4-15
2017-02-07 19:24:25
key : YA20151207130233
state : 1
log : 29445 / 2017-4-15
2017-02-07 19:24:26
key : YA20151207130233
state : 1
log : 29446 / 2017-4-15
2017-02-07 19:24:28
key : YA20151207130233
state : 1
log : 29447 / 2017-4-15
2017-02-07 19:24:42
key : YA20151207130233
state : 1
log : 29442 / 2017-4-22
2017-02-07 19:24:43
key : YA20151207130233
state : 1
log : 29443 / 2017-4-22
2017-02-07 19:24:44
key : YA20151207130233
state : 1
log : 29444 / 2017-4-22
2017-02-07 19:24:47
key : YA20151207130233
state : 1
log : 29445 / 2017-4-22
2017-02-07 19:24:48
key : YA20151207130233
state : 1
log : 29446 / 2017-4-22
2017-02-07 19:24:49
key : YA20151207130233
state : 1
log : 29447 / 2017-4-22
YA20151207130233 - 2017-02-07 19:24:57
state : 1
log : 24387 / 2017-02-13
2017-02-07 19:25:04
key : YA20151207130233
state : 1
log : 29442 / 2017-4-29
2017-02-07 19:25:07
key : YA20151207130233
state : 1
log : 29443 / 2017-4-29
2017-02-07 19:25:08
key : YA20151207130233
state : 1
log : 29444 / 2017-4-29
2017-02-07 19:25:09
key : YA20151207130233
state : 1
log : 29445 / 2017-4-29
2017-02-07 19:25:10
key : YA20151207130233
state : 1
log : 29446 / 2017-4-29
2017-02-07 19:25:12
key : YA20151207130233
state : 1
log : 29447 / 2017-4-29
2017-02-07 19:25:13
key : YA20151207130233
state : 1
log : 29442 / 2017-4-29
2017-02-07 19:25:14
key : YA20151207130233
state : 1
log : 29443 / 2017-4-29
2017-02-07 19:25:16
key : YA20151207130233
state : 1
log : 29444 / 2017-4-29
2017-02-07 19:25:17
key : YA20151207130233
state : 1
log : 29445 / 2017-4-29
2017-02-07 19:25:20
key : YA20151207130233
state : 1
log : 29446 / 2017-4-29
2017-02-07 19:25:21
key : YA20151207130233
state : 1
log : 29447 / 2017-4-29
2017-02-07 19:25:39
key : YA20151207130233
state : 1
log : 29442 / 2017-5-2
2017-02-07 19:25:40
key : YA20151207130233
state : 1
log : 29443 / 2017-5-2
2017-02-07 19:25:42
key : YA20151207130233
state : 1
log : 29444 / 2017-5-2
2017-02-07 19:25:43
key : YA20151207130233
state : 1
log : 29445 / 2017-5-2
2017-02-07 19:25:45
key : YA20151207130233
state : 1
log : 29446 / 2017-5-2
2017-02-07 19:25:46
key : YA20151207130233
state : 1
log : 29447 / 2017-5-2
2017-02-07 19:26:04
key : YA20151207130233
state : 1
log : 29442 / 2017-5-4
2017-02-07 19:26:05
key : YA20151207130233
state : 1
log : 29443 / 2017-5-4
2017-02-07 19:26:07
key : YA20151207130233
state : 1
log : 29444 / 2017-5-4
2017-02-07 19:26:08
key : YA20151207130233
state : 1
log : 29445 / 2017-5-4
2017-02-07 19:26:09
key : YA20151207130233
state : 1
log : 29446 / 2017-5-4
2017-02-07 19:26:11
key : YA20151207130233
state : 1
log : 29447 / 2017-5-4
2017-02-07 19:26:23
key : YA20151207130233
state : 1
log : 29442 / 2017-5-5
2017-02-07 19:26:24
key : YA20151207130233
state : 1
log : 29443 / 2017-5-5
2017-02-07 19:26:26
key : YA20151207130233
state : 1
log : 29444 / 2017-5-5
2017-02-07 19:26:27
key : YA20151207130233
state : 1
log : 29445 / 2017-5-5
2017-02-07 19:26:28
key : YA20151207130233
state : 1
log : 29446 / 2017-5-5
2017-02-07 19:26:29
key : YA20151207130233
state : 1
log : 29447 / 2017-5-5
2017-02-07 19:26:41
key : YA20151207130233
state : 1
log : 29442 / 2017-5-6
2017-02-07 19:26:43
key : YA20151207130233
state : 1
log : 29443 / 2017-5-6
2017-02-07 19:26:44
key : YA20151207130233
state : 1
log : 29444 / 2017-5-6
2017-02-07 19:26:45
key : YA20151207130233
state : 1
log : 29445 / 2017-5-6
2017-02-07 19:26:46
key : YA20151207130233
state : 1
log : 29446 / 2017-5-6
2017-02-07 19:26:48
key : YA20151207130233
state : 1
log : 29447 / 2017-5-6
2017-02-07 19:27:02
key : YA20151207130233
state : 1
log : 29442 / 2017-5-13
2017-02-07 19:27:04
key : YA20151207130233
state : 1
log : 29443 / 2017-5-13
2017-02-07 19:27:05
key : YA20151207130233
state : 1
log : 29444 / 2017-5-13
2017-02-07 19:27:06
key : YA20151207130233
state : 1
log : 29445 / 2017-5-13
2017-02-07 19:27:08
key : YA20151207130233
state : 1
log : 29446 / 2017-5-13
2017-02-07 19:27:09
key : YA20151207130233
state : 1
log : 29447 / 2017-5-13
2017-02-07 19:27:22
key : YA20151207130233
state : 1
log : 29442 / 2017-5-20
2017-02-07 19:27:23
key : YA20151207130233
state : 1
log : 29443 / 2017-5-20
2017-02-07 19:27:25
key : YA20151207130233
state : 1
log : 29444 / 2017-5-20
2017-02-07 19:27:27
key : YA20151207130233
state : 1
log : 29445 / 2017-5-20
2017-02-07 19:27:29
key : YA20151207130233
state : 1
log : 29446 / 2017-5-20
2017-02-07 19:27:30
key : YA20151207130233
state : 1
log : 29447 / 2017-5-20
2017-02-07 19:27:45
key : YA20151207130233
state : 1
log : 29442 / 2017-5-27
2017-02-07 19:27:46
key : YA20151207130233
state : 1
log : 29443 / 2017-5-27
2017-02-07 19:27:47
key : YA20151207130233
state : 1
log : 29444 / 2017-5-27
2017-02-07 19:27:50
key : YA20151207130233
state : 1
log : 29445 / 2017-5-27
2017-02-07 19:27:51
key : YA20151207130233
state : 1
log : 29446 / 2017-5-27
2017-02-07 19:27:52
key : YA20151207130233
state : 1
log : 29447 / 2017-5-27
YA20161116113212 - 2017-02-07 19:31:30
state : 1
log : 40896 / 2017-02-14
YA20161116113212 - 2017-02-07 19:31:45
state : 1
log : 17253 / 2017-02-07
YA20151207130233 - 2017-02-07 19:32:31
state : 1
log : 23582 / 2017-2-11
YA20151207130233 - 2017-02-07 19:33:05
state : 1
log : 24387 / 2017-2-13
YA20151207130233 - 2017-02-07 19:33:17
state : 1
log : 34021 / 2017-2-11
YA20151207130233 - 2017-02-07 19:33:18
state : 1
log : 34022 / 2017-2-11
YA20151207130233 - 2017-02-07 19:33:20
state : 1
log : 34023 / 2017-2-11
YA20151207130233 - 2017-02-07 19:33:47
state : 1
log : 14492 / 2017-2-24
YA20151207130233 - 2017-02-07 19:33:49
state : 1
log : 14492 / 2017-2-24
YA20151207130233 - 2017-02-07 19:33:50
state : 1
log : 14492 / 2017-2-24
YA20151207130233 - 2017-02-07 19:33:52
state : 1
log : 14492 / 2017-2-24
YA20151207130233 - 2017-02-07 19:47:53
state : 1
log : 14498 / 2017-2-10
YA20151207130233 - 2017-02-07 19:47:55
state : 1
log : 14498 / 2017-2-10
YA20151207130233 - 2017-02-07 19:47:56
state : 1
log : 14498 / 2017-2-10
YA20151207130233 - 2017-02-07 19:53:35
state : 2
log : 4359 : 이미 막힌 객실 선택
YA20151207130233 - 2017-02-07 19:53:37
state : 2
log : 4357 : 이미 막힌 객실 선택
YA20161116113212 - 2017-02-07 19:56:15
state : 1
log : 16257 / 2017-02-08
YA20161116113212 - 2017-02-07 19:58:02
state : 1
log : 21806 / 2017-02-13
YA20151207130233 - 2017-02-07 19:58:26
state : 1
log : 14492 / 2017-2-8
YA20151207130233 - 2017-02-07 20:34:03
state : 1
log : 21815 / 2017-2-8
YA20161116113212 - 2017-02-07 20:36:30
state : 1
log : 21142 / 2017-02-09
YA20151207130233 - 2017-02-07 20:38:58
state : 1
log : 13037 / 2017-2-17
YA20151207130233 - 2017-02-07 20:40:29
state : 1
log : 11453 / 2017-2-18
YA20151207130233 - 2017-02-07 20:41:02
state : 1
log : 19894 / 2017-02-08
YA20151207130233 - 2017-02-07 20:47:26
state : 1
log : 16640 / 2017-02-18
YA20161116113212 - 2017-02-07 20:59:06
state : 1
log : 36883 / 2017-02-12
YA20151207130233 - 2017-02-07 21:04:37
state : 1
log : 21579 / 2017-2-20
YA20151207130233 - 2017-02-07 21:04:38
state : 1
log : 21577 / 2017-2-20
YA20161116113212 - 2017-02-07 21:05:41
state : 1
log : 34744 / 2017-02-12
YA20161116113212 - 2017-02-07 21:06:45
state : 1
log : 22552 / 2017-02-15
22552 / 2017-02-16
YA20151207130233 - 2017-02-07 21:07:11
state : 1
log : 21580 / 2017-2-19
YA20151207130233 - 2017-02-07 21:09:06
state : 1
log : 21577 / 2017-2-19
YA20151207130233 - 2017-02-07 21:09:10
state : 1
log : 21819 / 2017-2-14
YA20151207130233 - 2017-02-07 21:09:12
state : 1
log : 21820 / 2017-2-14
YA20151207130233 - 2017-02-07 21:09:20
state : 1
log : 21580 / 2017-2-12
YA20151207130233 - 2017-02-07 21:09:45
state : 1
log : 21580 / 2017-2-9
YA20151207130233 - 2017-02-07 21:09:56
state : 1
log : 21578 / 2017-2-13
YA20161116113212 - 2017-02-07 21:14:58
state : 1
log : 29388 / 2017-02-09
YA20161116113212 - 2017-02-07 21:18:54
state : 1
log : 28208 / 2017-02-11
YA20151207130233 - 2017-02-07 21:23:46
state : 1
log : 3345 / 2017-02-10
YA20151207130233 - 2017-02-07 21:25:44
state : 1
log : 3344 / 2017-02-10
YA20151207130233 - 2017-02-07 21:34:53
state : 1
log : 9724 / 2017-02-15
YA20151207130233 - 2017-02-07 21:36:38
state : 1
log : 21815 / 2017-2-18
YA20151207130233 - 2017-02-07 21:44:21
state : 1
log : 23580 / 2017-2-12
YA20151207130233 - 2017-02-07 21:44:55
state : 1
log : 24092 / 2017-02-27
YA20151207130233 - 2017-02-07 21:46:26
state : 1
log : 24083 / 2017-2-10
YA20161116113212 - 2017-02-07 22:05:23
state : 1
log : 11753 / 2017-02-13
YA20151207130233 - 2017-02-07 22:12:37
state : 1
log : 43771 / 2017-2-25
2017-02-07 22:13:01
key : YA20151207130233
state : 1
log : 35133 / 2017-02-25
YA20161116113212 - 2017-02-07 22:16:49
state : 1
log : 42519 / 2017-02-11
2017-02-07 22:16:55
key : YA20151207130233
state : 1
log : 35133 / 2017-02-25
YA20151207130233 - 2017-02-07 22:17:05
state : 3
log :  : 등록된 객실 없습니다
YA20151207130233 - 2017-02-07 22:17:19
state : 3
log :  : 등록된 객실 없습니다
YA20151207130233 - 2017-02-07 22:23:04
state : 1
log : 39856 / 2017-02-22
YA20161116113212 - 2017-02-07 22:24:33
state : 1
log : 45867 / 2017-02-23
YA20151207130233 - 2017-02-07 22:25:13
state : 1
log : 39855 / 2017-02-22
YA20161116113212 - 2017-02-07 22:25:15
state : 1
log : 45046 / 2017-02-11
YA20151207130233 - 2017-02-07 22:28:00
state : 1
log : 24772 / 2017-2-7
YA20151207130233 - 2017-02-07 22:28:01
state : 1
log : 24779 / 2017-2-7
YA20161116113212 - 2017-02-07 22:32:25
state : 1
log : 17169 / 2017-02-10
YA20161116113212 - 2017-02-07 22:35:22
state : 1
log : 33474 / 2017-02-19
YA20161116113212 - 2017-02-07 22:40:58
state : 1
log : 7552 / 2017-02-19
YA20151207130233 - 2017-02-07 22:47:28
state : 1
log : 21786 / 2017-2-11
YA20151207130233 - 2017-02-07 22:47:45
state : 1
log : 21790 / 2017-2-11
YA20161116113212 - 2017-02-07 22:48:51
state : 1
log : 33931 / 2017-02-11
YA20151207130233 - 2017-02-07 23:09:13
state : 1
log : 29442 / 2017-2-10
YA20151207130233 - 2017-02-07 23:09:14
state : 1
log : 29445 / 2017-2-10
YA20151207130233 - 2017-02-07 23:09:51
state : 1
log : 29442 / 2017-2-10
YA20151207130233 - 2017-02-07 23:09:53
state : 1
log : 29445 / 2017-2-10
YA20151207130233 - 2017-02-07 23:09:54
state : 1
log : 29444 / 2017-2-18
YA20151207130233 - 2017-02-07 23:09:56
state : 2
log : 5946 : 이미 막힌 객실 선택
YA20151207130233 - 2017-02-07 23:14:34
state : 2
log : 5947 : 이미 막힌 객실 선택
YA20151207130233 - 2017-02-07 23:18:13
state : 1
log : 14494 / 2017-02-08
YA20161116113212 - 2017-02-07 23:18:42
state : 1
log : 33474 / 2017-02-19
YA20151207130233 - 2017-02-07 23:22:43
state : 1
log : 23580 / 2017-02-10
YA20151207130233 - 2017-02-07 23:37:24
state : 1
log : 21835 / 2017-02-11
YA20161116113212 - 2017-02-07 23:44:29
state : 1
log : 42750 / 2017-02-08
42750 / 2017-02-09
YA20151207130233 - 2017-02-07 23:52:28
state : 1
log : 23583 / 2017-02-11
YA20151207130233 - 2017-02-07 23:53:26
state : 1
log : 43983 / 2017-2-18
YA20151207130233 - 2017-02-07 23:55:50
state : 1
log : 29444 / 2017-02-10
YA20151207130233 - 2017-02-07 23:58:14
state : 1
log : 21581 / 2017-02-19
