YA20151207130233 - 2017-02-14 00:04:47
state : 1
log : 24388 / 2017-02-16
YA20151207130233 - 2017-02-14 00:10:37
state : 1
log : 21821 / 2017-02-16
YA20161116113212 - 2017-02-14 01:10:12
state : 1
log : 48116 / 2017-02-15
YA20151207130233 - 2017-02-14 01:11:18
state : 1
log : 20713 / 2017-02-26
YA20151207130233 - 2017-02-14 01:22:59
state : 1
log : 3701 / 2017-02-17
YA20161116113212 - 2017-02-14 01:27:36
state : 1
log : 40790 / 2017-02-17
YA20161116113212 - 2017-02-14 01:28:24
state : 1
log : 35750 / 2017-02-17
YA20151207130233 - 2017-02-14 01:29:22
state : 1
log : 21814 / 2017-02-19
YA20161116113212 - 2017-02-14 01:40:42
state : 1
log : 28224 / 2017-02-16
YA20151207130233 - 2017-02-14 01:45:09
state : 1
log : 21784 / 2017-2-18
YA20161116113212 - 2017-02-14 01:52:31
state : 1
log : 16762 / 2017-02-20
YA20161116113212 - 2017-02-14 02:23:58
state : 1
log : 40893 / 2017-02-14
YA20151207130233 - 2017-02-14 03:10:58
state : 1
log : 24718 / 2017-02-15
YA20161116113212 - 2017-02-14 03:18:05
state : 1
log : 22604 / 2017-02-22
YA20151207130233 - 2017-02-14 03:29:24
state : 3
log : 6304 : 등록된 객실 없습니다
2017-02-14 04:45:18
key : YA20151207130233
state : 1
log : 29443 / 2017-02-14
2017-02-14 04:48:58
key : YA20151207130233
state : 1
log : 29443 / 2017-02-14
2017-02-14 04:52:42
key : YA20151207130233
state : 1
log : 29443 / 2017-02-14
2017-02-14 06:43:39
key : YA20151207130233
state : 1
log : 22721 / 2017-2-16
2017-02-14 06:43:41
key : YA20151207130233
state : 1
log : 22709 / 2017-2-16
YA20151207130233 - 2017-02-14 06:54:47
state : 3
log : 6303 : 등록된 객실 없습니다
YA20151207130233 - 2017-02-14 06:54:48
state : 1
log : 20706 / 2017-2-14
YA20151207130233 - 2017-02-14 07:40:57
state : 1
log : 21578 / 2017-2-14
YA20151207130233 - 2017-02-14 07:47:50
state : 1
log : 3701 / 2017-2-17
YA20151207130233 - 2017-02-14 08:32:47
state : 1
log : 16640 / 2017-2-14
YA20161116113212 - 2017-02-14 08:37:54
state : 1
log : 22201 / 2017-02-17
YA20151207130233 - 2017-02-14 08:43:00
state : 1
log : 21723 / 2017-2-19
YA20151207130233 - 2017-02-14 08:43:02
state : 1
log : 21736 / 2017-2-19
YA20151207130233 - 2017-02-14 08:43:03
state : 1
log : 21738 / 2017-2-20
YA20151207130233 - 2017-02-14 08:43:04
state : 1
log : 21739 / 2017-2-20
YA20151207130233 - 2017-02-14 08:43:06
state : 1
log : 21737 / 2017-2-20
YA20151207130233 - 2017-02-14 08:43:07
state : 1
log : 21720 / 2017-2-21
YA20151207130233 - 2017-02-14 08:43:08
state : 1
log : 21723 / 2017-2-21
YA20151207130233 - 2017-02-14 08:43:09
state : 1
log : 21721 / 2017-2-24
YA20151207130233 - 2017-02-14 08:43:11
state : 1
log : 21723 / 2017-2-25
YA20151207130233 - 2017-02-14 08:43:12
state : 1
log : 21736 / 2017-2-25
YA20151207130233 - 2017-02-14 08:43:13
state : 1
log : 21738 / 2017-2-25
YA20151207130233 - 2017-02-14 08:43:14
state : 1
log : 21739 / 2017-2-25
YA20151207130233 - 2017-02-14 08:49:31
state : 1
log : 12528 / 2017-5-4
YA20151207130233 - 2017-02-14 08:53:58
state : 3
log : 6297 : 등록된 객실 없습니다
YA20151207130233 - 2017-02-14 08:54:12
state : 3
log : 6297 : 등록된 객실 없습니다
YA20151207130233 - 2017-02-14 08:54:49
state : 3
log : 6297 : 등록된 객실 없습니다
YA20151207130233 - 2017-02-14 08:56:33
state : 1
log : 20712 / 2017-2-19
YA20151207130233 - 2017-02-14 09:01:27
state : 3
log : 6303 : 등록된 객실 없습니다
YA20151207130233 - 2017-02-14 09:05:27
state : 1
log : 41987 / 2017-02-25
YA20151207130233 - 2017-02-14 09:05:29
state : 1
log : 41971 / 2017-02-25
YA20151207130233 - 2017-02-14 09:17:36
state : 1
log : 3702 / 2017-02-14
YA20151207130233 - 2017-02-14 09:17:38
state : 1
log : 3702 / 2017-02-15
YA20151207130233 - 2017-02-14 09:19:01
state : 1
log : 9726 / 2017-2-21
YA20151207130233 - 2017-02-14 09:20:22
state : 3
log : 6304 : 등록된 객실 없습니다
2017-02-14 09:20:45
key : YA20151207130233
state : 1
log : 22719 / 2017-2-18
2017-02-14 09:20:48
key : YA20151207130233
state : 1
log : 22716 / 2017-2-18
YA20151207130233 - 2017-02-14 09:21:18
state : 1
log : 22719 / 2017-2-18
YA20151207130233 - 2017-02-14 09:21:20
state : 1
log : 22716 / 2017-2-18
YA20151207130233 - 2017-02-14 09:23:14
state : 1
log : 48305 / 2017-3-4
YA20151207130233 - 2017-02-14 09:36:24
state : 1
log : 35127 / 2017-03-11
YA20151207130233 - 2017-02-14 09:37:26
state : 1
log : 3702 / 2017-2-14
YA20151207130233 - 2017-02-14 09:37:27
state : 2
log : 5243 : 이미 막힌 객실 선택
YA20151207130233 - 2017-02-14 09:37:28
state : 1
log : 3702 / 2017-2-14
YA20151207130233 - 2017-02-14 09:37:29
state : 2
log : 5243 : 이미 막힌 객실 선택
YA20151207130233 - 2017-02-14 09:41:20
state : 1
log : 34060 / 2017-2-20
YA20151207130233 - 2017-02-14 09:42:25
state : 3
log : 5823 : 등록된 객실 없습니다
YA20151207130233 - 2017-02-14 09:46:34
state : 1
log : 24767 / 2017-2-17
YA20151207130233 - 2017-02-14 09:47:35
state : 1
log : 21578 / 2017-2-22
YA20151207130233 - 2017-02-14 09:51:16
state : 1
log : 20710 / 2017-2-16
2017-02-14 09:52:17
key : YA20151207130233
state : 1
log : 20710 / 2017-2-16
YA20151207130233 - 2017-02-14 09:52:27
state : 1
log : 20708 / 2017-2-15
YA20151207130233 - 2017-02-14 09:55:20
state : 1
log : 34021 / 2017-02-18
YA20151207130233 - 2017-02-14 09:58:54
state : 1
log : 6400 / 2017-02-24
YA20151207130233 - 2017-02-14 09:58:55
state : 2
log : 5238 : 이미 막힌 객실 선택
YA20151207130233 - 2017-02-14 10:05:30
state : 1
log : 21577 / 2017-2-16
YA20151207130233 - 2017-02-14 10:07:37
state : 1
log : 22275 / 2017-3-4
2017-02-14 10:07:51
key : YA20151207130233
state : 1
log : 22275 / 2017-3-24
YA20151207130233 - 2017-02-14 10:11:46
state : 1
log : 19894 / 2017-02-14
YA20151207130233 - 2017-02-14 10:12:40
state : 2
log : 5244 : 이미 막힌 객실 선택
YA20151207130233 - 2017-02-14 10:13:14
state : 2
log : 5244 : 이미 막힌 객실 선택
YA20161116113212 - 2017-02-14 10:17:00
state : 1
log : 4050 / 2017-02-19
YA20170210145636 - 2017-02-14 10:19:05
state : 7
log : 397 : 해당 객실 예약 존재
YA20170210145636 - 2017-02-14 10:19:05
state : 7
log : 397 : 해당 객실 예약 존재
YA20170210145636 - 2017-02-14 10:19:06
state : 7
log : 397 : 해당 객실 예약 존재
YA20170210145636 - 2017-02-14 10:19:06
state : 2
log : 8661 : 이미 막힌 객실 선택
YA20170210145636 - 2017-02-14 10:19:07
state : 2
log : 8661 : 이미 막힌 객실 선택
YA20170210145636 - 2017-02-14 10:19:12
state : 1
log : 38612 / 2017-02-20
YA20170210145636 - 2017-02-14 10:19:18
state : 1
log : 7072 / 2017-02-16
2017-02-14 10:19:19
key : YA20170210145636
state : 1
log : 7072 / 2017-03-11
YA20170210145636 - 2017-02-14 10:19:19
state : 7
log : 37258 : 해당 객실 예약 존재
YA20170210145636 - 2017-02-14 10:19:20
state : 7
log : 1473 : 해당 객실 예약 존재
YA20170210145636 - 2017-02-14 10:19:20
state : 7
log : 397 : 해당 객실 예약 존재
YA20170210145636 - 2017-02-14 10:19:21
state : 7
log : 397 : 해당 객실 예약 존재
YA20170210145636 - 2017-02-14 10:19:21
state : 7
log : 397 : 해당 객실 예약 존재
YA20170210145636 - 2017-02-14 10:19:21
state : 7
log : 8661 : 해당 객실 예약 존재
YA20170210145636 - 2017-02-14 10:19:22
state : 7
log : 8661 : 해당 객실 예약 존재
YA20170210145636 - 2017-02-14 10:19:22
state : 7
log : 8661 : 해당 객실 예약 존재
YA20170210145636 - 2017-02-14 10:19:23
state : 7
log : 8661 : 해당 객실 예약 존재
YA20170210145636 - 2017-02-14 10:19:23
state : 7
log : 8661 : 해당 객실 예약 존재
YA20170210145636 - 2017-02-14 10:19:34
state : 1
log : 3455 / 2017-02-17
YA20170210145636 - 2017-02-14 10:19:35
state : 1
log : 3457 / 2017-02-17
YA20170210145636 - 2017-02-14 10:19:35
state : 2
log : 13499 : 이미 막힌 객실 선택
YA20170210145636 - 2017-02-14 10:19:36
state : 1
log : 3458 / 2017-02-25
YA20151207130233 - 2017-02-14 10:28:23
state : 1
log : 29443 / 2017-2-14
YA20151207130233 - 2017-02-14 10:30:08
state : 1
log : 21816 / 2017-02-15
YA20151207130233 - 2017-02-14 10:34:06
state : 1
log : 21817 / 2017-02-27
YA20151207130233 - 2017-02-14 10:35:28
state : 1
log : 6400 / 2017-2-24
YA20151207130233 - 2017-02-14 10:35:29
state : 2
log : 5238 : 이미 막힌 객실 선택
YA20170210145636 - 2017-02-14 10:39:02
state : 7
log : 397 : 해당 객실 예약 존재
YA20170210145636 - 2017-02-14 10:39:02
state : 7
log : 397 : 해당 객실 예약 존재
YA20170210145636 - 2017-02-14 10:39:02
state : 7
log : 397 : 해당 객실 예약 존재
YA20170210145636 - 2017-02-14 10:39:03
state : 2
log : 8661 : 이미 막힌 객실 선택
YA20170210145636 - 2017-02-14 10:39:03
state : 2
log : 8661 : 이미 막힌 객실 선택
YA20170210145636 - 2017-02-14 10:39:04
state : 7
log : 37258 : 해당 객실 예약 존재
YA20170210145636 - 2017-02-14 10:39:04
state : 7
log : 1473 : 해당 객실 예약 존재
YA20170210145636 - 2017-02-14 10:39:05
state : 7
log : 397 : 해당 객실 예약 존재
YA20170210145636 - 2017-02-14 10:39:05
state : 7
log : 397 : 해당 객실 예약 존재
YA20170210145636 - 2017-02-14 10:39:05
state : 7
log : 397 : 해당 객실 예약 존재
YA20170210145636 - 2017-02-14 10:39:06
state : 7
log : 8661 : 해당 객실 예약 존재
YA20170210145636 - 2017-02-14 10:39:06
state : 7
log : 8661 : 해당 객실 예약 존재
YA20170210145636 - 2017-02-14 10:39:07
state : 7
log : 8661 : 해당 객실 예약 존재
YA20170210145636 - 2017-02-14 10:39:07
state : 7
log : 8661 : 해당 객실 예약 존재
YA20170210145636 - 2017-02-14 10:39:08
state : 7
log : 8661 : 해당 객실 예약 존재
YA20170210145636 - 2017-02-14 10:40:59
state : 2
log : 13499 : 이미 막힌 객실 선택
YA20161116113212 - 2017-02-14 10:45:16
state : 1
log : 23491 / 2017-02-18
YA20170210145636 - 2017-02-14 10:46:36
state : 2
log : 13499 : 이미 막힌 객실 선택
YA20170210145636 - 2017-02-14 10:47:01
state : 2
log : 13499 : 이미 막힌 객실 선택
YA20170210145636 - 2017-02-14 10:48:17
state : 2
log : 13499 : 이미 막힌 객실 선택
YA20170210145636 - 2017-02-14 10:48:43
state : 1
log : 3457 / 2017-02-25
YA20170210145636 - 2017-02-14 10:48:50
state : 1
log : 3457 / 2017-02-25
YA20170210145636 - 2017-02-14 10:48:58
state : 1
log : 3457 / 2017-02-25
YA20151207130233 - 2017-02-14 10:49:07
state : 1
log : 21814 / 2017-03-26
YA20170210145636 - 2017-02-14 10:49:15
state : 1
log : 3457 / 2017-02-25
YA20170210145636 - 2017-02-14 10:49:27
state : 1
log : 3457 / 2017-02-25
YA20170210145636 - 2017-02-14 10:49:36
state : 2
log : 13499 : 이미 막힌 객실 선택
YA20170210145636 - 2017-02-14 10:49:53
state : 2
log : 13499 : 이미 막힌 객실 선택
YA20170210145636 - 2017-02-14 10:50:38
state : 2
log : 13499 : 이미 막힌 객실 선택
YA20170210145636 - 2017-02-14 10:50:43
state : 2
log : 13499 : 이미 막힌 객실 선택
YA20151207130233 - 2017-02-14 10:55:14
state : 1
log : 9727 / 2017-2-14
YA20170210145636 - 2017-02-14 10:58:36
state : 7
log : 397 : 해당 객실 예약 존재
YA20170210145636 - 2017-02-14 10:58:37
state : 7
log : 397 : 해당 객실 예약 존재
YA20170210145636 - 2017-02-14 10:58:37
state : 7
log : 397 : 해당 객실 예약 존재
YA20170210145636 - 2017-02-14 10:58:46
state : 1
log : 38612 / 2017-02-14
YA20170210145636 - 2017-02-14 10:58:46
state : 1
log : 38612 / 2017-02-15
YA20170210145636 - 2017-02-14 10:58:47
state : 7
log : 37258 : 해당 객실 예약 존재
YA20170210145636 - 2017-02-14 10:58:47
state : 7
log : 1473 : 해당 객실 예약 존재
YA20170210145636 - 2017-02-14 10:58:48
state : 7
log : 397 : 해당 객실 예약 존재
YA20170210145636 - 2017-02-14 10:58:48
state : 7
log : 397 : 해당 객실 예약 존재
YA20170210145636 - 2017-02-14 10:58:48
state : 7
log : 397 : 해당 객실 예약 존재
YA20170210145636 - 2017-02-14 10:58:49
state : 7
log : 8661 : 해당 객실 예약 존재
YA20170210145636 - 2017-02-14 10:58:49
state : 7
log : 8661 : 해당 객실 예약 존재
YA20170210145636 - 2017-02-14 10:58:50
state : 7
log : 8661 : 해당 객실 예약 존재
YA20170210145636 - 2017-02-14 10:58:50
state : 7
log : 8661 : 해당 객실 예약 존재
YA20170210145636 - 2017-02-14 10:58:51
state : 7
log : 8661 : 해당 객실 예약 존재
YA20170210145636 - 2017-02-14 10:59:39
state : 1
log : 15765 / 2017-02-16
YA20170210145636 - 2017-02-14 10:59:40
state : 1
log : 15765 / 2017-02-26
YA20170210145636 - 2017-02-14 10:59:40
state : 1
log : 15765 / 2017-02-28
YA20170210145636 - 2017-02-14 10:59:41
state : 1
log : 15769 / 2017-02-19
YA20170210145636 - 2017-02-14 10:59:42
state : 1
log : 15767 / 2017-02-16
YA20170210145636 - 2017-02-14 10:59:42
state : 1
log : 15767 / 2017-02-23
2017-02-14 10:59:43
key : YA20170210145636
state : 1
log : 15767 / 2017-02-25
YA20161116113212 - 2017-02-14 11:00:33
state : 1
log : 25792 / 2017-03-11
YA20151207130233 - 2017-02-14 11:02:21
state : 1
log : 22728 / 2017-02-17
YA20151207130233 - 2017-02-14 11:02:22
state : 1
log : 22735 / 2017-02-17
YA20161116113212 - 2017-02-14 11:05:13
state : 1
log : 23196 / 2017-02-22
YA20151207130233 - 2017-02-14 11:05:50
state : 1
log : 24387 / 2017-02-15
YA20170210145636 - 2017-02-14 11:09:10
state : 7
log : 397 : 해당 객실 예약 존재
YA20170210145636 - 2017-02-14 11:09:10
state : 7
log : 397 : 해당 객실 예약 존재
YA20170210145636 - 2017-02-14 11:09:11
state : 7
log : 397 : 해당 객실 예약 존재
YA20170210145636 - 2017-02-14 11:09:11
state : 7
log : 37258 : 해당 객실 예약 존재
YA20170210145636 - 2017-02-14 11:09:12
state : 7
log : 1473 : 해당 객실 예약 존재
YA20170210145636 - 2017-02-14 11:09:12
state : 7
log : 397 : 해당 객실 예약 존재
YA20170210145636 - 2017-02-14 11:09:13
state : 7
log : 397 : 해당 객실 예약 존재
YA20170210145636 - 2017-02-14 11:09:13
state : 7
log : 397 : 해당 객실 예약 존재
YA20170210145636 - 2017-02-14 11:09:13
state : 7
log : 8661 : 해당 객실 예약 존재
YA20170210145636 - 2017-02-14 11:09:14
state : 7
log : 8661 : 해당 객실 예약 존재
YA20170210145636 - 2017-02-14 11:09:14
state : 7
log : 8661 : 해당 객실 예약 존재
YA20170210145636 - 2017-02-14 11:09:15
state : 7
log : 8661 : 해당 객실 예약 존재
YA20170210145636 - 2017-02-14 11:09:15
state : 7
log : 8661 : 해당 객실 예약 존재
YA20170210145636 - 2017-02-14 11:09:47
state : 1
log : 2533 / 2017-02-18
YA20170210145636 - 2017-02-14 11:09:47
state : 1
log : 2534 / 2017-02-19
YA20170210145636 - 2017-02-14 11:09:48
state : 1
log : 2540 / 2017-02-18
YA20170210145636 - 2017-02-14 11:09:48
state : 1
log : 2540 / 2017-03-25
2017-02-14 11:12:27
key : YA20151207130233
state : 1
log : 23581 / 2017-02-14
YA20151207130233 - 2017-02-14 11:13:19
state : 3
log :  : 등록된 객실 없습니다
YA20161116113212 - 2017-02-14 11:19:00
state : 1
log : 24386 / 2017-02-25
YA20151207130233 - 2017-02-14 11:26:40
state : 2
log : 4256 | 2017-2-15: 이미 막힌 객실 선택
YA20151207130233 - 2017-02-14 11:32:18
state : 1
log : 17753 / 2017-2-18
YA20151207130233 - 2017-02-14 11:35:07
state : 1
log : 21817 / 2017-02-21
YA20151207130233 - 2017-02-14 11:42:23
state : 2
log : 5841 | 2017-2-14: 이미 막힌 객실 선택
YA20151207130233 - 2017-02-14 12:09:00
state : 2
log : 5615 | 2017-02-15: 이미 막힌 객실 선택
YA20151207130233 - 2017-02-14 12:11:20
state : 1
log : 21747 / 2017-2-14
YA20151207130233 - 2017-02-14 12:11:22
state : 1
log : 21746 / 2017-2-14
YA20151207130233 - 2017-02-14 12:11:27
state : 1
log : 9726 / 2017-02-15
2017-02-14 12:19:42
key : YA20151207130233
state : 1
log : 24385 / 2017-2-15
YA20151207130233 - 2017-02-14 12:20:00
state : 1
log : 24386 / 2017-2-15
YA20151207130233 - 2017-02-14 12:20:03
state : 1
log : 24386 / 2017-2-16
YA20161116113212 - 2017-02-14 12:22:32
state : 1
log : 25283 / 2017-02-15
25283 / 2017-02-16
YA20161116113212 - 2017-02-14 12:24:21
state : 1
log : 25281 / 2017-02-15
25281 / 2017-02-16
YA20151207130233 - 2017-02-14 12:25:32
state : 1
log : 21579 / 2017-2-22
2017-02-14 12:28:50
key : YA20151207130233
state : 1
log : 24384 / 2017-2-25
2017-02-14 12:28:51
key : YA20151207130233
state : 1
log : 24385 / 2017-2-25
YA20151207130233 - 2017-02-14 12:33:29
state : 3
log : 5823 | 2017-4-29: 등록된 객실 없습니다
YA20151207130233 - 2017-02-14 12:35:42
state : 1
log : 24092 / 2017-02-17
YA20151207130233 - 2017-02-14 12:35:45
state : 1
log : 24092 / 2017-02-18
YA20151207130233 - 2017-02-14 12:37:06
state : 2
log : 4326 | 2017-02-17: 이미 막힌 객실 선택
YA20151207130233 - 2017-02-14 12:37:07
state : 2
log : 4326 | 2017-02-18: 이미 막힌 객실 선택
YA20161116113212 - 2017-02-14 12:39:25
state : 1
log : 39677 / 2017-02-15
YA20151207130233 - 2017-02-14 12:43:15
state : 1
log : 9723 / 2017-2-14
YA20161116113212 - 2017-02-14 12:45:39
state : 1
log : 17169 / 2017-02-25
YA20151207130233 - 2017-02-14 12:46:18
state : 2
log : 4326 | 2017-2-17: 이미 막힌 객실 선택
YA20151207130233 - 2017-02-14 12:46:19
state : 2
log : 4327 | 2017-2-18: 이미 막힌 객실 선택
YA20151207130233 - 2017-02-14 12:46:20
state : 2
log : 4326 | 2017-2-18: 이미 막힌 객실 선택
YA20161116113212 - 2017-02-14 12:46:33
state : 1
log : 20282 / 2017-02-17
YA20151207130233 - 2017-02-14 12:48:45
state : 1
log : 1491 / 2017-5-12
YA20151207130233 - 2017-02-14 12:48:51
state : 1
log : 1491 / 2017-5-13
YA20151207130233 - 2017-02-14 12:49:26
state : 1
log : 3700 / 2017-02-25
YA20151207130233 - 2017-02-14 12:51:14
state : 2
log : 5247 | 2017-2-25: 이미 막힌 객실 선택
YA20161116113212 - 2017-02-14 12:51:35
state : 1
log : 34095 / 2017-02-14
YA20151207130233 - 2017-02-14 12:57:38
state : 1
log : 46151 / 2017-02-23
YA20151207130233 - 2017-02-14 13:04:39
state : 2
log : 6190 | 2017-3-11: 이미 막힌 객실 선택
YA20161116113212 - 2017-02-14 13:08:38
state : 1
log : 17311 / 2017-02-18
YA20151207130233 - 2017-02-14 13:10:39
state : 3
log : 6064 : 등록된 객실 없습니다
YA20151207130233 - 2017-02-14 13:13:37
state : 1
log : 21837 / 2017-02-17
YA20151207130233 - 2017-02-14 13:15:38
state : 1
log : 21579 / 2017-2-15
YA20151207130233 - 2017-02-14 13:21:08
state : 1
log : 24710 / 2017-2-17
YA20161116113212 - 2017-02-14 13:24:24
state : 1
log : 4470 / 2017-02-14
YA20151207130233 - 2017-02-14 13:29:54
state : 1
log : 21578 / 2017-2-27
YA20151207130233 - 2017-02-14 13:39:27
state : 1
log : 24779 / 2017-2-17
YA20151207130233 - 2017-02-14 13:39:49
state : 1
log : 20709 / 2017-02-19
YA20151207130233 - 2017-02-14 13:41:31
state : 2
log : 5575 | 2017-2-18: 이미 막힌 객실 선택
2017-02-14 13:42:00
key : YA20151207130233
state : 1
log : 16493 / 2017-2-18
YA20151207130233 - 2017-02-14 13:42:14
state : 2
log : 5611 | 2017-2-19: 이미 막힌 객실 선택
YA20151207130233 - 2017-02-14 13:42:48
state : 2
log : 5610 | 2017-2-19: 이미 막힌 객실 선택
YA20151207130233 - 2017-02-14 13:45:28
state : 2
log : 3538 | 2017-02-17: 이미 막힌 객실 선택
YA20151207130233 - 2017-02-14 14:09:05
state : 1
log : 9724 / 2017-2-19
YA20151207130233 - 2017-02-14 14:09:57
state : 1
log : 18176 / 2017-02-25
YA20161116113212 - 2017-02-14 14:14:17
state : 1
log : 17316 / 2017-02-19
YA20151207130233 - 2017-02-14 14:14:44
state : 1
log : 3696 / 2017-02-18
YA20151207130233 - 2017-02-14 14:16:09
state : 2
log : 5243 | 2017-2-18: 이미 막힌 객실 선택
YA20151207130233 - 2017-02-14 14:17:08
state : 1
log : 43773 / 2017-02-19
YA20151207130233 - 2017-02-14 14:17:11
state : 1
log : 24091 / 2017-2-25
2017-02-14 14:18:57
key : YA20151207130233
state : 1
log : 3696 / 2017-2-18
YA20151207130233 - 2017-02-14 14:20:28
state : 1
log : 3696 / 2017-02-18
YA20151207130233 - 2017-02-14 14:24:02
state : 1
log : 19892 / 2017-02-14
YA20151207130233 - 2017-02-14 14:24:04
state : 1
log : 19892 / 2017-02-15
YA20151207130233 - 2017-02-14 14:24:26
state : 1
log : 21746 / 2017-2-19
YA20161116113212 - 2017-02-14 14:27:27
state : 1
log : 5257 / 2017-02-17
5257 / 2017-02-18
YA20151207130233 - 2017-02-14 14:32:24
state : 1
log : 35127 / 2017-02-22
YA20151207130233 - 2017-02-14 14:41:44
state : 1
log : 3698 / 2017-2-18
YA20151207130233 - 2017-02-14 14:41:46
state : 2
log : 5245 | 2017-2-18: 이미 막힌 객실 선택
YA20151207130233 - 2017-02-14 14:44:30
state : 2
log : 4611 | 2017-2-14: 이미 막힌 객실 선택
YA20161116113212 - 2017-02-14 14:44:42
state : 1
log : 23324 / 2017-02-14
YA20151207130233 - 2017-02-14 14:45:04
state : 1
log : 46150 / 2017-02-23
YA20151207130233 - 2017-02-14 14:47:58
state : 1
log : 17752 / 2017-2-14
2017-02-14 14:55:54
key : YA20151207130233
state : 1
log : 3698 / 2017-2-18
YA20151207130233 - 2017-02-14 14:57:25
state : 1
log : 3698 / 2017-02-18
YA20151207130233 - 2017-02-14 15:01:26
state : 2
log : 5243 | 2017-2-18: 이미 막힌 객실 선택
YA20151207130233 - 2017-02-14 15:01:27
state : 2
log : 5245 | 2017-2-18: 이미 막힌 객실 선택
YA20151207130233 - 2017-02-14 15:02:12
state : 1
log : 3701 / 2017-2-18
YA20151207130233 - 2017-02-14 15:02:13
state : 1
log : 3702 / 2017-2-18
YA20151207130233 - 2017-02-14 15:02:14
state : 1
log : 3697 / 2017-2-18
YA20151207130233 - 2017-02-14 15:05:08
state : 2
log : 5606 | 2017-2-25: 이미 막힌 객실 선택
YA20151207130233 - 2017-02-14 15:05:10
state : 2
log : 5606 | 2017-2-25: 이미 막힌 객실 선택
YA20161116113212 - 2017-02-14 15:05:28
state : 1
log : 18124 / 2017-02-15
YA20151207130233 - 2017-02-14 15:09:35
state : 2
log : 6384 | 2017-2-19: 이미 막힌 객실 선택
YA20151207130233 - 2017-02-14 15:11:21
state : 3
log : 5823 : 등록된 객실 없습니다
YA20151207130233 - 2017-02-14 15:17:03
state : 2
log : 5249 | 2017-2-18: 이미 막힌 객실 선택
YA20151207130233 - 2017-02-14 15:17:28
state : 1
log : 41991 / 2017-2-19
YA20161116113212 - 2017-02-14 15:24:04
state : 1
log : 21752 / 2017-02-15
YA20161116113212 - 2017-02-14 15:24:54
state : 1
log : 45509 / 2017-02-16
45509 / 2017-02-17
2017-02-14 15:27:38
key : YA20151207130233
state : 1
log : 20710 / 2017-2-19
YA20161116113212 - 2017-02-14 15:33:22
state : 1
log : 7242 / 2017-02-16
YA20151207130233 - 2017-02-14 15:35:40
state : 1
log : 46330 / 2017-2-27
YA20161116113212 - 2017-02-14 15:36:02
state : 1
log : 20698 / 2017-02-14
YA20151207130233 - 2017-02-14 15:36:53
state : 1
log : 22714 / 2017-02-22
YA20161116113212 - 2017-02-14 15:38:52
state : 1
log : 7257 / 2017-02-15
YA20151207130233 - 2017-02-14 15:42:56
state : 1
log : 21818 / 2017-2-15
YA20151207130233 - 2017-02-14 15:43:27
state : 1
log : 24760 / 2017-2-18
YA20151207130233 - 2017-02-14 15:43:29
state : 1
log : 24760 / 2017-2-25
YA20161116113212 - 2017-02-14 15:48:34
state : 1
log : 34999 / 2017-02-22
YA20151207130233 - 2017-02-14 15:50:12
state : 1
log : 11100 / 2017-2-18
YA20151207130233 - 2017-02-14 15:50:42
state : 1
log : 22869 / 2017-02-25
YA20151207130233 - 2017-02-14 15:50:44
state : 1
log : 22869 / 2017-02-26
YA20151207130233 - 2017-02-14 15:50:47
state : 1
log : 11096 / 2017-2-21
YA20151207130233 - 2017-02-14 15:50:48
state : 1
log : 11097 / 2017-2-21
YA20151207130233 - 2017-02-14 15:50:49
state : 1
log : 11098 / 2017-2-21
YA20151207130233 - 2017-02-14 15:50:51
state : 1
log : 11099 / 2017-2-21
YA20151207130233 - 2017-02-14 15:50:52
state : 1
log : 11100 / 2017-2-21
YA20151207130233 - 2017-02-14 15:50:53
state : 2
log : 5220 | 2017-2-21: 이미 막힌 객실 선택
YA20151207130233 - 2017-02-14 15:50:54
state : 2
log : 5213 | 2017-2-21: 이미 막힌 객실 선택
YA20151207130233 - 2017-02-14 15:50:55
state : 2
log : 5212 | 2017-2-21: 이미 막힌 객실 선택
YA20151207130233 - 2017-02-14 15:50:56
state : 2
log : 5211 | 2017-2-21: 이미 막힌 객실 선택
YA20151207130233 - 2017-02-14 15:51:14
state : 1
log : 35134 / 2017-2-14
YA20151207130233 - 2017-02-14 15:56:21
state : 2
log : 5944 | 2017-02-25: 이미 막힌 객실 선택
YA20161116113212 - 2017-02-14 16:05:46
state : 1
log : 42934 / 2017-02-15
YA20151207130233 - 2017-02-14 16:09:00
state : 1
log : 21833 / 2017-2-14
YA20151207130233 - 2017-02-14 16:09:01
state : 1
log : 21834 / 2017-2-14
YA20151207130233 - 2017-02-14 16:09:03
state : 1
log : 21835 / 2017-2-14
YA20151207130233 - 2017-02-14 16:09:04
state : 1
log : 21836 / 2017-2-14
YA20151207130233 - 2017-02-14 16:09:06
state : 1
log : 21837 / 2017-2-14
YA20151207130233 - 2017-02-14 16:09:08
state : 2
log : 5659 | 2017-2-14: 이미 막힌 객실 선택
YA20151207130233 - 2017-02-14 16:09:09
state : 1
log : 21839 / 2017-2-14
YA20151207130233 - 2017-02-14 16:09:10
state : 1
log : 21840 / 2017-2-14
YA20151207130233 - 2017-02-14 16:09:28
state : 1
log : 21833 / 2017-2-15
YA20151207130233 - 2017-02-14 16:09:30
state : 1
log : 21834 / 2017-2-15
YA20151207130233 - 2017-02-14 16:09:32
state : 1
log : 21835 / 2017-2-15
YA20151207130233 - 2017-02-14 16:09:34
state : 1
log : 21836 / 2017-2-15
YA20151207130233 - 2017-02-14 16:09:35
state : 1
log : 21837 / 2017-2-15
YA20151207130233 - 2017-02-14 16:09:36
state : 2
log : 5659 | 2017-2-15: 이미 막힌 객실 선택
YA20151207130233 - 2017-02-14 16:09:37
state : 1
log : 21839 / 2017-2-15
YA20151207130233 - 2017-02-14 16:09:40
state : 1
log : 21840 / 2017-2-15
YA20151207130233 - 2017-02-14 16:10:37
state : 1
log : 34061 / 2017-02-20
YA20151207130233 - 2017-02-14 16:12:16
state : 2
log : 6126 | 2017-2-20: 이미 막힌 객실 선택
YA20151207130233 - 2017-02-14 16:13:52
state : 1
log : 19893 / 2017-02-14
YA20151207130233 - 2017-02-14 16:14:49
state : 1
log : 19893 / 2017-02-15
YA20151207130233 - 2017-02-14 16:26:26
state : 1
log : 18058 / 2017-02-17
YA20151207130233 - 2017-02-14 16:27:27
state : 1
log : 18059 / 2017-02-17
YA20151207130233 - 2017-02-14 16:31:32
state : 2
log : 4597 | 2017-2-17: 이미 막힌 객실 선택
YA20151207130233 - 2017-02-14 16:32:17
state : 1
log : 21576 / 2017-2-26
YA20151207130233 - 2017-02-14 16:32:18
state : 1
log : 21576 / 2017-2-27
YA20151207130233 - 2017-02-14 16:34:47
state : 1
log : 34060 / 2017-02-27
YA20151207130233 - 2017-02-14 16:36:03
state : 1
log : 25068 / 2017-2-18
2017-02-14 16:36:16
key : YA20151207130233
state : 1
log : 25067 / 2017-2-17
YA20151207130233 - 2017-02-14 16:37:14
state : 2
log : 6125 | 2017-2-27: 이미 막힌 객실 선택
YA20151207130233 - 2017-02-14 16:38:31
state : 1
log : 17749 / 2017-2-15
YA20151207130233 - 2017-02-14 16:38:44
state : 1
log : 17753 / 2017-2-14
YA20151207130233 - 2017-02-14 16:38:58
state : 1
log : 17749 / 2017-2-19
YA20151207130233 - 2017-02-14 16:39:17
state : 1
log : 17745 / 2017-2-20
YA20151207130233 - 2017-02-14 16:39:18
state : 1
log : 17746 / 2017-2-25
YA20151207130233 - 2017-02-14 16:39:31
state : 1
log : 17745 / 2017-2-14
YA20151207130233 - 2017-02-14 16:39:42
state : 2
log : 2954 | 2017-2-14: 이미 막힌 객실 선택
2017-02-14 16:39:57
key : YA20151207130233
state : 1
log : 17746 / 2017-2-14
YA20151207130233 - 2017-02-14 16:40:38
state : 1
log : 17749 / 2017-2-21
YA20151207130233 - 2017-02-14 16:42:12
state : 2
log : 5526 | 2017-2-24: 이미 막힌 객실 선택
YA20151207130233 - 2017-02-14 16:42:56
state : 1
log : 24385 / 2017-02-21
YA20151207130233 - 2017-02-14 16:44:55
state : 1
log : 29445 / 2017-2-14
YA20151207130233 - 2017-02-14 16:46:19
state : 1
log : 20713 / 2017-02-20
YA20151207130233 - 2017-02-14 16:46:45
state : 2
log : 4597 | 2017-2-15: 이미 막힌 객실 선택
YA20151207130233 - 2017-02-14 16:49:06
state : 1
log : 48322 / 2017-2-18
YA20151207130233 - 2017-02-14 16:50:20
state : 1
log : 35134 / 2017-02-23
YA20161116113212 - 2017-02-14 16:50:35
state : 1
log : 9433 / 2017-02-22
9433 / 2017-02-23
YA20161116113212 - 2017-02-14 16:58:48
state : 1
log : 34589 / 2017-02-20
34589 / 2017-02-21
YA20151207130233 - 2017-02-14 17:02:40
state : 1
log : 41989 / 2017-2-17
YA20151207130233 - 2017-02-14 17:05:02
state : 1
log : 35128 / 2017-2-25
YA20151207130233 - 2017-02-14 17:08:00
state : 3
log : 6301 | 2017-02-17: 등록된 객실 없습니다
YA20151207130233 - 2017-02-14 17:14:01
state : 1
log : 21820 / 2017-02-22
YA20151207130233 - 2017-02-14 17:14:45
state : 1
log : 41974 / 2017-2-17
YA20151207130233 - 2017-02-14 17:15:42
state : 3
log : 6301 | 2017-2-18: 등록된 객실 없습니다
2017-02-14 17:16:14
key : YA20151207130233
state : 1
log : 41989 / 2017-2-17
YA20151207130233 - 2017-02-14 17:21:49
state : 3
log : 6301 | 2017-2-18: 등록된 객실 없습니다
YA20151207130233 - 2017-02-14 17:22:02
state : 3
log : 6301 | 2017-2-17: 등록된 객실 없습니다
YA20151207130233 - 2017-02-14 17:22:14
state : 3
log : 6301 : 등록된 객실 없습니다
YA20151207130233 - 2017-02-14 17:24:55
state : 1
log : 24836 / 2017-2-24
YA20151207130233 - 2017-02-14 17:29:20
state : 1
log : 21576 / 2017-02-15
YA20151207130233 - 2017-02-14 17:30:14
state : 1
log : 41968 / 2017-3-25
YA20161116113212 - 2017-02-14 17:30:30
state : 1
log : 31139 / 2017-02-19
YA20161116113212 - 2017-02-14 17:33:38
state : 1
log : 11590 / 2017-02-16
YA20151207130233 - 2017-02-14 17:36:48
state : 1
log : 20712 / 2017-02-14
YA20151207130233 - 2017-02-14 17:38:52
state : 2
log : 4257 | 2017-2-15: 이미 막힌 객실 선택
YA20151207130233 - 2017-02-14 17:38:53
state : 2
log : 4257 | 2017-2-16: 이미 막힌 객실 선택
YA20151207130233 - 2017-02-14 17:40:54
state : 1
log : 9723 / 2017-2-21
YA20151207130233 - 2017-02-14 17:41:32
state : 2
log : 5344 | 2017-2-18: 이미 막힌 객실 선택
YA20151207130233 - 2017-02-14 17:41:39
state : 2
log : 5608 | 2017-2-14: 이미 막힌 객실 선택
YA20151207130233 - 2017-02-14 17:43:48
state : 1
log : 23584 / 2017-2-15
2017-02-14 17:49:12
key : YA20151207130233
state : 1
log : 24091 / 2017-2-25
YA20151207130233 - 2017-02-14 17:51:18
state : 1
log : 22728 / 2017-2-14
YA20161116113212 - 2017-02-14 17:52:31
state : 1
log : 44086 / 2017-02-14
YA20151207130233 - 2017-02-14 17:53:21
state : 1
log : 21765 / 2017-2-14
YA20151207130233 - 2017-02-14 17:53:24
state : 1
log : 21771 / 2017-2-14
YA20151207130233 - 2017-02-14 17:53:40
state : 1
log : 21765 / 2017-2-15
YA20151207130233 - 2017-02-14 17:53:41
state : 1
log : 21771 / 2017-2-15
YA20161116113212 - 2017-02-14 17:55:30
state : 1
log : 36226 / 2017-02-14
YA20151207130233 - 2017-02-14 17:55:58
state : 1
log : 22712 / 2017-02-25
YA20151207130233 - 2017-02-14 17:55:59
state : 1
log : 22715 / 2017-02-25
YA20151207130233 - 2017-02-14 17:56:01
state : 1
log : 22745 / 2017-02-25
YA20161116113212 - 2017-02-14 17:56:09
state : 1
log : 44086 / 2017-02-16
YA20151207130233 - 2017-02-14 18:00:57
state : 1
log : 24771 / 2017-2-14
YA20151207130233 - 2017-02-14 18:06:42
state : 2
log : 5524 | 2017-2-15: 이미 막힌 객실 선택
YA20151207130233 - 2017-02-14 18:10:04
state : 3
log : 6302 | 2017-2-16: 등록된 객실 없습니다
2017-02-14 18:14:09
key : YA20151207130233
state : 1
log : 20707 / 2017-2-14
YA20151207130233 - 2017-02-14 18:22:26
state : 1
log : 17753 / 2017-2-24
YA20151207130233 - 2017-02-14 18:23:55
state : 1
log : 21816 / 2017-2-18
YA20161116113212 - 2017-02-14 18:30:32
state : 1
log : 44537 / 2017-02-14
YA20151207130233 - 2017-02-14 18:32:16
state : 1
log : 22870 / 2017-2-14
YA20161116113212 - 2017-02-14 18:33:35
state : 1
log : 34945 / 2017-02-21
YA20151207130233 - 2017-02-14 18:34:32
state : 1
log : 21576 / 2017-02-16
YA20151207130233 - 2017-02-14 18:36:37
state : 1
log : 22867 / 2017-2-18
YA20151207130233 - 2017-02-14 18:36:59
state : 2
log : 4996 | 2017-2-18: 이미 막힌 객실 선택
2017-02-14 18:37:15
key : YA20151207130233
state : 1
log : 22867 / 2017-2-18
YA20151207130233 - 2017-02-14 18:37:32
state : 2
log : 4996 | 2017-2-17: 이미 막힌 객실 선택
YA20151207130233 - 2017-02-14 18:38:09
state : 3
log : 6302 | 2017-2-17: 등록된 객실 없습니다
YA20151207130233 - 2017-02-14 18:39:44
state : 1
log : 21822 / 2017-3-4
YA20161116113212 - 2017-02-14 18:41:20
state : 1
log : 24703 / 2017-02-18
YA20151207130233 - 2017-02-14 18:41:30
state : 3
log : 6302 : 등록된 객실 없습니다
YA20151207130233 - 2017-02-14 18:41:38
state : 2
log : 5524 | 2017-2-16: 이미 막힌 객실 선택
YA20151207130233 - 2017-02-14 18:41:55
state : 1
log : 26180 / 2017-2-25
YA20151207130233 - 2017-02-14 18:42:52
state : 2
log : 4258 | 2017-2-21: 이미 막힌 객실 선택
YA20151207130233 - 2017-02-14 18:48:10
state : 1
log : 20710 / 2017-02-20
YA20161116113212 - 2017-02-14 18:49:53
state : 1
log : 14372 / 2017-02-20
YA20161116113212 - 2017-02-14 18:50:55
state : 1
log : 29391 / 2017-02-14
YA20161116113212 - 2017-02-14 18:51:56
state : 1
log : 11117 / 2017-02-14
YA20151207130233 - 2017-02-14 18:53:16
state : 1
log : 21818 / 2017-2-16
YA20161116113212 - 2017-02-14 18:56:17
state : 1
log : 44086 / 2017-02-19
YA20151207130233 - 2017-02-14 19:03:38
state : 2
log : 5515 | 2017-2-15: 이미 막힌 객실 선택
YA20151207130233 - 2017-02-14 19:03:40
state : 2
log : 5515 | 2017-2-16: 이미 막힌 객실 선택
YA20151207130233 - 2017-02-14 19:08:18
state : 1
log : 35134 / 2017-2-15
YA20161116113212 - 2017-02-14 19:09:11
state : 1
log : 13152 / 2017-02-14
YA20151207130233 - 2017-02-14 19:12:12
state : 1
log : 9726 / 2017-02-22
YA20151207130233 - 2017-02-14 19:12:13
state : 1
log : 9726 / 2017-02-23
YA20151207130233 - 2017-02-14 19:14:33
state : 1
log : 26179 / 2017-2-18
YA20161116113212 - 2017-02-14 19:21:37
state : 1
log : 20696 / 2017-02-14
YA20151207130233 - 2017-02-14 19:23:25
state : 1
log : 21774 / 2017-2-14
YA20151207130233 - 2017-02-14 19:23:27
state : 1
log : 21774 / 2017-2-15
YA20151207130233 - 2017-02-14 19:23:52
state : 1
log : 21771 / 2017-2-16
YA20151207130233 - 2017-02-14 19:24:06
state : 2
log : 4210 | 2017-2-16: 이미 막힌 객실 선택
YA20151207130233 - 2017-02-14 19:24:53
state : 1
log : 21580 / 2017-2-16
YA20161116113212 - 2017-02-14 19:46:43
state : 1
log : 23444 / 2017-02-15
YA20151207130233 - 2017-02-14 19:54:12
state : 1
log : 34060 / 2017-03-04
YA20151207130233 - 2017-02-14 19:57:21
state : 2
log : 5343 | 2017-2-18: 이미 막힌 객실 선택
YA20151207130233 - 2017-02-14 19:57:39
state : 2
log : 6125 | 2017-3-4: 이미 막힌 객실 선택
YA20161116113212 - 2017-02-14 20:06:07
state : 1
log : 11884 / 2017-02-14
YA20161116113212 - 2017-02-14 20:07:40
state : 1
log : 4051 / 2017-02-19
YA20151207130233 - 2017-02-14 20:11:06
state : 1
log : 22713 / 2017-02-18
YA20161116113212 - 2017-02-14 20:22:16
state : 1
log : 22792 / 2017-02-14
YA20151207130233 - 2017-02-14 20:22:33
state : 1
log : 24075 / 2017-3-17
YA20161116113212 - 2017-02-14 20:22:56
state : 1
log : 12831 / 2017-02-17
YA20151207130233 - 2017-02-14 20:23:23
state : 1
log : 24075 / 2017-5-13
YA20151207130233 - 2017-02-14 20:24:25
state : 1
log : 36252 / 2017-02-18
YA20151207130233 - 2017-02-14 20:33:50
state : 2
log : 6167 | 2017-2-18: 이미 막힌 객실 선택
YA20151207130233 - 2017-02-14 20:40:52
state : 1
log : 29446 / 2017-2-14
YA20161116113212 - 2017-02-14 20:43:46
state : 1
log : 36883 / 2017-02-15
YA20151207130233 - 2017-02-14 20:51:52
state : 1
log : 16642 / 2017-2-24
YA20161116113212 - 2017-02-14 20:55:24
state : 1
log : 48994 / 2017-02-28
YA20161116113212 - 2017-02-14 21:05:02
state : 1
log : 22663 / 2017-02-25
2017-02-14 21:05:53
key : YA20151207130233
state : 1
log : 26179 / 2017-2-28
YA20151207130233 - 2017-02-14 21:08:24
state : 1
log : 47864 / 2017-02-18
YA20161116113212 - 2017-02-14 21:18:17
state : 1
log : 19540 / 2017-02-20
YA20151207130233 - 2017-02-14 21:19:17
state : 7
log : 5948 : 해당 객실 예약 존재
2017-02-14 21:31:23
key : YA20151207130233
state : 1
log : 29445 / 2017-02-18
YA20151207130233 - 2017-02-14 21:36:57
state : 1
log : 23582 / 2017-02-18
YA20161116113212 - 2017-02-14 21:39:23
state : 1
log : 23308 / 2017-02-22
2017-02-14 21:39:41
key : YA20151207130233
state : 1
log : 21046 / 2017-02-17
2017-02-14 21:39:58
key : YA20151207130233
state : 1
log : 23580 / 2017-2-18
2017-02-14 21:39:59
key : YA20151207130233
state : 1
log : 23580 / 2017-2-18
YA20151207130233 - 2017-02-14 21:40:14
state : 3
log :  : 등록된 객실 없습니다
YA20161116113212 - 2017-02-14 21:42:14
state : 1
log : 30416 / 2017-02-18
YA20151207130233 - 2017-02-14 21:44:03
state : 3
log :  : 등록된 객실 없습니다
YA20161116113212 - 2017-02-14 21:45:40
state : 1
log : 28204 / 2017-02-17
2017-02-14 21:46:17
key : YA20151207130233
state : 1
log : 29445 / 2017-02-18
2017-02-14 21:48:21
key : YA20151207130233
state : 1
log : 29445 / 2017-02-18
YA20161116113212 - 2017-02-14 21:50:33
state : 1
log : 45605 / 2017-02-17
YA20151207130233 - 2017-02-14 21:50:49
state : 1
log : 20704 / 2017-2-14
YA20151207130233 - 2017-02-14 21:50:50
state : 1
log : 20705 / 2017-2-14
YA20151207130233 - 2017-02-14 21:50:51
state : 1
log : 20707 / 2017-2-14
YA20151207130233 - 2017-02-14 21:50:53
state : 1
log : 20715 / 2017-2-14
2017-02-14 21:50:54
key : YA20151207130233
state : 1
log : 29445 / 2017-02-18
YA20151207130233 - 2017-02-14 21:50:54
state : 1
log : 20708 / 2017-2-14
YA20151207130233 - 2017-02-14 21:50:55
state : 1
log : 20714 / 2017-2-14
2017-02-14 21:51:53
key : YA20151207130233
state : 1
log : 29445 / 2017-02-18
YA20151207130233 - 2017-02-14 21:53:03
state : 3
log :  : 등록된 객실 없습니다
YA20151207130233 - 2017-02-14 21:55:57
state : 1
log : 21751 / 2017-02-17
2017-02-14 21:56:38
key : YA20151207130233
state : 1
log : 29445 / 2017-02-18
YA20151207130233 - 2017-02-14 21:57:39
state : 3
log :  : 등록된 객실 없습니다
2017-02-14 21:59:34
key : YA20151207130233
state : 1
log : 29445 / 2017-02-18
YA20151207130233 - 2017-02-14 22:01:36
state : 3
log :  : 등록된 객실 없습니다
YA20151207130233 - 2017-02-14 22:04:55
state : 2
log : 5524 | 2017-02-20: 이미 막힌 객실 선택
YA20151207130233 - 2017-02-14 22:06:49
state : 2
log : 5524 | 2017-2-20: 이미 막힌 객실 선택
YA20151207130233 - 2017-02-14 22:06:54
state : 2
log : 5526 | 2017-02-20: 이미 막힌 객실 선택
YA20151207130233 - 2017-02-14 22:07:54
state : 2
log : 5526 | 2017-2-20: 이미 막힌 객실 선택
YA20151207130233 - 2017-02-14 22:08:39
state : 1
log : 21752 / 2017-2-17
YA20151207130233 - 2017-02-14 22:15:16
state : 2
log : 6190 | 2017-2-22: 이미 막힌 객실 선택
YA20151207130233 - 2017-02-14 22:18:41
state : 1
log : 21745 / 2017-2-14
YA20151207130233 - 2017-02-14 22:18:43
state : 1
log : 21750 / 2017-2-14
YA20151207130233 - 2017-02-14 22:18:44
state : 2
log : 5779 | 2017-2-14: 이미 막힌 객실 선택
YA20151207130233 - 2017-02-14 22:18:45
state : 1
log : 21753 / 2017-2-14
YA20151207130233 - 2017-02-14 22:18:46
state : 1
log : 21752 / 2017-2-14
YA20151207130233 - 2017-02-14 22:18:48
state : 2
log : 5776 | 2017-2-14: 이미 막힌 객실 선택
YA20151207130233 - 2017-02-14 22:18:49
state : 1
log : 21749 / 2017-2-14
YA20151207130233 - 2017-02-14 22:18:50
state : 1
log : 21751 / 2017-2-14
YA20151207130233 - 2017-02-14 22:18:51
state : 2
log : 5773 | 2017-2-14: 이미 막힌 객실 선택
YA20151207130233 - 2017-02-14 22:18:53
state : 2
log : 5781 | 2017-2-14: 이미 막힌 객실 선택
YA20151207130233 - 2017-02-14 22:18:55
state : 2
log : 5780 | 2017-2-14: 이미 막힌 객실 선택
YA20151207130233 - 2017-02-14 22:18:56
state : 2
log : 5779 | 2017-2-14: 이미 막힌 객실 선택
YA20151207130233 - 2017-02-14 22:18:57
state : 2
log : 5778 | 2017-2-14: 이미 막힌 객실 선택
YA20151207130233 - 2017-02-14 22:18:58
state : 2
log : 5777 | 2017-2-14: 이미 막힌 객실 선택
YA20151207130233 - 2017-02-14 22:18:59
state : 2
log : 5776 | 2017-2-14: 이미 막힌 객실 선택
YA20151207130233 - 2017-02-14 22:19:00
state : 2
log : 5775 | 2017-2-14: 이미 막힌 객실 선택
YA20151207130233 - 2017-02-14 22:19:02
state : 2
log : 5774 | 2017-2-14: 이미 막힌 객실 선택
YA20151207130233 - 2017-02-14 22:19:03
state : 2
log : 5773 | 2017-2-14: 이미 막힌 객실 선택
2017-02-14 22:24:44
key : YA20151207130233
state : 1
log : 41972 / 2017-02-26
YA20151207130233 - 2017-02-14 22:24:59
state : 1
log : 29445 / 2017-02-18
YA20161116113212 - 2017-02-14 22:26:45
state : 1
log : 39059 / 2017-02-14
YA20151207130233 - 2017-02-14 22:26:46
state : 2
log : 5528 | 2017-02-15: 이미 막힌 객실 선택
YA20151207130233 - 2017-02-14 22:28:09
state : 2
log : 5528 | 2017-2-15: 이미 막힌 객실 선택
YA20161116113212 - 2017-02-14 22:31:27
state : 1
log : 34401 / 2017-02-19
YA20151207130233 - 2017-02-14 22:32:03
state : 3
log :  : 등록된 객실 없습니다
YA20161116113212 - 2017-02-14 22:37:16
state : 1
log : 30645 / 2017-02-24
YA20161116113212 - 2017-02-14 22:45:47
state : 1
log : 26289 / 2017-02-26
YA20151207130233 - 2017-02-14 23:05:47
state : 1
log : 24386 / 2017-2-18
YA20151207130233 - 2017-02-14 23:12:18
state : 1
log : 20710 / 2017-02-16
YA20151207130233 - 2017-02-14 23:22:03
state : 1
log : 9723 / 2017-02-19
YA20151207130233 - 2017-02-14 23:27:36
state : 1
log : 21813 / 2017-02-20
YA20151207130233 - 2017-02-14 23:31:22
state : 2
log : 5757 | 2017-2-15: 이미 막힌 객실 선택
YA20151207130233 - 2017-02-14 23:31:24
state : 2
log : 4188 | 2017-2-17: 이미 막힌 객실 선택
YA20151207130233 - 2017-02-14 23:46:14
state : 1
log : 21579 / 2017-02-23
YA20151207130233 - 2017-02-14 23:46:59
state : 2
log : 5526 | 2017-02-17: 이미 막힌 객실 선택
YA20161116113212 - 2017-02-14 23:50:18
state : 1
log : 22596 / 2017-02-18
YA20151207130233 - 2017-02-14 23:50:19
state : 1
log : 34060 / 2017-02-23
YA20161116113212 - 2017-02-14 23:56:18
state : 1
log : 43050 / 2017-02-26
43050 / 2017-02-27
