YA20161116113212 - 2017-02-10 00:06:32
state : 1
log : 37179 / 2017-02-11
YA20151207130233 - 2017-02-10 00:22:05
state : 1
log : 20704 / 2017-02-12
YA20161116113212 - 2017-02-10 00:22:38
state : 1
log : 42751 / 2017-02-27
42751 / 2017-02-28
YA20151207130233 - 2017-02-10 00:34:43
state : 1
log : 25129 / 2017-02-17
YA20151207130233 - 2017-02-10 00:36:06
state : 1
log : 14497 / 2017-02-19
YA20151207130233 - 2017-02-10 00:47:01
state : 1
log : 24091 / 2017-2-11
YA20151207130233 - 2017-02-10 00:47:26
state : 1
log : 24092 / 2017-2-27
YA20161116113212 - 2017-02-10 00:55:14
state : 1
log : 20698 / 2017-02-10
YA20151207130233 - 2017-02-10 01:00:01
state : 3
log : 6302 : 등록된 객실 없습니다
YA20161116113212 - 2017-02-10 01:13:28
state : 1
log : 47917 / 2017-02-10
YA20151207130233 - 2017-02-10 01:24:47
state : 1
log : 21753 / 2017-02-11
YA20161116113212 - 2017-02-10 01:39:41
state : 1
log : 46666 / 2017-02-13
YA20151207130233 - 2017-02-10 02:32:48
state : 2
log : 5247 : 이미 막힌 객실 선택
YA20161116113212 - 2017-02-10 03:55:31
state : 1
log : 21602 / 2017-02-15
YA20151207130233 - 2017-02-10 05:28:48
state : 1
log : 47851 / 2017-02-11
YA20161116113212 - 2017-02-10 05:47:12
state : 1
log : 33049 / 2017-02-13
YA20151207130233 - 2017-02-10 05:58:55
state : 1
log : 21813 / 2017-02-13
YA20151207130233 - 2017-02-10 07:19:52
state : 1
log : 22868 / 2017-02-11
YA20151207130233 - 2017-02-10 07:50:22
state : 1
log : 43772 / 2017-2-10
YA20151207130233 - 2017-02-10 07:50:23
state : 2
log : 6384 : 이미 막힌 객실 선택
YA20151207130233 - 2017-02-10 08:01:18
state : 1
log : 31605 / 2017-2-11
YA20151207130233 - 2017-02-10 08:41:42
state : 1
log : 17750 / 2017-2-28
YA20151207130233 - 2017-02-10 08:41:43
state : 1
log : 17756 / 2017-2-28
YA20151207130233 - 2017-02-10 08:54:02
state : 1
log : 16638 / 2017-2-11
2017-02-10 09:03:51
key : YA20151207130233
state : 1
log : 21820 / 2017-2-15
2017-02-10 09:03:52
key : YA20151207130233
state : 1
log : 21820 / 2017-2-16
YA20161116113212 - 2017-02-10 09:18:41
state : 1
log : 22716 / 2017-02-10
YA20151207130233 - 2017-02-10 09:20:12
state : 1
log : 17748 / 2017-2-10
YA20151207130233 - 2017-02-10 09:20:25
state : 1
log : 17747 / 2017-2-10
2017-02-10 09:20:54
key : YA20151207130233
state : 1
log : 17749 / 2017-2-10
YA20151207130233 - 2017-02-10 09:49:19
state : 1
log : 17749 / 2017-2-10
YA20151207130233 - 2017-02-10 09:54:28
state : 1
log : 21785 / 2017-02-11
2017-02-10 09:57:39
key : YA20151207130233
state : 1
log : 17747 / 2017-2-10
YA20151207130233 - 2017-02-10 09:57:55
state : 1
log : 22867 / 2017-02-11
2017-02-10 09:57:55
key : YA20151207130233
state : 1
log : 17751 / 2017-2-10
YA20151207130233 - 2017-02-10 09:59:47
state : 1
log : 24712 / 2017-2-11
YA20151207130233 - 2017-02-10 09:59:48
state : 1
log : 24714 / 2017-2-15
YA20151207130233 - 2017-02-10 09:59:50
state : 1
log : 24710 / 2017-2-16
YA20151207130233 - 2017-02-10 10:03:01
state : 2
log : 5247 : 이미 막힌 객실 선택
YA20161116113212 - 2017-02-10 10:04:15
state : 1
log : 15202 / 2017-02-11
YA20151207130233 - 2017-02-10 10:04:40
state : 2
log : 5247 : 이미 막힌 객실 선택
YA20161116113212 - 2017-02-10 10:14:27
state : 1
log : 17807 / 2017-02-13
YA20151207130233 - 2017-02-10 10:21:49
state : 1
log : 24094 / 2017-02-25
YA20161116113212 - 2017-02-10 10:24:50
state : 1
log : 40790 / 2017-02-16
YA20151207130233 - 2017-02-10 10:31:30
state : 1
log : 47722 / 2017-2-21
YA20151207130233 - 2017-02-10 10:31:31
state : 1
log : 47722 / 2017-2-22
YA20151207130233 - 2017-02-10 10:31:33
state : 1
log : 47720 / 2017-2-23
YA20151207130233 - 2017-02-10 10:32:32
state : 1
log : 19903 / 2017-02-11
YA20151207130233 - 2017-02-10 10:32:34
state : 1
log : 47723 / 2017-2-14
YA20151207130233 - 2017-02-10 10:34:13
state : 1
log : 19904 / 2017-02-11
2017-02-10 10:34:16
key : YA20151207130233
state : 1
log : 9803 / 2017-02-11
YA20151207130233 - 2017-02-10 10:41:15
state : 1
log : 43736 / 2017-2-10
YA20151207130233 - 2017-02-10 10:41:17
state : 1
log : 43737 / 2017-2-10
2017-02-10 10:43:27
key : YA20151207130233
state : 1
log : 9803 / 2017-02-11
2017-02-10 10:45:44
key : YA20151207130233
state : 1
log : 9803 / 2017-02-11
2017-02-10 10:46:51
key : YA20151207130233
state : 1
log : 16637 / 2017-02-11
YA20151207130233 - 2017-02-10 10:48:31
state : 1
log : 16637 / 2017-02-11
YA20151207130233 - 2017-02-10 10:51:38
state : 1
log : 23520 / 2017-02-11
YA20161116113212 - 2017-02-10 10:56:07
state : 1
log : 17168 / 2017-02-18
YA20151207130233 - 2017-02-10 10:59:21
state : 1
log : 20707 / 2017-2-14
2017-02-10 11:11:42
key : YA20151207130233
state : 1
log : 29446 / 2017-02-10
YA20151207130233 - 2017-02-10 11:12:36
state : 3
log :  : 등록된 객실 없습니다
YA20151207130233 - 2017-02-10 11:13:47
state : 1
log : 21788 / 2017-02-18
YA20151207130233 - 2017-02-10 11:18:04
state : 1
log : 46331 / 2017-2-11
YA20151207130233 - 2017-02-10 11:18:12
state : 1
log : 12541 / 2017-2-10
YA20151207130233 - 2017-02-10 11:19:01
state : 1
log : 46324 / 2017-2-11
YA20161116113212 - 2017-02-10 11:25:11
state : 1
log : 44618 / 2017-02-14
44618 / 2017-02-15
YA20151207130233 - 2017-02-10 11:25:38
state : 1
log : 29446 / 2017-02-10
2017-02-10 11:26:30
key : YA20151207130233
state : 1
log : 29445 / 2017-2-10
YA20151207130233 - 2017-02-10 11:26:40
state : 1
log : 29442 / 2017-2-10
YA20151207130233 - 2017-02-10 11:26:41
state : 1
log : 29442 / 2017-2-10
YA20151207130233 - 2017-02-10 11:31:33
state : 2
log : 5060 : 이미 막힌 객실 선택
2017-02-10 11:31:53
key : YA20151207130233
state : 1
log : 9803 / 2017-2-11
YA20151207130233 - 2017-02-10 11:38:23
state : 2
log : 5060 : 이미 막힌 객실 선택
YA20161116113212 - 2017-02-10 11:41:28
state : 1
log : 21025 / 2017-02-16
YA20161116113212 - 2017-02-10 11:47:25
state : 2
log : 2827 : 이미 막힌 객실 선택
YA20151207130233 - 2017-02-10 11:49:33
state : 1
log : 46329 / 2017-2-11
YA20151207130233 - 2017-02-10 11:50:10
state : 1
log : 16639 / 2017-2-10
YA20151207130233 - 2017-02-10 11:58:35
state : 1
log : 20711 / 2017-2-25
YA20151207130233 - 2017-02-10 12:13:59
state : 1
log : 24763 / 2017-2-10
YA20151207130233 - 2017-02-10 12:16:27
state : 1
log : 21820 / 2017-2-10
YA20151207130233 - 2017-02-10 12:35:10
state : 1
log : 48316 / 2017-2-18
YA20151207130233 - 2017-02-10 12:44:41
state : 1
log : 22869 / 2017-02-15
YA20151207130233 - 2017-02-10 12:44:43
state : 1
log : 22870 / 2017-02-15
YA20161116113212 - 2017-02-10 12:53:17
state : 1
log : 40831 / 2017-02-11
YA20151207130233 - 2017-02-10 12:53:28
state : 2
log : 6198 : 이미 막힌 객실 선택
YA20151207130233 - 2017-02-10 12:54:46
state : 1
log : 21818 / 2017-03-01
YA20151207130233 - 2017-02-10 12:56:18
state : 1
log : 20711 / 2017-2-10
YA20151207130233 - 2017-02-10 12:59:38
state : 1
log : 19896 / 2017-02-11
YA20151207130233 - 2017-02-10 13:00:33
state : 1
log : 19897 / 2017-02-11
2017-02-10 13:00:38
key : YA20151207130233
state : 1
log : 23520 / 2017-2-11
YA20151207130233 - 2017-02-10 13:03:08
state : 1
log : 20711 / 2017-02-23
YA20151207130233 - 2017-02-10 13:04:58
state : 1
log : 21818 / 2017-2-10
2017-02-10 13:05:59
key : YA20151207130233
state : 1
log : 43736 / 2017-2-10
2017-02-10 13:06:00
key : YA20151207130233
state : 1
log : 43737 / 2017-2-10
YA20151207130233 - 2017-02-10 13:06:31
state : 1
log : 43771 / 2017-2-10
YA20151207130233 - 2017-02-10 13:06:33
state : 1
log : 43772 / 2017-2-10
YA20151207130233 - 2017-02-10 13:06:34
state : 2
log : 6384 : 이미 막힌 객실 선택
YA20151207130233 - 2017-02-10 13:06:35
state : 1
log : 43771 / 2017-2-10
YA20151207130233 - 2017-02-10 13:06:37
state : 1
log : 43772 / 2017-2-10
YA20151207130233 - 2017-02-10 13:06:38
state : 2
log : 6384 : 이미 막힌 객실 선택
YA20151207130233 - 2017-02-10 13:09:25
state : 1
log : 43982 / 2017-2-18
2017-02-10 13:10:06
key : YA20151207130233
state : 1
log : 2986 / 2017-2-18
YA20151207130233 - 2017-02-10 13:10:20
state : 1
log : 2989 / 2017-2-18
2017-02-10 13:15:06
key : YA20151207130233
state : 1
log : 29445 / 2017-02-10
2017-02-10 13:17:51
key : YA20151207130233
state : 1
log : 29445 / 2017-02-10
YA20151207130233 - 2017-02-10 13:19:03
state : 3
log : 6214 : 등록된 객실 없습니다
YA20151207130233 - 2017-02-10 13:19:04
state : 3
log : 6250 : 등록된 객실 없습니다
YA20161116113212 - 2017-02-10 13:19:37
state : 1
log : 42963 / 2017-02-18
YA20151207130233 - 2017-02-10 13:21:31
state : 1
log : 21817 / 2017-02-17
YA20151207130233 - 2017-02-10 13:22:07
state : 1
log : 29445 / 2017-2-10
YA20151207130233 - 2017-02-10 13:27:47
state : 1
log : 14496 / 2017-2-19
YA20151207130233 - 2017-02-10 13:29:01
state : 1
log : 14496 / 2017-2-18
YA20151207130233 - 2017-02-10 13:34:14
state : 2
log : 5056 : 이미 막힌 객실 선택
YA20161116113212 - 2017-02-10 13:34:17
state : 1
log : 17890 / 2017-02-11
YA20151207130233 - 2017-02-10 13:34:34
state : 1
log : 24714 / 2017-2-18
YA20151207130233 - 2017-02-10 13:35:18
state : 3
log : 6297 : 등록된 객실 없습니다
YA20151207130233 - 2017-02-10 13:36:19
state : 1
log : 41968 / 2017-2-28
YA20151207130233 - 2017-02-10 13:37:47
state : 1
log : 41968 / 2017-4-1
YA20161116113212 - 2017-02-10 13:39:18
state : 1
log : 14562 / 2017-02-10
YA20151207130233 - 2017-02-10 13:40:08
state : 1
log : 43736 / 2017-2-25
YA20151207130233 - 2017-02-10 13:40:09
state : 1
log : 43737 / 2017-2-25
YA20151207130233 - 2017-02-10 13:40:54
state : 1
log : 41968 / 2017-2-17
YA20151207130233 - 2017-02-10 13:42:30
state : 1
log : 14496 / 2017-2-19
YA20151207130233 - 2017-02-10 13:45:20
state : 1
log : 13037 / 2017-4-29
YA20151207130233 - 2017-02-10 13:45:22
state : 1
log : 13038 / 2017-4-29
YA20151207130233 - 2017-02-10 13:46:56
state : 1
log : 14496 / 2017-2-18
YA20151207130233 - 2017-02-10 13:57:02
state : 2
log : 1888 : 이미 막힌 객실 선택
YA20151207130233 - 2017-02-10 13:57:49
state : 1
log : 16641 / 2017-02-10
YA20151207130233 - 2017-02-10 13:58:12
state : 3
log : 3286 : 등록된 객실 없습니다
YA20151207130233 - 2017-02-10 14:02:57
state : 2
log : 5903 : 이미 막힌 객실 선택
YA20151207130233 - 2017-02-10 14:12:36
state : 1
log : 29443 / 2017-02-10
YA20151207130233 - 2017-02-10 14:12:56
state : 2
log : 4187 : 이미 막힌 객실 선택
YA20151207130233 - 2017-02-10 14:20:05
state : 2
log : 4187 : 이미 막힌 객실 선택
YA20151207130233 - 2017-02-10 14:22:37
state : 2
log : 4185 : 이미 막힌 객실 선택
YA20151207130233 - 2017-02-10 14:26:49
state : 1
log : 16641 / 2017-02-11
YA20151207130233 - 2017-02-10 14:27:52
state : 1
log : 29442 / 2017-02-10
YA20151207130233 - 2017-02-10 14:31:09
state : 1
log : 21748 / 2017-02-11
YA20151207130233 - 2017-02-10 14:34:46
state : 2
log : 6425 : 이미 막힌 객실 선택
2017-02-10 14:35:38
key : YA20151207130233
state : 1
log : 21750 / 2017-2-11
2017-02-10 14:35:52
key : YA20151207130233
state : 1
log : 21750 / 2017-2-10
YA20151207130233 - 2017-02-10 14:36:05
state : 1
log : 21748 / 2017-2-10
YA20151207130233 - 2017-02-10 14:36:14
state : 1
log : 21746 / 2017-2-10
YA20151207130233 - 2017-02-10 14:36:49
state : 1
log : 17750 / 2017-2-12
YA20151207130233 - 2017-02-10 14:38:37
state : 1
log : 46335 / 2017-2-17
YA20161116113212 - 2017-02-10 14:39:21
state : 1
log : 34373 / 2017-02-19
YA20161116113212 - 2017-02-10 14:41:53
state : 1
log : 34375 / 2017-02-13
YA20161116113212 - 2017-02-10 14:41:58
state : 1
log : 1978 / 2017-02-11
YA20151207130233 - 2017-02-10 14:48:36
state : 2
log : 5171 : 이미 막힌 객실 선택
YA20151207130233 - 2017-02-10 14:48:37
state : 1
log : 21738 / 2017-2-13
YA20151207130233 - 2017-02-10 14:48:39
state : 1
log : 21737 / 2017-2-13
YA20151207130233 - 2017-02-10 14:48:40
state : 1
log : 21720 / 2017-2-14
YA20151207130233 - 2017-02-10 14:48:41
state : 2
log : 5172 : 이미 막힌 객실 선택
YA20151207130233 - 2017-02-10 14:48:42
state : 2
log : 5171 : 이미 막힌 객실 선택
YA20151207130233 - 2017-02-10 14:48:44
state : 1
log : 21736 / 2017-2-15
YA20151207130233 - 2017-02-10 14:48:45
state : 1
log : 21720 / 2017-2-16
YA20151207130233 - 2017-02-10 14:48:46
state : 1
log : 21721 / 2017-2-16
YA20151207130233 - 2017-02-10 14:48:48
state : 1
log : 21738 / 2017-2-16
YA20151207130233 - 2017-02-10 14:48:49
state : 1
log : 21739 / 2017-2-16
YA20151207130233 - 2017-02-10 14:48:50
state : 1
log : 21723 / 2017-2-17
YA20151207130233 - 2017-02-10 14:48:51
state : 1
log : 21736 / 2017-2-17
2017-02-10 14:49:03
key : YA20151207130233
state : 1
log : 29446 / 2017-02-19
YA20151207130233 - 2017-02-10 14:50:03
state : 1
log : 43772 / 2017-02-12
2017-02-10 14:51:11
key : YA20151207130233
state : 1
log : 46324 / 2017-2-11
YA20151207130233 - 2017-02-10 14:51:38
state : 3
log :  : 등록된 객실 없습니다
YA20161116113212 - 2017-02-10 14:51:54
state : 1
log : 47017 / 2017-02-10
YA20151207130233 - 2017-02-10 14:52:41
state : 1
log : 21814 / 2017-2-10
YA20161116113212 - 2017-02-10 15:00:59
state : 1
log : 32825 / 2017-02-10
YA20161116113212 - 2017-02-10 15:05:02
state : 1
log : 21133 / 2017-02-10
YA20151207130233 - 2017-02-10 15:05:45
state : 1
log : 43772 / 2017-2-12
YA20151207130233 - 2017-02-10 15:07:09
state : 1
log : 43771 / 2017-2-11
YA20151207130233 - 2017-02-10 15:08:38
state : 1
log : 46324 / 2017-2-11
YA20151207130233 - 2017-02-10 15:13:15
state : 1
log : 21776 / 2017-02-11
YA20151207130233 - 2017-02-10 15:14:59
state : 1
log : 21752 / 2017-02-27
YA20151207130233 - 2017-02-10 15:19:52
state : 1
log : 23580 / 2017-02-14
YA20151207130233 - 2017-02-10 15:20:05
state : 1
log : 21753 / 2017-02-13
YA20151207130233 - 2017-02-10 15:20:29
state : 1
log : 39857 / 2017-3-1
YA20151207130233 - 2017-02-10 15:20:30
state : 1
log : 39857 / 2017-3-2
YA20151207130233 - 2017-02-10 15:20:31
state : 1
log : 39857 / 2017-3-3
YA20151207130233 - 2017-02-10 15:20:33
state : 1
log : 39857 / 2017-3-4
YA20151207130233 - 2017-02-10 15:20:34
state : 1
log : 39857 / 2017-3-5
YA20151207130233 - 2017-02-10 15:20:35
state : 1
log : 39857 / 2017-3-6
YA20151207130233 - 2017-02-10 15:20:37
state : 1
log : 39857 / 2017-3-7
YA20151207130233 - 2017-02-10 15:20:38
state : 1
log : 39857 / 2017-3-8
YA20151207130233 - 2017-02-10 15:20:39
state : 1
log : 39857 / 2017-3-9
YA20151207130233 - 2017-02-10 15:20:40
state : 1
log : 39857 / 2017-3-10
YA20151207130233 - 2017-02-10 15:20:42
state : 1
log : 39857 / 2017-3-11
YA20151207130233 - 2017-02-10 15:21:17
state : 1
log : 39857 / 2017-3-12
YA20151207130233 - 2017-02-10 15:21:18
state : 1
log : 39857 / 2017-3-13
YA20151207130233 - 2017-02-10 15:21:20
state : 1
log : 39857 / 2017-3-14
YA20151207130233 - 2017-02-10 15:21:22
state : 1
log : 39857 / 2017-3-15
YA20151207130233 - 2017-02-10 15:21:23
state : 1
log : 39857 / 2017-3-16
YA20151207130233 - 2017-02-10 15:21:24
state : 1
log : 39857 / 2017-3-17
YA20151207130233 - 2017-02-10 15:21:26
state : 1
log : 39857 / 2017-3-18
YA20151207130233 - 2017-02-10 15:21:27
state : 1
log : 39857 / 2017-3-19
YA20151207130233 - 2017-02-10 15:21:28
state : 1
log : 39857 / 2017-3-20
YA20151207130233 - 2017-02-10 15:21:30
state : 1
log : 39857 / 2017-3-21
YA20151207130233 - 2017-02-10 15:21:31
state : 1
log : 39857 / 2017-3-22
YA20151207130233 - 2017-02-10 15:21:32
state : 1
log : 39857 / 2017-3-23
YA20151207130233 - 2017-02-10 15:21:35
state : 1
log : 39857 / 2017-3-24
YA20151207130233 - 2017-02-10 15:21:36
state : 1
log : 39857 / 2017-3-25
YA20151207130233 - 2017-02-10 15:21:37
state : 1
log : 39857 / 2017-3-26
YA20151207130233 - 2017-02-10 15:21:39
state : 1
log : 39857 / 2017-3-27
YA20151207130233 - 2017-02-10 15:21:40
state : 1
log : 39857 / 2017-3-28
YA20151207130233 - 2017-02-10 15:21:41
state : 1
log : 39857 / 2017-3-29
YA20151207130233 - 2017-02-10 15:21:42
state : 1
log : 39857 / 2017-3-30
YA20151207130233 - 2017-02-10 15:21:44
state : 1
log : 39857 / 2017-3-31
YA20151207130233 - 2017-02-10 15:23:36
state : 1
log : 21813 / 2017-2-10
YA20151207130233 - 2017-02-10 15:23:57
state : 1
log : 24133 / 2017-2-25
YA20151207130233 - 2017-02-10 15:25:42
state : 1
log : 19404 / 2017-2-11
YA20151207130233 - 2017-02-10 15:27:32
state : 1
log : 21748 / 2017-2-13
YA20151207130233 - 2017-02-10 15:27:42
state : 1
log : 21776 / 2017-2-11
YA20151207130233 - 2017-02-10 15:27:58
state : 1
log : 21765 / 2017-2-11
YA20151207130233 - 2017-02-10 15:28:09
state : 2
log : 4893 : 이미 막힌 객실 선택
YA20151207130233 - 2017-02-10 15:28:22
state : 1
log : 21771 / 2017-2-11
YA20151207130233 - 2017-02-10 15:38:07
state : 1
log : 23584 / 2017-02-11
YA20151207130233 - 2017-02-10 15:49:45
state : 1
log : 24133 / 2017-2-11
YA20161116113212 - 2017-02-10 15:54:40
state : 1
log : 5864 / 2017-02-10
YA20151207130233 - 2017-02-10 15:59:03
state : 1
log : 21766 / 2017-2-10
YA20151207130233 - 2017-02-10 15:59:04
state : 2
log : 4900 : 이미 막힌 객실 선택
YA20151207130233 - 2017-02-10 15:59:38
state : 1
log : 21814 / 2017-2-10
YA20161116113212 - 2017-02-10 16:01:55
state : 1
log : 37186 / 2017-02-12
37186 / 2017-02-13
YA20151207130233 - 2017-02-10 16:03:43
state : 1
log : 33980 / 2017-3-18
YA20151207130233 - 2017-02-10 16:04:12
state : 1
log : 21740 / 2017-02-11
YA20151207130233 - 2017-02-10 16:05:16
state : 1
log : 17754 / 2017-02-11
YA20161116113212 - 2017-02-10 16:12:43
state : 1
log : 22496 / 2017-02-10
YA20161116113212 - 2017-02-10 16:13:09
state : 1
log : 37998 / 2017-02-13
YA20151207130233 - 2017-02-10 16:13:20
state : 1
log : 17751 / 2017-2-10
2017-02-10 16:13:39
key : YA20151207130233
state : 1
log : 17754 / 2017-2-10
2017-02-10 16:15:41
key : YA20151207130233
state : 1
log : 24763 / 2017-2-10
2017-02-10 16:15:42
key : YA20151207130233
state : 1
log : 24755 / 2017-2-10
YA20151207130233 - 2017-02-10 16:16:09
state : 1
log : 24773 / 2017-2-10
YA20151207130233 - 2017-02-10 16:16:10
state : 1
log : 24755 / 2017-2-10
YA20151207130233 - 2017-02-10 16:16:26
state : 1
log : 24773 / 2017-2-11
YA20151207130233 - 2017-02-10 16:17:20
state : 1
log : 21784 / 2017-2-11
YA20151207130233 - 2017-02-10 16:17:22
state : 1
log : 21786 / 2017-2-11
YA20151207130233 - 2017-02-10 16:17:23
state : 1
log : 21789 / 2017-2-11
YA20151207130233 - 2017-02-10 16:17:25
state : 1
log : 21790 / 2017-2-11
YA20151207130233 - 2017-02-10 16:17:30
state : 1
log : 10541 / 2017-3-18
YA20161116113212 - 2017-02-10 16:18:48
state : 1
log : 44705 / 2017-02-11
YA20151207130233 - 2017-02-10 16:21:41
state : 2
log : 4684 : 이미 막힌 객실 선택
YA20161116113212 - 2017-02-10 16:27:55
state : 1
log : 29949 / 2017-02-11
YA20151207130233 - 2017-02-10 16:28:32
state : 1
log : 21813 / 2017-2-10
2017-02-10 16:30:05
key : YA20151207130233
state : 1
log : 24086 / 2017-02-17
2017-02-10 16:30:07
key : YA20151207130233
state : 1
log : 24086 / 2017-02-18
YA20161116113212 - 2017-02-10 16:31:30
state : 1
log : 44410 / 2017-02-10
YA20151207130233 - 2017-02-10 16:33:16
state : 1
log : 24086 / 2017-02-17
YA20151207130233 - 2017-02-10 16:33:18
state : 1
log : 24086 / 2017-02-18
YA20151207130233 - 2017-02-10 16:33:42
state : 1
log : 21752 / 2017-2-10
YA20151207130233 - 2017-02-10 16:35:31
state : 1
log : 22868 / 2017-2-11
YA20151207130233 - 2017-02-10 16:35:32
state : 1
log : 22868 / 2017-2-12
YA20151207130233 - 2017-02-10 16:48:44
state : 2
log : 5246 : 이미 막힌 객실 선택
YA20151207130233 - 2017-02-10 16:55:04
state : 2
log : 6403 : 이미 막힌 객실 선택
YA20151207130233 - 2017-02-10 17:01:11
state : 1
log : 21818 / 2017-02-21
YA20151207130233 - 2017-02-10 17:02:34
state : 1
log : 24836 / 2017-2-17
YA20151207130233 - 2017-02-10 17:15:08
state : 1
log : 25048 / 2017-02-18
YA20151207130233 - 2017-02-10 17:19:39
state : 1
log : 25048 / 2017-2-18
YA20151207130233 - 2017-02-10 17:19:42
state : 1
log : 25048 / 2017-2-18
YA20151207130233 - 2017-02-10 17:21:19
state : 1
log : 24767 / 2017-02-10
YA20161116113212 - 2017-02-10 17:23:31
state : 1
log : 23723 / 2017-02-11
YA20151207130233 - 2017-02-10 17:23:50
state : 2
log : 4602 : 이미 막힌 객실 선택
YA20151207130233 - 2017-02-10 17:28:30
state : 1
log : 21751 / 2017-2-10
YA20151207130233 - 2017-02-10 17:36:28
state : 1
log : 43769 / 2017-2-18
YA20161116113212 - 2017-02-10 17:37:49
state : 1
log : 498 / 2017-02-11
YA20161116113212 - 2017-02-10 17:38:18
state : 1
log : 21798 / 2017-02-10
YA20151207130233 - 2017-02-10 17:39:35
state : 2
log : 4364 : 이미 막힌 객실 선택
YA20161116113212 - 2017-02-10 17:42:06
state : 1
log : 14409 / 2017-02-10
2017-02-10 17:43:28
key : YA20151207130233
state : 1
log : 46329 / 2017-2-11
YA20161116113212 - 2017-02-10 17:45:43
state : 1
log : 20697 / 2017-02-10
YA20151207130233 - 2017-02-10 17:47:17
state : 1
log : 24086 / 2017-2-10
YA20151207130233 - 2017-02-10 17:47:33
state : 1
log : 24094 / 2017-2-25
YA20151207130233 - 2017-02-10 17:47:58
state : 3
log : 6302 : 등록된 객실 없습니다
YA20161116113212 - 2017-02-10 17:52:05
state : 1
log : 38316 / 2017-02-13
YA20161116113212 - 2017-02-10 17:59:10
state : 1
log : 16125 / 2017-02-10
YA20161116113212 - 2017-02-10 18:07:39
state : 1
log : 36869 / 2017-02-22
YA20161116113212 - 2017-02-10 18:07:56
state : 1
log : 25485 / 2017-02-18
YA20161116113212 - 2017-02-10 18:09:43
state : 1
log : 46669 / 2017-02-18
YA20151207130233 - 2017-02-10 18:12:24
state : 2
log : 5058 : 이미 막힌 객실 선택
YA20151207130233 - 2017-02-10 18:32:04
state : 1
log : 18057 / 2017-2-10
2017-02-10 18:32:14
key : YA20151207130233
state : 1
log : 18059 / 2017-2-10
YA20151207130233 - 2017-02-10 18:39:29
state : 1
log : 21822 / 2017-2-17
2017-02-10 18:42:16
key : YA20151207130233
state : 1
log : 29444 / 2017-02-12
YA20151207130233 - 2017-02-10 18:43:38
state : 3
log :  : 등록된 객실 없습니다
YA20151207130233 - 2017-02-10 18:48:47
state : 1
log : 21746 / 2017-02-27
YA20151207130233 - 2017-02-10 18:51:35
state : 1
log : 35131 / 2017-02-18
2017-02-10 18:57:51
key : YA20151207130233
state : 1
log : 22869 / 2017-02-10
YA20151207130233 - 2017-02-10 18:58:56
state : 3
log :  : 등록된 객실 없습니다
YA20151207130233 - 2017-02-10 18:59:25
state : 1
log : 24767 / 2017-2-10
YA20151207130233 - 2017-02-10 18:59:26
state : 2
log : 4603 : 이미 막힌 객실 선택
YA20151207130233 - 2017-02-10 18:59:49
state : 2
log : 4603 : 이미 막힌 객실 선택
2017-02-10 19:00:05
key : YA20151207130233
state : 1
log : 24768 / 2017-2-10
YA20151207130233 - 2017-02-10 19:00:23
state : 1
log : 21756 / 2017-02-12
YA20151207130233 - 2017-02-10 19:01:07
state : 1
log : 9723 / 2017-02-12
YA20151207130233 - 2017-02-10 19:06:02
state : 1
log : 16642 / 2017-2-11
YA20151207130233 - 2017-02-10 19:11:30
state : 1
log : 20714 / 2017-02-25
YA20151207130233 - 2017-02-10 19:17:18
state : 1
log : 21820 / 2017-2-10
YA20151207130233 - 2017-02-10 19:18:36
state : 1
log : 9725 / 2017-02-18
YA20151207130233 - 2017-02-10 19:21:39
state : 1
log : 21819 / 2017-02-12
YA20161116113212 - 2017-02-10 19:31:12
state : 1
log : 19780 / 2017-02-13
YA20161116113212 - 2017-02-10 19:34:10
state : 1
log : 22665 / 2017-02-17
YA20151207130233 - 2017-02-10 19:48:05
state : 1
log : 23315 / 2017-2-25
2017-02-10 19:52:13
key : YA20151207130233
state : 1
log : 29446 / 2017-02-19
YA20151207130233 - 2017-02-10 19:53:04
state : 3
log :  : 등록된 객실 없습니다
YA20151207130233 - 2017-02-10 19:57:15
state : 1
log : 48301 / 2017-2-10
2017-02-10 19:58:39
key : YA20151207130233
state : 1
log : 21757 / 2017-2-10
YA20161116113212 - 2017-02-10 19:58:39
state : 1
log : 24383 / 2017-02-11
YA20151207130233 - 2017-02-10 20:00:05
state : 1
log : 21758 / 2017-2-10
YA20161116113212 - 2017-02-10 20:02:56
state : 1
log : 25138 / 2017-02-12
YA20161116113212 - 2017-02-10 20:15:15
state : 1
log : 35748 / 2017-02-16
35748 / 2017-02-17
2017-02-10 20:15:52
key : YA20151207130233
state : 1
log : 17754 / 2017-2-11
YA20161116113212 - 2017-02-10 20:23:35
state : 1
log : 10252 / 2017-02-13
YA20151207130233 - 2017-02-10 20:25:04
state : 1
log : 43737 / 2017-02-13
YA20151207130233 - 2017-02-10 20:26:49
state : 1
log : 43737 / 2017-2-13
YA20151207130233 - 2017-02-10 20:29:31
state : 1
log : 9808 / 2017-02-11
YA20151207130233 - 2017-02-10 20:35:25
state : 1
log : 23480 / 2017-2-11
2017-02-10 20:38:09
key : YA20151207130233
state : 1
log : 46324 / 2017-2-11
YA20151207130233 - 2017-02-10 20:42:16
state : 1
log : 46325 / 2017-2-18
YA20151207130233 - 2017-02-10 20:42:18
state : 1
log : 46326 / 2017-2-18
YA20161116113212 - 2017-02-10 20:43:51
state : 1
log : 16283 / 2017-02-12
YA20151207130233 - 2017-02-10 20:45:10
state : 1
log : 34061 / 2017-2-14
YA20151207130233 - 2017-02-10 20:48:26
state : 1
log : 9723 / 2017-2-18
YA20151207130233 - 2017-02-10 20:50:50
state : 1
log : 17746 / 2017-02-11
YA20151207130233 - 2017-02-10 20:52:46
state : 1
log : 35127 / 2017-02-13
YA20161116113212 - 2017-02-10 20:54:37
state : 1
log : 43218 / 2017-02-10
2017-02-10 20:55:24
key : YA20151207130233
state : 1
log : 17745 / 2017-2-11
YA20151207130233 - 2017-02-10 20:55:39
state : 2
log : 4683 : 이미 막힌 객실 선택
YA20151207130233 - 2017-02-10 20:58:30
state : 1
log : 17746 / 2017-2-11
YA20151207130233 - 2017-02-10 20:58:54
state : 1
log : 24763 / 2017-2-11
YA20161116113212 - 2017-02-10 21:00:05
state : 1
log : 16348 / 2017-02-10
YA20151207130233 - 2017-02-10 21:01:24
state : 1
log : 24785 / 2017-2-11
2017-02-10 21:01:27
key : YA20151207130233
state : 1
log : 23482 / 2017-02-11
YA20151207130233 - 2017-02-10 21:01:53
state : 1
log : 43741 / 2017-2-15
YA20151207130233 - 2017-02-10 21:01:55
state : 1
log : 43766 / 2017-2-15
YA20151207130233 - 2017-02-10 21:01:56
state : 1
log : 43769 / 2017-2-15
YA20151207130233 - 2017-02-10 21:01:57
state : 1
log : 43771 / 2017-2-15
YA20151207130233 - 2017-02-10 21:01:59
state : 1
log : 43772 / 2017-2-15
YA20151207130233 - 2017-02-10 21:02:00
state : 1
log : 43773 / 2017-2-15
YA20151207130233 - 2017-02-10 21:02:46
state : 1
log : 43736 / 2017-2-16
YA20151207130233 - 2017-02-10 21:02:53
state : 1
log : 23482 / 2017-02-11
YA20161116113212 - 2017-02-10 21:05:12
state : 1
log : 3938 / 2017-02-10
YA20151207130233 - 2017-02-10 21:08:12
state : 1
log : 20705 / 2017-2-10
YA20151207130233 - 2017-02-10 21:08:13
state : 1
log : 20706 / 2017-2-10
YA20151207130233 - 2017-02-10 21:08:15
state : 1
log : 20709 / 2017-2-10
YA20151207130233 - 2017-02-10 21:17:01
state : 1
log : 23480 / 2017-2-11
YA20151207130233 - 2017-02-10 21:17:27
state : 1
log : 23481 / 2017-2-10
YA20151207130233 - 2017-02-10 21:20:10
state : 1
log : 23482 / 2017-2-11
YA20151207130233 - 2017-02-10 21:22:07
state : 1
log : 9726 / 2017-02-16
YA20151207130233 - 2017-02-10 21:27:36
state : 1
log : 14495 / 2017-02-11
YA20161116113212 - 2017-02-10 21:31:58
state : 1
log : 43060 / 2017-02-10
YA20161116113212 - 2017-02-10 21:43:34
state : 1
log : 45366 / 2017-02-11
YA20151207130233 - 2017-02-10 21:44:35
state : 1
log : 24763 / 2017-2-11
YA20161116113212 - 2017-02-10 21:50:20
state : 1
log : 45001 / 2017-02-21
YA20151207130233 - 2017-02-10 21:51:52
state : 1
log : 35133 / 2017-02-11
YA20151207130233 - 2017-02-10 21:54:11
state : 1
log : 25067 / 2017-2-14
YA20151207130233 - 2017-02-10 21:54:13
state : 1
log : 25068 / 2017-2-14
YA20151207130233 - 2017-02-10 21:54:14
state : 1
log : 25069 / 2017-2-15
YA20151207130233 - 2017-02-10 21:54:16
state : 1
log : 25067 / 2017-2-17
YA20151207130233 - 2017-02-10 21:54:17
state : 1
log : 25068 / 2017-2-17
YA20151207130233 - 2017-02-10 21:54:18
state : 1
log : 25068 / 2017-2-10
YA20151207130233 - 2017-02-10 21:54:20
state : 1
log : 25067 / 2017-2-14
YA20151207130233 - 2017-02-10 21:54:21
state : 1
log : 25068 / 2017-2-14
YA20151207130233 - 2017-02-10 21:54:23
state : 1
log : 25069 / 2017-2-15
YA20151207130233 - 2017-02-10 21:54:25
state : 1
log : 25067 / 2017-2-17
YA20151207130233 - 2017-02-10 21:54:26
state : 1
log : 25068 / 2017-2-17
YA20151207130233 - 2017-02-10 21:54:27
state : 1
log : 25068 / 2017-2-10
YA20151207130233 - 2017-02-10 21:54:28
state : 1
log : 25067 / 2017-2-14
YA20151207130233 - 2017-02-10 21:54:30
state : 1
log : 29446 / 2017-02-19
YA20151207130233 - 2017-02-10 21:54:30
state : 1
log : 25068 / 2017-2-14
YA20151207130233 - 2017-02-10 21:54:31
state : 1
log : 25069 / 2017-2-15
YA20151207130233 - 2017-02-10 21:54:32
state : 1
log : 25067 / 2017-2-17
YA20151207130233 - 2017-02-10 21:54:33
state : 1
log : 25068 / 2017-2-17
YA20151207130233 - 2017-02-10 21:54:35
state : 1
log : 25068 / 2017-2-10
YA20151207130233 - 2017-02-10 21:54:36
state : 1
log : 25067 / 2017-2-14
YA20151207130233 - 2017-02-10 21:54:38
state : 1
log : 25068 / 2017-2-14
YA20151207130233 - 2017-02-10 21:54:39
state : 1
log : 25069 / 2017-2-15
YA20151207130233 - 2017-02-10 21:54:40
state : 1
log : 25067 / 2017-2-17
YA20151207130233 - 2017-02-10 21:54:41
state : 1
log : 25068 / 2017-2-17
YA20151207130233 - 2017-02-10 21:54:43
state : 1
log : 25068 / 2017-2-10
YA20151207130233 - 2017-02-10 21:54:45
state : 1
log : 25067 / 2017-2-14
YA20151207130233 - 2017-02-10 21:54:46
state : 1
log : 25068 / 2017-2-14
YA20151207130233 - 2017-02-10 21:54:48
state : 1
log : 25069 / 2017-2-15
YA20151207130233 - 2017-02-10 21:54:50
state : 1
log : 25067 / 2017-2-17
YA20151207130233 - 2017-02-10 21:54:52
state : 1
log : 25068 / 2017-2-17
YA20151207130233 - 2017-02-10 21:54:54
state : 1
log : 25068 / 2017-2-10
YA20151207130233 - 2017-02-10 21:54:55
state : 1
log : 25067 / 2017-2-14
YA20151207130233 - 2017-02-10 21:54:56
state : 1
log : 25068 / 2017-2-14
YA20151207130233 - 2017-02-10 21:54:57
state : 1
log : 25069 / 2017-2-15
YA20151207130233 - 2017-02-10 21:54:59
state : 1
log : 25067 / 2017-2-17
YA20151207130233 - 2017-02-10 21:55:01
state : 1
log : 25068 / 2017-2-17
YA20151207130233 - 2017-02-10 21:55:02
state : 1
log : 35133 / 2017-2-11
YA20151207130233 - 2017-02-10 21:55:26
state : 1
log : 17745 / 2017-2-11
2017-02-10 21:56:50
key : YA20151207130233
state : 1
log : 11099 / 2017-3-3
2017-02-10 21:58:37
key : YA20151207130233
state : 1
log : 21790 / 2017-2-11
YA20161116113212 - 2017-02-10 22:03:54
state : 1
log : 23312 / 2017-02-20
YA20161116113212 - 2017-02-10 22:10:42
state : 1
log : 29020 / 2017-02-26
YA20161116113212 - 2017-02-10 22:16:05
state : 1
log : 21648 / 2017-02-27
YA20151207130233 - 2017-02-10 22:19:25
state : 1
log : 17754 / 2017-2-10
YA20151207130233 - 2017-02-10 22:20:53
state : 1
log : 33987 / 2017-02-27
YA20151207130233 - 2017-02-10 22:43:51
state : 3
log : 6214 : 등록된 객실 없습니다
YA20151207130233 - 2017-02-10 22:43:52
state : 3
log : 6250 : 등록된 객실 없습니다
YA20161116113212 - 2017-02-10 22:44:50
state : 1
log : 9269 / 2017-02-10
YA20161116113212 - 2017-02-10 22:50:03
state : 1
log : 40778 / 2017-02-11
YA20170210145636 - 2017-02-10 22:52:34
state : 3
log : 19543 : 등록된 객실 없습니다
YA20151207130233 - 2017-02-10 23:05:15
state : 1
log : 39855 / 2017-2-11
YA20161116113212 - 2017-02-10 23:09:52
state : 1
log : 19981 / 2017-02-15
YA20151207130233 - 2017-02-10 23:16:31
state : 1
log : 9728 / 2017-02-13
YA20151207130233 - 2017-02-10 23:18:47
state : 2
log : 4899 : 이미 막힌 객실 선택
YA20161116113212 - 2017-02-10 23:40:55
state : 1
log : 26606 / 2017-02-12
26606 / 2017-02-13
26606 / 2017-02-14
YA20151207130233 - 2017-02-10 23:44:06
state : 1
log : 29446 / 2017-02-12
YA20151207130233 - 2017-02-10 23:44:07
state : 1
log : 29446 / 2017-02-13
YA20151207130233 - 2017-02-10 23:49:22
state : 1
log : 47860 / 2017-02-11
YA20151207130233 - 2017-02-10 23:54:15
state : 1
log : 20713 / 2017-02-13
