YA20161116113212 - 2017-01-30 00:07:32
state : 1
log : 22430 / 2017-01-30
YA20161116113212 - 2017-01-30 00:27:29
state : 1
log : 44289 / 2017-01-30
YA20161116113212 - 2017-01-30 00:27:32
state : 1
log : 10282 / 2017-01-30
YA20151207130233 - 2017-01-30 00:28:40
state : 1
log : 14498 / 2017-02-05
YA20151207130233 - 2017-01-30 00:51:40
state : 1
log : 14495 / 2017-02-05
YA20161116113212 - 2017-01-30 01:02:43
state : 1
log : 30126 / 2017-02-10
YA20161116113212 - 2017-01-30 01:11:00
state : 1
log : 31260 / 2017-02-11
YA20151207130233 - 2017-01-30 01:12:59
state : 1
log : 34018 / 2017-01-30
YA20151207130233 - 2017-01-30 01:25:12
state : 1
log : 20714 / 2017-03-06
YA20151207130233 - 2017-01-30 01:42:00
state : 1
log : 17752 / 2017-01-31
YA20161116113212 - 2017-01-30 02:29:43
state : 1
log : 21523 / 2017-01-30
YA20161116113212 - 2017-01-30 02:48:50
state : 1
log : 34715 / 2017-01-31
YA20151207130233 - 2017-01-30 07:02:10
state : 1
log : 20714 / 2017-01-30
YA20151207130233 - 2017-01-30 07:33:40
state : 1
log : 43736 / 2017-1-31
YA20151207130233 - 2017-01-30 07:33:41
state : 1
log : 43737 / 2017-1-31
YA20151207130233 - 2017-01-30 07:33:43
state : 1
log : 43741 / 2017-1-31
YA20151207130233 - 2017-01-30 07:33:44
state : 1
log : 43766 / 2017-1-31
YA20151207130233 - 2017-01-30 07:33:45
state : 1
log : 43769 / 2017-1-31
YA20151207130233 - 2017-01-30 07:33:47
state : 1
log : 43771 / 2017-1-31
YA20151207130233 - 2017-01-30 07:33:48
state : 1
log : 43772 / 2017-1-31
YA20151207130233 - 2017-01-30 07:33:49
state : 1
log : 43773 / 2017-1-31
YA20151207130233 - 2017-01-30 07:34:58
state : 1
log : 43736 / 2017-2-12
YA20151207130233 - 2017-01-30 07:37:15
state : 1
log : 14498 / 2017-1-30
YA20151207130233 - 2017-01-30 07:44:33
state : 1
log : 14492 / 2017-02-07
YA20151207130233 - 2017-01-30 08:01:22
state : 1
log : 14497 / 2017-2-7
YA20161116113212 - 2017-01-30 08:25:58
state : 1
log : 22620 / 2017-01-30
YA20161116113212 - 2017-01-30 08:56:23
state : 1
log : 27306 / 2017-02-17
YA20151207130233 - 2017-01-30 09:12:09
state : 1
log : 17752 / 2017-1-30
YA20151207130233 - 2017-01-30 09:25:09
state : 3
log : 6304 : 등록된 객실 없습니다
YA20151207130233 - 2017-01-30 09:42:42
state : 1
log : 43741 / 2017-1-30
YA20151207130233 - 2017-01-30 09:43:52
state : 1
log : 33980 / 2017-2-4
YA20151207130233 - 2017-01-30 09:52:07
state : 2
log : 4361 : 이미 막힌 객실 선택
YA20151207130233 - 2017-01-30 09:52:08
state : 2
log : 4361 : 이미 막힌 객실 선택
YA20151207130233 - 2017-01-30 09:52:09
state : 2
log : 4361 : 이미 막힌 객실 선택
YA20151207130233 - 2017-01-30 09:52:25
state : 2
log : 4361 : 이미 막힌 객실 선택
YA20151207130233 - 2017-01-30 09:52:26
state : 2
log : 4361 : 이미 막힌 객실 선택
YA20151207130233 - 2017-01-30 10:17:13
state : 1
log : 21579 / 2017-02-03
YA20151207130233 - 2017-01-30 10:17:15
state : 1
log : 21581 / 2017-02-03
YA20151207130233 - 2017-01-30 10:17:16
state : 1
log : 36252 / 2017-02-03
YA20161116113212 - 2017-01-30 10:19:58
state : 1
log : 21900 / 2017-01-30
2017-01-30 10:29:44
key : YA20151207130233
state : 1
log : 29442 / 2017-1-31
YA20151207130233 - 2017-01-30 10:29:58
state : 1
log : 29442 / 2017-1-30
YA20151207130233 - 2017-01-30 10:29:59
state : 1
log : 29442 / 2017-1-31
YA20151207130233 - 2017-01-30 10:38:40
state : 1
log : 19374 / 2017-1-31
YA20151207130233 - 2017-01-30 10:42:01
state : 1
log : 39856 / 2017-2-5
YA20151207130233 - 2017-01-30 10:43:46
state : 1
log : 21817 / 2017-02-08
YA20151207130233 - 2017-01-30 10:48:33
state : 2
log : 4360 : 이미 막힌 객실 선택
YA20151207130233 - 2017-01-30 10:54:58
state : 1
log : 21746 / 2017-1-30
YA20151207130233 - 2017-01-30 11:06:45
state : 1
log : 9728 / 2017-2-1
YA20151207130233 - 2017-01-30 11:06:47
state : 1
log : 9727 / 2017-2-2
2017-01-30 11:13:11
key : YA20151207130233
state : 1
log : 17753 / 2017-02-03
YA20151207130233 - 2017-01-30 11:14:08
state : 3
log :  : 등록된 객실 없습니다
YA20151207130233 - 2017-01-30 11:14:08
state : 3
log :  : 등록된 객실 없습니다
YA20151207130233 - 2017-01-30 11:14:11
state : 1
log : 17752 / 2017-1-30
YA20151207130233 - 2017-01-30 11:14:13
state : 1
log : 17752 / 2017-1-31
YA20151207130233 - 2017-01-30 11:17:19
state : 1
log : 21747 / 2017-01-30
YA20151207130233 - 2017-01-30 11:25:18
state : 1
log : 29442 / 2017-1-30
YA20151207130233 - 2017-01-30 11:25:20
state : 1
log : 29442 / 2017-1-31
YA20151207130233 - 2017-01-30 11:27:46
state : 1
log : 20711 / 2017-02-02
YA20151207130233 - 2017-01-30 11:37:00
state : 1
log : 9508 / 2017-2-5
YA20161116113212 - 2017-01-30 11:42:02
state : 1
log : 40896 / 2017-02-01
40896 / 2017-02-02
YA20151207130233 - 2017-01-30 11:52:26
state : 1
log : 17750 / 2017-2-17
YA20151207130233 - 2017-01-30 11:53:56
state : 1
log : 14498 / 2017-1-30
YA20151207130233 - 2017-01-30 12:06:55
state : 1
log : 21756 / 2017-02-08
YA20151207130233 - 2017-01-30 12:07:37
state : 1
log : 29446 / 2017-01-30
2017-01-30 12:08:27
key : YA20151207130233
state : 1
log : 29445 / 2017-1-30
YA20161116113212 - 2017-01-30 12:29:25
state : 1
log : 24633 / 2017-01-30
YA20161116113212 - 2017-01-30 12:35:39
state : 1
log : 24637 / 2017-01-30
YA20161116113212 - 2017-01-30 12:47:52
state : 1
log : 44411 / 2017-01-30
YA20151207130233 - 2017-01-30 12:49:39
state : 7
log : 6401 : 해당 객실 예약 존재
YA20151207130233 - 2017-01-30 13:12:20
state : 1
log : 20714 / 2017-02-06
YA20151207130233 - 2017-01-30 13:23:14
state : 1
log : 46326 / 2017-2-11
YA20151207130233 - 2017-01-30 13:23:16
state : 1
log : 46327 / 2017-2-11
YA20151207130233 - 2017-01-30 13:23:17
state : 1
log : 46330 / 2017-2-11
YA20161116113212 - 2017-01-30 13:23:22
state : 1
log : 40899 / 2017-01-31
YA20151207130233 - 2017-01-30 13:26:14
state : 1
log : 21748 / 2017-1-30
YA20151207130233 - 2017-01-30 13:32:47
state : 1
log : 21747 / 2017-1-30
YA20161116113212 - 2017-01-30 13:44:57
state : 1
log : 34811 / 2017-01-30
YA20161116113212 - 2017-01-30 13:45:30
state : 1
log : 11409 / 2017-01-30
YA20161116113212 - 2017-01-30 13:46:19
state : 1
log : 36477 / 2017-02-01
YA20151207130233 - 2017-01-30 13:49:46
state : 1
log : 22721 / 2017-1-30
YA20151207130233 - 2017-01-30 13:49:47
state : 1
log : 22709 / 2017-1-30
YA20151207130233 - 2017-01-30 13:49:48
state : 1
log : 22721 / 2017-1-31
YA20151207130233 - 2017-01-30 13:49:49
state : 1
log : 22709 / 2017-1-31
YA20151207130233 - 2017-01-30 13:50:17
state : 1
log : 22722 / 2017-1-31
YA20151207130233 - 2017-01-30 13:50:47
state : 1
log : 21748 / 2017-01-30
YA20161116113212 - 2017-01-30 13:55:40
state : 1
log : 3544 / 2017-02-02
YA20161116113212 - 2017-01-30 14:09:29
state : 1
log : 23582 / 2017-01-30
YA20161116113212 - 2017-01-30 14:21:22
state : 1
log : 34435 / 2017-01-30
YA20151207130233 - 2017-01-30 14:26:27
state : 1
log : 9726 / 2017-02-17
YA20151207130233 - 2017-01-30 14:26:29
state : 1
log : 9726 / 2017-02-18
YA20151207130233 - 2017-01-30 14:28:09
state : 1
log : 23579 / 2017-1-30
YA20151207130233 - 2017-01-30 14:28:49
state : 2
log : 4683 : 이미 막힌 객실 선택
YA20151207130233 - 2017-01-30 14:28:50
state : 2
log : 4682 : 이미 막힌 객실 선택
YA20161116113212 - 2017-01-30 14:29:57
state : 1
log : 44608 / 2017-02-14
YA20151207130233 - 2017-01-30 14:31:23
state : 2
log : 4684 : 이미 막힌 객실 선택
YA20151207130233 - 2017-01-30 14:31:58
state : 1
log : 21756 / 2017-2-3
YA20151207130233 - 2017-01-30 14:31:59
state : 1
log : 21757 / 2017-2-3
YA20151207130233 - 2017-01-30 14:32:00
state : 1
log : 21757 / 2017-2-4
YA20151207130233 - 2017-01-30 14:32:01
state : 2
log : 4683 : 이미 막힌 객실 선택
2017-01-30 14:32:20
key : YA20151207130233
state : 1
log : 21757 / 2017-1-30
YA20161116113212 - 2017-01-30 14:33:54
state : 1
log : 10250 / 2017-01-30
YA20151207130233 - 2017-01-30 14:36:45
state : 1
log : 17753 / 2017-2-4
YA20161116113212 - 2017-01-30 14:54:05
state : 1
log : 30645 / 2017-02-02
YA20161116113212 - 2017-01-30 14:56:51
state : 1
log : 19717 / 2017-01-30
YA20161116113212 - 2017-01-30 14:59:33
state : 1
log : 24629 / 2017-01-30
YA20151207130233 - 2017-01-30 15:05:50
state : 1
log : 20708 / 2017-1-30
YA20151207130233 - 2017-01-30 15:07:59
state : 2
log : 5256 : 이미 막힌 객실 선택
YA20151207130233 - 2017-01-30 15:08:01
state : 1
log : 12532 / 2017-1-31
YA20151207130233 - 2017-01-30 15:12:10
state : 1
log : 20705 / 2017-2-1
YA20161116113212 - 2017-01-30 15:14:56
state : 1
log : 30940 / 2017-01-31
YA20151207130233 - 2017-01-30 15:16:57
state : 1
log : 43772 / 2017-02-20
YA20161116113212 - 2017-01-30 15:25:53
state : 1
log : 15277 / 2017-02-02
YA20161116113212 - 2017-01-30 15:31:15
state : 1
log : 36630 / 2017-02-08
YA20161116113212 - 2017-01-30 15:31:38
state : 1
log : 20697 / 2017-01-30
YA20151207130233 - 2017-01-30 15:38:16
state : 1
log : 21753 / 2017-02-01
YA20151207130233 - 2017-01-30 15:44:09
state : 1
log : 29445 / 2017-1-30
YA20151207130233 - 2017-01-30 15:44:44
state : 1
log : 22871 / 2017-1-30
YA20161116113212 - 2017-01-30 15:48:18
state : 1
log : 45360 / 2017-01-30
YA20151207130233 - 2017-01-30 15:54:08
state : 1
log : 21753 / 2017-02-05
YA20161116113212 - 2017-01-30 16:00:28
state : 2
log : 28875 : 이미 막힌 객실 선택
YA20161116113212 - 2017-01-30 16:04:28
state : 1
log : 44830 / 2017-01-30
YA20151207130233 - 2017-01-30 16:13:58
state : 1
log : 33980 / 2017-4-22
YA20151207130233 - 2017-01-30 16:15:22
state : 1
log : 21046 / 2017-01-30
YA20161116113212 - 2017-01-30 16:15:34
state : 1
log : 34744 / 2017-01-30
YA20151207130233 - 2017-01-30 16:16:15
state : 1
log : 21047 / 2017-01-30
2017-01-30 16:24:29
key : YA20151207130233
state : 1
log : 3700 / 2017-01-30
YA20151207130233 - 2017-01-30 16:25:41
state : 1
log : 20706 / 2017-1-30
YA20151207130233 - 2017-01-30 16:25:42
state : 1
log : 20713 / 2017-1-31
YA20151207130233 - 2017-01-30 16:25:54
state : 2
log : 5247 : 이미 막힌 객실 선택
YA20161116113212 - 2017-01-30 16:27:28
state : 1
log : 19493 / 2017-01-30
YA20151207130233 - 2017-01-30 16:30:15
state : 1
log : 23584 / 2017-1-30
YA20151207130233 - 2017-01-30 16:33:59
state : 1
log : 39855 / 2017-1-30
YA20151207130233 - 2017-01-30 16:34:09
state : 7
log : 6400 : 해당 객실 예약 존재
YA20161116113212 - 2017-01-30 16:43:25
state : 1
log : 44326 / 2017-02-05
YA20161116113212 - 2017-01-30 16:43:28
state : 1
log : 21129 / 2017-02-02
YA20161116113212 - 2017-01-30 16:51:10
state : 1
log : 36696 / 2017-02-06
36696 / 2017-02-07
YA20151207130233 - 2017-01-30 17:01:48
state : 1
log : 39856 / 2017-1-31
YA20161116113212 - 2017-01-30 17:02:34
state : 1
log : 35327 / 2017-02-11
YA20161116113212 - 2017-01-30 17:03:57
state : 1
log : 37456 / 2017-02-04
YA20161116113212 - 2017-01-30 17:06:21
state : 1
log : 4746 / 2017-01-30
YA20161116113212 - 2017-01-30 17:06:42
state : 1
log : 29549 / 2017-02-01
YA20151207130233 - 2017-01-30 17:09:37
state : 1
log : 19893 / 2017-02-16
YA20151207130233 - 2017-01-30 17:11:57
state : 1
log : 19361 / 2017-1-30
YA20151207130233 - 2017-01-30 17:19:13
state : 1
log : 25130 / 2017-02-12
YA20151207130233 - 2017-01-30 17:19:21
state : 2
log : 5901 : 이미 막힌 객실 선택
2017-01-30 17:28:12
key : YA20151207130233
state : 1
log : 18060 / 2017-2-11
YA20151207130233 - 2017-01-30 17:28:16
state : 1
log : 43769 / 2017-02-25
YA20151207130233 - 2017-01-30 17:29:20
state : 1
log : 43769 / 2017-2-25
YA20161116113212 - 2017-01-30 17:33:09
state : 1
log : 21958 / 2017-02-04
YA20151207130233 - 2017-01-30 17:34:55
state : 1
log : 29446 / 2017-02-07
YA20151207130233 - 2017-01-30 17:34:56
state : 1
log : 29446 / 2017-02-08
YA20151207130233 - 2017-01-30 17:36:01
state : 1
log : 43772 / 2017-2-20
YA20161116113212 - 2017-01-30 17:40:51
state : 1
log : 43030 / 2017-01-30
YA20151207130233 - 2017-01-30 17:44:26
state : 1
log : 21745 / 2017-01-31
YA20161116113212 - 2017-01-30 17:46:21
state : 1
log : 29398 / 2017-02-05
YA20151207130233 - 2017-01-30 17:51:38
state : 1
log : 24086 / 2017-02-05
YA20151207130233 - 2017-01-30 17:56:57
state : 2
log : 5247 : 이미 막힌 객실 선택
YA20151207130233 - 2017-01-30 18:00:20
state : 3
log : 6304 : 등록된 객실 없습니다
2017-01-30 18:00:57
key : YA20151207130233
state : 1
log : 23313 / 2017-02-18
YA20161116113212 - 2017-01-30 18:12:54
state : 1
log : 23245 / 2017-01-30
YA20151207130233 - 2017-01-30 18:15:55
state : 1
log : 20704 / 2017-2-4
YA20151207130233 - 2017-01-30 18:19:30
state : 1
log : 21814 / 2017-02-04
YA20161116113212 - 2017-01-30 18:21:26
state : 1
log : 36183 / 2017-01-30
YA20151207130233 - 2017-01-30 18:23:35
state : 2
log : 4685 : 이미 막힌 객실 선택
YA20161116113212 - 2017-01-30 18:25:37
state : 1
log : 11215 / 2017-02-08
YA20161116113212 - 2017-01-30 18:26:09
state : 1
log : 11866 / 2017-02-14
YA20151207130233 - 2017-01-30 18:26:26
state : 1
log : 10537 / 2017-2-5
YA20151207130233 - 2017-01-30 18:26:27
state : 1
log : 10537 / 2017-2-5
YA20151207130233 - 2017-01-30 18:26:29
state : 1
log : 10537 / 2017-2-5
2017-01-30 18:33:07
key : YA20151207130233
state : 1
log : 23315 / 2017-02-18
2017-01-30 18:34:20
key : YA20151207130233
state : 1
log : 23315 / 2017-02-18
YA20151207130233 - 2017-01-30 18:35:54
state : 3
log :  : 등록된 객실 없습니다
YA20151207130233 - 2017-01-30 18:38:44
state : 1
log : 21822 / 2017-02-28
YA20151207130233 - 2017-01-30 18:42:22
state : 2
log : 4600 : 이미 막힌 객실 선택
YA20151207130233 - 2017-01-30 18:57:48
state : 3
log : 1645 : 등록된 객실 없습니다
YA20151207130233 - 2017-01-30 18:57:49
state : 3
log : 2326 : 등록된 객실 없습니다
YA20151207130233 - 2017-01-30 19:09:13
state : 1
log : 23637 / 2017-2-11
YA20151207130233 - 2017-01-30 19:14:56
state : 1
log : 24094 / 2017-2-11
YA20151207130233 - 2017-01-30 19:20:54
state : 1
log : 14497 / 2017-1-31
YA20151207130233 - 2017-01-30 19:36:52
state : 1
log : 15308 / 2017-1-30
YA20161116113212 - 2017-01-30 19:41:32
state : 1
log : 30424 / 2017-02-06
YA20161116113212 - 2017-01-30 20:05:04
state : 1
log : 27987 / 2017-02-14
27987 / 2017-02-15
2017-01-30 20:13:49
key : YA20151207130233
state : 1
log : 35134 / 2017-2-17
YA20151207130233 - 2017-01-30 20:29:06
state : 1
log : 21745 / 2017-2-2
YA20151207130233 - 2017-01-30 20:29:07
state : 1
log : 21753 / 2017-2-2
YA20151207130233 - 2017-01-30 20:29:08
state : 1
log : 21747 / 2017-2-2
YA20151207130233 - 2017-01-30 20:29:10
state : 1
log : 21748 / 2017-2-3
YA20151207130233 - 2017-01-30 20:29:11
state : 1
log : 21753 / 2017-2-3
YA20151207130233 - 2017-01-30 20:29:12
state : 2
log : 5778 : 이미 막힌 객실 선택
YA20151207130233 - 2017-01-30 20:29:13
state : 1
log : 21747 / 2017-2-4
YA20151207130233 - 2017-01-30 20:29:15
state : 1
log : 21753 / 2017-2-6
YA20151207130233 - 2017-01-30 20:29:17
state : 1
log : 21745 / 2017-2-7
YA20151207130233 - 2017-01-30 20:29:18
state : 1
log : 21748 / 2017-2-7
YA20151207130233 - 2017-01-30 20:29:20
state : 1
log : 21749 / 2017-2-7
YA20151207130233 - 2017-01-30 20:29:21
state : 1
log : 21747 / 2017-2-8
YA20151207130233 - 2017-01-30 20:29:22
state : 1
log : 21749 / 2017-2-8
YA20151207130233 - 2017-01-30 20:29:24
state : 1
log : 21748 / 2017-2-9
YA20151207130233 - 2017-01-30 20:29:25
state : 1
log : 21750 / 2017-2-10
YA20151207130233 - 2017-01-30 20:29:26
state : 1
log : 21750 / 2017-2-12
YA20151207130233 - 2017-01-30 20:29:27
state : 1
log : 21747 / 2017-2-12
YA20151207130233 - 2017-01-30 20:29:29
state : 1
log : 21750 / 2017-2-13
YA20151207130233 - 2017-01-30 20:29:30
state : 1
log : 21748 / 2017-2-14
YA20151207130233 - 2017-01-30 20:29:31
state : 1
log : 21747 / 2017-2-15
YA20151207130233 - 2017-01-30 20:29:33
state : 1
log : 21745 / 2017-2-16
YA20151207130233 - 2017-01-30 20:29:34
state : 1
log : 21751 / 2017-2-16
YA20151207130233 - 2017-01-30 20:29:35
state : 1
log : 21746 / 2017-2-16
YA20151207130233 - 2017-01-30 20:29:38
state : 1
log : 21750 / 2017-2-17
YA20151207130233 - 2017-01-30 20:29:39
state : 1
log : 21747 / 2017-2-17
YA20151207130233 - 2017-01-30 20:29:40
state : 1
log : 21750 / 2017-2-18
YA20161116113212 - 2017-01-30 20:40:07
state : 1
log : 46666 / 2017-02-01
YA20161116113212 - 2017-01-30 20:41:31
state : 1
log : 22946 / 2017-01-31
YA20161116113212 - 2017-01-30 20:42:07
state : 1
log : 15766 / 2017-01-31
2017-01-30 20:42:34
key : YA20151207130233
state : 1
log : 31612 / 2017-02-04
YA20151207130233 - 2017-01-30 20:42:45
state : 2
log : 4360 : 이미 막힌 객실 선택
YA20151207130233 - 2017-01-30 20:43:26
state : 3
log :  : 등록된 객실 없습니다
YA20151207130233 - 2017-01-30 20:46:23
state : 1
log : 31612 / 2017-02-04
YA20151207130233 - 2017-01-30 20:57:25
state : 3
log : 6302 : 등록된 객실 없습니다
YA20151207130233 - 2017-01-30 20:57:26
state : 3
log : 6299 : 등록된 객실 없습니다
YA20151207130233 - 2017-01-30 20:57:28
state : 3
log : 6298 : 등록된 객실 없습니다
YA20151207130233 - 2017-01-30 20:57:30
state : 1
log : 20704 / 2017-1-30
YA20151207130233 - 2017-01-30 20:57:31
state : 1
log : 20707 / 2017-1-30
YA20161116113212 - 2017-01-30 21:03:40
state : 1
log : 37552 / 2017-02-10
YA20151207130233 - 2017-01-30 21:04:50
state : 1
log : 9724 / 2017-02-25
YA20151207130233 - 2017-01-30 21:06:19
state : 1
log : 21754 / 2017-02-02
YA20151207130233 - 2017-01-30 21:16:03
state : 1
log : 21820 / 2017-01-31
YA20151207130233 - 2017-01-30 21:28:44
state : 1
log : 1491 / 2017-2-2
YA20151207130233 - 2017-01-30 21:35:55
state : 2
log : 5947 : 이미 막힌 객실 선택
YA20151207130233 - 2017-01-30 21:35:56
state : 1
log : 29445 / 2017-2-4
2017-01-30 21:38:56
key : YA20151207130233
state : 1
log : 47863 / 2017-02-07
YA20161116113212 - 2017-01-30 21:40:08
state : 1
log : 33928 / 2017-02-02
YA20151207130233 - 2017-01-30 21:40:35
state : 3
log :  : 등록된 객실 없습니다
2017-01-30 21:44:40
key : YA20151207130233
state : 1
log : 14493 / 2017-02-26
2017-01-30 21:44:41
key : YA20151207130233
state : 1
log : 14493 / 2017-02-27
2017-01-30 21:45:46
key : YA20151207130233
state : 1
log : 14493 / 2017-02-26
2017-01-30 21:45:47
key : YA20151207130233
state : 1
log : 14493 / 2017-02-27
YA20151207130233 - 2017-01-30 21:47:20
state : 3
log :  : 등록된 객실 없습니다
YA20151207130233 - 2017-01-30 21:47:21
state : 3
log :  : 등록된 객실 없습니다
YA20151207130233 - 2017-01-30 21:53:29
state : 1
log : 47864 / 2017-2-7
YA20151207130233 - 2017-01-30 22:02:17
state : 1
log : 47859 / 2017-2-1
YA20151207130233 - 2017-01-30 22:02:19
state : 1
log : 47861 / 2017-2-1
YA20151207130233 - 2017-01-30 22:02:20
state : 1
log : 47863 / 2017-2-1
YA20151207130233 - 2017-01-30 22:02:21
state : 1
log : 47865 / 2017-2-1
YA20151207130233 - 2017-01-30 22:02:23
state : 1
log : 47867 / 2017-2-1
YA20151207130233 - 2017-01-30 22:02:24
state : 1
log : 47873 / 2017-2-1
YA20151207130233 - 2017-01-30 22:02:25
state : 1
log : 47859 / 2017-2-2
YA20151207130233 - 2017-01-30 22:02:27
state : 1
log : 47861 / 2017-2-2
YA20161116113212 - 2017-01-30 22:02:27
state : 1
log : 464 / 2017-02-04
YA20151207130233 - 2017-01-30 22:02:28
state : 1
log : 47863 / 2017-2-2
2017-01-30 22:02:37
key : YA20151207130233
state : 1
log : 9727 / 2017-02-12
YA20151207130233 - 2017-01-30 22:03:44
state : 1
log : 47865 / 2017-2-2
YA20151207130233 - 2017-01-30 22:03:46
state : 1
log : 47867 / 2017-2-2
YA20151207130233 - 2017-01-30 22:03:47
state : 1
log : 47873 / 2017-2-2
YA20151207130233 - 2017-01-30 22:03:49
state : 1
log : 47859 / 2017-2-3
YA20151207130233 - 2017-01-30 22:03:50
state : 1
log : 47861 / 2017-2-3
YA20151207130233 - 2017-01-30 22:03:51
state : 1
log : 47863 / 2017-2-3
YA20151207130233 - 2017-01-30 22:03:53
state : 1
log : 47865 / 2017-2-3
YA20151207130233 - 2017-01-30 22:03:54
state : 1
log : 47867 / 2017-2-3
YA20151207130233 - 2017-01-30 22:03:56
state : 1
log : 47873 / 2017-2-3
YA20151207130233 - 2017-01-30 22:03:57
state : 2
log : 6552 : 이미 막힌 객실 선택
YA20151207130233 - 2017-01-30 22:04:00
state : 1
log : 47861 / 2017-2-4
YA20151207130233 - 2017-01-30 22:04:01
state : 1
log : 47863 / 2017-2-4
YA20151207130233 - 2017-01-30 22:04:02
state : 1
log : 47865 / 2017-2-4
YA20151207130233 - 2017-01-30 22:04:03
state : 1
log : 47867 / 2017-2-4
YA20151207130233 - 2017-01-30 22:04:05
state : 1
log : 47873 / 2017-2-4
YA20151207130233 - 2017-01-30 22:04:06
state : 1
log : 47865 / 2017-2-2
YA20151207130233 - 2017-01-30 22:04:08
state : 1
log : 47867 / 2017-2-2
YA20151207130233 - 2017-01-30 22:04:10
state : 1
log : 47873 / 2017-2-2
YA20151207130233 - 2017-01-30 22:04:11
state : 1
log : 47859 / 2017-2-3
YA20151207130233 - 2017-01-30 22:04:12
state : 1
log : 47861 / 2017-2-3
YA20151207130233 - 2017-01-30 22:04:14
state : 1
log : 47863 / 2017-2-3
YA20151207130233 - 2017-01-30 22:04:15
state : 1
log : 47865 / 2017-2-3
YA20151207130233 - 2017-01-30 22:04:17
state : 1
log : 47867 / 2017-2-3
YA20151207130233 - 2017-01-30 22:04:18
state : 1
log : 47873 / 2017-2-3
YA20151207130233 - 2017-01-30 22:04:19
state : 2
log : 6552 : 이미 막힌 객실 선택
YA20151207130233 - 2017-01-30 22:04:21
state : 1
log : 47861 / 2017-2-4
YA20151207130233 - 2017-01-30 22:04:22
state : 1
log : 47863 / 2017-2-4
YA20151207130233 - 2017-01-30 22:04:24
state : 1
log : 47865 / 2017-2-4
YA20151207130233 - 2017-01-30 22:04:25
state : 1
log : 47867 / 2017-2-4
YA20151207130233 - 2017-01-30 22:04:26
state : 1
log : 47873 / 2017-2-4
YA20151207130233 - 2017-01-30 22:04:44
state : 3
log :  : 등록된 객실 없습니다
YA20151207130233 - 2017-01-30 22:06:45
state : 1
log : 47859 / 2017-2-5
YA20151207130233 - 2017-01-30 22:06:46
state : 1
log : 47861 / 2017-2-5
YA20151207130233 - 2017-01-30 22:06:47
state : 1
log : 47863 / 2017-2-5
YA20151207130233 - 2017-01-30 22:06:49
state : 1
log : 47865 / 2017-2-5
YA20151207130233 - 2017-01-30 22:06:50
state : 1
log : 47867 / 2017-2-5
YA20151207130233 - 2017-01-30 22:06:52
state : 1
log : 47873 / 2017-2-5
YA20151207130233 - 2017-01-30 22:06:53
state : 1
log : 47859 / 2017-2-6
YA20151207130233 - 2017-01-30 22:06:54
state : 1
log : 47861 / 2017-2-6
YA20151207130233 - 2017-01-30 22:06:55
state : 1
log : 47863 / 2017-2-6
YA20151207130233 - 2017-01-30 22:06:58
state : 1
log : 47865 / 2017-2-6
YA20151207130233 - 2017-01-30 22:06:59
state : 1
log : 47867 / 2017-2-6
YA20151207130233 - 2017-01-30 22:07:00
state : 1
log : 47873 / 2017-2-6
YA20151207130233 - 2017-01-30 22:07:02
state : 1
log : 47859 / 2017-2-7
YA20151207130233 - 2017-01-30 22:07:03
state : 1
log : 47861 / 2017-2-7
YA20151207130233 - 2017-01-30 22:07:04
state : 1
log : 47863 / 2017-2-7
YA20151207130233 - 2017-01-30 22:07:05
state : 1
log : 47865 / 2017-2-7
YA20151207130233 - 2017-01-30 22:07:07
state : 1
log : 47867 / 2017-2-7
YA20151207130233 - 2017-01-30 22:07:08
state : 1
log : 47873 / 2017-2-7
YA20151207130233 - 2017-01-30 22:07:09
state : 1
log : 47859 / 2017-2-8
YA20151207130233 - 2017-01-30 22:07:11
state : 1
log : 47861 / 2017-2-8
YA20151207130233 - 2017-01-30 22:07:12
state : 1
log : 47863 / 2017-2-8
YA20151207130233 - 2017-01-30 22:07:13
state : 1
log : 47865 / 2017-2-8
YA20151207130233 - 2017-01-30 22:07:15
state : 1
log : 47867 / 2017-2-8
YA20151207130233 - 2017-01-30 22:07:17
state : 1
log : 47873 / 2017-2-8
YA20151207130233 - 2017-01-30 22:07:18
state : 1
log : 47859 / 2017-2-9
YA20151207130233 - 2017-01-30 22:07:19
state : 1
log : 47861 / 2017-2-9
YA20151207130233 - 2017-01-30 22:07:21
state : 1
log : 47863 / 2017-2-9
YA20151207130233 - 2017-01-30 22:07:22
state : 1
log : 47865 / 2017-2-9
YA20151207130233 - 2017-01-30 22:07:23
state : 1
log : 47867 / 2017-2-9
YA20151207130233 - 2017-01-30 22:07:26
state : 1
log : 47873 / 2017-2-9
YA20151207130233 - 2017-01-30 22:07:27
state : 1
log : 47859 / 2017-2-10
YA20151207130233 - 2017-01-30 22:07:28
state : 1
log : 47861 / 2017-2-10
YA20151207130233 - 2017-01-30 22:07:30
state : 1
log : 47863 / 2017-2-10
YA20151207130233 - 2017-01-30 22:07:31
state : 1
log : 47865 / 2017-2-10
YA20151207130233 - 2017-01-30 22:07:33
state : 1
log : 47867 / 2017-2-10
YA20151207130233 - 2017-01-30 22:07:35
state : 1
log : 47873 / 2017-2-10
YA20151207130233 - 2017-01-30 22:07:36
state : 1
log : 47859 / 2017-2-11
2017-01-30 22:07:37
key : YA20151207130233
state : 1
log : 9727 / 2017-02-12
YA20151207130233 - 2017-01-30 22:07:37
state : 1
log : 47861 / 2017-2-11
YA20151207130233 - 2017-01-30 22:07:38
state : 1
log : 47863 / 2017-2-11
YA20151207130233 - 2017-01-30 22:07:40
state : 1
log : 47865 / 2017-2-11
YA20151207130233 - 2017-01-30 22:07:41
state : 1
log : 47867 / 2017-2-11
YA20151207130233 - 2017-01-30 22:07:42
state : 1
log : 47873 / 2017-2-11
YA20151207130233 - 2017-01-30 22:07:44
state : 1
log : 47859 / 2017-2-12
YA20151207130233 - 2017-01-30 22:07:46
state : 1
log : 47861 / 2017-2-12
YA20151207130233 - 2017-01-30 22:07:47
state : 1
log : 47863 / 2017-2-12
YA20151207130233 - 2017-01-30 22:07:48
state : 1
log : 47865 / 2017-2-12
YA20151207130233 - 2017-01-30 22:07:49
state : 1
log : 47867 / 2017-2-12
YA20151207130233 - 2017-01-30 22:07:51
state : 1
log : 47873 / 2017-2-12
YA20151207130233 - 2017-01-30 22:07:52
state : 1
log : 47859 / 2017-2-13
YA20151207130233 - 2017-01-30 22:07:53
state : 1
log : 47861 / 2017-2-13
YA20151207130233 - 2017-01-30 22:07:54
state : 1
log : 47863 / 2017-2-13
YA20151207130233 - 2017-01-30 22:07:56
state : 1
log : 47865 / 2017-2-13
YA20151207130233 - 2017-01-30 22:07:57
state : 1
log : 47867 / 2017-2-13
YA20151207130233 - 2017-01-30 22:07:59
state : 1
log : 47873 / 2017-2-13
YA20151207130233 - 2017-01-30 22:08:00
state : 1
log : 47859 / 2017-2-14
YA20151207130233 - 2017-01-30 22:08:01
state : 1
log : 47861 / 2017-2-14
YA20151207130233 - 2017-01-30 22:08:02
state : 1
log : 47863 / 2017-2-14
YA20151207130233 - 2017-01-30 22:08:04
state : 1
log : 47865 / 2017-2-14
YA20151207130233 - 2017-01-30 22:08:05
state : 1
log : 47867 / 2017-2-14
YA20151207130233 - 2017-01-30 22:08:07
state : 1
log : 47873 / 2017-2-14
2017-01-30 22:08:08
key : YA20151207130233
state : 1
log : 9727 / 2017-02-12
YA20151207130233 - 2017-01-30 22:08:09
state : 1
log : 47859 / 2017-2-15
YA20151207130233 - 2017-01-30 22:08:10
state : 1
log : 47861 / 2017-2-15
YA20151207130233 - 2017-01-30 22:08:11
state : 1
log : 47863 / 2017-2-15
YA20151207130233 - 2017-01-30 22:08:13
state : 1
log : 47865 / 2017-2-15
YA20151207130233 - 2017-01-30 22:08:14
state : 1
log : 47867 / 2017-2-15
YA20151207130233 - 2017-01-30 22:08:15
state : 1
log : 47873 / 2017-2-15
YA20151207130233 - 2017-01-30 22:08:16
state : 1
log : 47859 / 2017-2-16
YA20151207130233 - 2017-01-30 22:08:18
state : 1
log : 47861 / 2017-2-16
YA20151207130233 - 2017-01-30 22:08:20
state : 1
log : 47863 / 2017-2-16
YA20151207130233 - 2017-01-30 22:08:22
state : 1
log : 47865 / 2017-2-16
YA20151207130233 - 2017-01-30 22:08:23
state : 1
log : 47867 / 2017-2-16
YA20151207130233 - 2017-01-30 22:08:25
state : 1
log : 47859 / 2017-2-17
YA20151207130233 - 2017-01-30 22:08:26
state : 1
log : 47861 / 2017-2-17
YA20151207130233 - 2017-01-30 22:08:27
state : 1
log : 47863 / 2017-2-17
YA20151207130233 - 2017-01-30 22:08:28
state : 1
log : 47865 / 2017-2-17
YA20151207130233 - 2017-01-30 22:08:30
state : 1
log : 47867 / 2017-2-17
YA20151207130233 - 2017-01-30 22:08:32
state : 1
log : 47873 / 2017-2-17
YA20151207130233 - 2017-01-30 22:08:34
state : 1
log : 47859 / 2017-2-18
YA20151207130233 - 2017-01-30 22:08:36
state : 1
log : 47861 / 2017-2-18
YA20151207130233 - 2017-01-30 22:08:37
state : 1
log : 47863 / 2017-2-18
YA20151207130233 - 2017-01-30 22:08:39
state : 1
log : 47865 / 2017-2-18
YA20151207130233 - 2017-01-30 22:08:41
state : 1
log : 47867 / 2017-2-18
YA20151207130233 - 2017-01-30 22:08:43
state : 1
log : 47873 / 2017-2-18
YA20151207130233 - 2017-01-30 22:08:44
state : 1
log : 47859 / 2017-2-19
YA20151207130233 - 2017-01-30 22:08:45
state : 1
log : 47861 / 2017-2-19
YA20151207130233 - 2017-01-30 22:08:47
state : 1
log : 47863 / 2017-2-19
YA20151207130233 - 2017-01-30 22:08:49
state : 1
log : 47865 / 2017-2-19
YA20151207130233 - 2017-01-30 22:08:50
state : 1
log : 47867 / 2017-2-19
YA20151207130233 - 2017-01-30 22:08:52
state : 1
log : 9727 / 2017-02-12
YA20151207130233 - 2017-01-30 22:08:52
state : 1
log : 47873 / 2017-2-19
YA20151207130233 - 2017-01-30 22:08:54
state : 1
log : 47859 / 2017-2-20
YA20151207130233 - 2017-01-30 22:08:55
state : 1
log : 47861 / 2017-2-20
YA20151207130233 - 2017-01-30 22:08:57
state : 1
log : 47863 / 2017-2-20
YA20151207130233 - 2017-01-30 22:08:59
state : 1
log : 47865 / 2017-2-20
YA20151207130233 - 2017-01-30 22:09:00
state : 1
log : 47867 / 2017-2-20
YA20151207130233 - 2017-01-30 22:09:01
state : 1
log : 47873 / 2017-2-20
YA20151207130233 - 2017-01-30 22:09:03
state : 1
log : 47859 / 2017-2-21
YA20151207130233 - 2017-01-30 22:09:05
state : 1
log : 47861 / 2017-2-21
YA20151207130233 - 2017-01-30 22:09:06
state : 1
log : 47863 / 2017-2-21
YA20151207130233 - 2017-01-30 22:09:07
state : 1
log : 47865 / 2017-2-21
YA20151207130233 - 2017-01-30 22:09:09
state : 1
log : 47867 / 2017-2-21
YA20151207130233 - 2017-01-30 22:09:11
state : 1
log : 47873 / 2017-2-21
YA20151207130233 - 2017-01-30 22:09:13
state : 1
log : 47859 / 2017-2-22
YA20151207130233 - 2017-01-30 22:09:14
state : 1
log : 47861 / 2017-2-22
YA20151207130233 - 2017-01-30 22:09:15
state : 1
log : 47863 / 2017-2-22
YA20151207130233 - 2017-01-30 22:09:17
state : 1
log : 47865 / 2017-2-22
YA20151207130233 - 2017-01-30 22:09:19
state : 1
log : 47867 / 2017-2-22
YA20151207130233 - 2017-01-30 22:09:20
state : 1
log : 47873 / 2017-2-22
YA20151207130233 - 2017-01-30 22:09:21
state : 1
log : 47859 / 2017-2-23
YA20151207130233 - 2017-01-30 22:09:23
state : 1
log : 47861 / 2017-2-23
YA20151207130233 - 2017-01-30 22:09:25
state : 1
log : 47863 / 2017-2-23
YA20151207130233 - 2017-01-30 22:09:26
state : 1
log : 47865 / 2017-2-23
YA20151207130233 - 2017-01-30 22:09:27
state : 1
log : 9727 / 2017-02-12
YA20151207130233 - 2017-01-30 22:09:28
state : 1
log : 47867 / 2017-2-23
YA20151207130233 - 2017-01-30 22:09:29
state : 1
log : 47873 / 2017-2-23
YA20151207130233 - 2017-01-30 22:09:30
state : 1
log : 47859 / 2017-2-24
YA20151207130233 - 2017-01-30 22:09:32
state : 1
log : 47861 / 2017-2-24
YA20151207130233 - 2017-01-30 22:09:33
state : 1
log : 47863 / 2017-2-24
YA20151207130233 - 2017-01-30 22:09:34
state : 1
log : 47865 / 2017-2-24
YA20151207130233 - 2017-01-30 22:09:36
state : 1
log : 47867 / 2017-2-24
YA20151207130233 - 2017-01-30 22:09:37
state : 1
log : 47873 / 2017-2-24
YA20151207130233 - 2017-01-30 22:09:38
state : 1
log : 47859 / 2017-2-25
YA20151207130233 - 2017-01-30 22:09:40
state : 1
log : 47861 / 2017-2-25
YA20151207130233 - 2017-01-30 22:09:41
state : 1
log : 47863 / 2017-2-25
YA20151207130233 - 2017-01-30 22:09:43
state : 1
log : 47865 / 2017-2-25
YA20151207130233 - 2017-01-30 22:09:44
state : 1
log : 47867 / 2017-2-25
YA20151207130233 - 2017-01-30 22:09:45
state : 1
log : 47873 / 2017-2-25
YA20151207130233 - 2017-01-30 22:09:47
state : 1
log : 47859 / 2017-2-26
YA20151207130233 - 2017-01-30 22:09:49
state : 1
log : 47861 / 2017-2-26
YA20151207130233 - 2017-01-30 22:09:50
state : 1
log : 47863 / 2017-2-26
YA20151207130233 - 2017-01-30 22:09:52
state : 1
log : 47865 / 2017-2-26
YA20151207130233 - 2017-01-30 22:09:53
state : 1
log : 47867 / 2017-2-26
YA20151207130233 - 2017-01-30 22:09:55
state : 1
log : 47873 / 2017-2-26
YA20151207130233 - 2017-01-30 22:09:58
state : 1
log : 47859 / 2017-2-27
YA20151207130233 - 2017-01-30 22:09:59
state : 1
log : 47861 / 2017-2-27
YA20151207130233 - 2017-01-30 22:10:00
state : 1
log : 47863 / 2017-2-27
YA20151207130233 - 2017-01-30 22:10:02
state : 1
log : 47865 / 2017-2-27
YA20151207130233 - 2017-01-30 22:10:03
state : 1
log : 47867 / 2017-2-27
YA20151207130233 - 2017-01-30 22:10:04
state : 1
log : 47873 / 2017-2-27
YA20151207130233 - 2017-01-30 22:10:07
state : 1
log : 47859 / 2017-2-28
YA20151207130233 - 2017-01-30 22:10:09
state : 1
log : 47861 / 2017-2-28
YA20151207130233 - 2017-01-30 22:10:10
state : 1
log : 47863 / 2017-2-28
YA20151207130233 - 2017-01-30 22:10:11
state : 1
log : 47865 / 2017-2-28
YA20151207130233 - 2017-01-30 22:10:13
state : 1
log : 47867 / 2017-2-28
YA20151207130233 - 2017-01-30 22:10:14
state : 1
log : 47873 / 2017-2-28
YA20151207130233 - 2017-01-30 22:10:35
state : 1
log : 47873 / 2017-2-16
YA20151207130233 - 2017-01-30 22:10:36
state : 1
log : 9727 / 2017-02-12
YA20151207130233 - 2017-01-30 22:28:59
state : 1
log : 20704 / 2017-3-11
YA20151207130233 - 2017-01-30 22:42:44
state : 1
log : 17750 / 2017-1-30
2017-01-30 22:43:00
key : YA20151207130233
state : 1
log : 17753 / 2017-1-31
YA20161116113212 - 2017-01-30 22:44:37
state : 1
log : 39495 / 2017-02-04
YA20151207130233 - 2017-01-30 23:02:32
state : 1
log : 23483 / 2017-1-31
YA20151207130233 - 2017-01-30 23:02:33
state : 1
log : 23520 / 2017-1-31
2017-01-30 23:02:55
key : YA20151207130233
state : 1
log : 22709 / 2017-02-04
YA20151207130233 - 2017-01-30 23:03:29
state : 1
log : 23480 / 2017-2-1
YA20151207130233 - 2017-01-30 23:03:30
state : 1
log : 23483 / 2017-2-1
YA20151207130233 - 2017-01-30 23:03:32
state : 1
log : 23520 / 2017-2-2
YA20151207130233 - 2017-01-30 23:03:33
state : 1
log : 23483 / 2017-2-3
YA20151207130233 - 2017-01-30 23:03:48
state : 1
log : 14498 / 2017-02-12
YA20151207130233 - 2017-01-30 23:03:59
state : 1
log : 23480 / 2017-2-4
YA20151207130233 - 2017-01-30 23:04:00
state : 1
log : 23481 / 2017-2-4
YA20151207130233 - 2017-01-30 23:05:58
state : 3
log :  : 등록된 객실 없습니다
2017-01-30 23:08:41
key : YA20151207130233
state : 1
log : 22722 / 2017-02-04
YA20151207130233 - 2017-01-30 23:10:05
state : 3
log :  : 등록된 객실 없습니다
YA20161116113212 - 2017-01-30 23:23:46
state : 1
log : 15344 / 2017-01-30
YA20151207130233 - 2017-01-30 23:36:33
state : 1
log : 21577 / 2017-02-01
YA20151207130233 - 2017-01-30 23:38:04
state : 1
log : 34061 / 2017-02-05
YA20151207130233 - 2017-01-30 23:38:05
state : 1
log : 34061 / 2017-02-06
YA20161116113212 - 2017-01-30 23:43:33
state : 1
log : 15344 / 2017-02-03
YA20161116113212 - 2017-01-30 23:54:13
state : 1
log : 24407 / 2017-02-04
