YA20151207130233 - 2017-02-04 00:06:15
state : 1
log : 35133 / 2017-02-04
2017-02-04 00:07:09
key : YA20151207130233
state : 1
log : 15308 / 2017-02-04
2017-02-04 00:09:50
key : YA20151207130233
state : 1
log : 15308 / 2017-02-04
YA20151207130233 - 2017-02-04 00:10:30
state : 1
log : 22871 / 2017-02-11
2017-02-04 00:11:10
key : YA20151207130233
state : 1
log : 15308 / 2017-02-04
2017-02-04 00:13:56
key : YA20151207130233
state : 1
log : 15308 / 2017-02-04
YA20161116113212 - 2017-02-04 00:14:04
state : 1
log : 16446 / 2017-02-06
YA20161116113212 - 2017-02-04 00:23:32
state : 1
log : 22648 / 2017-02-05
YA20151207130233 - 2017-02-04 00:29:18
state : 2
log : 5778 : 이미 막힌 객실 선택
YA20151207130233 - 2017-02-04 00:32:54
state : 2
log : 5247 : 이미 막힌 객실 선택
YA20161116113212 - 2017-02-04 01:00:44
state : 1
log : 14250 / 2017-02-04
YA20161116113212 - 2017-02-04 01:06:20
state : 1
log : 21816 / 2017-02-05
YA20151207130233 - 2017-02-04 01:25:46
state : 1
log : 14492 / 2017-2-6
YA20151207130233 - 2017-02-04 01:40:54
state : 1
log : 21817 / 2017-02-09
YA20161116113212 - 2017-02-04 01:45:51
state : 1
log : 1595 / 2017-02-04
YA20151207130233 - 2017-02-04 02:26:49
state : 1
log : 30575 / 2017-2-4
YA20161116113212 - 2017-02-04 03:04:09
state : 1
log : 30286 / 2017-02-04
YA20161116113212 - 2017-02-04 04:18:07
state : 1
log : 7242 / 2017-02-14
YA20151207130233 - 2017-02-04 05:30:46
state : 1
log : 21820 / 2017-02-05
YA20151207130233 - 2017-02-04 05:41:22
state : 1
log : 23580 / 2017-2-4
YA20151207130233 - 2017-02-04 05:42:20
state : 1
log : 23580 / 2017-2-4
YA20151207130233 - 2017-02-04 06:33:42
state : 1
log : 21770 / 2017-02-05
YA20161116113212 - 2017-02-04 07:51:51
state : 1
log : 45596 / 2017-02-05
YA20151207130233 - 2017-02-04 08:13:47
state : 1
log : 12534 / 2017-2-5
YA20151207130233 - 2017-02-04 08:22:52
state : 2
log : 5060 : 이미 막힌 객실 선택
YA20151207130233 - 2017-02-04 08:55:14
state : 1
log : 21770 / 2017-2-5
YA20151207130233 - 2017-02-04 08:55:16
state : 1
log : 21771 / 2017-2-5
YA20151207130233 - 2017-02-04 08:55:17
state : 1
log : 21774 / 2017-2-5
YA20151207130233 - 2017-02-04 08:55:49
state : 1
log : 21771 / 2017-2-6
YA20151207130233 - 2017-02-04 08:55:50
state : 1
log : 21774 / 2017-2-6
YA20151207130233 - 2017-02-04 08:59:57
state : 1
log : 16494 / 2017-02-04
2017-02-04 09:32:24
key : YA20151207130233
state : 1
log : 15308 / 2017-02-04
YA20161116113212 - 2017-02-04 09:40:07
state : 1
log : 17805 / 2017-02-04
YA20161116113212 - 2017-02-04 09:42:45
state : 1
log : 35325 / 2017-02-25
2017-02-04 09:44:39
key : YA20151207130233
state : 1
log : 15308 / 2017-02-04
YA20161116113212 - 2017-02-04 09:47:41
state : 1
log : 22833 / 2017-02-04
2017-02-04 09:49:05
key : YA20151207130233
state : 1
log : 15308 / 2017-02-04
YA20161116113212 - 2017-02-04 09:59:26
state : 1
log : 21234 / 2017-02-04
YA20151207130233 - 2017-02-04 10:05:48
state : 1
log : 16641 / 2017-02-07
YA20151207130233 - 2017-02-04 10:06:07
state : 1
log : 21776 / 2017-2-4
YA20151207130233 - 2017-02-04 10:10:34
state : 1
log : 21578 / 2017-02-10
YA20151207130233 - 2017-02-04 10:14:30
state : 1
log : 21787 / 2017-2-4
2017-02-04 10:14:44
key : YA20151207130233
state : 1
log : 21785 / 2017-2-4
YA20151207130233 - 2017-02-04 10:15:05
state : 1
log : 21834 / 2017-2-4
YA20161116113212 - 2017-02-04 10:15:53
state : 1
log : 41103 / 2017-02-05
YA20151207130233 - 2017-02-04 10:16:18
state : 1
log : 21786 / 2017-2-11
YA20151207130233 - 2017-02-04 10:16:20
state : 1
log : 21789 / 2017-2-11
YA20151207130233 - 2017-02-04 10:17:30
state : 1
log : 33987 / 2017-2-4
YA20151207130233 - 2017-02-04 10:19:57
state : 1
log : 15308 / 2017-02-04
YA20151207130233 - 2017-02-04 10:25:36
state : 1
log : 21776 / 2017-2-4
YA20151207130233 - 2017-02-04 10:53:32
state : 1
log : 20705 / 2017-2-4
YA20151207130233 - 2017-02-04 10:54:58
state : 1
log : 23583 / 2017-2-4
YA20151207130233 - 2017-02-04 11:01:31
state : 1
log : 23302 / 2017-2-18
YA20151207130233 - 2017-02-04 11:01:32
state : 1
log : 23303 / 2017-2-18
YA20151207130233 - 2017-02-04 11:06:01
state : 1
log : 23320 / 2017-02-17
YA20151207130233 - 2017-02-04 11:06:42
state : 1
log : 23317 / 2017-02-10
YA20151207130233 - 2017-02-04 11:12:40
state : 1
log : 21821 / 2017-02-26
2017-02-04 11:14:44
key : YA20151207130233
state : 1
log : 23320 / 2017-2-17
YA20151207130233 - 2017-02-04 11:15:53
state : 1
log : 20714 / 2017-02-05
YA20151207130233 - 2017-02-04 11:20:55
state : 1
log : 23313 / 2017-2-4
YA20151207130233 - 2017-02-04 11:31:47
state : 1
log : 9728 / 2017-2-16
YA20151207130233 - 2017-02-04 11:38:29
state : 1
log : 19912 / 2017-02-18
YA20151207130233 - 2017-02-04 11:41:28
state : 1
log : 21578 / 2017-2-10
YA20151207130233 - 2017-02-04 11:42:38
state : 2
log : 5247 : 이미 막힌 객실 선택
2017-02-04 11:43:39
key : YA20151207130233
state : 1
log : 20712 / 2017-2-5
2017-02-04 11:43:40
key : YA20151207130233
state : 1
log : 20713 / 2017-2-5
YA20161116113212 - 2017-02-04 11:43:49
state : 1
log : 22946 / 2017-02-11
YA20151207130233 - 2017-02-04 11:43:59
state : 1
log : 20704 / 2017-2-4
2017-02-04 11:44:29
key : YA20151207130233
state : 1
log : 3702 / 2017-2-4
YA20151207130233 - 2017-02-04 11:52:00
state : 1
log : 21784 / 2017-2-4
2017-02-04 11:52:20
key : YA20151207130233
state : 1
log : 21788 / 2017-2-4
2017-02-04 11:52:38
key : YA20151207130233
state : 1
log : 21786 / 2017-2-4
YA20151207130233 - 2017-02-04 11:55:18
state : 1
log : 21745 / 2017-02-05
YA20151207130233 - 2017-02-04 12:01:28
state : 1
log : 21723 / 2017-2-8
YA20151207130233 - 2017-02-04 12:01:29
state : 1
log : 21738 / 2017-2-12
YA20151207130233 - 2017-02-04 12:01:30
state : 1
log : 21739 / 2017-2-12
YA20151207130233 - 2017-02-04 12:01:32
state : 1
log : 21737 / 2017-2-16
YA20151207130233 - 2017-02-04 12:01:33
state : 1
log : 21738 / 2017-2-17
YA20151207130233 - 2017-02-04 12:01:35
state : 1
log : 21739 / 2017-2-17
YA20151207130233 - 2017-02-04 12:01:36
state : 1
log : 21737 / 2017-2-17
YA20151207130233 - 2017-02-04 12:01:38
state : 1
log : 21720 / 2017-2-18
YA20151207130233 - 2017-02-04 12:01:40
state : 1
log : 21721 / 2017-2-18
YA20151207130233 - 2017-02-04 12:01:41
state : 1
log : 21723 / 2017-2-18
YA20151207130233 - 2017-02-04 12:01:43
state : 1
log : 21738 / 2017-2-18
YA20151207130233 - 2017-02-04 12:01:44
state : 1
log : 21739 / 2017-2-18
YA20161116113212 - 2017-02-04 12:05:09
state : 1
log : 20736 / 2017-02-06
YA20151207130233 - 2017-02-04 12:09:15
state : 1
log : 20704 / 2017-2-5
YA20161116113212 - 2017-02-04 12:14:32
state : 1
log : 22430 / 2017-02-06
YA20151207130233 - 2017-02-04 12:23:08
state : 1
log : 9805 / 2017-02-04
YA20151207130233 - 2017-02-04 12:27:31
state : 1
log : 43982 / 2017-02-18
YA20151207130233 - 2017-02-04 12:28:06
state : 2
log : 4362 : 이미 막힌 객실 선택
YA20151207130233 - 2017-02-04 12:28:21
state : 1
log : 23584 / 2017-2-12
YA20151207130233 - 2017-02-04 12:30:52
state : 1
log : 21815 / 2017-2-6
YA20151207130233 - 2017-02-04 12:36:18
state : 1
log : 47724 / 2017-02-18
YA20161116113212 - 2017-02-04 12:37:30
state : 1
log : 27450 / 2017-02-04
YA20151207130233 - 2017-02-04 12:37:38
state : 1
log : 22719 / 2017-2-4
YA20151207130233 - 2017-02-04 12:37:39
state : 1
log : 22716 / 2017-2-4
YA20151207130233 - 2017-02-04 12:37:40
state : 1
log : 22719 / 2017-2-4
YA20151207130233 - 2017-02-04 12:37:42
state : 1
log : 22716 / 2017-2-4
YA20161116113212 - 2017-02-04 12:40:49
state : 1
log : 5242 / 2017-02-04
YA20151207130233 - 2017-02-04 12:51:14
state : 1
log : 26461 / 2017-2-4
YA20151207130233 - 2017-02-04 13:04:57
state : 1
log : 17750 / 2017-2-4
YA20161116113212 - 2017-02-04 13:12:38
state : 1
log : 37184 / 2017-02-04
2017-02-04 13:20:19
key : YA20151207130233
state : 1
log : 17750 / 2017-2-4
YA20151207130233 - 2017-02-04 13:26:24
state : 1
log : 14497 / 2017-02-14
YA20161116113212 - 2017-02-04 13:26:36
state : 1
log : 24731 / 2017-02-11
YA20161116113212 - 2017-02-04 13:27:07
state : 1
log : 47917 / 2017-02-04
YA20151207130233 - 2017-02-04 13:28:04
state : 1
log : 17754 / 2017-02-04
YA20151207130233 - 2017-02-04 13:29:31
state : 1
log : 17751 / 2017-02-04
YA20151207130233 - 2017-02-04 13:35:29
state : 1
log : 17751 / 2017-2-4
2017-02-04 13:35:44
key : YA20151207130233
state : 1
log : 17754 / 2017-2-4
YA20151207130233 - 2017-02-04 13:46:08
state : 1
log : 46335 / 2017-2-10
YA20161116113212 - 2017-02-04 13:53:19
state : 1
log : 14843 / 2017-02-04
YA20151207130233 - 2017-02-04 13:57:31
state : 1
log : 20712 / 2017-02-05
YA20151207130233 - 2017-02-04 14:13:40
state : 1
log : 20705 / 2017-2-28
YA20151207130233 - 2017-02-04 14:31:38
state : 1
log : 21819 / 2017-2-15
YA20151207130233 - 2017-02-04 14:31:41
state : 1
log : 25131 / 2017-2-4
YA20151207130233 - 2017-02-04 14:35:24
state : 1
log : 21746 / 2017-02-05
YA20151207130233 - 2017-02-04 14:38:39
state : 1
log : 21775 / 2017-2-4
2017-02-04 14:38:52
key : YA20151207130233
state : 1
log : 21769 / 2017-2-4
YA20161116113212 - 2017-02-04 14:39:33
state : 1
log : 3319 / 2017-02-04
YA20151207130233 - 2017-02-04 14:41:48
state : 1
log : 22719 / 2017-2-18
YA20151207130233 - 2017-02-04 14:41:50
state : 1
log : 22716 / 2017-2-18
YA20151207130233 - 2017-02-04 14:44:55
state : 1
log : 29445 / 2017-2-14
YA20151207130233 - 2017-02-04 14:44:57
state : 1
log : 29445 / 2017-2-15
YA20151207130233 - 2017-02-04 14:45:12
state : 1
log : 29443 / 2017-2-14
YA20151207130233 - 2017-02-04 14:45:13
state : 1
log : 29443 / 2017-2-15
YA20151207130233 - 2017-02-04 14:45:36
state : 1
log : 29442 / 2017-2-16
YA20151207130233 - 2017-02-04 14:45:37
state : 1
log : 29444 / 2017-2-17
YA20151207130233 - 2017-02-04 14:45:39
state : 1
log : 29445 / 2017-2-17
YA20161116113212 - 2017-02-04 14:46:01
state : 1
log : 8102 / 2017-02-04
YA20161116113212 - 2017-02-04 14:47:03
state : 1
log : 24834 / 2017-02-18
YA20161116113212 - 2017-02-04 14:47:34
state : 1
log : 11610 / 2017-02-14
YA20151207130233 - 2017-02-04 14:50:16
state : 1
log : 24388 / 2017-2-4
YA20151207130233 - 2017-02-04 14:50:32
state : 3
log : 5823 : 등록된 객실 없습니다
YA20151207130233 - 2017-02-04 14:50:50
state : 1
log : 24389 / 2017-2-4
2017-02-04 14:58:51
key : YA20151207130233
state : 1
log : 46335 / 2017-2-10
YA20151207130233 - 2017-02-04 14:59:00
state : 1
log : 20705 / 2017-2-11
YA20161116113212 - 2017-02-04 14:59:26
state : 1
log : 15290 / 2017-02-04
2017-02-04 15:01:41
key : YA20151207130233
state : 1
log : 9804 / 2017-02-04
YA20151207130233 - 2017-02-04 15:03:02
state : 3
log : 6300 : 등록된 객실 없습니다
YA20161116113212 - 2017-02-04 15:04:00
state : 1
log : 1621 / 2017-02-04
YA20151207130233 - 2017-02-04 15:04:49
state : 3
log :  : 등록된 객실 없습니다
YA20151207130233 - 2017-02-04 15:05:31
state : 1
log : 24389 / 2017-2-4
YA20151207130233 - 2017-02-04 15:07:31
state : 3
log : 6298 : 등록된 객실 없습니다
YA20151207130233 - 2017-02-04 15:07:40
state : 1
log : 20707 / 2017-2-4
YA20161116113212 - 2017-02-04 15:09:15
state : 1
log : 34097 / 2017-02-06
2017-02-04 15:09:36
key : YA20151207130233
state : 1
log : 9804 / 2017-02-04
YA20161116113212 - 2017-02-04 15:09:46
state : 1
log : 42936 / 2017-02-04
YA20151207130233 - 2017-02-04 15:14:14
state : 1
log : 9804 / 2017-02-04
YA20161116113212 - 2017-02-04 15:18:43
state : 1
log : 26993 / 2017-02-11
YA20151207130233 - 2017-02-04 15:19:15
state : 1
log : 24770 / 2017-02-18
YA20151207130233 - 2017-02-04 15:20:57
state : 1
log : 24386 / 2017-2-11
YA20161116113212 - 2017-02-04 15:22:12
state : 1
log : 33925 / 2017-02-07
YA20161116113212 - 2017-02-04 15:26:28
state : 1
log : 21848 / 2017-02-04
YA20151207130233 - 2017-02-04 15:28:50
state : 3
log : 6064 : 등록된 객실 없습니다
YA20151207130233 - 2017-02-04 15:29:27
state : 3
log : 6297 : 등록된 객실 없습니다
YA20161116113212 - 2017-02-04 15:30:08
state : 1
log : 38652 / 2017-02-24
2017-02-04 15:37:02
key : YA20151207130233
state : 1
log : 48308 / 2017-02-04
YA20151207130233 - 2017-02-04 15:40:25
state : 1
log : 48308 / 2017-02-04
YA20161116113212 - 2017-02-04 15:40:30
state : 1
log : 38970 / 2017-02-04
YA20151207130233 - 2017-02-04 15:41:02
state : 1
log : 24772 / 2017-2-4
YA20151207130233 - 2017-02-04 15:41:03
state : 1
log : 41991 / 2017-2-6
YA20151207130233 - 2017-02-04 15:41:24
state : 1
log : 24772 / 2017-2-5
YA20151207130233 - 2017-02-04 15:45:02
state : 1
log : 21578 / 2017-2-9
YA20151207130233 - 2017-02-04 15:45:35
state : 1
log : 24763 / 2017-2-4
YA20151207130233 - 2017-02-04 15:45:36
state : 2
log : 4600 : 이미 막힌 객실 선택
YA20161116113212 - 2017-02-04 15:48:24
state : 1
log : 15108 / 2017-02-04
YA20161116113212 - 2017-02-04 15:49:54
state : 1
log : 35091 / 2017-02-14
35091 / 2017-02-15
YA20151207130233 - 2017-02-04 15:53:53
state : 1
log : 39855 / 2017-2-4
2017-02-04 15:57:18
key : YA20151207130233
state : 1
log : 47724 / 2017-2-18
YA20161116113212 - 2017-02-04 15:58:17
state : 1
log : 27987 / 2017-02-05
YA20151207130233 - 2017-02-04 16:00:30
state : 1
log : 24771 / 2017-2-4
YA20151207130233 - 2017-02-04 16:00:48
state : 1
log : 21785 / 2017-2-4
YA20151207130233 - 2017-02-04 16:05:51
state : 1
log : 25047 / 2017-2-25
YA20151207130233 - 2017-02-04 16:17:07
state : 1
log : 21786 / 2017-2-4
YA20151207130233 - 2017-02-04 16:19:31
state : 1
log : 3323 / 2017-02-25
YA20151207130233 - 2017-02-04 16:24:50
state : 1
log : 14492 / 2017-02-17
YA20161116113212 - 2017-02-04 16:27:53
state : 1
log : 44857 / 2017-02-04
YA20151207130233 - 2017-02-04 16:31:15
state : 2
log : 4601 : 이미 막힌 객실 선택
YA20161116113212 - 2017-02-04 16:40:24
state : 1
log : 21561 / 2017-02-05
YA20161116113212 - 2017-02-04 16:43:00
state : 1
log : 13247 / 2017-02-04
YA20151207130233 - 2017-02-04 16:43:15
state : 1
log : 21788 / 2017-2-4
2017-02-04 16:43:31
key : YA20151207130233
state : 1
log : 21784 / 2017-2-4
YA20161116113212 - 2017-02-04 16:46:30
state : 1
log : 11213 / 2017-03-27
YA20161116113212 - 2017-02-04 16:48:23
state : 1
log : 34062 / 2017-02-20
YA20151207130233 - 2017-02-04 16:48:47
state : 2
log : 6425 : 이미 막힌 객실 선택
YA20151207130233 - 2017-02-04 16:55:44
state : 1
log : 23322 / 2017-2-4
YA20151207130233 - 2017-02-04 16:57:11
state : 2
log : 4355 : 이미 막힌 객실 선택
YA20151207130233 - 2017-02-04 16:59:14
state : 2
log : 4361 : 이미 막힌 객실 선택
2017-02-04 17:00:10
key : YA20151207130233
state : 1
log : 22714 / 2017-2-6
2017-02-04 17:00:11
key : YA20151207130233
state : 1
log : 22714 / 2017-2-8
YA20161116113212 - 2017-02-04 17:00:29
state : 1
log : 44998 / 2017-02-07
YA20151207130233 - 2017-02-04 17:02:36
state : 2
log : 4361 : 이미 막힌 객실 선택
2017-02-04 17:03:10
key : YA20151207130233
state : 1
log : 22714 / 2017-2-5
YA20151207130233 - 2017-02-04 17:07:14
state : 1
log : 33984 / 2017-02-06
YA20151207130233 - 2017-02-04 17:07:16
state : 1
log : 33984 / 2017-02-07
YA20151207130233 - 2017-02-04 17:07:45
state : 1
log : 21814 / 2017-2-5
YA20151207130233 - 2017-02-04 17:10:05
state : 2
log : 4361 : 이미 막힌 객실 선택
YA20161116113212 - 2017-02-04 17:14:20
state : 1
log : 26937 / 2017-02-04
YA20151207130233 - 2017-02-04 17:16:06
state : 1
log : 19372 / 2017-2-4
YA20151207130233 - 2017-02-04 17:16:33
state : 1
log : 26462 / 2017-2-4
YA20151207130233 - 2017-02-04 17:25:07
state : 1
log : 48308 / 2017-2-4
YA20151207130233 - 2017-02-04 17:25:27
state : 1
log : 48300 / 2017-2-4
YA20151207130233 - 2017-02-04 17:25:29
state : 1
log : 48302 / 2017-2-4
YA20151207130233 - 2017-02-04 17:25:31
state : 1
log : 48305 / 2017-2-4
YA20151207130233 - 2017-02-04 17:25:32
state : 2
log : 6614 : 이미 막힌 객실 선택
YA20151207130233 - 2017-02-04 17:25:33
state : 1
log : 48307 / 2017-2-4
YA20151207130233 - 2017-02-04 17:25:36
state : 1
log : 48309 / 2017-2-4
YA20151207130233 - 2017-02-04 17:25:37
state : 1
log : 48310 / 2017-2-4
YA20151207130233 - 2017-02-04 17:26:36
state : 1
log : 20703 / 2017-2-5
YA20151207130233 - 2017-02-04 17:30:21
state : 1
log : 21821 / 2017-2-5
YA20151207130233 - 2017-02-04 17:30:22
state : 1
log : 21821 / 2017-2-6
YA20151207130233 - 2017-02-04 17:30:34
state : 1
log : 16636 / 2017-2-5
YA20151207130233 - 2017-02-04 17:30:36
state : 1
log : 16638 / 2017-2-5
YA20151207130233 - 2017-02-04 17:31:11
state : 1
log : 16641 / 2017-2-10
YA20151207130233 - 2017-02-04 17:31:12
state : 1
log : 16640 / 2017-2-11
YA20151207130233 - 2017-02-04 17:31:15
state : 1
log : 16641 / 2017-2-11
YA20151207130233 - 2017-02-04 17:31:16
state : 1
log : 16641 / 2017-2-10
YA20151207130233 - 2017-02-04 17:31:17
state : 1
log : 16640 / 2017-2-11
YA20151207130233 - 2017-02-04 17:31:19
state : 1
log : 16641 / 2017-2-11
YA20151207130233 - 2017-02-04 17:31:21
state : 1
log : 16641 / 2017-2-10
YA20151207130233 - 2017-02-04 17:31:22
state : 1
log : 16640 / 2017-2-11
YA20151207130233 - 2017-02-04 17:31:24
state : 1
log : 16641 / 2017-2-11
YA20151207130233 - 2017-02-04 17:31:26
state : 1
log : 16641 / 2017-2-10
YA20151207130233 - 2017-02-04 17:31:27
state : 1
log : 16640 / 2017-2-11
YA20151207130233 - 2017-02-04 17:31:28
state : 1
log : 16641 / 2017-2-11
YA20151207130233 - 2017-02-04 17:31:30
state : 1
log : 16641 / 2017-2-10
YA20151207130233 - 2017-02-04 17:31:31
state : 1
log : 16640 / 2017-2-11
YA20151207130233 - 2017-02-04 17:31:32
state : 1
log : 16641 / 2017-2-11
YA20151207130233 - 2017-02-04 17:31:34
state : 1
log : 16641 / 2017-2-10
YA20151207130233 - 2017-02-04 17:31:36
state : 1
log : 16640 / 2017-2-11
YA20151207130233 - 2017-02-04 17:31:37
state : 1
log : 16641 / 2017-2-11
YA20151207130233 - 2017-02-04 17:34:16
state : 1
log : 46332 / 2017-2-18
YA20151207130233 - 2017-02-04 17:36:49
state : 1
log : 24715 / 2017-2-10
YA20151207130233 - 2017-02-04 17:39:32
state : 1
log : 15308 / 2017-2-4
YA20151207130233 - 2017-02-04 17:39:51
state : 2
log : 4862 : 이미 막힌 객실 선택
YA20151207130233 - 2017-02-04 17:43:38
state : 1
log : 19364 / 2017-2-4
YA20151207130233 - 2017-02-04 17:45:10
state : 1
log : 35159 / 2017-2-18
YA20151207130233 - 2017-02-04 17:46:41
state : 1
log : 23584 / 2017-2-12
YA20151207130233 - 2017-02-04 17:56:05
state : 3
log : 2327 : 등록된 객실 없습니다
YA20151207130233 - 2017-02-04 17:56:06
state : 3
log : 2326 : 등록된 객실 없습니다
YA20151207130233 - 2017-02-04 18:00:51
state : 1
log : 9725 / 2017-2-27
YA20151207130233 - 2017-02-04 18:12:46
state : 2
log : 4862 : 이미 막힌 객실 선택
YA20161116113212 - 2017-02-04 18:13:45
state : 1
log : 29020 / 2017-02-26
YA20151207130233 - 2017-02-04 18:18:03
state : 1
log : 21579 / 2017-02-11
YA20151207130233 - 2017-02-04 18:21:10
state : 1
log : 14498 / 2017-02-11
YA20151207130233 - 2017-02-04 18:21:59
state : 1
log : 17750 / 2017-2-4
YA20151207130233 - 2017-02-04 18:22:01
state : 1
log : 17754 / 2017-2-4
YA20151207130233 - 2017-02-04 18:23:35
state : 1
log : 33984 / 2017-02-11
YA20151207130233 - 2017-02-04 18:24:33
state : 2
log : 6082 : 이미 막힌 객실 선택
YA20161116113212 - 2017-02-04 18:26:55
state : 1
log : 35725 / 2017-02-04
YA20161116113212 - 2017-02-04 18:28:00
state : 1
log : 26475 / 2017-02-04
YA20161116113212 - 2017-02-04 18:33:07
state : 1
log : 44660 / 2017-02-04
YA20161116113212 - 2017-02-04 18:34:53
state : 1
log : 21569 / 2017-02-04
YA20151207130233 - 2017-02-04 18:39:49
state : 1
log : 43736 / 2017-02-09
YA20151207130233 - 2017-02-04 18:42:24
state : 1
log : 43736 / 2017-2-7
YA20151207130233 - 2017-02-04 18:42:26
state : 1
log : 43737 / 2017-2-7
YA20151207130233 - 2017-02-04 18:42:27
state : 1
log : 43741 / 2017-2-7
YA20151207130233 - 2017-02-04 18:42:28
state : 1
log : 43766 / 2017-2-7
YA20151207130233 - 2017-02-04 18:42:30
state : 1
log : 43769 / 2017-2-7
YA20151207130233 - 2017-02-04 18:42:31
state : 1
log : 43771 / 2017-2-7
YA20151207130233 - 2017-02-04 18:42:33
state : 1
log : 43772 / 2017-2-7
YA20151207130233 - 2017-02-04 18:42:34
state : 1
log : 43773 / 2017-2-7
YA20151207130233 - 2017-02-04 18:55:37
state : 1
log : 23582 / 2017-2-6
YA20151207130233 - 2017-02-04 18:55:38
state : 1
log : 23580 / 2017-2-7
YA20151207130233 - 2017-02-04 18:56:18
state : 2
log : 5249 : 이미 막힌 객실 선택
YA20151207130233 - 2017-02-04 18:58:12
state : 1
log : 23579 / 2017-2-7
YA20161116113212 - 2017-02-04 19:01:39
state : 1
log : 21458 / 2017-02-04
YA20161116113212 - 2017-02-04 19:05:11
state : 1
log : 14251 / 2017-02-12
YA20161116113212 - 2017-02-04 19:10:33
state : 1
log : 21016 / 2017-02-04
YA20151207130233 - 2017-02-04 19:17:23
state : 1
log : 35130 / 2017-2-4
YA20151207130233 - 2017-02-04 19:17:35
state : 1
log : 35131 / 2017-2-4
YA20161116113212 - 2017-02-04 19:22:05
state : 1
log : 18473 / 2017-02-04
YA20151207130233 - 2017-02-04 19:25:13
state : 1
log : 24083 / 2017-2-5
YA20151207130233 - 2017-02-04 19:30:31
state : 1
log : 24086 / 2017-2-5
YA20151207130233 - 2017-02-04 19:34:14
state : 2
log : 4684 : 이미 막힌 객실 선택
YA20151207130233 - 2017-02-04 19:34:54
state : 1
log : 24710 / 2017-2-4
YA20151207130233 - 2017-02-04 19:34:55
state : 1
log : 24718 / 2017-2-4
YA20151207130233 - 2017-02-04 19:34:57
state : 1
log : 24711 / 2017-2-4
YA20151207130233 - 2017-02-04 19:36:46
state : 1
log : 16640 / 2017-2-4
2017-02-04 19:40:41
key : YA20151207130233
state : 1
log : 20709 / 2017-2-11
YA20151207130233 - 2017-02-04 19:41:20
state : 1
log : 20706 / 2017-2-4
YA20151207130233 - 2017-02-04 19:41:21
state : 1
log : 20710 / 2017-2-4
YA20151207130233 - 2017-02-04 19:46:20
state : 2
log : 4364 : 이미 막힌 객실 선택
YA20161116113212 - 2017-02-04 19:46:53
state : 1
log : 21798 / 2017-02-05
YA20151207130233 - 2017-02-04 19:53:33
state : 1
log : 34061 / 2017-02-13
YA20161116113212 - 2017-02-04 19:58:56
state : 1
log : 1876 / 2017-02-04
YA20151207130233 - 2017-02-04 19:59:40
state : 1
log : 34061 / 2017-2-13
YA20151207130233 - 2017-02-04 20:02:10
state : 1
log : 22868 / 2017-2-4
YA20161116113212 - 2017-02-04 20:02:34
state : 1
log : 38170 / 2017-02-08
38170 / 2017-02-09
38170 / 2017-02-10
YA20161116113212 - 2017-02-04 20:03:07
state : 1
log : 39410 / 2017-02-06
YA20161116113212 - 2017-02-04 20:04:56
state : 1
log : 21569 / 2017-02-04
YA20161116113212 - 2017-02-04 20:07:07
state : 1
log : 40836 / 2017-02-04
YA20151207130233 - 2017-02-04 20:09:07
state : 1
log : 21047 / 2017-02-11
YA20151207130233 - 2017-02-04 20:11:59
state : 1
log : 14497 / 2017-02-13
YA20161116113212 - 2017-02-04 20:12:35
state : 1
log : 34167 / 2017-02-04
YA20151207130233 - 2017-02-04 20:17:02
state : 1
log : 46327 / 2017-2-4
YA20151207130233 - 2017-02-04 20:20:41
state : 1
log : 24719 / 2017-2-4
YA20151207130233 - 2017-02-04 20:20:43
state : 2
log : 4186 : 이미 막힌 객실 선택
YA20151207130233 - 2017-02-04 20:32:14
state : 1
log : 17752 / 2017-2-11
YA20151207130233 - 2017-02-04 20:32:15
state : 1
log : 17748 / 2017-2-18
YA20151207130233 - 2017-02-04 20:32:17
state : 1
log : 17752 / 2017-2-11
YA20151207130233 - 2017-02-04 20:32:18
state : 1
log : 17748 / 2017-2-18
YA20151207130233 - 2017-02-04 20:33:57
state : 1
log : 14498 / 2017-2-4
YA20151207130233 - 2017-02-04 20:45:13
state : 1
log : 11098 / 2017-02-18
YA20151207130233 - 2017-02-04 20:48:13
state : 1
log : 21580 / 2017-02-07
YA20151207130233 - 2017-02-04 20:56:18
state : 1
log : 21577 / 2017-02-07
YA20151207130233 - 2017-02-04 21:01:20
state : 1
log : 21580 / 2017-2-7
YA20161116113212 - 2017-02-04 21:03:58
state : 1
log : 45953 / 2017-02-06
YA20151207130233 - 2017-02-04 21:05:34
state : 1
log : 29446 / 2017-2-5
YA20151207130233 - 2017-02-04 21:09:27
state : 2
log : 4684 : 이미 막힌 객실 선택
YA20151207130233 - 2017-02-04 21:10:14
state : 1
log : 31609 / 2017-02-25
YA20151207130233 - 2017-02-04 21:10:50
state : 2
log : 4684 : 이미 막힌 객실 선택
YA20151207130233 - 2017-02-04 21:10:51
state : 2
log : 4683 : 이미 막힌 객실 선택
YA20151207130233 - 2017-02-04 21:11:13
state : 1
log : 31609 / 2017-02-25
YA20151207130233 - 2017-02-04 21:12:11
state : 2
log : 4685 : 이미 막힌 객실 선택
2017-02-04 21:12:24
key : YA20151207130233
state : 1
log : 21758 / 2017-2-5
YA20151207130233 - 2017-02-04 21:22:48
state : 1
log : 24755 / 2017-2-4
YA20151207130233 - 2017-02-04 21:26:31
state : 1
log : 17755 / 2017-2-4
2017-02-04 21:33:31
key : YA20151207130233
state : 1
log : 24718 / 2017-2-4
YA20151207130233 - 2017-02-04 21:33:48
state : 1
log : 24714 / 2017-2-4
YA20151207130233 - 2017-02-04 21:44:36
state : 1
log : 9728 / 2017-02-10
YA20151207130233 - 2017-02-04 22:02:21
state : 1
log : 20713 / 2017-2-11
YA20151207130233 - 2017-02-04 22:14:40
state : 1
log : 23521 / 2017-2-19
YA20151207130233 - 2017-02-04 22:14:41
state : 3
log : 5332 : 등록된 객실 없습니다
YA20161116113212 - 2017-02-04 22:14:55
state : 1
log : 41087 / 2017-02-07
YA20151207130233 - 2017-02-04 22:28:30
state : 1
log : 23521 / 2017-2-19
YA20151207130233 - 2017-02-04 22:28:31
state : 3
log : 5332 : 등록된 객실 없습니다
YA20151207130233 - 2017-02-04 22:36:38
state : 1
log : 17756 / 2017-2-4
YA20161116113212 - 2017-02-04 22:42:01
state : 1
log : 23242 / 2017-02-07
YA20151207130233 - 2017-02-04 22:42:05
state : 1
log : 24785 / 2017-2-4
YA20151207130233 - 2017-02-04 22:46:13
state : 1
log : 43741 / 2017-02-05
YA20151207130233 - 2017-02-04 22:47:17
state : 1
log : 43741 / 2017-2-5
2017-02-04 22:51:35
key : YA20151207130233
state : 1
log : 16640 / 2017-02-05
YA20161116113212 - 2017-02-04 22:53:32
state : 1
log : 42752 / 2017-02-19
YA20151207130233 - 2017-02-04 22:53:51
state : 3
log :  : 등록된 객실 없습니다
YA20151207130233 - 2017-02-04 22:55:38
state : 1
log : 24773 / 2017-2-4
YA20151207130233 - 2017-02-04 22:56:31
state : 1
log : 16640 / 2017-02-05
YA20151207130233 - 2017-02-04 23:07:47
state : 1
log : 34060 / 2017-02-19
YA20161116113212 - 2017-02-04 23:12:33
state : 1
log : 24605 / 2017-02-05
YA20151207130233 - 2017-02-04 23:17:07
state : 1
log : 15307 / 2017-02-05
YA20151207130233 - 2017-02-04 23:17:37
state : 1
log : 14492 / 2017-02-10
YA20151207130233 - 2017-02-04 23:22:34
state : 1
log : 43737 / 2017-02-06
YA20161116113212 - 2017-02-04 23:23:00
state : 1
log : 16335 / 2017-02-17
YA20151207130233 - 2017-02-04 23:23:42
state : 1
log : 43737 / 2017-2-6
YA20151207130233 - 2017-02-04 23:25:56
state : 1
log : 15307 / 2017-2-5
YA20151207130233 - 2017-02-04 23:34:57
state : 1
log : 39855 / 2017-02-08
YA20161116113212 - 2017-02-04 23:36:32
state : 1
log : 2116 / 2017-02-18
YA20151207130233 - 2017-02-04 23:38:49
state : 1
log : 21748 / 2017-2-4
YA20151207130233 - 2017-02-04 23:39:57
state : 1
log : 21784 / 2017-2-11
YA20151207130233 - 2017-02-04 23:40:33
state : 1
log : 21785 / 2017-2-12
YA20151207130233 - 2017-02-04 23:40:34
state : 1
log : 21786 / 2017-2-13
YA20151207130233 - 2017-02-04 23:40:36
state : 1
log : 21787 / 2017-2-14
YA20151207130233 - 2017-02-04 23:40:37
state : 1
log : 21788 / 2017-2-15
YA20151207130233 - 2017-02-04 23:40:39
state : 1
log : 21789 / 2017-2-16
YA20151207130233 - 2017-02-04 23:40:40
state : 1
log : 21790 / 2017-2-17
YA20151207130233 - 2017-02-04 23:40:42
state : 1
log : 21790 / 2017-2-18
YA20151207130233 - 2017-02-04 23:40:43
state : 1
log : 21785 / 2017-2-12
YA20151207130233 - 2017-02-04 23:40:44
state : 1
log : 21786 / 2017-2-13
YA20151207130233 - 2017-02-04 23:40:47
state : 1
log : 21787 / 2017-2-14
YA20151207130233 - 2017-02-04 23:40:48
state : 1
log : 21788 / 2017-2-15
YA20151207130233 - 2017-02-04 23:40:49
state : 1
log : 21789 / 2017-2-16
YA20151207130233 - 2017-02-04 23:40:50
state : 1
log : 21790 / 2017-2-17
YA20151207130233 - 2017-02-04 23:40:52
state : 1
log : 21790 / 2017-2-18
YA20151207130233 - 2017-02-04 23:40:59
state : 1
log : 21747 / 2017-2-4
YA20151207130233 - 2017-02-04 23:41:20
state : 1
log : 21784 / 2017-2-11
YA20151207130233 - 2017-02-04 23:41:21
state : 1
log : 21785 / 2017-2-11
YA20151207130233 - 2017-02-04 23:41:22
state : 1
log : 21786 / 2017-2-11
YA20151207130233 - 2017-02-04 23:41:25
state : 1
log : 21787 / 2017-2-11
YA20151207130233 - 2017-02-04 23:41:27
state : 1
log : 21788 / 2017-2-11
YA20151207130233 - 2017-02-04 23:41:29
state : 1
log : 21789 / 2017-2-11
YA20151207130233 - 2017-02-04 23:41:30
state : 1
log : 21790 / 2017-2-11
YA20151207130233 - 2017-02-04 23:41:36
state : 1
log : 21788 / 2017-2-11
YA20151207130233 - 2017-02-04 23:41:38
state : 1
log : 21790 / 2017-2-11
2017-02-04 23:44:38
key : YA20151207130233
state : 1
log : 35134 / 2017-02-18
YA20161116113212 - 2017-02-04 23:45:44
state : 1
log : 16751 / 2017-02-24
YA20151207130233 - 2017-02-04 23:46:23
state : 3
log : 6304 : 등록된 객실 없습니다
2017-02-04 23:48:54
key : YA20151207130233
state : 1
log : 21784 / 2017-2-11
2017-02-04 23:48:56
key : YA20151207130233
state : 1
log : 21785 / 2017-2-11
2017-02-04 23:48:57
key : YA20151207130233
state : 1
log : 21787 / 2017-2-11
2017-02-04 23:48:59
key : YA20151207130233
state : 1
log : 21789 / 2017-2-11
YA20151207130233 - 2017-02-04 23:58:42
state : 1
log : 3703 / 2017-3-4
YA20151207130233 - 2017-02-04 23:58:43
state : 1
log : 3703 / 2017-3-5
