YA20151207130233 - 2017-02-09 00:08:21
state : 1
log : 21822 / 2017-02-12
2017-02-09 00:12:14
key : YA20151207130233
state : 1
log : 22721 / 2017-02-18
YA20161116113212 - 2017-02-09 00:12:35
state : 1
log : 46667 / 2017-02-11
YA20151207130233 - 2017-02-09 00:13:51
state : 1
log : 22721 / 2017-02-18
YA20161116113212 - 2017-02-09 00:30:16
state : 1
log : 21799 / 2017-02-23
21799 / 2017-02-24
YA20151207130233 - 2017-02-09 00:39:19
state : 1
log : 21579 / 2017-02-17
YA20151207130233 - 2017-02-09 00:39:21
state : 1
log : 21818 / 2017-02-09
YA20161116113212 - 2017-02-09 00:58:49
state : 1
log : 25169 / 2017-02-15
2017-02-09 01:09:54
key : YA20151207130233
state : 1
log : 9724 / 2017-02-10
2017-02-09 01:12:43
key : YA20151207130233
state : 1
log : 9724 / 2017-02-10
YA20151207130233 - 2017-02-09 01:20:09
state : 1
log : 9724 / 2017-02-10
YA20151207130233 - 2017-02-09 01:34:30
state : 1
log : 23581 / 2017-02-16
YA20161116113212 - 2017-02-09 01:49:53
state : 1
log : 11443 / 2017-02-10
2017-02-09 01:57:48
key : YA20151207130233
state : 1
log : 20714 / 2017-02-10
2017-02-09 02:03:53
key : YA20151207130233
state : 1
log : 20714 / 2017-02-10
2017-02-09 02:11:45
key : YA20151207130233
state : 1
log : 20714 / 2017-02-10
2017-02-09 02:19:49
key : YA20151207130233
state : 1
log : 20714 / 2017-02-10
YA20151207130233 - 2017-02-09 02:23:48
state : 1
log : 20714 / 2017-02-10
YA20161116113212 - 2017-02-09 02:29:12
state : 1
log : 17168 / 2017-02-10
YA20151207130233 - 2017-02-09 02:35:48
state : 1
log : 15310 / 2017-02-12
YA20161116113212 - 2017-02-09 03:31:10
state : 1
log : 25056 / 2017-02-11
YA20151207130233 - 2017-02-09 05:56:15
state : 1
log : 10539 / 2017-2-17
2017-02-09 06:03:59
key : YA20151207130233
state : 1
log : 10538 / 2017-2-10
YA20151207130233 - 2017-02-09 08:00:50
state : 1
log : 33982 / 2017-02-19
YA20151207130233 - 2017-02-09 08:12:56
state : 1
log : 23317 / 2017-2-10
YA20151207130233 - 2017-02-09 08:16:54
state : 1
log : 20708 / 2017-2-9
YA20151207130233 - 2017-02-09 08:34:22
state : 1
log : 23481 / 2017-2-11
YA20151207130233 - 2017-02-09 08:39:06
state : 1
log : 24092 / 2017-2-11
YA20151207130233 - 2017-02-09 08:49:56
state : 1
log : 47864 / 2017-02-11
YA20151207130233 - 2017-02-09 09:18:05
state : 1
log : 48682 / 2017-2-11
YA20151207130233 - 2017-02-09 09:18:07
state : 1
log : 48683 / 2017-2-11
YA20151207130233 - 2017-02-09 09:18:08
state : 1
log : 48689 / 2017-2-11
YA20151207130233 - 2017-02-09 09:18:09
state : 1
log : 48682 / 2017-2-11
YA20151207130233 - 2017-02-09 09:18:11
state : 1
log : 48683 / 2017-2-11
YA20151207130233 - 2017-02-09 09:18:13
state : 1
log : 48689 / 2017-2-11
YA20151207130233 - 2017-02-09 09:18:15
state : 1
log : 48682 / 2017-2-11
YA20151207130233 - 2017-02-09 09:18:16
state : 1
log : 48683 / 2017-2-11
YA20151207130233 - 2017-02-09 09:18:17
state : 1
log : 48689 / 2017-2-11
YA20151207130233 - 2017-02-09 09:21:09
state : 1
log : 48682 / 2017-2-12
YA20151207130233 - 2017-02-09 09:21:11
state : 1
log : 48683 / 2017-2-12
YA20151207130233 - 2017-02-09 09:21:13
state : 1
log : 48689 / 2017-2-12
YA20151207130233 - 2017-02-09 09:21:14
state : 1
log : 48682 / 2017-2-12
YA20151207130233 - 2017-02-09 09:21:15
state : 1
log : 48683 / 2017-2-12
YA20151207130233 - 2017-02-09 09:21:17
state : 1
log : 48689 / 2017-2-12
YA20151207130233 - 2017-02-09 09:21:25
state : 1
log : 43766 / 2017-03-17
YA20151207130233 - 2017-02-09 09:22:49
state : 1
log : 48682 / 2017-2-13
YA20151207130233 - 2017-02-09 09:22:50
state : 1
log : 48683 / 2017-2-13
YA20151207130233 - 2017-02-09 09:22:52
state : 1
log : 48689 / 2017-2-13
YA20151207130233 - 2017-02-09 09:22:53
state : 1
log : 48682 / 2017-2-14
YA20151207130233 - 2017-02-09 09:22:55
state : 1
log : 48683 / 2017-2-14
YA20151207130233 - 2017-02-09 09:22:56
state : 1
log : 48689 / 2017-2-14
YA20151207130233 - 2017-02-09 09:22:57
state : 1
log : 48682 / 2017-2-15
YA20151207130233 - 2017-02-09 09:22:58
state : 1
log : 48683 / 2017-2-15
YA20151207130233 - 2017-02-09 09:23:00
state : 1
log : 48689 / 2017-2-15
YA20151207130233 - 2017-02-09 09:23:01
state : 1
log : 48682 / 2017-2-16
YA20151207130233 - 2017-02-09 09:23:02
state : 1
log : 48683 / 2017-2-16
YA20151207130233 - 2017-02-09 09:23:04
state : 1
log : 48689 / 2017-2-16
YA20151207130233 - 2017-02-09 09:23:05
state : 2
log : 6629 : 이미 막힌 객실 선택
YA20151207130233 - 2017-02-09 09:23:06
state : 1
log : 48683 / 2017-2-17
YA20151207130233 - 2017-02-09 09:23:07
state : 1
log : 48689 / 2017-2-17
YA20151207130233 - 2017-02-09 09:23:08
state : 2
log : 6629 : 이미 막힌 객실 선택
YA20151207130233 - 2017-02-09 09:23:10
state : 1
log : 48683 / 2017-2-18
YA20151207130233 - 2017-02-09 09:23:11
state : 1
log : 48689 / 2017-2-18
YA20151207130233 - 2017-02-09 09:23:12
state : 1
log : 48689 / 2017-2-19
YA20151207130233 - 2017-02-09 09:23:14
state : 1
log : 48689 / 2017-2-20
YA20151207130233 - 2017-02-09 09:23:15
state : 1
log : 48689 / 2017-2-21
YA20151207130233 - 2017-02-09 09:23:16
state : 1
log : 48689 / 2017-2-22
YA20151207130233 - 2017-02-09 09:23:17
state : 1
log : 48689 / 2017-2-23
YA20151207130233 - 2017-02-09 09:23:20
state : 1
log : 48689 / 2017-2-24
YA20151207130233 - 2017-02-09 09:23:21
state : 1
log : 48689 / 2017-2-25
YA20151207130233 - 2017-02-09 09:23:22
state : 1
log : 48689 / 2017-2-26
YA20151207130233 - 2017-02-09 09:23:24
state : 1
log : 48689 / 2017-2-27
YA20151207130233 - 2017-02-09 09:23:25
state : 1
log : 48689 / 2017-2-28
YA20151207130233 - 2017-02-09 09:23:26
state : 1
log : 48682 / 2017-2-13
YA20151207130233 - 2017-02-09 09:23:28
state : 1
log : 48683 / 2017-2-13
YA20151207130233 - 2017-02-09 09:23:29
state : 1
log : 48689 / 2017-2-13
YA20151207130233 - 2017-02-09 09:23:30
state : 1
log : 48682 / 2017-2-14
YA20151207130233 - 2017-02-09 09:23:32
state : 1
log : 48683 / 2017-2-14
YA20151207130233 - 2017-02-09 09:23:33
state : 1
log : 48689 / 2017-2-14
YA20151207130233 - 2017-02-09 09:23:36
state : 1
log : 48682 / 2017-2-15
YA20151207130233 - 2017-02-09 09:23:36
state : 1
log : 43771 / 2017-02-09
YA20151207130233 - 2017-02-09 09:23:38
state : 1
log : 48683 / 2017-2-15
YA20151207130233 - 2017-02-09 09:23:39
state : 1
log : 48689 / 2017-2-15
YA20151207130233 - 2017-02-09 09:23:41
state : 1
log : 48682 / 2017-2-16
YA20151207130233 - 2017-02-09 09:23:42
state : 1
log : 48683 / 2017-2-16
YA20151207130233 - 2017-02-09 09:23:44
state : 1
log : 48689 / 2017-2-16
YA20151207130233 - 2017-02-09 09:23:46
state : 2
log : 6629 : 이미 막힌 객실 선택
YA20151207130233 - 2017-02-09 09:23:47
state : 1
log : 48683 / 2017-2-17
YA20151207130233 - 2017-02-09 09:23:48
state : 1
log : 48689 / 2017-2-17
YA20151207130233 - 2017-02-09 09:23:49
state : 2
log : 6629 : 이미 막힌 객실 선택
YA20151207130233 - 2017-02-09 09:23:51
state : 1
log : 48683 / 2017-2-18
YA20151207130233 - 2017-02-09 09:23:52
state : 1
log : 48689 / 2017-2-18
YA20151207130233 - 2017-02-09 09:23:53
state : 1
log : 48689 / 2017-2-19
YA20151207130233 - 2017-02-09 09:23:55
state : 1
log : 48689 / 2017-2-20
YA20151207130233 - 2017-02-09 09:23:56
state : 1
log : 48689 / 2017-2-21
YA20151207130233 - 2017-02-09 09:23:57
state : 1
log : 48689 / 2017-2-22
YA20151207130233 - 2017-02-09 09:23:59
state : 1
log : 48689 / 2017-2-23
YA20151207130233 - 2017-02-09 09:24:00
state : 1
log : 48689 / 2017-2-24
YA20151207130233 - 2017-02-09 09:24:01
state : 1
log : 48689 / 2017-2-25
YA20151207130233 - 2017-02-09 09:24:02
state : 1
log : 48689 / 2017-2-26
YA20151207130233 - 2017-02-09 09:24:04
state : 1
log : 48689 / 2017-2-27
YA20151207130233 - 2017-02-09 09:24:05
state : 1
log : 48689 / 2017-2-28
YA20151207130233 - 2017-02-09 09:24:06
state : 1
log : 48682 / 2017-2-13
YA20151207130233 - 2017-02-09 09:24:08
state : 1
log : 24775 / 2017-2-11
YA20151207130233 - 2017-02-09 09:24:08
state : 1
log : 48683 / 2017-2-13
YA20151207130233 - 2017-02-09 09:24:10
state : 1
log : 48689 / 2017-2-13
YA20151207130233 - 2017-02-09 09:24:12
state : 1
log : 48682 / 2017-2-14
YA20151207130233 - 2017-02-09 09:24:14
state : 1
log : 48683 / 2017-2-14
YA20151207130233 - 2017-02-09 09:24:16
state : 1
log : 48689 / 2017-2-14
YA20151207130233 - 2017-02-09 09:24:17
state : 1
log : 48682 / 2017-2-15
YA20151207130233 - 2017-02-09 09:24:19
state : 1
log : 48683 / 2017-2-15
YA20151207130233 - 2017-02-09 09:24:21
state : 1
log : 48689 / 2017-2-15
YA20151207130233 - 2017-02-09 09:24:22
state : 1
log : 48682 / 2017-2-16
YA20151207130233 - 2017-02-09 09:24:24
state : 1
log : 48683 / 2017-2-16
YA20151207130233 - 2017-02-09 09:24:25
state : 1
log : 48689 / 2017-2-16
YA20151207130233 - 2017-02-09 09:24:26
state : 2
log : 6629 : 이미 막힌 객실 선택
YA20151207130233 - 2017-02-09 09:24:27
state : 1
log : 48683 / 2017-2-17
YA20151207130233 - 2017-02-09 09:24:29
state : 1
log : 48689 / 2017-2-17
YA20151207130233 - 2017-02-09 09:24:30
state : 2
log : 6629 : 이미 막힌 객실 선택
YA20151207130233 - 2017-02-09 09:24:31
state : 1
log : 48683 / 2017-2-18
YA20151207130233 - 2017-02-09 09:24:32
state : 1
log : 48689 / 2017-2-18
YA20151207130233 - 2017-02-09 09:24:34
state : 1
log : 48689 / 2017-2-19
YA20151207130233 - 2017-02-09 09:24:36
state : 1
log : 48689 / 2017-2-20
YA20151207130233 - 2017-02-09 09:24:37
state : 1
log : 48689 / 2017-2-21
YA20151207130233 - 2017-02-09 09:24:38
state : 1
log : 48689 / 2017-2-22
YA20151207130233 - 2017-02-09 09:24:40
state : 1
log : 48689 / 2017-2-23
YA20151207130233 - 2017-02-09 09:24:41
state : 1
log : 48689 / 2017-2-24
YA20151207130233 - 2017-02-09 09:24:42
state : 1
log : 48689 / 2017-2-25
YA20151207130233 - 2017-02-09 09:24:44
state : 1
log : 48689 / 2017-2-26
YA20151207130233 - 2017-02-09 09:24:45
state : 1
log : 48689 / 2017-2-27
YA20151207130233 - 2017-02-09 09:24:46
state : 1
log : 48689 / 2017-2-28
YA20151207130233 - 2017-02-09 09:24:48
state : 1
log : 48682 / 2017-2-13
YA20151207130233 - 2017-02-09 09:24:50
state : 1
log : 48683 / 2017-2-13
YA20151207130233 - 2017-02-09 09:24:51
state : 1
log : 48689 / 2017-2-13
YA20151207130233 - 2017-02-09 09:24:52
state : 1
log : 48682 / 2017-2-14
YA20151207130233 - 2017-02-09 09:24:54
state : 1
log : 48683 / 2017-2-14
YA20151207130233 - 2017-02-09 09:24:55
state : 1
log : 48689 / 2017-2-14
YA20151207130233 - 2017-02-09 09:24:56
state : 1
log : 48682 / 2017-2-15
YA20151207130233 - 2017-02-09 09:24:58
state : 1
log : 48683 / 2017-2-15
YA20151207130233 - 2017-02-09 09:25:00
state : 1
log : 48689 / 2017-2-15
YA20151207130233 - 2017-02-09 09:25:02
state : 1
log : 48682 / 2017-2-16
YA20151207130233 - 2017-02-09 09:25:03
state : 1
log : 48683 / 2017-2-16
YA20151207130233 - 2017-02-09 09:25:08
state : 1
log : 48689 / 2017-2-16
YA20151207130233 - 2017-02-09 09:25:09
state : 2
log : 6629 : 이미 막힌 객실 선택
YA20151207130233 - 2017-02-09 09:25:10
state : 1
log : 48683 / 2017-2-17
YA20151207130233 - 2017-02-09 09:25:11
state : 1
log : 48689 / 2017-2-17
YA20151207130233 - 2017-02-09 09:25:12
state : 2
log : 6629 : 이미 막힌 객실 선택
YA20151207130233 - 2017-02-09 09:25:14
state : 1
log : 48683 / 2017-2-18
YA20151207130233 - 2017-02-09 09:25:15
state : 1
log : 48689 / 2017-2-18
YA20151207130233 - 2017-02-09 09:25:17
state : 1
log : 48689 / 2017-2-19
YA20151207130233 - 2017-02-09 09:25:18
state : 1
log : 48689 / 2017-2-20
YA20151207130233 - 2017-02-09 09:25:19
state : 1
log : 48689 / 2017-2-21
YA20151207130233 - 2017-02-09 09:25:21
state : 1
log : 48689 / 2017-2-22
YA20151207130233 - 2017-02-09 09:25:22
state : 1
log : 48689 / 2017-2-23
YA20151207130233 - 2017-02-09 09:25:23
state : 1
log : 48689 / 2017-2-24
YA20151207130233 - 2017-02-09 09:25:24
state : 1
log : 48689 / 2017-2-25
YA20151207130233 - 2017-02-09 09:25:26
state : 1
log : 48689 / 2017-2-26
YA20151207130233 - 2017-02-09 09:25:27
state : 1
log : 48689 / 2017-2-27
YA20151207130233 - 2017-02-09 09:25:29
state : 1
log : 48689 / 2017-2-28
YA20151207130233 - 2017-02-09 09:25:30
state : 1
log : 48682 / 2017-2-13
YA20151207130233 - 2017-02-09 09:25:31
state : 1
log : 48683 / 2017-2-13
YA20151207130233 - 2017-02-09 09:25:34
state : 1
log : 48689 / 2017-2-13
YA20151207130233 - 2017-02-09 09:25:35
state : 1
log : 48682 / 2017-2-14
YA20151207130233 - 2017-02-09 09:25:37
state : 1
log : 48683 / 2017-2-14
YA20151207130233 - 2017-02-09 09:25:38
state : 1
log : 48689 / 2017-2-14
YA20151207130233 - 2017-02-09 09:25:40
state : 1
log : 48682 / 2017-2-15
YA20151207130233 - 2017-02-09 09:25:42
state : 1
log : 48683 / 2017-2-15
YA20151207130233 - 2017-02-09 09:25:44
state : 1
log : 48689 / 2017-2-15
YA20151207130233 - 2017-02-09 09:25:45
state : 1
log : 48682 / 2017-2-16
YA20151207130233 - 2017-02-09 09:25:46
state : 1
log : 48683 / 2017-2-16
YA20151207130233 - 2017-02-09 09:25:47
state : 1
log : 48689 / 2017-2-16
YA20151207130233 - 2017-02-09 09:25:49
state : 2
log : 6629 : 이미 막힌 객실 선택
YA20151207130233 - 2017-02-09 09:25:50
state : 1
log : 48683 / 2017-2-17
YA20151207130233 - 2017-02-09 09:25:51
state : 1
log : 48689 / 2017-2-17
YA20151207130233 - 2017-02-09 09:25:52
state : 2
log : 6629 : 이미 막힌 객실 선택
YA20151207130233 - 2017-02-09 09:25:54
state : 1
log : 48683 / 2017-2-18
YA20151207130233 - 2017-02-09 09:25:55
state : 1
log : 48689 / 2017-2-18
YA20151207130233 - 2017-02-09 09:25:57
state : 1
log : 48689 / 2017-2-19
YA20151207130233 - 2017-02-09 09:25:58
state : 1
log : 48689 / 2017-2-20
YA20151207130233 - 2017-02-09 09:25:59
state : 1
log : 48689 / 2017-2-21
YA20151207130233 - 2017-02-09 09:26:00
state : 1
log : 48689 / 2017-2-22
YA20151207130233 - 2017-02-09 09:26:03
state : 1
log : 48689 / 2017-2-23
YA20151207130233 - 2017-02-09 09:26:04
state : 1
log : 48689 / 2017-2-24
YA20151207130233 - 2017-02-09 09:26:06
state : 1
log : 48689 / 2017-2-25
YA20151207130233 - 2017-02-09 09:26:08
state : 1
log : 48689 / 2017-2-26
YA20151207130233 - 2017-02-09 09:26:09
state : 1
log : 48689 / 2017-2-27
YA20151207130233 - 2017-02-09 09:26:10
state : 1
log : 48689 / 2017-2-28
YA20151207130233 - 2017-02-09 09:26:12
state : 1
log : 48682 / 2017-2-13
YA20151207130233 - 2017-02-09 09:26:13
state : 1
log : 48683 / 2017-2-13
YA20151207130233 - 2017-02-09 09:26:14
state : 1
log : 48689 / 2017-2-13
YA20151207130233 - 2017-02-09 09:26:15
state : 1
log : 48682 / 2017-2-14
YA20151207130233 - 2017-02-09 09:26:17
state : 1
log : 48683 / 2017-2-14
YA20151207130233 - 2017-02-09 09:26:18
state : 1
log : 48689 / 2017-2-14
YA20151207130233 - 2017-02-09 09:26:19
state : 1
log : 48682 / 2017-2-15
YA20151207130233 - 2017-02-09 09:26:21
state : 1
log : 48683 / 2017-2-15
YA20151207130233 - 2017-02-09 09:26:23
state : 1
log : 48689 / 2017-2-15
YA20151207130233 - 2017-02-09 09:26:24
state : 1
log : 48682 / 2017-2-16
YA20151207130233 - 2017-02-09 09:26:26
state : 1
log : 48683 / 2017-2-16
YA20151207130233 - 2017-02-09 09:26:27
state : 1
log : 48689 / 2017-2-16
YA20151207130233 - 2017-02-09 09:26:28
state : 2
log : 6629 : 이미 막힌 객실 선택
YA20151207130233 - 2017-02-09 09:26:29
state : 1
log : 48683 / 2017-2-17
YA20151207130233 - 2017-02-09 09:26:30
state : 1
log : 48689 / 2017-2-17
YA20151207130233 - 2017-02-09 09:26:31
state : 2
log : 6629 : 이미 막힌 객실 선택
YA20151207130233 - 2017-02-09 09:26:34
state : 1
log : 48683 / 2017-2-18
YA20151207130233 - 2017-02-09 09:26:37
state : 1
log : 48689 / 2017-2-18
YA20151207130233 - 2017-02-09 09:26:39
state : 1
log : 48689 / 2017-2-19
YA20151207130233 - 2017-02-09 09:26:40
state : 1
log : 48689 / 2017-2-20
YA20151207130233 - 2017-02-09 09:26:41
state : 1
log : 48689 / 2017-2-21
YA20151207130233 - 2017-02-09 09:26:42
state : 1
log : 48689 / 2017-2-22
YA20151207130233 - 2017-02-09 09:26:43
state : 1
log : 48689 / 2017-2-23
YA20151207130233 - 2017-02-09 09:26:45
state : 1
log : 48689 / 2017-2-24
YA20151207130233 - 2017-02-09 09:26:47
state : 1
log : 48689 / 2017-2-25
YA20151207130233 - 2017-02-09 09:26:49
state : 1
log : 48689 / 2017-2-26
YA20151207130233 - 2017-02-09 09:26:51
state : 1
log : 48689 / 2017-2-27
YA20151207130233 - 2017-02-09 09:26:52
state : 1
log : 48689 / 2017-2-28
YA20151207130233 - 2017-02-09 09:26:53
state : 1
log : 48682 / 2017-2-13
YA20151207130233 - 2017-02-09 09:26:54
state : 1
log : 48683 / 2017-2-13
YA20151207130233 - 2017-02-09 09:26:56
state : 1
log : 48689 / 2017-2-13
YA20151207130233 - 2017-02-09 09:26:57
state : 1
log : 48682 / 2017-2-14
YA20151207130233 - 2017-02-09 09:26:58
state : 1
log : 48683 / 2017-2-14
YA20151207130233 - 2017-02-09 09:26:59
state : 1
log : 48689 / 2017-2-14
YA20151207130233 - 2017-02-09 09:27:01
state : 1
log : 48682 / 2017-2-15
YA20151207130233 - 2017-02-09 09:27:03
state : 1
log : 48683 / 2017-2-15
YA20151207130233 - 2017-02-09 09:27:04
state : 1
log : 48689 / 2017-2-15
YA20151207130233 - 2017-02-09 09:27:06
state : 1
log : 48682 / 2017-2-16
YA20151207130233 - 2017-02-09 09:27:07
state : 1
log : 48683 / 2017-2-16
YA20151207130233 - 2017-02-09 09:27:08
state : 1
log : 48689 / 2017-2-16
YA20151207130233 - 2017-02-09 09:27:10
state : 2
log : 6629 : 이미 막힌 객실 선택
YA20151207130233 - 2017-02-09 09:27:11
state : 1
log : 48683 / 2017-2-17
YA20151207130233 - 2017-02-09 09:27:13
state : 1
log : 48689 / 2017-2-17
YA20151207130233 - 2017-02-09 09:27:14
state : 2
log : 6629 : 이미 막힌 객실 선택
YA20151207130233 - 2017-02-09 09:27:15
state : 1
log : 48683 / 2017-2-18
YA20151207130233 - 2017-02-09 09:27:16
state : 1
log : 48689 / 2017-2-18
YA20151207130233 - 2017-02-09 09:27:18
state : 1
log : 48689 / 2017-2-19
YA20151207130233 - 2017-02-09 09:27:19
state : 1
log : 48689 / 2017-2-20
YA20151207130233 - 2017-02-09 09:27:20
state : 1
log : 48689 / 2017-2-21
YA20151207130233 - 2017-02-09 09:27:21
state : 1
log : 48689 / 2017-2-22
YA20151207130233 - 2017-02-09 09:27:23
state : 1
log : 48689 / 2017-2-23
YA20151207130233 - 2017-02-09 09:27:24
state : 1
log : 48689 / 2017-2-24
YA20151207130233 - 2017-02-09 09:27:26
state : 1
log : 48689 / 2017-2-25
YA20151207130233 - 2017-02-09 09:27:27
state : 1
log : 48689 / 2017-2-26
YA20151207130233 - 2017-02-09 09:27:28
state : 1
log : 48689 / 2017-2-27
YA20151207130233 - 2017-02-09 09:27:29
state : 1
log : 48689 / 2017-2-28
YA20151207130233 - 2017-02-09 09:27:31
state : 1
log : 48682 / 2017-2-13
YA20151207130233 - 2017-02-09 09:27:32
state : 1
log : 48683 / 2017-2-13
YA20151207130233 - 2017-02-09 09:27:33
state : 1
log : 48689 / 2017-2-13
YA20151207130233 - 2017-02-09 09:27:35
state : 1
log : 48682 / 2017-2-14
YA20151207130233 - 2017-02-09 09:27:36
state : 1
log : 48683 / 2017-2-14
YA20151207130233 - 2017-02-09 09:27:38
state : 1
log : 48689 / 2017-2-14
YA20151207130233 - 2017-02-09 09:27:39
state : 1
log : 48682 / 2017-2-15
YA20151207130233 - 2017-02-09 09:27:42
state : 1
log : 48683 / 2017-2-15
YA20151207130233 - 2017-02-09 09:27:43
state : 1
log : 48689 / 2017-2-15
YA20151207130233 - 2017-02-09 09:27:44
state : 1
log : 48682 / 2017-2-16
YA20151207130233 - 2017-02-09 09:27:45
state : 1
log : 48683 / 2017-2-16
YA20151207130233 - 2017-02-09 09:27:48
state : 1
log : 48689 / 2017-2-16
YA20151207130233 - 2017-02-09 09:27:49
state : 2
log : 6629 : 이미 막힌 객실 선택
YA20151207130233 - 2017-02-09 09:27:50
state : 1
log : 48683 / 2017-2-17
YA20151207130233 - 2017-02-09 09:27:52
state : 1
log : 48689 / 2017-2-17
YA20151207130233 - 2017-02-09 09:27:54
state : 2
log : 6629 : 이미 막힌 객실 선택
YA20151207130233 - 2017-02-09 09:27:55
state : 1
log : 48683 / 2017-2-18
YA20151207130233 - 2017-02-09 09:27:56
state : 1
log : 48689 / 2017-2-18
YA20151207130233 - 2017-02-09 09:27:57
state : 1
log : 48689 / 2017-2-19
YA20151207130233 - 2017-02-09 09:27:59
state : 1
log : 48689 / 2017-2-20
YA20151207130233 - 2017-02-09 09:28:00
state : 1
log : 48689 / 2017-2-21
YA20151207130233 - 2017-02-09 09:28:01
state : 1
log : 48689 / 2017-2-22
YA20151207130233 - 2017-02-09 09:28:02
state : 1
log : 48689 / 2017-2-23
YA20151207130233 - 2017-02-09 09:28:04
state : 1
log : 48689 / 2017-2-24
YA20151207130233 - 2017-02-09 09:28:06
state : 1
log : 48689 / 2017-2-25
YA20151207130233 - 2017-02-09 09:28:07
state : 1
log : 48689 / 2017-2-26
YA20151207130233 - 2017-02-09 09:28:08
state : 1
log : 48689 / 2017-2-27
YA20151207130233 - 2017-02-09 09:28:10
state : 1
log : 48689 / 2017-2-28
YA20151207130233 - 2017-02-09 09:28:11
state : 1
log : 48682 / 2017-2-13
YA20151207130233 - 2017-02-09 09:28:12
state : 1
log : 48683 / 2017-2-13
YA20151207130233 - 2017-02-09 09:28:14
state : 1
log : 48689 / 2017-2-13
YA20151207130233 - 2017-02-09 09:28:15
state : 1
log : 48682 / 2017-2-14
YA20151207130233 - 2017-02-09 09:28:16
state : 1
log : 48683 / 2017-2-14
YA20151207130233 - 2017-02-09 09:28:17
state : 1
log : 48689 / 2017-2-14
YA20151207130233 - 2017-02-09 09:28:18
state : 1
log : 48682 / 2017-2-15
YA20151207130233 - 2017-02-09 09:28:21
state : 1
log : 48683 / 2017-2-15
YA20151207130233 - 2017-02-09 09:28:22
state : 1
log : 48689 / 2017-2-15
YA20151207130233 - 2017-02-09 09:28:23
state : 1
log : 48682 / 2017-2-16
YA20151207130233 - 2017-02-09 09:28:25
state : 1
log : 48683 / 2017-2-16
YA20151207130233 - 2017-02-09 09:28:26
state : 1
log : 48689 / 2017-2-16
YA20151207130233 - 2017-02-09 09:28:27
state : 2
log : 6629 : 이미 막힌 객실 선택
YA20151207130233 - 2017-02-09 09:28:29
state : 1
log : 48683 / 2017-2-17
YA20151207130233 - 2017-02-09 09:28:31
state : 1
log : 48689 / 2017-2-17
YA20151207130233 - 2017-02-09 09:28:32
state : 2
log : 6629 : 이미 막힌 객실 선택
YA20151207130233 - 2017-02-09 09:28:33
state : 1
log : 48683 / 2017-2-18
YA20151207130233 - 2017-02-09 09:28:35
state : 1
log : 48689 / 2017-2-18
YA20151207130233 - 2017-02-09 09:28:37
state : 1
log : 48689 / 2017-2-19
YA20151207130233 - 2017-02-09 09:28:38
state : 1
log : 48689 / 2017-2-20
YA20151207130233 - 2017-02-09 09:28:39
state : 1
log : 48689 / 2017-2-21
YA20151207130233 - 2017-02-09 09:28:40
state : 1
log : 48689 / 2017-2-22
YA20151207130233 - 2017-02-09 09:28:42
state : 1
log : 48689 / 2017-2-23
YA20151207130233 - 2017-02-09 09:28:44
state : 1
log : 48689 / 2017-2-24
YA20151207130233 - 2017-02-09 09:28:45
state : 1
log : 48689 / 2017-2-25
YA20151207130233 - 2017-02-09 09:28:46
state : 1
log : 48689 / 2017-2-26
YA20151207130233 - 2017-02-09 09:28:47
state : 1
log : 48689 / 2017-2-27
YA20151207130233 - 2017-02-09 09:28:48
state : 1
log : 48689 / 2017-2-28
YA20151207130233 - 2017-02-09 09:28:51
state : 1
log : 48682 / 2017-2-13
YA20151207130233 - 2017-02-09 09:28:52
state : 1
log : 48683 / 2017-2-13
YA20151207130233 - 2017-02-09 09:28:53
state : 1
log : 48689 / 2017-2-13
YA20151207130233 - 2017-02-09 09:28:54
state : 1
log : 48682 / 2017-2-14
YA20151207130233 - 2017-02-09 09:28:57
state : 1
log : 48683 / 2017-2-14
YA20151207130233 - 2017-02-09 09:28:58
state : 1
log : 48689 / 2017-2-14
YA20151207130233 - 2017-02-09 09:29:00
state : 1
log : 48682 / 2017-2-15
YA20151207130233 - 2017-02-09 09:29:02
state : 1
log : 48683 / 2017-2-15
YA20151207130233 - 2017-02-09 09:29:03
state : 1
log : 48689 / 2017-2-15
YA20151207130233 - 2017-02-09 09:29:04
state : 1
log : 48682 / 2017-2-16
YA20151207130233 - 2017-02-09 09:29:06
state : 1
log : 48683 / 2017-2-16
YA20151207130233 - 2017-02-09 09:29:07
state : 1
log : 48689 / 2017-2-16
YA20151207130233 - 2017-02-09 09:29:09
state : 2
log : 6629 : 이미 막힌 객실 선택
YA20151207130233 - 2017-02-09 09:29:10
state : 1
log : 48683 / 2017-2-17
YA20151207130233 - 2017-02-09 09:29:12
state : 1
log : 48689 / 2017-2-17
YA20151207130233 - 2017-02-09 09:29:13
state : 2
log : 6629 : 이미 막힌 객실 선택
YA20151207130233 - 2017-02-09 09:29:15
state : 1
log : 48683 / 2017-2-18
YA20151207130233 - 2017-02-09 09:29:16
state : 1
log : 48689 / 2017-2-18
YA20151207130233 - 2017-02-09 09:29:18
state : 1
log : 48689 / 2017-2-19
YA20151207130233 - 2017-02-09 09:29:19
state : 1
log : 48689 / 2017-2-20
YA20151207130233 - 2017-02-09 09:29:20
state : 1
log : 48689 / 2017-2-21
YA20151207130233 - 2017-02-09 09:29:22
state : 1
log : 48689 / 2017-2-22
YA20151207130233 - 2017-02-09 09:29:25
state : 1
log : 48689 / 2017-2-23
YA20151207130233 - 2017-02-09 09:29:26
state : 1
log : 48689 / 2017-2-24
YA20151207130233 - 2017-02-09 09:29:28
state : 1
log : 48689 / 2017-2-25
YA20151207130233 - 2017-02-09 09:29:30
state : 1
log : 48689 / 2017-2-26
YA20151207130233 - 2017-02-09 09:29:32
state : 1
log : 48689 / 2017-2-27
YA20151207130233 - 2017-02-09 09:29:33
state : 1
log : 48689 / 2017-2-28
YA20151207130233 - 2017-02-09 09:29:34
state : 1
log : 48682 / 2017-2-13
YA20151207130233 - 2017-02-09 09:29:35
state : 1
log : 48683 / 2017-2-13
YA20151207130233 - 2017-02-09 09:29:37
state : 1
log : 48689 / 2017-2-13
YA20151207130233 - 2017-02-09 09:29:38
state : 1
log : 48682 / 2017-2-14
YA20151207130233 - 2017-02-09 09:29:40
state : 1
log : 48683 / 2017-2-14
YA20151207130233 - 2017-02-09 09:29:42
state : 1
log : 48689 / 2017-2-14
YA20151207130233 - 2017-02-09 09:29:44
state : 1
log : 48682 / 2017-2-15
YA20151207130233 - 2017-02-09 09:29:45
state : 1
log : 48683 / 2017-2-15
YA20151207130233 - 2017-02-09 09:29:46
state : 1
log : 48689 / 2017-2-15
YA20151207130233 - 2017-02-09 09:29:47
state : 1
log : 48682 / 2017-2-16
YA20151207130233 - 2017-02-09 09:29:50
state : 1
log : 48683 / 2017-2-16
YA20151207130233 - 2017-02-09 09:29:51
state : 1
log : 48689 / 2017-2-16
YA20151207130233 - 2017-02-09 09:29:52
state : 2
log : 6629 : 이미 막힌 객실 선택
YA20151207130233 - 2017-02-09 09:29:53
state : 1
log : 48683 / 2017-2-17
YA20151207130233 - 2017-02-09 09:29:54
state : 1
log : 48689 / 2017-2-17
YA20151207130233 - 2017-02-09 09:29:55
state : 2
log : 6629 : 이미 막힌 객실 선택
YA20151207130233 - 2017-02-09 09:29:57
state : 1
log : 48683 / 2017-2-18
YA20151207130233 - 2017-02-09 09:29:58
state : 1
log : 48689 / 2017-2-18
YA20151207130233 - 2017-02-09 09:29:59
state : 1
log : 48689 / 2017-2-19
YA20151207130233 - 2017-02-09 09:30:02
state : 1
log : 48689 / 2017-2-20
YA20151207130233 - 2017-02-09 09:30:03
state : 1
log : 48689 / 2017-2-21
YA20151207130233 - 2017-02-09 09:30:05
state : 1
log : 48689 / 2017-2-22
YA20151207130233 - 2017-02-09 09:30:06
state : 1
log : 48689 / 2017-2-23
YA20151207130233 - 2017-02-09 09:30:08
state : 1
log : 48689 / 2017-2-24
YA20151207130233 - 2017-02-09 09:30:09
state : 1
log : 48689 / 2017-2-25
YA20151207130233 - 2017-02-09 09:30:10
state : 1
log : 48689 / 2017-2-26
YA20151207130233 - 2017-02-09 09:30:13
state : 1
log : 48689 / 2017-2-27
YA20151207130233 - 2017-02-09 09:30:14
state : 1
log : 48689 / 2017-2-28
YA20151207130233 - 2017-02-09 09:31:28
state : 1
log : 48689 / 2017-2-22
YA20151207130233 - 2017-02-09 09:31:29
state : 1
log : 48689 / 2017-2-23
YA20151207130233 - 2017-02-09 09:31:30
state : 1
log : 48689 / 2017-2-24
YA20151207130233 - 2017-02-09 09:31:31
state : 1
log : 48689 / 2017-2-25
YA20151207130233 - 2017-02-09 09:31:33
state : 1
log : 48689 / 2017-2-26
YA20151207130233 - 2017-02-09 09:31:34
state : 1
log : 48689 / 2017-2-27
YA20151207130233 - 2017-02-09 09:31:36
state : 1
log : 48689 / 2017-2-28
YA20151207130233 - 2017-02-09 09:31:42
state : 1
log : 43769 / 2017-03-17
YA20151207130233 - 2017-02-09 09:31:49
state : 1
log : 48682 / 2017-2-14
YA20151207130233 - 2017-02-09 09:31:50
state : 1
log : 48683 / 2017-2-14
YA20151207130233 - 2017-02-09 09:31:51
state : 1
log : 48689 / 2017-2-14
YA20151207130233 - 2017-02-09 09:31:53
state : 1
log : 48682 / 2017-2-15
YA20151207130233 - 2017-02-09 09:31:54
state : 1
log : 48683 / 2017-2-15
YA20151207130233 - 2017-02-09 09:31:55
state : 1
log : 48689 / 2017-2-15
YA20151207130233 - 2017-02-09 09:31:57
state : 1
log : 48682 / 2017-2-16
YA20151207130233 - 2017-02-09 09:31:58
state : 1
log : 48683 / 2017-2-16
YA20151207130233 - 2017-02-09 09:31:59
state : 1
log : 48689 / 2017-2-16
YA20151207130233 - 2017-02-09 09:32:00
state : 2
log : 6629 : 이미 막힌 객실 선택
YA20151207130233 - 2017-02-09 09:32:01
state : 1
log : 48683 / 2017-2-17
YA20151207130233 - 2017-02-09 09:32:04
state : 1
log : 48689 / 2017-2-17
YA20151207130233 - 2017-02-09 09:32:05
state : 2
log : 6629 : 이미 막힌 객실 선택
YA20151207130233 - 2017-02-09 09:32:06
state : 1
log : 48683 / 2017-2-18
YA20151207130233 - 2017-02-09 09:32:08
state : 1
log : 48689 / 2017-2-18
YA20151207130233 - 2017-02-09 09:32:10
state : 1
log : 48689 / 2017-2-19
YA20151207130233 - 2017-02-09 09:32:12
state : 1
log : 48689 / 2017-2-20
YA20151207130233 - 2017-02-09 09:32:13
state : 1
log : 48689 / 2017-2-21
YA20151207130233 - 2017-02-09 09:32:15
state : 1
log : 48689 / 2017-2-22
YA20151207130233 - 2017-02-09 09:32:16
state : 1
log : 48689 / 2017-2-23
YA20151207130233 - 2017-02-09 09:32:17
state : 1
log : 24133 / 2017-2-19
YA20151207130233 - 2017-02-09 09:32:18
state : 1
log : 48689 / 2017-2-24
YA20151207130233 - 2017-02-09 09:32:19
state : 1
log : 48689 / 2017-2-25
YA20151207130233 - 2017-02-09 09:32:20
state : 1
log : 48689 / 2017-2-26
YA20151207130233 - 2017-02-09 09:32:22
state : 1
log : 48689 / 2017-2-27
YA20151207130233 - 2017-02-09 09:32:23
state : 1
log : 48689 / 2017-2-28
YA20151207130233 - 2017-02-09 09:32:24
state : 1
log : 48682 / 2017-2-13
YA20151207130233 - 2017-02-09 09:32:26
state : 1
log : 48683 / 2017-2-13
YA20151207130233 - 2017-02-09 09:32:28
state : 1
log : 48689 / 2017-2-13
YA20151207130233 - 2017-02-09 09:32:29
state : 1
log : 48682 / 2017-2-14
YA20151207130233 - 2017-02-09 09:32:30
state : 1
log : 48683 / 2017-2-14
YA20151207130233 - 2017-02-09 09:32:32
state : 1
log : 48689 / 2017-2-14
YA20151207130233 - 2017-02-09 09:32:34
state : 1
log : 48682 / 2017-2-15
YA20151207130233 - 2017-02-09 09:32:35
state : 1
log : 48683 / 2017-2-15
YA20151207130233 - 2017-02-09 09:32:37
state : 1
log : 48689 / 2017-2-15
YA20151207130233 - 2017-02-09 09:32:38
state : 1
log : 48682 / 2017-2-16
YA20151207130233 - 2017-02-09 09:32:40
state : 1
log : 48683 / 2017-2-16
YA20151207130233 - 2017-02-09 09:32:41
state : 1
log : 48689 / 2017-2-16
YA20151207130233 - 2017-02-09 09:32:43
state : 2
log : 6629 : 이미 막힌 객실 선택
YA20151207130233 - 2017-02-09 09:32:44
state : 1
log : 48683 / 2017-2-17
YA20151207130233 - 2017-02-09 09:32:45
state : 1
log : 48689 / 2017-2-17
YA20151207130233 - 2017-02-09 09:32:47
state : 2
log : 6629 : 이미 막힌 객실 선택
YA20151207130233 - 2017-02-09 09:32:48
state : 1
log : 48683 / 2017-2-18
YA20151207130233 - 2017-02-09 09:32:49
state : 1
log : 48689 / 2017-2-18
YA20151207130233 - 2017-02-09 09:32:51
state : 1
log : 48689 / 2017-2-19
YA20151207130233 - 2017-02-09 09:32:52
state : 1
log : 48689 / 2017-2-20
YA20151207130233 - 2017-02-09 09:32:53
state : 1
log : 48689 / 2017-2-21
YA20151207130233 - 2017-02-09 09:32:55
state : 1
log : 48689 / 2017-2-22
YA20151207130233 - 2017-02-09 09:32:58
state : 1
log : 48689 / 2017-2-23
YA20151207130233 - 2017-02-09 09:32:59
state : 1
log : 48689 / 2017-2-24
YA20151207130233 - 2017-02-09 09:33:00
state : 1
log : 48689 / 2017-2-25
YA20151207130233 - 2017-02-09 09:33:03
state : 1
log : 48689 / 2017-2-26
YA20151207130233 - 2017-02-09 09:33:04
state : 1
log : 48689 / 2017-2-27
YA20151207130233 - 2017-02-09 09:33:06
state : 1
log : 48689 / 2017-2-28
YA20151207130233 - 2017-02-09 09:33:08
state : 1
log : 48682 / 2017-2-13
YA20151207130233 - 2017-02-09 09:33:09
state : 1
log : 48683 / 2017-2-13
YA20151207130233 - 2017-02-09 09:33:10
state : 1
log : 48689 / 2017-2-13
YA20151207130233 - 2017-02-09 09:33:11
state : 1
log : 48682 / 2017-2-14
YA20151207130233 - 2017-02-09 09:33:13
state : 1
log : 48683 / 2017-2-14
YA20151207130233 - 2017-02-09 09:33:14
state : 1
log : 48689 / 2017-2-14
YA20151207130233 - 2017-02-09 09:33:15
state : 1
log : 48682 / 2017-2-15
YA20151207130233 - 2017-02-09 09:33:16
state : 1
log : 48683 / 2017-2-15
YA20151207130233 - 2017-02-09 09:33:18
state : 1
log : 48689 / 2017-2-15
YA20151207130233 - 2017-02-09 09:33:19
state : 1
log : 48682 / 2017-2-16
YA20151207130233 - 2017-02-09 09:33:20
state : 1
log : 48683 / 2017-2-16
YA20151207130233 - 2017-02-09 09:33:22
state : 1
log : 48689 / 2017-2-16
YA20151207130233 - 2017-02-09 09:33:23
state : 2
log : 6629 : 이미 막힌 객실 선택
YA20151207130233 - 2017-02-09 09:33:24
state : 1
log : 48683 / 2017-2-17
YA20151207130233 - 2017-02-09 09:33:25
state : 1
log : 48689 / 2017-2-17
YA20151207130233 - 2017-02-09 09:33:26
state : 2
log : 6629 : 이미 막힌 객실 선택
YA20151207130233 - 2017-02-09 09:33:27
state : 1
log : 48683 / 2017-2-18
YA20151207130233 - 2017-02-09 09:33:30
state : 1
log : 48689 / 2017-2-18
YA20151207130233 - 2017-02-09 09:33:32
state : 1
log : 48689 / 2017-2-19
YA20151207130233 - 2017-02-09 09:33:33
state : 1
log : 48689 / 2017-2-20
YA20151207130233 - 2017-02-09 09:33:35
state : 1
log : 48689 / 2017-2-21
YA20151207130233 - 2017-02-09 09:33:37
state : 1
log : 48689 / 2017-2-22
YA20151207130233 - 2017-02-09 09:33:38
state : 1
log : 48689 / 2017-2-23
YA20151207130233 - 2017-02-09 09:33:39
state : 1
log : 48689 / 2017-2-24
YA20151207130233 - 2017-02-09 09:33:41
state : 1
log : 48689 / 2017-2-25
YA20151207130233 - 2017-02-09 09:33:43
state : 1
log : 48689 / 2017-2-26
YA20151207130233 - 2017-02-09 09:33:44
state : 1
log : 48689 / 2017-2-27
YA20151207130233 - 2017-02-09 09:33:46
state : 1
log : 48689 / 2017-2-28
YA20151207130233 - 2017-02-09 09:33:47
state : 1
log : 48682 / 2017-2-13
YA20151207130233 - 2017-02-09 09:33:48
state : 1
log : 48683 / 2017-2-13
YA20151207130233 - 2017-02-09 09:33:50
state : 1
log : 48689 / 2017-2-13
YA20151207130233 - 2017-02-09 09:33:51
state : 1
log : 48682 / 2017-2-14
YA20151207130233 - 2017-02-09 09:33:52
state : 1
log : 48683 / 2017-2-14
YA20151207130233 - 2017-02-09 09:33:53
state : 1
log : 48689 / 2017-2-14
YA20151207130233 - 2017-02-09 09:33:55
state : 1
log : 48682 / 2017-2-15
YA20151207130233 - 2017-02-09 09:33:56
state : 1
log : 48683 / 2017-2-15
YA20151207130233 - 2017-02-09 09:33:57
state : 1
log : 48689 / 2017-2-15
YA20151207130233 - 2017-02-09 09:33:59
state : 1
log : 48682 / 2017-2-16
YA20151207130233 - 2017-02-09 09:34:00
state : 1
log : 48683 / 2017-2-16
YA20151207130233 - 2017-02-09 09:34:02
state : 1
log : 48689 / 2017-2-16
YA20151207130233 - 2017-02-09 09:34:03
state : 2
log : 6629 : 이미 막힌 객실 선택
YA20151207130233 - 2017-02-09 09:34:04
state : 1
log : 48683 / 2017-2-17
YA20151207130233 - 2017-02-09 09:34:05
state : 1
log : 43766 / 2017-3-17
YA20151207130233 - 2017-02-09 09:34:06
state : 1
log : 48689 / 2017-2-17
YA20151207130233 - 2017-02-09 09:34:06
state : 1
log : 43769 / 2017-3-17
YA20151207130233 - 2017-02-09 09:34:07
state : 2
log : 6629 : 이미 막힌 객실 선택
YA20151207130233 - 2017-02-09 09:34:08
state : 1
log : 24133 / 2017-2-11
YA20151207130233 - 2017-02-09 09:34:08
state : 1
log : 48683 / 2017-2-18
YA20151207130233 - 2017-02-09 09:34:09
state : 1
log : 48689 / 2017-2-18
YA20151207130233 - 2017-02-09 09:34:11
state : 1
log : 48689 / 2017-2-19
YA20151207130233 - 2017-02-09 09:34:12
state : 1
log : 48689 / 2017-2-20
YA20151207130233 - 2017-02-09 09:34:14
state : 1
log : 48689 / 2017-2-21
YA20151207130233 - 2017-02-09 09:34:17
state : 1
log : 48689 / 2017-2-22
YA20151207130233 - 2017-02-09 09:34:18
state : 1
log : 48689 / 2017-2-23
YA20151207130233 - 2017-02-09 09:34:19
state : 1
log : 48689 / 2017-2-24
YA20151207130233 - 2017-02-09 09:34:20
state : 1
log : 48689 / 2017-2-25
YA20151207130233 - 2017-02-09 09:34:21
state : 1
log : 48689 / 2017-2-26
YA20151207130233 - 2017-02-09 09:34:23
state : 1
log : 48689 / 2017-2-27
YA20151207130233 - 2017-02-09 09:34:25
state : 1
log : 48689 / 2017-2-28
YA20151207130233 - 2017-02-09 09:34:26
state : 1
log : 48682 / 2017-2-13
YA20151207130233 - 2017-02-09 09:34:28
state : 1
log : 48683 / 2017-2-13
YA20151207130233 - 2017-02-09 09:34:29
state : 1
log : 48689 / 2017-2-13
YA20151207130233 - 2017-02-09 09:34:30
state : 1
log : 48682 / 2017-2-14
YA20151207130233 - 2017-02-09 09:34:31
state : 1
log : 48683 / 2017-2-14
YA20151207130233 - 2017-02-09 09:34:32
state : 1
log : 48689 / 2017-2-14
YA20151207130233 - 2017-02-09 09:34:34
state : 1
log : 48682 / 2017-2-15
YA20151207130233 - 2017-02-09 09:34:36
state : 1
log : 48683 / 2017-2-15
YA20151207130233 - 2017-02-09 09:34:37
state : 1
log : 48689 / 2017-2-15
YA20151207130233 - 2017-02-09 09:34:38
state : 1
log : 48682 / 2017-2-16
YA20151207130233 - 2017-02-09 09:34:40
state : 1
log : 48683 / 2017-2-16
YA20151207130233 - 2017-02-09 09:34:42
state : 1
log : 48689 / 2017-2-16
YA20151207130233 - 2017-02-09 09:34:43
state : 2
log : 6629 : 이미 막힌 객실 선택
YA20151207130233 - 2017-02-09 09:34:44
state : 1
log : 48683 / 2017-2-17
YA20151207130233 - 2017-02-09 09:34:45
state : 1
log : 48689 / 2017-2-17
YA20151207130233 - 2017-02-09 09:34:46
state : 2
log : 6629 : 이미 막힌 객실 선택
YA20151207130233 - 2017-02-09 09:34:48
state : 1
log : 48683 / 2017-2-18
YA20151207130233 - 2017-02-09 09:34:49
state : 1
log : 48689 / 2017-2-18
YA20151207130233 - 2017-02-09 09:34:51
state : 1
log : 48689 / 2017-2-19
YA20151207130233 - 2017-02-09 09:34:53
state : 1
log : 48689 / 2017-2-20
YA20151207130233 - 2017-02-09 09:34:56
state : 1
log : 48689 / 2017-2-21
YA20151207130233 - 2017-02-09 09:34:57
state : 1
log : 48689 / 2017-2-22
YA20151207130233 - 2017-02-09 09:34:59
state : 1
log : 48689 / 2017-2-23
YA20151207130233 - 2017-02-09 09:35:01
state : 1
log : 48689 / 2017-2-24
YA20151207130233 - 2017-02-09 09:35:02
state : 1
log : 48689 / 2017-2-25
YA20151207130233 - 2017-02-09 09:35:04
state : 1
log : 48689 / 2017-2-26
YA20151207130233 - 2017-02-09 09:35:05
state : 1
log : 48689 / 2017-2-27
YA20151207130233 - 2017-02-09 09:35:07
state : 1
log : 48689 / 2017-2-28
YA20151207130233 - 2017-02-09 09:35:09
state : 1
log : 48682 / 2017-2-13
YA20151207130233 - 2017-02-09 09:35:11
state : 1
log : 48683 / 2017-2-13
YA20151207130233 - 2017-02-09 09:35:13
state : 1
log : 48689 / 2017-2-13
YA20151207130233 - 2017-02-09 09:35:15
state : 1
log : 48682 / 2017-2-14
YA20151207130233 - 2017-02-09 09:35:16
state : 1
log : 48683 / 2017-2-14
YA20151207130233 - 2017-02-09 09:35:18
state : 1
log : 48689 / 2017-2-14
YA20151207130233 - 2017-02-09 09:35:19
state : 1
log : 48682 / 2017-2-15
YA20151207130233 - 2017-02-09 09:35:20
state : 1
log : 48683 / 2017-2-15
YA20151207130233 - 2017-02-09 09:35:21
state : 1
log : 48689 / 2017-2-15
YA20151207130233 - 2017-02-09 09:35:23
state : 1
log : 48682 / 2017-2-16
YA20151207130233 - 2017-02-09 09:35:24
state : 1
log : 48683 / 2017-2-16
YA20151207130233 - 2017-02-09 09:35:25
state : 1
log : 48689 / 2017-2-16
YA20151207130233 - 2017-02-09 09:35:27
state : 2
log : 6629 : 이미 막힌 객실 선택
YA20151207130233 - 2017-02-09 09:35:29
state : 1
log : 48683 / 2017-2-17
YA20151207130233 - 2017-02-09 09:35:31
state : 1
log : 48689 / 2017-2-17
YA20151207130233 - 2017-02-09 09:35:32
state : 2
log : 6629 : 이미 막힌 객실 선택
YA20151207130233 - 2017-02-09 09:35:33
state : 1
log : 48683 / 2017-2-18
YA20151207130233 - 2017-02-09 09:35:34
state : 1
log : 48689 / 2017-2-18
YA20151207130233 - 2017-02-09 09:35:35
state : 1
log : 48689 / 2017-2-19
YA20151207130233 - 2017-02-09 09:35:37
state : 1
log : 48689 / 2017-2-20
YA20151207130233 - 2017-02-09 09:35:38
state : 1
log : 48689 / 2017-2-21
YA20151207130233 - 2017-02-09 09:35:39
state : 1
log : 48689 / 2017-2-22
YA20151207130233 - 2017-02-09 09:35:40
state : 1
log : 48689 / 2017-2-23
YA20151207130233 - 2017-02-09 09:35:42
state : 1
log : 48689 / 2017-2-24
YA20151207130233 - 2017-02-09 09:35:43
state : 1
log : 48689 / 2017-2-25
YA20151207130233 - 2017-02-09 09:35:44
state : 1
log : 48689 / 2017-2-26
YA20151207130233 - 2017-02-09 09:35:46
state : 1
log : 48689 / 2017-2-27
YA20151207130233 - 2017-02-09 09:35:46
state : 1
log : 20715 / 2017-2-10
YA20151207130233 - 2017-02-09 09:35:47
state : 1
log : 48689 / 2017-2-28
YA20151207130233 - 2017-02-09 09:35:49
state : 1
log : 48682 / 2017-2-13
YA20151207130233 - 2017-02-09 09:35:51
state : 1
log : 48683 / 2017-2-13
YA20151207130233 - 2017-02-09 09:35:54
state : 1
log : 48689 / 2017-2-13
YA20151207130233 - 2017-02-09 09:35:55
state : 1
log : 48682 / 2017-2-14
YA20151207130233 - 2017-02-09 09:35:57
state : 1
log : 48683 / 2017-2-14
YA20151207130233 - 2017-02-09 09:35:58
state : 1
log : 48689 / 2017-2-14
YA20151207130233 - 2017-02-09 09:35:59
state : 1
log : 48682 / 2017-2-15
YA20151207130233 - 2017-02-09 09:36:02
state : 1
log : 48683 / 2017-2-15
YA20151207130233 - 2017-02-09 09:36:03
state : 1
log : 48689 / 2017-2-15
YA20151207130233 - 2017-02-09 09:36:04
state : 1
log : 48682 / 2017-2-16
YA20151207130233 - 2017-02-09 09:36:06
state : 1
log : 48683 / 2017-2-16
YA20151207130233 - 2017-02-09 09:36:07
state : 1
log : 48689 / 2017-2-16
YA20151207130233 - 2017-02-09 09:36:09
state : 2
log : 6629 : 이미 막힌 객실 선택
YA20151207130233 - 2017-02-09 09:36:10
state : 1
log : 48683 / 2017-2-17
YA20151207130233 - 2017-02-09 09:36:11
state : 1
log : 48689 / 2017-2-17
YA20151207130233 - 2017-02-09 09:36:12
state : 2
log : 6629 : 이미 막힌 객실 선택
YA20151207130233 - 2017-02-09 09:36:13
state : 1
log : 48683 / 2017-2-18
YA20151207130233 - 2017-02-09 09:36:15
state : 1
log : 48689 / 2017-2-18
YA20151207130233 - 2017-02-09 09:36:16
state : 1
log : 48689 / 2017-2-19
YA20151207130233 - 2017-02-09 09:36:17
state : 1
log : 48689 / 2017-2-20
YA20151207130233 - 2017-02-09 09:36:19
state : 1
log : 48689 / 2017-2-21
YA20151207130233 - 2017-02-09 09:36:21
state : 1
log : 48689 / 2017-2-22
YA20151207130233 - 2017-02-09 09:36:22
state : 1
log : 48689 / 2017-2-23
YA20151207130233 - 2017-02-09 09:36:24
state : 1
log : 48689 / 2017-2-24
YA20151207130233 - 2017-02-09 09:36:25
state : 1
log : 48689 / 2017-2-25
YA20151207130233 - 2017-02-09 09:36:26
state : 1
log : 48689 / 2017-2-26
YA20151207130233 - 2017-02-09 09:36:28
state : 1
log : 48689 / 2017-2-27
YA20151207130233 - 2017-02-09 09:36:29
state : 1
log : 48689 / 2017-2-28
YA20151207130233 - 2017-02-09 09:38:20
state : 1
log : 24133 / 2017-2-28
YA20151207130233 - 2017-02-09 09:41:55
state : 1
log : 20705 / 2017-2-25
YA20161116113212 - 2017-02-09 09:46:51
state : 1
log : 42566 / 2017-02-24
YA20151207130233 - 2017-02-09 09:51:41
state : 3
log : 6300 : 등록된 객실 없습니다
YA20151207130233 - 2017-02-09 09:52:44
state : 3
log : 5823 : 등록된 객실 없습니다
YA20151207130233 - 2017-02-09 09:53:00
state : 3
log : 5823 : 등록된 객실 없습니다
YA20161116113212 - 2017-02-09 09:58:35
state : 1
log : 44273 / 2017-02-10
44273 / 2017-02-11
YA20151207130233 - 2017-02-09 10:09:27
state : 1
log : 9727 / 2017-2-13
YA20161116113212 - 2017-02-09 10:24:02
state : 1
log : 14160 / 2017-02-14
YA20151207130233 - 2017-02-09 10:28:43
state : 1
log : 23480 / 2017-2-11
YA20151207130233 - 2017-02-09 10:28:44
state : 1
log : 23481 / 2017-2-11
YA20151207130233 - 2017-02-09 10:28:46
state : 1
log : 23483 / 2017-2-11
YA20151207130233 - 2017-02-09 10:29:05
state : 1
log : 23483 / 2017-2-9
YA20151207130233 - 2017-02-09 10:29:06
state : 1
log : 23520 / 2017-2-9
YA20151207130233 - 2017-02-09 10:29:07
state : 1
log : 23482 / 2017-2-10
YA20151207130233 - 2017-02-09 10:29:09
state : 1
log : 23520 / 2017-2-10
2017-02-09 10:30:00
key : YA20151207130233
state : 1
log : 23520 / 2017-2-17
YA20151207130233 - 2017-02-09 10:31:33
state : 1
log : 21834 / 2017-02-22
YA20151207130233 - 2017-02-09 10:36:14
state : 1
log : 22721 / 2017-2-18
YA20151207130233 - 2017-02-09 10:39:46
state : 1
log : 25048 / 2017-02-18
YA20161116113212 - 2017-02-09 10:42:46
state : 1
log : 23292 / 2017-02-10
YA20151207130233 - 2017-02-09 10:52:44
state : 1
log : 21577 / 2017-02-10
YA20151207130233 - 2017-02-09 10:55:07
state : 2
log : 5244 : 이미 막힌 객실 선택
YA20161116113212 - 2017-02-09 10:56:13
state : 1
log : 25140 / 2017-02-15
YA20151207130233 - 2017-02-09 10:56:25
state : 2
log : 5244 : 이미 막힌 객실 선택
YA20151207130233 - 2017-02-09 10:56:48
state : 2
log : 5243 : 이미 막힌 객실 선택
YA20151207130233 - 2017-02-09 10:58:11
state : 1
log : 21576 / 2017-2-23
YA20151207130233 - 2017-02-09 11:00:43
state : 1
log : 9725 / 2017-2-9
YA20161116113212 - 2017-02-09 11:04:41
state : 2
log : 23133 : 이미 막힌 객실 선택
YA20161116113212 - 2017-02-09 11:05:07
state : 2
log : 23133 : 이미 막힌 객실 선택
YA20151207130233 - 2017-02-09 11:07:01
state : 1
log : 21577 / 2017-2-10
YA20151207130233 - 2017-02-09 11:07:03
state : 1
log : 21577 / 2017-2-10
YA20151207130233 - 2017-02-09 11:08:40
state : 1
log : 47722 / 2017-2-25
YA20151207130233 - 2017-02-09 11:08:41
state : 1
log : 47723 / 2017-2-25
YA20151207130233 - 2017-02-09 11:09:00
state : 1
log : 47720 / 2017-2-25
YA20151207130233 - 2017-02-09 11:09:01
state : 1
log : 47721 / 2017-2-25
2017-02-09 11:09:05
key : YA20151207130233
state : 1
log : 2989 / 2017-3-3
2017-02-09 11:09:06
key : YA20151207130233
state : 1
log : 2989 / 2017-3-4
YA20151207130233 - 2017-02-09 11:12:16
state : 1
log : 10537 / 2017-2-9
YA20151207130233 - 2017-02-09 11:14:21
state : 1
log : 21755 / 2017-2-11
YA20151207130233 - 2017-02-09 11:28:21
state : 1
log : 21815 / 2017-02-21
YA20161116113212 - 2017-02-09 11:30:03
state : 1
log : 42739 / 2017-02-14
YA20161116113212 - 2017-02-09 11:36:15
state : 1
log : 29414 / 2017-02-10
YA20151207130233 - 2017-02-09 11:47:52
state : 1
log : 23340 / 2017-02-11
YA20151207130233 - 2017-02-09 11:49:25
state : 1
log : 17752 / 2017-02-10
YA20151207130233 - 2017-02-09 11:51:31
state : 1
log : 24770 / 2017-2-11
YA20151207130233 - 2017-02-09 11:51:33
state : 1
log : 23340 / 2017-2-11
YA20161116113212 - 2017-02-09 11:51:40
state : 1
log : 44069 / 2017-02-11
2017-02-09 11:51:45
key : YA20151207130233
state : 1
log : 23480 / 2017-2-11
YA20151207130233 - 2017-02-09 11:52:18
state : 1
log : 24775 / 2017-2-11
YA20151207130233 - 2017-02-09 11:53:33
state : 1
log : 2973 / 2017-2-18
YA20151207130233 - 2017-02-09 11:57:48
state : 1
log : 23314 / 2017-02-18
YA20151207130233 - 2017-02-09 12:06:37
state : 2
log : 5347 : 이미 막힌 객실 선택
2017-02-09 12:07:24
key : YA20151207130233
state : 1
log : 3696 / 2017-2-11
YA20151207130233 - 2017-02-09 12:08:00
state : 2
log : 5346 : 이미 막힌 객실 선택
YA20151207130233 - 2017-02-09 12:08:43
state : 2
log : 5243 : 이미 막힌 객실 선택
YA20151207130233 - 2017-02-09 12:08:50
state : 1
log : 19357 / 2017-2-25
YA20151207130233 - 2017-02-09 12:09:21
state : 2
log : 5243 : 이미 막힌 객실 선택
YA20151207130233 - 2017-02-09 12:10:30
state : 1
log : 11097 / 2017-2-11
YA20151207130233 - 2017-02-09 12:10:32
state : 1
log : 11098 / 2017-2-11
YA20151207130233 - 2017-02-09 12:14:52
state : 1
log : 46335 / 2017-2-18
YA20151207130233 - 2017-02-09 12:25:27
state : 1
log : 15310 / 2017-02-12
YA20151207130233 - 2017-02-09 12:25:55
state : 1
log : 18057 / 2017-2-9
2017-02-09 12:26:14
key : YA20151207130233
state : 1
log : 18058 / 2017-2-10
YA20151207130233 - 2017-02-09 12:26:27
state : 1
log : 18057 / 2017-2-10
2017-02-09 12:27:31
key : YA20151207130233
state : 1
log : 18058 / 2017-2-10
YA20151207130233 - 2017-02-09 12:28:20
state : 1
log : 29447 / 2017-02-18
YA20151207130233 - 2017-02-09 12:31:03
state : 1
log : 20703 / 2017-2-10
YA20151207130233 - 2017-02-09 12:31:04
state : 1
log : 20712 / 2017-2-10
YA20151207130233 - 2017-02-09 12:39:12
state : 2
log : 4602 : 이미 막힌 객실 선택
YA20151207130233 - 2017-02-09 12:44:46
state : 1
log : 33989 / 2017-02-11
YA20151207130233 - 2017-02-09 12:48:40
state : 1
log : 35128 / 2017-02-17
YA20151207130233 - 2017-02-09 12:52:16
state : 1
log : 21749 / 2017-02-12
YA20151207130233 - 2017-02-09 12:52:27
state : 1
log : 20703 / 2017-2-20
YA20161116113212 - 2017-02-09 12:55:46
state : 1
log : 11506 / 2017-02-11
2017-02-09 12:56:09
key : YA20151207130233
state : 1
log : 29444 / 2017-02-15
YA20151207130233 - 2017-02-09 13:08:39
state : 1
log : 24146 / 2017-3-10
2017-02-09 13:19:34
key : YA20151207130233
state : 1
log : 29444 / 2017-02-15
YA20151207130233 - 2017-02-09 13:21:30
state : 1
log : 20704 / 2017-2-10
YA20151207130233 - 2017-02-09 13:23:39
state : 1
log : 29444 / 2017-02-15
YA20151207130233 - 2017-02-09 13:29:13
state : 1
log : 33985 / 2017-02-13
YA20151207130233 - 2017-02-09 13:29:15
state : 1
log : 33985 / 2017-02-14
YA20151207130233 - 2017-02-09 13:31:18
state : 1
log : 17752 / 2017-2-10
2017-02-09 13:32:10
key : YA20151207130233
state : 1
log : 18057 / 2017-2-10
YA20151207130233 - 2017-02-09 13:32:22
state : 2
log : 5903 : 이미 막힌 객실 선택
YA20161116113212 - 2017-02-09 13:34:17
state : 1
log : 47333 / 2017-02-09
YA20161116113212 - 2017-02-09 13:35:37
state : 1
log : 47714 / 2017-02-17
YA20151207130233 - 2017-02-09 13:38:56
state : 2
log : 5246 : 이미 막힌 객실 선택
YA20151207130233 - 2017-02-09 13:39:11
state : 1
log : 23579 / 2017-02-17
YA20161116113212 - 2017-02-09 13:40:44
state : 1
log : 30677 / 2017-02-11
YA20151207130233 - 2017-02-09 13:41:34
state : 1
log : 1578 / 2017-4-22
YA20151207130233 - 2017-02-09 13:41:35
state : 3
log : 2211 : 등록된 객실 없습니다
YA20151207130233 - 2017-02-09 13:43:42
state : 1
log : 21581 / 2017-2-10
YA20161116113212 - 2017-02-09 13:44:36
state : 1
log : 27073 / 2017-02-20
2017-02-09 13:44:39
key : YA20151207130233
state : 1
log : 18058 / 2017-2-10
2017-02-09 13:45:18
key : YA20151207130233
state : 1
log : 18058 / 2017-2-10
YA20151207130233 - 2017-02-09 13:45:33
state : 1
log : 21579 / 2017-2-17
2017-02-09 13:46:04
key : YA20151207130233
state : 1
log : 3699 / 2017-2-25
YA20151207130233 - 2017-02-09 13:46:53
state : 1
log : 21580 / 2017-2-21
YA20161116113212 - 2017-02-09 13:50:35
state : 1
log : 17442 / 2017-02-22
YA20151207130233 - 2017-02-09 13:52:23
state : 1
log : 17746 / 2017-2-14
YA20151207130233 - 2017-02-09 13:52:25
state : 1
log : 17750 / 2017-2-14
YA20151207130233 - 2017-02-09 13:55:22
state : 2
log : 5246 : 이미 막힌 객실 선택
YA20151207130233 - 2017-02-09 13:55:23
state : 2
log : 5246 : 이미 막힌 객실 선택
YA20151207130233 - 2017-02-09 13:56:18
state : 1
log : 9801 / 2017-2-13
YA20151207130233 - 2017-02-09 13:56:20
state : 2
log : 5059 : 이미 막힌 객실 선택
YA20151207130233 - 2017-02-09 13:56:21
state : 1
log : 9803 / 2017-2-13
YA20151207130233 - 2017-02-09 13:56:23
state : 1
log : 9804 / 2017-2-13
YA20151207130233 - 2017-02-09 13:56:24
state : 1
log : 9805 / 2017-2-13
YA20151207130233 - 2017-02-09 13:56:25
state : 1
log : 9806 / 2017-2-13
YA20151207130233 - 2017-02-09 13:56:28
state : 1
log : 9808 / 2017-2-13
YA20151207130233 - 2017-02-09 13:56:30
state : 1
log : 9807 / 2017-2-13
YA20151207130233 - 2017-02-09 13:56:32
state : 1
log : 9801 / 2017-2-14
YA20151207130233 - 2017-02-09 13:56:33
state : 1
log : 9802 / 2017-2-14
YA20151207130233 - 2017-02-09 13:56:35
state : 1
log : 9803 / 2017-2-14
YA20151207130233 - 2017-02-09 13:56:36
state : 1
log : 9804 / 2017-2-14
YA20151207130233 - 2017-02-09 13:56:38
state : 1
log : 9805 / 2017-2-14
YA20151207130233 - 2017-02-09 13:56:39
state : 1
log : 9806 / 2017-2-14
YA20151207130233 - 2017-02-09 13:56:41
state : 1
log : 9808 / 2017-2-14
YA20151207130233 - 2017-02-09 13:56:43
state : 1
log : 9807 / 2017-2-14
YA20151207130233 - 2017-02-09 13:56:45
state : 1
log : 9801 / 2017-2-13
YA20151207130233 - 2017-02-09 13:56:46
state : 2
log : 5059 : 이미 막힌 객실 선택
YA20151207130233 - 2017-02-09 13:56:47
state : 1
log : 9803 / 2017-2-13
YA20151207130233 - 2017-02-09 13:56:50
state : 1
log : 9804 / 2017-2-13
YA20151207130233 - 2017-02-09 13:56:51
state : 1
log : 9805 / 2017-2-13
YA20151207130233 - 2017-02-09 13:56:52
state : 1
log : 9806 / 2017-2-13
YA20151207130233 - 2017-02-09 13:56:53
state : 1
log : 9808 / 2017-2-13
YA20151207130233 - 2017-02-09 13:56:55
state : 1
log : 9807 / 2017-2-13
YA20151207130233 - 2017-02-09 13:56:57
state : 1
log : 9801 / 2017-2-14
YA20151207130233 - 2017-02-09 13:56:58
state : 1
log : 9802 / 2017-2-14
YA20151207130233 - 2017-02-09 13:57:00
state : 1
log : 9803 / 2017-2-14
YA20151207130233 - 2017-02-09 13:57:01
state : 1
log : 9804 / 2017-2-14
YA20151207130233 - 2017-02-09 13:57:02
state : 1
log : 9805 / 2017-2-14
YA20151207130233 - 2017-02-09 13:57:05
state : 1
log : 9806 / 2017-2-14
YA20151207130233 - 2017-02-09 13:57:05
state : 1
log : 17751 / 2017-02-11
YA20151207130233 - 2017-02-09 13:57:06
state : 1
log : 9808 / 2017-2-14
YA20151207130233 - 2017-02-09 13:57:08
state : 1
log : 9807 / 2017-2-14
YA20151207130233 - 2017-02-09 13:57:09
state : 1
log : 9801 / 2017-2-13
YA20151207130233 - 2017-02-09 13:57:10
state : 2
log : 5059 : 이미 막힌 객실 선택
YA20151207130233 - 2017-02-09 13:57:11
state : 1
log : 9803 / 2017-2-13
YA20151207130233 - 2017-02-09 13:57:12
state : 1
log : 9804 / 2017-2-13
YA20151207130233 - 2017-02-09 13:57:14
state : 1
log : 9805 / 2017-2-13
YA20151207130233 - 2017-02-09 13:57:15
state : 1
log : 9806 / 2017-2-13
YA20151207130233 - 2017-02-09 13:57:17
state : 1
log : 9808 / 2017-2-13
YA20151207130233 - 2017-02-09 13:57:19
state : 1
log : 9807 / 2017-2-13
YA20151207130233 - 2017-02-09 13:57:21
state : 1
log : 9801 / 2017-2-14
YA20151207130233 - 2017-02-09 13:57:23
state : 1
log : 9802 / 2017-2-14
YA20151207130233 - 2017-02-09 13:57:24
state : 1
log : 9803 / 2017-2-14
YA20151207130233 - 2017-02-09 13:57:25
state : 1
log : 9804 / 2017-2-14
YA20151207130233 - 2017-02-09 13:57:27
state : 1
log : 9805 / 2017-2-14
YA20151207130233 - 2017-02-09 13:57:29
state : 1
log : 9806 / 2017-2-14
YA20151207130233 - 2017-02-09 13:57:30
state : 1
log : 9808 / 2017-2-14
YA20151207130233 - 2017-02-09 13:57:32
state : 1
log : 9807 / 2017-2-14
YA20151207130233 - 2017-02-09 13:57:33
state : 1
log : 9801 / 2017-2-13
YA20151207130233 - 2017-02-09 13:57:34
state : 2
log : 5059 : 이미 막힌 객실 선택
YA20151207130233 - 2017-02-09 13:57:35
state : 1
log : 9803 / 2017-2-13
YA20151207130233 - 2017-02-09 13:57:37
state : 1
log : 9804 / 2017-2-13
YA20151207130233 - 2017-02-09 13:57:38
state : 1
log : 9805 / 2017-2-13
YA20151207130233 - 2017-02-09 13:57:40
state : 1
log : 9806 / 2017-2-13
YA20151207130233 - 2017-02-09 13:57:41
state : 1
log : 9808 / 2017-2-13
YA20151207130233 - 2017-02-09 13:57:43
state : 1
log : 9807 / 2017-2-13
YA20151207130233 - 2017-02-09 13:57:45
state : 1
log : 9801 / 2017-2-14
YA20151207130233 - 2017-02-09 13:57:46
state : 1
log : 9802 / 2017-2-14
YA20151207130233 - 2017-02-09 13:57:47
state : 1
log : 9803 / 2017-2-14
YA20151207130233 - 2017-02-09 13:57:49
state : 1
log : 9804 / 2017-2-14
YA20151207130233 - 2017-02-09 13:57:50
state : 1
log : 9805 / 2017-2-14
YA20151207130233 - 2017-02-09 13:57:51
state : 1
log : 9806 / 2017-2-14
YA20151207130233 - 2017-02-09 13:57:52
state : 1
log : 9808 / 2017-2-14
YA20151207130233 - 2017-02-09 13:57:54
state : 1
log : 9807 / 2017-2-14
YA20151207130233 - 2017-02-09 13:57:55
state : 1
log : 9801 / 2017-2-13
YA20151207130233 - 2017-02-09 13:57:56
state : 2
log : 5059 : 이미 막힌 객실 선택
YA20151207130233 - 2017-02-09 13:57:58
state : 1
log : 9803 / 2017-2-13
YA20151207130233 - 2017-02-09 13:57:59
state : 1
log : 9804 / 2017-2-13
YA20151207130233 - 2017-02-09 13:58:00
state : 1
log : 9805 / 2017-2-13
YA20151207130233 - 2017-02-09 13:58:02
state : 1
log : 9806 / 2017-2-13
YA20151207130233 - 2017-02-09 13:58:04
state : 1
log : 9808 / 2017-2-13
YA20151207130233 - 2017-02-09 13:58:05
state : 1
log : 9807 / 2017-2-13
YA20151207130233 - 2017-02-09 13:58:06
state : 1
log : 9801 / 2017-2-14
YA20151207130233 - 2017-02-09 13:58:07
state : 1
log : 9802 / 2017-2-14
YA20151207130233 - 2017-02-09 13:58:09
state : 1
log : 9803 / 2017-2-14
YA20151207130233 - 2017-02-09 13:58:10
state : 1
log : 9804 / 2017-2-14
YA20151207130233 - 2017-02-09 13:58:12
state : 1
log : 9805 / 2017-2-14
YA20151207130233 - 2017-02-09 13:58:13
state : 1
log : 9806 / 2017-2-14
YA20151207130233 - 2017-02-09 13:58:15
state : 1
log : 9808 / 2017-2-14
YA20151207130233 - 2017-02-09 13:58:16
state : 1
log : 9807 / 2017-2-14
YA20151207130233 - 2017-02-09 13:58:18
state : 1
log : 9801 / 2017-2-13
YA20151207130233 - 2017-02-09 13:58:19
state : 2
log : 5059 : 이미 막힌 객실 선택
YA20151207130233 - 2017-02-09 13:58:21
state : 1
log : 9803 / 2017-2-13
YA20151207130233 - 2017-02-09 13:58:22
state : 1
log : 9804 / 2017-2-13
YA20151207130233 - 2017-02-09 13:58:23
state : 1
log : 9805 / 2017-2-13
YA20151207130233 - 2017-02-09 13:58:26
state : 1
log : 9806 / 2017-2-13
YA20151207130233 - 2017-02-09 13:58:27
state : 1
log : 9808 / 2017-2-13
YA20151207130233 - 2017-02-09 13:58:28
state : 1
log : 9807 / 2017-2-13
YA20151207130233 - 2017-02-09 13:58:31
state : 1
log : 9801 / 2017-2-14
YA20151207130233 - 2017-02-09 13:58:32
state : 1
log : 9802 / 2017-2-14
YA20151207130233 - 2017-02-09 13:58:33
state : 1
log : 9803 / 2017-2-14
YA20151207130233 - 2017-02-09 13:58:35
state : 1
log : 9804 / 2017-2-14
YA20151207130233 - 2017-02-09 13:58:36
state : 1
log : 9805 / 2017-2-14
YA20151207130233 - 2017-02-09 13:58:38
state : 1
log : 9806 / 2017-2-14
YA20151207130233 - 2017-02-09 13:58:39
state : 1
log : 9808 / 2017-2-14
YA20151207130233 - 2017-02-09 13:58:41
state : 1
log : 9807 / 2017-2-14
YA20151207130233 - 2017-02-09 14:01:01
state : 1
log : 29446 / 2017-02-17
2017-02-09 14:02:35
key : YA20151207130233
state : 1
log : 29445 / 2017-2-17
2017-02-09 14:03:03
key : YA20151207130233
state : 1
log : 29445 / 2017-2-18
YA20151207130233 - 2017-02-09 14:08:55
state : 1
log : 21819 / 2017-2-9
2017-02-09 14:09:55
key : YA20151207130233
state : 1
log : 3699 / 2017-2-25
YA20151207130233 - 2017-02-09 14:12:52
state : 1
log : 9726 / 2017-2-13
2017-02-09 14:13:07
key : YA20151207130233
state : 1
log : 9727 / 2017-2-13
YA20151207130233 - 2017-02-09 14:14:34
state : 2
log : 5246 : 이미 막힌 객실 선택
YA20151207130233 - 2017-02-09 14:18:28
state : 1
log : 10538 / 2017-2-10
YA20151207130233 - 2017-02-09 14:21:11
state : 1
log : 9726 / 2017-3-4
2017-02-09 14:22:56
key : YA20151207130233
state : 1
log : 35128 / 2017-2-17
YA20151207130233 - 2017-02-09 14:23:18
state : 1
log : 35128 / 2017-2-17
YA20151207130233 - 2017-02-09 14:27:06
state : 1
log : 48684 / 2017-2-18
YA20151207130233 - 2017-02-09 14:27:08
state : 1
log : 48686 / 2017-2-18
YA20151207130233 - 2017-02-09 14:28:21
state : 1
log : 43736 / 2017-02-25
YA20151207130233 - 2017-02-09 14:29:24
state : 1
log : 43737 / 2017-02-25
YA20151207130233 - 2017-02-09 14:30:37
state : 1
log : 20710 / 2017-2-12
2017-02-09 14:33:34
key : YA20151207130233
state : 1
log : 41970 / 2017-02-19
YA20151207130233 - 2017-02-09 14:34:09
state : 1
log : 24470 / 2017-2-17
YA20151207130233 - 2017-02-09 14:34:10
state : 2
log : 1891 : 이미 막힌 객실 선택
YA20151207130233 - 2017-02-09 14:34:41
state : 1
log : 41970 / 2017-02-09
YA20151207130233 - 2017-02-09 14:35:36
state : 1
log : 35127 / 2017-02-18
YA20151207130233 - 2017-02-09 14:36:39
state : 1
log : 41970 / 2017-02-19
YA20161116113212 - 2017-02-09 14:41:47
state : 1
log : 21528 / 2017-02-09
YA20151207130233 - 2017-02-09 14:45:12
state : 2
log : 5242 : 이미 막힌 객실 선택
YA20161116113212 - 2017-02-09 14:47:24
state : 1
log : 21511 / 2017-02-09
YA20161116113212 - 2017-02-09 14:57:47
state : 1
log : 41862 / 2017-02-25
41862 / 2017-02-26
YA20151207130233 - 2017-02-09 15:03:33
state : 1
log : 48305 / 2017-02-09
YA20151207130233 - 2017-02-09 15:11:33
state : 1
log : 21740 / 2017-2-24
YA20151207130233 - 2017-02-09 15:11:35
state : 1
log : 21741 / 2017-2-24
YA20151207130233 - 2017-02-09 15:27:17
state : 1
log : 21814 / 2017-02-13
YA20151207130233 - 2017-02-09 15:30:34
state : 1
log : 21752 / 2017-2-11
YA20161116113212 - 2017-02-09 15:32:27
state : 1
log : 21931 / 2017-02-13
21931 / 2017-02-14
YA20151207130233 - 2017-02-09 15:35:51
state : 1
log : 21760 / 2017-2-10
2017-02-09 15:36:14
key : YA20151207130233
state : 1
log : 21759 / 2017-2-10
YA20151207130233 - 2017-02-09 15:37:12
state : 1
log : 24712 / 2017-02-10
YA20161116113212 - 2017-02-09 15:37:56
state : 1
log : 46126 / 2017-02-09
YA20151207130233 - 2017-02-09 15:44:52
state : 1
log : 24712 / 2017-2-10
YA20151207130233 - 2017-02-09 15:44:53
state : 1
log : 24714 / 2017-2-14
YA20151207130233 - 2017-02-09 15:45:45
state : 3
log : 6303 : 등록된 객실 없습니다
YA20151207130233 - 2017-02-09 15:45:46
state : 3
log : 6298 : 등록된 객실 없습니다
YA20151207130233 - 2017-02-09 15:45:48
state : 1
log : 20703 / 2017-2-9
YA20151207130233 - 2017-02-09 15:46:21
state : 1
log : 35127 / 2017-2-18
YA20151207130233 - 2017-02-09 15:46:58
state : 1
log : 34061 / 2017-02-24
YA20151207130233 - 2017-02-09 15:48:29
state : 1
log : 21747 / 2017-02-11
YA20151207130233 - 2017-02-09 15:52:38
state : 1
log : 21820 / 2017-2-9
YA20161116113212 - 2017-02-09 15:56:02
state : 1
log : 1357 / 2017-02-18
YA20151207130233 - 2017-02-09 15:56:20
state : 1
log : 21818 / 2017-2-26
YA20151207130233 - 2017-02-09 15:58:47
state : 1
log : 19894 / 2017-02-18
YA20151207130233 - 2017-02-09 16:00:45
state : 1
log : 19895 / 2017-02-18
YA20151207130233 - 2017-02-09 16:02:59
state : 1
log : 16638 / 2017-02-12
YA20161116113212 - 2017-02-09 16:07:40
state : 1
log : 21799 / 2017-02-09
YA20151207130233 - 2017-02-09 16:10:08
state : 1
log : 48305 / 2017-2-11
YA20151207130233 - 2017-02-09 16:11:40
state : 1
log : 43771 / 2017-3-17
YA20151207130233 - 2017-02-09 16:12:47
state : 1
log : 43771 / 2017-3-17
2017-02-09 16:13:01
key : YA20151207130233
state : 1
log : 43771 / 2017-3-17
YA20161116113212 - 2017-02-09 16:15:17
state : 1
log : 41083 / 2017-02-15
YA20151207130233 - 2017-02-09 16:15:31
state : 2
log : 4364 : 이미 막힌 객실 선택
YA20151207130233 - 2017-02-09 16:24:00
state : 1
log : 19360 / 2017-2-10
YA20151207130233 - 2017-02-09 16:30:25
state : 1
log : 34061 / 2017-2-24
YA20151207130233 - 2017-02-09 16:34:02
state : 1
log : 21817 / 2017-02-26
YA20151207130233 - 2017-02-09 16:37:27
state : 1
log : 16639 / 2017-02-11
YA20151207130233 - 2017-02-09 16:39:18
state : 1
log : 21581 / 2017-02-18
YA20151207130233 - 2017-02-09 16:44:02
state : 1
log : 21814 / 2017-2-12
YA20151207130233 - 2017-02-09 16:47:40
state : 1
log : 33983 / 2017-2-12
YA20151207130233 - 2017-02-09 16:48:11
state : 1
log : 21820 / 2017-2-9
YA20151207130233 - 2017-02-09 16:51:55
state : 1
log : 21813 / 2017-2-9
YA20151207130233 - 2017-02-09 16:52:16
state : 2
log : 4362 : 이미 막힌 객실 선택
YA20151207130233 - 2017-02-09 16:55:26
state : 1
log : 20714 / 2017-2-13
YA20151207130233 - 2017-02-09 16:59:30
state : 1
log : 9504 / 2017-2-12
YA20161116113212 - 2017-02-09 17:00:13
state : 1
log : 31033 / 2017-02-18
31033 / 2017-02-19
YA20151207130233 - 2017-02-09 17:02:44
state : 1
log : 21814 / 2017-2-9
YA20151207130233 - 2017-02-09 17:07:17
state : 1
log : 17755 / 2017-2-18
YA20151207130233 - 2017-02-09 17:12:05
state : 1
log : 48326 / 2017-2-18
YA20161116113212 - 2017-02-09 17:12:42
state : 1
log : 39527 / 2017-02-09
39527 / 2017-02-10
YA20161116113212 - 2017-02-09 17:13:20
state : 1
log : 21798 / 2017-02-18
YA20151207130233 - 2017-02-09 17:13:48
state : 1
log : 24388 / 2017-02-18
YA20151207130233 - 2017-02-09 17:16:34
state : 1
log : 48305 / 2017-3-4
YA20151207130233 - 2017-02-09 17:16:51
state : 1
log : 48300 / 2017-3-4
YA20151207130233 - 2017-02-09 17:16:52
state : 1
log : 48306 / 2017-3-4
YA20151207130233 - 2017-02-09 17:16:53
state : 1
log : 48311 / 2017-3-4
YA20151207130233 - 2017-02-09 17:17:55
state : 1
log : 21745 / 2017-03-26
2017-02-09 17:25:51
key : YA20151207130233
state : 1
log : 23340 / 2017-02-16
YA20161116113212 - 2017-02-09 17:29:22
state : 1
log : 4535 / 2017-02-19
YA20151207130233 - 2017-02-09 17:34:29
state : 1
log : 14492 / 2017-02-19
YA20151207130233 - 2017-02-09 17:34:35
state : 1
log : 46332 / 2017-2-11
YA20151207130233 - 2017-02-09 17:35:23
state : 1
log : 48306 / 2017-2-25
YA20151207130233 - 2017-02-09 17:35:24
state : 1
log : 48307 / 2017-2-25
YA20151207130233 - 2017-02-09 17:37:09
state : 1
log : 48312 / 2017-2-11
YA20151207130233 - 2017-02-09 17:38:01
state : 1
log : 14494 / 2017-02-10
YA20161116113212 - 2017-02-09 17:40:57
state : 1
log : 42522 / 2017-02-17
YA20151207130233 - 2017-02-09 17:42:20
state : 1
log : 18056 / 2017-2-9
YA20151207130233 - 2017-02-09 17:42:21
state : 2
log : 5905 : 이미 막힌 객실 선택
YA20151207130233 - 2017-02-09 17:43:18
state : 1
log : 46324 / 2017-2-11
YA20161116113212 - 2017-02-09 17:50:46
state : 1
log : 21673 / 2017-02-11
YA20151207130233 - 2017-02-09 17:51:14
state : 1
log : 21815 / 2017-02-16
2017-02-09 17:53:43
key : YA20151207130233
state : 1
log : 46324 / 2017-2-11
YA20161116113212 - 2017-02-09 17:53:48
state : 1
log : 34009 / 2017-02-10
YA20161116113212 - 2017-02-09 17:55:39
state : 1
log : 48155 / 2017-02-09
YA20161116113212 - 2017-02-09 17:57:50
state : 1
log : 4408 / 2017-02-10
YA20151207130233 - 2017-02-09 18:01:12
state : 1
log : 14494 / 2017-02-20
2017-02-09 18:02:57
key : YA20151207130233
state : 1
log : 43741 / 2017-02-13
YA20151207130233 - 2017-02-09 18:03:32
state : 1
log : 33980 / 2017-3-25
YA20151207130233 - 2017-02-09 18:04:39
state : 1
log : 24388 / 2017-2-18
2017-02-09 18:05:00
key : YA20151207130233
state : 1
log : 24386 / 2017-2-18
2017-02-09 18:05:14
key : YA20151207130233
state : 1
log : 24386 / 2017-2-17
YA20151207130233 - 2017-02-09 18:05:23
state : 1
log : 24387 / 2017-2-17
YA20161116113212 - 2017-02-09 18:06:02
state : 1
log : 44436 / 2017-02-27
YA20151207130233 - 2017-02-09 18:07:04
state : 1
log : 19886 / 2017-02-09
YA20151207130233 - 2017-02-09 18:10:58
state : 3
log :  : 등록된 객실 없습니다
YA20151207130233 - 2017-02-09 18:20:24
state : 1
log : 21581 / 2017-2-18
2017-02-09 18:20:39
key : YA20151207130233
state : 1
log : 43741 / 2017-02-13
YA20151207130233 - 2017-02-09 18:22:58
state : 3
log :  : 등록된 객실 없습니다
YA20151207130233 - 2017-02-09 18:28:04
state : 3
log : 2327 : 등록된 객실 없습니다
YA20151207130233 - 2017-02-09 18:29:46
state : 1
log : 21813 / 2017-2-12
2017-02-09 18:35:00
key : YA20151207130233
state : 1
log : 43741 / 2017-02-13
YA20151207130233 - 2017-02-09 18:35:19
state : 3
log : 6299 : 등록된 객실 없습니다
YA20151207130233 - 2017-02-09 18:41:11
state : 1
log : 20712 / 2017-02-18
YA20151207130233 - 2017-02-09 18:44:04
state : 3
log :  : 등록된 객실 없습니다
YA20151207130233 - 2017-02-09 18:48:22
state : 1
log : 20711 / 2017-2-18
2017-02-09 18:58:04
key : YA20151207130233
state : 1
log : 29443 / 2017-2-15
YA20161116113212 - 2017-02-09 19:07:11
state : 1
log : 47918 / 2017-02-09
YA20151207130233 - 2017-02-09 19:08:41
state : 3
log : 6304 : 등록된 객실 없습니다
YA20151207130233 - 2017-02-09 19:08:43
state : 3
log : 6302 : 등록된 객실 없습니다
YA20151207130233 - 2017-02-09 19:08:44
state : 3
log : 6297 : 등록된 객실 없습니다
YA20151207130233 - 2017-02-09 19:08:56
state : 1
log : 20704 / 2017-2-9
YA20151207130233 - 2017-02-09 19:08:58
state : 1
log : 20705 / 2017-2-9
YA20151207130233 - 2017-02-09 19:09:00
state : 1
log : 20715 / 2017-2-9
YA20151207130233 - 2017-02-09 19:09:10
state : 1
log : 20714 / 2017-2-9
2017-02-09 19:15:01
key : YA20151207130233
state : 1
log : 22709 / 2017-2-11
YA20161116113212 - 2017-02-09 19:28:54
state : 1
log : 21025 / 2017-02-23
21025 / 2017-02-24
YA20151207130233 - 2017-02-09 19:34:03
state : 1
log : 10537 / 2017-2-11
YA20151207130233 - 2017-02-09 19:42:06
state : 1
log : 17751 / 2017-2-11
YA20151207130233 - 2017-02-09 19:47:03
state : 2
log : 4364 : 이미 막힌 객실 선택
2017-02-09 19:47:48
key : YA20151207130233
state : 1
log : 3699 / 2017-2-25
YA20151207130233 - 2017-02-09 19:48:24
state : 2
log : 5246 : 이미 막힌 객실 선택
2017-02-09 19:51:40
key : YA20151207130233
state : 1
log : 3699 / 2017-2-25
YA20151207130233 - 2017-02-09 19:54:02
state : 2
log : 5246 : 이미 막힌 객실 선택
YA20151207130233 - 2017-02-09 19:54:38
state : 2
log : 5246 : 이미 막힌 객실 선택
YA20151207130233 - 2017-02-09 19:55:47
state : 2
log : 5246 : 이미 막힌 객실 선택
YA20151207130233 - 2017-02-09 19:56:47
state : 2
log : 5246 : 이미 막힌 객실 선택
2017-02-09 19:56:59
key : YA20151207130233
state : 1
log : 3699 / 2017-2-9
2017-02-09 19:58:21
key : YA20151207130233
state : 1
log : 17746 / 2017-02-10
YA20151207130233 - 2017-02-09 20:00:53
state : 1
log : 17746 / 2017-02-10
YA20151207130233 - 2017-02-09 20:01:39
state : 1
log : 31614 / 2017-2-11
2017-02-09 20:02:21
key : YA20151207130233
state : 1
log : 17751 / 2017-2-11
YA20151207130233 - 2017-02-09 20:08:44
state : 2
log : 4364 : 이미 막힌 객실 선택
YA20161116113212 - 2017-02-09 20:09:13
state : 1
log : 22094 / 2017-02-18
YA20161116113212 - 2017-02-09 20:09:36
state : 1
log : 14267 / 2017-02-18
YA20151207130233 - 2017-02-09 20:12:51
state : 1
log : 24385 / 2017-2-10
YA20151207130233 - 2017-02-09 20:15:44
state : 1
log : 21581 / 2017-2-16
YA20151207130233 - 2017-02-09 20:15:46
state : 1
log : 21581 / 2017-2-17
YA20151207130233 - 2017-02-09 20:29:01
state : 1
log : 24769 / 2017-02-18
YA20151207130233 - 2017-02-09 20:33:19
state : 1
log : 17746 / 2017-2-10
YA20151207130233 - 2017-02-09 20:35:34
state : 2
log : 4359 : 이미 막힌 객실 선택
YA20151207130233 - 2017-02-09 20:36:59
state : 1
log : 19888 / 2017-02-09
YA20161116113212 - 2017-02-09 20:37:12
state : 1
log : 16259 / 2017-02-22
YA20151207130233 - 2017-02-09 20:40:00
state : 1
log : 19888 / 2017-02-11
YA20161116113212 - 2017-02-09 20:49:05
state : 1
log : 37181 / 2017-02-16
37181 / 2017-02-17
YA20151207130233 - 2017-02-09 20:50:00
state : 1
log : 244 / 2017-2-18
YA20151207130233 - 2017-02-09 21:09:55
state : 1
log : 24083 / 2017-02-17
YA20151207130233 - 2017-02-09 21:09:56
state : 1
log : 24083 / 2017-02-18
YA20151207130233 - 2017-02-09 21:13:22
state : 1
log : 9727 / 2017-2-9
YA20151207130233 - 2017-02-09 21:17:38
state : 1
log : 43772 / 2017-02-28
YA20151207130233 - 2017-02-09 21:22:57
state : 1
log : 17752 / 2017-02-09
YA20151207130233 - 2017-02-09 21:40:22
state : 1
log : 29447 / 2017-02-14
YA20151207130233 - 2017-02-09 21:44:01
state : 1
log : 9724 / 2017-2-13
YA20151207130233 - 2017-02-09 21:44:22
state : 1
log : 21818 / 2017-2-10
2017-02-09 21:44:55
key : YA20151207130233
state : 1
log : 21818 / 2017-2-10
YA20151207130233 - 2017-02-09 21:45:07
state : 1
log : 21820 / 2017-2-10
2017-02-09 21:48:21
key : YA20151207130233
state : 1
log : 23481 / 2017-02-12
YA20161116113212 - 2017-02-09 21:48:28
state : 1
log : 18426 / 2017-02-17
YA20151207130233 - 2017-02-09 21:49:06
state : 3
log :  : 등록된 객실 없습니다
YA20151207130233 - 2017-02-09 21:49:16
state : 1
log : 14491 / 2017-2-18
2017-02-09 21:51:40
key : YA20151207130233
state : 1
log : 23481 / 2017-02-12
YA20161116113212 - 2017-02-09 21:51:58
state : 1
log : 3595 / 2017-02-10
2017-02-09 21:52:14
key : YA20151207130233
state : 1
log : 17752 / 2017-2-9
YA20161116113212 - 2017-02-09 21:54:37
state : 1
log : 3557 / 2017-02-16
2017-02-09 21:55:05
key : YA20151207130233
state : 1
log : 23481 / 2017-02-12
YA20151207130233 - 2017-02-09 21:55:42
state : 3
log :  : 등록된 객실 없습니다
YA20151207130233 - 2017-02-09 22:00:09
state : 1
log : 23481 / 2017-02-12
YA20151207130233 - 2017-02-09 22:06:25
state : 1
log : 23481 / 2017-2-12
YA20151207130233 - 2017-02-09 22:07:46
state : 1
log : 21788 / 2017-2-12
YA20151207130233 - 2017-02-09 22:08:16
state : 1
log : 21784 / 2017-2-12
YA20151207130233 - 2017-02-09 22:08:18
state : 1
log : 21786 / 2017-2-12
YA20151207130233 - 2017-02-09 22:08:19
state : 1
log : 21789 / 2017-2-12
YA20151207130233 - 2017-02-09 22:08:20
state : 1
log : 21790 / 2017-2-12
YA20151207130233 - 2017-02-09 22:09:50
state : 1
log : 17748 / 2017-02-10
YA20151207130233 - 2017-02-09 22:10:29
state : 1
log : 21784 / 2017-2-13
YA20151207130233 - 2017-02-09 22:10:30
state : 1
log : 21785 / 2017-2-13
YA20151207130233 - 2017-02-09 22:10:31
state : 1
log : 21786 / 2017-2-13
YA20151207130233 - 2017-02-09 22:10:33
state : 1
log : 21787 / 2017-2-13
YA20151207130233 - 2017-02-09 22:10:34
state : 1
log : 21788 / 2017-2-13
YA20151207130233 - 2017-02-09 22:10:35
state : 1
log : 21789 / 2017-2-13
YA20151207130233 - 2017-02-09 22:10:37
state : 1
log : 21790 / 2017-2-13
YA20151207130233 - 2017-02-09 22:10:38
state : 1
log : 21784 / 2017-2-14
YA20151207130233 - 2017-02-09 22:10:40
state : 1
log : 21785 / 2017-2-14
YA20151207130233 - 2017-02-09 22:10:42
state : 1
log : 21786 / 2017-2-14
YA20151207130233 - 2017-02-09 22:10:45
state : 1
log : 21787 / 2017-2-14
YA20151207130233 - 2017-02-09 22:10:46
state : 1
log : 21788 / 2017-2-14
YA20151207130233 - 2017-02-09 22:10:47
state : 1
log : 21789 / 2017-2-14
YA20151207130233 - 2017-02-09 22:10:50
state : 1
log : 21790 / 2017-2-14
YA20151207130233 - 2017-02-09 22:10:51
state : 1
log : 21784 / 2017-2-13
YA20151207130233 - 2017-02-09 22:10:52
state : 1
log : 21785 / 2017-2-13
YA20151207130233 - 2017-02-09 22:10:54
state : 1
log : 21786 / 2017-2-13
YA20151207130233 - 2017-02-09 22:10:56
state : 1
log : 21787 / 2017-2-13
YA20151207130233 - 2017-02-09 22:10:58
state : 1
log : 21788 / 2017-2-13
YA20151207130233 - 2017-02-09 22:10:59
state : 1
log : 21789 / 2017-2-13
YA20151207130233 - 2017-02-09 22:11:00
state : 1
log : 21790 / 2017-2-13
YA20151207130233 - 2017-02-09 22:11:01
state : 1
log : 21784 / 2017-2-14
YA20151207130233 - 2017-02-09 22:11:02
state : 1
log : 21785 / 2017-2-14
YA20151207130233 - 2017-02-09 22:11:04
state : 1
log : 21786 / 2017-2-14
YA20151207130233 - 2017-02-09 22:11:05
state : 1
log : 21787 / 2017-2-14
YA20151207130233 - 2017-02-09 22:11:06
state : 1
log : 21788 / 2017-2-14
YA20151207130233 - 2017-02-09 22:11:08
state : 1
log : 21789 / 2017-2-14
YA20151207130233 - 2017-02-09 22:11:10
state : 1
log : 21790 / 2017-2-14
YA20151207130233 - 2017-02-09 22:11:11
state : 1
log : 21784 / 2017-2-13
YA20151207130233 - 2017-02-09 22:11:12
state : 1
log : 21785 / 2017-2-13
YA20151207130233 - 2017-02-09 22:11:13
state : 1
log : 21786 / 2017-2-13
YA20151207130233 - 2017-02-09 22:11:15
state : 1
log : 21787 / 2017-2-13
YA20151207130233 - 2017-02-09 22:11:17
state : 1
log : 21788 / 2017-2-13
YA20151207130233 - 2017-02-09 22:11:18
state : 1
log : 21789 / 2017-2-13
YA20151207130233 - 2017-02-09 22:11:20
state : 1
log : 21790 / 2017-2-13
YA20151207130233 - 2017-02-09 22:11:21
state : 1
log : 21784 / 2017-2-14
YA20151207130233 - 2017-02-09 22:11:22
state : 1
log : 21785 / 2017-2-14
YA20151207130233 - 2017-02-09 22:11:23
state : 1
log : 21786 / 2017-2-14
YA20151207130233 - 2017-02-09 22:11:25
state : 1
log : 21787 / 2017-2-14
YA20151207130233 - 2017-02-09 22:11:26
state : 1
log : 21788 / 2017-2-14
YA20151207130233 - 2017-02-09 22:11:27
state : 1
log : 21789 / 2017-2-14
YA20151207130233 - 2017-02-09 22:11:29
state : 1
log : 21790 / 2017-2-14
YA20151207130233 - 2017-02-09 22:11:33
state : 1
log : 17755 / 2017-2-18
YA20151207130233 - 2017-02-09 22:14:35
state : 1
log : 34061 / 2017-02-14
YA20161116113212 - 2017-02-09 22:16:36
state : 1
log : 34095 / 2017-02-10
YA20151207130233 - 2017-02-09 22:19:03
state : 1
log : 19887 / 2017-02-11
YA20161116113212 - 2017-02-09 22:19:24
state : 1
log : 34094 / 2017-02-18
YA20151207130233 - 2017-02-09 22:20:51
state : 1
log : 43772 / 2017-2-28
2017-02-09 22:22:40
key : YA20151207130233
state : 1
log : 21820 / 2017-2-10
YA20151207130233 - 2017-02-09 22:23:21
state : 1
log : 21820 / 2017-2-15
YA20151207130233 - 2017-02-09 22:23:23
state : 1
log : 21820 / 2017-2-16
YA20151207130233 - 2017-02-09 22:23:24
state : 1
log : 21820 / 2017-2-15
YA20151207130233 - 2017-02-09 22:23:25
state : 1
log : 21820 / 2017-2-16
YA20161116113212 - 2017-02-09 22:27:51
state : 1
log : 34097 / 2017-02-18
YA20161116113212 - 2017-02-09 22:36:13
state : 1
log : 26839 / 2017-02-10
YA20161116113212 - 2017-02-09 22:52:03
state : 1
log : 17165 / 2017-02-18
YA20161116113212 - 2017-02-09 22:52:12
state : 1
log : 11753 / 2017-02-22
YA20161116113212 - 2017-02-09 22:55:55
state : 1
log : 21804 / 2017-02-13
2017-02-09 22:58:54
key : YA20151207130233
state : 1
log : 3695 / 2017-2-11
YA20151207130233 - 2017-02-09 22:59:44
state : 2
log : 5242 : 이미 막힌 객실 선택
YA20161116113212 - 2017-02-09 22:59:56
state : 1
log : 38326 / 2017-02-24
YA20151207130233 - 2017-02-09 23:00:55
state : 1
log : 24384 / 2017-02-18
YA20151207130233 - 2017-02-09 23:01:34
state : 2
log : 5242 : 이미 막힌 객실 선택
YA20151207130233 - 2017-02-09 23:06:00
state : 1
log : 24384 / 2017-2-18
YA20161116113212 - 2017-02-09 23:11:56
state : 1
log : 8533 / 2017-02-11
YA20161116113212 - 2017-02-09 23:14:47
state : 1
log : 35130 / 2017-02-18
YA20151207130233 - 2017-02-09 23:18:20
state : 1
log : 29446 / 2017-2-16
YA20151207130233 - 2017-02-09 23:30:06
state : 1
log : 21787 / 2017-2-12
YA20161116113212 - 2017-02-09 23:41:54
state : 1
log : 37763 / 2017-02-20
YA20161116113212 - 2017-02-09 23:44:27
state : 1
log : 4941 / 2017-02-16
4941 / 2017-02-17
YA20151207130233 - 2017-02-09 23:48:49
state : 1
log : 35128 / 2017-2-16
