YA20151207130233 - 2017-02-16 00:16:45
state : 1
log : 36252 / 2017-02-20
YA20161116113212 - 2017-02-16 00:39:05
state : 1
log : 15308 / 2017-02-16
YA20161116113212 - 2017-02-16 00:47:51
state : 1
log : 21688 / 2017-02-25
YA20161116113212 - 2017-02-16 00:50:07
state : 1
log : 41087 / 2017-02-16
YA20151207130233 - 2017-02-16 00:50:52
state : 2
log : 4257 | 2017-2-18: 이미 막힌 객실 선택
YA20151207130233 - 2017-02-16 00:51:20
state : 1
log : 24763 / 2017-2-18
YA20151207130233 - 2017-02-16 01:02:33
state : 1
log : 21839 / 2017-02-18
YA20161116113212 - 2017-02-16 01:20:13
state : 1
log : 38129 / 2017-02-17
YA20161116113212 - 2017-02-16 01:53:33
state : 1
log : 21798 / 2017-02-16
YA20151207130233 - 2017-02-16 02:00:47
state : 1
log : 21820 / 2017-02-25
YA20151207130233 - 2017-02-16 03:00:27
state : 1
log : 3701 / 2017-02-19
YA20161116113212 - 2017-02-16 03:14:39
state : 1
log : 4864 / 2017-02-17
YA20151207130233 - 2017-02-16 08:14:21
state : 1
log : 12540 / 2017-2-19
YA20151207130233 - 2017-02-16 08:14:33
state : 2
log : 5260 | 2017-3-4: 이미 막힌 객실 선택
2017-02-16 08:16:08
key : YA20151207130233
state : 1
log : 12540 / 2017-2-19
YA20151207130233 - 2017-02-16 08:17:16
state : 2
log : 5261 | 2017-2-19: 이미 막힌 객실 선택
2017-02-16 08:26:24
key : YA20151207130233
state : 1
log : 18056 / 2017-2-18
YA20151207130233 - 2017-02-16 08:31:07
state : 1
log : 21745 / 2017-02-18
YA20151207130233 - 2017-02-16 08:50:50
state : 1
log : 17746 / 2017-2-16
YA20151207130233 - 2017-02-16 09:05:50
state : 1
log : 20711 / 2017-02-22
YA20151207130233 - 2017-02-16 09:06:37
state : 2
log : 2954 | 2017-2-18: 이미 막힌 객실 선택
YA20151207130233 - 2017-02-16 09:07:53
state : 1
log : 21763 / 2017-2-16
YA20151207130233 - 2017-02-16 09:09:40
state : 1
log : 45344 / 2017-2-21
YA20151207130233 - 2017-02-16 09:10:20
state : 1
log : 45344 / 2017-2-22
2017-02-16 09:11:45
key : YA20151207130233
state : 1
log : 17745 / 2017-2-18
YA20161116113212 - 2017-02-16 09:12:21
state : 1
log : 20063 / 2017-02-17
20063 / 2017-02-18
YA20151207130233 - 2017-02-16 09:13:00
state : 1
log : 10537 / 2017-02-22
YA20151207130233 - 2017-02-16 09:18:09
state : 1
log : 41970 / 2017-02-16
YA20151207130233 - 2017-02-16 09:18:43
state : 1
log : 23581 / 2017-02-25
YA20151207130233 - 2017-02-16 09:18:49
state : 1
log : 45346 / 2017-3-3
YA20151207130233 - 2017-02-16 09:25:25
state : 1
log : 9724 / 2017-02-17
YA20151207130233 - 2017-02-16 09:27:03
state : 1
log : 20712 / 2017-02-25
2017-02-16 09:40:27
key : YA20151207130233
state : 1
log : 4877 / 2017-3-25
YA20151207130233 - 2017-02-16 09:42:09
state : 2
log : 5248 | 2017-2-19: 이미 막힌 객실 선택
YA20151207130233 - 2017-02-16 09:43:23
state : 1
log : 43737 / 2017-03-06
YA20151207130233 - 2017-02-16 09:44:28
state : 1
log : 21577 / 2017-2-26
YA20151207130233 - 2017-02-16 09:44:48
state : 1
log : 19356 / 2017-2-18
YA20151207130233 - 2017-02-16 09:44:49
state : 1
log : 19357 / 2017-2-18
YA20151207130233 - 2017-02-16 09:44:56
state : 1
log : 17746 / 2017-02-19
YA20151207130233 - 2017-02-16 09:45:11
state : 1
log : 19354 / 2017-2-20
YA20151207130233 - 2017-02-16 09:45:12
state : 1
log : 19359 / 2017-2-20
YA20151207130233 - 2017-02-16 09:45:15
state : 1
log : 19356 / 2017-2-20
YA20151207130233 - 2017-02-16 09:45:16
state : 1
log : 19357 / 2017-2-20
YA20151207130233 - 2017-02-16 09:45:18
state : 1
log : 19360 / 2017-2-20
YA20151207130233 - 2017-02-16 09:45:19
state : 1
log : 19358 / 2017-2-20
YA20151207130233 - 2017-02-16 09:45:20
state : 1
log : 19361 / 2017-2-20
YA20151207130233 - 2017-02-16 09:45:22
state : 1
log : 19354 / 2017-2-21
YA20151207130233 - 2017-02-16 09:45:23
state : 1
log : 19359 / 2017-2-21
YA20151207130233 - 2017-02-16 09:45:25
state : 1
log : 19356 / 2017-2-21
YA20151207130233 - 2017-02-16 09:45:27
state : 1
log : 19357 / 2017-2-21
YA20151207130233 - 2017-02-16 09:45:28
state : 1
log : 19360 / 2017-2-21
YA20151207130233 - 2017-02-16 09:45:29
state : 1
log : 19358 / 2017-2-21
YA20151207130233 - 2017-02-16 09:45:31
state : 1
log : 19361 / 2017-2-21
YA20151207130233 - 2017-02-16 09:46:38
state : 2
log : 2954 | 2017-2-19: 이미 막힌 객실 선택
YA20151207130233 - 2017-02-16 09:47:36
state : 2
log : 4328 | 2017-2-18: 이미 막힌 객실 선택
YA20151207130233 - 2017-02-16 09:49:13
state : 2
log : 6391 | 2017-3-6: 이미 막힌 객실 선택
YA20151207130233 - 2017-02-16 09:53:38
state : 1
log : 3695 / 2017-02-17
YA20151207130233 - 2017-02-16 09:53:44
state : 1
log : 25068 / 2017-02-23
YA20151207130233 - 2017-02-16 09:58:48
state : 2
log : 5242 | 2017-2-17: 이미 막힌 객실 선택
YA20151207130233 - 2017-02-16 10:09:13
state : 1
log : 23581 / 2017-02-19
YA20151207130233 - 2017-02-16 10:16:39
state : 1
log : 20711 / 2017-03-25
YA20151207130233 - 2017-02-16 10:25:23
state : 1
log : 9724 / 2017-02-26
YA20151207130233 - 2017-02-16 10:29:30
state : 1
log : 23584 / 2017-2-19
YA20151207130233 - 2017-02-16 10:29:48
state : 1
log : 23580 / 2017-2-25
YA20151207130233 - 2017-02-16 10:30:09
state : 1
log : 23580 / 2017-2-21
YA20151207130233 - 2017-02-16 10:30:11
state : 1
log : 23580 / 2017-2-22
YA20151207130233 - 2017-02-16 10:33:08
state : 1
log : 21751 / 2017-2-16
2017-02-16 10:33:35
key : YA20151207130233
state : 1
log : 21751 / 2017-2-16
YA20151207130233 - 2017-02-16 10:33:37
state : 1
log : 23580 / 2017-2-23
YA20151207130233 - 2017-02-16 10:37:10
state : 1
log : 46327 / 2017-2-18
YA20161116113212 - 2017-02-16 10:44:19
state : 1
log : 41075 / 2017-02-18
YA20151207130233 - 2017-02-16 10:45:25
state : 1
log : 35134 / 2017-2-17
YA20161116113212 - 2017-02-16 10:49:12
state : 1
log : 17784 / 2017-02-19
YA20151207130233 - 2017-02-16 10:54:16
state : 2
log : 5244 | 2017-2-18: 이미 막힌 객실 선택
YA20151207130233 - 2017-02-16 10:57:17
state : 1
log : 47724 / 2017-04-15
YA20151207130233 - 2017-02-16 11:02:35
state : 3
log : 6064 : 등록된 객실 없습니다
YA20151207130233 - 2017-02-16 11:02:47
state : 3
log : 6064 | 2017-2-25: 등록된 객실 없습니다
YA20151207130233 - 2017-02-16 11:05:37
state : 2
log : 5268 | 2017-2-18: 이미 막힌 객실 선택
YA20151207130233 - 2017-02-16 11:06:38
state : 2
log : 5267 | 2017-2-18: 이미 막힌 객실 선택
YA20151207130233 - 2017-02-16 11:06:39
state : 1
log : 33981 / 2017-02-19
YA20151207130233 - 2017-02-16 11:06:43
state : 1
log : 48320 / 2017-2-16
YA20151207130233 - 2017-02-16 11:07:25
state : 2
log : 6086 | 2017-02-19: 이미 막힌 객실 선택
YA20151207130233 - 2017-02-16 11:19:28
state : 1
log : 22871 / 2017-02-17
2017-02-16 11:20:56
key : YA20151207130233
state : 1
log : 12541 / 2017-2-16
YA20161116113212 - 2017-02-16 11:22:08
state : 1
log : 27224 / 2017-02-16
YA20151207130233 - 2017-02-16 11:22:19
state : 1
log : 47723 / 2017-02-16
YA20151207130233 - 2017-02-16 11:22:20
state : 1
log : 47723 / 2017-02-17
YA20151207130233 - 2017-02-16 11:23:14
state : 2
log : 6547 | 2017-02-16: 이미 막힌 객실 선택
YA20151207130233 - 2017-02-16 11:23:15
state : 2
log : 6547 | 2017-02-17: 이미 막힌 객실 선택
YA20151207130233 - 2017-02-16 11:24:48
state : 1
log : 10537 / 2017-2-19
YA20161116113212 - 2017-02-16 11:26:37
state : 1
log : 20606 / 2017-02-16
YA20151207130233 - 2017-02-16 11:29:37
state : 1
log : 24772 / 2017-2-18
YA20151207130233 - 2017-02-16 11:34:31
state : 1
log : 18056 / 2017-02-18
2017-02-16 11:39:01
key : YA20151207130233
state : 1
log : 22275 / 2017-3-4
YA20161116113212 - 2017-02-16 11:42:55
state : 1
log : 22417 / 2017-02-19
YA20151207130233 - 2017-02-16 11:45:12
state : 1
log : 18176 / 2017-3-4
YA20151207130233 - 2017-02-16 11:59:13
state : 1
log : 23581 / 2017-2-20
YA20151207130233 - 2017-02-16 12:03:35
state : 1
log : 21814 / 2017-2-26
YA20151207130233 - 2017-02-16 12:04:30
state : 1
log : 21753 / 2017-2-25
YA20151207130233 - 2017-02-16 12:08:08
state : 1
log : 21746 / 2017-2-17
YA20151207130233 - 2017-02-16 12:08:38
state : 1
log : 46159 / 2017-02-18
YA20161116113212 - 2017-02-16 12:14:47
state : 1
log : 21612 / 2017-02-18
YA20151207130233 - 2017-02-16 12:15:54
state : 3
log : 6304 | 2017-2-17: 등록된 객실 없습니다
YA20151207130233 - 2017-02-16 12:17:25
state : 1
log : 46331 / 2017-2-18
YA20151207130233 - 2017-02-16 12:23:56
state : 1
log : 45345 / 2017-3-4
YA20151207130233 - 2017-02-16 12:30:03
state : 1
log : 43736 / 2017-03-18
YA20161116113212 - 2017-02-16 12:32:03
state : 1
log : 8986 / 2017-02-16
YA20151207130233 - 2017-02-16 12:32:04
state : 1
log : 33983 / 2017-02-24
YA20151207130233 - 2017-02-16 12:32:05
state : 2
log : 6390 | 2017-3-18: 이미 막힌 객실 선택
YA20151207130233 - 2017-02-16 12:32:05
state : 1
log : 33983 / 2017-02-25
YA20161116113212 - 2017-02-16 12:32:57
state : 1
log : 15343 / 2017-02-26
YA20151207130233 - 2017-02-16 12:34:25
state : 2
log : 5528 | 2017-2-21: 이미 막힌 객실 선택
YA20151207130233 - 2017-02-16 12:34:26
state : 1
log : 21578 / 2017-2-21
YA20151207130233 - 2017-02-16 12:34:27
state : 2
log : 5526 | 2017-2-26: 이미 막힌 객실 선택
YA20151207130233 - 2017-02-16 12:35:17
state : 1
log : 46150 / 2017-2-16
YA20151207130233 - 2017-02-16 12:35:31
state : 1
log : 46154 / 2017-2-16
YA20151207130233 - 2017-02-16 12:35:33
state : 1
log : 46156 / 2017-2-16
YA20151207130233 - 2017-02-16 12:36:08
state : 1
log : 19893 / 2017-02-18
YA20151207130233 - 2017-02-16 12:37:21
state : 1
log : 17748 / 2017-02-18
2017-02-16 12:37:43
key : YA20151207130233
state : 1
log : 23480 / 2017-02-17
2017-02-16 12:38:53
key : YA20151207130233
state : 1
log : 23480 / 2017-02-17
YA20151207130233 - 2017-02-16 12:42:16
state : 3
log : 6304 | 2017-02-25: 등록된 객실 없습니다
YA20151207130233 - 2017-02-16 12:42:44
state : 1
log : 23480 / 2017-02-17
YA20151207130233 - 2017-02-16 12:44:31
state : 1
log : 24384 / 2017-02-21
YA20151207130233 - 2017-02-16 12:46:42
state : 2
log : 4137 | 2017-2-17: 이미 막힌 객실 선택
YA20151207130233 - 2017-02-16 12:47:00
state : 1
log : 23520 / 2017-2-16
2017-02-16 12:51:19
key : YA20151207130233
state : 1
log : 22715 / 2017-02-17
YA20151207130233 - 2017-02-16 12:54:07
state : 1
log : 22715 / 2017-02-17
YA20161116113212 - 2017-02-16 12:55:27
state : 1
log : 43868 / 2017-02-18
YA20151207130233 - 2017-02-16 12:55:58
state : 1
log : 9725 / 2017-03-18
YA20151207130233 - 2017-02-16 12:58:58
state : 3
log : 6064 | 2017-3-18: 등록된 객실 없습니다
YA20151207130233 - 2017-02-16 12:59:11
state : 3
log : 5823 : 등록된 객실 없습니다
YA20151207130233 - 2017-02-16 13:01:15
state : 2
log : 4259 | 2017-2-21: 이미 막힌 객실 선택
YA20151207130233 - 2017-02-16 13:03:50
state : 2
log : 5367 | 2017-2-19: 이미 막힌 객실 선택
YA20151207130233 - 2017-02-16 13:14:46
state : 1
log : 46156 / 2017-02-18
YA20161116113212 - 2017-02-16 13:16:10
state : 1
log : 20020 / 2017-02-26
YA20151207130233 - 2017-02-16 13:22:16
state : 1
log : 47229 / 2017-03-11
YA20151207130233 - 2017-02-16 13:26:08
state : 1
log : 21749 / 2017-2-16
YA20151207130233 - 2017-02-16 13:27:29
state : 1
log : 16642 / 2017-02-25
2017-02-16 13:27:33
key : YA20151207130233
state : 1
log : 21746 / 2017-2-16
YA20151207130233 - 2017-02-16 13:28:01
state : 1
log : 21751 / 2017-02-20
YA20151207130233 - 2017-02-16 13:30:38
state : 1
log : 21751 / 2017-2-16
YA20151207130233 - 2017-02-16 13:59:33
state : 1
log : 21763 / 2017-02-18
YA20151207130233 - 2017-02-16 14:02:11
state : 1
log : 47201 / 2017-04-29
YA20151207130233 - 2017-02-16 14:02:13
state : 1
log : 47201 / 2017-04-30
YA20151207130233 - 2017-02-16 14:04:09
state : 1
log : 41968 / 2017-2-25
YA20151207130233 - 2017-02-16 14:04:15
state : 3
log : 6304 | 2017-2-16: 등록된 객실 없습니다
YA20151207130233 - 2017-02-16 14:05:05
state : 1
log : 23579 / 2017-2-16
YA20151207130233 - 2017-02-16 14:05:07
state : 2
log : 5841 | 2017-2-16: 이미 막힌 객실 선택
YA20151207130233 - 2017-02-16 14:12:24
state : 2
log : 6081 | 2017-2-18: 이미 막힌 객실 선택
YA20151207130233 - 2017-02-16 14:21:59
state : 2
log : 5244 | 2017-2-18: 이미 막힌 객실 선택
YA20151207130233 - 2017-02-16 14:30:42
state : 1
log : 23340 / 2017-2-18
YA20151207130233 - 2017-02-16 14:31:05
state : 3
log : 6304 : 등록된 객실 없습니다
YA20151207130233 - 2017-02-16 14:36:42
state : 1
log : 24075 / 2017-3-25
YA20151207130233 - 2017-02-16 14:37:15
state : 2
log : 6547 | 2017-2-16: 이미 막힌 객실 선택
YA20151207130233 - 2017-02-16 14:37:16
state : 2
log : 6547 | 2017-2-17: 이미 막힌 객실 선택
YA20151207130233 - 2017-02-16 14:49:35
state : 2
log : 5610 | 2017-2-25: 이미 막힌 객실 선택
YA20151207130233 - 2017-02-16 14:51:30
state : 1
log : 20711 / 2017-2-28
YA20151207130233 - 2017-02-16 14:51:51
state : 1
log : 10539 / 2017-02-22
YA20151207130233 - 2017-02-16 15:08:27
state : 2
log : 5841 | 2017-2-18: 이미 막힌 객실 선택
YA20151207130233 - 2017-02-16 15:20:29
state : 1
log : 24075 / 2017-4-8
YA20151207130233 - 2017-02-16 15:20:42
state : 2
log : 5841 | 2017-2-18: 이미 막힌 객실 선택
YA20151207130233 - 2017-02-16 15:23:41
state : 1
log : 22868 / 2017-2-19
YA20151207130233 - 2017-02-16 16:01:48
state : 1
log : 21774 / 2017-2-16
YA20151207130233 - 2017-02-16 16:02:57
state : 3
log : 6302 | 2017-2-19: 등록된 객실 없습니다
YA20151207130233 - 2017-02-16 16:04:59
state : 1
log : 15306 / 2017-02-22
YA20151207130233 - 2017-02-16 16:08:00
state : 2
log : 4132 | 2017-2-18: 이미 막힌 객실 선택
YA20151207130233 - 2017-02-16 16:10:47
state : 1
log : 43736 / 2017-2-20
YA20151207130233 - 2017-02-16 16:10:49
state : 1
log : 43737 / 2017-2-20
YA20151207130233 - 2017-02-16 16:10:50
state : 1
log : 43741 / 2017-2-20
YA20151207130233 - 2017-02-16 16:10:52
state : 1
log : 43766 / 2017-2-20
YA20151207130233 - 2017-02-16 16:10:53
state : 1
log : 43769 / 2017-2-20
YA20151207130233 - 2017-02-16 16:10:54
state : 1
log : 43771 / 2017-2-20
YA20151207130233 - 2017-02-16 16:10:57
state : 1
log : 43773 / 2017-2-20
YA20151207130233 - 2017-02-16 16:10:58
state : 1
log : 43736 / 2017-2-22
YA20151207130233 - 2017-02-16 16:10:59
state : 1
log : 43737 / 2017-2-22
YA20151207130233 - 2017-02-16 16:11:00
state : 1
log : 43741 / 2017-2-22
YA20151207130233 - 2017-02-16 16:11:02
state : 1
log : 43766 / 2017-2-22
YA20151207130233 - 2017-02-16 16:11:03
state : 1
log : 43769 / 2017-2-22
YA20151207130233 - 2017-02-16 16:11:05
state : 1
log : 43771 / 2017-2-22
YA20151207130233 - 2017-02-16 16:11:06
state : 1
log : 43773 / 2017-2-22
YA20151207130233 - 2017-02-16 16:11:58
state : 1
log : 43737 / 2017-2-23
YA20151207130233 - 2017-02-16 16:11:59
state : 1
log : 43741 / 2017-2-23
YA20151207130233 - 2017-02-16 16:12:01
state : 1
log : 43766 / 2017-2-23
YA20151207130233 - 2017-02-16 16:12:02
state : 1
log : 43769 / 2017-2-23
YA20151207130233 - 2017-02-16 16:12:04
state : 1
log : 43771 / 2017-2-23
YA20151207130233 - 2017-02-16 16:12:05
state : 1
log : 43773 / 2017-2-23
YA20151207130233 - 2017-02-16 16:12:46
state : 1
log : 43736 / 2017-2-17
YA20151207130233 - 2017-02-16 16:12:48
state : 1
log : 43766 / 2017-2-17
YA20151207130233 - 2017-02-16 16:12:50
state : 1
log : 43772 / 2017-2-17
YA20151207130233 - 2017-02-16 16:12:51
state : 1
log : 43773 / 2017-2-17
YA20151207130233 - 2017-02-16 16:25:28
state : 1
log : 22869 / 2017-2-19
YA20151207130233 - 2017-02-16 16:25:42
state : 1
log : 46327 / 2017-2-19
YA20151207130233 - 2017-02-16 16:37:20
state : 1
log : 10539 / 2017-2-21
YA20151207130233 - 2017-02-16 16:39:36
state : 1
log : 25128 / 2017-02-18
2017-02-16 16:40:14
key : YA20151207130233
state : 1
log : 10539 / 2017-2-22
YA20151207130233 - 2017-02-16 16:43:51
state : 1
log : 48308 / 2017-02-18
YA20151207130233 - 2017-02-16 16:50:48
state : 1
log : 13037 / 2017-2-22
YA20151207130233 - 2017-02-16 16:50:56
state : 1
log : 29445 / 2017-02-20
YA20151207130233 - 2017-02-16 16:51:08
state : 2
log : 5514 | 2017-2-19: 이미 막힌 객실 선택
2017-02-16 16:51:22
key : YA20151207130233
state : 1
log : 13037 / 2017-3-24
2017-02-16 16:51:23
key : YA20151207130233
state : 1
log : 13038 / 2017-3-24
YA20151207130233 - 2017-02-16 16:55:30
state : 3
log : 2327 | 2017-2-28: 등록된 객실 없습니다
YA20151207130233 - 2017-02-16 17:00:38
state : 1
log : 21766 / 2017-2-17
YA20151207130233 - 2017-02-16 17:01:56
state : 1
log : 41970 / 2017-2-20
YA20151207130233 - 2017-02-16 17:01:58
state : 1
log : 41992 / 2017-2-20
YA20151207130233 - 2017-02-16 17:02:01
state : 1
log : 21748 / 2017-2-16
YA20151207130233 - 2017-02-16 17:12:22
state : 1
log : 22871 / 2017-2-19
YA20151207130233 - 2017-02-16 17:12:29
state : 3
log : 6064 | 2017-3-4: 등록된 객실 없습니다
YA20151207130233 - 2017-02-16 17:12:41
state : 1
log : 21813 / 2017-02-17
YA20151207130233 - 2017-02-16 17:13:28
state : 1
log : 24761 / 2017-2-17
YA20151207130233 - 2017-02-16 17:15:12
state : 1
log : 43766 / 2017-03-04
YA20151207130233 - 2017-02-16 17:15:14
state : 1
log : 43769 / 2017-03-04
YA20151207130233 - 2017-02-16 17:15:48
state : 1
log : 17745 / 2017-02-18
YA20151207130233 - 2017-02-16 17:18:10
state : 2
log : 2953 | 2017-2-18: 이미 막힌 객실 선택
2017-02-16 17:18:30
key : YA20151207130233
state : 1
log : 17754 / 2017-2-18
2017-02-16 17:22:41
key : YA20151207130233
state : 1
log : 17749 / 2017-2-18
YA20151207130233 - 2017-02-16 17:26:07
state : 1
log : 24083 / 2017-2-22
YA20151207130233 - 2017-02-16 17:29:33
state : 1
log : 21753 / 2017-02-20
YA20151207130233 - 2017-02-16 17:30:22
state : 2
log : 6387 | 2017-3-4: 이미 막힌 객실 선택
YA20151207130233 - 2017-02-16 17:30:24
state : 2
log : 6388 | 2017-3-4: 이미 막힌 객실 선택
YA20151207130233 - 2017-02-16 17:30:33
state : 2
log : 6612 | 2017-2-18: 이미 막힌 객실 선택
YA20151207130233 - 2017-02-16 17:30:41
state : 1
log : 43771 / 2017-3-4
YA20151207130233 - 2017-02-16 17:30:55
state : 1
log : 245 / 2017-2-18
YA20151207130233 - 2017-02-16 17:32:26
state : 1
log : 43771 / 2017-02-18
2017-02-16 17:32:35
key : YA20151207130233
state : 1
log : 243 / 2017-2-18
YA20151207130233 - 2017-02-16 17:33:46
state : 1
log : 20713 / 2017-2-17
YA20151207130233 - 2017-02-16 17:34:43
state : 2
log : 5778 | 2017-2-20: 이미 막힌 객실 선택
YA20151207130233 - 2017-02-16 17:38:34
state : 1
log : 22721 / 2017-3-11
YA20151207130233 - 2017-02-16 17:39:43
state : 2
log : 5489 | 2017-02-16: 이미 막힌 객실 선택
YA20151207130233 - 2017-02-16 17:39:44
state : 1
log : 19896 / 2017-02-17
YA20151207130233 - 2017-02-16 17:42:54
state : 1
log : 19891 / 2017-02-18
2017-02-16 17:45:12
key : YA20151207130233
state : 1
log : 21047 / 2017-2-16
2017-02-16 17:45:13
key : YA20151207130233
state : 1
log : 21047 / 2017-2-17
YA20151207130233 - 2017-02-16 17:47:42
state : 2
log : 5274 | 2017-2-18: 이미 막힌 객실 선택
YA20151207130233 - 2017-02-16 17:48:21
state : 1
log : 21814 / 2017-2-21
YA20151207130233 - 2017-02-16 17:50:12
state : 2
log : 6125 | 2017-2-16: 이미 막힌 객실 선택
YA20151207130233 - 2017-02-16 17:50:18
state : 1
log : 41974 / 2017-2-16
YA20151207130233 - 2017-02-16 17:50:18
state : 1
log : 33980 / 2017-2-20
YA20151207130233 - 2017-02-16 17:58:33
state : 1
log : 25129 / 2017-2-16
YA20151207130233 - 2017-02-16 18:12:44
state : 2
log : 6084 | 2017-02-17: 이미 막힌 객실 선택
YA20151207130233 - 2017-02-16 18:31:51
state : 1
log : 18078 / 2017-2-28
YA20151207130233 - 2017-02-16 18:46:11
state : 2
log : 4357 | 2017-2-20: 이미 막힌 객실 선택
YA20151207130233 - 2017-02-16 18:47:21
state : 1
log : 9727 / 2017-2-16
YA20151207130233 - 2017-02-16 18:47:29
state : 1
log : 22714 / 2017-2-20
YA20151207130233 - 2017-02-16 18:47:32
state : 1
log : 22714 / 2017-2-21
2017-02-16 18:53:41
key : YA20151207130233
state : 1
log : 47721 / 2017-2-25
2017-02-16 18:55:09
key : YA20151207130233
state : 1
log : 47721 / 2017-02-25
YA20151207130233 - 2017-02-16 18:55:54
state : 1
log : 47721 / 2017-02-25
YA20151207130233 - 2017-02-16 18:56:25
state : 2
log : 6545 | 2017-2-25: 이미 막힌 객실 선택
YA20151207130233 - 2017-02-16 18:58:16
state : 1
log : 24771 / 2017-02-18
YA20151207130233 - 2017-02-16 19:08:58
state : 2
log : 4609 | 2017-2-18: 이미 막힌 객실 선택
YA20151207130233 - 2017-02-16 19:14:50
state : 1
log : 21746 / 2017-2-20
YA20151207130233 - 2017-02-16 19:17:55
state : 1
log : 43983 / 2017-03-11
YA20151207130233 - 2017-02-16 19:29:02
state : 1
log : 16636 / 2017-2-19
YA20151207130233 - 2017-02-16 19:29:04
state : 1
log : 16637 / 2017-2-19
YA20151207130233 - 2017-02-16 19:29:05
state : 1
log : 16638 / 2017-2-19
YA20151207130233 - 2017-02-16 19:29:07
state : 1
log : 16639 / 2017-2-19
YA20151207130233 - 2017-02-16 19:29:08
state : 1
log : 16640 / 2017-2-19
YA20151207130233 - 2017-02-16 19:29:11
state : 1
log : 16641 / 2017-2-19
YA20151207130233 - 2017-02-16 19:29:12
state : 1
log : 16642 / 2017-2-19
YA20151207130233 - 2017-02-16 19:29:13
state : 1
log : 16636 / 2017-2-20
YA20151207130233 - 2017-02-16 19:29:15
state : 1
log : 16637 / 2017-2-20
YA20151207130233 - 2017-02-16 19:29:16
state : 1
log : 16638 / 2017-2-20
YA20151207130233 - 2017-02-16 19:29:18
state : 1
log : 16639 / 2017-2-20
YA20151207130233 - 2017-02-16 19:29:20
state : 1
log : 16640 / 2017-2-20
YA20151207130233 - 2017-02-16 19:29:22
state : 1
log : 16641 / 2017-2-20
YA20151207130233 - 2017-02-16 19:29:24
state : 1
log : 16642 / 2017-2-20
YA20151207130233 - 2017-02-16 19:29:25
state : 2
log : 4323 | 2017-2-19: 이미 막힌 객실 선택
YA20151207130233 - 2017-02-16 19:29:26
state : 2
log : 4320 | 2017-2-19: 이미 막힌 객실 선택
YA20151207130233 - 2017-02-16 19:29:27
state : 2
log : 4322 | 2017-2-19: 이미 막힌 객실 선택
YA20151207130233 - 2017-02-16 19:29:28
state : 2
log : 4319 | 2017-2-19: 이미 막힌 객실 선택
YA20151207130233 - 2017-02-16 19:29:29
state : 2
log : 4321 | 2017-2-19: 이미 막힌 객실 선택
YA20151207130233 - 2017-02-16 19:29:30
state : 2
log : 4318 | 2017-2-19: 이미 막힌 객실 선택
YA20151207130233 - 2017-02-16 19:29:32
state : 2
log : 4324 | 2017-2-19: 이미 막힌 객실 선택
YA20151207130233 - 2017-02-16 19:29:36
state : 2
log : 4323 | 2017-2-20: 이미 막힌 객실 선택
YA20151207130233 - 2017-02-16 19:29:36
state : 1
log : 24469 / 2017-02-20
YA20151207130233 - 2017-02-16 19:29:37
state : 2
log : 4320 | 2017-2-20: 이미 막힌 객실 선택
YA20151207130233 - 2017-02-16 19:29:38
state : 2
log : 4322 | 2017-2-20: 이미 막힌 객실 선택
YA20151207130233 - 2017-02-16 19:29:39
state : 2
log : 4319 | 2017-2-20: 이미 막힌 객실 선택
YA20151207130233 - 2017-02-16 19:29:40
state : 2
log : 4321 | 2017-2-20: 이미 막힌 객실 선택
YA20151207130233 - 2017-02-16 19:29:42
state : 2
log : 4318 | 2017-2-20: 이미 막힌 객실 선택
YA20151207130233 - 2017-02-16 19:29:43
state : 2
log : 4324 | 2017-2-20: 이미 막힌 객실 선택
YA20151207130233 - 2017-02-16 19:29:44
state : 2
log : 4323 | 2017-2-19: 이미 막힌 객실 선택
YA20151207130233 - 2017-02-16 19:29:45
state : 2
log : 4320 | 2017-2-19: 이미 막힌 객실 선택
YA20151207130233 - 2017-02-16 19:29:47
state : 2
log : 4322 | 2017-2-19: 이미 막힌 객실 선택
YA20151207130233 - 2017-02-16 19:29:49
state : 2
log : 4319 | 2017-2-19: 이미 막힌 객실 선택
YA20151207130233 - 2017-02-16 19:29:50
state : 2
log : 4321 | 2017-2-19: 이미 막힌 객실 선택
YA20151207130233 - 2017-02-16 19:29:51
state : 2
log : 4318 | 2017-2-19: 이미 막힌 객실 선택
YA20151207130233 - 2017-02-16 19:29:53
state : 2
log : 4324 | 2017-2-19: 이미 막힌 객실 선택
YA20151207130233 - 2017-02-16 19:29:55
state : 2
log : 4323 | 2017-2-20: 이미 막힌 객실 선택
YA20151207130233 - 2017-02-16 19:29:57
state : 2
log : 4320 | 2017-2-20: 이미 막힌 객실 선택
YA20151207130233 - 2017-02-16 19:29:58
state : 2
log : 4322 | 2017-2-20: 이미 막힌 객실 선택
YA20151207130233 - 2017-02-16 19:29:59
state : 2
log : 4319 | 2017-2-20: 이미 막힌 객실 선택
YA20151207130233 - 2017-02-16 19:30:00
state : 2
log : 4321 | 2017-2-20: 이미 막힌 객실 선택
YA20151207130233 - 2017-02-16 19:30:01
state : 2
log : 4318 | 2017-2-20: 이미 막힌 객실 선택
YA20151207130233 - 2017-02-16 19:30:03
state : 2
log : 4324 | 2017-2-20: 이미 막힌 객실 선택
YA20151207130233 - 2017-02-16 19:30:04
state : 2
log : 4323 | 2017-2-19: 이미 막힌 객실 선택
YA20151207130233 - 2017-02-16 19:30:05
state : 2
log : 4320 | 2017-2-19: 이미 막힌 객실 선택
YA20151207130233 - 2017-02-16 19:30:06
state : 2
log : 4322 | 2017-2-19: 이미 막힌 객실 선택
YA20151207130233 - 2017-02-16 19:30:07
state : 2
log : 4319 | 2017-2-19: 이미 막힌 객실 선택
YA20151207130233 - 2017-02-16 19:30:08
state : 2
log : 4321 | 2017-2-19: 이미 막힌 객실 선택
YA20151207130233 - 2017-02-16 19:30:10
state : 2
log : 4318 | 2017-2-19: 이미 막힌 객실 선택
YA20151207130233 - 2017-02-16 19:30:11
state : 2
log : 4324 | 2017-2-19: 이미 막힌 객실 선택
YA20151207130233 - 2017-02-16 19:30:12
state : 2
log : 4323 | 2017-2-20: 이미 막힌 객실 선택
YA20151207130233 - 2017-02-16 19:30:13
state : 2
log : 4320 | 2017-2-20: 이미 막힌 객실 선택
YA20151207130233 - 2017-02-16 19:30:14
state : 2
log : 4322 | 2017-2-20: 이미 막힌 객실 선택
YA20151207130233 - 2017-02-16 19:30:15
state : 2
log : 4319 | 2017-2-20: 이미 막힌 객실 선택
YA20151207130233 - 2017-02-16 19:30:17
state : 2
log : 4321 | 2017-2-20: 이미 막힌 객실 선택
YA20151207130233 - 2017-02-16 19:30:18
state : 2
log : 4318 | 2017-2-20: 이미 막힌 객실 선택
YA20151207130233 - 2017-02-16 19:30:19
state : 2
log : 4324 | 2017-2-20: 이미 막힌 객실 선택
YA20151207130233 - 2017-02-16 19:30:20
state : 2
log : 4323 | 2017-2-19: 이미 막힌 객실 선택
YA20151207130233 - 2017-02-16 19:30:21
state : 2
log : 4320 | 2017-2-19: 이미 막힌 객실 선택
YA20151207130233 - 2017-02-16 19:30:22
state : 2
log : 4322 | 2017-2-19: 이미 막힌 객실 선택
YA20151207130233 - 2017-02-16 19:30:23
state : 2
log : 4319 | 2017-2-19: 이미 막힌 객실 선택
YA20151207130233 - 2017-02-16 19:30:24
state : 2
log : 4321 | 2017-2-19: 이미 막힌 객실 선택
YA20151207130233 - 2017-02-16 19:30:25
state : 2
log : 4318 | 2017-2-19: 이미 막힌 객실 선택
YA20151207130233 - 2017-02-16 19:30:27
state : 2
log : 4324 | 2017-2-19: 이미 막힌 객실 선택
YA20151207130233 - 2017-02-16 19:30:29
state : 2
log : 4323 | 2017-2-20: 이미 막힌 객실 선택
YA20151207130233 - 2017-02-16 19:30:30
state : 2
log : 4320 | 2017-2-20: 이미 막힌 객실 선택
YA20151207130233 - 2017-02-16 19:30:32
state : 2
log : 4322 | 2017-2-20: 이미 막힌 객실 선택
YA20151207130233 - 2017-02-16 19:30:33
state : 2
log : 4319 | 2017-2-20: 이미 막힌 객실 선택
YA20151207130233 - 2017-02-16 19:30:34
state : 2
log : 4321 | 2017-2-20: 이미 막힌 객실 선택
YA20151207130233 - 2017-02-16 19:30:35
state : 2
log : 4318 | 2017-2-20: 이미 막힌 객실 선택
YA20151207130233 - 2017-02-16 19:30:37
state : 2
log : 4324 | 2017-2-20: 이미 막힌 객실 선택
YA20151207130233 - 2017-02-16 19:30:38
state : 2
log : 4323 | 2017-2-19: 이미 막힌 객실 선택
YA20151207130233 - 2017-02-16 19:30:39
state : 2
log : 4320 | 2017-2-19: 이미 막힌 객실 선택
YA20151207130233 - 2017-02-16 19:30:40
state : 2
log : 4322 | 2017-2-19: 이미 막힌 객실 선택
YA20151207130233 - 2017-02-16 19:30:43
state : 2
log : 4319 | 2017-2-19: 이미 막힌 객실 선택
YA20151207130233 - 2017-02-16 19:30:44
state : 2
log : 4321 | 2017-2-19: 이미 막힌 객실 선택
YA20151207130233 - 2017-02-16 19:30:45
state : 2
log : 4318 | 2017-2-19: 이미 막힌 객실 선택
YA20151207130233 - 2017-02-16 19:30:46
state : 2
log : 4324 | 2017-2-19: 이미 막힌 객실 선택
YA20151207130233 - 2017-02-16 19:30:47
state : 2
log : 4323 | 2017-2-20: 이미 막힌 객실 선택
YA20151207130233 - 2017-02-16 19:30:48
state : 2
log : 4320 | 2017-2-20: 이미 막힌 객실 선택
YA20151207130233 - 2017-02-16 19:30:49
state : 2
log : 4322 | 2017-2-20: 이미 막힌 객실 선택
YA20151207130233 - 2017-02-16 19:30:50
state : 2
log : 4319 | 2017-2-20: 이미 막힌 객실 선택
YA20151207130233 - 2017-02-16 19:30:51
state : 2
log : 4321 | 2017-2-20: 이미 막힌 객실 선택
YA20151207130233 - 2017-02-16 19:30:52
state : 2
log : 4318 | 2017-2-20: 이미 막힌 객실 선택
YA20151207130233 - 2017-02-16 19:30:53
state : 2
log : 4324 | 2017-2-20: 이미 막힌 객실 선택
YA20151207130233 - 2017-02-16 19:30:54
state : 2
log : 4323 | 2017-2-19: 이미 막힌 객실 선택
YA20151207130233 - 2017-02-16 19:30:56
state : 2
log : 4320 | 2017-2-19: 이미 막힌 객실 선택
YA20151207130233 - 2017-02-16 19:30:57
state : 2
log : 4322 | 2017-2-19: 이미 막힌 객실 선택
YA20151207130233 - 2017-02-16 19:30:58
state : 2
log : 4319 | 2017-2-19: 이미 막힌 객실 선택
YA20151207130233 - 2017-02-16 19:30:59
state : 2
log : 4321 | 2017-2-19: 이미 막힌 객실 선택
YA20151207130233 - 2017-02-16 19:31:00
state : 2
log : 4318 | 2017-2-19: 이미 막힌 객실 선택
YA20151207130233 - 2017-02-16 19:31:01
state : 2
log : 4324 | 2017-2-19: 이미 막힌 객실 선택
YA20151207130233 - 2017-02-16 19:31:02
state : 2
log : 4323 | 2017-2-20: 이미 막힌 객실 선택
YA20151207130233 - 2017-02-16 19:31:03
state : 2
log : 4320 | 2017-2-20: 이미 막힌 객실 선택
YA20151207130233 - 2017-02-16 19:31:04
state : 2
log : 4322 | 2017-2-20: 이미 막힌 객실 선택
YA20151207130233 - 2017-02-16 19:31:05
state : 2
log : 4319 | 2017-2-20: 이미 막힌 객실 선택
YA20151207130233 - 2017-02-16 19:31:06
state : 2
log : 4321 | 2017-2-20: 이미 막힌 객실 선택
YA20151207130233 - 2017-02-16 19:31:08
state : 2
log : 4318 | 2017-2-20: 이미 막힌 객실 선택
YA20151207130233 - 2017-02-16 19:31:09
state : 2
log : 4324 | 2017-2-20: 이미 막힌 객실 선택
YA20151207130233 - 2017-02-16 19:31:10
state : 2
log : 4323 | 2017-2-19: 이미 막힌 객실 선택
YA20151207130233 - 2017-02-16 19:31:11
state : 2
log : 4320 | 2017-2-19: 이미 막힌 객실 선택
YA20151207130233 - 2017-02-16 19:31:12
state : 2
log : 4322 | 2017-2-19: 이미 막힌 객실 선택
YA20151207130233 - 2017-02-16 19:31:13
state : 2
log : 4319 | 2017-2-19: 이미 막힌 객실 선택
YA20151207130233 - 2017-02-16 19:31:14
state : 2
log : 4321 | 2017-2-19: 이미 막힌 객실 선택
YA20151207130233 - 2017-02-16 19:31:15
state : 2
log : 4318 | 2017-2-19: 이미 막힌 객실 선택
YA20151207130233 - 2017-02-16 19:31:16
state : 2
log : 4324 | 2017-2-19: 이미 막힌 객실 선택
YA20151207130233 - 2017-02-16 19:31:17
state : 2
log : 4323 | 2017-2-20: 이미 막힌 객실 선택
YA20151207130233 - 2017-02-16 19:31:18
state : 2
log : 4320 | 2017-2-20: 이미 막힌 객실 선택
YA20151207130233 - 2017-02-16 19:31:19
state : 2
log : 4322 | 2017-2-20: 이미 막힌 객실 선택
YA20151207130233 - 2017-02-16 19:31:21
state : 2
log : 4319 | 2017-2-20: 이미 막힌 객실 선택
YA20151207130233 - 2017-02-16 19:31:22
state : 2
log : 4321 | 2017-2-20: 이미 막힌 객실 선택
YA20151207130233 - 2017-02-16 19:31:23
state : 2
log : 4318 | 2017-2-20: 이미 막힌 객실 선택
YA20151207130233 - 2017-02-16 19:31:24
state : 2
log : 4324 | 2017-2-20: 이미 막힌 객실 선택
YA20151207130233 - 2017-02-16 19:43:07
state : 1
log : 22721 / 2017-2-17
YA20151207130233 - 2017-02-16 19:48:37
state : 1
log : 48324 / 2017-02-19
YA20151207130233 - 2017-02-16 19:51:05
state : 1
log : 21836 / 2017-02-17
YA20151207130233 - 2017-02-16 19:56:28
state : 1
log : 48314 / 2017-2-18
YA20151207130233 - 2017-02-16 20:00:13
state : 1
log : 46334 / 2017-4-15
YA20151207130233 - 2017-02-16 20:06:04
state : 2
log : 6563 | 2017-02-18: 이미 막힌 객실 선택
YA20151207130233 - 2017-02-16 20:06:17
state : 1
log : 45347 / 2017-2-24
YA20151207130233 - 2017-02-16 20:06:46
state : 2
log : 4605 | 2017-2-18: 이미 막힌 객실 선택
YA20151207130233 - 2017-02-16 20:06:48
state : 1
log : 45344 / 2017-2-24
YA20151207130233 - 2017-02-16 20:12:02
state : 1
log : 46334 / 2017-3-4
YA20151207130233 - 2017-02-16 20:18:40
state : 1
log : 14865 / 2017-2-24
YA20151207130233 - 2017-02-16 20:40:30
state : 1
log : 24719 / 2017-2-16
YA20151207130233 - 2017-02-16 20:40:32
state : 1
log : 24713 / 2017-2-16
YA20151207130233 - 2017-02-16 20:40:33
state : 1
log : 24711 / 2017-2-16
YA20151207130233 - 2017-02-16 20:52:20
state : 1
log : 43737 / 2017-2-26
YA20151207130233 - 2017-02-16 20:53:28
state : 2
log : 5940 | 2017-2-27: 이미 막힌 객실 선택
YA20151207130233 - 2017-02-16 20:57:35
state : 3
log : 6297 | 2017-2-16: 등록된 객실 없습니다
YA20151207130233 - 2017-02-16 20:57:37
state : 1
log : 20703 / 2017-2-16
YA20151207130233 - 2017-02-16 20:57:38
state : 1
log : 20707 / 2017-2-16
YA20151207130233 - 2017-02-16 20:57:40
state : 1
log : 20715 / 2017-2-16
YA20151207130233 - 2017-02-16 20:59:15
state : 2
log : 5523 | 2017-02-22: 이미 막힌 객실 선택
2017-02-16 21:01:03
key : YA20151207130233
state : 1
log : 10538 / 2017-2-16
YA20151207130233 - 2017-02-16 21:02:11
state : 2
log : 5778 | 2017-2-18: 이미 막힌 객실 선택
YA20151207130233 - 2017-02-16 21:04:52
state : 2
log : 5937 | 2017-02-18: 이미 막힌 객실 선택
YA20151207130233 - 2017-02-16 21:07:05
state : 1
log : 21815 / 2017-02-27
YA20151207130233 - 2017-02-16 21:19:14
state : 1
log : 23482 / 2017-2-18
2017-02-16 21:20:51
key : YA20151207130233
state : 1
log : 23482 / 2017-2-18
YA20151207130233 - 2017-02-16 21:21:07
state : 1
log : 23480 / 2017-2-18
YA20151207130233 - 2017-02-16 21:25:29
state : 2
log : 6167 | 2017-02-18: 이미 막힌 객실 선택
YA20151207130233 - 2017-02-16 21:25:58
state : 2
log : 4137 | 2017-2-18: 이미 막힌 객실 선택
YA20151207130233 - 2017-02-16 21:26:16
state : 1
log : 23483 / 2017-2-20
YA20151207130233 - 2017-02-16 21:26:17
state : 1
log : 23520 / 2017-2-20
YA20151207130233 - 2017-02-16 21:34:51
state : 1
log : 9728 / 2017-2-19
YA20151207130233 - 2017-02-16 21:40:40
state : 1
log : 21749 / 2017-02-17
YA20151207130233 - 2017-02-16 21:41:41
state : 2
log : 5775 | 2017-2-17: 이미 막힌 객실 선택
2017-02-16 21:43:26
key : YA20151207130233
state : 1
log : 21750 / 2017-2-17
YA20151207130233 - 2017-02-16 21:47:55
state : 2
log : 5840 | 2017-2-16: 이미 막힌 객실 선택
YA20151207130233 - 2017-02-16 21:50:44
state : 1
log : 34019 / 2017-02-18
YA20151207130233 - 2017-02-16 21:53:32
state : 1
log : 34022 / 2017-02-18
YA20151207130233 - 2017-02-16 21:55:41
state : 1
log : 41971 / 2017-2-18
YA20151207130233 - 2017-02-16 21:55:42
state : 1
log : 41972 / 2017-2-18
YA20151207130233 - 2017-02-16 21:56:00
state : 3
log :  : 등록된 객실 없습니다
2017-02-16 21:57:10
key : YA20151207130233
state : 1
log : 16639 / 2017-02-18
YA20151207130233 - 2017-02-16 21:59:23
state : 1
log : 20707 / 2017-2-18
YA20151207130233 - 2017-02-16 22:01:16
state : 1
log : 3695 / 2017-02-23
YA20151207130233 - 2017-02-16 22:01:17
state : 1
log : 3695 / 2017-02-24
YA20151207130233 - 2017-02-16 22:02:02
state : 1
log : 19888 / 2017-02-16
YA20151207130233 - 2017-02-16 22:02:05
state : 1
log : 19889 / 2017-02-16
YA20151207130233 - 2017-02-16 22:03:37
state : 1
log : 21774 / 2017-2-17
YA20151207130233 - 2017-02-16 22:03:39
state : 1
log : 21774 / 2017-2-18
2017-02-16 22:03:39
key : YA20151207130233
state : 1
log : 21750 / 2017-2-18
YA20151207130233 - 2017-02-16 22:03:41
state : 1
log : 21771 / 2017-2-19
YA20151207130233 - 2017-02-16 22:03:43
state : 1
log : 21774 / 2017-2-19
YA20151207130233 - 2017-02-16 22:03:45
state : 1
log : 21771 / 2017-2-20
YA20151207130233 - 2017-02-16 22:03:47
state : 1
log : 21774 / 2017-2-20
YA20151207130233 - 2017-02-16 22:03:48
state : 1
log : 21771 / 2017-2-21
YA20151207130233 - 2017-02-16 22:03:50
state : 1
log : 21774 / 2017-2-21
YA20151207130233 - 2017-02-16 22:03:51
state : 1
log : 21774 / 2017-2-22
YA20151207130233 - 2017-02-16 22:03:52
state : 1
log : 21774 / 2017-2-23
YA20151207130233 - 2017-02-16 22:03:55
state : 1
log : 21774 / 2017-2-24
YA20151207130233 - 2017-02-16 22:03:56
state : 1
log : 21774 / 2017-2-25
YA20151207130233 - 2017-02-16 22:03:57
state : 1
log : 21774 / 2017-2-26
YA20151207130233 - 2017-02-16 22:03:59
state : 1
log : 21774 / 2017-2-27
YA20151207130233 - 2017-02-16 22:04:00
state : 1
log : 21774 / 2017-2-28
YA20151207130233 - 2017-02-16 22:05:28
state : 1
log : 48326 / 2017-02-25
YA20151207130233 - 2017-02-16 22:06:25
state : 2
log : 5276 | 2017-2-18: 이미 막힌 객실 선택
YA20151207130233 - 2017-02-16 22:09:10
state : 2
log : 6576 | 2017-02-25: 이미 막힌 객실 선택
YA20151207130233 - 2017-02-16 22:12:40
state : 1
log : 3699 / 2017-02-23
YA20151207130233 - 2017-02-16 22:13:28
state : 2
log : 5937 | 2017-2-18: 이미 막힌 객실 선택
YA20151207130233 - 2017-02-16 22:14:57
state : 2
log : 1069 | 2017-4-8: 이미 막힌 객실 선택
YA20151207130233 - 2017-02-16 22:14:59
state : 1
log : 22276 / 2017-4-8
YA20151207130233 - 2017-02-16 22:15:00
state : 2
log : 5246 | 2017-2-23: 이미 막힌 객실 선택
YA20151207130233 - 2017-02-16 22:15:13
state : 1
log : 22275 / 2017-3-4
2017-02-16 22:15:15
key : YA20151207130233
state : 1
log : 3699 / 2017-2-21
YA20151207130233 - 2017-02-16 22:19:11
state : 1
log : 21579 / 2017-2-26
2017-02-16 22:22:27
key : YA20151207130233
state : 1
log : 29444 / 2017-02-17
YA20151207130233 - 2017-02-16 22:24:25
state : 1
log : 24755 / 2017-2-16
2017-02-16 22:24:58
key : YA20151207130233
state : 1
log : 23322 / 2017-02-18
2017-02-16 22:26:23
key : YA20151207130233
state : 1
log : 23322 / 2017-02-18
YA20151207130233 - 2017-02-16 22:26:38
state : 1
log : 24717 / 2017-2-16
YA20151207130233 - 2017-02-16 22:26:48
state : 3
log :  : 등록된 객실 없습니다
YA20151207130233 - 2017-02-16 22:34:05
state : 1
log : 23322 / 2017-2-18
YA20151207130233 - 2017-02-16 22:44:07
state : 2
log : 5551 | 2017-2-19: 이미 막힌 객실 선택
YA20151207130233 - 2017-02-16 22:47:38
state : 1
log : 21751 / 2017-2-18
YA20151207130233 - 2017-02-16 22:47:39
state : 1
log : 21746 / 2017-2-18
YA20151207130233 - 2017-02-16 22:50:00
state : 1
log : 17748 / 2017-2-17
YA20151207130233 - 2017-02-16 22:53:54
state : 1
log : 24383 / 2017-2-18
YA20151207130233 - 2017-02-16 22:55:57
state : 1
log : 48324 / 2017-03-18
YA20151207130233 - 2017-02-16 22:59:49
state : 1
log : 46324 / 2017-2-24
YA20151207130233 - 2017-02-16 22:59:51
state : 1
log : 46325 / 2017-2-24
YA20151207130233 - 2017-02-16 23:05:55
state : 2
log : 6185 | 2017-2-27: 이미 막힌 객실 선택
YA20151207130233 - 2017-02-16 23:09:26
state : 1
log : 24384 / 2017-2-22
YA20151207130233 - 2017-02-16 23:09:27
state : 1
log : 24384 / 2017-2-23
YA20151207130233 - 2017-02-16 23:09:30
state : 1
log : 24384 / 2017-2-24
YA20151207130233 - 2017-02-16 23:15:04
state : 3
log : 5823 | 2017-02-25: 등록된 객실 없습니다
YA20151207130233 - 2017-02-16 23:33:53
state : 1
log : 23302 / 2017-2-25
YA20151207130233 - 2017-02-16 23:33:54
state : 1
log : 23303 / 2017-2-25
YA20151207130233 - 2017-02-16 23:46:50
state : 1
log : 21784 / 2017-2-19
YA20151207130233 - 2017-02-16 23:46:51
state : 1
log : 21785 / 2017-2-19
YA20151207130233 - 2017-02-16 23:56:35
state : 1
log : 23340 / 2017-02-17
