YA20161116113212 - 2017-01-25 00:06:44
state : 1
log : 8484 / 2017-01-29
YA20151207130233 - 2017-01-25 00:26:46
state : 1
log : 3702 / 2017-02-11
YA20161116113212 - 2017-01-25 00:46:42
state : 1
log : 36904 / 2017-01-30
YA20161116113212 - 2017-01-25 01:01:15
state : 1
log : 42752 / 2017-01-30
YA20151207130233 - 2017-01-25 01:08:35
state : 1
log : 22724 / 2017-1-28
YA20161116113212 - 2017-01-25 01:11:19
state : 1
log : 44212 / 2017-01-26
YA20161116113212 - 2017-01-25 01:20:33
state : 1
log : 21685 / 2017-01-25
YA20161116113212 - 2017-01-25 01:28:53
state : 1
log : 23631 / 2017-01-27
YA20161116113212 - 2017-01-25 01:29:13
state : 1
log : 17931 / 2017-01-28
YA20161116113212 - 2017-01-25 01:36:21
state : 1
log : 35050 / 2017-02-09
YA20161116113212 - 2017-01-25 01:49:58
state : 1
log : 44340 / 2017-02-25
YA20151207130233 - 2017-01-25 05:39:21
state : 1
log : 23582 / 2017-1-27
2017-01-25 07:48:32
key : YA20151207130233
state : 1
log : 12540 / 2017-2-3
YA20151207130233 - 2017-01-25 07:49:58
state : 1
log : 21760 / 2017-2-18
YA20151207130233 - 2017-01-25 07:50:22
state : 1
log : 21760 / 2017-2-19
YA20151207130233 - 2017-01-25 07:50:24
state : 1
log : 21756 / 2017-2-20
YA20151207130233 - 2017-01-25 07:50:26
state : 1
log : 21754 / 2017-2-26
YA20151207130233 - 2017-01-25 07:50:27
state : 1
log : 21759 / 2017-2-27
YA20151207130233 - 2017-01-25 07:50:28
state : 1
log : 21760 / 2017-2-27
YA20151207130233 - 2017-01-25 07:52:16
state : 1
log : 21754 / 2017-3-1
YA20151207130233 - 2017-01-25 07:52:18
state : 1
log : 21755 / 2017-3-1
YA20151207130233 - 2017-01-25 07:52:19
state : 1
log : 21756 / 2017-3-1
YA20151207130233 - 2017-01-25 07:52:21
state : 1
log : 21757 / 2017-3-1
YA20151207130233 - 2017-01-25 07:52:22
state : 1
log : 21758 / 2017-3-1
YA20151207130233 - 2017-01-25 07:52:23
state : 1
log : 21759 / 2017-3-1
YA20151207130233 - 2017-01-25 07:52:24
state : 1
log : 21760 / 2017-3-1
YA20151207130233 - 2017-01-25 07:52:25
state : 1
log : 21754 / 2017-3-2
YA20151207130233 - 2017-01-25 07:52:27
state : 1
log : 21755 / 2017-3-2
YA20151207130233 - 2017-01-25 07:52:28
state : 1
log : 21756 / 2017-3-2
YA20151207130233 - 2017-01-25 07:52:29
state : 1
log : 21757 / 2017-3-2
YA20151207130233 - 2017-01-25 07:52:30
state : 1
log : 21758 / 2017-3-2
YA20151207130233 - 2017-01-25 07:52:32
state : 1
log : 21759 / 2017-3-2
YA20151207130233 - 2017-01-25 07:52:33
state : 1
log : 21760 / 2017-3-2
YA20151207130233 - 2017-01-25 07:52:34
state : 1
log : 21754 / 2017-3-3
YA20151207130233 - 2017-01-25 07:52:35
state : 1
log : 21755 / 2017-3-3
YA20151207130233 - 2017-01-25 07:52:37
state : 1
log : 21756 / 2017-3-3
YA20151207130233 - 2017-01-25 07:52:38
state : 1
log : 21757 / 2017-3-3
YA20151207130233 - 2017-01-25 07:52:40
state : 1
log : 21758 / 2017-3-3
YA20151207130233 - 2017-01-25 07:52:41
state : 1
log : 21759 / 2017-3-3
YA20151207130233 - 2017-01-25 07:52:43
state : 1
log : 21760 / 2017-3-3
YA20151207130233 - 2017-01-25 07:52:45
state : 1
log : 21754 / 2017-3-4
YA20151207130233 - 2017-01-25 07:52:46
state : 1
log : 21755 / 2017-3-4
YA20151207130233 - 2017-01-25 07:52:47
state : 1
log : 21756 / 2017-3-4
YA20151207130233 - 2017-01-25 07:52:48
state : 1
log : 21757 / 2017-3-4
YA20151207130233 - 2017-01-25 07:52:50
state : 1
log : 21758 / 2017-3-4
YA20151207130233 - 2017-01-25 07:52:51
state : 1
log : 21759 / 2017-3-4
YA20151207130233 - 2017-01-25 07:52:52
state : 1
log : 21760 / 2017-3-4
YA20151207130233 - 2017-01-25 07:52:53
state : 1
log : 21754 / 2017-3-5
YA20151207130233 - 2017-01-25 07:52:54
state : 1
log : 21755 / 2017-3-5
YA20151207130233 - 2017-01-25 07:52:56
state : 1
log : 21756 / 2017-3-5
YA20151207130233 - 2017-01-25 07:52:57
state : 1
log : 21757 / 2017-3-5
YA20151207130233 - 2017-01-25 07:52:58
state : 1
log : 21758 / 2017-3-5
YA20151207130233 - 2017-01-25 07:53:00
state : 1
log : 21759 / 2017-3-5
YA20151207130233 - 2017-01-25 07:53:01
state : 1
log : 21760 / 2017-3-5
YA20151207130233 - 2017-01-25 07:53:02
state : 1
log : 21754 / 2017-3-10
YA20151207130233 - 2017-01-25 07:53:03
state : 1
log : 21755 / 2017-3-10
YA20151207130233 - 2017-01-25 07:53:04
state : 1
log : 21756 / 2017-3-10
YA20151207130233 - 2017-01-25 07:53:06
state : 1
log : 21757 / 2017-3-10
YA20151207130233 - 2017-01-25 07:53:07
state : 1
log : 21758 / 2017-3-10
YA20151207130233 - 2017-01-25 07:53:09
state : 1
log : 21759 / 2017-3-10
YA20151207130233 - 2017-01-25 07:53:10
state : 1
log : 21760 / 2017-3-10
YA20151207130233 - 2017-01-25 07:53:11
state : 1
log : 21754 / 2017-3-11
YA20151207130233 - 2017-01-25 07:53:12
state : 1
log : 21755 / 2017-3-11
YA20151207130233 - 2017-01-25 07:53:14
state : 1
log : 21756 / 2017-3-11
YA20151207130233 - 2017-01-25 07:53:15
state : 1
log : 21757 / 2017-3-11
YA20151207130233 - 2017-01-25 07:53:16
state : 1
log : 21758 / 2017-3-11
YA20151207130233 - 2017-01-25 07:53:17
state : 1
log : 21759 / 2017-3-11
YA20151207130233 - 2017-01-25 07:53:18
state : 1
log : 21760 / 2017-3-11
YA20151207130233 - 2017-01-25 07:53:20
state : 1
log : 21754 / 2017-3-12
YA20151207130233 - 2017-01-25 07:53:21
state : 1
log : 21755 / 2017-3-12
YA20151207130233 - 2017-01-25 07:53:22
state : 1
log : 21756 / 2017-3-12
YA20151207130233 - 2017-01-25 07:53:23
state : 1
log : 21757 / 2017-3-12
YA20151207130233 - 2017-01-25 07:53:24
state : 1
log : 21758 / 2017-3-12
YA20151207130233 - 2017-01-25 07:53:26
state : 1
log : 21759 / 2017-3-12
YA20151207130233 - 2017-01-25 07:53:27
state : 1
log : 21760 / 2017-3-12
YA20151207130233 - 2017-01-25 07:53:28
state : 1
log : 21754 / 2017-3-13
YA20151207130233 - 2017-01-25 07:53:29
state : 1
log : 21755 / 2017-3-13
YA20151207130233 - 2017-01-25 07:53:31
state : 1
log : 21756 / 2017-3-13
YA20151207130233 - 2017-01-25 07:53:32
state : 1
log : 21757 / 2017-3-13
YA20151207130233 - 2017-01-25 07:53:33
state : 1
log : 21758 / 2017-3-13
YA20151207130233 - 2017-01-25 07:53:34
state : 1
log : 21759 / 2017-3-13
YA20151207130233 - 2017-01-25 07:53:36
state : 1
log : 21760 / 2017-3-13
YA20151207130233 - 2017-01-25 07:53:37
state : 1
log : 21754 / 2017-3-14
YA20151207130233 - 2017-01-25 07:53:38
state : 1
log : 21755 / 2017-3-14
YA20151207130233 - 2017-01-25 07:53:40
state : 1
log : 21756 / 2017-3-14
YA20151207130233 - 2017-01-25 07:53:41
state : 1
log : 21757 / 2017-3-14
YA20151207130233 - 2017-01-25 07:53:42
state : 1
log : 21758 / 2017-3-14
YA20151207130233 - 2017-01-25 07:53:43
state : 1
log : 21759 / 2017-3-14
YA20151207130233 - 2017-01-25 07:53:45
state : 1
log : 21754 / 2017-3-15
YA20151207130233 - 2017-01-25 07:53:46
state : 1
log : 21755 / 2017-3-15
YA20151207130233 - 2017-01-25 07:53:47
state : 1
log : 21756 / 2017-3-15
YA20151207130233 - 2017-01-25 07:53:48
state : 1
log : 21757 / 2017-3-15
YA20151207130233 - 2017-01-25 07:53:51
state : 1
log : 21758 / 2017-3-15
YA20151207130233 - 2017-01-25 07:53:52
state : 1
log : 21759 / 2017-3-15
YA20151207130233 - 2017-01-25 07:53:53
state : 1
log : 21760 / 2017-3-15
YA20151207130233 - 2017-01-25 07:53:54
state : 1
log : 21754 / 2017-3-16
YA20151207130233 - 2017-01-25 07:53:55
state : 1
log : 21755 / 2017-3-16
YA20151207130233 - 2017-01-25 07:53:57
state : 1
log : 21756 / 2017-3-16
YA20151207130233 - 2017-01-25 07:53:58
state : 1
log : 21757 / 2017-3-16
YA20151207130233 - 2017-01-25 07:53:59
state : 1
log : 21758 / 2017-3-16
YA20151207130233 - 2017-01-25 07:54:01
state : 1
log : 21759 / 2017-3-16
YA20151207130233 - 2017-01-25 07:54:02
state : 1
log : 21760 / 2017-3-16
YA20151207130233 - 2017-01-25 07:59:27
state : 1
log : 21576 / 2017-1-25
YA20151207130233 - 2017-01-25 07:59:28
state : 1
log : 21576 / 2017-1-26
YA20151207130233 - 2017-01-25 08:12:51
state : 1
log : 20705 / 2017-1-25
YA20151207130233 - 2017-01-25 08:40:03
state : 1
log : 21753 / 2017-1-26
YA20151207130233 - 2017-01-25 08:47:21
state : 1
log : 24716 / 2017-1-25
YA20151207130233 - 2017-01-25 08:47:23
state : 1
log : 24719 / 2017-1-25
YA20151207130233 - 2017-01-25 08:47:25
state : 1
log : 24713 / 2017-1-25
YA20151207130233 - 2017-01-25 08:47:26
state : 1
log : 24711 / 2017-1-25
YA20161116113212 - 2017-01-25 09:07:34
state : 1
log : 17227 / 2017-01-25
YA20151207130233 - 2017-01-25 09:40:55
state : 1
log : 21576 / 2017-1-26
YA20151207130233 - 2017-01-25 09:50:55
state : 1
log : 21749 / 2017-2-11
YA20151207130233 - 2017-01-25 09:50:57
state : 1
log : 21751 / 2017-2-11
YA20151207130233 - 2017-01-25 10:05:00
state : 1
log : 20713 / 2017-01-27
YA20151207130233 - 2017-01-25 10:05:03
state : 1
log : 20713 / 2017-01-28
YA20151207130233 - 2017-01-25 10:09:41
state : 1
log : 22867 / 2017-01-28
YA20151207130233 - 2017-01-25 10:17:39
state : 1
log : 4877 / 2017-02-25
YA20151207130233 - 2017-01-25 10:30:25
state : 1
log : 4877 / 2017-2-25
YA20151207130233 - 2017-01-25 10:44:37
state : 1
log : 9723 / 2017-02-18
YA20151207130233 - 2017-01-25 10:53:24
state : 1
log : 24146 / 2017-2-25
YA20151207130233 - 2017-01-25 10:54:51
state : 1
log : 35133 / 2017-01-25
YA20151207130233 - 2017-01-25 11:09:20
state : 1
log : 9725 / 2017-02-03
YA20161116113212 - 2017-01-25 11:21:42
state : 1
log : 4534 / 2017-01-30
YA20151207130233 - 2017-01-25 11:22:56
state : 7
log : 4212 : 해당 객실 예약 존재
2017-01-25 11:31:12
key : YA20151207130233
state : 1
log : 20710 / 2017-1-28
2017-01-25 11:31:13
key : YA20151207130233
state : 1
log : 20711 / 2017-1-28
2017-01-25 11:31:30
key : YA20151207130233
state : 1
log : 20712 / 2017-1-27
YA20151207130233 - 2017-01-25 11:43:09
state : 1
log : 24765 / 2017-02-04
YA20151207130233 - 2017-01-25 11:44:44
state : 1
log : 23319 / 2017-01-29
YA20151207130233 - 2017-01-25 11:46:39
state : 1
log : 21753 / 2017-01-30
YA20151207130233 - 2017-01-25 11:48:45
state : 1
log : 17749 / 2017-1-28
YA20151207130233 - 2017-01-25 11:48:56
state : 1
log : 17748 / 2017-1-28
2017-01-25 11:49:11
key : YA20151207130233
state : 1
log : 17748 / 2017-1-28
YA20151207130233 - 2017-01-25 11:49:32
state : 1
log : 24083 / 2017-1-29
YA20151207130233 - 2017-01-25 12:04:03
state : 3
log : 6299 : 등록된 객실 없습니다
YA20151207130233 - 2017-01-25 12:07:49
state : 1
log : 21759 / 2017-01-25
YA20151207130233 - 2017-01-25 12:09:12
state : 1
log : 22870 / 2017-1-28
YA20151207130233 - 2017-01-25 12:11:48
state : 2
log : 4598 : 이미 막힌 객실 선택
YA20151207130233 - 2017-01-25 12:12:21
state : 1
log : 22719 / 2017-1-25
YA20151207130233 - 2017-01-25 12:12:22
state : 1
log : 22716 / 2017-1-25
YA20151207130233 - 2017-01-25 12:12:25
state : 1
log : 22721 / 2017-1-25
YA20151207130233 - 2017-01-25 12:12:26
state : 1
log : 22709 / 2017-1-25
YA20151207130233 - 2017-01-25 12:12:30
state : 1
log : 22716 / 2017-1-26
YA20151207130233 - 2017-01-25 12:12:32
state : 1
log : 22721 / 2017-1-26
YA20151207130233 - 2017-01-25 12:12:32
state : 1
log : 22719 / 2017-1-26
YA20151207130233 - 2017-01-25 12:12:33
state : 1
log : 22709 / 2017-1-26
YA20151207130233 - 2017-01-25 12:12:37
state : 1
log : 22716 / 2017-1-25
YA20151207130233 - 2017-01-25 12:12:39
state : 1
log : 22721 / 2017-1-25
YA20151207130233 - 2017-01-25 12:12:39
state : 1
log : 22719 / 2017-1-25
YA20151207130233 - 2017-01-25 12:12:40
state : 1
log : 22709 / 2017-1-25
YA20151207130233 - 2017-01-25 12:12:41
state : 1
log : 22719 / 2017-1-26
YA20151207130233 - 2017-01-25 12:12:42
state : 1
log : 22716 / 2017-1-26
YA20151207130233 - 2017-01-25 12:12:43
state : 1
log : 22721 / 2017-1-26
YA20151207130233 - 2017-01-25 12:12:45
state : 1
log : 22709 / 2017-1-26
YA20151207130233 - 2017-01-25 12:12:46
state : 1
log : 22719 / 2017-1-25
YA20151207130233 - 2017-01-25 12:12:48
state : 1
log : 22716 / 2017-1-25
YA20151207130233 - 2017-01-25 12:12:49
state : 1
log : 22721 / 2017-1-25
YA20151207130233 - 2017-01-25 12:12:50
state : 1
log : 22709 / 2017-1-25
YA20151207130233 - 2017-01-25 12:12:51
state : 1
log : 22719 / 2017-1-26
YA20151207130233 - 2017-01-25 12:12:53
state : 1
log : 22716 / 2017-1-26
YA20151207130233 - 2017-01-25 12:12:55
state : 1
log : 22721 / 2017-1-26
YA20151207130233 - 2017-01-25 12:12:56
state : 1
log : 22709 / 2017-1-26
YA20151207130233 - 2017-01-25 12:12:57
state : 1
log : 22719 / 2017-1-25
YA20151207130233 - 2017-01-25 12:12:59
state : 1
log : 22716 / 2017-1-25
YA20151207130233 - 2017-01-25 12:13:01
state : 1
log : 22721 / 2017-1-25
YA20151207130233 - 2017-01-25 12:13:03
state : 1
log : 22709 / 2017-1-25
YA20151207130233 - 2017-01-25 12:13:04
state : 1
log : 22719 / 2017-1-26
YA20151207130233 - 2017-01-25 12:13:05
state : 1
log : 22716 / 2017-1-26
YA20151207130233 - 2017-01-25 12:13:06
state : 1
log : 22721 / 2017-1-26
YA20151207130233 - 2017-01-25 12:13:08
state : 1
log : 22709 / 2017-1-26
YA20151207130233 - 2017-01-25 12:13:09
state : 1
log : 22719 / 2017-1-25
YA20151207130233 - 2017-01-25 12:13:11
state : 1
log : 22716 / 2017-1-25
YA20151207130233 - 2017-01-25 12:13:13
state : 1
log : 22721 / 2017-1-25
YA20151207130233 - 2017-01-25 12:13:16
state : 1
log : 22709 / 2017-1-25
YA20151207130233 - 2017-01-25 12:13:17
state : 1
log : 22719 / 2017-1-26
YA20151207130233 - 2017-01-25 12:13:18
state : 1
log : 22716 / 2017-1-26
YA20151207130233 - 2017-01-25 12:13:19
state : 1
log : 22721 / 2017-1-26
YA20151207130233 - 2017-01-25 12:13:21
state : 1
log : 22709 / 2017-1-26
YA20151207130233 - 2017-01-25 12:13:22
state : 1
log : 22719 / 2017-1-25
YA20151207130233 - 2017-01-25 12:13:23
state : 1
log : 22716 / 2017-1-25
YA20151207130233 - 2017-01-25 12:13:24
state : 1
log : 22721 / 2017-1-25
YA20151207130233 - 2017-01-25 12:13:27
state : 1
log : 22709 / 2017-1-25
YA20151207130233 - 2017-01-25 12:13:28
state : 1
log : 22719 / 2017-1-26
YA20151207130233 - 2017-01-25 12:13:29
state : 1
log : 22716 / 2017-1-26
YA20151207130233 - 2017-01-25 12:13:30
state : 1
log : 22721 / 2017-1-26
YA20151207130233 - 2017-01-25 12:13:32
state : 1
log : 22709 / 2017-1-26
YA20151207130233 - 2017-01-25 12:13:33
state : 1
log : 22719 / 2017-1-25
YA20151207130233 - 2017-01-25 12:13:34
state : 1
log : 22716 / 2017-1-25
YA20151207130233 - 2017-01-25 12:13:36
state : 1
log : 22721 / 2017-1-25
YA20151207130233 - 2017-01-25 12:13:38
state : 1
log : 22709 / 2017-1-25
YA20151207130233 - 2017-01-25 12:13:39
state : 1
log : 22719 / 2017-1-26
YA20151207130233 - 2017-01-25 12:13:40
state : 1
log : 22716 / 2017-1-26
YA20151207130233 - 2017-01-25 12:13:41
state : 1
log : 22721 / 2017-1-26
YA20151207130233 - 2017-01-25 12:13:43
state : 1
log : 22709 / 2017-1-26
YA20151207130233 - 2017-01-25 12:13:45
state : 1
log : 22719 / 2017-1-25
YA20151207130233 - 2017-01-25 12:13:46
state : 1
log : 22716 / 2017-1-25
YA20151207130233 - 2017-01-25 12:13:48
state : 1
log : 22721 / 2017-1-25
YA20151207130233 - 2017-01-25 12:13:49
state : 1
log : 22709 / 2017-1-25
YA20151207130233 - 2017-01-25 12:13:50
state : 1
log : 22719 / 2017-1-26
YA20151207130233 - 2017-01-25 12:13:51
state : 1
log : 22716 / 2017-1-26
YA20151207130233 - 2017-01-25 12:13:53
state : 1
log : 22721 / 2017-1-26
YA20151207130233 - 2017-01-25 12:13:54
state : 1
log : 22709 / 2017-1-26
YA20151207130233 - 2017-01-25 12:13:55
state : 1
log : 22719 / 2017-1-25
YA20151207130233 - 2017-01-25 12:13:57
state : 1
log : 22716 / 2017-1-25
YA20151207130233 - 2017-01-25 12:13:58
state : 1
log : 22721 / 2017-1-25
YA20151207130233 - 2017-01-25 12:14:00
state : 1
log : 22709 / 2017-1-25
YA20151207130233 - 2017-01-25 12:14:02
state : 1
log : 22719 / 2017-1-26
YA20161116113212 - 2017-01-25 12:14:03
state : 1
log : 23665 / 2017-02-04
YA20151207130233 - 2017-01-25 12:14:03
state : 1
log : 22716 / 2017-1-26
YA20151207130233 - 2017-01-25 12:14:05
state : 1
log : 22721 / 2017-1-26
YA20151207130233 - 2017-01-25 12:14:06
state : 1
log : 22709 / 2017-1-26
YA20151207130233 - 2017-01-25 12:17:36
state : 1
log : 17753 / 2017-1-27
2017-01-25 12:18:12
key : YA20151207130233
state : 1
log : 35130 / 2017-02-18
2017-01-25 12:23:51
key : YA20151207130233
state : 1
log : 35129 / 2017-02-18
YA20151207130233 - 2017-01-25 12:25:19
state : 1
log : 17753 / 2017-1-27
2017-01-25 12:25:19
key : YA20151207130233
state : 1
log : 21730 / 2017-01-29
2017-01-25 12:30:17
key : YA20151207130233
state : 1
log : 35129 / 2017-02-18
YA20151207130233 - 2017-01-25 12:34:50
state : 1
log : 35129 / 2017-02-18
YA20151207130233 - 2017-01-25 12:35:46
state : 2
log : 5247 : 이미 막힌 객실 선택
YA20151207130233 - 2017-01-25 12:40:48
state : 2
log : 5164 : 이미 막힌 객실 선택
2017-01-25 12:45:06
key : YA20151207130233
state : 1
log : 20715 / 2017-1-28
2017-01-25 12:45:22
key : YA20151207130233
state : 1
log : 20715 / 2017-1-28
YA20151207130233 - 2017-01-25 12:51:53
state : 1
log : 22719 / 2017-02-05
YA20151207130233 - 2017-01-25 13:00:46
state : 1
log : 23520 / 2017-1-28
YA20161226114923 - 2017-01-25 13:00:49
state : 1
log : 44054 / 2017-01-29
YA20161226114923 - 2017-01-25 13:01:19
state : 1
log : 44086 / 2017-02-01
YA20151207130233 - 2017-01-25 13:03:42
state : 1
log : 14491 / 2017-2-15
YA20161226114923 - 2017-01-25 13:03:47
state : 1
log : 44054 / 2017-02-03
44054 / 2017-02-04
44054 / 2017-02-05
YA20151207130233 - 2017-01-25 13:08:32
state : 2
log : 6419 : 이미 막힌 객실 선택
YA20161116113212 - 2017-01-25 13:09:26
state : 1
log : 7469 / 2017-01-29
YA20151207130233 - 2017-01-25 13:11:43
state : 1
log : 21759 / 2017-1-25
YA20151207130233 - 2017-01-25 13:15:44
state : 1
log : 20705 / 2017-1-30
YA20151207130233 - 2017-01-25 13:16:50
state : 1
log : 29444 / 2017-01-30
YA20151207130233 - 2017-01-25 13:21:10
state : 1
log : 21814 / 2017-1-25
YA20151207130233 - 2017-01-25 13:21:22
state : 1
log : 21814 / 2017-1-25
YA20151207130233 - 2017-01-25 13:28:57
state : 1
log : 21724 / 2017-1-28
YA20151207130233 - 2017-01-25 13:34:01
state : 1
log : 21815 / 2017-2-8
YA20151207130233 - 2017-01-25 13:41:00
state : 1
log : 12540 / 2017-1-30
YA20151207130233 - 2017-01-25 13:41:03
state : 1
log : 12540 / 2017-1-31
YA20151207130233 - 2017-01-25 13:41:43
state : 1
log : 21816 / 2017-2-8
YA20161116113212 - 2017-01-25 13:45:14
state : 1
log : 21128 / 2017-02-02
YA20151207130233 - 2017-01-25 13:45:52
state : 1
log : 21746 / 2017-01-25
YA20151207130233 - 2017-01-25 13:46:52
state : 1
log : 21746 / 2017-1-25
YA20151207130233 - 2017-01-25 13:48:28
state : 1
log : 23520 / 2017-1-28
YA20151207130233 - 2017-01-25 13:48:43
state : 1
log : 23483 / 2017-1-28
YA20151207130233 - 2017-01-25 13:50:51
state : 1
log : 34061 / 2017-01-25
YA20151207130233 - 2017-01-25 13:54:05
state : 1
log : 18059 / 2017-01-31
YA20151207130233 - 2017-01-25 13:54:23
state : 3
log : 6304 : 등록된 객실 없습니다
YA20161116113212 - 2017-01-25 13:57:10
state : 1
log : 44086 / 2017-01-25
YA20151207130233 - 2017-01-25 14:17:54
state : 1
log : 19364 / 2017-1-25
YA20151207130233 - 2017-01-25 14:18:05
state : 1
log : 19364 / 2017-1-26
YA20151207130233 - 2017-01-25 14:24:02
state : 1
log : 14493 / 2017-1-26
YA20161116113212 - 2017-01-25 14:24:05
state : 1
log : 10177 / 2017-01-26
YA20161116113212 - 2017-01-25 14:26:22
state : 1
log : 21512 / 2017-01-27
YA20161116113212 - 2017-01-25 14:30:04
state : 1
log : 33174 / 2017-01-31
YA20151207130233 - 2017-01-25 14:35:14
state : 2
log : 4727 : 이미 막힌 객실 선택
YA20151207130233 - 2017-01-25 14:35:17
state : 1
log : 22136 / 2017-1-28
YA20151207130233 - 2017-01-25 14:35:17
state : 1
log : 22136 / 2017-1-27
YA20151207130233 - 2017-01-25 14:35:18
state : 2
log : 4727 : 이미 막힌 객실 선택
YA20151207130233 - 2017-01-25 14:35:19
state : 2
log : 4726 : 이미 막힌 객실 선택
YA20151207130233 - 2017-01-25 14:41:28
state : 1
log : 23584 / 2017-1-26
YA20161116113212 - 2017-01-25 14:57:18
state : 1
log : 21955 / 2017-01-30
YA20161116113212 - 2017-01-25 14:58:19
state : 1
log : 33174 / 2017-01-31
2017-01-25 15:00:25
key : YA20151207130233
state : 1
log : 20708 / 2017-1-27
YA20151207130233 - 2017-01-25 15:00:41
state : 1
log : 9728 / 2017-2-3
YA20151207130233 - 2017-01-25 15:08:47
state : 1
log : 21752 / 2017-1-30
YA20151207130233 - 2017-01-25 15:13:21
state : 1
log : 24435 / 2017-2-10
YA20151207130233 - 2017-01-25 15:13:22
state : 1
log : 24437 / 2017-2-10
YA20151207130233 - 2017-01-25 15:15:55
state : 1
log : 17755 / 2017-01-25
YA20151207130233 - 2017-01-25 15:15:58
state : 1
log : 17755 / 2017-01-26
YA20161116113212 - 2017-01-25 15:16:00
state : 1
log : 33168 / 2017-01-30
YA20161116113212 - 2017-01-25 15:18:24
state : 1
log : 20453 / 2017-02-18
YA20151207130233 - 2017-01-25 15:27:10
state : 1
log : 34061 / 2017-1-25
YA20161116113212 - 2017-01-25 15:27:31
state : 1
log : 34410 / 2017-03-18
YA20161116113212 - 2017-01-25 15:29:26
state : 1
log : 35730 / 2017-01-28
YA20151207130233 - 2017-01-25 15:36:11
state : 1
log : 3695 / 2017-01-26
YA20151207130233 - 2017-01-25 15:38:15
state : 2
log : 5246 : 이미 막힌 객실 선택
YA20151207130233 - 2017-01-25 15:40:25
state : 1
log : 3703 / 2017-2-10
YA20151207130233 - 2017-01-25 15:40:26
state : 1
log : 3703 / 2017-2-10
YA20151207130233 - 2017-01-25 15:42:22
state : 2
log : 5247 : 이미 막힌 객실 선택
YA20151207130233 - 2017-01-25 15:42:24
state : 1
log : 3695 / 2017-1-26
YA20161116113212 - 2017-01-25 15:45:49
state : 1
log : 24646 / 2017-02-04
YA20151207130233 - 2017-01-25 15:46:31
state : 1
log : 29447 / 2017-1-25
YA20161116113212 - 2017-01-25 15:51:49
state : 1
log : 35731 / 2017-01-25
YA20151207130233 - 2017-01-25 16:05:11
state : 1
log : 29443 / 2017-01-27
YA20151207130233 - 2017-01-25 16:08:45
state : 1
log : 18060 / 2017-1-25
YA20161116113212 - 2017-01-25 16:11:11
state : 1
log : 21134 / 2017-02-03
YA20151207130233 - 2017-01-25 16:19:51
state : 1
log : 43982 / 2017-1-29
YA20151207130233 - 2017-01-25 16:19:51
state : 1
log : 43766 / 2017-02-21
2017-01-25 16:22:24
key : YA20151207130233
state : 1
log : 43766 / 2017-2-21
YA20151207130233 - 2017-01-25 16:22:58
state : 1
log : 24384 / 2017-01-30
YA20151207130233 - 2017-01-25 16:23:09
state : 1
log : 43736 / 2017-02-21
YA20151207130233 - 2017-01-25 16:23:11
state : 1
log : 43766 / 2017-02-21
2017-01-25 16:24:38
key : YA20151207130233
state : 1
log : 43736 / 2017-2-21
2017-01-25 16:24:39
key : YA20151207130233
state : 1
log : 43766 / 2017-2-21
YA20161116113212 - 2017-01-25 16:26:09
state : 1
log : 15308 / 2017-01-25
YA20151207130233 - 2017-01-25 16:33:10
state : 1
log : 43982 / 2017-1-29
YA20151207130233 - 2017-01-25 16:33:12
state : 1
log : 43982 / 2017-1-28
YA20151207130233 - 2017-01-25 16:33:12
state : 1
log : 43982 / 2017-1-28
YA20151207130233 - 2017-01-25 16:33:14
state : 1
log : 43982 / 2017-1-29
YA20151207130233 - 2017-01-25 16:39:23
state : 1
log : 21747 / 2017-1-25
YA20151207130233 - 2017-01-25 16:41:00
state : 1
log : 35127 / 2017-2-11
YA20151207130233 - 2017-01-25 16:53:35
state : 1
log : 20713 / 2017-1-27
YA20151207130233 - 2017-01-25 16:53:39
state : 1
log : 20713 / 2017-1-27
YA20151207130233 - 2017-01-25 16:53:41
state : 1
log : 20713 / 2017-1-28
YA20151207130233 - 2017-01-25 16:53:46
state : 1
log : 20713 / 2017-1-28
YA20151207130233 - 2017-01-25 16:55:36
state : 1
log : 23480 / 2017-01-30
YA20151207130233 - 2017-01-25 17:02:47
state : 1
log : 21750 / 2017-1-25
YA20151207130233 - 2017-01-25 17:04:06
state : 1
log : 20715 / 2017-1-29
YA20161116113212 - 2017-01-25 17:04:51
state : 1
log : 30647 / 2017-01-30
2017-01-25 17:05:03
key : YA20151207130233
state : 1
log : 20715 / 2017-1-29
2017-01-25 17:08:16
key : YA20151207130233
state : 1
log : 17745 / 2017-01-26
YA20151207130233 - 2017-01-25 17:09:02
state : 1
log : 15308 / 2017-1-25
YA20151207130233 - 2017-01-25 17:09:21
state : 1
log : 20715 / 2017-1-29
YA20151207130233 - 2017-01-25 17:10:54
state : 3
log :  : 등록된 객실 없습니다
2017-01-25 17:13:22
key : YA20151207130233
state : 1
log : 17745 / 2017-01-26
YA20151207130233 - 2017-01-25 17:14:30
state : 1
log : 21748 / 2017-1-25
2017-01-25 17:14:36
key : YA20151207130233
state : 1
log : 21745 / 2017-1-25
2017-01-25 17:19:18
key : YA20151207130233
state : 1
log : 43982 / 2017-1-29
YA20151207130233 - 2017-01-25 17:22:48
state : 1
log : 17745 / 2017-1-26
YA20161116113212 - 2017-01-25 17:24:12
state : 1
log : 36956 / 2017-01-29
YA20151207130233 - 2017-01-25 17:28:53
state : 1
log : 35127 / 2017-1-28
YA20151207130233 - 2017-01-25 17:29:11
state : 1
log : 35127 / 2017-1-29
YA20151207130233 - 2017-01-25 17:34:51
state : 1
log : 34060 / 2017-1-25
YA20151207130233 - 2017-01-25 17:37:30
state : 1
log : 21581 / 2017-1-25
YA20151207130233 - 2017-01-25 17:42:02
state : 1
log : 24464 / 2017-1-28
YA20151207130233 - 2017-01-25 17:46:29
state : 1
log : 20710 / 2017-1-27
YA20151207130233 - 2017-01-25 17:47:08
state : 1
log : 35127 / 2017-2-11
YA20161116113212 - 2017-01-25 17:48:16
state : 1
log : 34958 / 2017-01-27
YA20151207130233 - 2017-01-25 17:51:26
state : 1
log : 14497 / 2017-01-29
YA20161116113212 - 2017-01-25 17:51:32
state : 1
log : 45160 / 2017-01-25
YA20151207130233 - 2017-01-25 17:53:08
state : 1
log : 23319 / 2017-1-29
YA20151207130233 - 2017-01-25 17:59:38
state : 1
log : 19893 / 2017-01-25
YA20151207130233 - 2017-01-25 18:00:46
state : 1
log : 25128 / 2017-1-25
YA20151207130233 - 2017-01-25 18:02:09
state : 1
log : 47721 / 2017-01-29
YA20151207130233 - 2017-01-25 18:03:01
state : 1
log : 47721 / 2017-1-29
YA20151207130233 - 2017-01-25 18:03:38
state : 1
log : 35131 / 2017-2-18
YA20151207130233 - 2017-01-25 18:27:49
state : 1
log : 35132 / 2017-01-26
2017-01-25 18:43:10
key : YA20151207130233
state : 1
log : 23480 / 2017-1-30
YA20151207130233 - 2017-01-25 18:47:27
state : 2
log : 5937 : 이미 막힌 객실 선택
YA20151207130233 - 2017-01-25 18:55:38
state : 1
log : 21745 / 2017-1-25
YA20151207130233 - 2017-01-25 19:09:27
state : 1
log : 23582 / 2017-1-25
YA20151207130233 - 2017-01-25 19:16:46
state : 1
log : 21814 / 2017-01-27
YA20151207130233 - 2017-01-25 19:27:41
state : 2
log : 1761 : 이미 막힌 객실 선택
YA20151207130233 - 2017-01-25 19:38:13
state : 3
log : 6299 : 등록된 객실 없습니다
YA20151207130233 - 2017-01-25 19:38:20
state : 1
log : 20703 / 2017-1-25
YA20151207130233 - 2017-01-25 19:38:21
state : 1
log : 20707 / 2017-1-25
YA20151207130233 - 2017-01-25 19:38:22
state : 1
log : 20715 / 2017-1-25
YA20151207130233 - 2017-01-25 19:38:23
state : 1
log : 20706 / 2017-1-25
YA20151207130233 - 2017-01-25 19:38:24
state : 1
log : 20709 / 2017-1-25
YA20151207130233 - 2017-01-25 19:49:56
state : 1
log : 24384 / 2017-02-11
YA20151207130233 - 2017-01-25 19:58:48
state : 1
log : 19886 / 2017-01-26
YA20151207130233 - 2017-01-25 19:59:01
state : 1
log : 9726 / 2017-01-31
YA20151207130233 - 2017-01-25 20:12:05
state : 1
log : 24384 / 2017-2-11
YA20161116113212 - 2017-01-25 20:12:37
state : 1
log : 16743 / 2017-01-29
YA20151207130233 - 2017-01-25 20:20:38
state : 2
log : 4598 : 이미 막힌 객실 선택
YA20151207130233 - 2017-01-25 20:20:51
state : 1
log : 24779 / 2017-1-25
YA20161116113212 - 2017-01-25 20:34:58
state : 1
log : 25789 / 2017-02-06
25789 / 2017-02-07
YA20151207130233 - 2017-01-25 20:37:25
state : 2
log : 4684 : 이미 막힌 객실 선택
YA20151207130233 - 2017-01-25 20:50:38
state : 1
log : 34060 / 2017-2-3
YA20161116113212 - 2017-01-25 20:50:55
state : 1
log : 22413 / 2017-02-03
YA20161116113212 - 2017-01-25 21:06:41
state : 1
log : 24743 / 2017-02-04
YA20161116113212 - 2017-01-25 21:11:10
state : 1
log : 21805 / 2017-01-29
YA20151207130233 - 2017-01-25 21:22:28
state : 1
log : 21822 / 2017-02-04
YA20151207130233 - 2017-01-25 21:23:52
state : 1
log : 20709 / 2017-1-29
YA20161116113212 - 2017-01-25 21:33:48
state : 1
log : 21406 / 2017-02-10
YA20151207130233 - 2017-01-25 21:34:22
state : 1
log : 21580 / 2017-02-24
YA20151207130233 - 2017-01-25 21:35:12
state : 1
log : 14498 / 2017-01-29
YA20161116113212 - 2017-01-25 21:40:08
state : 1
log : 8379 / 2017-01-30
YA20151207130233 - 2017-01-25 21:46:22
state : 1
log : 21814 / 2017-1-25
YA20151207130233 - 2017-01-25 21:55:21
state : 1
log : 21754 / 2017-01-26
YA20161116113212 - 2017-01-25 21:57:29
state : 1
log : 23051 / 2017-02-04
YA20161116113212 - 2017-01-25 22:08:27
state : 1
log : 22168 / 2017-01-28
YA20151207130233 - 2017-01-25 22:08:53
state : 1
log : 20708 / 2017-01-27
YA20161116113212 - 2017-01-25 22:11:24
state : 1
log : 34681 / 2017-01-29
YA20151207130233 - 2017-01-25 22:12:27
state : 1
log : 20710 / 2017-01-28
YA20151207130233 - 2017-01-25 22:15:52
state : 1
log : 46324 / 2017-2-10
YA20151207130233 - 2017-01-25 22:15:53
state : 1
log : 46326 / 2017-2-10
2017-01-25 22:17:49
key : YA20151207130233
state : 1
log : 21760 / 2017-1-26
YA20151207130233 - 2017-01-25 22:23:46
state : 3
log : 6297 : 등록된 객실 없습니다
YA20161116113212 - 2017-01-25 22:25:02
state : 1
log : 12243 / 2017-01-30
YA20151207130233 - 2017-01-25 22:44:38
state : 1
log : 24768 / 2017-01-27
YA20151207130233 - 2017-01-25 22:44:39
state : 2
log : 4603 : 이미 막힌 객실 선택
YA20151207130233 - 2017-01-25 22:45:39
state : 1
log : 14497 / 2017-01-27
YA20151207130233 - 2017-01-25 22:56:44
state : 1
log : 43741 / 2017-02-04
YA20151207130233 - 2017-01-25 22:58:05
state : 1
log : 43741 / 2017-2-4
YA20151207130233 - 2017-01-25 23:03:18
state : 1
log : 43741 / 2017-2-4
YA20161116113212 - 2017-01-25 23:19:43
state : 1
log : 2526 / 2017-01-25
YA20161116113212 - 2017-01-25 23:29:58
state : 1
log : 14440 / 2017-01-26
YA20161116113212 - 2017-01-25 23:30:52
state : 1
log : 19697 / 2017-01-29
YA20161116113212 - 2017-01-25 23:38:08
state : 1
log : 22912 / 2017-02-04
YA20161116113212 - 2017-01-25 23:44:11
state : 1
log : 21186 / 2017-02-04
YA20151207130233 - 2017-01-25 23:46:08
state : 2
log : 5244 : 이미 막힌 객실 선택
YA20151207130233 - 2017-01-25 23:46:48
state : 1
log : 21724 / 2017-01-27
YA20161116113212 - 2017-01-25 23:48:20
state : 1
log : 33976 / 2017-01-26
YA20161116113212 - 2017-01-25 23:51:41
state : 1
log : 16262 / 2017-02-01
YA20151207130233 - 2017-01-25 23:56:08
state : 1
log : 14497 / 2017-01-28
YA20161116113212 - 2017-01-25 23:57:29
state : 1
log : 22348 / 2017-02-02
