YA20151207130233 - 2017-01-26 00:12:29
state : 1
log : 21754 / 2017-02-08
2017-01-26 00:22:02
key : YA20151207130233
state : 1
log : 22868 / 2017-01-28
YA20161116113212 - 2017-01-26 00:33:56
state : 1
log : 21184 / 2017-02-03
2017-01-26 01:34:58
key : YA20151207130233
state : 1
log : 29442 / 2017-01-30
YA20151207130233 - 2017-01-26 01:43:05
state : 1
log : 20708 / 2017-01-26
YA20161116113212 - 2017-01-26 01:56:41
state : 1
log : 19569 / 2017-01-29
YA20161116113212 - 2017-01-26 02:19:40
state : 1
log : 17318 / 2017-02-09
YA20161116113212 - 2017-01-26 02:30:33
state : 1
log : 4926 / 2017-01-28
2017-01-26 02:43:49
key : YA20151207130233
state : 1
log : 20709 / 2017-1-26
YA20151207130233 - 2017-01-26 02:46:11
state : 1
log : 20708 / 2017-2-5
YA20151207130233 - 2017-01-26 02:46:12
state : 1
log : 20709 / 2017-2-5
YA20151207130233 - 2017-01-26 02:46:13
state : 1
log : 20712 / 2017-2-5
YA20151207130233 - 2017-01-26 02:46:15
state : 1
log : 20713 / 2017-2-5
YA20151207130233 - 2017-01-26 02:46:16
state : 1
log : 20711 / 2017-2-6
YA20151207130233 - 2017-01-26 02:46:17
state : 1
log : 20713 / 2017-2-6
YA20151207130233 - 2017-01-26 02:46:18
state : 1
log : 20704 / 2017-2-7
YA20151207130233 - 2017-01-26 02:46:20
state : 1
log : 20715 / 2017-2-7
YA20151207130233 - 2017-01-26 02:46:21
state : 1
log : 20709 / 2017-2-7
YA20151207130233 - 2017-01-26 02:46:22
state : 1
log : 20710 / 2017-2-7
YA20151207130233 - 2017-01-26 02:46:24
state : 1
log : 20713 / 2017-2-7
YA20151207130233 - 2017-01-26 02:46:25
state : 1
log : 20714 / 2017-2-7
YA20151207130233 - 2017-01-26 02:46:26
state : 1
log : 20711 / 2017-2-8
YA20151207130233 - 2017-01-26 02:46:27
state : 1
log : 20712 / 2017-2-8
YA20151207130233 - 2017-01-26 02:46:28
state : 1
log : 20712 / 2017-2-9
YA20151207130233 - 2017-01-26 02:46:30
state : 1
log : 20710 / 2017-2-10
YA20151207130233 - 2017-01-26 02:46:31
state : 1
log : 20711 / 2017-2-10
YA20151207130233 - 2017-01-26 02:46:32
state : 1
log : 20712 / 2017-2-10
YA20151207130233 - 2017-01-26 02:46:34
state : 1
log : 20709 / 2017-2-12
YA20151207130233 - 2017-01-26 02:46:35
state : 1
log : 20711 / 2017-2-12
YA20151207130233 - 2017-01-26 02:46:36
state : 1
log : 20713 / 2017-2-12
YA20151207130233 - 2017-01-26 02:46:37
state : 1
log : 20707 / 2017-2-13
YA20151207130233 - 2017-01-26 02:46:39
state : 1
log : 20709 / 2017-2-13
YA20151207130233 - 2017-01-26 02:46:40
state : 1
log : 20712 / 2017-2-13
YA20151207130233 - 2017-01-26 02:46:41
state : 1
log : 20709 / 2017-2-14
YA20151207130233 - 2017-01-26 02:46:42
state : 1
log : 20713 / 2017-2-14
YA20151207130233 - 2017-01-26 02:46:44
state : 1
log : 20710 / 2017-2-15
YA20151207130233 - 2017-01-26 02:46:45
state : 1
log : 20709 / 2017-2-16
YA20151207130233 - 2017-01-26 02:46:47
state : 1
log : 20712 / 2017-2-16
YA20151207130233 - 2017-01-26 02:46:48
state : 1
log : 20715 / 2017-2-17
YA20151207130233 - 2017-01-26 02:46:50
state : 1
log : 20708 / 2017-2-17
YA20151207130233 - 2017-01-26 02:46:51
state : 1
log : 20710 / 2017-2-19
YA20151207130233 - 2017-01-26 02:46:52
state : 1
log : 20709 / 2017-2-20
YA20151207130233 - 2017-01-26 02:46:53
state : 1
log : 20711 / 2017-2-20
YA20151207130233 - 2017-01-26 02:46:54
state : 1
log : 20708 / 2017-2-21
YA20151207130233 - 2017-01-26 02:46:57
state : 1
log : 20711 / 2017-2-21
YA20151207130233 - 2017-01-26 02:46:58
state : 1
log : 20709 / 2017-2-23
YA20151207130233 - 2017-01-26 02:46:59
state : 1
log : 20710 / 2017-2-23
YA20151207130233 - 2017-01-26 02:47:00
state : 1
log : 20713 / 2017-2-25
YA20151207130233 - 2017-01-26 02:47:02
state : 1
log : 20709 / 2017-2-26
YA20151207130233 - 2017-01-26 02:47:03
state : 1
log : 20710 / 2017-2-26
YA20151207130233 - 2017-01-26 02:47:04
state : 1
log : 20711 / 2017-2-26
YA20151207130233 - 2017-01-26 02:47:05
state : 1
log : 20712 / 2017-2-26
YA20151207130233 - 2017-01-26 02:47:07
state : 1
log : 20706 / 2017-2-27
YA20151207130233 - 2017-01-26 02:47:08
state : 1
log : 20710 / 2017-2-27
YA20151207130233 - 2017-01-26 02:47:09
state : 1
log : 20710 / 2017-2-28
YA20151207130233 - 2017-01-26 02:59:02
state : 1
log : 20710 / 2017-2-22
YA20151207130233 - 2017-01-26 02:59:03
state : 1
log : 20711 / 2017-2-22
YA20151207130233 - 2017-01-26 02:59:04
state : 1
log : 20712 / 2017-2-22
YA20151207130233 - 2017-01-26 02:59:05
state : 1
log : 20713 / 2017-2-22
YA20151207130233 - 2017-01-26 02:59:07
state : 1
log : 20714 / 2017-2-23
YA20151207130233 - 2017-01-26 02:59:09
state : 1
log : 20709 / 2017-2-24
YA20151207130233 - 2017-01-26 02:59:10
state : 1
log : 20710 / 2017-2-24
YA20151207130233 - 2017-01-26 02:59:11
state : 1
log : 20711 / 2017-2-24
YA20151207130233 - 2017-01-26 02:59:13
state : 1
log : 20712 / 2017-2-24
YA20161116113212 - 2017-01-26 03:10:00
state : 1
log : 13508 / 2017-02-02
13508 / 2017-02-03
YA20151207130233 - 2017-01-26 03:30:44
state : 1
log : 22870 / 2017-01-27
YA20161116113212 - 2017-01-26 06:12:03
state : 1
log : 23048 / 2017-01-26
YA20151207130233 - 2017-01-26 07:04:09
state : 1
log : 22722 / 2017-1-26
YA20151207130233 - 2017-01-26 07:04:11
state : 1
log : 22722 / 2017-1-27
2017-01-26 07:04:35
key : YA20151207130233
state : 1
log : 22721 / 2017-1-26
YA20151207130233 - 2017-01-26 07:31:20
state : 3
log : 6303 : 등록된 객실 없습니다
YA20151207130233 - 2017-01-26 07:31:21
state : 3
log : 6303 : 등록된 객실 없습니다
YA20151207130233 - 2017-01-26 07:31:23
state : 3
log : 6303 : 등록된 객실 없습니다
YA20151207130233 - 2017-01-26 07:31:24
state : 3
log : 6303 : 등록된 객실 없습니다
YA20151207130233 - 2017-01-26 07:31:25
state : 3
log : 6303 : 등록된 객실 없습니다
YA20151207130233 - 2017-01-26 07:31:26
state : 1
log : 20710 / 2017-2-22
YA20151207130233 - 2017-01-26 07:31:27
state : 1
log : 20711 / 2017-2-22
YA20151207130233 - 2017-01-26 07:31:29
state : 1
log : 20712 / 2017-2-22
YA20151207130233 - 2017-01-26 07:31:30
state : 1
log : 20713 / 2017-2-22
YA20151207130233 - 2017-01-26 07:31:31
state : 3
log : 6303 : 등록된 객실 없습니다
YA20151207130233 - 2017-01-26 07:31:32
state : 1
log : 20714 / 2017-2-23
YA20151207130233 - 2017-01-26 07:31:33
state : 1
log : 20709 / 2017-2-24
YA20151207130233 - 2017-01-26 07:31:35
state : 1
log : 20710 / 2017-2-24
YA20151207130233 - 2017-01-26 07:31:36
state : 1
log : 20711 / 2017-2-24
YA20151207130233 - 2017-01-26 07:31:37
state : 1
log : 20712 / 2017-2-24
YA20151207130233 - 2017-01-26 07:31:38
state : 3
log : 6303 : 등록된 객실 없습니다
2017-01-26 07:57:27
key : YA20151207130233
state : 1
log : 12532 / 2017-1-27
YA20161116113212 - 2017-01-26 08:02:43
state : 1
log : 25130 / 2017-01-28
YA20151207130233 - 2017-01-26 08:24:53
state : 1
log : 21766 / 2017-1-26
YA20151207130233 - 2017-01-26 08:24:54
state : 1
log : 21769 / 2017-1-26
YA20151207130233 - 2017-01-26 08:24:55
state : 1
log : 21771 / 2017-1-26
YA20151207130233 - 2017-01-26 08:42:37
state : 1
log : 17754 / 2017-01-28
YA20151207130233 - 2017-01-26 08:42:43
state : 1
log : 17754 / 2017-01-29
YA20151207130233 - 2017-01-26 09:11:55
state : 2
log : 6435 : 이미 막힌 객실 선택
YA20151207130233 - 2017-01-26 09:11:56
state : 2
log : 6435 : 이미 막힌 객실 선택
YA20151207130233 - 2017-01-26 09:13:06
state : 1
log : 35134 / 2017-02-06
YA20151207130233 - 2017-01-26 09:15:52
state : 1
log : 39857 / 2017-2-13
YA20151207130233 - 2017-01-26 09:15:53
state : 1
log : 43736 / 2017-2-2
YA20151207130233 - 2017-01-26 09:15:54
state : 1
log : 39857 / 2017-2-12
YA20151207130233 - 2017-01-26 09:15:54
state : 1
log : 39857 / 2017-2-12
YA20151207130233 - 2017-01-26 09:15:54
state : 1
log : 43737 / 2017-2-2
YA20151207130233 - 2017-01-26 09:15:55
state : 1
log : 39857 / 2017-2-13
YA20151207130233 - 2017-01-26 09:15:55
state : 2
log : 6389 : 이미 막힌 객실 선택
YA20151207130233 - 2017-01-26 09:15:56
state : 1
log : 43766 / 2017-2-2
YA20151207130233 - 2017-01-26 09:16:02
state : 1
log : 43771 / 2017-2-2
YA20151207130233 - 2017-01-26 09:16:03
state : 1
log : 43769 / 2017-2-2
YA20151207130233 - 2017-01-26 09:16:03
state : 1
log : 43772 / 2017-2-2
YA20151207130233 - 2017-01-26 09:16:06
state : 1
log : 43773 / 2017-2-2
YA20151207130233 - 2017-01-26 09:16:07
state : 1
log : 43736 / 2017-2-2
YA20151207130233 - 2017-01-26 09:16:09
state : 1
log : 43737 / 2017-2-2
YA20151207130233 - 2017-01-26 09:16:10
state : 2
log : 6389 : 이미 막힌 객실 선택
YA20151207130233 - 2017-01-26 09:16:11
state : 1
log : 43766 / 2017-2-2
YA20151207130233 - 2017-01-26 09:16:12
state : 1
log : 43769 / 2017-2-2
YA20151207130233 - 2017-01-26 09:16:13
state : 1
log : 43771 / 2017-2-2
YA20151207130233 - 2017-01-26 09:16:15
state : 1
log : 43772 / 2017-2-2
YA20151207130233 - 2017-01-26 09:16:16
state : 1
log : 43773 / 2017-2-2
YA20151207130233 - 2017-01-26 09:16:19
state : 1
log : 43736 / 2017-2-2
YA20151207130233 - 2017-01-26 09:16:20
state : 1
log : 43737 / 2017-2-2
YA20151207130233 - 2017-01-26 09:16:21
state : 2
log : 6389 : 이미 막힌 객실 선택
YA20151207130233 - 2017-01-26 09:16:22
state : 1
log : 43766 / 2017-2-2
YA20151207130233 - 2017-01-26 09:16:24
state : 1
log : 43769 / 2017-2-2
YA20151207130233 - 2017-01-26 09:16:26
state : 1
log : 43771 / 2017-2-2
YA20151207130233 - 2017-01-26 09:16:26
state : 1
log : 39857 / 2017-2-14
YA20151207130233 - 2017-01-26 09:16:28
state : 1
log : 39857 / 2017-2-15
YA20151207130233 - 2017-01-26 09:16:28
state : 1
log : 43772 / 2017-2-2
YA20151207130233 - 2017-01-26 09:16:29
state : 1
log : 39857 / 2017-2-16
YA20151207130233 - 2017-01-26 09:16:29
state : 1
log : 43773 / 2017-2-2
YA20151207130233 - 2017-01-26 09:16:30
state : 1
log : 39857 / 2017-2-18
YA20151207130233 - 2017-01-26 09:16:31
state : 1
log : 43736 / 2017-2-2
YA20151207130233 - 2017-01-26 09:16:32
state : 1
log : 43737 / 2017-2-2
YA20151207130233 - 2017-01-26 09:16:33
state : 2
log : 6389 : 이미 막힌 객실 선택
YA20151207130233 - 2017-01-26 09:16:36
state : 1
log : 43766 / 2017-2-2
YA20151207130233 - 2017-01-26 09:16:37
state : 1
log : 43769 / 2017-2-2
YA20151207130233 - 2017-01-26 09:16:38
state : 1
log : 43771 / 2017-2-2
YA20151207130233 - 2017-01-26 09:16:39
state : 1
log : 43772 / 2017-2-2
YA20151207130233 - 2017-01-26 09:16:41
state : 1
log : 43773 / 2017-2-2
YA20151207130233 - 2017-01-26 09:16:43
state : 1
log : 43736 / 2017-2-2
YA20151207130233 - 2017-01-26 09:16:47
state : 1
log : 43737 / 2017-2-2
YA20151207130233 - 2017-01-26 09:16:48
state : 2
log : 6389 : 이미 막힌 객실 선택
YA20151207130233 - 2017-01-26 09:16:49
state : 1
log : 43766 / 2017-2-2
YA20151207130233 - 2017-01-26 09:16:50
state : 1
log : 43769 / 2017-2-2
YA20151207130233 - 2017-01-26 09:16:52
state : 1
log : 43771 / 2017-2-2
YA20151207130233 - 2017-01-26 09:16:54
state : 1
log : 43772 / 2017-2-2
YA20151207130233 - 2017-01-26 09:16:55
state : 1
log : 43773 / 2017-2-2
YA20151207130233 - 2017-01-26 09:16:57
state : 1
log : 43736 / 2017-2-2
YA20151207130233 - 2017-01-26 09:16:58
state : 1
log : 43737 / 2017-2-2
YA20151207130233 - 2017-01-26 09:16:59
state : 2
log : 6389 : 이미 막힌 객실 선택
YA20151207130233 - 2017-01-26 09:17:00
state : 1
log : 43766 / 2017-2-2
YA20151207130233 - 2017-01-26 09:17:02
state : 1
log : 43769 / 2017-2-2
YA20151207130233 - 2017-01-26 09:17:03
state : 1
log : 43771 / 2017-2-2
YA20151207130233 - 2017-01-26 09:17:06
state : 1
log : 43772 / 2017-2-2
YA20151207130233 - 2017-01-26 09:17:07
state : 1
log : 43773 / 2017-2-2
YA20151207130233 - 2017-01-26 09:17:08
state : 1
log : 43736 / 2017-2-2
YA20151207130233 - 2017-01-26 09:17:10
state : 1
log : 43737 / 2017-2-2
YA20151207130233 - 2017-01-26 09:17:11
state : 2
log : 6389 : 이미 막힌 객실 선택
YA20151207130233 - 2017-01-26 09:17:12
state : 1
log : 43766 / 2017-2-2
YA20151207130233 - 2017-01-26 09:17:13
state : 1
log : 43769 / 2017-2-2
YA20151207130233 - 2017-01-26 09:17:15
state : 1
log : 43771 / 2017-2-2
YA20151207130233 - 2017-01-26 09:17:16
state : 1
log : 43772 / 2017-2-2
YA20151207130233 - 2017-01-26 09:17:18
state : 1
log : 43773 / 2017-2-2
YA20151207130233 - 2017-01-26 09:17:19
state : 1
log : 43736 / 2017-2-2
YA20151207130233 - 2017-01-26 09:17:22
state : 1
log : 43737 / 2017-2-2
YA20151207130233 - 2017-01-26 09:17:23
state : 2
log : 6389 : 이미 막힌 객실 선택
YA20151207130233 - 2017-01-26 09:17:24
state : 1
log : 43766 / 2017-2-2
YA20151207130233 - 2017-01-26 09:17:25
state : 1
log : 43769 / 2017-2-2
YA20151207130233 - 2017-01-26 09:17:27
state : 1
log : 43771 / 2017-2-2
YA20151207130233 - 2017-01-26 09:17:28
state : 1
log : 43772 / 2017-2-2
YA20151207130233 - 2017-01-26 09:17:29
state : 1
log : 43773 / 2017-2-2
YA20151207130233 - 2017-01-26 09:32:07
state : 1
log : 39858 / 2017-2-2
YA20151207130233 - 2017-01-26 09:36:16
state : 1
log : 39857 / 2017-2-17
YA20151207130233 - 2017-01-26 09:40:40
state : 1
log : 18091 / 2017-1-28
YA20161116113212 - 2017-01-26 09:43:32
state : 1
log : 14674 / 2017-01-26
YA20161116113212 - 2017-01-26 09:46:51
state : 1
log : 26497 / 2017-01-30
YA20151207130233 - 2017-01-26 09:47:28
state : 2
log : 5246 : 이미 막힌 객실 선택
YA20151207130233 - 2017-01-26 09:48:34
state : 2
log : 5244 : 이미 막힌 객실 선택
YA20151207130233 - 2017-01-26 09:49:03
state : 1
log : 3702 / 2017-2-11
YA20151207130233 - 2017-01-26 09:49:21
state : 2
log : 5247 : 이미 막힌 객실 선택
YA20151207130233 - 2017-01-26 09:49:23
state : 1
log : 3702 / 2017-2-4
YA20151207130233 - 2017-01-26 09:49:24
state : 2
log : 5243 : 이미 막힌 객실 선택
YA20151207130233 - 2017-01-26 09:49:25
state : 2
log : 5247 : 이미 막힌 객실 선택
YA20151207130233 - 2017-01-26 09:49:27
state : 1
log : 3702 / 2017-2-4
YA20151207130233 - 2017-01-26 09:49:29
state : 2
log : 5243 : 이미 막힌 객실 선택
YA20151207130233 - 2017-01-26 09:49:30
state : 2
log : 5247 : 이미 막힌 객실 선택
YA20151207130233 - 2017-01-26 09:49:31
state : 1
log : 3702 / 2017-2-4
YA20151207130233 - 2017-01-26 09:49:32
state : 2
log : 5243 : 이미 막힌 객실 선택
YA20151207130233 - 2017-01-26 09:53:45
state : 2
log : 4187 : 이미 막힌 객실 선택
YA20151207130233 - 2017-01-26 09:53:46
state : 2
log : 4187 : 이미 막힌 객실 선택
YA20151207130233 - 2017-01-26 09:55:08
state : 1
log : 16499 / 2017-01-29
YA20151207130233 - 2017-01-26 09:55:13
state : 1
log : 25130 / 2017-1-28
YA20151207130233 - 2017-01-26 09:58:11
state : 3
log : 6298 : 등록된 객실 없습니다
YA20151207130233 - 2017-01-26 09:58:12
state : 3
log : 6298 : 등록된 객실 없습니다
YA20161116113212 - 2017-01-26 10:03:17
state : 1
log : 22150 / 2017-01-27
YA20151207130233 - 2017-01-26 10:05:58
state : 1
log : 30575 / 2017-2-24
2017-01-26 10:07:45
key : YA20151207130233
state : 1
log : 13037 / 2017-2-3
2017-01-26 10:07:53
key : YA20151207130233
state : 1
log : 13037 / 2017-2-10
YA20151207130233 - 2017-01-26 10:09:44
state : 7
log : 5261 : 해당 객실 예약 존재
2017-01-26 10:15:30
key : YA20151207130233
state : 1
log : 21757 / 2017-1-26
YA20151207130233 - 2017-01-26 10:15:43
state : 1
log : 1578 / 2017-1-26
YA20151207130233 - 2017-01-26 10:15:45
state : 3
log : 2211 : 등록된 객실 없습니다
2017-01-26 10:16:01
key : YA20151207130233
state : 1
log : 1578 / 2017-1-26
YA20151207130233 - 2017-01-26 10:16:02
state : 3
log : 2211 : 등록된 객실 없습니다
2017-01-26 10:18:47
key : YA20151207130233
state : 1
log : 20711 / 2017-1-30
2017-01-26 10:18:54
key : YA20151207130233
state : 1
log : 20712 / 2017-1-30
YA20151207130233 - 2017-01-26 10:27:17
state : 1
log : 43772 / 2017-02-13
YA20151207130233 - 2017-01-26 10:27:18
state : 1
log : 43772 / 2017-02-14
YA20151207130233 - 2017-01-26 10:49:28
state : 2
log : 4899 : 이미 막힌 객실 선택
2017-01-26 10:49:51
key : YA20151207130233
state : 1
log : 10538 / 2017-2-18
2017-01-26 10:49:53
key : YA20151207130233
state : 1
log : 10538 / 2017-2-18
YA20151207130233 - 2017-01-26 10:50:08
state : 1
log : 10538 / 2017-2-25
YA20151207130233 - 2017-01-26 10:50:10
state : 1
log : 10538 / 2017-2-25
YA20151207130233 - 2017-01-26 11:01:29
state : 1
log : 43773 / 2017-02-05
YA20151207130233 - 2017-01-26 11:05:04
state : 1
log : 43772 / 2017-2-14
YA20151207130233 - 2017-01-26 11:05:06
state : 1
log : 43772 / 2017-2-13
YA20151207130233 - 2017-01-26 11:05:14
state : 1
log : 43741 / 2017-2-4
YA20151207130233 - 2017-01-26 11:05:51
state : 3
log : 6064 : 등록된 객실 없습니다
YA20151207130233 - 2017-01-26 11:07:56
state : 1
log : 9726 / 2017-1-30
YA20151207130233 - 2017-01-26 11:25:33
state : 1
log : 20715 / 2017-01-28
YA20151207130233 - 2017-01-26 11:34:39
state : 2
log : 4685 : 이미 막힌 객실 선택
YA20151207130233 - 2017-01-26 11:34:40
state : 2
log : 4682 : 이미 막힌 객실 선택
YA20161116113212 - 2017-01-26 11:35:50
state : 1
log : 13178 / 2017-01-26
2017-01-26 11:37:05
key : YA20151207130233
state : 1
log : 21787 / 2017-01-27
YA20151207130233 - 2017-01-26 11:39:44
state : 1
log : 39859 / 2017-2-1
YA20151207130233 - 2017-01-26 11:43:43
state : 1
log : 25128 / 2017-01-27
YA20151207130233 - 2017-01-26 11:50:17
state : 1
log : 21787 / 2017-1-27
YA20151207130233 - 2017-01-26 11:50:19
state : 1
log : 21787 / 2017-1-27
YA20151207130233 - 2017-01-26 11:52:51
state : 1
log : 16642 / 2017-1-29
YA20151207130233 - 2017-01-26 11:53:33
state : 1
log : 21786 / 2017-1-27
YA20151207130233 - 2017-01-26 11:53:35
state : 1
log : 21786 / 2017-1-28
YA20151207130233 - 2017-01-26 12:09:52
state : 1
log : 29442 / 2017-1-26
YA20151207130233 - 2017-01-26 12:12:05
state : 2
log : 6403 : 이미 막힌 객실 선택
YA20151207130233 - 2017-01-26 12:14:54
state : 1
log : 8279 / 2017-2-10
YA20151207130233 - 2017-01-26 12:34:43
state : 1
log : 3701 / 2017-01-26
YA20161116113212 - 2017-01-26 12:54:30
state : 1
log : 40878 / 2017-01-29
YA20151207130233 - 2017-01-26 12:56:58
state : 1
log : 9725 / 2017-01-30
YA20151207130233 - 2017-01-26 13:01:29
state : 1
log : 21822 / 2017-2-11
YA20151207130233 - 2017-01-26 13:05:43
state : 1
log : 21581 / 2017-01-27
YA20151207130233 - 2017-01-26 13:13:27
state : 1
log : 14492 / 2017-2-2
YA20151207130233 - 2017-01-26 13:17:22
state : 1
log : 21581 / 2017-1-27
YA20151207130233 - 2017-01-26 13:21:17
state : 1
log : 21580 / 2017-2-5
YA20151207130233 - 2017-01-26 13:29:20
state : 1
log : 23581 / 2017-1-27
YA20151207130233 - 2017-01-26 13:34:52
state : 1
log : 9725 / 2017-1-30
YA20161116113212 - 2017-01-26 13:35:37
state : 1
log : 16290 / 2017-01-28
2017-01-26 13:36:44
key : YA20151207130233
state : 1
log : 9728 / 2017-1-30
YA20151207130233 - 2017-01-26 13:48:27
state : 1
log : 21580 / 2017-1-26
YA20151207130233 - 2017-01-26 13:59:59
state : 1
log : 21822 / 2017-01-31
YA20151207130233 - 2017-01-26 14:01:03
state : 1
log : 1578 / 2017-2-1
YA20151207130233 - 2017-01-26 14:01:04
state : 3
log : 2211 : 등록된 객실 없습니다
YA20151207130233 - 2017-01-26 14:10:30
state : 1
log : 21815 / 2017-2-5
YA20151207130233 - 2017-01-26 14:12:44
state : 2
log : 3002 : 이미 막힌 객실 선택
YA20161116113212 - 2017-01-26 14:16:09
state : 1
log : 14497 / 2017-02-01
2017-01-26 14:21:04
key : YA20151207130233
state : 1
log : 20711 / 2017-1-29
2017-01-26 14:21:06
key : YA20151207130233
state : 1
log : 20712 / 2017-1-29
YA20151207130233 - 2017-01-26 14:24:45
state : 1
log : 19888 / 2017-01-29
YA20151207130233 - 2017-01-26 14:24:46
state : 1
log : 19888 / 2017-01-30
YA20151207130233 - 2017-01-26 14:25:51
state : 1
log : 21753 / 2017-01-29
2017-01-26 14:26:41
key : YA20151207130233
state : 1
log : 23632 / 2017-1-29
YA20151207130233 - 2017-01-26 14:27:53
state : 1
log : 19893 / 2017-01-29
YA20151207130233 - 2017-01-26 14:27:55
state : 1
log : 19893 / 2017-01-30
YA20151207130233 - 2017-01-26 14:29:13
state : 1
log : 19894 / 2017-01-29
YA20151207130233 - 2017-01-26 14:29:14
state : 1
log : 19894 / 2017-01-30
YA20151207130233 - 2017-01-26 14:30:39
state : 1
log : 21752 / 2017-01-29
YA20151207130233 - 2017-01-26 14:32:13
state : 1
log : 20709 / 2017-1-26
YA20151207130233 - 2017-01-26 14:32:44
state : 3
log : 6298 : 등록된 객실 없습니다
YA20151207130233 - 2017-01-26 14:32:46
state : 1
log : 20707 / 2017-1-26
YA20151207130233 - 2017-01-26 14:32:47
state : 1
log : 20715 / 2017-1-26
YA20151207130233 - 2017-01-26 14:34:10
state : 1
log : 24384 / 2017-1-30
YA20151207130233 - 2017-01-26 14:35:24
state : 1
log : 22719 / 2017-2-5
YA20161116113212 - 2017-01-26 14:40:53
state : 1
log : 31316 / 2017-01-26
YA20151207130233 - 2017-01-26 14:42:54
state : 2
log : 5245 : 이미 막힌 객실 선택
YA20151207130233 - 2017-01-26 14:44:27
state : 1
log : 3021 / 2017-1-27
YA20151207130233 - 2017-01-26 14:44:28
state : 2
log : 2727 : 이미 막힌 객실 선택
YA20151207130233 - 2017-01-26 14:44:30
state : 2
log : 2728 : 이미 막힌 객실 선택
YA20151207130233 - 2017-01-26 14:44:31
state : 2
log : 2727 : 이미 막힌 객실 선택
YA20151207130233 - 2017-01-26 14:44:33
state : 1
log : 3021 / 2017-1-29
YA20151207130233 - 2017-01-26 14:44:34
state : 2
log : 2727 : 이미 막힌 객실 선택
YA20151207130233 - 2017-01-26 14:44:35
state : 1
log : 3021 / 2017-1-27
YA20151207130233 - 2017-01-26 14:44:36
state : 2
log : 2727 : 이미 막힌 객실 선택
YA20151207130233 - 2017-01-26 14:44:37
state : 2
log : 2728 : 이미 막힌 객실 선택
YA20151207130233 - 2017-01-26 14:44:38
state : 2
log : 2727 : 이미 막힌 객실 선택
YA20151207130233 - 2017-01-26 14:44:40
state : 1
log : 3021 / 2017-1-29
YA20151207130233 - 2017-01-26 14:44:41
state : 2
log : 2727 : 이미 막힌 객실 선택
YA20151207130233 - 2017-01-26 14:44:42
state : 1
log : 3021 / 2017-1-27
YA20151207130233 - 2017-01-26 14:44:43
state : 2
log : 2727 : 이미 막힌 객실 선택
YA20151207130233 - 2017-01-26 14:44:44
state : 2
log : 2728 : 이미 막힌 객실 선택
YA20151207130233 - 2017-01-26 14:44:45
state : 2
log : 2727 : 이미 막힌 객실 선택
YA20151207130233 - 2017-01-26 14:44:47
state : 1
log : 3021 / 2017-1-29
YA20151207130233 - 2017-01-26 14:44:49
state : 2
log : 2727 : 이미 막힌 객실 선택
YA20151207130233 - 2017-01-26 14:44:50
state : 1
log : 3021 / 2017-1-27
YA20151207130233 - 2017-01-26 14:44:51
state : 2
log : 2727 : 이미 막힌 객실 선택
YA20151207130233 - 2017-01-26 14:44:52
state : 2
log : 2728 : 이미 막힌 객실 선택
YA20151207130233 - 2017-01-26 14:44:53
state : 2
log : 2727 : 이미 막힌 객실 선택
YA20151207130233 - 2017-01-26 14:44:54
state : 1
log : 3021 / 2017-1-29
YA20151207130233 - 2017-01-26 14:44:55
state : 2
log : 2727 : 이미 막힌 객실 선택
YA20151207130233 - 2017-01-26 14:44:57
state : 1
log : 3021 / 2017-1-27
YA20151207130233 - 2017-01-26 14:44:58
state : 2
log : 2727 : 이미 막힌 객실 선택
YA20151207130233 - 2017-01-26 14:45:00
state : 2
log : 2728 : 이미 막힌 객실 선택
YA20151207130233 - 2017-01-26 14:45:01
state : 2
log : 2727 : 이미 막힌 객실 선택
YA20151207130233 - 2017-01-26 14:45:02
state : 1
log : 3021 / 2017-1-29
YA20151207130233 - 2017-01-26 14:45:04
state : 2
log : 2727 : 이미 막힌 객실 선택
YA20151207130233 - 2017-01-26 14:45:06
state : 1
log : 3021 / 2017-1-27
YA20151207130233 - 2017-01-26 14:45:07
state : 2
log : 2727 : 이미 막힌 객실 선택
YA20151207130233 - 2017-01-26 14:45:08
state : 2
log : 2728 : 이미 막힌 객실 선택
YA20151207130233 - 2017-01-26 14:45:09
state : 2
log : 2727 : 이미 막힌 객실 선택
YA20151207130233 - 2017-01-26 14:45:10
state : 1
log : 3021 / 2017-1-29
YA20151207130233 - 2017-01-26 14:45:11
state : 2
log : 2727 : 이미 막힌 객실 선택
YA20151207130233 - 2017-01-26 14:45:13
state : 1
log : 3021 / 2017-1-27
YA20151207130233 - 2017-01-26 14:45:14
state : 2
log : 2727 : 이미 막힌 객실 선택
YA20151207130233 - 2017-01-26 14:45:15
state : 2
log : 2728 : 이미 막힌 객실 선택
YA20151207130233 - 2017-01-26 14:45:16
state : 2
log : 2727 : 이미 막힌 객실 선택
YA20151207130233 - 2017-01-26 14:45:17
state : 1
log : 3021 / 2017-1-29
YA20151207130233 - 2017-01-26 14:45:18
state : 2
log : 2727 : 이미 막힌 객실 선택
YA20161116113212 - 2017-01-26 14:45:29
state : 1
log : 22432 / 2017-02-06
YA20161116113212 - 2017-01-26 14:54:10
state : 2
log : 44086 : 이미 막힌 객실 선택
YA20161116113212 - 2017-01-26 14:55:16
state : 2
log : 44054 : 이미 막힌 객실 선택
2017-01-26 15:01:22
key : YA20151207130233
state : 1
log : 5322 / 2017-02-04
2017-01-26 15:05:12
key : YA20151207130233
state : 1
log : 5322 / 2017-03-04
YA20161116113212 - 2017-01-26 15:10:32
state : 1
log : 39308 / 2017-01-29
YA20151207130233 - 2017-01-26 15:11:07
state : 1
log : 19894 / 2017-01-28
2017-01-26 15:12:07
key : YA20151207130233
state : 1
log : 29443 / 2017-1-26
YA20151207130233 - 2017-01-26 15:21:35
state : 1
log : 24086 / 2017-01-29
YA20151207130233 - 2017-01-26 15:25:57
state : 1
log : 643 / 2017-1-29
YA20151207130233 - 2017-01-26 15:28:30
state : 1
log : 17750 / 2017-01-27
YA20151207130233 - 2017-01-26 15:28:31
state : 1
log : 17750 / 2017-01-28
YA20161116113212 - 2017-01-26 15:29:19
state : 1
log : 21532 / 2017-02-06
YA20151207130233 - 2017-01-26 15:33:43
state : 1
log : 21813 / 2017-01-28
YA20151207130233 - 2017-01-26 15:34:57
state : 1
log : 21813 / 2017-1-28
YA20151207130233 - 2017-01-26 15:39:18
state : 1
log : 12529 / 2017-1-26
YA20151207130233 - 2017-01-26 15:39:20
state : 1
log : 12529 / 2017-1-26
YA20151207130233 - 2017-01-26 15:50:34
state : 1
log : 22868 / 2017-2-5
YA20151207130233 - 2017-01-26 15:50:35
state : 1
log : 22869 / 2017-2-5
2017-01-26 15:53:28
key : YA20151207130233
state : 1
log : 20711 / 2017-1-31
2017-01-26 15:53:29
key : YA20151207130233
state : 1
log : 20712 / 2017-1-31
2017-01-26 15:53:30
key : YA20151207130233
state : 1
log : 20713 / 2017-1-31
YA20161116113212 - 2017-01-26 16:00:20
state : 1
log : 10251 / 2017-02-13
10251 / 2017-02-14
YA20151207130233 - 2017-01-26 16:00:46
state : 2
log : 6538 : 이미 막힌 객실 선택
2017-01-26 16:02:36
key : YA20151207130233
state : 1
log : 17755 / 2017-1-27
YA20151207130233 - 2017-01-26 16:06:02
state : 1
log : 23580 / 2017-1-30
YA20151207130233 - 2017-01-26 16:06:16
state : 2
log : 5244 : 이미 막힌 객실 선택
YA20161116113212 - 2017-01-26 16:07:15
state : 1
log : 33880 / 2017-01-30
YA20151207130233 - 2017-01-26 16:08:12
state : 1
log : 23314 / 2017-1-26
YA20151207130233 - 2017-01-26 16:08:13
state : 1
log : 23314 / 2017-1-27
YA20151207130233 - 2017-01-26 16:12:46
state : 1
log : 29443 / 2017-1-26
YA20151207130233 - 2017-01-26 16:13:04
state : 1
log : 9727 / 2017-1-30
YA20151207130233 - 2017-01-26 16:13:44
state : 1
log : 17751 / 2017-1-29
2017-01-26 16:13:48
key : YA20151207130233
state : 1
log : 21576 / 2017-01-30
YA20151207130233 - 2017-01-26 16:14:43
state : 1
log : 21576 / 2017-01-30
YA20151207130233 - 2017-01-26 16:15:58
state : 1
log : 17754 / 2017-1-28
YA20151207130233 - 2017-01-26 16:15:59
state : 1
log : 17754 / 2017-1-29
YA20151207130233 - 2017-01-26 16:19:04
state : 1
log : 33985 / 2017-1-27
YA20151207130233 - 2017-01-26 16:19:54
state : 1
log : 21766 / 2017-1-27
YA20151207130233 - 2017-01-26 16:19:55
state : 1
log : 21769 / 2017-1-27
YA20151207130233 - 2017-01-26 16:19:57
state : 1
log : 21771 / 2017-1-27
2017-01-26 16:21:10
key : YA20151207130233
state : 1
log : 21766 / 2017-1-27
2017-01-26 16:21:11
key : YA20151207130233
state : 1
log : 21769 / 2017-1-27
YA20151207130233 - 2017-01-26 16:23:55
state : 1
log : 1491 / 2017-2-22
2017-01-26 16:24:56
key : YA20151207130233
state : 1
log : 46157 / 2017-01-29
YA20151207130233 - 2017-01-26 16:26:21
state : 1
log : 39856 / 2017-02-05
YA20151207130233 - 2017-01-26 16:27:34
state : 3
log :  : 등록된 객실 없습니다
YA20151207130233 - 2017-01-26 16:30:51
state : 1
log : 46157 / 2017-01-29
YA20151207130233 - 2017-01-26 16:46:28
state : 1
log : 46334 / 2017-2-17
YA20151207130233 - 2017-01-26 16:49:35
state : 1
log : 23314 / 2017-1-26
YA20151207130233 - 2017-01-26 16:51:39
state : 1
log : 15307 / 2017-01-29
YA20151207130233 - 2017-01-26 16:53:32
state : 1
log : 34060 / 2017-1-26
YA20151207130233 - 2017-01-26 16:53:33
state : 1
log : 34061 / 2017-1-26
YA20151207130233 - 2017-01-26 16:53:35
state : 1
log : 34060 / 2017-1-26
YA20151207130233 - 2017-01-26 16:53:36
state : 1
log : 34061 / 2017-1-26
YA20161116113212 - 2017-01-26 16:54:40
state : 1
log : 30385 / 2017-02-10
YA20151207130233 - 2017-01-26 16:58:31
state : 2
log : 4356 : 이미 막힌 객실 선택
YA20161116113212 - 2017-01-26 16:59:48
state : 1
log : 35256 / 2017-01-30
YA20151207130233 - 2017-01-26 17:07:43
state : 1
log : 21817 / 2017-1-26
YA20151207130233 - 2017-01-26 17:09:43
state : 1
log : 39859 / 2017-1-27
YA20151207130233 - 2017-01-26 17:11:36
state : 1
log : 24716 / 2017-1-26
YA20151207130233 - 2017-01-26 17:11:37
state : 1
log : 24713 / 2017-1-26
YA20151207130233 - 2017-01-26 17:11:38
state : 1
log : 24711 / 2017-1-26
YA20161116113212 - 2017-01-26 17:15:32
state : 1
log : 2125 / 2017-01-29
YA20151207130233 - 2017-01-26 17:25:12
state : 1
log : 43773 / 2017-2-5
YA20151207130233 - 2017-01-26 17:29:01
state : 1
log : 39856 / 2017-2-5
YA20151207130233 - 2017-01-26 17:31:34
state : 1
log : 39858 / 2017-2-11
2017-01-26 17:32:38
key : YA20151207130233
state : 1
log : 39856 / 2017-2-5
YA20151207130233 - 2017-01-26 17:37:36
state : 1
log : 20706 / 2017-1-28
YA20161116113212 - 2017-01-26 17:46:53
state : 1
log : 38204 / 2017-01-27
YA20151207130233 - 2017-01-26 17:51:34
state : 1
log : 21817 / 2017-1-26
YA20161116113212 - 2017-01-26 17:59:49
state : 1
log : 14953 / 2017-01-31
14953 / 2017-02-01
YA20161116113212 - 2017-01-26 18:04:03
state : 1
log : 20631 / 2017-01-28
YA20151207130233 - 2017-01-26 18:07:27
state : 1
log : 20708 / 2017-1-27
YA20151207130233 - 2017-01-26 18:15:29
state : 1
log : 21755 / 2017-02-02
YA20151207130233 - 2017-01-26 18:18:53
state : 1
log : 14493 / 2017-01-29
YA20151207130233 - 2017-01-26 18:25:39
state : 1
log : 24779 / 2017-01-27
YA20151207130233 - 2017-01-26 18:38:34
state : 1
log : 20711 / 2017-2-4
2017-01-26 18:40:20
key : YA20151207130233
state : 1
log : 17750 / 2017-1-27
2017-01-26 18:40:22
key : YA20151207130233
state : 1
log : 17750 / 2017-1-28
YA20151207130233 - 2017-01-26 18:44:22
state : 1
log : 17750 / 2017-1-26
YA20161116113212 - 2017-01-26 18:45:30
state : 1
log : 10233 / 2017-01-29
YA20151207130233 - 2017-01-26 18:50:34
state : 1
log : 9502 / 2017-1-27
YA20151207130233 - 2017-01-26 18:50:36
state : 1
log : 9507 / 2017-1-27
YA20151207130233 - 2017-01-26 18:54:37
state : 1
log : 24779 / 2017-1-27
YA20151207130233 - 2017-01-26 18:55:26
state : 1
log : 20715 / 2017-1-27
2017-01-26 18:58:35
key : YA20151207130233
state : 1
log : 23520 / 2017-01-29
2017-01-26 19:00:03
key : YA20151207130233
state : 1
log : 21751 / 2017-1-29
YA20151207130233 - 2017-01-26 19:00:30
state : 3
log :  : 등록된 객실 없습니다
YA20151207130233 - 2017-01-26 19:08:47
state : 1
log : 41971 / 2017-1-26
YA20151207130233 - 2017-01-26 19:09:00
state : 2
log : 6422 : 이미 막힌 객실 선택
YA20151207130233 - 2017-01-26 19:18:10
state : 1
log : 21576 / 2017-1-30
YA20151207130233 - 2017-01-26 19:25:52
state : 1
log : 21721 / 2017-1-28
YA20151207130233 - 2017-01-26 19:25:53
state : 1
log : 21722 / 2017-1-28
YA20151207130233 - 2017-01-26 19:25:55
state : 1
log : 21721 / 2017-1-29
YA20151207130233 - 2017-01-26 19:25:56
state : 1
log : 21722 / 2017-1-29
YA20151207130233 - 2017-01-26 19:33:11
state : 1
log : 35133 / 2017-01-29
YA20151207130233 - 2017-01-26 19:33:13
state : 1
log : 35133 / 2017-01-30
YA20151207130233 - 2017-01-26 19:36:17
state : 1
log : 43772 / 2017-02-24
YA20151207130233 - 2017-01-26 19:37:23
state : 1
log : 21817 / 2017-02-02
YA20151207130233 - 2017-01-26 19:39:20
state : 1
log : 35133 / 2017-1-29
YA20151207130233 - 2017-01-26 19:49:13
state : 1
log : 23632 / 2017-1-29
YA20151207130233 - 2017-01-26 19:53:40
state : 1
log : 21747 / 2017-01-29
2017-01-26 19:56:09
key : YA20151207130233
state : 1
log : 21750 / 2017-1-29
YA20151207130233 - 2017-01-26 19:58:17
state : 1
log : 20226 / 2017-2-1
YA20151207130233 - 2017-01-26 19:58:19
state : 1
log : 20226 / 2017-2-2
YA20151207130233 - 2017-01-26 19:58:21
state : 1
log : 20226 / 2017-2-3
YA20151207130233 - 2017-01-26 19:58:22
state : 1
log : 20226 / 2017-2-4
2017-01-26 19:58:23
key : YA20151207130233
state : 1
log : 20226 / 2017-2-1
2017-01-26 19:58:25
key : YA20151207130233
state : 1
log : 20226 / 2017-2-2
2017-01-26 19:58:26
key : YA20151207130233
state : 1
log : 20226 / 2017-2-3
2017-01-26 19:58:27
key : YA20151207130233
state : 1
log : 20226 / 2017-2-4
2017-01-26 19:59:28
key : YA20151207130233
state : 1
log : 20226 / 2017-2-5
2017-01-26 19:59:30
key : YA20151207130233
state : 1
log : 20226 / 2017-2-6
2017-01-26 19:59:32
key : YA20151207130233
state : 1
log : 20226 / 2017-2-7
2017-01-26 19:59:33
key : YA20151207130233
state : 1
log : 20226 / 2017-2-8
2017-01-26 19:59:34
key : YA20151207130233
state : 1
log : 20226 / 2017-2-9
2017-01-26 19:59:35
key : YA20151207130233
state : 1
log : 20226 / 2017-2-10
2017-01-26 19:59:37
key : YA20151207130233
state : 1
log : 20226 / 2017-2-11
YA20151207130233 - 2017-01-26 20:08:56
state : 3
log : 6299 : 등록된 객실 없습니다
YA20161116113212 - 2017-01-26 20:16:36
state : 1
log : 24083 / 2017-01-27
YA20161116113212 - 2017-01-26 20:17:04
state : 1
log : 33882 / 2017-02-03
2017-01-26 20:21:21
key : YA20151207130233
state : 1
log : 21786 / 2017-1-27
2017-01-26 20:21:23
key : YA20151207130233
state : 1
log : 21786 / 2017-1-28
2017-01-26 20:21:57
key : YA20151207130233
state : 1
log : 21784 / 2017-1-29
YA20151207130233 - 2017-01-26 20:24:08
state : 1
log : 17751 / 2017-1-29
YA20151207130233 - 2017-01-26 20:25:18
state : 1
log : 47531 / 2017-2-5
YA20151207130233 - 2017-01-26 20:27:54
state : 1
log : 18059 / 2017-01-29
YA20151207130233 - 2017-01-26 20:30:09
state : 1
log : 24715 / 2017-1-27
YA20151207130233 - 2017-01-26 20:31:17
state : 1
log : 24715 / 2017-1-28
YA20151207130233 - 2017-01-26 20:31:21
state : 1
log : 18060 / 2017-1-26
YA20151207130233 - 2017-01-26 20:32:44
state : 1
log : 24715 / 2017-1-27
2017-01-26 20:33:09
key : YA20151207130233
state : 1
log : 24715 / 2017-1-27
YA20161116113212 - 2017-01-26 20:34:22
state : 1
log : 33721 / 2017-01-28
YA20151207130233 - 2017-01-26 20:35:47
state : 1
log : 23481 / 2017-01-30
YA20151207130233 - 2017-01-26 20:35:55
state : 1
log : 43772 / 2017-2-24
YA20151207130233 - 2017-01-26 20:40:29
state : 1
log : 24768 / 2017-02-12
YA20151207130233 - 2017-01-26 20:40:30
state : 2
log : 4603 : 이미 막힌 객실 선택
YA20151207130233 - 2017-01-26 20:40:39
state : 1
log : 24385 / 2017-2-4
YA20151207130233 - 2017-01-26 20:41:54
state : 1
log : 43737 / 2017-01-30
YA20151207130233 - 2017-01-26 20:41:56
state : 1
log : 43772 / 2017-01-30
YA20151207130233 - 2017-01-26 20:42:09
state : 1
log : 20712 / 2017-2-3
YA20161116113212 - 2017-01-26 20:43:24
state : 1
log : 28841 / 2017-01-27
28841 / 2017-01-28
YA20161116113212 - 2017-01-26 20:49:17
state : 1
log : 35242 / 2017-01-28
2017-01-26 20:54:15
key : YA20151207130233
state : 1
log : 24715 / 2017-1-28
YA20151207130233 - 2017-01-26 20:54:55
state : 1
log : 24716 / 2017-1-28
YA20161116113212 - 2017-01-26 20:56:05
state : 1
log : 23298 / 2017-01-29
YA20151207130233 - 2017-01-26 21:01:49
state : 1
log : 24385 / 2017-2-4
YA20161116113212 - 2017-01-26 21:01:51
state : 1
log : 21023 / 2017-01-30
YA20161116113212 - 2017-01-26 21:02:23
state : 1
log : 16383 / 2017-01-28
YA20161116113212 - 2017-01-26 21:08:58
state : 1
log : 24213 / 2017-01-29
2017-01-26 21:11:48
key : YA20151207130233
state : 1
log : 43737 / 2017-1-30
YA20151207130233 - 2017-01-26 21:15:45
state : 1
log : 43772 / 2017-02-06
YA20151207130233 - 2017-01-26 21:15:47
state : 1
log : 43773 / 2017-02-06
2017-01-26 21:18:08
key : YA20151207130233
state : 1
log : 43772 / 2017-2-6
2017-01-26 21:18:10
key : YA20151207130233
state : 1
log : 43773 / 2017-2-6
YA20151207130233 - 2017-01-26 21:19:09
state : 1
log : 43773 / 2017-01-30
YA20161116113212 - 2017-01-26 21:21:19
state : 1
log : 10161 / 2017-01-28
YA20151207130233 - 2017-01-26 21:27:17
state : 3
log : 3286 : 등록된 객실 없습니다
YA20161116113212 - 2017-01-26 21:31:28
state : 1
log : 43471 / 2017-01-26
YA20151207130233 - 2017-01-26 21:35:19
state : 1
log : 14496 / 2017-01-31
YA20161116113212 - 2017-01-26 21:47:46
state : 1
log : 21655 / 2017-02-07
YA20161116113212 - 2017-01-26 21:52:21
state : 1
log : 21696 / 2017-01-29
YA20151207130233 - 2017-01-26 21:59:43
state : 1
log : 24715 / 2017-1-27
YA20151207130233 - 2017-01-26 21:59:45
state : 1
log : 24716 / 2017-1-28
YA20151207130233 - 2017-01-26 21:59:46
state : 1
log : 24715 / 2017-1-28
YA20151207130233 - 2017-01-26 22:00:52
state : 1
log : 21750 / 2017-01-29
YA20151207130233 - 2017-01-26 22:02:12
state : 1
log : 14496 / 2017-02-06
YA20161116113212 - 2017-01-26 22:05:21
state : 1
log : 14356 / 2017-01-27
YA20151207130233 - 2017-01-26 22:17:53
state : 1
log : 17752 / 2017-1-27
YA20151207130233 - 2017-01-26 22:35:20
state : 1
log : 21813 / 2017-01-27
YA20151207130233 - 2017-01-26 22:45:02
state : 1
log : 21768 / 2017-1-29
YA20161116113212 - 2017-01-26 22:45:12
state : 1
log : 21023 / 2017-01-27
YA20161116113212 - 2017-01-26 22:53:20
state : 1
log : 45141 / 2017-01-26
YA20151207130233 - 2017-01-26 22:55:11
state : 1
log : 23637 / 2017-1-27
YA20151207130233 - 2017-01-26 22:55:13
state : 1
log : 23632 / 2017-1-27
YA20151207130233 - 2017-01-26 22:55:14
state : 2
log : 1898 : 이미 막힌 객실 선택
YA20151207130233 - 2017-01-26 22:55:16
state : 1
log : 23637 / 2017-1-28
YA20151207130233 - 2017-01-26 22:55:17
state : 1
log : 23632 / 2017-1-28
YA20151207130233 - 2017-01-26 22:55:18
state : 2
log : 1898 : 이미 막힌 객실 선택
YA20151207130233 - 2017-01-26 22:55:20
state : 1
log : 23637 / 2017-1-27
YA20151207130233 - 2017-01-26 22:55:21
state : 1
log : 23632 / 2017-1-27
YA20151207130233 - 2017-01-26 22:55:22
state : 2
log : 1898 : 이미 막힌 객실 선택
YA20151207130233 - 2017-01-26 22:55:23
state : 1
log : 23637 / 2017-1-28
YA20151207130233 - 2017-01-26 22:55:25
state : 1
log : 23632 / 2017-1-28
YA20151207130233 - 2017-01-26 22:55:26
state : 2
log : 1898 : 이미 막힌 객실 선택
YA20151207130233 - 2017-01-26 22:55:27
state : 1
log : 23637 / 2017-1-27
YA20151207130233 - 2017-01-26 22:55:28
state : 1
log : 23632 / 2017-1-27
YA20151207130233 - 2017-01-26 22:55:29
state : 2
log : 1898 : 이미 막힌 객실 선택
YA20151207130233 - 2017-01-26 22:55:30
state : 1
log : 23637 / 2017-1-28
YA20151207130233 - 2017-01-26 22:55:32
state : 1
log : 23632 / 2017-1-28
YA20151207130233 - 2017-01-26 22:55:33
state : 2
log : 1898 : 이미 막힌 객실 선택
YA20151207130233 - 2017-01-26 22:55:34
state : 1
log : 23637 / 2017-1-27
YA20151207130233 - 2017-01-26 22:55:35
state : 1
log : 23632 / 2017-1-27
YA20151207130233 - 2017-01-26 22:55:36
state : 2
log : 1898 : 이미 막힌 객실 선택
YA20151207130233 - 2017-01-26 22:55:38
state : 1
log : 23637 / 2017-1-28
YA20151207130233 - 2017-01-26 22:55:39
state : 1
log : 23632 / 2017-1-28
YA20151207130233 - 2017-01-26 22:55:40
state : 2
log : 1898 : 이미 막힌 객실 선택
YA20151207130233 - 2017-01-26 22:55:41
state : 1
log : 23637 / 2017-1-27
YA20151207130233 - 2017-01-26 22:55:43
state : 1
log : 23632 / 2017-1-27
YA20151207130233 - 2017-01-26 22:55:44
state : 2
log : 1898 : 이미 막힌 객실 선택
YA20151207130233 - 2017-01-26 22:55:45
state : 1
log : 23637 / 2017-1-28
YA20151207130233 - 2017-01-26 22:55:46
state : 1
log : 23632 / 2017-1-28
YA20151207130233 - 2017-01-26 22:55:47
state : 2
log : 1898 : 이미 막힌 객실 선택
YA20151207130233 - 2017-01-26 22:55:49
state : 1
log : 23637 / 2017-1-27
YA20151207130233 - 2017-01-26 22:55:50
state : 1
log : 23632 / 2017-1-27
YA20151207130233 - 2017-01-26 22:55:51
state : 2
log : 1898 : 이미 막힌 객실 선택
YA20151207130233 - 2017-01-26 22:55:52
state : 1
log : 23637 / 2017-1-28
YA20151207130233 - 2017-01-26 22:55:53
state : 1
log : 23632 / 2017-1-28
YA20151207130233 - 2017-01-26 22:55:54
state : 2
log : 1898 : 이미 막힌 객실 선택
YA20151207130233 - 2017-01-26 22:55:56
state : 1
log : 23637 / 2017-1-27
YA20151207130233 - 2017-01-26 22:55:57
state : 1
log : 23632 / 2017-1-27
YA20151207130233 - 2017-01-26 22:55:59
state : 2
log : 1898 : 이미 막힌 객실 선택
YA20151207130233 - 2017-01-26 22:56:00
state : 1
log : 23637 / 2017-1-28
YA20151207130233 - 2017-01-26 22:56:01
state : 1
log : 23632 / 2017-1-28
YA20151207130233 - 2017-01-26 22:56:03
state : 2
log : 1898 : 이미 막힌 객실 선택
YA20151207130233 - 2017-01-26 22:56:05
state : 1
log : 23637 / 2017-1-27
YA20151207130233 - 2017-01-26 22:56:06
state : 1
log : 23632 / 2017-1-27
YA20151207130233 - 2017-01-26 22:56:07
state : 2
log : 1898 : 이미 막힌 객실 선택
YA20151207130233 - 2017-01-26 22:56:08
state : 1
log : 23637 / 2017-1-28
YA20151207130233 - 2017-01-26 22:56:10
state : 1
log : 23632 / 2017-1-28
YA20151207130233 - 2017-01-26 22:56:11
state : 2
log : 1898 : 이미 막힌 객실 선택
YA20151207130233 - 2017-01-26 22:56:12
state : 1
log : 23637 / 2017-1-27
YA20151207130233 - 2017-01-26 22:56:13
state : 1
log : 23632 / 2017-1-27
YA20151207130233 - 2017-01-26 22:56:14
state : 2
log : 1898 : 이미 막힌 객실 선택
YA20151207130233 - 2017-01-26 22:56:15
state : 1
log : 23637 / 2017-1-28
YA20151207130233 - 2017-01-26 22:56:17
state : 1
log : 23632 / 2017-1-28
YA20151207130233 - 2017-01-26 22:56:18
state : 2
log : 1898 : 이미 막힌 객실 선택
YA20151207130233 - 2017-01-26 22:56:19
state : 1
log : 23637 / 2017-1-27
YA20151207130233 - 2017-01-26 22:56:20
state : 1
log : 23632 / 2017-1-27
YA20151207130233 - 2017-01-26 22:56:21
state : 2
log : 1898 : 이미 막힌 객실 선택
YA20151207130233 - 2017-01-26 22:56:23
state : 1
log : 23637 / 2017-1-28
YA20151207130233 - 2017-01-26 22:56:24
state : 1
log : 23632 / 2017-1-28
YA20151207130233 - 2017-01-26 22:56:25
state : 2
log : 1898 : 이미 막힌 객실 선택
YA20151207130233 - 2017-01-26 22:56:26
state : 1
log : 23637 / 2017-1-27
YA20151207130233 - 2017-01-26 22:56:27
state : 1
log : 23632 / 2017-1-27
YA20151207130233 - 2017-01-26 22:56:28
state : 2
log : 1898 : 이미 막힌 객실 선택
YA20151207130233 - 2017-01-26 22:56:30
state : 1
log : 23637 / 2017-1-28
YA20151207130233 - 2017-01-26 22:56:31
state : 1
log : 23632 / 2017-1-28
YA20151207130233 - 2017-01-26 22:56:32
state : 2
log : 1898 : 이미 막힌 객실 선택
YA20151207130233 - 2017-01-26 22:56:34
state : 1
log : 23637 / 2017-1-27
YA20151207130233 - 2017-01-26 22:56:35
state : 1
log : 23632 / 2017-1-27
YA20151207130233 - 2017-01-26 22:56:36
state : 2
log : 1898 : 이미 막힌 객실 선택
YA20151207130233 - 2017-01-26 22:56:37
state : 1
log : 23637 / 2017-1-28
YA20151207130233 - 2017-01-26 22:56:38
state : 1
log : 23632 / 2017-1-28
YA20151207130233 - 2017-01-26 22:56:39
state : 2
log : 1898 : 이미 막힌 객실 선택
YA20151207130233 - 2017-01-26 22:56:41
state : 1
log : 23637 / 2017-1-27
YA20151207130233 - 2017-01-26 22:56:42
state : 1
log : 23632 / 2017-1-27
YA20151207130233 - 2017-01-26 22:56:43
state : 2
log : 1898 : 이미 막힌 객실 선택
YA20151207130233 - 2017-01-26 22:56:44
state : 1
log : 23637 / 2017-1-28
YA20151207130233 - 2017-01-26 22:56:46
state : 1
log : 23632 / 2017-1-28
YA20151207130233 - 2017-01-26 22:56:47
state : 2
log : 1898 : 이미 막힌 객실 선택
YA20151207130233 - 2017-01-26 22:56:48
state : 1
log : 23637 / 2017-1-27
YA20151207130233 - 2017-01-26 22:56:49
state : 1
log : 23632 / 2017-1-27
YA20151207130233 - 2017-01-26 22:56:50
state : 2
log : 1898 : 이미 막힌 객실 선택
YA20151207130233 - 2017-01-26 22:56:52
state : 1
log : 23637 / 2017-1-28
YA20151207130233 - 2017-01-26 22:56:54
state : 1
log : 23632 / 2017-1-28
YA20151207130233 - 2017-01-26 22:56:55
state : 2
log : 1898 : 이미 막힌 객실 선택
YA20151207130233 - 2017-01-26 22:56:56
state : 1
log : 23637 / 2017-1-27
YA20151207130233 - 2017-01-26 22:56:57
state : 1
log : 23632 / 2017-1-27
YA20151207130233 - 2017-01-26 22:56:58
state : 2
log : 1898 : 이미 막힌 객실 선택
YA20151207130233 - 2017-01-26 22:57:00
state : 1
log : 23637 / 2017-1-28
YA20151207130233 - 2017-01-26 22:57:01
state : 1
log : 23632 / 2017-1-28
YA20151207130233 - 2017-01-26 22:57:02
state : 2
log : 1898 : 이미 막힌 객실 선택
YA20151207130233 - 2017-01-26 22:57:04
state : 1
log : 23637 / 2017-1-27
YA20151207130233 - 2017-01-26 22:57:05
state : 1
log : 23632 / 2017-1-27
YA20151207130233 - 2017-01-26 22:57:06
state : 2
log : 1898 : 이미 막힌 객실 선택
YA20151207130233 - 2017-01-26 22:57:08
state : 1
log : 23637 / 2017-1-28
YA20151207130233 - 2017-01-26 22:57:09
state : 1
log : 23632 / 2017-1-28
YA20151207130233 - 2017-01-26 22:57:11
state : 2
log : 1898 : 이미 막힌 객실 선택
YA20151207130233 - 2017-01-26 22:57:12
state : 1
log : 23637 / 2017-1-27
YA20151207130233 - 2017-01-26 22:57:13
state : 1
log : 23632 / 2017-1-27
YA20151207130233 - 2017-01-26 22:57:14
state : 2
log : 1898 : 이미 막힌 객실 선택
YA20151207130233 - 2017-01-26 22:57:15
state : 1
log : 23637 / 2017-1-28
YA20151207130233 - 2017-01-26 22:57:17
state : 1
log : 23632 / 2017-1-28
YA20151207130233 - 2017-01-26 22:57:19
state : 2
log : 1898 : 이미 막힌 객실 선택
YA20151207130233 - 2017-01-26 22:57:20
state : 1
log : 23637 / 2017-1-27
YA20151207130233 - 2017-01-26 22:57:21
state : 1
log : 23632 / 2017-1-27
YA20151207130233 - 2017-01-26 22:57:22
state : 2
log : 1898 : 이미 막힌 객실 선택
YA20151207130233 - 2017-01-26 22:57:24
state : 1
log : 23637 / 2017-1-28
YA20151207130233 - 2017-01-26 22:57:25
state : 1
log : 23632 / 2017-1-28
YA20151207130233 - 2017-01-26 22:57:26
state : 2
log : 1898 : 이미 막힌 객실 선택
YA20151207130233 - 2017-01-26 22:57:27
state : 1
log : 23637 / 2017-1-27
YA20151207130233 - 2017-01-26 22:57:28
state : 1
log : 23632 / 2017-1-27
YA20151207130233 - 2017-01-26 22:57:30
state : 2
log : 1898 : 이미 막힌 객실 선택
YA20151207130233 - 2017-01-26 22:57:33
state : 1
log : 23637 / 2017-1-28
YA20151207130233 - 2017-01-26 22:57:34
state : 1
log : 23632 / 2017-1-28
YA20151207130233 - 2017-01-26 22:57:35
state : 2
log : 1898 : 이미 막힌 객실 선택
YA20151207130233 - 2017-01-26 22:57:36
state : 1
log : 23637 / 2017-1-27
YA20151207130233 - 2017-01-26 22:57:38
state : 1
log : 23632 / 2017-1-27
YA20151207130233 - 2017-01-26 22:57:39
state : 2
log : 1898 : 이미 막힌 객실 선택
YA20151207130233 - 2017-01-26 22:57:40
state : 1
log : 23637 / 2017-1-28
YA20151207130233 - 2017-01-26 22:57:41
state : 1
log : 23632 / 2017-1-28
YA20151207130233 - 2017-01-26 22:57:42
state : 2
log : 1898 : 이미 막힌 객실 선택
YA20151207130233 - 2017-01-26 22:57:44
state : 1
log : 23637 / 2017-1-27
YA20151207130233 - 2017-01-26 22:57:45
state : 1
log : 23632 / 2017-1-27
YA20151207130233 - 2017-01-26 22:57:46
state : 2
log : 1898 : 이미 막힌 객실 선택
YA20151207130233 - 2017-01-26 22:57:47
state : 1
log : 23637 / 2017-1-28
YA20151207130233 - 2017-01-26 22:57:48
state : 1
log : 23632 / 2017-1-28
YA20151207130233 - 2017-01-26 22:57:49
state : 2
log : 1898 : 이미 막힌 객실 선택
YA20151207130233 - 2017-01-26 22:57:51
state : 1
log : 23637 / 2017-1-27
YA20151207130233 - 2017-01-26 22:57:53
state : 1
log : 23632 / 2017-1-27
YA20151207130233 - 2017-01-26 22:57:54
state : 2
log : 1898 : 이미 막힌 객실 선택
YA20151207130233 - 2017-01-26 22:57:55
state : 1
log : 23637 / 2017-1-28
YA20151207130233 - 2017-01-26 22:57:56
state : 1
log : 23632 / 2017-1-28
YA20151207130233 - 2017-01-26 22:57:57
state : 2
log : 1898 : 이미 막힌 객실 선택
YA20151207130233 - 2017-01-26 22:57:59
state : 1
log : 23637 / 2017-1-27
YA20151207130233 - 2017-01-26 22:58:00
state : 1
log : 23632 / 2017-1-27
YA20151207130233 - 2017-01-26 22:58:01
state : 2
log : 1898 : 이미 막힌 객실 선택
YA20151207130233 - 2017-01-26 22:58:02
state : 1
log : 23637 / 2017-1-28
YA20151207130233 - 2017-01-26 22:58:03
state : 1
log : 23632 / 2017-1-28
YA20151207130233 - 2017-01-26 22:58:05
state : 2
log : 1898 : 이미 막힌 객실 선택
YA20151207130233 - 2017-01-26 22:58:06
state : 1
log : 23637 / 2017-1-27
YA20151207130233 - 2017-01-26 22:58:07
state : 1
log : 23632 / 2017-1-27
YA20151207130233 - 2017-01-26 22:58:09
state : 2
log : 1898 : 이미 막힌 객실 선택
YA20151207130233 - 2017-01-26 22:58:10
state : 1
log : 23637 / 2017-1-28
YA20151207130233 - 2017-01-26 22:58:12
state : 1
log : 23632 / 2017-1-28
YA20151207130233 - 2017-01-26 22:58:13
state : 2
log : 1898 : 이미 막힌 객실 선택
YA20151207130233 - 2017-01-26 22:58:15
state : 1
log : 23637 / 2017-1-27
YA20151207130233 - 2017-01-26 22:58:16
state : 1
log : 23632 / 2017-1-27
YA20151207130233 - 2017-01-26 22:58:17
state : 2
log : 1898 : 이미 막힌 객실 선택
YA20151207130233 - 2017-01-26 22:58:19
state : 1
log : 23637 / 2017-1-28
YA20151207130233 - 2017-01-26 22:58:21
state : 1
log : 23632 / 2017-1-28
YA20151207130233 - 2017-01-26 22:58:22
state : 2
log : 1898 : 이미 막힌 객실 선택
YA20151207130233 - 2017-01-26 22:58:23
state : 1
log : 23637 / 2017-1-27
YA20151207130233 - 2017-01-26 22:58:24
state : 1
log : 23632 / 2017-1-27
YA20151207130233 - 2017-01-26 22:58:25
state : 2
log : 1898 : 이미 막힌 객실 선택
YA20151207130233 - 2017-01-26 22:58:26
state : 1
log : 23637 / 2017-1-28
YA20151207130233 - 2017-01-26 22:58:28
state : 1
log : 23632 / 2017-1-28
YA20151207130233 - 2017-01-26 22:58:29
state : 2
log : 1898 : 이미 막힌 객실 선택
YA20151207130233 - 2017-01-26 22:58:30
state : 1
log : 23637 / 2017-1-27
YA20151207130233 - 2017-01-26 22:58:31
state : 1
log : 23632 / 2017-1-27
YA20151207130233 - 2017-01-26 22:58:33
state : 2
log : 1898 : 이미 막힌 객실 선택
YA20151207130233 - 2017-01-26 22:58:35
state : 1
log : 23637 / 2017-1-28
YA20151207130233 - 2017-01-26 22:58:36
state : 1
log : 23632 / 2017-1-28
YA20151207130233 - 2017-01-26 22:58:37
state : 2
log : 1898 : 이미 막힌 객실 선택
YA20151207130233 - 2017-01-26 22:58:38
state : 1
log : 23637 / 2017-1-27
YA20151207130233 - 2017-01-26 22:58:39
state : 1
log : 23632 / 2017-1-27
YA20151207130233 - 2017-01-26 22:58:41
state : 2
log : 1898 : 이미 막힌 객실 선택
YA20151207130233 - 2017-01-26 22:58:42
state : 1
log : 23637 / 2017-1-28
YA20151207130233 - 2017-01-26 22:58:43
state : 1
log : 23632 / 2017-1-28
YA20151207130233 - 2017-01-26 22:58:44
state : 2
log : 1898 : 이미 막힌 객실 선택
YA20151207130233 - 2017-01-26 22:58:45
state : 1
log : 23637 / 2017-1-27
YA20151207130233 - 2017-01-26 22:58:46
state : 1
log : 23632 / 2017-1-27
YA20151207130233 - 2017-01-26 22:58:48
state : 2
log : 1898 : 이미 막힌 객실 선택
YA20151207130233 - 2017-01-26 22:58:49
state : 1
log : 23637 / 2017-1-28
YA20151207130233 - 2017-01-26 22:58:50
state : 1
log : 23632 / 2017-1-28
YA20151207130233 - 2017-01-26 22:58:51
state : 2
log : 1898 : 이미 막힌 객실 선택
YA20151207130233 - 2017-01-26 22:58:53
state : 1
log : 23637 / 2017-1-27
YA20151207130233 - 2017-01-26 22:58:54
state : 1
log : 23632 / 2017-1-27
YA20151207130233 - 2017-01-26 22:58:55
state : 2
log : 1898 : 이미 막힌 객실 선택
YA20151207130233 - 2017-01-26 22:58:56
state : 1
log : 23637 / 2017-1-28
YA20151207130233 - 2017-01-26 22:58:58
state : 1
log : 23632 / 2017-1-28
YA20151207130233 - 2017-01-26 22:59:00
state : 2
log : 1898 : 이미 막힌 객실 선택
YA20151207130233 - 2017-01-26 22:59:01
state : 1
log : 23637 / 2017-1-27
YA20151207130233 - 2017-01-26 22:59:02
state : 1
log : 23632 / 2017-1-27
YA20151207130233 - 2017-01-26 22:59:03
state : 2
log : 1898 : 이미 막힌 객실 선택
YA20151207130233 - 2017-01-26 22:59:04
state : 1
log : 23637 / 2017-1-28
YA20151207130233 - 2017-01-26 22:59:05
state : 1
log : 23632 / 2017-1-28
YA20151207130233 - 2017-01-26 22:59:07
state : 2
log : 1898 : 이미 막힌 객실 선택
YA20151207130233 - 2017-01-26 23:03:37
state : 1
log : 43736 / 2017-02-12
2017-01-26 23:14:11
key : YA20151207130233
state : 1
log : 19889 / 2017-01-29
2017-01-26 23:15:47
key : YA20151207130233
state : 1
log : 47722 / 2017-01-28
YA20151207130233 - 2017-01-26 23:15:56
state : 1
log : 19889 / 2017-01-29
YA20151207130233 - 2017-01-26 23:23:06
state : 1
log : 43772 / 2017-1-30
YA20151207130233 - 2017-01-26 23:23:07
state : 1
log : 43773 / 2017-1-30
YA20161116113212 - 2017-01-26 23:28:38
state : 1
log : 31139 / 2017-02-07
YA20161116113212 - 2017-01-26 23:31:22
state : 1
log : 31139 / 2017-02-06
2017-01-26 23:50:04
key : YA20151207130233
state : 1
log : 13037 / 2017-02-05
YA20151207130233 - 2017-01-26 23:51:47
state : 3
log :  : 등록된 객실 없습니다
