YA20151207130233 - 2017-02-06 00:02:30
state : 1
log : 9806 / 2017-02-12
2017-02-06 00:05:14
key : YA20151207130233
state : 1
log : 23480 / 2017-02-07
YA20161116113212 - 2017-02-06 00:16:14
state : 1
log : 11496 / 2017-02-11
YA20161116113212 - 2017-02-06 00:50:17
state : 1
log : 1577 / 2017-02-25
YA20161116113212 - 2017-02-06 00:58:03
state : 1
log : 20020 / 2017-02-08
YA20151207130233 - 2017-02-06 01:18:09
state : 3
log : 6302 : 등록된 객실 없습니다
YA20151207130233 - 2017-02-06 01:19:59
state : 1
log : 9724 / 2017-02-14
YA20151207130233 - 2017-02-06 01:20:10
state : 1
log : 20706 / 2017-2-6
YA20151207130233 - 2017-02-06 01:20:11
state : 1
log : 20710 / 2017-2-6
YA20151207130233 - 2017-02-06 01:20:13
state : 1
log : 20712 / 2017-2-6
YA20151207130233 - 2017-02-06 01:39:43
state : 1
log : 21814 / 2017-02-07
YA20151207130233 - 2017-02-06 02:50:33
state : 1
log : 21818 / 2017-02-06
YA20151207130233 - 2017-02-06 02:55:57
state : 3
log : 6300 : 등록된 객실 없습니다
YA20161116113212 - 2017-02-06 02:58:20
state : 1
log : 22475 / 2017-02-10
YA20161116113212 - 2017-02-06 02:59:05
state : 1
log : 16374 / 2017-02-07
YA20151207130233 - 2017-02-06 04:52:20
state : 1
log : 21576 / 2017-02-12
YA20151207130233 - 2017-02-06 05:36:15
state : 1
log : 9725 / 2017-02-23
YA20151207130233 - 2017-02-06 06:05:29
state : 1
log : 22722 / 2017-2-11
YA20151207130233 - 2017-02-06 06:05:31
state : 1
log : 22718 / 2017-2-11
YA20151207130233 - 2017-02-06 07:34:24
state : 1
log : 14496 / 2017-02-11
YA20151207130233 - 2017-02-06 07:37:59
state : 1
log : 14496 / 2017-02-12
2017-02-06 07:46:54
key : YA20151207130233
state : 1
log : 23582 / 2017-2-11
2017-02-06 07:46:55
key : YA20151207130233
state : 1
log : 23583 / 2017-2-11
YA20161116113212 - 2017-02-06 07:55:23
state : 1
log : 18478 / 2017-02-22
YA20161116113212 - 2017-02-06 07:59:37
state : 1
log : 35746 / 2017-02-10
YA20151207130233 - 2017-02-06 08:31:48
state : 1
log : 25171 / 2017-2-18
YA20151207130233 - 2017-02-06 08:33:25
state : 2
log : 4685 : 이미 막힌 객실 선택
YA20151207130233 - 2017-02-06 08:33:26
state : 2
log : 4684 : 이미 막힌 객실 선택
YA20151207130233 - 2017-02-06 08:33:28
state : 2
log : 4683 : 이미 막힌 객실 선택
YA20151207130233 - 2017-02-06 08:33:29
state : 2
log : 4682 : 이미 막힌 객실 선택
YA20151207130233 - 2017-02-06 08:33:30
state : 2
log : 4685 : 이미 막힌 객실 선택
YA20151207130233 - 2017-02-06 08:33:31
state : 2
log : 4684 : 이미 막힌 객실 선택
YA20151207130233 - 2017-02-06 08:33:32
state : 2
log : 4683 : 이미 막힌 객실 선택
YA20151207130233 - 2017-02-06 08:33:33
state : 2
log : 4682 : 이미 막힌 객실 선택
2017-02-06 08:33:58
key : YA20151207130233
state : 1
log : 21754 / 2017-2-7
YA20151207130233 - 2017-02-06 08:34:12
state : 1
log : 21760 / 2017-2-7
YA20151207130233 - 2017-02-06 08:38:34
state : 1
log : 6403 / 2017-2-10
YA20151207130233 - 2017-02-06 08:38:35
state : 2
log : 5241 : 이미 막힌 객실 선택
YA20151207130233 - 2017-02-06 08:51:13
state : 1
log : 21576 / 2017-2-18
YA20151207130233 - 2017-02-06 08:51:37
state : 1
log : 20709 / 2017-2-11
YA20151207130233 - 2017-02-06 08:52:36
state : 1
log : 21576 / 2017-2-12
YA20151207130233 - 2017-02-06 08:55:20
state : 1
log : 21580 / 2017-2-10
YA20151207130233 - 2017-02-06 08:57:13
state : 1
log : 21579 / 2017-02-19
YA20151207130233 - 2017-02-06 08:58:56
state : 1
log : 21579 / 2017-2-19
YA20151207130233 - 2017-02-06 09:08:28
state : 3
log : 6301 : 등록된 객실 없습니다
2017-02-06 09:21:56
key : YA20151207130233
state : 1
log : 17751 / 2017-2-18
2017-02-06 09:21:58
key : YA20151207130233
state : 1
log : 17756 / 2017-2-18
2017-02-06 09:22:15
key : YA20151207130233
state : 1
log : 17748 / 2017-2-18
YA20151207130233 - 2017-02-06 09:22:30
state : 1
log : 17749 / 2017-2-18
YA20151207130233 - 2017-02-06 09:24:08
state : 1
log : 22867 / 2017-2-6
YA20151207130233 - 2017-02-06 09:25:32
state : 1
log : 20713 / 2017-02-12
YA20151207130233 - 2017-02-06 09:56:44
state : 1
log : 21577 / 2017-02-25
YA20151207130233 - 2017-02-06 09:57:54
state : 1
log : 21577 / 2017-2-25
YA20151207130233 - 2017-02-06 10:02:21
state : 1
log : 21766 / 2017-2-8
YA20151207130233 - 2017-02-06 10:07:15
state : 1
log : 14493 / 2017-02-12
YA20151207130233 - 2017-02-06 10:07:15
state : 1
log : 14491 / 2017-2-12
YA20151207130233 - 2017-02-06 10:07:17
state : 1
log : 14491 / 2017-2-12
YA20161116113212 - 2017-02-06 10:09:10
state : 1
log : 17318 / 2017-02-24
YA20151207130233 - 2017-02-06 10:18:08
state : 1
log : 21819 / 2017-2-6
YA20161116113212 - 2017-02-06 10:23:25
state : 1
log : 34731 / 2017-02-10
34731 / 2017-02-11
YA20151207130233 - 2017-02-06 10:28:50
state : 1
log : 9728 / 2017-02-11
YA20151207130233 - 2017-02-06 10:29:59
state : 1
log : 21768 / 2017-02-12
YA20151207130233 - 2017-02-06 10:32:14
state : 1
log : 9724 / 2017-2-27
YA20151207130233 - 2017-02-06 10:32:16
state : 1
log : 9723 / 2017-2-27
YA20161116113212 - 2017-02-06 10:39:13
state : 1
log : 28840 / 2017-02-16
YA20151207130233 - 2017-02-06 10:39:24
state : 1
log : 25129 / 2017-2-7
YA20151207130233 - 2017-02-06 10:44:04
state : 3
log : 2327 : 등록된 객실 없습니다
YA20151207130233 - 2017-02-06 10:48:33
state : 1
log : 9727 / 2017-2-27
YA20151207130233 - 2017-02-06 10:52:28
state : 1
log : 22726 / 2017-2-18
YA20151207130233 - 2017-02-06 10:52:29
state : 1
log : 22724 / 2017-2-18
YA20151207130233 - 2017-02-06 10:56:55
state : 1
log : 21815 / 2017-2-19
YA20151207130233 - 2017-02-06 11:03:12
state : 1
log : 19892 / 2017-02-11
YA20151207130233 - 2017-02-06 11:04:49
state : 3
log : 6297 : 등록된 객실 없습니다
YA20151207130233 - 2017-02-06 11:12:16
state : 1
log : 18092 / 2017-2-10
YA20151207130233 - 2017-02-06 11:15:18
state : 1
log : 21580 / 2017-02-14
YA20151207130233 - 2017-02-06 11:20:05
state : 1
log : 21755 / 2017-2-9
YA20161116113212 - 2017-02-06 11:26:11
state : 1
log : 42297 / 2017-02-06
YA20151207130233 - 2017-02-06 11:29:59
state : 1
log : 9806 / 2017-02-12
YA20161116113212 - 2017-02-06 11:39:21
state : 1
log : 11884 / 2017-02-06
YA20151207130233 - 2017-02-06 11:42:17
state : 1
log : 6399 / 2017-02-17
YA20151207130233 - 2017-02-06 11:44:50
state : 1
log : 23314 / 2017-02-09
YA20151207130233 - 2017-02-06 11:50:05
state : 3
log : 6405 : 등록된 객실 없습니다
YA20151207130233 - 2017-02-06 11:50:06
state : 3
log : 6405 : 등록된 객실 없습니다
YA20151207130233 - 2017-02-06 11:50:07
state : 3
log : 6405 : 등록된 객실 없습니다
YA20151207130233 - 2017-02-06 11:50:09
state : 3
log : 6405 : 등록된 객실 없습니다
YA20151207130233 - 2017-02-06 11:50:10
state : 3
log : 6405 : 등록된 객실 없습니다
YA20151207130233 - 2017-02-06 11:50:11
state : 3
log : 6405 : 등록된 객실 없습니다
YA20151207130233 - 2017-02-06 11:52:14
state : 3
log : 6575 : 등록된 객실 없습니다
YA20151207130233 - 2017-02-06 11:55:13
state : 1
log : 46325 / 2017-2-11
YA20151207130233 - 2017-02-06 12:03:44
state : 1
log : 24386 / 2017-2-18
YA20151207130233 - 2017-02-06 12:04:09
state : 1
log : 24386 / 2017-2-17
YA20151207130233 - 2017-02-06 12:04:25
state : 1
log : 24389 / 2017-2-14
2017-02-06 12:04:46
key : YA20151207130233
state : 1
log : 24389 / 2017-2-14
YA20151207130233 - 2017-02-06 12:05:06
state : 1
log : 24385 / 2017-2-15
YA20151207130233 - 2017-02-06 12:10:00
state : 1
log : 14498 / 2017-2-6
YA20151207130233 - 2017-02-06 12:11:00
state : 2
log : 6085 : 이미 막힌 객실 선택
YA20161116113212 - 2017-02-06 12:19:59
state : 1
log : 23030 / 2017-02-18
YA20151207130233 - 2017-02-06 12:21:18
state : 1
log : 24779 / 2017-2-28
YA20151207130233 - 2017-02-06 12:21:20
state : 1
log : 24781 / 2017-2-28
YA20161116113212 - 2017-02-06 12:36:44
state : 1
log : 35787 / 2017-02-11
YA20151207130233 - 2017-02-06 12:39:34
state : 1
log : 20704 / 2017-4-8
YA20161116113212 - 2017-02-06 12:39:52
state : 1
log : 13365 / 2017-02-11
YA20151207130233 - 2017-02-06 12:41:57
state : 3
log : 6575 : 등록된 객실 없습니다
2017-02-06 12:44:45
key : YA20151207130233
state : 1
log : 23340 / 2017-02-07
2017-02-06 12:53:39
key : YA20151207130233
state : 1
log : 23340 / 2017-02-07
YA20151207130233 - 2017-02-06 12:58:18
state : 3
log :  : 등록된 객실 없습니다
YA20151207130233 - 2017-02-06 13:05:12
state : 1
log : 33983 / 2017-02-17
YA20151207130233 - 2017-02-06 13:05:13
state : 2
log : 6084 : 이미 막힌 객실 선택
YA20151207130233 - 2017-02-06 13:07:09
state : 1
log : 23340 / 2017-2-7
YA20151207130233 - 2017-02-06 13:08:41
state : 1
log : 21580 / 2017-2-14
YA20151207130233 - 2017-02-06 13:12:34
state : 1
log : 20712 / 2017-03-01
2017-02-06 13:13:08
key : YA20151207130233
state : 1
log : 23340 / 2017-2-7
YA20151207130233 - 2017-02-06 13:13:44
state : 1
log : 43983 / 2017-5-5
YA20151207130233 - 2017-02-06 13:13:45
state : 1
log : 43983 / 2017-5-6
YA20161116113212 - 2017-02-06 13:14:14
state : 1
log : 16291 / 2017-02-10
YA20151207130233 - 2017-02-06 13:26:00
state : 1
log : 29445 / 2017-2-9
YA20151207130233 - 2017-02-06 13:26:08
state : 1
log : 21745 / 2017-02-07
YA20151207130233 - 2017-02-06 13:35:18
state : 1
log : 21751 / 2017-02-07
YA20161116113212 - 2017-02-06 13:36:01
state : 1
log : 29886 / 2017-02-11
YA20151207130233 - 2017-02-06 13:49:38
state : 1
log : 7072 / 2017-2-6
YA20151207130233 - 2017-02-06 13:53:03
state : 1
log : 47720 / 2017-2-6
YA20151207130233 - 2017-02-06 13:53:05
state : 1
log : 47720 / 2017-2-7
YA20151207130233 - 2017-02-06 13:53:06
state : 1
log : 47720 / 2017-2-8
YA20151207130233 - 2017-02-06 13:53:07
state : 1
log : 47720 / 2017-2-9
YA20151207130233 - 2017-02-06 13:55:17
state : 1
log : 34018 / 2017-02-10
YA20151207130233 - 2017-02-06 13:55:18
state : 1
log : 34018 / 2017-02-11
YA20151207130233 - 2017-02-06 13:58:17
state : 1
log : 43741 / 2017-02-16
YA20161116113212 - 2017-02-06 13:58:18
state : 1
log : 22071 / 2017-02-11
YA20161116113212 - 2017-02-06 14:03:00
state : 1
log : 23198 / 2017-02-06
YA20151207130233 - 2017-02-06 14:03:46
state : 2
log : 1765 : 이미 막힌 객실 선택
YA20151207130233 - 2017-02-06 14:03:48
state : 1
log : 18095 / 2017-2-11
YA20161116113212 - 2017-02-06 14:11:56
state : 1
log : 10648 / 2017-02-06
YA20151207130233 - 2017-02-06 14:12:40
state : 1
log : 20703 / 2017-2-28
YA20151207130233 - 2017-02-06 14:12:41
state : 1
log : 20704 / 2017-2-28
YA20161116113212 - 2017-02-06 14:15:16
state : 1
log : 9435 / 2017-02-25
YA20161116113212 - 2017-02-06 14:15:32
state : 1
log : 26665 / 2017-02-10
2017-02-06 14:18:55
key : YA20151207130233
state : 1
log : 29442 / 2017-02-11
YA20151207130233 - 2017-02-06 14:19:47
state : 1
log : 34061 / 2017-2-10
YA20151207130233 - 2017-02-06 14:20:24
state : 3
log :  : 등록된 객실 없습니다
YA20151207130233 - 2017-02-06 14:23:45
state : 1
log : 43736 / 2017-2-9
YA20151207130233 - 2017-02-06 14:24:04
state : 1
log : 43741 / 2017-2-16
YA20151207130233 - 2017-02-06 14:27:03
state : 1
log : 23340 / 2017-2-7
YA20151207130233 - 2017-02-06 14:27:14
state : 1
log : 23483 / 2017-2-8
YA20151207130233 - 2017-02-06 14:27:16
state : 1
log : 23520 / 2017-2-8
YA20151207130233 - 2017-02-06 14:28:51
state : 1
log : 6399 / 2017-2-17
YA20161116113212 - 2017-02-06 14:30:01
state : 1
log : 4405 / 2017-02-11
YA20151207130233 - 2017-02-06 14:32:12
state : 1
log : 17746 / 2017-2-6
YA20151207130233 - 2017-02-06 14:32:23
state : 1
log : 17745 / 2017-2-6
YA20151207130233 - 2017-02-06 14:34:51
state : 1
log : 23637 / 2017-2-12
YA20151207130233 - 2017-02-06 14:46:29
state : 1
log : 17754 / 2017-2-10
YA20151207130233 - 2017-02-06 14:46:32
state : 2
log : 5247 : 이미 막힌 객실 선택
YA20151207130233 - 2017-02-06 14:47:06
state : 1
log : 43736 / 2017-2-10
YA20151207130233 - 2017-02-06 14:47:08
state : 1
log : 43737 / 2017-2-10
YA20151207130233 - 2017-02-06 14:47:09
state : 1
log : 43741 / 2017-2-10
YA20151207130233 - 2017-02-06 14:47:10
state : 1
log : 43766 / 2017-2-10
YA20151207130233 - 2017-02-06 14:47:12
state : 1
log : 43769 / 2017-2-10
YA20151207130233 - 2017-02-06 14:47:15
state : 1
log : 43771 / 2017-2-10
YA20151207130233 - 2017-02-06 14:47:16
state : 1
log : 43772 / 2017-2-10
YA20151207130233 - 2017-02-06 14:47:17
state : 1
log : 43773 / 2017-2-10
YA20151207130233 - 2017-02-06 14:49:39
state : 1
log : 43773 / 2017-02-09
YA20151207130233 - 2017-02-06 14:53:24
state : 2
log : 5250 : 이미 막힌 객실 선택
YA20151207130233 - 2017-02-06 14:53:25
state : 3
log : 5332 : 등록된 객실 없습니다
YA20151207130233 - 2017-02-06 14:54:04
state : 1
log : 21577 / 2017-2-6
YA20151207130233 - 2017-02-06 14:56:19
state : 1
log : 21751 / 2017-2-7
2017-02-06 14:58:29
key : YA20151207130233
state : 1
log : 21745 / 2017-2-7
2017-02-06 15:04:27
key : YA20151207130233
state : 1
log : 43736 / 2017-2-25
YA20151207130233 - 2017-02-06 15:05:29
state : 1
log : 43736 / 2017-02-18
YA20151207130233 - 2017-02-06 15:07:05
state : 1
log : 43736 / 2017-2-18
YA20151207130233 - 2017-02-06 15:15:07
state : 2
log : 4187 : 이미 막힌 객실 선택
YA20151207130233 - 2017-02-06 15:15:09
state : 1
log : 24713 / 2017-2-6
YA20151207130233 - 2017-02-06 15:15:11
state : 1
log : 24711 / 2017-2-6
YA20151207130233 - 2017-02-06 15:15:12
state : 1
log : 24715 / 2017-2-12
YA20161116113212 - 2017-02-06 15:24:32
state : 1
log : 36421 / 2017-02-06
YA20151207130233 - 2017-02-06 15:26:32
state : 1
log : 9725 / 2017-2-20
YA20151207130233 - 2017-02-06 15:27:24
state : 1
log : 43772 / 2017-02-19
YA20151207130233 - 2017-02-06 15:27:58
state : 1
log : 6399 / 2017-02-18
YA20151207130233 - 2017-02-06 15:29:00
state : 1
log : 21813 / 2017-2-6
YA20151207130233 - 2017-02-06 15:29:59
state : 1
log : 21814 / 2017-02-06
YA20161116113212 - 2017-02-06 15:30:36
state : 1
log : 4297 / 2017-02-11
YA20151207130233 - 2017-02-06 15:31:05
state : 1
log : 21819 / 2017-2-16
YA20161116113212 - 2017-02-06 15:31:10
state : 1
log : 15957 / 2017-02-06
YA20151207130233 - 2017-02-06 15:34:55
state : 1
log : 21745 / 2017-2-25
YA20151207130233 - 2017-02-06 15:37:55
state : 1
log : 21757 / 2017-2-12
YA20151207130233 - 2017-02-06 15:41:12
state : 1
log : 6399 / 2017-2-18
YA20151207130233 - 2017-02-06 15:42:40
state : 1
log : 43771 / 2017-02-11
YA20151207130233 - 2017-02-06 15:44:46
state : 1
log : 17746 / 2017-2-6
2017-02-06 15:44:59
key : YA20151207130233
state : 1
log : 17745 / 2017-2-6
YA20151207130233 - 2017-02-06 15:45:16
state : 1
log : 17753 / 2017-2-7
YA20151207130233 - 2017-02-06 15:45:31
state : 1
log : 17749 / 2017-2-12
YA20151207130233 - 2017-02-06 15:45:46
state : 1
log : 21747 / 2017-2-17
YA20151207130233 - 2017-02-06 15:46:32
state : 1
log : 14498 / 2017-2-6
YA20151207130233 - 2017-02-06 15:46:58
state : 1
log : 21820 / 2017-2-13
YA20151207130233 - 2017-02-06 15:46:59
state : 1
log : 21821 / 2017-2-13
YA20151207130233 - 2017-02-06 15:47:35
state : 1
log : 17753 / 2017-2-7
YA20161116113212 - 2017-02-06 15:51:41
state : 1
log : 48117 / 2017-02-22
YA20161116113212 - 2017-02-06 15:52:04
state : 1
log : 45963 / 2017-02-10
YA20151207130233 - 2017-02-06 15:53:59
state : 1
log : 21577 / 2017-02-13
YA20161116113212 - 2017-02-06 16:01:46
state : 1
log : 22071 / 2017-02-09
YA20151207130233 - 2017-02-06 16:05:37
state : 2
log : 6082 : 이미 막힌 객실 선택
YA20151207130233 - 2017-02-06 16:13:11
state : 1
log : 21577 / 2017-2-13
2017-02-06 16:13:32
key : YA20151207130233
state : 1
log : 21747 / 2017-2-17
YA20151207130233 - 2017-02-06 16:18:51
state : 1
log : 14498 / 2017-2-22
YA20151207130233 - 2017-02-06 16:24:45
state : 1
log : 18058 / 2017-3-3
YA20161116113212 - 2017-02-06 16:24:51
state : 1
log : 45825 / 2017-02-06
YA20151207130233 - 2017-02-06 16:24:55
state : 1
log : 18058 / 2017-3-4
YA20151207130233 - 2017-02-06 16:33:22
state : 1
log : 21580 / 2017-03-25
YA20151207130233 - 2017-02-06 16:35:05
state : 1
log : 20715 / 2017-2-6
YA20151207130233 - 2017-02-06 16:35:27
state : 3
log : 6303 : 등록된 객실 없습니다
YA20151207130233 - 2017-02-06 16:35:28
state : 3
log : 6302 : 등록된 객실 없습니다
YA20151207130233 - 2017-02-06 16:35:30
state : 1
log : 20703 / 2017-2-6
YA20151207130233 - 2017-02-06 16:35:42
state : 3
log : 6303 : 등록된 객실 없습니다
YA20151207130233 - 2017-02-06 16:36:09
state : 1
log : 6399 / 2017-02-16
YA20151207130233 - 2017-02-06 16:38:16
state : 1
log : 6399 / 2017-2-15
YA20151207130233 - 2017-02-06 16:38:19
state : 1
log : 6400 / 2017-2-15
YA20151207130233 - 2017-02-06 16:38:20
state : 2
log : 5239 : 이미 막힌 객실 선택
YA20151207130233 - 2017-02-06 16:38:21
state : 1
log : 6402 / 2017-2-15
YA20151207130233 - 2017-02-06 16:38:23
state : 1
log : 6403 / 2017-2-15
YA20151207130233 - 2017-02-06 16:38:25
state : 1
log : 6399 / 2017-2-18
YA20151207130233 - 2017-02-06 16:40:14
state : 1
log : 12538 / 2017-2-18
YA20161116113212 - 2017-02-06 16:42:26
state : 1
log : 20923 / 2017-02-07
YA20161116113212 - 2017-02-06 16:42:51
state : 1
log : 22680 / 2017-02-08
YA20161116113212 - 2017-02-06 16:44:03
state : 1
log : 27987 / 2017-02-06
YA20151207130233 - 2017-02-06 16:45:20
state : 1
log : 10541 / 2017-2-25
YA20151207130233 - 2017-02-06 16:45:23
state : 1
log : 10541 / 2017-2-25
YA20151207130233 - 2017-02-06 16:45:24
state : 1
log : 10541 / 2017-2-25
YA20161116113212 - 2017-02-06 16:48:50
state : 1
log : 46667 / 2017-02-07
YA20151207130233 - 2017-02-06 16:50:58
state : 1
log : 21820 / 2017-2-10
YA20151207130233 - 2017-02-06 16:51:46
state : 3
log : 6303 : 등록된 객실 없습니다
YA20151207130233 - 2017-02-06 16:52:37
state : 1
log : 25046 / 2017-02-11
YA20161116113212 - 2017-02-06 16:58:34
state : 1
log : 34256 / 2017-02-06
YA20161116113212 - 2017-02-06 16:59:07
state : 1
log : 35748 / 2017-02-21
YA20151207130233 - 2017-02-06 17:06:31
state : 1
log : 24386 / 2017-2-8
YA20151207130233 - 2017-02-06 17:15:31
state : 1
log : 1491 / 2017-2-10
YA20161116113212 - 2017-02-06 17:17:25
state : 1
log : 22427 / 2017-02-10
YA20151207130233 - 2017-02-06 17:17:59
state : 1
log : 13037 / 2017-2-17
YA20151207130233 - 2017-02-06 17:24:39
state : 1
log : 34060 / 2017-02-07
YA20161116113212 - 2017-02-06 17:25:18
state : 1
log : 21210 / 2017-02-11
YA20151207130233 - 2017-02-06 17:35:15
state : 3
log : 6304 : 등록된 객실 없습니다
YA20151207130233 - 2017-02-06 17:44:44
state : 1
log : 29447 / 2017-02-11
YA20151207130233 - 2017-02-06 17:47:03
state : 3
log : 6304 : 등록된 객실 없습니다
YA20151207130233 - 2017-02-06 17:47:29
state : 1
log : 21820 / 2017-2-6
2017-02-06 17:47:55
key : YA20151207130233
state : 1
log : 21814 / 2017-2-6
YA20151207130233 - 2017-02-06 17:53:53
state : 1
log : 43772 / 2017-02-09
YA20151207130233 - 2017-02-06 18:04:46
state : 1
log : 21813 / 2017-2-6
YA20151207130233 - 2017-02-06 18:04:47
state : 1
log : 21813 / 2017-2-6
YA20161116113212 - 2017-02-06 18:06:37
state : 1
log : 18200 / 2017-02-08
YA20161116113212 - 2017-02-06 18:12:08
state : 1
log : 17784 / 2017-02-11
YA20151207130233 - 2017-02-06 18:12:35
state : 1
log : 18055 / 2017-03-04
YA20151207130233 - 2017-02-06 18:12:37
state : 1
log : 18056 / 2017-03-04
YA20151207130233 - 2017-02-06 18:14:02
state : 1
log : 43772 / 2017-2-9
YA20151207130233 - 2017-02-06 18:14:04
state : 1
log : 43773 / 2017-2-9
YA20151207130233 - 2017-02-06 18:14:51
state : 1
log : 43736 / 2017-2-10
YA20151207130233 - 2017-02-06 18:14:52
state : 1
log : 43737 / 2017-2-10
YA20151207130233 - 2017-02-06 18:14:53
state : 1
log : 43741 / 2017-2-10
YA20151207130233 - 2017-02-06 18:14:55
state : 1
log : 43766 / 2017-2-10
YA20151207130233 - 2017-02-06 18:14:56
state : 1
log : 43769 / 2017-2-10
YA20151207130233 - 2017-02-06 18:14:57
state : 1
log : 43772 / 2017-2-10
YA20151207130233 - 2017-02-06 18:14:59
state : 1
log : 43773 / 2017-2-10
YA20151207130233 - 2017-02-06 18:15:03
state : 2
log : 4600 : 이미 막힌 객실 선택
YA20151207130233 - 2017-02-06 18:15:42
state : 1
log : 9725 / 2017-2-7
YA20151207130233 - 2017-02-06 18:16:09
state : 1
log : 9725 / 2017-2-8
2017-02-06 18:26:10
key : YA20151207130233
state : 1
log : 21821 / 2017-2-13
2017-02-06 18:26:11
key : YA20151207130233
state : 1
log : 21820 / 2017-2-13
2017-02-06 18:26:13
key : YA20151207130233
state : 1
log : 21821 / 2017-2-13
2017-02-06 18:26:15
key : YA20151207130233
state : 1
log : 21820 / 2017-2-13
2017-02-06 18:26:16
key : YA20151207130233
state : 1
log : 21821 / 2017-2-13
2017-02-06 18:26:18
key : YA20151207130233
state : 1
log : 21820 / 2017-2-13
2017-02-06 18:26:19
key : YA20151207130233
state : 1
log : 21821 / 2017-2-13
YA20161116113212 - 2017-02-06 18:31:43
state : 1
log : 38708 / 2017-02-06
YA20151207130233 - 2017-02-06 18:33:51
state : 1
log : 24779 / 2017-2-28
YA20151207130233 - 2017-02-06 18:33:52
state : 1
log : 24781 / 2017-2-28
YA20161116113212 - 2017-02-06 18:37:24
state : 1
log : 14534 / 2017-02-06
YA20151207130233 - 2017-02-06 18:41:50
state : 1
log : 21820 / 2017-2-11
YA20151207130233 - 2017-02-06 18:51:28
state : 1
log : 34060 / 2017-2-7
YA20151207130233 - 2017-02-06 18:53:21
state : 1
log : 21580 / 2017-3-25
YA20151207130233 - 2017-02-06 18:53:25
state : 1
log : 34061 / 2017-02-26
YA20151207130233 - 2017-02-06 18:53:33
state : 1
log : 21579 / 2017-3-25
YA20151207130233 - 2017-02-06 18:53:35
state : 1
log : 21577 / 2017-3-25
YA20151207130233 - 2017-02-06 18:55:01
state : 1
log : 34061 / 2017-2-26
YA20151207130233 - 2017-02-06 18:56:42
state : 1
log : 21576 / 2017-2-25
2017-02-06 19:00:04
key : YA20151207130233
state : 1
log : 29443 / 2017-02-11
YA20151207130233 - 2017-02-06 19:00:57
state : 1
log : 31609 / 2017-02-11
YA20161116113212 - 2017-02-06 19:03:32
state : 1
log : 10334 / 2017-02-11
YA20151207130233 - 2017-02-06 19:04:57
state : 3
log :  : 등록된 객실 없습니다
YA20151207130233 - 2017-02-06 19:05:56
state : 1
log : 17750 / 2017-2-11
YA20151207130233 - 2017-02-06 19:07:33
state : 1
log : 21577 / 2017-2-8
YA20151207130233 - 2017-02-06 19:11:34
state : 1
log : 47864 / 2017-2-19
YA20151207130233 - 2017-02-06 19:13:54
state : 2
log : 4361 : 이미 막힌 객실 선택
YA20151207130233 - 2017-02-06 19:13:56
state : 2
log : 4361 : 이미 막힌 객실 선택
YA20151207130233 - 2017-02-06 19:15:49
state : 1
log : 25131 / 2017-2-16
YA20161116113212 - 2017-02-06 19:21:36
state : 1
log : 28975 / 2017-02-15
28975 / 2017-02-16
28975 / 2017-02-17
YA20161116113212 - 2017-02-06 19:22:21
state : 1
log : 22144 / 2017-02-08
YA20161116113212 - 2017-02-06 19:37:52
state : 1
log : 1570 / 2017-02-09
YA20151207130233 - 2017-02-06 19:38:49
state : 1
log : 29443 / 2017-02-12
YA20151207130233 - 2017-02-06 19:42:27
state : 1
log : 21760 / 2017-02-08
YA20151207130233 - 2017-02-06 19:46:41
state : 1
log : 21813 / 2017-02-14
YA20151207130233 - 2017-02-06 19:46:59
state : 1
log : 23579 / 2017-02-10
YA20151207130233 - 2017-02-06 19:47:46
state : 1
log : 21814 / 2017-2-6
YA20151207130233 - 2017-02-06 19:49:03
state : 1
log : 21817 / 2017-02-15
YA20151207130233 - 2017-02-06 19:58:24
state : 1
log : 23584 / 2017-02-17
YA20151207130233 - 2017-02-06 19:58:26
state : 1
log : 23584 / 2017-02-18
YA20151207130233 - 2017-02-06 20:05:49
state : 1
log : 3695 / 2017-2-11
YA20151207130233 - 2017-02-06 20:31:27
state : 1
log : 21580 / 2017-2-12
YA20151207130233 - 2017-02-06 20:33:22
state : 1
log : 21579 / 2017-2-16
YA20151207130233 - 2017-02-06 20:33:23
state : 1
log : 21578 / 2017-2-16
YA20151207130233 - 2017-02-06 20:33:37
state : 1
log : 21580 / 2017-2-15
YA20151207130233 - 2017-02-06 20:33:38
state : 1
log : 21578 / 2017-2-15
YA20151207130233 - 2017-02-06 20:33:55
state : 1
log : 21578 / 2017-2-14
YA20151207130233 - 2017-02-06 20:33:57
state : 1
log : 21577 / 2017-2-17
YA20161116113212 - 2017-02-06 20:34:19
state : 1
log : 21798 / 2017-02-06
2017-02-06 20:35:46
key : YA20151207130233
state : 1
log : 21730 / 2017-02-11
YA20151207130233 - 2017-02-06 20:38:28
state : 3
log :  : 등록된 객실 없습니다
YA20151207130233 - 2017-02-06 20:38:48
state : 1
log : 23340 / 2017-2-7
YA20151207130233 - 2017-02-06 20:41:01
state : 1
log : 21720 / 2017-2-11
YA20151207130233 - 2017-02-06 20:41:02
state : 1
log : 21721 / 2017-2-11
YA20151207130233 - 2017-02-06 20:41:05
state : 1
log : 21722 / 2017-2-11
YA20151207130233 - 2017-02-06 20:41:35
state : 1
log : 21720 / 2017-2-7
YA20151207130233 - 2017-02-06 20:41:36
state : 1
log : 21737 / 2017-2-7
YA20161116113212 - 2017-02-06 20:46:34
state : 1
log : 21812 / 2017-02-18
YA20161116113212 - 2017-02-06 20:48:26
state : 1
log : 316 / 2017-02-24
YA20151207130233 - 2017-02-06 20:50:36
state : 1
log : 25046 / 2017-2-11
2017-02-06 20:54:21
key : YA20151207130233
state : 1
log : 21577 / 2017-02-24
YA20151207130233 - 2017-02-06 20:55:05
state : 1
log : 21577 / 2017-02-24
YA20151207130233 - 2017-02-06 20:57:37
state : 2
log : 5247 : 이미 막힌 객실 선택
YA20151207130233 - 2017-02-06 20:58:53
state : 1
log : 21818 / 2017-02-07
YA20151207130233 - 2017-02-06 21:04:08
state : 1
log : 2183 / 2017-3-11
YA20161116113212 - 2017-02-06 21:12:26
state : 1
log : 17975 / 2017-02-10
YA20161116113212 - 2017-02-06 21:14:33
state : 1
log : 8082 / 2017-02-11
YA20151207130233 - 2017-02-06 21:26:10
state : 1
log : 35133 / 2017-2-18
YA20151207130233 - 2017-02-06 21:40:36
state : 1
log : 14494 / 2017-2-19
YA20151207130233 - 2017-02-06 21:42:46
state : 2
log : 3516 : 이미 막힌 객실 선택
YA20151207130233 - 2017-02-06 21:49:45
state : 1
log : 24464 / 2017-2-10
YA20151207130233 - 2017-02-06 21:49:46
state : 2
log : 1888 : 이미 막힌 객실 선택
YA20151207130233 - 2017-02-06 21:50:01
state : 1
log : 24470 / 2017-2-21
YA20151207130233 - 2017-02-06 21:50:03
state : 1
log : 24470 / 2017-2-22
YA20161116113212 - 2017-02-06 21:51:24
state : 1
log : 46067 / 2017-02-07
46067 / 2017-02-08
YA20161116113212 - 2017-02-06 21:51:40
state : 1
log : 38109 / 2017-02-11
YA20161116113212 - 2017-02-06 21:54:46
state : 1
log : 37546 / 2017-02-12
YA20161116113212 - 2017-02-06 22:04:12
state : 1
log : 25290 / 2017-02-11
YA20151207130233 - 2017-02-06 22:25:01
state : 1
log : 48320 / 2017-02-23
YA20151207130233 - 2017-02-06 22:26:41
state : 1
log : 6399 / 2017-2-16
YA20151207130233 - 2017-02-06 22:27:55
state : 1
log : 1491 / 2017-02-06
YA20151207130233 - 2017-02-06 22:38:46
state : 1
log : 22869 / 2017-2-6
YA20161116113212 - 2017-02-06 22:48:08
state : 1
log : 13454 / 2017-02-22
YA20151207130233 - 2017-02-06 22:51:38
state : 1
log : 34061 / 2017-02-07
YA20161116113212 - 2017-02-06 23:15:18
state : 1
log : 44623 / 2017-02-11
YA20151207130233 - 2017-02-06 23:20:24
state : 1
log : 43982 / 2017-02-25
2017-02-06 23:23:15
key : YA20151207130233
state : 1
log : 35129 / 2017-02-13
YA20151207130233 - 2017-02-06 23:29:42
state : 1
log : 22726 / 2017-2-18
YA20151207130233 - 2017-02-06 23:29:43
state : 1
log : 22724 / 2017-2-18
YA20151207130233 - 2017-02-06 23:35:50
state : 1
log : 21816 / 2017-02-25
2017-02-06 23:45:14
key : YA20151207130233
state : 1
log : 1491 / 2017-2-6
YA20151207130233 - 2017-02-06 23:48:36
state : 1
log : 24146 / 2017-2-11
YA20161116113212 - 2017-02-06 23:49:32
state : 1
log : 26758 / 2017-02-09
26758 / 2017-02-10
26758 / 2017-02-11
YA20161116113212 - 2017-02-06 23:52:24
state : 1
log : 30387 / 2017-02-19
