YA20151207130233 - 2017-02-08 00:02:36
state : 1
log : 21756 / 2017-02-10
YA20161116113212 - 2017-02-08 00:06:54
state : 1
log : 29413 / 2017-02-27
YA20161116113212 - 2017-02-08 00:11:50
state : 1
log : 30779 / 2017-02-11
YA20151207130233 - 2017-02-08 00:20:53
state : 1
log : 21820 / 2017-02-12
YA20161116113212 - 2017-02-08 00:21:37
state : 1
log : 44612 / 2017-02-11
YA20161116113212 - 2017-02-08 00:39:55
state : 1
log : 40819 / 2017-02-26
YA20151207130233 - 2017-02-08 01:53:43
state : 1
log : 46326 / 2017-2-14
YA20151207130233 - 2017-02-08 01:53:44
state : 1
log : 46330 / 2017-2-14
YA20151207130233 - 2017-02-08 01:57:51
state : 1
log : 21813 / 2017-02-11
YA20151207130233 - 2017-02-08 03:32:43
state : 1
log : 10538 / 2017-02-08
YA20151207130233 - 2017-02-08 03:40:39
state : 1
log : 23584 / 2017-2-9
2017-02-08 03:40:58
key : YA20151207130233
state : 1
log : 23584 / 2017-2-9
YA20151207130233 - 2017-02-08 04:03:31
state : 1
log : 10538 / 2017-2-8
YA20151207130233 - 2017-02-08 05:57:51
state : 1
log : 21576 / 2017-02-19
YA20151207130233 - 2017-02-08 07:59:40
state : 1
log : 12541 / 2017-2-12
YA20151207130233 - 2017-02-08 08:05:33
state : 1
log : 43772 / 2017-02-26
YA20151207130233 - 2017-02-08 08:06:17
state : 1
log : 47720 / 2017-02-11
YA20151207130233 - 2017-02-08 08:06:36
state : 1
log : 12533 / 2017-2-15
YA20151207130233 - 2017-02-08 08:06:38
state : 1
log : 12538 / 2017-2-17
2017-02-08 08:08:58
key : YA20151207130233
state : 1
log : 24384 / 2017-2-18
YA20151207130233 - 2017-02-08 08:16:00
state : 1
log : 43772 / 2017-2-26
YA20151207130233 - 2017-02-08 08:30:00
state : 1
log : 43773 / 2017-02-13
2017-02-08 08:30:51
key : YA20151207130233
state : 1
log : 43773 / 2017-2-9
YA20151207130233 - 2017-02-08 08:31:02
state : 1
log : 43773 / 2017-2-13
YA20151207130233 - 2017-02-08 08:35:09
state : 1
log : 236 / 2017-2-11
YA20151207130233 - 2017-02-08 08:52:50
state : 3
log : 6303 : 등록된 객실 없습니다
YA20151207130233 - 2017-02-08 08:53:11
state : 3
log : 6297 : 등록된 객실 없습니다
YA20161116113212 - 2017-02-08 08:54:11
state : 1
log : 46660 / 2017-02-08
46660 / 2017-02-09
YA20151207130233 - 2017-02-08 08:59:31
state : 1
log : 20706 / 2017-2-8
YA20151207130233 - 2017-02-08 08:59:32
state : 1
log : 20715 / 2017-2-8
YA20151207130233 - 2017-02-08 08:59:47
state : 1
log : 20706 / 2017-2-9
YA20151207130233 - 2017-02-08 08:59:48
state : 1
log : 20710 / 2017-2-9
YA20151207130233 - 2017-02-08 08:59:49
state : 1
log : 20713 / 2017-2-9
YA20151207130233 - 2017-02-08 09:06:33
state : 1
log : 13037 / 2017-3-24
YA20151207130233 - 2017-02-08 09:06:35
state : 1
log : 13038 / 2017-3-24
YA20151207130233 - 2017-02-08 09:09:03
state : 1
log : 46326 / 2017-2-9
2017-02-08 09:18:19
key : YA20151207130233
state : 1
log : 43773 / 2017-2-9
2017-02-08 09:18:20
key : YA20151207130233
state : 1
log : 43736 / 2017-2-10
2017-02-08 09:19:06
key : YA20151207130233
state : 1
log : 43737 / 2017-2-10
2017-02-08 09:19:07
key : YA20151207130233
state : 1
log : 43741 / 2017-2-10
YA20151207130233 - 2017-02-08 09:19:38
state : 1
log : 21815 / 2017-2-11
YA20151207130233 - 2017-02-08 09:19:43
state : 1
log : 43766 / 2017-2-11
YA20151207130233 - 2017-02-08 09:19:45
state : 1
log : 43769 / 2017-2-11
YA20151207130233 - 2017-02-08 09:22:13
state : 2
log : 4599 : 이미 막힌 객실 선택
YA20161116113212 - 2017-02-08 09:22:51
state : 1
log : 24841 / 2017-02-10
YA20151207130233 - 2017-02-08 09:29:45
state : 1
log : 29443 / 2017-02-11
2017-02-08 09:31:38
key : YA20151207130233
state : 1
log : 7072 / 2017-02-08
YA20151207130233 - 2017-02-08 09:43:15
state : 1
log : 21579 / 2017-2-12
2017-02-08 09:49:09
key : YA20151207130233
state : 1
log : 46326 / 2017-2-14
2017-02-08 09:49:11
key : YA20151207130233
state : 1
log : 46330 / 2017-2-14
YA20151207130233 - 2017-02-08 09:55:36
state : 1
log : 35132 / 2017-2-8
2017-02-08 09:58:15
key : YA20151207130233
state : 1
log : 35129 / 2017-2-13
2017-02-08 09:58:33
key : YA20151207130233
state : 1
log : 35129 / 2017-2-13
YA20151207130233 - 2017-02-08 09:58:58
state : 3
log : 6297 : 등록된 객실 없습니다
YA20151207130233 - 2017-02-08 10:09:20
state : 1
log : 21818 / 2017-02-19
YA20161116113212 - 2017-02-08 10:12:20
state : 1
log : 48114 / 2017-02-08
YA20151207130233 - 2017-02-08 10:19:40
state : 1
log : 21818 / 2017-2-11
YA20151207130233 - 2017-02-08 10:25:04
state : 1
log : 23580 / 2017-2-10
YA20151207130233 - 2017-02-08 10:26:36
state : 1
log : 24133 / 2017-02-17
2017-02-08 10:26:46
key : YA20151207130233
state : 1
log : 35169 / 2017-2-18
YA20151207130233 - 2017-02-08 10:28:12
state : 1
log : 24133 / 2017-03-03
YA20151207130233 - 2017-02-08 10:30:29
state : 1
log : 17745 / 2017-02-17
YA20151207130233 - 2017-02-08 10:38:17
state : 1
log : 17745 / 2017-2-17
YA20151207130233 - 2017-02-08 10:47:29
state : 1
log : 21787 / 2017-2-28
YA20151207130233 - 2017-02-08 10:47:53
state : 1
log : 46326 / 2017-2-14
YA20151207130233 - 2017-02-08 10:47:55
state : 1
log : 46330 / 2017-2-14
YA20151207130233 - 2017-02-08 10:47:56
state : 1
log : 46326 / 2017-2-14
YA20151207130233 - 2017-02-08 10:47:57
state : 1
log : 46330 / 2017-2-14
YA20151207130233 - 2017-02-08 10:47:59
state : 1
log : 46326 / 2017-2-14
YA20151207130233 - 2017-02-08 10:48:00
state : 1
log : 46330 / 2017-2-14
YA20151207130233 - 2017-02-08 10:52:00
state : 1
log : 21787 / 2017-2-27
YA20151207130233 - 2017-02-08 11:06:44
state : 1
log : 35134 / 2017-02-10
YA20151207130233 - 2017-02-08 11:15:46
state : 1
log : 9726 / 2017-02-18
YA20151207130233 - 2017-02-08 11:20:20
state : 1
log : 35133 / 2017-02-10
YA20151207130233 - 2017-02-08 11:20:43
state : 1
log : 35134 / 2017-2-8
2017-02-08 11:21:31
key : YA20151207130233
state : 1
log : 35132 / 2017-2-8
YA20151207130233 - 2017-02-08 11:24:07
state : 1
log : 19372 / 2017-2-10
YA20151207130233 - 2017-02-08 11:24:27
state : 1
log : 35133 / 2017-2-10
YA20151207130233 - 2017-02-08 11:30:04
state : 1
log : 23314 / 2017-2-10
YA20151207130233 - 2017-02-08 11:30:59
state : 1
log : 23314 / 2017-2-10
2017-02-08 11:31:29
key : YA20151207130233
state : 1
log : 23314 / 2017-2-10
YA20151207130233 - 2017-02-08 11:31:49
state : 1
log : 23313 / 2017-2-9
YA20151207130233 - 2017-02-08 11:32:33
state : 1
log : 46155 / 2017-2-11
YA20151207130233 - 2017-02-08 11:33:33
state : 1
log : 46158 / 2017-2-13
YA20151207130233 - 2017-02-08 11:33:45
state : 1
log : 46155 / 2017-2-13
YA20151207130233 - 2017-02-08 11:38:59
state : 1
log : 25048 / 2017-02-18
2017-02-08 11:42:23
key : YA20151207130233
state : 1
log : 21820 / 2017-2-10
YA20151207130233 - 2017-02-08 11:43:35
state : 1
log : 3701 / 2017-02-11
YA20151207130233 - 2017-02-08 11:43:51
state : 1
log : 29444 / 2017-02-10
YA20151207130233 - 2017-02-08 11:45:00
state : 1
log : 29447 / 2017-2-12
YA20151207130233 - 2017-02-08 11:45:01
state : 1
log : 29447 / 2017-2-13
2017-02-08 11:45:16
key : YA20151207130233
state : 1
log : 29447 / 2017-2-13
YA20151207130233 - 2017-02-08 11:46:08
state : 2
log : 4359 : 이미 막힌 객실 선택
YA20151207130233 - 2017-02-08 11:51:09
state : 2
log : 5247 : 이미 막힌 객실 선택
YA20151207130233 - 2017-02-08 11:53:42
state : 2
log : 6399 : 이미 막힌 객실 선택
YA20161116113212 - 2017-02-08 11:54:18
state : 1
log : 29349 / 2017-02-28
YA20151207130233 - 2017-02-08 12:10:58
state : 2
log : 4357 : 이미 막힌 객실 선택
YA20151207130233 - 2017-02-08 12:24:01
state : 1
log : 29447 / 2017-2-17
2017-02-08 12:27:36
key : YA20151207130233
state : 1
log : 9723 / 2017-02-18
YA20161116113212 - 2017-02-08 12:34:25
state : 1
log : 38905 / 2017-02-11
YA20161116113212 - 2017-02-08 12:37:20
state : 1
log : 22063 / 2017-02-25
YA20151207130233 - 2017-02-08 12:39:01
state : 1
log : 43741 / 2017-02-19
YA20151207130233 - 2017-02-08 12:44:57
state : 1
log : 43737 / 2017-02-09
YA20151207130233 - 2017-02-08 12:46:09
state : 1
log : 46334 / 2017-2-18
2017-02-08 12:59:22
key : YA20151207130233
state : 1
log : 9723 / 2017-03-18
YA20151207130233 - 2017-02-08 13:03:24
state : 2
log : 6434 : 이미 막힌 객실 선택
YA20151207130233 - 2017-02-08 13:11:47
state : 1
log : 3701 / 2017-02-18
YA20151207130233 - 2017-02-08 13:17:13
state : 1
log : 43982 / 2017-2-25
YA20151207130233 - 2017-02-08 13:30:45
state : 3
log : 6405 : 등록된 객실 없습니다
YA20151207130233 - 2017-02-08 13:31:10
state : 3
log : 6405 : 등록된 객실 없습니다
YA20151207130233 - 2017-02-08 13:31:11
state : 3
log : 6405 : 등록된 객실 없습니다
YA20151207130233 - 2017-02-08 13:31:12
state : 3
log : 6405 : 등록된 객실 없습니다
YA20151207130233 - 2017-02-08 13:31:13
state : 3
log : 6405 : 등록된 객실 없습니다
YA20151207130233 - 2017-02-08 13:31:14
state : 3
log : 6405 : 등록된 객실 없습니다
YA20151207130233 - 2017-02-08 13:31:15
state : 3
log : 6405 : 등록된 객실 없습니다
YA20151207130233 - 2017-02-08 13:31:16
state : 3
log : 6405 : 등록된 객실 없습니다
YA20151207130233 - 2017-02-08 13:31:17
state : 3
log : 6405 : 등록된 객실 없습니다
YA20151207130233 - 2017-02-08 13:31:19
state : 3
log : 6405 : 등록된 객실 없습니다
YA20151207130233 - 2017-02-08 13:31:21
state : 3
log : 6405 : 등록된 객실 없습니다
YA20151207130233 - 2017-02-08 13:31:22
state : 3
log : 6405 : 등록된 객실 없습니다
YA20151207130233 - 2017-02-08 13:31:23
state : 3
log : 6405 : 등록된 객실 없습니다
YA20151207130233 - 2017-02-08 13:31:24
state : 3
log : 6405 : 등록된 객실 없습니다
YA20151207130233 - 2017-02-08 13:31:25
state : 3
log : 6405 : 등록된 객실 없습니다
YA20151207130233 - 2017-02-08 13:31:26
state : 3
log : 6405 : 등록된 객실 없습니다
YA20151207130233 - 2017-02-08 13:31:27
state : 3
log : 6405 : 등록된 객실 없습니다
YA20151207130233 - 2017-02-08 13:31:45
state : 3
log : 6405 : 등록된 객실 없습니다
YA20161116113212 - 2017-02-08 13:31:54
state : 1
log : 34371 / 2017-02-12
YA20161116113212 - 2017-02-08 13:32:38
state : 1
log : 1622 / 2017-02-08
1622 / 2017-02-09
2017-02-08 13:41:34
key : YA20151207130233
state : 1
log : 9723 / 2017-03-18
YA20151207130233 - 2017-02-08 13:46:08
state : 1
log : 23317 / 2017-02-11
YA20151207130233 - 2017-02-08 13:46:46
state : 1
log : 21753 / 2017-2-15
YA20151207130233 - 2017-02-08 13:53:09
state : 1
log : 43736 / 2017-02-15
YA20151207130233 - 2017-02-08 14:01:03
state : 1
log : 20707 / 2017-2-20
YA20161116113212 - 2017-02-08 14:10:14
state : 1
log : 27254 / 2017-02-13
YA20151207130233 - 2017-02-08 14:11:33
state : 1
log : 14493 / 2017-2-8
YA20151207130233 - 2017-02-08 14:16:38
state : 2
log : 5247 : 이미 막힌 객실 선택
YA20151207130233 - 2017-02-08 14:17:00
state : 2
log : 5244 : 이미 막힌 객실 선택
YA20151207130233 - 2017-02-08 14:17:01
state : 2
log : 5243 : 이미 막힌 객실 선택
YA20151207130233 - 2017-02-08 14:17:03
state : 2
log : 5244 : 이미 막힌 객실 선택
YA20151207130233 - 2017-02-08 14:17:04
state : 2
log : 5243 : 이미 막힌 객실 선택
YA20151207130233 - 2017-02-08 14:17:06
state : 1
log : 18078 / 2017-2-25
YA20151207130233 - 2017-02-08 14:20:27
state : 1
log : 9724 / 2017-2-9
YA20151207130233 - 2017-02-08 14:20:53
state : 1
log : 23317 / 2017-2-11
2017-02-08 14:26:42
key : YA20151207130233
state : 1
log : 29442 / 2017-2-10
YA20151207130233 - 2017-02-08 14:37:43
state : 1
log : 17753 / 2017-02-16
2017-02-08 14:41:39
key : YA20151207130233
state : 1
log : 29442 / 2017-02-18
YA20151207130233 - 2017-02-08 14:44:36
state : 2
log : 4363 : 이미 막힌 객실 선택
YA20151207130233 - 2017-02-08 14:44:37
state : 2
log : 4363 : 이미 막힌 객실 선택
YA20151207130233 - 2017-02-08 14:44:57
state : 1
log : 24714 / 2017-2-13
2017-02-08 14:51:04
key : YA20151207130233
state : 1
log : 29442 / 2017-02-18
YA20151207130233 - 2017-02-08 14:52:35
state : 1
log : 344 / 2017-03-18
YA20161116113212 - 2017-02-08 14:53:34
state : 1
log : 26186 / 2017-02-22
26186 / 2017-02-23
YA20151207130233 - 2017-02-08 14:53:52
state : 1
log : 33982 / 2017-02-19
YA20151207130233 - 2017-02-08 14:53:59
state : 1
log : 9723 / 2017-3-18
YA20151207130233 - 2017-02-08 14:55:42
state : 1
log : 17753 / 2017-2-16
YA20161116113212 - 2017-02-08 14:58:44
state : 1
log : 40896 / 2017-02-09
YA20151207130233 - 2017-02-08 15:04:11
state : 1
log : 10537 / 2017-2-8
YA20151207130233 - 2017-02-08 15:07:26
state : 1
log : 14491 / 2017-2-9
YA20151207130233 - 2017-02-08 15:14:46
state : 1
log : 43737 / 2017-2-9
YA20151207130233 - 2017-02-08 15:15:06
state : 1
log : 43736 / 2017-2-15
YA20151207130233 - 2017-02-08 15:15:21
state : 1
log : 43741 / 2017-2-19
YA20151207130233 - 2017-02-08 15:16:47
state : 1
log : 43771 / 2017-2-11
2017-02-08 15:16:59
key : YA20151207130233
state : 1
log : 43771 / 2017-2-11
YA20161116113212 - 2017-02-08 15:18:47
state : 1
log : 15308 / 2017-02-18
YA20151207130233 - 2017-02-08 15:19:40
state : 1
log : 3345 / 2017-02-08
YA20151207130233 - 2017-02-08 15:19:42
state : 1
log : 20707 / 2017-2-12
YA20151207130233 - 2017-02-08 15:20:24
state : 1
log : 23584 / 2017-2-12
YA20151207130233 - 2017-02-08 15:25:05
state : 1
log : 341 / 2017-03-18
YA20151207130233 - 2017-02-08 15:27:34
state : 1
log : 9725 / 2017-2-13
2017-02-08 15:33:58
key : YA20151207130233
state : 1
log : 29442 / 2017-02-18
2017-02-08 15:41:19
key : YA20151207130233
state : 1
log : 21815 / 2017-2-8
YA20151207130233 - 2017-02-08 15:42:04
state : 1
log : 24083 / 2017-03-03
YA20151207130233 - 2017-02-08 15:44:16
state : 1
log : 34060 / 2017-02-10
YA20151207130233 - 2017-02-08 15:50:52
state : 1
log : 34060 / 2017-2-10
2017-02-08 15:54:32
key : YA20151207130233
state : 1
log : 35131 / 2017-2-18
YA20151207130233 - 2017-02-08 15:58:20
state : 1
log : 20708 / 2017-2-15
2017-02-08 15:59:31
key : YA20151207130233
state : 1
log : 29442 / 2017-02-18
YA20151207130233 - 2017-02-08 16:01:27
state : 3
log : 6302 : 등록된 객실 없습니다
YA20151207130233 - 2017-02-08 16:01:28
state : 3
log : 6298 : 등록된 객실 없습니다
YA20151207130233 - 2017-02-08 16:01:30
state : 1
log : 20704 / 2017-2-8
YA20161116113212 - 2017-02-08 16:04:47
state : 1
log : 24410 / 2017-02-12
2017-02-08 16:06:13
key : YA20151207130233
state : 1
log : 29442 / 2017-02-18
2017-02-08 16:20:02
key : YA20151207130233
state : 1
log : 29442 / 2017-02-18
2017-02-08 16:25:42
key : YA20151207130233
state : 1
log : 29442 / 2017-02-18
2017-02-08 16:29:11
key : YA20151207130233
state : 1
log : 29442 / 2017-02-18
YA20151207130233 - 2017-02-08 16:30:57
state : 1
log : 21821 / 2017-02-13
YA20151207130233 - 2017-02-08 16:32:08
state : 1
log : 24469 / 2017-2-17
YA20151207130233 - 2017-02-08 16:32:10
state : 1
log : 24469 / 2017-2-17
YA20151207130233 - 2017-02-08 16:32:11
state : 1
log : 24469 / 2017-2-17
YA20151207130233 - 2017-02-08 16:32:30
state : 1
log : 19912 / 2017-02-11
YA20151207130233 - 2017-02-08 16:35:58
state : 1
log : 17751 / 2017-2-10
YA20151207130233 - 2017-02-08 16:36:12
state : 1
log : 17745 / 2017-2-11
2017-02-08 16:37:31
key : YA20151207130233
state : 1
log : 17753 / 2017-02-11
YA20151207130233 - 2017-02-08 16:38:44
state : 3
log :  : 등록된 객실 없습니다
YA20161116113212 - 2017-02-08 16:43:41
state : 1
log : 11440 / 2017-02-08
YA20161116113212 - 2017-02-08 16:53:49
state : 1
log : 20698 / 2017-02-13
2017-02-08 16:54:38
key : YA20151207130233
state : 1
log : 29442 / 2017-02-18
YA20161116113212 - 2017-02-08 17:01:31
state : 1
log : 44482 / 2017-02-13
2017-02-08 17:01:58
key : YA20151207130233
state : 1
log : 43766 / 2017-02-09
YA20151207130233 - 2017-02-08 17:02:35
state : 1
log : 21833 / 2017-2-10
YA20161116113212 - 2017-02-08 17:04:10
state : 1
log : 15444 / 2017-02-19
2017-02-08 17:07:07
key : YA20151207130233
state : 1
log : 43766 / 2017-02-09
2017-02-08 17:13:58
key : YA20151207130233
state : 1
log : 43766 / 2017-02-09
2017-02-08 17:15:38
key : YA20151207130233
state : 1
log : 35127 / 2017-3-11
YA20151207130233 - 2017-02-08 17:18:18
state : 1
log : 23313 / 2017-2-26
YA20151207130233 - 2017-02-08 17:18:20
state : 1
log : 23316 / 2017-2-26
YA20151207130233 - 2017-02-08 17:18:22
state : 1
log : 23313 / 2017-2-26
YA20151207130233 - 2017-02-08 17:18:24
state : 1
log : 23316 / 2017-2-26
2017-02-08 17:18:36
key : YA20151207130233
state : 1
log : 43766 / 2017-02-09
YA20151207130233 - 2017-02-08 17:21:23
state : 1
log : 22721 / 2017-02-11
YA20151207130233 - 2017-02-08 17:21:34
state : 3
log :  : 등록된 객실 없습니다
2017-02-08 17:24:00
key : YA20151207130233
state : 1
log : 43766 / 2017-02-09
YA20151207130233 - 2017-02-08 17:25:39
state : 1
log : 43736 / 2017-2-26
YA20151207130233 - 2017-02-08 17:27:18
state : 1
log : 29442 / 2017-2-18
2017-02-08 17:28:43
key : YA20151207130233
state : 1
log : 43766 / 2017-02-09
YA20161116113212 - 2017-02-08 17:33:16
state : 1
log : 12466 / 2017-02-11
YA20151207130233 - 2017-02-08 17:37:33
state : 1
log : 10538 / 2017-2-11
YA20151207130233 - 2017-02-08 17:39:23
state : 1
log : 21578 / 2017-2-19
YA20161116113212 - 2017-02-08 17:39:55
state : 1
log : 30543 / 2017-02-09
YA20161116113212 - 2017-02-08 17:40:17
state : 1
log : 17440 / 2017-02-11
YA20151207130233 - 2017-02-08 17:41:12
state : 1
log : 18060 / 2017-2-8
YA20151207130233 - 2017-02-08 17:41:20
state : 1
log : 18060 / 2017-2-9
YA20151207130233 - 2017-02-08 17:41:28
state : 2
log : 5901 : 이미 막힌 객실 선택
YA20151207130233 - 2017-02-08 17:43:59
state : 1
log : 23584 / 2017-2-9
YA20151207130233 - 2017-02-08 17:45:34
state : 2
log : 5903 : 이미 막힌 객실 선택
YA20151207130233 - 2017-02-08 17:45:35
state : 2
log : 5903 : 이미 막힌 객실 선택
YA20151207130233 - 2017-02-08 17:47:31
state : 1
log : 23637 / 2017-2-24
2017-02-08 17:50:19
key : YA20151207130233
state : 1
log : 10538 / 2017-2-11
YA20151207130233 - 2017-02-08 17:50:36
state : 1
log : 10538 / 2017-2-11
YA20151207130233 - 2017-02-08 17:52:02
state : 1
log : 21818 / 2017-2-8
YA20151207130233 - 2017-02-08 17:52:15
state : 1
log : 20704 / 2017-2-16
YA20151207130233 - 2017-02-08 17:52:35
state : 1
log : 21818 / 2017-2-8
YA20151207130233 - 2017-02-08 17:52:36
state : 1
log : 21816 / 2017-2-24
YA20151207130233 - 2017-02-08 17:53:55
state : 1
log : 47722 / 2017-02-25
YA20151207130233 - 2017-02-08 17:53:57
state : 1
log : 47723 / 2017-02-25
YA20161116113212 - 2017-02-08 18:02:55
state : 1
log : 30417 / 2017-02-14
YA20151207130233 - 2017-02-08 18:10:25
state : 1
log : 35132 / 2017-2-10
YA20151207130233 - 2017-02-08 18:15:21
state : 1
log : 43773 / 2017-02-09
2017-02-08 18:17:23
key : YA20151207130233
state : 1
log : 43766 / 2017-02-09
YA20151207130233 - 2017-02-08 18:19:58
state : 1
log : 43773 / 2017-2-9
YA20151207130233 - 2017-02-08 18:20:33
state : 1
log : 43773 / 2017-2-9
YA20151207130233 - 2017-02-08 18:20:44
state : 1
log : 341 / 2017-2-25
YA20151207130233 - 2017-02-08 18:21:04
state : 1
log : 344 / 2017-3-18
YA20161116113212 - 2017-02-08 18:22:53
state : 1
log : 13105 / 2017-02-11
YA20161116113212 - 2017-02-08 18:25:52
state : 1
log : 28069 / 2017-02-11
YA20151207130233 - 2017-02-08 18:26:33
state : 3
log :  : 등록된 객실 없습니다
YA20151207130233 - 2017-02-08 18:27:11
state : 2
log : 4361 : 이미 막힌 객실 선택
YA20151207130233 - 2017-02-08 18:27:12
state : 2
log : 4361 : 이미 막힌 객실 선택
YA20151207130233 - 2017-02-08 18:27:14
state : 2
log : 4361 : 이미 막힌 객실 선택
2017-02-08 18:27:28
key : YA20151207130233
state : 1
log : 22714 / 2017-2-12
2017-02-08 18:28:44
key : YA20151207130233
state : 1
log : 43766 / 2017-02-09
YA20161116113212 - 2017-02-08 18:31:59
state : 1
log : 9770 / 2017-02-08
YA20151207130233 - 2017-02-08 18:32:02
state : 1
log : 14862 / 2017-2-26
YA20151207130233 - 2017-02-08 18:52:50
state : 1
log : 25047 / 2017-2-11
YA20151207130233 - 2017-02-08 18:55:53
state : 1
log : 48326 / 2017-02-18
YA20161116113212 - 2017-02-08 18:57:59
state : 1
log : 9815 / 2017-02-11
YA20151207130233 - 2017-02-08 19:02:31
state : 1
log : 21750 / 2017-2-8
YA20151207130233 - 2017-02-08 19:06:43
state : 1
log : 43766 / 2017-2-9
YA20151207130233 - 2017-02-08 19:14:44
state : 1
log : 23580 / 2017-02-11
YA20151207130233 - 2017-02-08 19:15:34
state : 1
log : 10538 / 2017-2-18
YA20151207130233 - 2017-02-08 19:15:50
state : 1
log : 10538 / 2017-2-19
YA20151207130233 - 2017-02-08 19:20:53
state : 1
log : 21815 / 2017-03-25
YA20161116113212 - 2017-02-08 19:43:19
state : 1
log : 39091 / 2017-02-13
YA20151207130233 - 2017-02-08 19:43:24
state : 1
log : 24755 / 2017-2-8
YA20161116113212 - 2017-02-08 19:46:30
state : 1
log : 46129 / 2017-02-08
YA20151207130233 - 2017-02-08 19:51:01
state : 1
log : 21754 / 2017-02-10
2017-02-08 19:57:10
key : YA20151207130233
state : 1
log : 20713 / 2017-02-10
YA20151207130233 - 2017-02-08 19:58:21
state : 1
log : 20713 / 2017-02-10
YA20151207130233 - 2017-02-08 20:04:28
state : 2
log : 4364 : 이미 막힌 객실 선택
YA20151207130233 - 2017-02-08 20:05:08
state : 2
log : 4364 : 이미 막힌 객실 선택
YA20161116113212 - 2017-02-08 20:13:09
state : 1
log : 20736 / 2017-02-09
YA20151207130233 - 2017-02-08 20:13:33
state : 1
log : 3344 / 2017-02-08
YA20151207130233 - 2017-02-08 20:17:01
state : 1
log : 10538 / 2017-2-10
YA20151207130233 - 2017-02-08 20:17:46
state : 1
log : 3323 / 2017-02-08
YA20151207130233 - 2017-02-08 20:18:06
state : 1
log : 35134 / 2017-2-11
YA20151207130233 - 2017-02-08 20:18:53
state : 1
log : 24716 / 2017-2-8
YA20151207130233 - 2017-02-08 20:18:54
state : 1
log : 24719 / 2017-2-8
YA20151207130233 - 2017-02-08 20:18:55
state : 1
log : 24713 / 2017-2-8
YA20151207130233 - 2017-02-08 20:18:57
state : 1
log : 24711 / 2017-2-8
YA20151207130233 - 2017-02-08 20:19:29
state : 1
log : 10540 / 2017-02-18
YA20151207130233 - 2017-02-08 20:20:28
state : 1
log : 24716 / 2017-2-9
YA20151207130233 - 2017-02-08 20:20:29
state : 1
log : 24713 / 2017-2-9
YA20151207130233 - 2017-02-08 20:20:30
state : 1
log : 24711 / 2017-2-9
2017-02-08 20:21:29
key : YA20151207130233
state : 1
log : 24715 / 2017-2-12
2017-02-08 20:23:28
key : YA20151207130233
state : 1
log : 3701 / 2017-2-18
YA20151207130233 - 2017-02-08 20:26:00
state : 1
log : 10540 / 2017-2-18
YA20161116113212 - 2017-02-08 20:45:14
state : 1
log : 42752 / 2017-02-16
YA20161116113212 - 2017-02-08 20:53:50
state : 1
log : 15004 / 2017-02-24
YA20151207130233 - 2017-02-08 21:10:45
state : 1
log : 35134 / 2017-2-9
YA20151207130233 - 2017-02-08 21:10:50
state : 2
log : 4685 : 이미 막힌 객실 선택
YA20151207130233 - 2017-02-08 21:10:57
state : 1
log : 35134 / 2017-2-10
YA20151207130233 - 2017-02-08 21:14:07
state : 1
log : 19357 / 2017-2-11
YA20151207130233 - 2017-02-08 21:14:33
state : 1
log : 16637 / 2017-02-10
2017-02-08 21:14:39
key : YA20151207130233
state : 1
log : 35134 / 2017-2-9
2017-02-08 21:18:13
key : YA20151207130233
state : 1
log : 35132 / 2017-2-10
YA20151207130233 - 2017-02-08 21:18:22
state : 1
log : 21819 / 2017-02-12
YA20151207130233 - 2017-02-08 21:19:57
state : 1
log : 48306 / 2017-2-18
YA20151207130233 - 2017-02-08 21:19:58
state : 1
log : 48307 / 2017-2-18
YA20151207130233 - 2017-02-08 21:20:16
state : 1
log : 48300 / 2017-2-11
YA20151207130233 - 2017-02-08 21:20:32
state : 2
log : 6610 : 이미 막힌 객실 선택
YA20151207130233 - 2017-02-08 21:20:34
state : 1
log : 48303 / 2017-2-18
YA20151207130233 - 2017-02-08 21:20:35
state : 1
log : 48309 / 2017-2-18
YA20151207130233 - 2017-02-08 21:22:48
state : 1
log : 43737 / 2017-2-14
YA20151207130233 - 2017-02-08 21:23:58
state : 1
log : 21763 / 2017-2-8
YA20151207130233 - 2017-02-08 21:23:59
state : 1
log : 21765 / 2017-2-8
YA20151207130233 - 2017-02-08 21:24:22
state : 7
log : 4599 : 해당 객실 예약 존재
YA20151207130233 - 2017-02-08 21:24:36
state : 2
log : 4599 : 이미 막힌 객실 선택
YA20151207130233 - 2017-02-08 21:26:24
state : 1
log : 23302 / 2017-2-10
YA20151207130233 - 2017-02-08 21:26:25
state : 1
log : 23303 / 2017-2-10
YA20161116113212 - 2017-02-08 21:32:05
state : 1
log : 27260 / 2017-02-14
YA20151207130233 - 2017-02-08 21:35:02
state : 1
log : 24770 / 2017-2-11
YA20151207130233 - 2017-02-08 21:37:31
state : 1
log : 21818 / 2017-02-12
YA20151207130233 - 2017-02-08 21:43:18
state : 1
log : 14495 / 2017-2-10
YA20161116113212 - 2017-02-08 21:44:25
state : 1
log : 25819 / 2017-02-11
YA20151207130233 - 2017-02-08 21:45:55
state : 1
log : 23521 / 2017-4-22
YA20151207130233 - 2017-02-08 21:45:57
state : 3
log : 5332 : 등록된 객실 없습니다
YA20151207130233 - 2017-02-08 21:50:17
state : 1
log : 43741 / 2017-02-10
YA20151207130233 - 2017-02-08 22:01:19
state : 1
log : 48305 / 2017-2-18
YA20151207130233 - 2017-02-08 22:01:52
state : 1
log : 43741 / 2017-2-10
2017-02-08 22:03:51
key : YA20151207130233
state : 1
log : 43772 / 2017-2-10
2017-02-08 22:03:52
key : YA20151207130233
state : 1
log : 43773 / 2017-2-10
YA20161116113212 - 2017-02-08 22:06:29
state : 1
log : 22950 / 2017-02-16
YA20161116113212 - 2017-02-08 22:08:58
state : 1
log : 24569 / 2017-02-09
YA20151207130233 - 2017-02-08 22:16:36
state : 1
log : 19886 / 2017-02-11
YA20151207130233 - 2017-02-08 22:21:53
state : 1
log : 39855 / 2017-02-11
YA20161116113212 - 2017-02-08 22:22:01
state : 1
log : 20669 / 2017-02-10
YA20151207130233 - 2017-02-08 22:30:01
state : 1
log : 23579 / 2017-2-11
YA20161116113212 - 2017-02-08 22:36:06
state : 1
log : 5068 / 2017-02-18
YA20161116113212 - 2017-02-08 22:38:39
state : 1
log : 10252 / 2017-02-09
YA20161116113212 - 2017-02-08 22:39:50
state : 1
log : 6894 / 2017-02-11
YA20151207130233 - 2017-02-08 22:53:36
state : 1
log : 9726 / 2017-2-13
YA20151207130233 - 2017-02-08 22:57:23
state : 1
log : 23581 / 2017-2-15
YA20151207130233 - 2017-02-08 23:01:59
state : 1
log : 48315 / 2017-02-18
YA20151207130233 - 2017-02-08 23:04:07
state : 1
log : 48315 / 2017-2-18
YA20161116113212 - 2017-02-08 23:06:03
state : 1
log : 42752 / 2017-02-11
2017-02-08 23:11:52
key : YA20151207130233
state : 1
log : 21745 / 2017-2-9
2017-02-08 23:11:53
key : YA20151207130233
state : 1
log : 21750 / 2017-2-9
2017-02-08 23:11:54
key : YA20151207130233
state : 1
log : 21748 / 2017-2-9
2017-02-08 23:11:56
key : YA20151207130233
state : 1
log : 21753 / 2017-2-9
2017-02-08 23:11:57
key : YA20151207130233
state : 1
log : 21752 / 2017-2-9
2017-02-08 23:11:59
key : YA20151207130233
state : 1
log : 21747 / 2017-2-9
2017-02-08 23:12:01
key : YA20151207130233
state : 1
log : 21749 / 2017-2-9
2017-02-08 23:12:03
key : YA20151207130233
state : 1
log : 21751 / 2017-2-9
2017-02-08 23:12:04
key : YA20151207130233
state : 1
log : 21746 / 2017-2-9
YA20151207130233 - 2017-02-08 23:12:26
state : 1
log : 21745 / 2017-2-9
YA20151207130233 - 2017-02-08 23:12:27
state : 1
log : 21750 / 2017-2-9
YA20151207130233 - 2017-02-08 23:12:29
state : 1
log : 21748 / 2017-2-9
YA20151207130233 - 2017-02-08 23:12:31
state : 1
log : 21753 / 2017-2-9
YA20151207130233 - 2017-02-08 23:12:32
state : 1
log : 21752 / 2017-2-9
YA20151207130233 - 2017-02-08 23:12:33
state : 1
log : 21747 / 2017-2-9
YA20151207130233 - 2017-02-08 23:12:35
state : 1
log : 21749 / 2017-2-9
YA20151207130233 - 2017-02-08 23:12:36
state : 1
log : 21751 / 2017-2-9
YA20151207130233 - 2017-02-08 23:12:38
state : 1
log : 21746 / 2017-2-9
YA20151207130233 - 2017-02-08 23:12:57
state : 1
log : 21750 / 2017-2-11
YA20151207130233 - 2017-02-08 23:18:18
state : 1
log : 17755 / 2017-02-11
YA20151207130233 - 2017-02-08 23:26:08
state : 1
log : 14498 / 2017-02-09
YA20151207130233 - 2017-02-08 23:26:54
state : 1
log : 17755 / 2017-2-11
2017-02-08 23:27:11
key : YA20151207130233
state : 1
log : 17752 / 2017-2-11
YA20151207130233 - 2017-02-08 23:30:31
state : 1
log : 17747 / 2017-2-13
YA20161116113212 - 2017-02-08 23:34:35
state : 1
log : 13999 / 2017-02-11
YA20161116113212 - 2017-02-08 23:34:46
state : 1
log : 31149 / 2017-02-09
YA20151207130233 - 2017-02-08 23:40:37
state : 1
log : 21580 / 2017-02-21
YA20151207130233 - 2017-02-08 23:44:04
state : 1
log : 24775 / 2017-02-18
YA20161116113212 - 2017-02-08 23:46:19
state : 1
log : 27254 / 2017-02-11
2017-02-08 23:53:30
key : YA20151207130233
state : 1
log : 24772 / 2017-02-11
YA20161116113212 - 2017-02-08 23:54:21
state : 1
log : 34171 / 2017-02-09
YA20151207130233 - 2017-02-08 23:55:17
state : 1
log : 24772 / 2017-02-11
YA20161116113212 - 2017-02-08 23:57:33
state : 1
log : 34170 / 2017-02-09
