YA20151207130233 - 2017-02-17 00:05:07
state : 1
log : 25131 / 2017-2-17
2017-02-17 00:09:42
key : YA20151207130233
state : 1
log : 21838 / 2017-2-17
2017-02-17 00:09:43
key : YA20151207130233
state : 1
log : 21838 / 2017-2-18
YA20151207130233 - 2017-02-17 00:12:01
state : 1
log : 15310 / 2017-02-17
YA20151207130233 - 2017-02-17 00:12:37
state : 1
log : 21813 / 2017-02-19
YA20151207130233 - 2017-02-17 00:12:38
state : 1
log : 43773 / 2017-03-01
YA20151207130233 - 2017-02-17 00:14:42
state : 2
log : 6578 | 2017-3-18: 이미 막힌 객실 선택
YA20151207130233 - 2017-02-17 00:17:51
state : 1
log : 22742 / 2017-02-18
YA20151207130233 - 2017-02-17 00:19:21
state : 1
log : 26179 / 2017-02-17
YA20151207130233 - 2017-02-17 00:35:59
state : 3
log : 581 | 2017-2-18: 등록된 객실 없습니다
YA20151207130233 - 2017-02-17 00:36:00
state : 3
log : 2176 | 2017-2-18: 등록된 객실 없습니다
YA20151207130233 - 2017-02-17 01:14:23
state : 1
log : 23482 / 2017-02-18
2017-02-17 01:15:53
key : YA20151207130233
state : 1
log : 9728 / 2017-2-21
2017-02-17 01:15:55
key : YA20151207130233
state : 1
log : 9727 / 2017-2-21
2017-02-17 01:16:10
key : YA20151207130233
state : 1
log : 9726 / 2017-2-22
2017-02-17 01:16:13
key : YA20151207130233
state : 1
log : 9726 / 2017-2-23
2017-02-17 01:35:10
key : YA20151207130233
state : 1
log : 24086 / 2017-2-18
2017-02-17 01:39:00
key : YA20151207130233
state : 1
log : 17746 / 2017-02-20
YA20151207130233 - 2017-02-17 01:40:07
state : 3
log :  : 등록된 객실 없습니다
YA20151207130233 - 2017-02-17 01:42:21
state : 1
log : 17746 / 2017-02-20
YA20151207130233 - 2017-02-17 02:08:57
state : 3
log : 6300 | 2017-02-17: 등록된 객실 없습니다
YA20151207130233 - 2017-02-17 02:34:12
state : 1
log : 22712 / 2017-03-11
YA20151207130233 - 2017-02-17 03:53:48
state : 2
log : 2954 | 2017-2-20: 이미 막힌 객실 선택
YA20151207130233 - 2017-02-17 03:54:31
state : 1
log : 17752 / 2017-2-20
YA20151207130233 - 2017-02-17 04:30:41
state : 2
log : 4273 | 2017-02-19: 이미 막힌 객실 선택
YA20151207130233 - 2017-02-17 06:35:22
state : 1
log : 48301 / 2017-02-17
YA20151207130233 - 2017-02-17 06:53:41
state : 2
log : 1892 | 2017-02-20: 이미 막힌 객실 선택
YA20151207130233 - 2017-02-17 07:32:10
state : 1
log : 9802 / 2017-2-17
YA20151207130233 - 2017-02-17 07:32:11
state : 1
log : 9803 / 2017-2-17
YA20151207130233 - 2017-02-17 07:53:32
state : 1
log : 9805 / 2017-2-17
YA20151207130233 - 2017-02-17 07:53:34
state : 1
log : 9806 / 2017-2-17
2017-02-17 07:58:01
key : YA20151207130233
state : 1
log : 23483 / 2017-2-18
YA20151207130233 - 2017-02-17 07:58:32
state : 1
log : 23483 / 2017-2-25
YA20151207130233 - 2017-02-17 07:59:01
state : 1
log : 23480 / 2017-2-21
YA20151207130233 - 2017-02-17 07:59:02
state : 1
log : 23520 / 2017-2-21
YA20151207130233 - 2017-02-17 07:59:49
state : 2
log : 5523 | 2017-2-22: 이미 막힌 객실 선택
YA20151207130233 - 2017-02-17 08:08:22
state : 1
log : 46335 / 2017-3-4
YA20151207130233 - 2017-02-17 08:26:15
state : 3
log : 6301 | 2017-02-24: 등록된 객실 없습니다
2017-02-17 08:27:19
key : YA20151207130233
state : 1
log : 9801 / 2017-02-19
YA20151207130233 - 2017-02-17 08:29:46
state : 1
log : 26461 / 2017-2-18
YA20151207130233 - 2017-02-17 08:29:47
state : 1
log : 26462 / 2017-2-18
2017-02-17 08:30:14
key : YA20151207130233
state : 1
log : 9803 / 2017-02-19
YA20151207130233 - 2017-02-17 08:31:03
state : 3
log :  : 등록된 객실 없습니다
YA20151207130233 - 2017-02-17 08:31:56
state : 2
log : 5266 | 2017-2-18: 이미 막힌 객실 선택
YA20151207130233 - 2017-02-17 08:33:45
state : 2
log : 6210 | 2017-3-11: 이미 막힌 객실 선택
YA20151207130233 - 2017-02-17 08:35:22
state : 1
log : 9801 / 2017-2-21
YA20151207130233 - 2017-02-17 08:35:23
state : 1
log : 9802 / 2017-2-21
YA20151207130233 - 2017-02-17 08:35:24
state : 1
log : 9803 / 2017-2-21
YA20151207130233 - 2017-02-17 08:35:25
state : 1
log : 9804 / 2017-2-21
YA20151207130233 - 2017-02-17 08:35:27
state : 1
log : 9805 / 2017-2-21
YA20151207130233 - 2017-02-17 08:35:28
state : 1
log : 9806 / 2017-2-21
YA20151207130233 - 2017-02-17 08:35:29
state : 1
log : 9808 / 2017-2-21
YA20151207130233 - 2017-02-17 08:35:30
state : 1
log : 9807 / 2017-2-21
YA20151207130233 - 2017-02-17 08:35:33
state : 1
log : 9801 / 2017-2-22
YA20151207130233 - 2017-02-17 08:35:34
state : 1
log : 9802 / 2017-2-22
YA20151207130233 - 2017-02-17 08:35:35
state : 1
log : 9803 / 2017-2-22
YA20151207130233 - 2017-02-17 08:35:37
state : 1
log : 9804 / 2017-2-22
YA20151207130233 - 2017-02-17 08:35:38
state : 1
log : 9805 / 2017-2-22
YA20151207130233 - 2017-02-17 08:35:39
state : 1
log : 9806 / 2017-2-22
YA20151207130233 - 2017-02-17 08:35:40
state : 1
log : 9808 / 2017-2-22
YA20151207130233 - 2017-02-17 08:35:42
state : 1
log : 9807 / 2017-2-22
YA20151207130233 - 2017-02-17 08:36:18
state : 1
log : 9801 / 2017-2-20
YA20151207130233 - 2017-02-17 08:36:19
state : 1
log : 9802 / 2017-2-20
YA20151207130233 - 2017-02-17 08:36:20
state : 1
log : 9804 / 2017-2-20
YA20151207130233 - 2017-02-17 08:36:22
state : 1
log : 9805 / 2017-2-20
YA20151207130233 - 2017-02-17 08:36:23
state : 1
log : 9806 / 2017-2-20
YA20151207130233 - 2017-02-17 08:36:24
state : 1
log : 9808 / 2017-2-20
YA20151207130233 - 2017-02-17 08:36:27
state : 1
log : 9807 / 2017-2-20
YA20151207130233 - 2017-02-17 09:07:03
state : 1
log : 10541 / 2017-02-21
YA20151207130233 - 2017-02-17 09:08:24
state : 2
log : 5938 | 2017-2-21: 이미 막힌 객실 선택
2017-02-17 09:08:43
key : YA20151207130233
state : 1
log : 10541 / 2017-2-21
YA20151207130233 - 2017-02-17 09:11:41
state : 1
log : 19912 / 2017-03-03
YA20151207130233 - 2017-02-17 09:20:44
state : 1
log : 48319 / 2017-02-18
YA20151207130233 - 2017-02-17 09:21:13
state : 2
log : 5242 | 2017-2-23: 이미 막힌 객실 선택
YA20151207130233 - 2017-02-17 09:30:39
state : 2
log : 5604 | 2017-2-18: 이미 막힌 객실 선택
YA20151207130233 - 2017-02-17 09:30:58
state : 1
log : 20715 / 2017-2-18
YA20151207130233 - 2017-02-17 09:41:03
state : 1
log : 48321 / 2017-2-17
YA20151207130233 - 2017-02-17 09:42:14
state : 1
log : 46158 / 2017-02-18
YA20151207130233 - 2017-02-17 09:43:30
state : 3
log : 6299 | 2017-2-19: 등록된 객실 없습니다
YA20151207130233 - 2017-02-17 09:51:44
state : 1
log : 20707 / 2017-2-19
YA20151207130233 - 2017-02-17 09:52:04
state : 3
log : 6303 | 2017-2-19: 등록된 객실 없습니다
2017-02-17 10:10:58
key : YA20151207130233
state : 1
log : 23482 / 2017-2-18
YA20151207130233 - 2017-02-17 10:11:08
state : 1
log : 23483 / 2017-2-18
YA20151207130233 - 2017-02-17 10:15:02
state : 1
log : 33986 / 2017-02-25
YA20151207130233 - 2017-02-17 10:18:42
state : 1
log : 21763 / 2017-2-17
YA20151207130233 - 2017-02-17 10:18:43
state : 2
log : 4900 | 2017-2-17: 이미 막힌 객실 선택
YA20151207130233 - 2017-02-17 10:24:59
state : 1
log : 45347 / 2017-2-17
YA20151207130233 - 2017-02-17 10:26:03
state : 1
log : 20714 / 2017-2-27
YA20151207130233 - 2017-02-17 10:33:41
state : 1
log : 21581 / 2017-2-26
YA20151207130233 - 2017-02-17 10:34:24
state : 1
log : 47535 / 2017-02-18
2017-02-17 10:37:50
key : YA20151207130233
state : 1
log : 17745 / 2017-2-20
YA20151207130233 - 2017-02-17 10:41:07
state : 2
log : 6167 | 2017-2-18: 이미 막힌 객실 선택
YA20151207130233 - 2017-02-17 10:46:39
state : 1
log : 46154 / 2017-2-18
YA20151207130233 - 2017-02-17 10:46:51
state : 1
log : 48304 / 2017-03-11
YA20151207130233 - 2017-02-17 10:46:52
state : 1
log : 48305 / 2017-03-11
YA20151207130233 - 2017-02-17 10:51:05
state : 1
log : 48306 / 2017-3-11
YA20151207130233 - 2017-02-17 10:51:06
state : 1
log : 48307 / 2017-3-11
YA20151207130233 - 2017-02-17 10:51:14
state : 1
log : 26170 / 2017-02-25
YA20151207130233 - 2017-02-17 10:51:20
state : 1
log : 48308 / 2017-3-11
YA20151207130233 - 2017-02-17 10:53:17
state : 1
log : 31612 / 2017-2-18
YA20151207130233 - 2017-02-17 10:55:39
state : 1
log : 48327 / 2017-02-22
YA20151207130233 - 2017-02-17 10:57:10
state : 2
log : 6404 | 2017-2-22: 이미 막힌 객실 선택
YA20151207130233 - 2017-02-17 11:01:23
state : 1
log : 10537 / 2017-02-23
YA20151207130233 - 2017-02-17 11:02:13
state : 1
log : 10538 / 2017-02-23
YA20151207130233 - 2017-02-17 11:03:56
state : 1
log : 21814 / 2017-2-22
YA20151207130233 - 2017-02-17 11:05:52
state : 2
log : 5941 | 2017-2-23: 이미 막힌 객실 선택
YA20151207130233 - 2017-02-17 11:05:53
state : 2
log : 5940 | 2017-2-23: 이미 막힌 객실 선택
YA20151207130233 - 2017-02-17 11:07:07
state : 1
log : 43773 / 2017-02-26
YA20151207130233 - 2017-02-17 11:07:17
state : 2
log : 6618 | 2017-2-17: 이미 막힌 객실 선택
2017-02-17 11:08:01
key : YA20151207130233
state : 1
log : 21745 / 2017-2-20
2017-02-17 11:08:43
key : YA20151207130233
state : 1
log : 21747 / 2017-2-18
YA20151207130233 - 2017-02-17 11:11:37
state : 1
log : 31605 / 2017-02-18
YA20151207130233 - 2017-02-17 11:16:18
state : 1
log : 23302 / 2017-03-18
YA20151207130233 - 2017-02-17 11:19:41
state : 1
log : 35128 / 2017-3-11
YA20151207130233 - 2017-02-17 11:19:44
state : 1
log : 17749 / 2017-2-18
YA20151207130233 - 2017-02-17 11:20:05
state : 1
log : 21725 / 2017-03-11
YA20151207130233 - 2017-02-17 11:23:03
state : 1
log : 21720 / 2017-3-2
YA20151207130233 - 2017-02-17 11:23:05
state : 1
log : 21721 / 2017-3-2
YA20151207130233 - 2017-02-17 11:23:06
state : 1
log : 21722 / 2017-3-2
YA20151207130233 - 2017-02-17 11:23:08
state : 1
log : 21723 / 2017-3-2
YA20151207130233 - 2017-02-17 11:23:09
state : 1
log : 21723 / 2017-3-3
YA20151207130233 - 2017-02-17 11:23:11
state : 1
log : 21721 / 2017-3-4
YA20151207130233 - 2017-02-17 11:23:12
state : 1
log : 21723 / 2017-3-4
YA20151207130233 - 2017-02-17 11:23:13
state : 1
log : 21738 / 2017-3-4
YA20151207130233 - 2017-02-17 11:23:15
state : 1
log : 21739 / 2017-3-4
YA20151207130233 - 2017-02-17 11:23:16
state : 1
log : 21737 / 2017-3-4
YA20151207130233 - 2017-02-17 11:24:29
state : 1
log : 18092 / 2017-2-25
YA20151207130233 - 2017-02-17 11:24:39
state : 1
log : 17752 / 2017-3-17
YA20151207130233 - 2017-02-17 11:25:20
state : 1
log : 20705 / 2017-2-17
YA20151207130233 - 2017-02-17 11:34:25
state : 2
log : 5941 | 2017-2-19: 이미 막힌 객실 선택
2017-02-17 11:34:58
key : YA20151207130233
state : 1
log : 10537 / 2017-2-19
2017-02-17 11:34:59
key : YA20151207130233
state : 1
log : 10537 / 2017-2-20
YA20151207130233 - 2017-02-17 11:37:21
state : 1
log : 21822 / 2017-2-27
YA20151207130233 - 2017-02-17 11:44:26
state : 3
log : 6304 | 2017-02-21: 등록된 객실 없습니다
YA20151207130233 - 2017-02-17 11:52:07
state : 3
log : 6302 | 2017-2-18: 등록된 객실 없습니다
YA20151207130233 - 2017-02-17 12:03:02
state : 1
log : 20705 / 2017-2-21
YA20151207130233 - 2017-02-17 12:04:30
state : 1
log : 19889 / 2017-02-18
2017-02-17 12:07:25
key : YA20151207130233
state : 1
log : 43771 / 2017-2-18
YA20151207130233 - 2017-02-17 12:13:10
state : 2
log : 6384 | 2017-2-26: 이미 막힌 객실 선택
YA20151207130233 - 2017-02-17 12:13:21
state : 2
log : 6384 | 2017-3-1: 이미 막힌 객실 선택
2017-02-17 12:13:33
key : YA20151207130233
state : 1
log : 43773 / 2017-3-1
YA20151207130233 - 2017-02-17 12:24:53
state : 2
log : 6576 | 2017-2-25: 이미 막힌 객실 선택
YA20151207130233 - 2017-02-17 12:30:09
state : 1
log : 21840 / 2017-02-18
YA20151207130233 - 2017-02-17 12:47:48
state : 1
log : 34018 / 2017-02-18
YA20151207130233 - 2017-02-17 12:47:51
state : 1
log : 25050 / 2017-02-25
YA20151207130233 - 2017-02-17 12:50:48
state : 1
log : 16637 / 2017-2-18
YA20151207130233 - 2017-02-17 12:52:03
state : 2
log : 5431 | 2017-2-25: 이미 막힌 객실 선택
YA20151207130233 - 2017-02-17 12:58:43
state : 1
log : 24710 / 2017-02-18
YA20151207130233 - 2017-02-17 12:59:13
state : 1
log : 24712 / 2017-2-18
YA20151207130233 - 2017-02-17 12:59:15
state : 1
log : 24717 / 2017-2-18
YA20151207130233 - 2017-02-17 13:04:51
state : 1
log : 21776 / 2017-2-18
YA20151207130233 - 2017-02-17 13:06:28
state : 1
log : 16639 / 2017-2-24
YA20151207130233 - 2017-02-17 13:08:38
state : 1
log : 5602 / 2017-03-17
YA20151207130233 - 2017-02-17 13:10:56
state : 1
log : 19359 / 2017-02-18
YA20151207130233 - 2017-02-17 13:13:53
state : 1
log : 23316 / 2017-03-04
YA20151207130233 - 2017-02-17 13:14:03
state : 1
log : 21768 / 2017-2-17
YA20151207130233 - 2017-02-17 13:18:11
state : 2
log : 5582 | 2017-2-18: 이미 막힌 객실 선택
YA20151207130233 - 2017-02-17 13:18:17
state : 1
log : 25129 / 2017-02-18
YA20151207130233 - 2017-02-17 13:20:02
state : 1
log : 47253 / 2017-05-05
YA20151207130233 - 2017-02-17 13:43:04
state : 1
log : 3699 / 2017-02-27
YA20151207130233 - 2017-02-17 13:47:38
state : 3
log : 5823 | 2017-2-25: 등록된 객실 없습니다
YA20151207130233 - 2017-02-17 13:49:55
state : 1
log : 29442 / 2017-02-17
YA20151207130233 - 2017-02-17 13:50:43
state : 1
log : 26184 / 2017-2-17
YA20151207130233 - 2017-02-17 13:50:53
state : 1
log : 23581 / 2017-02-26
YA20151207130233 - 2017-02-17 13:52:59
state : 2
log : 5246 | 2017-2-27: 이미 막힌 객실 선택
YA20151207130233 - 2017-02-17 13:53:24
state : 2
log : 4270 | 2017-2-20: 이미 막힌 객실 선택
YA20151207130233 - 2017-02-17 13:55:14
state : 1
log : 24719 / 2017-02-18
2017-02-17 13:55:21
key : YA20151207130233
state : 1
log : 23584 / 2017-2-19
YA20151207130233 - 2017-02-17 13:55:42
state : 2
log : 1681 | 2017-2-17: 이미 막힌 객실 선택
YA20151207130233 - 2017-02-17 13:59:57
state : 2
log : 4185 | 2017-2-18: 이미 막힌 객실 선택
YA20151207130233 - 2017-02-17 14:00:13
state : 2
log : 4188 | 2017-2-18: 이미 막힌 객실 선택
YA20151207130233 - 2017-02-17 14:06:15
state : 1
log : 20708 / 2017-3-18
YA20151207130233 - 2017-02-17 14:06:44
state : 1
log : 26169 / 2017-2-26
YA20151207130233 - 2017-02-17 14:06:45
state : 1
log : 26170 / 2017-2-26
2017-02-17 14:07:32
key : YA20151207130233
state : 1
log : 19358 / 2017-02-18
YA20151207130233 - 2017-02-17 14:07:47
state : 1
log : 16641 / 2017-02-18
YA20151207130233 - 2017-02-17 14:08:02
state : 1
log : 20715 / 2017-02-20
YA20151207130233 - 2017-02-17 14:08:18
state : 3
log :  : 등록된 객실 없습니다
YA20151207130233 - 2017-02-17 14:10:34
state : 2
log : 1327 | 2017-2-26: 이미 막힌 객실 선택
YA20151207130233 - 2017-02-17 14:10:35
state : 2
log : 1326 | 2017-2-26: 이미 막힌 객실 선택
YA20151207130233 - 2017-02-17 14:12:29
state : 3
log :  : 등록된 객실 없습니다
YA20151207130233 - 2017-02-17 14:15:06
state : 1
log : 3699 / 2017-02-19
YA20151207130233 - 2017-02-17 14:25:43
state : 1
log : 6402 / 2017-02-24
YA20151207130233 - 2017-02-17 14:25:45
state : 1
log : 6402 / 2017-02-25
YA20151207130233 - 2017-02-17 14:30:42
state : 1
log : 17750 / 2017-02-18
YA20151207130233 - 2017-02-17 14:31:37
state : 2
log : 5246 | 2017-2-19: 이미 막힌 객실 선택
YA20151207130233 - 2017-02-17 14:40:02
state : 1
log : 21775 / 2017-02-18
YA20151207130233 - 2017-02-17 14:46:39
state : 2
log : 6167 | 2017-2-20: 이미 막힌 객실 선택
YA20151207130233 - 2017-02-17 14:48:17
state : 1
log : 26180 / 2017-2-17
2017-02-17 14:48:58
key : YA20151207130233
state : 1
log : 26180 / 2017-2-17
YA20151207130233 - 2017-02-17 14:51:26
state : 1
log : 22743 / 2017-02-28
YA20151207130233 - 2017-02-17 14:55:21
state : 1
log : 23482 / 2017-2-18
2017-02-17 14:55:33
key : YA20151207130233
state : 1
log : 23483 / 2017-2-18
YA20151207130233 - 2017-02-17 14:55:55
state : 1
log : 19360 / 2017-02-18
YA20151207130233 - 2017-02-17 14:55:56
state : 3
log : 6297 | 2017-3-31: 등록된 객실 없습니다
YA20151207130233 - 2017-02-17 14:56:06
state : 7
log : 4134 : 해당 객실 예약 존재
YA20151207130233 - 2017-02-17 14:56:09
state : 3
log : 6297 | 2017-3-24: 등록된 객실 없습니다
YA20151207130233 - 2017-02-17 14:56:19
state : 3
log : 6297 : 등록된 객실 없습니다
YA20151207130233 - 2017-02-17 14:58:00
state : 1
log : 21814 / 2017-2-18
YA20151207130233 - 2017-02-17 14:59:03
state : 1
log : 41996 / 2017-2-17
YA20151207130233 - 2017-02-17 14:59:05
state : 1
log : 41988 / 2017-2-17
YA20151207130233 - 2017-02-17 14:59:54
state : 1
log : 19354 / 2017-3-4
YA20151207130233 - 2017-02-17 15:00:57
state : 1
log : 23584 / 2017-2-19
2017-02-17 15:01:03
key : YA20151207130233
state : 1
log : 21838 / 2017-02-18
YA20151207130233 - 2017-02-17 15:01:30
state : 1
log : 24842 / 2017-03-11
YA20151207130233 - 2017-02-17 15:02:27
state : 3
log :  : 등록된 객실 없습니다
YA20151207130233 - 2017-02-17 15:04:11
state : 1
log : 26180 / 2017-2-17
YA20151207130233 - 2017-02-17 15:04:17
state : 1
log : 23340 / 2017-2-19
2017-02-17 15:04:33
key : YA20151207130233
state : 1
log : 21838 / 2017-02-18
2017-02-17 15:06:49
key : YA20151207130233
state : 1
log : 21838 / 2017-02-18
YA20151207130233 - 2017-02-17 15:10:30
state : 1
log : 43737 / 2017-2-17
YA20151207130233 - 2017-02-17 15:10:32
state : 1
log : 43741 / 2017-2-17
YA20151207130233 - 2017-02-17 15:10:33
state : 1
log : 43769 / 2017-2-17
YA20151207130233 - 2017-02-17 15:10:34
state : 1
log : 43771 / 2017-2-17
YA20151207130233 - 2017-02-17 15:10:35
state : 2
log : 6391 | 2017-2-17: 이미 막힌 객실 선택
YA20151207130233 - 2017-02-17 15:10:36
state : 2
log : 6389 | 2017-2-17: 이미 막힌 객실 선택
YA20151207130233 - 2017-02-17 15:10:38
state : 2
log : 6388 | 2017-2-17: 이미 막힌 객실 선택
YA20151207130233 - 2017-02-17 15:10:39
state : 2
log : 6386 | 2017-2-17: 이미 막힌 객실 선택
YA20151207130233 - 2017-02-17 15:10:59
state : 3
log :  : 등록된 객실 없습니다
YA20151207130233 - 2017-02-17 15:18:21
state : 1
log : 19886 / 2017-02-26
YA20151207130233 - 2017-02-17 15:19:15
state : 1
log : 19887 / 2017-02-26
YA20151207130233 - 2017-02-17 15:20:32
state : 1
log : 19896 / 2017-02-26
YA20151207130233 - 2017-02-17 15:20:56
state : 1
log : 21581 / 2017-2-21
YA20151207130233 - 2017-02-17 15:20:58
state : 1
log : 21576 / 2017-2-21
YA20151207130233 - 2017-02-17 15:20:59
state : 1
log : 34061 / 2017-2-21
YA20151207130233 - 2017-02-17 15:25:46
state : 1
log : 19362 / 2017-3-7
YA20151207130233 - 2017-02-17 15:25:49
state : 1
log : 19362 / 2017-3-8
YA20151207130233 - 2017-02-17 15:25:50
state : 1
log : 19362 / 2017-3-9
YA20151207130233 - 2017-02-17 15:25:51
state : 1
log : 19362 / 2017-3-11
YA20151207130233 - 2017-02-17 15:25:54
state : 2
log : 5513 | 2017-3-11: 이미 막힌 객실 선택
YA20151207130233 - 2017-02-17 15:32:19
state : 2
log : 4132 | 2017-2-19: 이미 막힌 객실 선택
YA20151207130233 - 2017-02-17 15:34:46
state : 1
log : 17751 / 2017-02-18
YA20151207130233 - 2017-02-17 15:35:08
state : 1
log : 21580 / 2017-03-11
YA20151207130233 - 2017-02-17 15:35:55
state : 1
log : 9725 / 2017-03-03
YA20151207130233 - 2017-02-17 15:35:56
state : 2
log : 4270 | 2017-03-03: 이미 막힌 객실 선택
YA20151207130233 - 2017-02-17 15:35:56
state : 1
log : 9725 / 2017-03-04
YA20151207130233 - 2017-02-17 15:35:57
state : 2
log : 4270 | 2017-03-04: 이미 막힌 객실 선택
YA20151207130233 - 2017-02-17 15:40:08
state : 1
log : 21579 / 2017-03-11
YA20151207130233 - 2017-02-17 15:40:10
state : 1
log : 21577 / 2017-03-11
YA20151207130233 - 2017-02-17 15:40:12
state : 1
log : 21578 / 2017-03-11
2017-02-17 15:41:45
key : YA20151207130233
state : 1
log : 26185 / 2017-2-27
YA20151207130233 - 2017-02-17 15:41:50
state : 2
log : 5528 | 2017-3-11: 이미 막힌 객실 선택
YA20151207130233 - 2017-02-17 15:41:51
state : 2
log : 5527 | 2017-3-11: 이미 막힌 객실 선택
YA20151207130233 - 2017-02-17 15:41:53
state : 2
log : 5526 | 2017-3-11: 이미 막힌 객실 선택
YA20151207130233 - 2017-02-17 15:41:54
state : 2
log : 5523 | 2017-3-11: 이미 막힌 객실 선택
YA20151207130233 - 2017-02-17 15:42:20
state : 1
log : 47229 / 2017-02-25
YA20151207130233 - 2017-02-17 15:43:29
state : 1
log : 21581 / 2017-3-11
YA20151207130233 - 2017-02-17 15:43:31
state : 1
log : 21576 / 2017-3-11
YA20151207130233 - 2017-02-17 15:44:11
state : 1
log : 21579 / 2017-3-4
YA20151207130233 - 2017-02-17 15:44:13
state : 1
log : 21577 / 2017-3-4
YA20151207130233 - 2017-02-17 15:50:27
state : 1
log : 13037 / 2017-3-3
YA20151207130233 - 2017-02-17 15:52:38
state : 1
log : 21816 / 2017-02-19
YA20151207130233 - 2017-02-17 15:53:10
state : 1
log : 22868 / 2017-2-17
YA20151207130233 - 2017-02-17 15:54:09
state : 1
log : 26179 / 2017-2-18
YA20151207130233 - 2017-02-17 15:59:17
state : 1
log : 9802 / 2017-02-19
2017-02-17 16:00:37
key : YA20151207130233
state : 1
log : 21745 / 2017-2-19
YA20151207130233 - 2017-02-17 16:01:17
state : 1
log : 21745 / 2017-2-20
YA20151207130233 - 2017-02-17 16:01:19
state : 1
log : 21750 / 2017-2-20
YA20151207130233 - 2017-02-17 16:01:20
state : 1
log : 21748 / 2017-2-20
YA20151207130233 - 2017-02-17 16:04:38
state : 1
log : 19887 / 2017-02-18
YA20151207130233 - 2017-02-17 16:05:44
state : 2
log : 3523 | 2017-3-3: 이미 막힌 객실 선택
YA20151207130233 - 2017-02-17 16:08:08
state : 1
log : 20704 / 2017-2-17
YA20151207130233 - 2017-02-17 16:08:27
state : 1
log : 20709 / 2017-2-17
YA20151207130233 - 2017-02-17 16:08:28
state : 1
log : 20710 / 2017-2-17
YA20151207130233 - 2017-02-17 16:08:28
state : 1
log : 10540 / 2017-02-21
YA20151207130233 - 2017-02-17 16:08:29
state : 1
log : 10540 / 2017-02-22
YA20151207130233 - 2017-02-17 16:08:41
state : 1
log : 24075 / 2017-2-25
YA20151207130233 - 2017-02-17 16:10:32
state : 3
log : 6299 | 2017-2-18: 등록된 객실 없습니다
2017-02-17 16:10:44
key : YA20151207130233
state : 1
log : 3697 / 2017-2-18
YA20151207130233 - 2017-02-17 16:13:38
state : 1
log : 48321 / 2017-02-25
YA20151207130233 - 2017-02-17 16:14:50
state : 2
log : 6581 | 2017-2-25: 이미 막힌 객실 선택
YA20151207130233 - 2017-02-17 16:29:15
state : 1
log : 24714 / 2017-2-17
YA20151207130233 - 2017-02-17 16:29:17
state : 1
log : 24711 / 2017-2-17
YA20151207130233 - 2017-02-17 16:29:40
state : 1
log : 26178 / 2017-2-19
YA20151207130233 - 2017-02-17 16:29:41
state : 1
log : 26170 / 2017-2-20
YA20151207130233 - 2017-02-17 16:29:42
state : 1
log : 26169 / 2017-2-21
YA20151207130233 - 2017-02-17 16:29:44
state : 1
log : 26180 / 2017-2-21
YA20151207130233 - 2017-02-17 16:29:45
state : 1
log : 26185 / 2017-2-21
YA20151207130233 - 2017-02-17 16:29:46
state : 1
log : 26170 / 2017-2-23
YA20151207130233 - 2017-02-17 16:29:48
state : 1
log : 26185 / 2017-2-23
YA20151207130233 - 2017-02-17 16:29:49
state : 2
log : 1682 | 2017-2-19: 이미 막힌 객실 선택
YA20151207130233 - 2017-02-17 16:29:50
state : 2
log : 1326 | 2017-2-20: 이미 막힌 객실 선택
YA20151207130233 - 2017-02-17 16:29:51
state : 2
log : 1327 | 2017-2-21: 이미 막힌 객실 선택
YA20151207130233 - 2017-02-17 16:29:52
state : 2
log : 1325 | 2017-2-21: 이미 막힌 객실 선택
YA20151207130233 - 2017-02-17 16:29:54
state : 2
log : 1678 | 2017-2-21: 이미 막힌 객실 선택
YA20151207130233 - 2017-02-17 16:29:55
state : 2
log : 1326 | 2017-2-23: 이미 막힌 객실 선택
YA20151207130233 - 2017-02-17 16:29:56
state : 2
log : 1678 | 2017-2-23: 이미 막힌 객실 선택
YA20151207130233 - 2017-02-17 16:29:57
state : 2
log : 1682 | 2017-2-19: 이미 막힌 객실 선택
YA20151207130233 - 2017-02-17 16:29:58
state : 2
log : 1326 | 2017-2-20: 이미 막힌 객실 선택
YA20151207130233 - 2017-02-17 16:30:00
state : 2
log : 1327 | 2017-2-21: 이미 막힌 객실 선택
YA20151207130233 - 2017-02-17 16:30:02
state : 2
log : 1325 | 2017-2-21: 이미 막힌 객실 선택
YA20151207130233 - 2017-02-17 16:30:04
state : 2
log : 1678 | 2017-2-21: 이미 막힌 객실 선택
YA20151207130233 - 2017-02-17 16:30:05
state : 2
log : 1326 | 2017-2-23: 이미 막힌 객실 선택
YA20151207130233 - 2017-02-17 16:30:06
state : 2
log : 1678 | 2017-2-23: 이미 막힌 객실 선택
YA20151207130233 - 2017-02-17 16:30:07
state : 2
log : 1682 | 2017-2-19: 이미 막힌 객실 선택
YA20151207130233 - 2017-02-17 16:30:08
state : 2
log : 1326 | 2017-2-20: 이미 막힌 객실 선택
YA20151207130233 - 2017-02-17 16:30:09
state : 2
log : 1327 | 2017-2-21: 이미 막힌 객실 선택
YA20151207130233 - 2017-02-17 16:30:10
state : 2
log : 1325 | 2017-2-21: 이미 막힌 객실 선택
YA20151207130233 - 2017-02-17 16:30:11
state : 2
log : 1678 | 2017-2-21: 이미 막힌 객실 선택
YA20151207130233 - 2017-02-17 16:30:13
state : 2
log : 1326 | 2017-2-23: 이미 막힌 객실 선택
YA20151207130233 - 2017-02-17 16:30:14
state : 2
log : 1678 | 2017-2-23: 이미 막힌 객실 선택
YA20151207130233 - 2017-02-17 16:30:16
state : 2
log : 1682 | 2017-2-19: 이미 막힌 객실 선택
YA20151207130233 - 2017-02-17 16:30:18
state : 2
log : 1326 | 2017-2-20: 이미 막힌 객실 선택
YA20151207130233 - 2017-02-17 16:30:19
state : 2
log : 1327 | 2017-2-21: 이미 막힌 객실 선택
YA20151207130233 - 2017-02-17 16:30:20
state : 2
log : 1325 | 2017-2-21: 이미 막힌 객실 선택
YA20151207130233 - 2017-02-17 16:30:21
state : 2
log : 1678 | 2017-2-21: 이미 막힌 객실 선택
YA20151207130233 - 2017-02-17 16:30:22
state : 2
log : 1326 | 2017-2-23: 이미 막힌 객실 선택
YA20151207130233 - 2017-02-17 16:30:23
state : 2
log : 1678 | 2017-2-23: 이미 막힌 객실 선택
YA20151207130233 - 2017-02-17 16:30:24
state : 2
log : 1682 | 2017-2-19: 이미 막힌 객실 선택
YA20151207130233 - 2017-02-17 16:30:26
state : 2
log : 1326 | 2017-2-20: 이미 막힌 객실 선택
YA20151207130233 - 2017-02-17 16:30:28
state : 2
log : 1327 | 2017-2-21: 이미 막힌 객실 선택
YA20151207130233 - 2017-02-17 16:30:29
state : 2
log : 1325 | 2017-2-21: 이미 막힌 객실 선택
YA20151207130233 - 2017-02-17 16:30:30
state : 2
log : 1678 | 2017-2-21: 이미 막힌 객실 선택
YA20151207130233 - 2017-02-17 16:30:31
state : 2
log : 1326 | 2017-2-23: 이미 막힌 객실 선택
YA20151207130233 - 2017-02-17 16:30:32
state : 2
log : 1678 | 2017-2-23: 이미 막힌 객실 선택
YA20151207130233 - 2017-02-17 16:30:34
state : 2
log : 1682 | 2017-2-19: 이미 막힌 객실 선택
YA20151207130233 - 2017-02-17 16:30:35
state : 2
log : 1326 | 2017-2-20: 이미 막힌 객실 선택
YA20151207130233 - 2017-02-17 16:30:37
state : 2
log : 1327 | 2017-2-21: 이미 막힌 객실 선택
YA20151207130233 - 2017-02-17 16:30:38
state : 2
log : 1325 | 2017-2-21: 이미 막힌 객실 선택
YA20151207130233 - 2017-02-17 16:30:39
state : 2
log : 1678 | 2017-2-21: 이미 막힌 객실 선택
YA20151207130233 - 2017-02-17 16:30:41
state : 2
log : 1326 | 2017-2-23: 이미 막힌 객실 선택
YA20151207130233 - 2017-02-17 16:30:42
state : 2
log : 1678 | 2017-2-23: 이미 막힌 객실 선택
YA20151207130233 - 2017-02-17 16:30:43
state : 2
log : 1682 | 2017-2-19: 이미 막힌 객실 선택
YA20151207130233 - 2017-02-17 16:30:44
state : 2
log : 1326 | 2017-2-20: 이미 막힌 객실 선택
YA20151207130233 - 2017-02-17 16:30:46
state : 2
log : 1327 | 2017-2-21: 이미 막힌 객실 선택
YA20151207130233 - 2017-02-17 16:30:47
state : 2
log : 1325 | 2017-2-21: 이미 막힌 객실 선택
YA20151207130233 - 2017-02-17 16:30:49
state : 2
log : 1678 | 2017-2-21: 이미 막힌 객실 선택
YA20151207130233 - 2017-02-17 16:30:50
state : 2
log : 1326 | 2017-2-23: 이미 막힌 객실 선택
YA20151207130233 - 2017-02-17 16:30:52
state : 2
log : 1678 | 2017-2-23: 이미 막힌 객실 선택
YA20151207130233 - 2017-02-17 16:30:54
state : 2
log : 1682 | 2017-2-19: 이미 막힌 객실 선택
YA20151207130233 - 2017-02-17 16:30:55
state : 2
log : 1326 | 2017-2-20: 이미 막힌 객실 선택
YA20151207130233 - 2017-02-17 16:30:56
state : 2
log : 1327 | 2017-2-21: 이미 막힌 객실 선택
YA20151207130233 - 2017-02-17 16:30:58
state : 2
log : 1325 | 2017-2-21: 이미 막힌 객실 선택
YA20151207130233 - 2017-02-17 16:31:00
state : 2
log : 1678 | 2017-2-21: 이미 막힌 객실 선택
YA20151207130233 - 2017-02-17 16:31:01
state : 2
log : 1326 | 2017-2-23: 이미 막힌 객실 선택
YA20151207130233 - 2017-02-17 16:31:02
state : 2
log : 1678 | 2017-2-23: 이미 막힌 객실 선택
YA20151207130233 - 2017-02-17 16:31:03
state : 2
log : 1682 | 2017-2-19: 이미 막힌 객실 선택
YA20151207130233 - 2017-02-17 16:31:04
state : 2
log : 1326 | 2017-2-20: 이미 막힌 객실 선택
YA20151207130233 - 2017-02-17 16:31:05
state : 2
log : 1327 | 2017-2-21: 이미 막힌 객실 선택
YA20151207130233 - 2017-02-17 16:31:06
state : 2
log : 1325 | 2017-2-21: 이미 막힌 객실 선택
YA20151207130233 - 2017-02-17 16:31:07
state : 2
log : 1678 | 2017-2-21: 이미 막힌 객실 선택
YA20151207130233 - 2017-02-17 16:31:09
state : 2
log : 1326 | 2017-2-23: 이미 막힌 객실 선택
YA20151207130233 - 2017-02-17 16:31:10
state : 2
log : 1678 | 2017-2-23: 이미 막힌 객실 선택
YA20151207130233 - 2017-02-17 16:31:12
state : 2
log : 1682 | 2017-2-19: 이미 막힌 객실 선택
YA20151207130233 - 2017-02-17 16:31:13
state : 2
log : 1326 | 2017-2-20: 이미 막힌 객실 선택
YA20151207130233 - 2017-02-17 16:31:14
state : 2
log : 1327 | 2017-2-21: 이미 막힌 객실 선택
YA20151207130233 - 2017-02-17 16:31:15
state : 2
log : 1325 | 2017-2-21: 이미 막힌 객실 선택
YA20151207130233 - 2017-02-17 16:31:16
state : 2
log : 1678 | 2017-2-21: 이미 막힌 객실 선택
YA20151207130233 - 2017-02-17 16:31:17
state : 2
log : 1326 | 2017-2-23: 이미 막힌 객실 선택
YA20151207130233 - 2017-02-17 16:31:18
state : 2
log : 1678 | 2017-2-23: 이미 막힌 객실 선택
YA20151207130233 - 2017-02-17 16:31:19
state : 2
log : 1682 | 2017-2-19: 이미 막힌 객실 선택
YA20151207130233 - 2017-02-17 16:31:20
state : 2
log : 1326 | 2017-2-20: 이미 막힌 객실 선택
YA20151207130233 - 2017-02-17 16:31:21
state : 2
log : 1327 | 2017-2-21: 이미 막힌 객실 선택
YA20151207130233 - 2017-02-17 16:31:22
state : 2
log : 1325 | 2017-2-21: 이미 막힌 객실 선택
YA20151207130233 - 2017-02-17 16:31:24
state : 2
log : 1678 | 2017-2-21: 이미 막힌 객실 선택
YA20151207130233 - 2017-02-17 16:31:25
state : 2
log : 1326 | 2017-2-23: 이미 막힌 객실 선택
YA20151207130233 - 2017-02-17 16:31:26
state : 2
log : 1678 | 2017-2-23: 이미 막힌 객실 선택
YA20151207130233 - 2017-02-17 16:31:27
state : 2
log : 1682 | 2017-2-19: 이미 막힌 객실 선택
YA20151207130233 - 2017-02-17 16:31:28
state : 2
log : 1326 | 2017-2-20: 이미 막힌 객실 선택
YA20151207130233 - 2017-02-17 16:31:29
state : 2
log : 1327 | 2017-2-21: 이미 막힌 객실 선택
YA20151207130233 - 2017-02-17 16:31:30
state : 2
log : 1325 | 2017-2-21: 이미 막힌 객실 선택
YA20151207130233 - 2017-02-17 16:31:31
state : 2
log : 1678 | 2017-2-21: 이미 막힌 객실 선택
YA20151207130233 - 2017-02-17 16:31:32
state : 2
log : 1326 | 2017-2-23: 이미 막힌 객실 선택
YA20151207130233 - 2017-02-17 16:31:33
state : 2
log : 1678 | 2017-2-23: 이미 막힌 객실 선택
YA20151207130233 - 2017-02-17 16:31:35
state : 2
log : 1682 | 2017-2-19: 이미 막힌 객실 선택
YA20151207130233 - 2017-02-17 16:31:36
state : 2
log : 1326 | 2017-2-20: 이미 막힌 객실 선택
YA20151207130233 - 2017-02-17 16:31:38
state : 2
log : 1327 | 2017-2-21: 이미 막힌 객실 선택
YA20151207130233 - 2017-02-17 16:31:40
state : 2
log : 1325 | 2017-2-21: 이미 막힌 객실 선택
YA20151207130233 - 2017-02-17 16:31:41
state : 2
log : 1678 | 2017-2-21: 이미 막힌 객실 선택
YA20151207130233 - 2017-02-17 16:31:42
state : 2
log : 1326 | 2017-2-23: 이미 막힌 객실 선택
YA20151207130233 - 2017-02-17 16:31:43
state : 2
log : 1678 | 2017-2-23: 이미 막힌 객실 선택
YA20151207130233 - 2017-02-17 16:31:45
state : 2
log : 1683 | 2017-2-24: 이미 막힌 객실 선택
YA20151207130233 - 2017-02-17 16:31:46
state : 1
log : 26184 / 2017-2-28
YA20151207130233 - 2017-02-17 16:31:48
state : 2
log : 1683 | 2017-2-24: 이미 막힌 객실 선택
YA20151207130233 - 2017-02-17 16:31:50
state : 2
log : 1681 | 2017-2-28: 이미 막힌 객실 선택
YA20151207130233 - 2017-02-17 16:31:51
state : 2
log : 1683 | 2017-2-24: 이미 막힌 객실 선택
YA20151207130233 - 2017-02-17 16:31:52
state : 2
log : 1681 | 2017-2-28: 이미 막힌 객실 선택
2017-02-17 16:31:55
key : YA20151207130233
state : 1
log : 21814 / 2017-2-18
YA20151207130233 - 2017-02-17 16:36:18
state : 3
log : 6302 | 2017-2-18: 등록된 객실 없습니다
YA20151207130233 - 2017-02-17 16:39:14
state : 1
log : 19895 / 2017-02-25
YA20151207130233 - 2017-02-17 16:40:29
state : 2
log : 5945 | 2017-02-25: 이미 막힌 객실 선택
YA20151207130233 - 2017-02-17 16:41:05
state : 1
log : 21815 / 2017-3-7
YA20151207130233 - 2017-02-17 16:46:16
state : 1
log : 41993 / 2017-2-17
YA20151207130233 - 2017-02-17 16:55:22
state : 1
log : 34061 / 2017-2-25
YA20161226114923 - 2017-02-17 16:56:27
state : 1
log : 17796 / 2017-02-17
YA20151207130233 - 2017-02-17 17:03:14
state : 1
log : 46152 / 2017-02-25
YA20151207130233 - 2017-02-17 17:05:47
state : 1
log : 9805 / 2017-2-18
YA20151207130233 - 2017-02-17 17:05:48
state : 1
log : 9806 / 2017-2-18
YA20151207130233 - 2017-02-17 17:05:55
state : 1
log : 18055 / 2017-2-17
2017-02-17 17:06:54
key : YA20151207130233
state : 1
log : 26180 / 2017-2-17
YA20151207130233 - 2017-02-17 17:09:49
state : 1
log : 3701 / 2017-02-25
YA20151207130233 - 2017-02-17 17:14:30
state : 1
log : 47860 / 2017-2-17
YA20151207130233 - 2017-02-17 17:14:42
state : 2
log : 1682 | 2017-2-19: 이미 막힌 객실 선택
YA20161226114923 - 2017-02-17 17:19:09
state : 1
log : 48127 / 2017-02-17
YA20151207130233 - 2017-02-17 17:20:49
state : 1
log : 26180 / 2017-2-17
YA20151207130233 - 2017-02-17 17:20:51
state : 2
log : 1325 | 2017-2-17: 이미 막힌 객실 선택
YA20151207130233 - 2017-02-17 17:20:53
state : 2
log : 1325 | 2017-2-17: 이미 막힌 객실 선택
YA20151207130233 - 2017-02-17 17:20:54
state : 1
log : 16636 / 2017-02-21
YA20151207130233 - 2017-02-17 17:27:37
state : 1
log : 24711 / 2017-02-18
YA20151207130233 - 2017-02-17 17:32:45
state : 1
log : 24771 / 2017-2-17
YA20151207130233 - 2017-02-17 17:33:18
state : 1
log : 41973 / 2017-02-20
YA20161226114923 - 2017-02-17 17:34:42
state : 1
log : 48127 / 2017-02-18
48127 / 2017-02-19
2017-02-17 17:37:26
key : YA20151207130233
state : 1
log : 26169 / 2017-2-21
2017-02-17 17:38:30
key : YA20151207130233
state : 1
log : 26184 / 2017-2-28
YA20151207130233 - 2017-02-17 17:40:29
state : 1
log : 41993 / 2017-2-20
YA20151207130233 - 2017-02-17 17:52:01
state : 2
log : 5248 | 2017-2-25: 이미 막힌 객실 선택
YA20151207130233 - 2017-02-17 17:52:33
state : 2
log : 5249 | 2017-2-25: 이미 막힌 객실 선택
YA20151207130233 - 2017-02-17 17:52:34
state : 2
log : 5244 | 2017-2-25: 이미 막힌 객실 선택
YA20151207130233 - 2017-02-17 17:52:35
state : 1
log : 3695 / 2017-2-25
YA20151207130233 - 2017-02-17 17:52:53
state : 1
log : 24772 / 2017-2-17
YA20151207130233 - 2017-02-17 17:53:12
state : 1
log : 24775 / 2017-2-17
YA20151207130233 - 2017-02-17 17:56:19
state : 2
log : 4598 | 2017-2-17: 이미 막힌 객실 선택
YA20151207130233 - 2017-02-17 17:56:26
state : 1
log : 19886 / 2017-02-17
YA20151207130233 - 2017-02-17 17:59:48
state : 1
log : 46154 / 2017-2-17
YA20151207130233 - 2017-02-17 17:59:49
state : 1
log : 46156 / 2017-2-17
YA20151207130233 - 2017-02-17 18:02:12
state : 1
log : 19889 / 2017-02-25
YA20151207130233 - 2017-02-17 18:04:20
state : 1
log : 16636 / 2017-2-23
YA20151207130233 - 2017-02-17 18:04:40
state : 2
log : 4323 | 2017-2-21: 이미 막힌 객실 선택
YA20151207130233 - 2017-02-17 18:04:41
state : 1
log : 16637 / 2017-2-21
YA20151207130233 - 2017-02-17 18:04:42
state : 1
log : 16638 / 2017-2-21
YA20151207130233 - 2017-02-17 18:04:44
state : 1
log : 16639 / 2017-2-21
YA20151207130233 - 2017-02-17 18:04:45
state : 1
log : 16640 / 2017-2-21
YA20151207130233 - 2017-02-17 18:04:46
state : 1
log : 16641 / 2017-2-21
YA20151207130233 - 2017-02-17 18:04:48
state : 1
log : 16642 / 2017-2-21
YA20151207130233 - 2017-02-17 18:04:49
state : 1
log : 16636 / 2017-2-22
YA20151207130233 - 2017-02-17 18:04:51
state : 1
log : 16637 / 2017-2-22
YA20151207130233 - 2017-02-17 18:04:53
state : 1
log : 16638 / 2017-2-22
YA20151207130233 - 2017-02-17 18:04:54
state : 1
log : 16639 / 2017-2-22
YA20151207130233 - 2017-02-17 18:04:55
state : 1
log : 16640 / 2017-2-22
YA20151207130233 - 2017-02-17 18:04:57
state : 1
log : 16641 / 2017-2-22
YA20151207130233 - 2017-02-17 18:04:58
state : 1
log : 16642 / 2017-2-22
YA20151207130233 - 2017-02-17 18:04:59
state : 2
log : 4323 | 2017-2-21: 이미 막힌 객실 선택
YA20151207130233 - 2017-02-17 18:05:00
state : 2
log : 4320 | 2017-2-21: 이미 막힌 객실 선택
YA20151207130233 - 2017-02-17 18:05:02
state : 2
log : 4322 | 2017-2-21: 이미 막힌 객실 선택
YA20151207130233 - 2017-02-17 18:05:04
state : 2
log : 4319 | 2017-2-21: 이미 막힌 객실 선택
YA20151207130233 - 2017-02-17 18:05:06
state : 2
log : 4321 | 2017-2-21: 이미 막힌 객실 선택
YA20151207130233 - 2017-02-17 18:05:07
state : 2
log : 4318 | 2017-2-21: 이미 막힌 객실 선택
YA20151207130233 - 2017-02-17 18:05:08
state : 2
log : 4324 | 2017-2-21: 이미 막힌 객실 선택
YA20151207130233 - 2017-02-17 18:05:09
state : 2
log : 4323 | 2017-2-22: 이미 막힌 객실 선택
YA20151207130233 - 2017-02-17 18:05:10
state : 2
log : 4320 | 2017-2-22: 이미 막힌 객실 선택
YA20151207130233 - 2017-02-17 18:05:12
state : 2
log : 4322 | 2017-2-22: 이미 막힌 객실 선택
YA20151207130233 - 2017-02-17 18:05:13
state : 2
log : 4319 | 2017-2-22: 이미 막힌 객실 선택
YA20151207130233 - 2017-02-17 18:05:14
state : 2
log : 4321 | 2017-2-22: 이미 막힌 객실 선택
YA20151207130233 - 2017-02-17 18:05:17
state : 2
log : 4318 | 2017-2-22: 이미 막힌 객실 선택
YA20151207130233 - 2017-02-17 18:05:19
state : 2
log : 4324 | 2017-2-22: 이미 막힌 객실 선택
YA20151207130233 - 2017-02-17 18:05:20
state : 2
log : 4323 | 2017-2-21: 이미 막힌 객실 선택
YA20151207130233 - 2017-02-17 18:05:21
state : 2
log : 4320 | 2017-2-21: 이미 막힌 객실 선택
YA20151207130233 - 2017-02-17 18:05:22
state : 2
log : 4322 | 2017-2-21: 이미 막힌 객실 선택
YA20151207130233 - 2017-02-17 18:05:23
state : 2
log : 4319 | 2017-2-21: 이미 막힌 객실 선택
YA20151207130233 - 2017-02-17 18:05:24
state : 2
log : 4321 | 2017-2-21: 이미 막힌 객실 선택
YA20151207130233 - 2017-02-17 18:05:26
state : 2
log : 4318 | 2017-2-21: 이미 막힌 객실 선택
YA20151207130233 - 2017-02-17 18:05:28
state : 2
log : 4324 | 2017-2-21: 이미 막힌 객실 선택
YA20151207130233 - 2017-02-17 18:05:31
state : 2
log : 4323 | 2017-2-22: 이미 막힌 객실 선택
YA20151207130233 - 2017-02-17 18:05:33
state : 2
log : 4320 | 2017-2-22: 이미 막힌 객실 선택
YA20151207130233 - 2017-02-17 18:05:34
state : 2
log : 4322 | 2017-2-22: 이미 막힌 객실 선택
YA20151207130233 - 2017-02-17 18:05:35
state : 2
log : 4319 | 2017-2-22: 이미 막힌 객실 선택
YA20151207130233 - 2017-02-17 18:05:37
state : 2
log : 4321 | 2017-2-22: 이미 막힌 객실 선택
YA20151207130233 - 2017-02-17 18:05:38
state : 2
log : 4318 | 2017-2-22: 이미 막힌 객실 선택
YA20151207130233 - 2017-02-17 18:05:39
state : 2
log : 4324 | 2017-2-22: 이미 막힌 객실 선택
YA20151207130233 - 2017-02-17 18:14:48
state : 1
log : 47230 / 2017-5-3
YA20151207130233 - 2017-02-17 18:14:49
state : 2
log : 6510 | 2017-5-3: 이미 막힌 객실 선택
YA20151207130233 - 2017-02-17 18:16:53
state : 1
log : 47230 / 2017-5-4
YA20151207130233 - 2017-02-17 18:20:05
state : 1
log : 23582 / 2017-2-19
YA20151207130233 - 2017-02-17 18:20:25
state : 1
log : 18060 / 2017-2-17
YA20151207130233 - 2017-02-17 18:20:56
state : 1
log : 21816 / 2017-02-22
YA20151207130233 - 2017-02-17 18:22:35
state : 1
log : 17754 / 2017-02-25
2017-02-17 18:22:45
key : YA20151207130233
state : 1
log : 23483 / 2017-02-18
YA20151207130233 - 2017-02-17 18:22:51
state : 1
log : 23582 / 2017-2-20
YA20151207130233 - 2017-02-17 18:27:42
state : 1
log : 23632 / 2017-2-18
2017-02-17 18:29:08
key : YA20151207130233
state : 1
log : 29445 / 2017-02-25
2017-02-17 18:31:16
key : YA20151207130233
state : 1
log : 29445 / 2017-02-25
2017-02-17 18:33:42
key : YA20151207130233
state : 1
log : 29445 / 2017-02-25
YA20151207130233 - 2017-02-17 18:33:45
state : 1
log : 29445 / 2017-2-25
YA20151207130233 - 2017-02-17 18:35:38
state : 3
log :  : 등록된 객실 없습니다
YA20151207130233 - 2017-02-17 18:36:15
state : 3
log : 5823 | 2017-3-4: 등록된 객실 없습니다
YA20151207130233 - 2017-02-17 18:42:36
state : 1
log : 23483 / 2017-2-18
YA20151207130233 - 2017-02-17 19:03:41
state : 1
log : 25130 / 2017-02-24
YA20151207130233 - 2017-02-17 19:04:13
state : 1
log : 22743 / 2017-02-18
YA20151207130233 - 2017-02-17 19:04:47
state : 2
log : 5937 | 2017-2-21: 이미 막힌 객실 선택
YA20151207130233 - 2017-02-17 19:05:54
state : 1
log : 24389 / 2017-2-18
YA20151207130233 - 2017-02-17 19:11:23
state : 1
log : 24713 / 2017-2-18
YA20151207130233 - 2017-02-17 19:14:25
state : 1
log : 16639 / 2017-02-18
YA20151207130233 - 2017-02-17 19:16:29
state : 2
log : 2955 | 2017-2-18: 이미 막힌 객실 선택
2017-02-17 19:20:15
key : YA20151207130233
state : 1
log : 3702 / 2017-2-18
YA20151207130233 - 2017-02-17 19:20:25
state : 2
log : 5482 | 2017-02-18: 이미 막힌 객실 선택
YA20151207130233 - 2017-02-17 19:20:46
state : 1
log : 47227 / 2017-02-26
YA20151207130233 - 2017-02-17 19:20:47
state : 1
log : 47227 / 2017-02-27
YA20151207130233 - 2017-02-17 19:23:42
state : 1
log : 46324 / 2017-2-26
YA20151207130233 - 2017-02-17 19:24:40
state : 1
log : 21815 / 2017-02-23
YA20151207130233 - 2017-02-17 19:28:12
state : 1
log : 24764 / 2017-2-17
YA20151207130233 - 2017-02-17 19:34:59
state : 1
log : 24765 / 2017-2-17
YA20151207130233 - 2017-02-17 19:35:22
state : 1
log : 29444 / 2017-02-20
YA20151207130233 - 2017-02-17 19:37:39
state : 1
log : 23313 / 2017-02-25
2017-02-17 19:48:01
key : YA20151207130233
state : 1
log : 29442 / 2017-2-20
2017-02-17 19:48:08
key : YA20151207130233
state : 1
log : 21840 / 2017-2-18
YA20151207130233 - 2017-02-17 19:51:18
state : 1
log : 14491 / 2017-2-19
2017-02-17 19:51:39
key : YA20151207130233
state : 1
log : 22715 / 2017-02-19
YA20151207130233 - 2017-02-17 19:53:04
state : 3
log :  : 등록된 객실 없습니다
YA20151207130233 - 2017-02-17 19:53:08
state : 1
log : 21745 / 2017-2-17
YA20151207130233 - 2017-02-17 19:54:32
state : 2
log : 4782 | 2017-2-18: 이미 막힌 객실 선택
2017-02-17 19:55:06
key : YA20151207130233
state : 1
log : 18077 / 2017-2-18
YA20151207130233 - 2017-02-17 19:58:27
state : 1
log : 3702 / 2017-02-19
YA20151207130233 - 2017-02-17 19:59:58
state : 2
log : 5249 | 2017-2-19: 이미 막힌 객실 선택
YA20151207130233 - 2017-02-17 20:02:36
state : 1
log : 43772 / 2017-03-11
YA20151207130233 - 2017-02-17 20:03:12
state : 1
log : 24384 / 2017-2-19
YA20151207130233 - 2017-02-17 20:04:16
state : 1
log : 48301 / 2017-2-18
YA20151207130233 - 2017-02-17 20:06:51
state : 1
log : 17754 / 2017-02-18
YA20151207130233 - 2017-02-17 20:10:01
state : 2
log : 4706 | 2017-2-18: 이미 막힌 객실 선택
YA20151207130233 - 2017-02-17 20:10:50
state : 1
log : 19888 / 2017-02-17
2017-02-17 20:12:50
key : YA20151207130233
state : 1
log : 22709 / 2017-2-18
2017-02-17 20:12:51
key : YA20151207130233
state : 1
log : 22718 / 2017-2-18
YA20151207130233 - 2017-02-17 20:13:43
state : 1
log : 19358 / 2017-2-18
2017-02-17 20:15:47
key : YA20151207130233
state : 1
log : 19357 / 2017-2-18
2017-02-17 20:19:44
key : YA20151207130233
state : 1
log : 26179 / 2017-2-18
YA20151207130233 - 2017-02-17 20:21:31
state : 1
log : 39856 / 2017-02-18
YA20151207130233 - 2017-02-17 20:23:36
state : 1
log : 22728 / 2017-02-25
YA20151207130233 - 2017-02-17 20:24:58
state : 1
log : 21750 / 2017-2-17
YA20151207130233 - 2017-02-17 20:24:59
state : 1
log : 21748 / 2017-2-17
YA20151207130233 - 2017-02-17 20:25:12
state : 2
log : 6385 | 2017-3-11: 이미 막힌 객실 선택
YA20151207130233 - 2017-02-17 20:32:42
state : 3
log : 6304 | 2017-3-12: 등록된 객실 없습니다
YA20151207130233 - 2017-02-17 20:34:53
state : 1
log : 14871 / 2017-02-18
2017-02-17 20:42:05
key : YA20151207130233
state : 1
log : 31611 / 2017-02-18
YA20151207130233 - 2017-02-17 20:43:04
state : 3
log :  : 등록된 객실 없습니다
YA20151207130233 - 2017-02-17 20:57:39
state : 2
log : 6583 | 2017-2-18: 이미 막힌 객실 선택
YA20151207130233 - 2017-02-17 20:57:58
state : 1
log : 48320 / 2017-2-18
YA20151207130233 - 2017-02-17 21:10:31
state : 1
log : 3700 / 2017-03-06
YA20151207130233 - 2017-02-17 21:11:36
state : 1
log : 21752 / 2017-02-18
YA20151207130233 - 2017-02-17 21:12:42
state : 1
log : 3702 / 2017-3-3
YA20151207130233 - 2017-02-17 21:12:43
state : 1
log : 3700 / 2017-3-4
YA20151207130233 - 2017-02-17 21:12:44
state : 1
log : 3697 / 2017-3-4
YA20151207130233 - 2017-02-17 21:12:46
state : 1
log : 3696 / 2017-3-4
YA20151207130233 - 2017-02-17 21:12:48
state : 2
log : 5247 | 2017-3-6: 이미 막힌 객실 선택
YA20151207130233 - 2017-02-17 21:14:57
state : 1
log : 21816 / 2017-02-21
YA20151207130233 - 2017-02-17 21:19:03
state : 1
log : 34023 / 2017-2-18
YA20151207130233 - 2017-02-17 21:23:23
state : 1
log : 21813 / 2017-2-22
YA20151207130233 - 2017-02-17 21:27:05
state : 1
log : 14491 / 2017-3-17
YA20151207130233 - 2017-02-17 21:30:56
state : 1
log : 24785 / 2017-2-18
YA20151207130233 - 2017-02-17 21:35:56
state : 1
log : 21752 / 2017-02-25
YA20151207130233 - 2017-02-17 21:36:40
state : 2
log : 5777 | 2017-2-25: 이미 막힌 객실 선택
YA20151207130233 - 2017-02-17 21:38:21
state : 1
log : 21814 / 2017-02-18
YA20151207130233 - 2017-02-17 21:41:19
state : 1
log : 14862 / 2017-02-18
YA20151207130233 - 2017-02-17 21:42:50
state : 1
log : 24768 / 2017-2-17
YA20151207130233 - 2017-02-17 21:44:57
state : 2
log : 4606 | 2017-2-18: 이미 막힌 객실 선택
YA20151207130233 - 2017-02-17 21:46:38
state : 1
log : 31611 / 2017-2-18
YA20151207130233 - 2017-02-17 21:48:09
state : 1
log : 3702 / 2017-02-18
YA20151207130233 - 2017-02-17 21:50:02
state : 2
log : 5249 | 2017-2-18: 이미 막힌 객실 선택
YA20151207130233 - 2017-02-17 21:52:48
state : 1
log : 21581 / 2017-02-20
2017-02-17 21:54:20
key : YA20151207130233
state : 1
log : 22869 / 2017-02-20
2017-02-17 21:54:21
key : YA20151207130233
state : 1
log : 22869 / 2017-02-21
YA20151207130233 - 2017-02-17 21:55:19
state : 2
log : 5525 | 2017-2-20: 이미 막힌 객실 선택
YA20151207130233 - 2017-02-17 21:56:43
state : 1
log : 14869 / 2017-2-18
YA20151207130233 - 2017-02-17 21:57:07
state : 1
log : 14864 / 2017-2-18
2017-02-17 21:57:53
key : YA20151207130233
state : 1
log : 24389 / 2017-2-18
YA20151207130233 - 2017-02-17 21:58:35
state : 1
log : 14859 / 2017-2-19
YA20151207130233 - 2017-02-17 21:58:36
state : 1
log : 14866 / 2017-2-19
YA20151207130233 - 2017-02-17 21:58:37
state : 1
log : 14871 / 2017-2-19
YA20151207130233 - 2017-02-17 21:58:39
state : 1
log : 14859 / 2017-2-20
YA20151207130233 - 2017-02-17 21:58:40
state : 1
log : 14864 / 2017-2-21
YA20151207130233 - 2017-02-17 21:58:42
state : 1
log : 14870 / 2017-2-21
YA20151207130233 - 2017-02-17 21:58:43
state : 1
log : 14870 / 2017-2-22
YA20151207130233 - 2017-02-17 21:58:45
state : 1
log : 14868 / 2017-2-23
YA20151207130233 - 2017-02-17 21:58:47
state : 1
log : 14861 / 2017-2-25
YA20151207130233 - 2017-02-17 21:58:48
state : 1
log : 14864 / 2017-2-25
YA20151207130233 - 2017-02-17 21:58:50
state : 1
log : 14870 / 2017-2-26
YA20151207130233 - 2017-02-17 21:58:51
state : 1
log : 14864 / 2017-2-28
YA20151207130233 - 2017-02-17 21:58:52
state : 2
log : 4701 | 2017-2-19: 이미 막힌 객실 선택
YA20151207130233 - 2017-02-17 21:58:53
state : 2
log : 4694 | 2017-2-19: 이미 막힌 객실 선택
YA20151207130233 - 2017-02-17 21:58:54
state : 2
log : 4689 | 2017-2-19: 이미 막힌 객실 선택
YA20151207130233 - 2017-02-17 21:58:56
state : 2
log : 4701 | 2017-2-20: 이미 막힌 객실 선택
YA20151207130233 - 2017-02-17 21:58:58
state : 2
log : 4695 | 2017-2-21: 이미 막힌 객실 선택
YA20151207130233 - 2017-02-17 21:58:59
state : 2
log : 4690 | 2017-2-21: 이미 막힌 객실 선택
YA20151207130233 - 2017-02-17 21:59:00
state : 2
log : 4690 | 2017-2-22: 이미 막힌 객실 선택
YA20151207130233 - 2017-02-17 21:59:01
state : 2
log : 4692 | 2017-2-23: 이미 막힌 객실 선택
YA20151207130233 - 2017-02-17 21:59:02
state : 2
log : 4699 | 2017-2-25: 이미 막힌 객실 선택
YA20151207130233 - 2017-02-17 21:59:03
state : 2
log : 4695 | 2017-2-25: 이미 막힌 객실 선택
YA20151207130233 - 2017-02-17 21:59:04
state : 2
log : 4690 | 2017-2-26: 이미 막힌 객실 선택
YA20151207130233 - 2017-02-17 21:59:06
state : 2
log : 4695 | 2017-2-28: 이미 막힌 객실 선택
YA20151207130233 - 2017-02-17 21:59:07
state : 2
log : 4701 | 2017-2-19: 이미 막힌 객실 선택
YA20151207130233 - 2017-02-17 21:59:08
state : 2
log : 4694 | 2017-2-19: 이미 막힌 객실 선택
YA20151207130233 - 2017-02-17 21:59:09
state : 2
log : 4689 | 2017-2-19: 이미 막힌 객실 선택
YA20151207130233 - 2017-02-17 21:59:11
state : 2
log : 4701 | 2017-2-20: 이미 막힌 객실 선택
YA20151207130233 - 2017-02-17 21:59:12
state : 2
log : 4695 | 2017-2-21: 이미 막힌 객실 선택
YA20151207130233 - 2017-02-17 21:59:13
state : 2
log : 4690 | 2017-2-21: 이미 막힌 객실 선택
YA20151207130233 - 2017-02-17 21:59:14
state : 2
log : 4690 | 2017-2-22: 이미 막힌 객실 선택
YA20151207130233 - 2017-02-17 21:59:15
state : 2
log : 4692 | 2017-2-23: 이미 막힌 객실 선택
YA20151207130233 - 2017-02-17 21:59:16
state : 2
log : 4699 | 2017-2-25: 이미 막힌 객실 선택
YA20151207130233 - 2017-02-17 21:59:17
state : 2
log : 4695 | 2017-2-25: 이미 막힌 객실 선택
YA20151207130233 - 2017-02-17 21:59:18
state : 2
log : 4690 | 2017-2-26: 이미 막힌 객실 선택
YA20151207130233 - 2017-02-17 21:59:19
state : 2
log : 4695 | 2017-2-28: 이미 막힌 객실 선택
YA20151207130233 - 2017-02-17 21:59:21
state : 2
log : 4701 | 2017-2-19: 이미 막힌 객실 선택
YA20151207130233 - 2017-02-17 21:59:22
state : 2
log : 4694 | 2017-2-19: 이미 막힌 객실 선택
YA20151207130233 - 2017-02-17 21:59:23
state : 2
log : 4689 | 2017-2-19: 이미 막힌 객실 선택
YA20151207130233 - 2017-02-17 21:59:25
state : 2
log : 4701 | 2017-2-20: 이미 막힌 객실 선택
YA20151207130233 - 2017-02-17 21:59:26
state : 2
log : 4695 | 2017-2-21: 이미 막힌 객실 선택
YA20151207130233 - 2017-02-17 21:59:27
state : 2
log : 4690 | 2017-2-21: 이미 막힌 객실 선택
YA20151207130233 - 2017-02-17 21:59:28
state : 2
log : 4690 | 2017-2-22: 이미 막힌 객실 선택
YA20151207130233 - 2017-02-17 21:59:30
state : 2
log : 4692 | 2017-2-23: 이미 막힌 객실 선택
YA20151207130233 - 2017-02-17 21:59:31
state : 2
log : 4699 | 2017-2-25: 이미 막힌 객실 선택
YA20151207130233 - 2017-02-17 21:59:32
state : 2
log : 4695 | 2017-2-25: 이미 막힌 객실 선택
YA20151207130233 - 2017-02-17 21:59:33
state : 2
log : 4690 | 2017-2-26: 이미 막힌 객실 선택
YA20151207130233 - 2017-02-17 21:59:34
state : 2
log : 4695 | 2017-2-28: 이미 막힌 객실 선택
YA20151207130233 - 2017-02-17 21:59:35
state : 2
log : 4701 | 2017-2-19: 이미 막힌 객실 선택
YA20151207130233 - 2017-02-17 21:59:36
state : 2
log : 4694 | 2017-2-19: 이미 막힌 객실 선택
YA20151207130233 - 2017-02-17 21:59:38
state : 2
log : 4689 | 2017-2-19: 이미 막힌 객실 선택
YA20151207130233 - 2017-02-17 21:59:39
state : 2
log : 4701 | 2017-2-20: 이미 막힌 객실 선택
YA20151207130233 - 2017-02-17 21:59:40
state : 2
log : 4695 | 2017-2-21: 이미 막힌 객실 선택
YA20151207130233 - 2017-02-17 21:59:41
state : 2
log : 4690 | 2017-2-21: 이미 막힌 객실 선택
YA20151207130233 - 2017-02-17 21:59:43
state : 2
log : 4690 | 2017-2-22: 이미 막힌 객실 선택
YA20151207130233 - 2017-02-17 21:59:44
state : 2
log : 4692 | 2017-2-23: 이미 막힌 객실 선택
YA20151207130233 - 2017-02-17 21:59:46
state : 2
log : 4699 | 2017-2-25: 이미 막힌 객실 선택
YA20151207130233 - 2017-02-17 21:59:47
state : 2
log : 4695 | 2017-2-25: 이미 막힌 객실 선택
YA20151207130233 - 2017-02-17 21:59:48
state : 1
log : 22869 / 2017-02-20
YA20151207130233 - 2017-02-17 21:59:49
state : 2
log : 4690 | 2017-2-26: 이미 막힌 객실 선택
YA20151207130233 - 2017-02-17 21:59:49
state : 1
log : 22869 / 2017-02-21
YA20151207130233 - 2017-02-17 21:59:50
state : 2
log : 4695 | 2017-2-28: 이미 막힌 객실 선택
YA20151207130233 - 2017-02-17 21:59:52
state : 2
log : 4701 | 2017-2-19: 이미 막힌 객실 선택
YA20151207130233 - 2017-02-17 21:59:53
state : 2
log : 4694 | 2017-2-19: 이미 막힌 객실 선택
YA20151207130233 - 2017-02-17 21:59:55
state : 2
log : 4689 | 2017-2-19: 이미 막힌 객실 선택
YA20151207130233 - 2017-02-17 21:59:56
state : 2
log : 4701 | 2017-2-20: 이미 막힌 객실 선택
YA20151207130233 - 2017-02-17 21:59:57
state : 2
log : 4695 | 2017-2-21: 이미 막힌 객실 선택
YA20151207130233 - 2017-02-17 21:59:58
state : 2
log : 4690 | 2017-2-21: 이미 막힌 객실 선택
YA20151207130233 - 2017-02-17 21:59:59
state : 2
log : 4690 | 2017-2-22: 이미 막힌 객실 선택
YA20151207130233 - 2017-02-17 22:00:00
state : 2
log : 4692 | 2017-2-23: 이미 막힌 객실 선택
YA20151207130233 - 2017-02-17 22:00:01
state : 2
log : 4699 | 2017-2-25: 이미 막힌 객실 선택
YA20151207130233 - 2017-02-17 22:00:03
state : 2
log : 4695 | 2017-2-25: 이미 막힌 객실 선택
YA20151207130233 - 2017-02-17 22:00:04
state : 2
log : 4690 | 2017-2-26: 이미 막힌 객실 선택
YA20151207130233 - 2017-02-17 22:00:05
state : 2
log : 4695 | 2017-2-28: 이미 막힌 객실 선택
2017-02-17 22:10:39
key : YA20151207130233
state : 1
log : 41973 / 2017-2-20
YA20151207130233 - 2017-02-17 22:11:02
state : 1
log : 41973 / 2017-2-18
YA20151207130233 - 2017-02-17 22:11:03
state : 1
log : 41973 / 2017-2-19
YA20151207130233 - 2017-02-17 22:11:05
state : 1
log : 41973 / 2017-2-20
YA20151207130233 - 2017-02-17 22:11:07
state : 1
log : 41973 / 2017-2-21
YA20151207130233 - 2017-02-17 22:11:09
state : 1
log : 41973 / 2017-2-22
YA20151207130233 - 2017-02-17 22:11:12
state : 1
log : 41973 / 2017-2-23
YA20151207130233 - 2017-02-17 22:11:14
state : 1
log : 41973 / 2017-2-24
YA20151207130233 - 2017-02-17 22:11:15
state : 1
log : 41973 / 2017-2-25
YA20151207130233 - 2017-02-17 22:11:17
state : 1
log : 41973 / 2017-2-26
YA20151207130233 - 2017-02-17 22:11:18
state : 1
log : 41973 / 2017-2-27
YA20151207130233 - 2017-02-17 22:11:19
state : 1
log : 41973 / 2017-2-28
YA20151207130233 - 2017-02-17 22:11:21
state : 2
log : 6429 | 2017-2-18: 이미 막힌 객실 선택
YA20151207130233 - 2017-02-17 22:11:22
state : 2
log : 6429 | 2017-2-19: 이미 막힌 객실 선택
YA20151207130233 - 2017-02-17 22:11:23
state : 2
log : 6429 | 2017-2-20: 이미 막힌 객실 선택
YA20151207130233 - 2017-02-17 22:11:24
state : 2
log : 6429 | 2017-2-21: 이미 막힌 객실 선택
YA20151207130233 - 2017-02-17 22:11:25
state : 2
log : 6429 | 2017-2-22: 이미 막힌 객실 선택
YA20151207130233 - 2017-02-17 22:11:26
state : 2
log : 6429 | 2017-2-23: 이미 막힌 객실 선택
YA20151207130233 - 2017-02-17 22:11:28
state : 2
log : 6429 | 2017-2-24: 이미 막힌 객실 선택
YA20151207130233 - 2017-02-17 22:11:29
state : 2
log : 6429 | 2017-2-25: 이미 막힌 객실 선택
YA20151207130233 - 2017-02-17 22:11:30
state : 2
log : 6429 | 2017-2-26: 이미 막힌 객실 선택
YA20151207130233 - 2017-02-17 22:11:31
state : 2
log : 6429 | 2017-2-27: 이미 막힌 객실 선택
YA20151207130233 - 2017-02-17 22:11:32
state : 2
log : 6429 | 2017-2-28: 이미 막힌 객실 선택
YA20151207130233 - 2017-02-17 22:11:33
state : 2
log : 6429 | 2017-2-18: 이미 막힌 객실 선택
YA20151207130233 - 2017-02-17 22:11:35
state : 2
log : 6429 | 2017-2-19: 이미 막힌 객실 선택
YA20151207130233 - 2017-02-17 22:11:36
state : 2
log : 6429 | 2017-2-20: 이미 막힌 객실 선택
YA20151207130233 - 2017-02-17 22:11:37
state : 2
log : 6429 | 2017-2-21: 이미 막힌 객실 선택
YA20151207130233 - 2017-02-17 22:11:38
state : 2
log : 6429 | 2017-2-22: 이미 막힌 객실 선택
YA20151207130233 - 2017-02-17 22:11:39
state : 2
log : 6429 | 2017-2-23: 이미 막힌 객실 선택
YA20151207130233 - 2017-02-17 22:11:40
state : 2
log : 6429 | 2017-2-24: 이미 막힌 객실 선택
YA20151207130233 - 2017-02-17 22:11:41
state : 2
log : 6429 | 2017-2-25: 이미 막힌 객실 선택
YA20151207130233 - 2017-02-17 22:11:42
state : 2
log : 6429 | 2017-2-26: 이미 막힌 객실 선택
YA20151207130233 - 2017-02-17 22:11:43
state : 2
log : 6429 | 2017-2-27: 이미 막힌 객실 선택
YA20151207130233 - 2017-02-17 22:11:44
state : 2
log : 6429 | 2017-2-28: 이미 막힌 객실 선택
YA20151207130233 - 2017-02-17 22:11:46
state : 2
log : 6429 | 2017-2-18: 이미 막힌 객실 선택
YA20151207130233 - 2017-02-17 22:11:48
state : 2
log : 6429 | 2017-2-19: 이미 막힌 객실 선택
YA20151207130233 - 2017-02-17 22:11:49
state : 2
log : 6429 | 2017-2-20: 이미 막힌 객실 선택
YA20151207130233 - 2017-02-17 22:11:50
state : 2
log : 6429 | 2017-2-21: 이미 막힌 객실 선택
YA20151207130233 - 2017-02-17 22:11:51
state : 2
log : 6429 | 2017-2-22: 이미 막힌 객실 선택
YA20151207130233 - 2017-02-17 22:11:52
state : 2
log : 6429 | 2017-2-23: 이미 막힌 객실 선택
YA20151207130233 - 2017-02-17 22:11:53
state : 2
log : 6429 | 2017-2-24: 이미 막힌 객실 선택
YA20151207130233 - 2017-02-17 22:11:54
state : 2
log : 6429 | 2017-2-25: 이미 막힌 객실 선택
YA20151207130233 - 2017-02-17 22:11:55
state : 2
log : 6429 | 2017-2-26: 이미 막힌 객실 선택
YA20151207130233 - 2017-02-17 22:11:56
state : 2
log : 6429 | 2017-2-27: 이미 막힌 객실 선택
YA20151207130233 - 2017-02-17 22:11:57
state : 2
log : 6429 | 2017-2-28: 이미 막힌 객실 선택
YA20151207130233 - 2017-02-17 22:11:58
state : 2
log : 6429 | 2017-2-18: 이미 막힌 객실 선택
YA20151207130233 - 2017-02-17 22:12:00
state : 2
log : 6429 | 2017-2-19: 이미 막힌 객실 선택
YA20151207130233 - 2017-02-17 22:12:02
state : 2
log : 6429 | 2017-2-20: 이미 막힌 객실 선택
YA20151207130233 - 2017-02-17 22:12:04
state : 2
log : 6429 | 2017-2-21: 이미 막힌 객실 선택
YA20151207130233 - 2017-02-17 22:12:05
state : 2
log : 6429 | 2017-2-22: 이미 막힌 객실 선택
YA20151207130233 - 2017-02-17 22:12:06
state : 2
log : 6429 | 2017-2-23: 이미 막힌 객실 선택
YA20151207130233 - 2017-02-17 22:12:07
state : 2
log : 6429 | 2017-2-24: 이미 막힌 객실 선택
YA20151207130233 - 2017-02-17 22:12:08
state : 2
log : 6429 | 2017-2-25: 이미 막힌 객실 선택
YA20151207130233 - 2017-02-17 22:12:10
state : 2
log : 6429 | 2017-2-26: 이미 막힌 객실 선택
YA20151207130233 - 2017-02-17 22:12:12
state : 2
log : 6429 | 2017-2-27: 이미 막힌 객실 선택
YA20151207130233 - 2017-02-17 22:12:14
state : 2
log : 6429 | 2017-2-28: 이미 막힌 객실 선택
YA20151207130233 - 2017-02-17 22:12:15
state : 2
log : 6429 | 2017-2-18: 이미 막힌 객실 선택
YA20151207130233 - 2017-02-17 22:12:17
state : 2
log : 6429 | 2017-2-19: 이미 막힌 객실 선택
YA20151207130233 - 2017-02-17 22:12:18
state : 2
log : 6429 | 2017-2-20: 이미 막힌 객실 선택
YA20151207130233 - 2017-02-17 22:12:19
state : 2
log : 6429 | 2017-2-21: 이미 막힌 객실 선택
YA20151207130233 - 2017-02-17 22:12:20
state : 2
log : 6429 | 2017-2-22: 이미 막힌 객실 선택
YA20151207130233 - 2017-02-17 22:12:21
state : 2
log : 6429 | 2017-2-23: 이미 막힌 객실 선택
YA20151207130233 - 2017-02-17 22:12:22
state : 2
log : 6429 | 2017-2-24: 이미 막힌 객실 선택
YA20151207130233 - 2017-02-17 22:12:23
state : 2
log : 6429 | 2017-2-25: 이미 막힌 객실 선택
YA20151207130233 - 2017-02-17 22:12:24
state : 2
log : 6429 | 2017-2-26: 이미 막힌 객실 선택
YA20151207130233 - 2017-02-17 22:12:25
state : 2
log : 6429 | 2017-2-27: 이미 막힌 객실 선택
YA20151207130233 - 2017-02-17 22:12:26
state : 2
log : 6429 | 2017-2-28: 이미 막힌 객실 선택
YA20151207130233 - 2017-02-17 22:15:45
state : 1
log : 23340 / 2017-2-20
YA20151207130233 - 2017-02-17 22:15:46
state : 1
log : 23340 / 2017-2-21
2017-02-17 22:16:00
key : YA20151207130233
state : 1
log : 23480 / 2017-2-21
YA20151207130233 - 2017-02-17 22:16:51
state : 2
log : 4134 | 2017-2-17: 이미 막힌 객실 선택
2017-02-17 22:17:04
key : YA20151207130233
state : 1
log : 23483 / 2017-2-17
2017-02-17 22:17:05
key : YA20151207130233
state : 1
log : 23520 / 2017-2-17
YA20151207130233 - 2017-02-17 22:19:53
state : 1
log : 26179 / 2017-2-18
YA20151207130233 - 2017-02-17 22:22:54
state : 1
log : 23320 / 2017-2-18
YA20151207130233 - 2017-02-17 22:34:19
state : 1
log : 24783 / 2017-2-17
YA20151207130233 - 2017-02-17 22:39:48
state : 1
log : 24383 / 2017-03-01
YA20151207130233 - 2017-02-17 22:45:31
state : 2
log : 6126 | 2017-02-26: 이미 막힌 객실 선택
YA20151207130233 - 2017-02-17 22:49:30
state : 2
log : 6084 | 2017-02-18: 이미 막힌 객실 선택
YA20151207130233 - 2017-02-17 22:51:30
state : 2
log : 4260 | 2017-3-1: 이미 막힌 객실 선택
YA20151207130233 - 2017-02-17 22:58:18
state : 1
log : 18096 / 2017-2-18
YA20151207130233 - 2017-02-17 22:58:19
state : 2
log : 2045 | 2017-2-18: 이미 막힌 객실 선택
YA20151207130233 - 2017-02-17 23:04:05
state : 1
log : 21785 / 2017-2-18
2017-02-17 23:04:19
key : YA20151207130233
state : 1
log : 21786 / 2017-2-18
YA20151207130233 - 2017-02-17 23:06:45
state : 2
log : 5514 | 2017-2-21: 이미 막힌 객실 선택
YA20151207130233 - 2017-02-17 23:22:56
state : 2
log : 2960 | 2017-2-18: 이미 막힌 객실 선택
YA20151207130233 - 2017-02-17 23:39:36
state : 1
log : 48312 / 2017-02-18
