YA20151207130233 - 2017-02-05 00:03:58
state : 1
log : 21766 / 2017-2-7
YA20151207130233 - 2017-02-05 00:25:07
state : 1
log : 20712 / 2017-02-07
YA20151207130233 - 2017-02-05 00:38:23
state : 1
log : 23580 / 2017-2-6
YA20161116113212 - 2017-02-05 00:49:52
state : 1
log : 22700 / 2017-02-05
YA20151207130233 - 2017-02-05 00:52:24
state : 1
log : 20714 / 2017-02-11
YA20151207130233 - 2017-02-05 00:58:33
state : 1
log : 21749 / 2017-2-21
2017-02-05 01:00:21
key : YA20151207130233
state : 1
log : 21046 / 2017-02-05
YA20151207130233 - 2017-02-05 01:07:31
state : 1
log : 21046 / 2017-02-05
YA20161116113212 - 2017-02-05 01:28:34
state : 1
log : 45928 / 2017-02-12
YA20161116113212 - 2017-02-05 02:16:13
state : 1
log : 17263 / 2017-02-18
YA20151207130233 - 2017-02-05 02:34:20
state : 1
log : 34061 / 2017-02-19
YA20151207130233 - 2017-02-05 04:43:40
state : 1
log : 23581 / 2017-2-10
YA20151207130233 - 2017-02-05 04:43:42
state : 1
log : 23584 / 2017-2-10
YA20151207130233 - 2017-02-05 04:43:43
state : 1
log : 23579 / 2017-2-11
YA20151207130233 - 2017-02-05 04:43:44
state : 1
log : 23584 / 2017-2-11
YA20151207130233 - 2017-02-05 04:57:34
state : 1
log : 23580 / 2017-2-18
YA20151207130233 - 2017-02-05 07:35:44
state : 3
log : 6064 : 등록된 객실 없습니다
YA20151207130233 - 2017-02-05 08:35:54
state : 1
log : 43736 / 2017-2-5
YA20151207130233 - 2017-02-05 08:35:55
state : 1
log : 43737 / 2017-2-5
YA20161116113212 - 2017-02-05 08:54:31
state : 1
log : 34938 / 2017-02-08
YA20161116113212 - 2017-02-05 09:13:03
state : 1
log : 31145 / 2017-02-05
2017-02-05 09:13:22
key : YA20151207130233
state : 1
log : 20708 / 2017-2-5
2017-02-05 09:13:24
key : YA20151207130233
state : 1
log : 20709 / 2017-2-5
YA20161116113212 - 2017-02-05 09:42:33
state : 1
log : 14491 / 2017-02-06
YA20161116113212 - 2017-02-05 09:44:34
state : 1
log : 17664 / 2017-02-05
YA20151207130233 - 2017-02-05 09:58:01
state : 1
log : 34060 / 2017-2-19
YA20151207130233 - 2017-02-05 09:58:02
state : 1
log : 34061 / 2017-2-19
YA20151207130233 - 2017-02-05 09:58:14
state : 1
log : 24716 / 2017-2-5
YA20151207130233 - 2017-02-05 09:58:15
state : 1
log : 24713 / 2017-2-5
YA20151207130233 - 2017-02-05 09:58:16
state : 1
log : 24711 / 2017-2-5
YA20151207130233 - 2017-02-05 10:01:50
state : 1
log : 21579 / 2017-2-11
YA20151207130233 - 2017-02-05 10:02:59
state : 1
log : 21578 / 2017-2-24
YA20151207130233 - 2017-02-05 10:03:00
state : 1
log : 21580 / 2017-2-25
YA20151207130233 - 2017-02-05 10:03:02
state : 1
log : 21579 / 2017-2-25
YA20151207130233 - 2017-02-05 10:03:03
state : 1
log : 21578 / 2017-2-25
YA20151207130233 - 2017-02-05 10:03:04
state : 1
log : 21578 / 2017-2-24
YA20151207130233 - 2017-02-05 10:03:07
state : 1
log : 21580 / 2017-2-25
YA20151207130233 - 2017-02-05 10:03:08
state : 1
log : 21579 / 2017-2-25
YA20151207130233 - 2017-02-05 10:03:09
state : 1
log : 21578 / 2017-2-25
YA20151207130233 - 2017-02-05 10:24:01
state : 1
log : 21746 / 2017-2-11
YA20151207130233 - 2017-02-05 10:24:04
state : 1
log : 21819 / 2017-2-5
YA20151207130233 - 2017-02-05 10:28:22
state : 2
log : 4683 : 이미 막힌 객실 선택
2017-02-05 10:34:42
key : YA20151207130233
state : 1
log : 20710 / 2017-2-7
2017-02-05 10:34:43
key : YA20151207130233
state : 1
log : 20713 / 2017-2-7
2017-02-05 10:34:45
key : YA20151207130233
state : 1
log : 20714 / 2017-2-7
YA20151207130233 - 2017-02-05 10:38:02
state : 2
log : 4684 : 이미 막힌 객실 선택
2017-02-05 10:41:35
key : YA20151207130233
state : 1
log : 35132 / 2017-02-05
YA20151207130233 - 2017-02-05 10:42:47
state : 1
log : 12526 / 2017-2-18
YA20161116113212 - 2017-02-05 10:45:36
state : 1
log : 8129 / 2017-02-25
YA20151207130233 - 2017-02-05 10:51:09
state : 1
log : 22726 / 2017-2-18
YA20151207130233 - 2017-02-05 10:51:11
state : 1
log : 22724 / 2017-2-18
YA20161116113212 - 2017-02-05 10:56:21
state : 1
log : 18275 / 2017-02-08
YA20151207130233 - 2017-02-05 10:57:40
state : 1
log : 11098 / 2017-2-18
YA20151207130233 - 2017-02-05 10:57:41
state : 1
log : 23579 / 2017-2-5
2017-02-05 11:07:28
key : YA20151207130233
state : 1
log : 11096 / 2017-3-11
YA20151207130233 - 2017-02-05 11:11:28
state : 1
log : 29442 / 2017-2-5
YA20151207130233 - 2017-02-05 11:14:32
state : 1
log : 43981 / 2017-4-1
YA20151207130233 - 2017-02-05 11:14:34
state : 3
log : 6567 : 등록된 객실 없습니다
YA20151207130233 - 2017-02-05 11:14:35
state : 1
log : 43981 / 2017-4-2
YA20151207130233 - 2017-02-05 11:14:36
state : 3
log : 6567 : 등록된 객실 없습니다
YA20151207130233 - 2017-02-05 11:14:37
state : 1
log : 43981 / 2017-4-3
YA20151207130233 - 2017-02-05 11:14:39
state : 3
log : 6567 : 등록된 객실 없습니다
YA20151207130233 - 2017-02-05 11:14:40
state : 1
log : 43981 / 2017-4-4
YA20151207130233 - 2017-02-05 11:14:42
state : 3
log : 6567 : 등록된 객실 없습니다
YA20151207130233 - 2017-02-05 11:14:43
state : 1
log : 43981 / 2017-4-5
YA20151207130233 - 2017-02-05 11:14:44
state : 3
log : 6567 : 등록된 객실 없습니다
YA20151207130233 - 2017-02-05 11:14:46
state : 1
log : 43981 / 2017-4-6
YA20151207130233 - 2017-02-05 11:14:47
state : 3
log : 6567 : 등록된 객실 없습니다
YA20151207130233 - 2017-02-05 11:14:48
state : 1
log : 43981 / 2017-4-7
YA20151207130233 - 2017-02-05 11:14:49
state : 3
log : 6567 : 등록된 객실 없습니다
YA20151207130233 - 2017-02-05 11:14:50
state : 1
log : 43981 / 2017-4-9
YA20151207130233 - 2017-02-05 11:14:51
state : 3
log : 6567 : 등록된 객실 없습니다
YA20151207130233 - 2017-02-05 11:14:53
state : 1
log : 43981 / 2017-4-10
YA20151207130233 - 2017-02-05 11:14:54
state : 3
log : 6567 : 등록된 객실 없습니다
YA20151207130233 - 2017-02-05 11:14:55
state : 1
log : 43981 / 2017-4-11
YA20151207130233 - 2017-02-05 11:14:56
state : 3
log : 6567 : 등록된 객실 없습니다
YA20151207130233 - 2017-02-05 11:14:57
state : 1
log : 43981 / 2017-4-12
YA20151207130233 - 2017-02-05 11:14:59
state : 3
log : 6567 : 등록된 객실 없습니다
YA20151207130233 - 2017-02-05 11:15:00
state : 1
log : 43981 / 2017-4-13
YA20151207130233 - 2017-02-05 11:15:01
state : 3
log : 6567 : 등록된 객실 없습니다
YA20151207130233 - 2017-02-05 11:15:03
state : 1
log : 43981 / 2017-4-14
YA20151207130233 - 2017-02-05 11:15:04
state : 3
log : 6567 : 등록된 객실 없습니다
YA20151207130233 - 2017-02-05 11:15:05
state : 1
log : 43981 / 2017-4-15
YA20151207130233 - 2017-02-05 11:15:07
state : 3
log : 6567 : 등록된 객실 없습니다
YA20151207130233 - 2017-02-05 11:15:08
state : 1
log : 43981 / 2017-4-16
YA20151207130233 - 2017-02-05 11:15:09
state : 3
log : 6567 : 등록된 객실 없습니다
YA20151207130233 - 2017-02-05 11:15:10
state : 1
log : 43981 / 2017-4-17
YA20151207130233 - 2017-02-05 11:15:12
state : 3
log : 6567 : 등록된 객실 없습니다
YA20151207130233 - 2017-02-05 11:15:13
state : 1
log : 43981 / 2017-4-18
YA20151207130233 - 2017-02-05 11:15:15
state : 3
log : 6567 : 등록된 객실 없습니다
YA20151207130233 - 2017-02-05 11:15:16
state : 1
log : 43981 / 2017-4-19
YA20151207130233 - 2017-02-05 11:15:17
state : 3
log : 6567 : 등록된 객실 없습니다
YA20151207130233 - 2017-02-05 11:15:18
state : 1
log : 43981 / 2017-4-20
YA20151207130233 - 2017-02-05 11:15:19
state : 3
log : 6567 : 등록된 객실 없습니다
YA20151207130233 - 2017-02-05 11:15:21
state : 1
log : 43981 / 2017-4-21
YA20151207130233 - 2017-02-05 11:15:22
state : 3
log : 6567 : 등록된 객실 없습니다
YA20151207130233 - 2017-02-05 11:15:23
state : 1
log : 43981 / 2017-4-22
YA20151207130233 - 2017-02-05 11:15:24
state : 3
log : 6567 : 등록된 객실 없습니다
YA20151207130233 - 2017-02-05 11:15:27
state : 1
log : 43981 / 2017-4-23
YA20151207130233 - 2017-02-05 11:15:28
state : 3
log : 6567 : 등록된 객실 없습니다
YA20151207130233 - 2017-02-05 11:15:29
state : 1
log : 43981 / 2017-4-24
YA20151207130233 - 2017-02-05 11:15:31
state : 3
log : 6567 : 등록된 객실 없습니다
YA20151207130233 - 2017-02-05 11:15:32
state : 1
log : 43981 / 2017-4-25
YA20151207130233 - 2017-02-05 11:15:33
state : 3
log : 6567 : 등록된 객실 없습니다
YA20151207130233 - 2017-02-05 11:15:35
state : 1
log : 43981 / 2017-4-26
YA20151207130233 - 2017-02-05 11:15:36
state : 3
log : 6567 : 등록된 객실 없습니다
YA20151207130233 - 2017-02-05 11:15:37
state : 1
log : 43981 / 2017-4-27
YA20151207130233 - 2017-02-05 11:15:38
state : 3
log : 6567 : 등록된 객실 없습니다
YA20151207130233 - 2017-02-05 11:15:39
state : 1
log : 43981 / 2017-4-28
YA20151207130233 - 2017-02-05 11:15:40
state : 3
log : 6567 : 등록된 객실 없습니다
YA20151207130233 - 2017-02-05 11:15:42
state : 1
log : 43981 / 2017-4-29
YA20151207130233 - 2017-02-05 11:15:43
state : 3
log : 6567 : 등록된 객실 없습니다
YA20151207130233 - 2017-02-05 11:15:44
state : 1
log : 43981 / 2017-4-30
YA20151207130233 - 2017-02-05 11:15:45
state : 3
log : 6567 : 등록된 객실 없습니다
YA20151207130233 - 2017-02-05 11:15:46
state : 1
log : 43981 / 2017-4-1
YA20151207130233 - 2017-02-05 11:15:47
state : 3
log : 6567 : 등록된 객실 없습니다
YA20151207130233 - 2017-02-05 11:15:49
state : 1
log : 43981 / 2017-4-2
YA20151207130233 - 2017-02-05 11:15:50
state : 3
log : 6567 : 등록된 객실 없습니다
YA20151207130233 - 2017-02-05 11:15:51
state : 1
log : 43981 / 2017-4-3
YA20151207130233 - 2017-02-05 11:15:52
state : 3
log : 6567 : 등록된 객실 없습니다
YA20151207130233 - 2017-02-05 11:15:53
state : 1
log : 43981 / 2017-4-4
YA20151207130233 - 2017-02-05 11:15:55
state : 3
log : 6567 : 등록된 객실 없습니다
YA20151207130233 - 2017-02-05 11:15:57
state : 1
log : 43981 / 2017-4-5
YA20151207130233 - 2017-02-05 11:15:58
state : 3
log : 6567 : 등록된 객실 없습니다
YA20151207130233 - 2017-02-05 11:15:59
state : 1
log : 43981 / 2017-4-6
YA20151207130233 - 2017-02-05 11:16:00
state : 3
log : 6567 : 등록된 객실 없습니다
YA20151207130233 - 2017-02-05 11:16:01
state : 1
log : 43981 / 2017-4-7
YA20151207130233 - 2017-02-05 11:16:03
state : 3
log : 6567 : 등록된 객실 없습니다
YA20151207130233 - 2017-02-05 11:16:04
state : 1
log : 43981 / 2017-4-9
YA20151207130233 - 2017-02-05 11:16:05
state : 3
log : 6567 : 등록된 객실 없습니다
YA20151207130233 - 2017-02-05 11:16:06
state : 1
log : 43981 / 2017-4-10
YA20151207130233 - 2017-02-05 11:16:07
state : 3
log : 6567 : 등록된 객실 없습니다
YA20151207130233 - 2017-02-05 11:16:09
state : 1
log : 43981 / 2017-4-11
YA20151207130233 - 2017-02-05 11:16:10
state : 3
log : 6567 : 등록된 객실 없습니다
YA20151207130233 - 2017-02-05 11:16:11
state : 1
log : 43981 / 2017-4-12
YA20151207130233 - 2017-02-05 11:16:12
state : 3
log : 6567 : 등록된 객실 없습니다
YA20151207130233 - 2017-02-05 11:16:13
state : 1
log : 43981 / 2017-4-13
YA20151207130233 - 2017-02-05 11:16:14
state : 3
log : 6567 : 등록된 객실 없습니다
YA20151207130233 - 2017-02-05 11:16:15
state : 1
log : 43981 / 2017-4-14
YA20151207130233 - 2017-02-05 11:16:17
state : 3
log : 6567 : 등록된 객실 없습니다
YA20151207130233 - 2017-02-05 11:16:18
state : 1
log : 43981 / 2017-4-15
YA20151207130233 - 2017-02-05 11:16:19
state : 3
log : 6567 : 등록된 객실 없습니다
YA20151207130233 - 2017-02-05 11:16:20
state : 1
log : 43981 / 2017-4-16
YA20151207130233 - 2017-02-05 11:16:21
state : 3
log : 6567 : 등록된 객실 없습니다
YA20151207130233 - 2017-02-05 11:16:22
state : 1
log : 43981 / 2017-4-17
YA20151207130233 - 2017-02-05 11:16:23
state : 3
log : 6567 : 등록된 객실 없습니다
YA20151207130233 - 2017-02-05 11:16:25
state : 1
log : 43981 / 2017-4-18
YA20151207130233 - 2017-02-05 11:16:26
state : 3
log : 6567 : 등록된 객실 없습니다
YA20151207130233 - 2017-02-05 11:16:27
state : 1
log : 43981 / 2017-4-19
YA20151207130233 - 2017-02-05 11:16:28
state : 3
log : 6567 : 등록된 객실 없습니다
YA20151207130233 - 2017-02-05 11:16:29
state : 1
log : 43981 / 2017-4-20
YA20151207130233 - 2017-02-05 11:16:30
state : 3
log : 6567 : 등록된 객실 없습니다
YA20151207130233 - 2017-02-05 11:16:31
state : 1
log : 43981 / 2017-4-21
YA20151207130233 - 2017-02-05 11:16:33
state : 3
log : 6567 : 등록된 객실 없습니다
YA20151207130233 - 2017-02-05 11:16:34
state : 1
log : 43981 / 2017-4-22
YA20151207130233 - 2017-02-05 11:16:35
state : 3
log : 6567 : 등록된 객실 없습니다
YA20151207130233 - 2017-02-05 11:16:36
state : 1
log : 43981 / 2017-4-23
YA20151207130233 - 2017-02-05 11:16:37
state : 3
log : 6567 : 등록된 객실 없습니다
YA20151207130233 - 2017-02-05 11:16:38
state : 1
log : 43981 / 2017-4-24
YA20151207130233 - 2017-02-05 11:16:40
state : 3
log : 6567 : 등록된 객실 없습니다
YA20151207130233 - 2017-02-05 11:16:41
state : 1
log : 43981 / 2017-4-25
YA20151207130233 - 2017-02-05 11:16:42
state : 3
log : 6567 : 등록된 객실 없습니다
YA20151207130233 - 2017-02-05 11:16:43
state : 1
log : 43981 / 2017-4-26
YA20151207130233 - 2017-02-05 11:16:44
state : 3
log : 6567 : 등록된 객실 없습니다
YA20151207130233 - 2017-02-05 11:16:45
state : 1
log : 43981 / 2017-4-27
YA20151207130233 - 2017-02-05 11:16:46
state : 3
log : 6567 : 등록된 객실 없습니다
YA20151207130233 - 2017-02-05 11:16:48
state : 1
log : 43981 / 2017-4-28
YA20151207130233 - 2017-02-05 11:16:49
state : 3
log : 6567 : 등록된 객실 없습니다
YA20151207130233 - 2017-02-05 11:16:50
state : 1
log : 43981 / 2017-4-29
YA20151207130233 - 2017-02-05 11:16:51
state : 3
log : 6567 : 등록된 객실 없습니다
YA20151207130233 - 2017-02-05 11:16:52
state : 1
log : 43981 / 2017-4-30
YA20151207130233 - 2017-02-05 11:16:53
state : 3
log : 6567 : 등록된 객실 없습니다
YA20151207130233 - 2017-02-05 11:16:55
state : 1
log : 43981 / 2017-4-1
YA20151207130233 - 2017-02-05 11:16:57
state : 3
log : 6567 : 등록된 객실 없습니다
YA20151207130233 - 2017-02-05 11:16:58
state : 1
log : 43981 / 2017-4-2
YA20151207130233 - 2017-02-05 11:16:59
state : 3
log : 6567 : 등록된 객실 없습니다
YA20151207130233 - 2017-02-05 11:17:00
state : 1
log : 43981 / 2017-4-3
YA20151207130233 - 2017-02-05 11:17:01
state : 3
log : 6567 : 등록된 객실 없습니다
YA20151207130233 - 2017-02-05 11:17:03
state : 1
log : 43981 / 2017-4-4
YA20151207130233 - 2017-02-05 11:17:04
state : 3
log : 6567 : 등록된 객실 없습니다
YA20151207130233 - 2017-02-05 11:17:05
state : 1
log : 43981 / 2017-4-5
YA20151207130233 - 2017-02-05 11:17:06
state : 3
log : 6567 : 등록된 객실 없습니다
YA20151207130233 - 2017-02-05 11:17:07
state : 1
log : 43981 / 2017-4-6
YA20151207130233 - 2017-02-05 11:17:08
state : 3
log : 6567 : 등록된 객실 없습니다
YA20151207130233 - 2017-02-05 11:17:10
state : 1
log : 43981 / 2017-4-7
YA20151207130233 - 2017-02-05 11:17:11
state : 3
log : 6567 : 등록된 객실 없습니다
YA20151207130233 - 2017-02-05 11:17:12
state : 1
log : 43981 / 2017-4-9
YA20151207130233 - 2017-02-05 11:17:13
state : 3
log : 6567 : 등록된 객실 없습니다
YA20151207130233 - 2017-02-05 11:17:14
state : 1
log : 43981 / 2017-4-10
YA20151207130233 - 2017-02-05 11:17:15
state : 3
log : 6567 : 등록된 객실 없습니다
YA20151207130233 - 2017-02-05 11:17:16
state : 1
log : 43981 / 2017-4-11
YA20151207130233 - 2017-02-05 11:17:18
state : 3
log : 6567 : 등록된 객실 없습니다
YA20151207130233 - 2017-02-05 11:17:19
state : 1
log : 43981 / 2017-4-12
YA20151207130233 - 2017-02-05 11:17:20
state : 3
log : 6567 : 등록된 객실 없습니다
YA20151207130233 - 2017-02-05 11:17:21
state : 1
log : 43981 / 2017-4-13
YA20151207130233 - 2017-02-05 11:17:22
state : 3
log : 6567 : 등록된 객실 없습니다
YA20151207130233 - 2017-02-05 11:17:23
state : 1
log : 43981 / 2017-4-14
YA20151207130233 - 2017-02-05 11:17:24
state : 3
log : 6567 : 등록된 객실 없습니다
YA20151207130233 - 2017-02-05 11:17:26
state : 1
log : 43981 / 2017-4-15
YA20151207130233 - 2017-02-05 11:17:27
state : 3
log : 6567 : 등록된 객실 없습니다
YA20151207130233 - 2017-02-05 11:17:28
state : 1
log : 43981 / 2017-4-16
YA20151207130233 - 2017-02-05 11:17:29
state : 3
log : 6567 : 등록된 객실 없습니다
YA20151207130233 - 2017-02-05 11:17:30
state : 1
log : 43981 / 2017-4-17
YA20151207130233 - 2017-02-05 11:17:31
state : 3
log : 6567 : 등록된 객실 없습니다
YA20151207130233 - 2017-02-05 11:17:33
state : 1
log : 43981 / 2017-4-18
YA20151207130233 - 2017-02-05 11:17:34
state : 3
log : 6567 : 등록된 객실 없습니다
YA20151207130233 - 2017-02-05 11:17:35
state : 1
log : 43981 / 2017-4-19
YA20151207130233 - 2017-02-05 11:17:36
state : 3
log : 6567 : 등록된 객실 없습니다
YA20151207130233 - 2017-02-05 11:17:37
state : 1
log : 43981 / 2017-4-20
YA20151207130233 - 2017-02-05 11:17:38
state : 3
log : 6567 : 등록된 객실 없습니다
YA20151207130233 - 2017-02-05 11:17:40
state : 1
log : 43981 / 2017-4-21
YA20151207130233 - 2017-02-05 11:17:41
state : 3
log : 6567 : 등록된 객실 없습니다
YA20151207130233 - 2017-02-05 11:17:42
state : 1
log : 43981 / 2017-4-22
YA20151207130233 - 2017-02-05 11:17:43
state : 3
log : 6567 : 등록된 객실 없습니다
YA20151207130233 - 2017-02-05 11:17:44
state : 1
log : 43981 / 2017-4-23
YA20151207130233 - 2017-02-05 11:17:46
state : 3
log : 6567 : 등록된 객실 없습니다
YA20151207130233 - 2017-02-05 11:17:47
state : 1
log : 43981 / 2017-4-24
YA20151207130233 - 2017-02-05 11:17:48
state : 3
log : 6567 : 등록된 객실 없습니다
YA20151207130233 - 2017-02-05 11:17:49
state : 1
log : 43981 / 2017-4-25
YA20151207130233 - 2017-02-05 11:17:50
state : 3
log : 6567 : 등록된 객실 없습니다
YA20151207130233 - 2017-02-05 11:17:51
state : 1
log : 43981 / 2017-4-26
YA20151207130233 - 2017-02-05 11:17:52
state : 3
log : 6567 : 등록된 객실 없습니다
YA20151207130233 - 2017-02-05 11:17:54
state : 1
log : 43981 / 2017-4-27
YA20151207130233 - 2017-02-05 11:17:55
state : 3
log : 6567 : 등록된 객실 없습니다
YA20151207130233 - 2017-02-05 11:17:56
state : 1
log : 43981 / 2017-4-28
YA20151207130233 - 2017-02-05 11:17:57
state : 3
log : 6567 : 등록된 객실 없습니다
YA20151207130233 - 2017-02-05 11:17:58
state : 1
log : 43981 / 2017-4-29
YA20151207130233 - 2017-02-05 11:17:59
state : 3
log : 6567 : 등록된 객실 없습니다
YA20151207130233 - 2017-02-05 11:18:01
state : 1
log : 43981 / 2017-4-30
YA20151207130233 - 2017-02-05 11:18:02
state : 3
log : 6567 : 등록된 객실 없습니다
YA20151207130233 - 2017-02-05 11:18:03
state : 1
log : 43981 / 2017-5-1
YA20151207130233 - 2017-02-05 11:18:04
state : 1
log : 43981 / 2017-4-1
YA20151207130233 - 2017-02-05 11:18:05
state : 3
log : 6567 : 등록된 객실 없습니다
YA20151207130233 - 2017-02-05 11:18:06
state : 1
log : 43981 / 2017-4-2
YA20151207130233 - 2017-02-05 11:18:08
state : 3
log : 6567 : 등록된 객실 없습니다
YA20151207130233 - 2017-02-05 11:18:09
state : 1
log : 43981 / 2017-4-3
YA20151207130233 - 2017-02-05 11:18:10
state : 3
log : 6567 : 등록된 객실 없습니다
YA20151207130233 - 2017-02-05 11:18:11
state : 1
log : 43981 / 2017-4-4
YA20151207130233 - 2017-02-05 11:18:12
state : 3
log : 6567 : 등록된 객실 없습니다
YA20151207130233 - 2017-02-05 11:18:13
state : 1
log : 43981 / 2017-4-5
YA20151207130233 - 2017-02-05 11:18:14
state : 3
log : 6567 : 등록된 객실 없습니다
YA20151207130233 - 2017-02-05 11:18:16
state : 1
log : 43981 / 2017-4-6
YA20151207130233 - 2017-02-05 11:18:17
state : 3
log : 6567 : 등록된 객실 없습니다
YA20151207130233 - 2017-02-05 11:18:18
state : 1
log : 43981 / 2017-4-7
YA20151207130233 - 2017-02-05 11:18:19
state : 3
log : 6567 : 등록된 객실 없습니다
YA20151207130233 - 2017-02-05 11:18:20
state : 1
log : 43981 / 2017-4-9
YA20151207130233 - 2017-02-05 11:18:21
state : 3
log : 6567 : 등록된 객실 없습니다
YA20151207130233 - 2017-02-05 11:18:23
state : 1
log : 43981 / 2017-4-10
YA20151207130233 - 2017-02-05 11:18:24
state : 3
log : 6567 : 등록된 객실 없습니다
YA20151207130233 - 2017-02-05 11:18:25
state : 1
log : 43981 / 2017-4-11
YA20151207130233 - 2017-02-05 11:18:26
state : 3
log : 6567 : 등록된 객실 없습니다
YA20151207130233 - 2017-02-05 11:18:27
state : 1
log : 43981 / 2017-4-12
YA20151207130233 - 2017-02-05 11:18:28
state : 3
log : 6567 : 등록된 객실 없습니다
YA20151207130233 - 2017-02-05 11:18:30
state : 1
log : 43981 / 2017-4-13
YA20151207130233 - 2017-02-05 11:18:31
state : 3
log : 6567 : 등록된 객실 없습니다
YA20151207130233 - 2017-02-05 11:18:33
state : 1
log : 43981 / 2017-4-14
YA20151207130233 - 2017-02-05 11:18:34
state : 3
log : 6567 : 등록된 객실 없습니다
YA20151207130233 - 2017-02-05 11:18:35
state : 1
log : 43981 / 2017-4-15
YA20151207130233 - 2017-02-05 11:18:36
state : 3
log : 6567 : 등록된 객실 없습니다
YA20151207130233 - 2017-02-05 11:18:37
state : 1
log : 43981 / 2017-4-16
YA20151207130233 - 2017-02-05 11:18:39
state : 3
log : 6567 : 등록된 객실 없습니다
YA20151207130233 - 2017-02-05 11:18:40
state : 1
log : 43981 / 2017-4-17
YA20151207130233 - 2017-02-05 11:18:41
state : 3
log : 6567 : 등록된 객실 없습니다
YA20151207130233 - 2017-02-05 11:18:42
state : 1
log : 43981 / 2017-4-18
YA20151207130233 - 2017-02-05 11:18:43
state : 3
log : 6567 : 등록된 객실 없습니다
YA20151207130233 - 2017-02-05 11:18:44
state : 1
log : 43981 / 2017-4-19
YA20151207130233 - 2017-02-05 11:18:45
state : 3
log : 6567 : 등록된 객실 없습니다
YA20151207130233 - 2017-02-05 11:18:48
state : 1
log : 43981 / 2017-4-20
YA20151207130233 - 2017-02-05 11:18:49
state : 3
log : 6567 : 등록된 객실 없습니다
YA20151207130233 - 2017-02-05 11:18:50
state : 1
log : 43981 / 2017-4-21
YA20151207130233 - 2017-02-05 11:18:51
state : 3
log : 6567 : 등록된 객실 없습니다
YA20151207130233 - 2017-02-05 11:18:52
state : 1
log : 43981 / 2017-4-22
YA20151207130233 - 2017-02-05 11:18:53
state : 3
log : 6567 : 등록된 객실 없습니다
YA20151207130233 - 2017-02-05 11:18:55
state : 1
log : 43981 / 2017-4-23
YA20151207130233 - 2017-02-05 11:18:56
state : 3
log : 6567 : 등록된 객실 없습니다
YA20151207130233 - 2017-02-05 11:18:57
state : 1
log : 43981 / 2017-4-24
YA20151207130233 - 2017-02-05 11:18:58
state : 3
log : 6567 : 등록된 객실 없습니다
YA20151207130233 - 2017-02-05 11:18:59
state : 1
log : 43981 / 2017-4-25
YA20151207130233 - 2017-02-05 11:19:00
state : 3
log : 6567 : 등록된 객실 없습니다
YA20151207130233 - 2017-02-05 11:19:02
state : 1
log : 43981 / 2017-4-26
YA20151207130233 - 2017-02-05 11:19:03
state : 3
log : 6567 : 등록된 객실 없습니다
YA20151207130233 - 2017-02-05 11:19:04
state : 1
log : 43981 / 2017-4-27
YA20151207130233 - 2017-02-05 11:19:05
state : 3
log : 6567 : 등록된 객실 없습니다
YA20151207130233 - 2017-02-05 11:19:06
state : 1
log : 43981 / 2017-4-28
YA20151207130233 - 2017-02-05 11:19:07
state : 3
log : 6567 : 등록된 객실 없습니다
YA20151207130233 - 2017-02-05 11:19:09
state : 1
log : 43981 / 2017-4-29
YA20151207130233 - 2017-02-05 11:19:10
state : 3
log : 6567 : 등록된 객실 없습니다
YA20151207130233 - 2017-02-05 11:19:11
state : 1
log : 43981 / 2017-4-30
YA20151207130233 - 2017-02-05 11:19:12
state : 3
log : 6567 : 등록된 객실 없습니다
YA20151207130233 - 2017-02-05 11:19:13
state : 1
log : 43981 / 2017-5-1
YA20151207130233 - 2017-02-05 11:19:15
state : 1
log : 43981 / 2017-4-1
YA20151207130233 - 2017-02-05 11:19:16
state : 3
log : 6567 : 등록된 객실 없습니다
YA20151207130233 - 2017-02-05 11:19:17
state : 1
log : 43981 / 2017-4-2
YA20151207130233 - 2017-02-05 11:19:18
state : 3
log : 6567 : 등록된 객실 없습니다
YA20151207130233 - 2017-02-05 11:19:19
state : 1
log : 43981 / 2017-4-3
YA20151207130233 - 2017-02-05 11:19:20
state : 3
log : 6567 : 등록된 객실 없습니다
YA20151207130233 - 2017-02-05 11:19:21
state : 1
log : 43981 / 2017-4-4
YA20151207130233 - 2017-02-05 11:19:24
state : 3
log : 6567 : 등록된 객실 없습니다
YA20151207130233 - 2017-02-05 11:19:25
state : 1
log : 43981 / 2017-4-5
YA20151207130233 - 2017-02-05 11:19:26
state : 3
log : 6567 : 등록된 객실 없습니다
YA20151207130233 - 2017-02-05 11:19:27
state : 1
log : 43981 / 2017-4-6
YA20151207130233 - 2017-02-05 11:19:28
state : 3
log : 6567 : 등록된 객실 없습니다
YA20151207130233 - 2017-02-05 11:19:29
state : 1
log : 43981 / 2017-4-7
YA20151207130233 - 2017-02-05 11:19:30
state : 3
log : 6567 : 등록된 객실 없습니다
YA20151207130233 - 2017-02-05 11:19:32
state : 1
log : 43981 / 2017-4-9
YA20151207130233 - 2017-02-05 11:19:33
state : 3
log : 6567 : 등록된 객실 없습니다
YA20151207130233 - 2017-02-05 11:19:34
state : 1
log : 43981 / 2017-4-10
YA20151207130233 - 2017-02-05 11:19:35
state : 3
log : 6567 : 등록된 객실 없습니다
YA20151207130233 - 2017-02-05 11:19:36
state : 1
log : 43981 / 2017-4-11
YA20151207130233 - 2017-02-05 11:19:37
state : 3
log : 6567 : 등록된 객실 없습니다
YA20151207130233 - 2017-02-05 11:19:39
state : 1
log : 43981 / 2017-4-12
YA20151207130233 - 2017-02-05 11:19:40
state : 3
log : 6567 : 등록된 객실 없습니다
YA20151207130233 - 2017-02-05 11:19:41
state : 1
log : 43981 / 2017-4-13
YA20151207130233 - 2017-02-05 11:19:42
state : 3
log : 6567 : 등록된 객실 없습니다
YA20151207130233 - 2017-02-05 11:19:44
state : 1
log : 43981 / 2017-4-14
YA20151207130233 - 2017-02-05 11:19:46
state : 3
log : 6567 : 등록된 객실 없습니다
YA20151207130233 - 2017-02-05 11:19:48
state : 1
log : 43981 / 2017-4-15
YA20151207130233 - 2017-02-05 11:19:49
state : 3
log : 6567 : 등록된 객실 없습니다
YA20151207130233 - 2017-02-05 11:19:50
state : 1
log : 43981 / 2017-4-16
YA20151207130233 - 2017-02-05 11:19:51
state : 3
log : 6567 : 등록된 객실 없습니다
YA20151207130233 - 2017-02-05 11:19:52
state : 1
log : 43981 / 2017-4-17
YA20151207130233 - 2017-02-05 11:19:54
state : 3
log : 6567 : 등록된 객실 없습니다
YA20151207130233 - 2017-02-05 11:19:55
state : 1
log : 43981 / 2017-4-18
YA20151207130233 - 2017-02-05 11:19:56
state : 3
log : 6567 : 등록된 객실 없습니다
YA20151207130233 - 2017-02-05 11:19:57
state : 1
log : 43981 / 2017-4-19
YA20151207130233 - 2017-02-05 11:19:58
state : 3
log : 6567 : 등록된 객실 없습니다
YA20151207130233 - 2017-02-05 11:19:59
state : 1
log : 43981 / 2017-4-20
YA20151207130233 - 2017-02-05 11:20:02
state : 3
log : 6567 : 등록된 객실 없습니다
YA20151207130233 - 2017-02-05 11:20:03
state : 1
log : 43981 / 2017-4-21
YA20151207130233 - 2017-02-05 11:20:04
state : 3
log : 6567 : 등록된 객실 없습니다
YA20151207130233 - 2017-02-05 11:20:05
state : 1
log : 43981 / 2017-4-22
YA20151207130233 - 2017-02-05 11:20:07
state : 3
log : 6567 : 등록된 객실 없습니다
YA20151207130233 - 2017-02-05 11:20:08
state : 1
log : 43981 / 2017-4-23
YA20151207130233 - 2017-02-05 11:20:09
state : 3
log : 6567 : 등록된 객실 없습니다
YA20151207130233 - 2017-02-05 11:20:11
state : 1
log : 43981 / 2017-4-24
YA20151207130233 - 2017-02-05 11:20:12
state : 3
log : 6567 : 등록된 객실 없습니다
YA20151207130233 - 2017-02-05 11:20:13
state : 1
log : 43981 / 2017-4-25
YA20151207130233 - 2017-02-05 11:20:14
state : 3
log : 6567 : 등록된 객실 없습니다
YA20151207130233 - 2017-02-05 11:20:16
state : 1
log : 43981 / 2017-4-26
YA20151207130233 - 2017-02-05 11:20:17
state : 3
log : 6567 : 등록된 객실 없습니다
YA20151207130233 - 2017-02-05 11:20:19
state : 1
log : 43981 / 2017-4-27
YA20151207130233 - 2017-02-05 11:20:20
state : 3
log : 6567 : 등록된 객실 없습니다
YA20151207130233 - 2017-02-05 11:20:21
state : 1
log : 43981 / 2017-4-28
YA20151207130233 - 2017-02-05 11:20:22
state : 3
log : 6567 : 등록된 객실 없습니다
YA20151207130233 - 2017-02-05 11:20:24
state : 1
log : 43981 / 2017-4-29
YA20151207130233 - 2017-02-05 11:20:25
state : 3
log : 6567 : 등록된 객실 없습니다
YA20151207130233 - 2017-02-05 11:20:26
state : 1
log : 43981 / 2017-4-30
YA20151207130233 - 2017-02-05 11:20:27
state : 3
log : 6567 : 등록된 객실 없습니다
YA20151207130233 - 2017-02-05 11:20:28
state : 1
log : 43981 / 2017-4-1
YA20151207130233 - 2017-02-05 11:20:29
state : 3
log : 6567 : 등록된 객실 없습니다
YA20151207130233 - 2017-02-05 11:20:31
state : 1
log : 43981 / 2017-4-2
YA20151207130233 - 2017-02-05 11:20:32
state : 3
log : 6567 : 등록된 객실 없습니다
YA20151207130233 - 2017-02-05 11:20:33
state : 1
log : 43981 / 2017-4-3
YA20151207130233 - 2017-02-05 11:20:34
state : 3
log : 6567 : 등록된 객실 없습니다
YA20151207130233 - 2017-02-05 11:20:35
state : 1
log : 43981 / 2017-4-4
YA20151207130233 - 2017-02-05 11:20:36
state : 3
log : 6567 : 등록된 객실 없습니다
YA20151207130233 - 2017-02-05 11:20:39
state : 1
log : 43981 / 2017-4-5
YA20151207130233 - 2017-02-05 11:20:40
state : 3
log : 6567 : 등록된 객실 없습니다
YA20151207130233 - 2017-02-05 11:20:41
state : 1
log : 43981 / 2017-4-6
YA20151207130233 - 2017-02-05 11:20:42
state : 3
log : 6567 : 등록된 객실 없습니다
YA20151207130233 - 2017-02-05 11:20:44
state : 1
log : 43981 / 2017-4-7
YA20151207130233 - 2017-02-05 11:20:45
state : 3
log : 6567 : 등록된 객실 없습니다
YA20151207130233 - 2017-02-05 11:20:47
state : 1
log : 43981 / 2017-4-9
YA20151207130233 - 2017-02-05 11:20:48
state : 3
log : 6567 : 등록된 객실 없습니다
YA20151207130233 - 2017-02-05 11:20:49
state : 1
log : 43981 / 2017-4-10
YA20151207130233 - 2017-02-05 11:20:50
state : 3
log : 6567 : 등록된 객실 없습니다
YA20151207130233 - 2017-02-05 11:20:52
state : 1
log : 43981 / 2017-4-11
YA20151207130233 - 2017-02-05 11:20:53
state : 3
log : 6567 : 등록된 객실 없습니다
YA20151207130233 - 2017-02-05 11:20:54
state : 1
log : 43981 / 2017-4-12
YA20151207130233 - 2017-02-05 11:20:55
state : 3
log : 6567 : 등록된 객실 없습니다
YA20151207130233 - 2017-02-05 11:20:56
state : 1
log : 43981 / 2017-4-13
YA20151207130233 - 2017-02-05 11:20:57
state : 3
log : 6567 : 등록된 객실 없습니다
YA20151207130233 - 2017-02-05 11:21:00
state : 1
log : 43981 / 2017-4-14
YA20151207130233 - 2017-02-05 11:21:01
state : 3
log : 6567 : 등록된 객실 없습니다
YA20151207130233 - 2017-02-05 11:21:02
state : 1
log : 43981 / 2017-4-15
YA20151207130233 - 2017-02-05 11:21:03
state : 3
log : 6567 : 등록된 객실 없습니다
YA20151207130233 - 2017-02-05 11:21:04
state : 1
log : 43981 / 2017-4-16
YA20151207130233 - 2017-02-05 11:21:05
state : 3
log : 6567 : 등록된 객실 없습니다
YA20151207130233 - 2017-02-05 11:21:07
state : 1
log : 43981 / 2017-4-17
YA20151207130233 - 2017-02-05 11:21:08
state : 3
log : 6567 : 등록된 객실 없습니다
YA20151207130233 - 2017-02-05 11:21:09
state : 1
log : 43981 / 2017-4-18
YA20151207130233 - 2017-02-05 11:21:10
state : 3
log : 6567 : 등록된 객실 없습니다
YA20151207130233 - 2017-02-05 11:21:11
state : 1
log : 43981 / 2017-4-19
YA20151207130233 - 2017-02-05 11:21:12
state : 3
log : 6567 : 등록된 객실 없습니다
YA20151207130233 - 2017-02-05 11:21:14
state : 1
log : 43981 / 2017-4-20
YA20151207130233 - 2017-02-05 11:21:15
state : 3
log : 6567 : 등록된 객실 없습니다
YA20151207130233 - 2017-02-05 11:21:16
state : 1
log : 43981 / 2017-4-21
YA20151207130233 - 2017-02-05 11:21:17
state : 3
log : 6567 : 등록된 객실 없습니다
YA20151207130233 - 2017-02-05 11:21:18
state : 1
log : 43981 / 2017-4-22
YA20151207130233 - 2017-02-05 11:21:19
state : 3
log : 6567 : 등록된 객실 없습니다
YA20151207130233 - 2017-02-05 11:21:21
state : 1
log : 43981 / 2017-4-23
YA20151207130233 - 2017-02-05 11:21:22
state : 3
log : 6567 : 등록된 객실 없습니다
YA20151207130233 - 2017-02-05 11:21:24
state : 1
log : 43981 / 2017-4-24
YA20151207130233 - 2017-02-05 11:21:25
state : 3
log : 6567 : 등록된 객실 없습니다
YA20151207130233 - 2017-02-05 11:21:27
state : 1
log : 43981 / 2017-4-25
YA20151207130233 - 2017-02-05 11:21:28
state : 3
log : 6567 : 등록된 객실 없습니다
YA20151207130233 - 2017-02-05 11:21:29
state : 1
log : 43981 / 2017-4-26
YA20151207130233 - 2017-02-05 11:21:30
state : 3
log : 6567 : 등록된 객실 없습니다
YA20151207130233 - 2017-02-05 11:21:31
state : 1
log : 43981 / 2017-4-27
YA20151207130233 - 2017-02-05 11:21:32
state : 3
log : 6567 : 등록된 객실 없습니다
YA20151207130233 - 2017-02-05 11:21:33
state : 1
log : 43981 / 2017-4-28
YA20151207130233 - 2017-02-05 11:21:34
state : 3
log : 6567 : 등록된 객실 없습니다
YA20151207130233 - 2017-02-05 11:21:36
state : 1
log : 43981 / 2017-4-29
YA20151207130233 - 2017-02-05 11:21:37
state : 3
log : 6567 : 등록된 객실 없습니다
YA20151207130233 - 2017-02-05 11:21:38
state : 1
log : 43981 / 2017-4-30
YA20151207130233 - 2017-02-05 11:21:39
state : 3
log : 6567 : 등록된 객실 없습니다
YA20151207130233 - 2017-02-05 11:21:40
state : 1
log : 43981 / 2017-4-1
YA20151207130233 - 2017-02-05 11:21:41
state : 3
log : 6567 : 등록된 객실 없습니다
YA20151207130233 - 2017-02-05 11:21:43
state : 1
log : 43981 / 2017-4-2
YA20151207130233 - 2017-02-05 11:21:44
state : 3
log : 6567 : 등록된 객실 없습니다
YA20151207130233 - 2017-02-05 11:21:45
state : 1
log : 43981 / 2017-4-3
YA20151207130233 - 2017-02-05 11:21:46
state : 3
log : 6567 : 등록된 객실 없습니다
YA20151207130233 - 2017-02-05 11:21:47
state : 1
log : 43981 / 2017-4-4
YA20151207130233 - 2017-02-05 11:21:48
state : 3
log : 6567 : 등록된 객실 없습니다
YA20151207130233 - 2017-02-05 11:21:50
state : 1
log : 43981 / 2017-4-5
YA20151207130233 - 2017-02-05 11:21:51
state : 3
log : 6567 : 등록된 객실 없습니다
YA20151207130233 - 2017-02-05 11:21:52
state : 1
log : 43981 / 2017-4-6
YA20151207130233 - 2017-02-05 11:21:53
state : 3
log : 6567 : 등록된 객실 없습니다
YA20151207130233 - 2017-02-05 11:21:54
state : 1
log : 43981 / 2017-4-7
YA20151207130233 - 2017-02-05 11:21:56
state : 3
log : 6567 : 등록된 객실 없습니다
YA20151207130233 - 2017-02-05 11:21:57
state : 1
log : 43981 / 2017-4-9
YA20151207130233 - 2017-02-05 11:21:58
state : 3
log : 6567 : 등록된 객실 없습니다
YA20151207130233 - 2017-02-05 11:21:59
state : 1
log : 43981 / 2017-4-10
YA20151207130233 - 2017-02-05 11:22:00
state : 3
log : 6567 : 등록된 객실 없습니다
YA20151207130233 - 2017-02-05 11:22:01
state : 1
log : 43981 / 2017-4-11
YA20151207130233 - 2017-02-05 11:22:02
state : 3
log : 6567 : 등록된 객실 없습니다
YA20151207130233 - 2017-02-05 11:22:04
state : 1
log : 43981 / 2017-4-12
YA20151207130233 - 2017-02-05 11:22:05
state : 3
log : 6567 : 등록된 객실 없습니다
YA20151207130233 - 2017-02-05 11:22:06
state : 1
log : 43981 / 2017-4-13
YA20151207130233 - 2017-02-05 11:22:07
state : 3
log : 6567 : 등록된 객실 없습니다
YA20151207130233 - 2017-02-05 11:22:08
state : 1
log : 43981 / 2017-4-14
YA20151207130233 - 2017-02-05 11:22:09
state : 3
log : 6567 : 등록된 객실 없습니다
YA20151207130233 - 2017-02-05 11:22:11
state : 1
log : 43981 / 2017-4-15
YA20151207130233 - 2017-02-05 11:22:12
state : 3
log : 6567 : 등록된 객실 없습니다
YA20151207130233 - 2017-02-05 11:22:13
state : 1
log : 43981 / 2017-4-16
YA20151207130233 - 2017-02-05 11:22:14
state : 3
log : 6567 : 등록된 객실 없습니다
YA20151207130233 - 2017-02-05 11:22:15
state : 1
log : 43981 / 2017-4-17
YA20151207130233 - 2017-02-05 11:22:16
state : 3
log : 6567 : 등록된 객실 없습니다
YA20151207130233 - 2017-02-05 11:22:18
state : 1
log : 43981 / 2017-4-18
YA20151207130233 - 2017-02-05 11:22:19
state : 3
log : 6567 : 등록된 객실 없습니다
YA20151207130233 - 2017-02-05 11:22:20
state : 1
log : 43981 / 2017-4-19
YA20151207130233 - 2017-02-05 11:22:21
state : 3
log : 6567 : 등록된 객실 없습니다
YA20151207130233 - 2017-02-05 11:22:22
state : 1
log : 43981 / 2017-4-20
YA20151207130233 - 2017-02-05 11:22:23
state : 3
log : 6567 : 등록된 객실 없습니다
YA20151207130233 - 2017-02-05 11:22:24
state : 1
log : 43981 / 2017-4-21
YA20151207130233 - 2017-02-05 11:22:25
state : 3
log : 6567 : 등록된 객실 없습니다
YA20151207130233 - 2017-02-05 11:22:27
state : 1
log : 43981 / 2017-4-22
YA20151207130233 - 2017-02-05 11:22:28
state : 3
log : 6567 : 등록된 객실 없습니다
YA20151207130233 - 2017-02-05 11:22:29
state : 1
log : 43981 / 2017-4-23
YA20151207130233 - 2017-02-05 11:22:30
state : 3
log : 6567 : 등록된 객실 없습니다
YA20151207130233 - 2017-02-05 11:22:31
state : 1
log : 43981 / 2017-4-24
YA20151207130233 - 2017-02-05 11:22:33
state : 3
log : 6567 : 등록된 객실 없습니다
YA20151207130233 - 2017-02-05 11:22:35
state : 1
log : 43981 / 2017-4-25
YA20151207130233 - 2017-02-05 11:22:36
state : 3
log : 6567 : 등록된 객실 없습니다
YA20151207130233 - 2017-02-05 11:22:38
state : 1
log : 43981 / 2017-4-26
YA20151207130233 - 2017-02-05 11:22:39
state : 3
log : 6567 : 등록된 객실 없습니다
YA20151207130233 - 2017-02-05 11:22:40
state : 1
log : 43981 / 2017-4-27
YA20151207130233 - 2017-02-05 11:22:41
state : 3
log : 6567 : 등록된 객실 없습니다
YA20151207130233 - 2017-02-05 11:22:43
state : 1
log : 43981 / 2017-4-28
YA20151207130233 - 2017-02-05 11:22:44
state : 3
log : 6567 : 등록된 객실 없습니다
YA20151207130233 - 2017-02-05 11:22:45
state : 1
log : 43981 / 2017-4-29
YA20151207130233 - 2017-02-05 11:22:46
state : 3
log : 6567 : 등록된 객실 없습니다
YA20151207130233 - 2017-02-05 11:22:47
state : 1
log : 43981 / 2017-4-30
YA20151207130233 - 2017-02-05 11:22:48
state : 3
log : 6567 : 등록된 객실 없습니다
YA20151207130233 - 2017-02-05 11:22:50
state : 1
log : 43981 / 2017-5-2
YA20151207130233 - 2017-02-05 11:22:51
state : 1
log : 43981 / 2017-5-2
YA20151207130233 - 2017-02-05 11:22:52
state : 1
log : 43981 / 2017-5-2
YA20151207130233 - 2017-02-05 11:22:54
state : 1
log : 43981 / 2017-5-2
YA20151207130233 - 2017-02-05 11:22:55
state : 1
log : 43981 / 2017-5-2
YA20151207130233 - 2017-02-05 11:22:56
state : 1
log : 43981 / 2017-5-2
YA20151207130233 - 2017-02-05 11:22:58
state : 1
log : 33984 / 2017-2-11
YA20151207130233 - 2017-02-05 11:22:58
state : 1
log : 43981 / 2017-4-1
YA20151207130233 - 2017-02-05 11:23:00
state : 3
log : 6567 : 등록된 객실 없습니다
YA20151207130233 - 2017-02-05 11:23:02
state : 1
log : 43981 / 2017-4-2
YA20151207130233 - 2017-02-05 11:23:03
state : 3
log : 6567 : 등록된 객실 없습니다
YA20151207130233 - 2017-02-05 11:23:04
state : 1
log : 43981 / 2017-4-3
YA20151207130233 - 2017-02-05 11:23:06
state : 3
log : 6567 : 등록된 객실 없습니다
YA20151207130233 - 2017-02-05 11:23:08
state : 1
log : 43981 / 2017-4-4
YA20151207130233 - 2017-02-05 11:23:09
state : 3
log : 6567 : 등록된 객실 없습니다
YA20151207130233 - 2017-02-05 11:23:10
state : 1
log : 43981 / 2017-4-5
YA20151207130233 - 2017-02-05 11:23:12
state : 3
log : 6567 : 등록된 객실 없습니다
YA20151207130233 - 2017-02-05 11:23:13
state : 1
log : 43981 / 2017-4-6
YA20151207130233 - 2017-02-05 11:23:14
state : 3
log : 6567 : 등록된 객실 없습니다
YA20151207130233 - 2017-02-05 11:23:15
state : 1
log : 43981 / 2017-4-7
YA20151207130233 - 2017-02-05 11:23:16
state : 3
log : 6567 : 등록된 객실 없습니다
YA20151207130233 - 2017-02-05 11:23:17
state : 1
log : 43981 / 2017-4-9
YA20151207130233 - 2017-02-05 11:23:18
state : 3
log : 6567 : 등록된 객실 없습니다
YA20151207130233 - 2017-02-05 11:23:20
state : 1
log : 43981 / 2017-4-10
YA20151207130233 - 2017-02-05 11:23:22
state : 3
log : 6567 : 등록된 객실 없습니다
YA20151207130233 - 2017-02-05 11:23:24
state : 1
log : 43981 / 2017-4-11
YA20151207130233 - 2017-02-05 11:23:25
state : 3
log : 6567 : 등록된 객실 없습니다
YA20151207130233 - 2017-02-05 11:23:26
state : 1
log : 43981 / 2017-4-12
YA20151207130233 - 2017-02-05 11:23:27
state : 3
log : 6567 : 등록된 객실 없습니다
YA20151207130233 - 2017-02-05 11:23:28
state : 1
log : 43981 / 2017-4-13
YA20151207130233 - 2017-02-05 11:23:30
state : 3
log : 6567 : 등록된 객실 없습니다
YA20151207130233 - 2017-02-05 11:23:31
state : 1
log : 43981 / 2017-4-14
YA20151207130233 - 2017-02-05 11:23:32
state : 3
log : 6567 : 등록된 객실 없습니다
YA20151207130233 - 2017-02-05 11:23:33
state : 1
log : 43981 / 2017-4-15
YA20151207130233 - 2017-02-05 11:23:34
state : 3
log : 6567 : 등록된 객실 없습니다
YA20151207130233 - 2017-02-05 11:23:35
state : 1
log : 43981 / 2017-4-16
YA20151207130233 - 2017-02-05 11:23:36
state : 3
log : 6567 : 등록된 객실 없습니다
YA20151207130233 - 2017-02-05 11:23:38
state : 1
log : 43981 / 2017-4-17
YA20151207130233 - 2017-02-05 11:23:39
state : 3
log : 6567 : 등록된 객실 없습니다
YA20151207130233 - 2017-02-05 11:23:40
state : 1
log : 43981 / 2017-4-18
YA20151207130233 - 2017-02-05 11:23:41
state : 3
log : 6567 : 등록된 객실 없습니다
YA20151207130233 - 2017-02-05 11:23:42
state : 1
log : 43981 / 2017-4-19
YA20151207130233 - 2017-02-05 11:23:44
state : 3
log : 6567 : 등록된 객실 없습니다
YA20151207130233 - 2017-02-05 11:23:46
state : 1
log : 43981 / 2017-4-20
YA20151207130233 - 2017-02-05 11:23:47
state : 3
log : 6567 : 등록된 객실 없습니다
YA20151207130233 - 2017-02-05 11:23:48
state : 1
log : 43981 / 2017-4-21
YA20151207130233 - 2017-02-05 11:23:49
state : 3
log : 6567 : 등록된 객실 없습니다
YA20151207130233 - 2017-02-05 11:23:51
state : 1
log : 43981 / 2017-4-22
YA20151207130233 - 2017-02-05 11:23:52
state : 3
log : 6567 : 등록된 객실 없습니다
YA20151207130233 - 2017-02-05 11:23:53
state : 1
log : 43981 / 2017-4-23
YA20151207130233 - 2017-02-05 11:23:54
state : 3
log : 6567 : 등록된 객실 없습니다
YA20151207130233 - 2017-02-05 11:23:55
state : 1
log : 43981 / 2017-4-24
YA20151207130233 - 2017-02-05 11:23:57
state : 3
log : 6567 : 등록된 객실 없습니다
YA20151207130233 - 2017-02-05 11:23:58
state : 1
log : 43981 / 2017-4-25
YA20151207130233 - 2017-02-05 11:24:00
state : 3
log : 6567 : 등록된 객실 없습니다
YA20151207130233 - 2017-02-05 11:24:01
state : 1
log : 43981 / 2017-4-26
YA20151207130233 - 2017-02-05 11:24:02
state : 3
log : 6567 : 등록된 객실 없습니다
YA20151207130233 - 2017-02-05 11:24:03
state : 1
log : 43981 / 2017-4-27
YA20151207130233 - 2017-02-05 11:24:04
state : 3
log : 6567 : 등록된 객실 없습니다
YA20151207130233 - 2017-02-05 11:24:07
state : 1
log : 43981 / 2017-4-28
YA20151207130233 - 2017-02-05 11:24:08
state : 3
log : 6567 : 등록된 객실 없습니다
YA20151207130233 - 2017-02-05 11:24:09
state : 1
log : 43981 / 2017-4-29
YA20151207130233 - 2017-02-05 11:24:10
state : 3
log : 6567 : 등록된 객실 없습니다
YA20151207130233 - 2017-02-05 11:24:12
state : 1
log : 43981 / 2017-4-30
YA20151207130233 - 2017-02-05 11:24:13
state : 3
log : 6567 : 등록된 객실 없습니다
YA20151207130233 - 2017-02-05 11:24:14
state : 1
log : 43981 / 2017-5-2
YA20151207130233 - 2017-02-05 11:44:22
state : 1
log : 21814 / 2017-2-11
2017-02-05 12:11:29
key : YA20151207130233
state : 1
log : 21757 / 2017-2-5
2017-02-05 12:11:38
key : YA20151207130233
state : 1
log : 21757 / 2017-2-5
YA20151207130233 - 2017-02-05 12:17:44
state : 2
log : 5274 : 이미 막힌 객실 선택
YA20151207130233 - 2017-02-05 12:21:48
state : 1
log : 24771 / 2017-2-5
2017-02-05 12:29:07
key : YA20151207130233
state : 1
log : 23579 / 2017-02-12
YA20151207130233 - 2017-02-05 12:40:34
state : 1
log : 23579 / 2017-02-12
YA20151207130233 - 2017-02-05 12:44:08
state : 1
log : 21578 / 2017-02-06
YA20161116113212 - 2017-02-05 12:44:43
state : 1
log : 21962 / 2017-02-05
YA20151207130233 - 2017-02-05 12:50:37
state : 1
log : 21578 / 2017-2-6
YA20151207130233 - 2017-02-05 13:13:44
state : 3
log : 6304 : 등록된 객실 없습니다
YA20161116113212 - 2017-02-05 13:30:42
state : 1
log : 29335 / 2017-02-10
YA20151207130233 - 2017-02-05 13:36:19
state : 2
log : 6082 : 이미 막힌 객실 선택
YA20151207130233 - 2017-02-05 13:37:02
state : 1
log : 33986 / 2017-02-11
YA20151207130233 - 2017-02-05 14:00:55
state : 1
log : 24075 / 2017-3-11
YA20151207130233 - 2017-02-05 14:10:42
state : 2
log : 4600 : 이미 막힌 객실 선택
YA20151207130233 - 2017-02-05 14:25:26
state : 1
log : 21819 / 2017-2-5
YA20151207130233 - 2017-02-05 14:25:39
state : 1
log : 21818 / 2017-02-05
YA20161116113212 - 2017-02-05 14:32:02
state : 1
log : 31620 / 2017-02-09
2017-02-05 14:40:25
key : YA20151207130233
state : 1
log : 22715 / 2017-02-11
YA20151207130233 - 2017-02-05 14:41:45
state : 3
log :  : 등록된 객실 없습니다
YA20151207130233 - 2017-02-05 14:43:26
state : 1
log : 23584 / 2017-2-10
YA20151207130233 - 2017-02-05 14:43:56
state : 1
log : 39855 / 2017-2-5
YA20151207130233 - 2017-02-05 14:43:57
state : 1
log : 39858 / 2017-2-5
YA20161116113212 - 2017-02-05 14:53:02
state : 1
log : 21800 / 2017-02-05
YA20151207130233 - 2017-02-05 14:53:29
state : 1
log : 9726 / 2017-2-8
2017-02-05 14:55:46
key : YA20151207130233
state : 1
log : 43736 / 2017-2-9
2017-02-05 15:19:17
key : YA20151207130233
state : 1
log : 39856 / 2017-2-22
YA20151207130233 - 2017-02-05 15:30:46
state : 1
log : 25128 / 2017-2-9
YA20161116113212 - 2017-02-05 15:45:52
state : 1
log : 8477 / 2017-02-11
YA20151207130233 - 2017-02-05 16:00:40
state : 1
log : 43736 / 2017-02-28
YA20151207130233 - 2017-02-05 16:00:47
state : 1
log : 24385 / 2017-02-12
YA20151207130233 - 2017-02-05 16:08:24
state : 1
log : 21752 / 2017-02-06
YA20161116113212 - 2017-02-05 16:08:58
state : 1
log : 21026 / 2017-02-12
YA20151207130233 - 2017-02-05 16:10:05
state : 1
log : 21752 / 2017-2-6
YA20161116113212 - 2017-02-05 16:12:51
state : 1
log : 14245 / 2017-02-06
YA20161116113212 - 2017-02-05 16:13:37
state : 1
log : 30089 / 2017-02-20
30089 / 2017-02-21
YA20151207130233 - 2017-02-05 16:26:50
state : 1
log : 17749 / 2017-2-5
YA20151207130233 - 2017-02-05 16:31:14
state : 3
log : 6299 : 등록된 객실 없습니다
YA20151207130233 - 2017-02-05 16:31:16
state : 1
log : 20708 / 2017-2-5
YA20151207130233 - 2017-02-05 16:31:17
state : 1
log : 20713 / 2017-2-5
YA20151207130233 - 2017-02-05 16:31:18
state : 1
log : 20714 / 2017-2-5
YA20151207130233 - 2017-02-05 16:31:29
state : 1
log : 20706 / 2017-2-5
YA20161116113212 - 2017-02-05 16:32:51
state : 1
log : 17784 / 2017-02-12
YA20151207130233 - 2017-02-05 16:34:30
state : 1
log : 10539 / 2017-2-19
YA20151207130233 - 2017-02-05 16:35:01
state : 1
log : 10539 / 2017-2-19
YA20151207130233 - 2017-02-05 16:35:02
state : 1
log : 10539 / 2017-2-19
YA20151207130233 - 2017-02-05 16:43:57
state : 1
log : 21760 / 2017-2-12
YA20151207130233 - 2017-02-05 16:46:04
state : 1
log : 21760 / 2017-3-14
YA20161116113212 - 2017-02-05 16:47:02
state : 1
log : 26290 / 2017-02-06
YA20151207130233 - 2017-02-05 16:48:22
state : 1
log : 21750 / 2017-2-6
YA20161116113212 - 2017-02-05 16:54:12
state : 1
log : 21558 / 2017-02-05
YA20151207130233 - 2017-02-05 16:58:51
state : 1
log : 17750 / 2017-2-10
YA20151207130233 - 2017-02-05 16:58:58
state : 1
log : 9801 / 2017-02-06
YA20151207130233 - 2017-02-05 17:01:12
state : 1
log : 24086 / 2017-3-18
YA20161116113212 - 2017-02-05 17:08:42
state : 1
log : 21705 / 2017-02-05
2017-02-05 17:28:22
key : YA20151207130233
state : 1
log : 24437 / 2017-2-17
YA20151207130233 - 2017-02-05 17:30:06
state : 1
log : 23315 / 2017-02-11
YA20161116113212 - 2017-02-05 17:30:14
state : 1
log : 30678 / 2017-02-11
YA20151207130233 - 2017-02-05 17:30:24
state : 1
log : 21813 / 2017-2-13
YA20161116113212 - 2017-02-05 17:33:36
state : 1
log : 43219 / 2017-02-11
YA20161116113212 - 2017-02-05 17:35:25
state : 1
log : 10417 / 2017-02-10
YA20151207130233 - 2017-02-05 17:35:38
state : 1
log : 21747 / 2017-2-5
YA20151207130233 - 2017-02-05 17:40:30
state : 1
log : 9726 / 2017-02-19
2017-02-05 17:40:41
key : YA20151207130233
state : 1
log : 23315 / 2017-2-11
YA20151207130233 - 2017-02-05 17:41:58
state : 1
log : 23313 / 2017-2-11
YA20151207130233 - 2017-02-05 17:42:04
state : 1
log : 16493 / 2017-02-10
YA20161116113212 - 2017-02-05 17:47:07
state : 1
log : 34391 / 2017-02-20
YA20151207130233 - 2017-02-05 18:00:49
state : 1
log : 36252 / 2017-02-10
YA20151207130233 - 2017-02-05 18:04:36
state : 1
log : 46335 / 2017-2-10
YA20151207130233 - 2017-02-05 18:04:46
state : 1
log : 43736 / 2017-02-09
2017-02-05 18:09:08
key : YA20151207130233
state : 1
log : 21773 / 2017-02-05
2017-02-05 18:11:28
key : YA20151207130233
state : 1
log : 21773 / 2017-02-05
YA20151207130233 - 2017-02-05 18:13:43
state : 3
log :  : 등록된 객실 없습니다
YA20151207130233 - 2017-02-05 18:13:43
state : 3
log :  : 등록된 객실 없습니다
YA20151207130233 - 2017-02-05 18:16:26
state : 1
log : 24086 / 2017-02-09
YA20151207130233 - 2017-02-05 18:17:09
state : 1
log : 21579 / 2017-02-10
YA20151207130233 - 2017-02-05 18:17:38
state : 1
log : 21580 / 2017-02-19
YA20151207130233 - 2017-02-05 18:22:45
state : 1
log : 34060 / 2017-02-20
YA20151207130233 - 2017-02-05 18:24:03
state : 1
log : 21579 / 2017-2-10
YA20161116113212 - 2017-02-05 18:24:57
state : 1
log : 13087 / 2017-02-12
YA20151207130233 - 2017-02-05 18:25:32
state : 1
log : 21773 / 2017-2-5
YA20151207130233 - 2017-02-05 18:25:34
state : 1
log : 21770 / 2017-2-6
YA20151207130233 - 2017-02-05 18:25:36
state : 1
log : 21773 / 2017-2-6
YA20151207130233 - 2017-02-05 18:26:09
state : 1
log : 21580 / 2017-2-19
YA20151207130233 - 2017-02-05 18:26:10
state : 1
log : 34060 / 2017-2-20
YA20151207130233 - 2017-02-05 18:29:19
state : 1
log : 24086 / 2017-2-9
YA20161116113212 - 2017-02-05 18:46:30
state : 1
log : 15296 / 2017-02-05
YA20151207130233 - 2017-02-05 18:53:22
state : 1
log : 24765 / 2017-2-5
YA20151207130233 - 2017-02-05 18:58:26
state : 1
log : 9725 / 2017-2-26
YA20161116113212 - 2017-02-05 19:05:25
state : 1
log : 17167 / 2017-02-11
YA20161116113212 - 2017-02-05 19:21:05
state : 1
log : 12127 / 2017-02-10
YA20151207130233 - 2017-02-05 19:23:25
state : 1
log : 21817 / 2017-02-07
YA20161116113212 - 2017-02-05 19:30:46
state : 1
log : 36624 / 2017-02-10
YA20151207130233 - 2017-02-05 19:35:37
state : 1
log : 22719 / 2017-2-6
YA20151207130233 - 2017-02-05 19:35:38
state : 1
log : 22719 / 2017-2-7
YA20151207130233 - 2017-02-05 19:35:40
state : 1
log : 22719 / 2017-2-8
YA20151207130233 - 2017-02-05 19:35:41
state : 1
log : 22719 / 2017-2-9
YA20151207130233 - 2017-02-05 19:35:42
state : 1
log : 22719 / 2017-2-6
YA20151207130233 - 2017-02-05 19:35:44
state : 1
log : 22719 / 2017-2-7
YA20151207130233 - 2017-02-05 19:35:46
state : 1
log : 22719 / 2017-2-8
YA20151207130233 - 2017-02-05 19:35:48
state : 1
log : 22719 / 2017-2-9
YA20151207130233 - 2017-02-05 19:35:49
state : 1
log : 22719 / 2017-2-6
YA20151207130233 - 2017-02-05 19:35:52
state : 1
log : 22719 / 2017-2-7
YA20151207130233 - 2017-02-05 19:35:53
state : 1
log : 22719 / 2017-2-8
YA20151207130233 - 2017-02-05 19:35:54
state : 1
log : 22719 / 2017-2-9
YA20151207130233 - 2017-02-05 19:37:03
state : 1
log : 24385 / 2017-2-12
YA20151207130233 - 2017-02-05 19:41:20
state : 1
log : 21756 / 2017-02-09
YA20151207130233 - 2017-02-05 19:51:41
state : 1
log : 24779 / 2017-2-5
YA20151207130233 - 2017-02-05 19:51:42
state : 2
log : 4601 : 이미 막힌 객실 선택
YA20151207130233 - 2017-02-05 19:52:05
state : 1
log : 24779 / 2017-2-6
YA20151207130233 - 2017-02-05 19:52:06
state : 2
log : 4601 : 이미 막힌 객실 선택
YA20151207130233 - 2017-02-05 19:59:59
state : 1
log : 25045 / 2017-02-11
YA20151207130233 - 2017-02-05 20:07:32
state : 1
log : 20712 / 2017-02-27
YA20151207130233 - 2017-02-05 20:20:32
state : 1
log : 21579 / 2017-2-24
YA20161116113212 - 2017-02-05 20:20:51
state : 1
log : 42745 / 2017-02-08
42745 / 2017-02-09
YA20151207130233 - 2017-02-05 20:20:53
state : 1
log : 25045 / 2017-2-11
YA20151207130233 - 2017-02-05 20:34:34
state : 1
log : 21576 / 2017-02-20
YA20151207130233 - 2017-02-05 20:37:55
state : 1
log : 21576 / 2017-2-20
YA20151207130233 - 2017-02-05 20:59:14
state : 1
log : 9728 / 2017-2-6
YA20151207130233 - 2017-02-05 20:59:16
state : 1
log : 9727 / 2017-2-7
YA20151207130233 - 2017-02-05 20:59:17
state : 1
log : 9725 / 2017-2-8
YA20151207130233 - 2017-02-05 20:59:31
state : 1
log : 9728 / 2017-2-9
YA20151207130233 - 2017-02-05 20:59:33
state : 1
log : 9727 / 2017-2-9
YA20161116113212 - 2017-02-05 21:11:19
state : 1
log : 19537 / 2017-02-14
YA20151207130233 - 2017-02-05 21:25:25
state : 1
log : 21576 / 2017-02-18
YA20151207130233 - 2017-02-05 21:35:37
state : 1
log : 24714 / 2017-02-06
YA20151207130233 - 2017-02-05 21:39:43
state : 1
log : 9728 / 2017-2-6
YA20151207130233 - 2017-02-05 21:44:32
state : 1
log : 24714 / 2017-2-6
YA20161116113212 - 2017-02-05 21:47:00
state : 1
log : 15007 / 2017-02-09
YA20151207130233 - 2017-02-05 21:47:55
state : 1
log : 21787 / 2017-02-11
2017-02-05 21:47:55
key : YA20151207130233
state : 1
log : 21766 / 2017-02-12
YA20151207130233 - 2017-02-05 21:54:51
state : 3
log : 2327 : 등록된 객실 없습니다
YA20151207130233 - 2017-02-05 22:05:09
state : 1
log : 15310 / 2017-02-18
YA20161116113212 - 2017-02-05 22:08:16
state : 1
log : 11324 / 2017-02-06
YA20151207130233 - 2017-02-05 22:13:06
state : 1
log : 14497 / 2017-02-12
YA20151207130233 - 2017-02-05 22:15:17
state : 1
log : 15310 / 2017-2-18
YA20161116113212 - 2017-02-05 22:28:58
state : 1
log : 34094 / 2017-02-08
YA20151207130233 - 2017-02-05 22:37:01
state : 1
log : 14860 / 2017-2-18
YA20151207130233 - 2017-02-05 22:37:59
state : 1
log : 23581 / 2017-02-11
2017-02-05 22:46:59
key : YA20151207130233
state : 1
log : 24384 / 2017-02-08
2017-02-05 22:52:48
key : YA20151207130233
state : 1
log : 25046 / 2017-02-11
YA20151207130233 - 2017-02-05 22:53:46
state : 1
log : 25046 / 2017-02-11
YA20161116113212 - 2017-02-05 23:00:52
state : 1
log : 38585 / 2017-02-27
YA20161116113212 - 2017-02-05 23:02:11
state : 1
log : 44914 / 2017-02-06
YA20151207130233 - 2017-02-05 23:02:28
state : 1
log : 21755 / 2017-02-10
2017-02-05 23:20:27
key : YA20151207130233
state : 1
log : 23480 / 2017-02-07
YA20161116113212 - 2017-02-05 23:26:33
state : 1
log : 29370 / 2017-02-10
YA20151207130233 - 2017-02-05 23:27:35
state : 1
log : 14494 / 2017-02-11
YA20151207130233 - 2017-02-05 23:27:37
state : 1
log : 14494 / 2017-02-12
YA20151207130233 - 2017-02-05 23:29:43
state : 1
log : 24765 / 2017-02-11
YA20161116113212 - 2017-02-05 23:32:59
state : 1
log : 45825 / 2017-02-14
YA20161116113212 - 2017-02-05 23:52:00
state : 1
log : 23279 / 2017-02-06
