YA20151207130233 - 2017-02-03 00:15:04
state : 1
log : 23583 / 2017-2-3
YA20151207130233 - 2017-02-03 00:15:56
state : 1
log : 10539 / 2017-2-4
YA20151207130233 - 2017-02-03 00:15:58
state : 1
log : 26460 / 2017-2-4
YA20161116113212 - 2017-02-03 00:27:03
state : 1
log : 14529 / 2017-02-18
YA20161116113212 - 2017-02-03 00:46:06
state : 1
log : 33570 / 2017-02-03
YA20161116113212 - 2017-02-03 00:57:06
state : 1
log : 42752 / 2017-02-25
YA20161116113212 - 2017-02-03 01:03:39
state : 1
log : 42745 / 2017-02-03
YA20161116113212 - 2017-02-03 01:06:06
state : 1
log : 22070 / 2017-02-04
2017-02-03 01:25:29
key : YA20151207130233
state : 1
log : 23581 / 2017-02-12
YA20151207130233 - 2017-02-03 01:26:04
state : 1
log : 23581 / 2017-02-12
YA20161116113212 - 2017-02-03 01:35:13
state : 1
log : 23244 / 2017-02-11
YA20151207130233 - 2017-02-03 01:36:46
state : 1
log : 18057 / 2017-02-18
YA20161116113212 - 2017-02-03 02:18:52
state : 1
log : 10648 / 2017-02-04
YA20161116113212 - 2017-02-03 02:52:12
state : 1
log : 33914 / 2017-02-03
YA20151207130233 - 2017-02-03 03:07:29
state : 1
log : 21756 / 2017-02-05
YA20161116113212 - 2017-02-03 04:27:49
state : 1
log : 41101 / 2017-02-09
YA20161116113212 - 2017-02-03 07:26:35
state : 1
log : 8912 / 2017-02-11
YA20151207130233 - 2017-02-03 08:23:26
state : 1
log : 21578 / 2017-3-5
YA20151207130233 - 2017-02-03 08:24:29
state : 1
log : 21577 / 2017-2-28
YA20151207130233 - 2017-02-03 08:24:30
state : 1
log : 21581 / 2017-2-28
YA20151207130233 - 2017-02-03 08:24:32
state : 1
log : 21576 / 2017-2-28
YA20151207130233 - 2017-02-03 08:24:33
state : 1
log : 34060 / 2017-2-28
YA20151207130233 - 2017-02-03 08:24:34
state : 1
log : 34061 / 2017-2-28
YA20151207130233 - 2017-02-03 08:59:44
state : 1
log : 20711 / 2017-2-17
YA20151207130233 - 2017-02-03 09:02:00
state : 1
log : 20703 / 2017-2-11
YA20151207130233 - 2017-02-03 09:12:20
state : 1
log : 21047 / 2017-02-03
YA20151207130233 - 2017-02-03 09:36:04
state : 3
log : 5823 : 등록된 객실 없습니다
YA20151207130233 - 2017-02-03 09:40:52
state : 1
log : 43766 / 2017-2-3
YA20151207130233 - 2017-02-03 09:40:53
state : 1
log : 43769 / 2017-2-3
2017-02-03 09:48:05
key : YA20151207130233
state : 1
log : 22275 / 2017-2-11
YA20151207130233 - 2017-02-03 09:55:59
state : 1
log : 22275 / 2017-02-11
YA20161116113212 - 2017-02-03 09:57:02
state : 1
log : 21331 / 2017-02-03
YA20151207130233 - 2017-02-03 10:00:13
state : 1
log : 17746 / 2017-2-4
YA20151207130233 - 2017-02-03 10:00:54
state : 1
log : 23580 / 2017-2-3
YA20151207130233 - 2017-02-03 10:01:23
state : 1
log : 17752 / 2017-2-4
2017-02-03 10:01:39
key : YA20151207130233
state : 1
log : 17746 / 2017-2-4
YA20151207130233 - 2017-02-03 10:02:30
state : 1
log : 23581 / 2017-2-12
YA20151207130233 - 2017-02-03 10:15:24
state : 1
log : 21765 / 2017-2-3
YA20151207130233 - 2017-02-03 10:18:23
state : 1
log : 18079 / 2017-2-10
2017-02-03 10:18:23
key : YA20151207130233
state : 1
log : 3697 / 2017-02-03
YA20151207130233 - 2017-02-03 10:18:25
state : 1
log : 18082 / 2017-2-10
YA20151207130233 - 2017-02-03 10:23:32
state : 3
log :  : 등록된 객실 없습니다
YA20151207130233 - 2017-02-03 10:25:26
state : 1
log : 12529 / 2017-2-24
YA20151207130233 - 2017-02-03 10:28:21
state : 1
log : 24779 / 2017-2-3
YA20151207130233 - 2017-02-03 10:29:39
state : 1
log : 12534 / 2017-2-6
YA20151207130233 - 2017-02-03 10:31:54
state : 1
log : 41970 / 2017-02-18
YA20151207130233 - 2017-02-03 10:34:10
state : 1
log : 25171 / 2017-2-11
YA20151207130233 - 2017-02-03 10:42:14
state : 1
log : 17751 / 2017-2-4
YA20151207130233 - 2017-02-03 10:45:34
state : 1
log : 46154 / 2017-2-4
YA20151207130233 - 2017-02-03 10:46:30
state : 1
log : 46149 / 2017-2-5
YA20151207130233 - 2017-02-03 10:46:31
state : 1
log : 46150 / 2017-2-5
YA20151207130233 - 2017-02-03 10:46:33
state : 1
log : 46154 / 2017-2-5
YA20151207130233 - 2017-02-03 10:57:39
state : 1
log : 34061 / 2017-2-7
YA20151207130233 - 2017-02-03 10:58:01
state : 1
log : 23340 / 2017-2-5
YA20151207130233 - 2017-02-03 10:58:18
state : 1
log : 23521 / 2017-2-25
YA20151207130233 - 2017-02-03 10:58:19
state : 3
log : 5332 : 등록된 객실 없습니다
YA20151207130233 - 2017-02-03 10:59:02
state : 1
log : 23483 / 2017-2-4
YA20151207130233 - 2017-02-03 10:59:04
state : 1
log : 23520 / 2017-2-4
YA20151207130233 - 2017-02-03 10:59:16
state : 1
log : 23520 / 2017-2-3
YA20161116113212 - 2017-02-03 11:05:49
state : 1
log : 4046 / 2017-02-04
YA20151207130233 - 2017-02-03 11:11:06
state : 1
log : 18092 / 2017-2-18
YA20161116113212 - 2017-02-03 11:26:21
state : 1
log : 11842 / 2017-02-04
YA20161116113212 - 2017-02-03 11:33:58
state : 1
log : 47864 / 2017-02-14
YA20151207130233 - 2017-02-03 11:35:09
state : 1
log : 21813 / 2017-2-3
YA20151207130233 - 2017-02-03 11:47:55
state : 1
log : 14492 / 2017-02-14
YA20151207130233 - 2017-02-03 11:49:42
state : 1
log : 33981 / 2017-02-25
YA20151207130233 - 2017-02-03 11:50:38
state : 1
log : 21580 / 2017-2-22
YA20151207130233 - 2017-02-03 11:56:39
state : 1
log : 31605 / 2017-02-11
2017-02-03 11:57:46
key : YA20151207130233
state : 1
log : 19891 / 2017-02-03
YA20151207130233 - 2017-02-03 12:10:46
state : 1
log : 43980 / 2017-2-4
YA20151207130233 - 2017-02-03 12:11:41
state : 2
log : 6545 : 이미 막힌 객실 선택
YA20161116113212 - 2017-02-03 12:14:06
state : 1
log : 22715 / 2017-02-07
YA20151207130233 - 2017-02-03 12:19:32
state : 2
log : 4360 : 이미 막힌 객실 선택
YA20151207130233 - 2017-02-03 12:24:20
state : 1
log : 21813 / 2017-2-3
YA20151207130233 - 2017-02-03 12:27:05
state : 2
log : 1444 : 이미 막힌 객실 선택
YA20151207130233 - 2017-02-03 12:27:06
state : 2
log : 1444 : 이미 막힌 객실 선택
YA20151207130233 - 2017-02-03 12:27:37
state : 1
log : 19446 / 2017-2-18
YA20151207130233 - 2017-02-03 12:28:00
state : 2
log : 1444 : 이미 막힌 객실 선택
YA20151207130233 - 2017-02-03 12:28:55
state : 2
log : 6545 : 이미 막힌 객실 선택
YA20151207130233 - 2017-02-03 12:37:36
state : 3
log : 6299 : 등록된 객실 없습니다
YA20151207130233 - 2017-02-03 12:41:08
state : 1
log : 21578 / 2017-03-05
YA20151207130233 - 2017-02-03 12:44:45
state : 1
log : 25131 / 2017-02-18
YA20151207130233 - 2017-02-03 12:48:17
state : 1
log : 17752 / 2017-2-18
YA20161116113212 - 2017-02-03 12:50:43
state : 1
log : 35131 / 2017-02-13
YA20151207130233 - 2017-02-03 12:58:00
state : 1
log : 21766 / 2017-2-14
YA20151207130233 - 2017-02-03 13:01:15
state : 1
log : 21766 / 2017-2-7
YA20151207130233 - 2017-02-03 13:01:59
state : 1
log : 21766 / 2017-2-14
2017-02-03 13:02:12
key : YA20151207130233
state : 1
log : 21766 / 2017-2-14
2017-02-03 13:13:09
key : YA20151207130233
state : 1
log : 21834 / 2017-02-11
YA20151207130233 - 2017-02-03 13:14:36
state : 3
log :  : 등록된 객실 없습니다
YA20151207130233 - 2017-02-03 13:15:39
state : 3
log :  : 등록된 객실 없습니다
YA20151207130233 - 2017-02-03 13:15:50
state : 1
log : 20707 / 2017-2-3
YA20151207130233 - 2017-02-03 13:19:44
state : 1
log : 9727 / 2017-02-03
YA20161116113212 - 2017-02-03 13:20:02
state : 1
log : 4711 / 2017-02-17
4711 / 2017-02-18
YA20161116113212 - 2017-02-03 13:24:47
state : 1
log : 24213 / 2017-02-11
YA20151207130233 - 2017-02-03 13:28:01
state : 1
log : 21750 / 2017-02-05
YA20151207130233 - 2017-02-03 13:37:56
state : 1
log : 33986 / 2017-2-4
YA20161116113212 - 2017-02-03 13:38:01
state : 1
log : 15273 / 2017-02-03
YA20151207130233 - 2017-02-03 13:46:47
state : 1
log : 14498 / 2017-2-3
2017-02-03 13:49:33
key : YA20151207130233
state : 1
log : 23480 / 2017-02-11
YA20151207130233 - 2017-02-03 13:50:05
state : 1
log : 21578 / 2017-3-5
2017-02-03 13:52:05
key : YA20151207130233
state : 1
log : 21834 / 2017-02-11
YA20151207130233 - 2017-02-03 13:53:23
state : 3
log :  : 등록된 객실 없습니다
YA20151207130233 - 2017-02-03 13:56:53
state : 1
log : 14498 / 2017-2-3
YA20151207130233 - 2017-02-03 14:00:14
state : 1
log : 46158 / 2017-02-13
YA20151207130233 - 2017-02-03 14:00:45
state : 1
log : 21580 / 2017-02-09
2017-02-03 14:03:44
key : YA20151207130233
state : 1
log : 21834 / 2017-02-11
YA20151207130233 - 2017-02-03 14:04:54
state : 1
log : 29444 / 2017-02-03
YA20151207130233 - 2017-02-03 14:04:55
state : 1
log : 9727 / 2017-2-3
YA20151207130233 - 2017-02-03 14:06:21
state : 1
log : 14494 / 2017-2-3
2017-02-03 14:10:38
key : YA20151207130233
state : 1
log : 21834 / 2017-02-11
YA20151207130233 - 2017-02-03 14:11:43
state : 3
log :  : 등록된 객실 없습니다
YA20161116113212 - 2017-02-03 14:15:39
state : 1
log : 10232 / 2017-02-04
2017-02-03 14:16:10
key : YA20151207130233
state : 1
log : 21834 / 2017-02-11
YA20151207130233 - 2017-02-03 14:17:18
state : 3
log :  : 등록된 객실 없습니다
YA20151207130233 - 2017-02-03 14:19:34
state : 1
log : 21813 / 2017-2-8
YA20151207130233 - 2017-02-03 14:23:04
state : 1
log : 21580 / 2017-2-9
YA20151207130233 - 2017-02-03 14:26:09
state : 1
log : 17751 / 2017-2-18
YA20151207130233 - 2017-02-03 14:26:11
state : 1
log : 17756 / 2017-2-18
YA20151207130233 - 2017-02-03 14:26:28
state : 1
log : 17749 / 2017-2-3
YA20151207130233 - 2017-02-03 14:26:30
state : 3
log : 6297 : 등록된 객실 없습니다
YA20151207130233 - 2017-02-03 14:35:51
state : 3
log : 6297 : 등록된 객실 없습니다
2017-02-03 14:37:48
key : YA20151207130233
state : 1
log : 3700 / 2017-2-3
YA20161116113212 - 2017-02-03 14:44:02
state : 1
log : 43970 / 2017-02-04
YA20151207130233 - 2017-02-03 14:46:48
state : 1
log : 19912 / 2017-02-18
YA20151207130233 - 2017-02-03 14:47:00
state : 1
log : 4877 / 2017-2-24
YA20151207130233 - 2017-02-03 14:49:22
state : 1
log : 35133 / 2017-2-3
YA20161116113212 - 2017-02-03 14:50:46
state : 1
log : 6086 / 2017-02-03
YA20161116113212 - 2017-02-03 14:53:28
state : 1
log : 35256 / 2017-02-18
YA20151207130233 - 2017-02-03 14:54:45
state : 1
log : 29444 / 2017-02-10
YA20151207130233 - 2017-02-03 14:58:21
state : 1
log : 10538 / 2017-2-9
2017-02-03 15:00:47
key : YA20151207130233
state : 1
log : 10538 / 2017-2-8
YA20161116113212 - 2017-02-03 15:00:55
state : 2
log : 23550 : 이미 막힌 객실 선택
YA20151207130233 - 2017-02-03 15:02:09
state : 1
log : 47720 / 2017-02-04
YA20151207130233 - 2017-02-03 15:02:48
state : 1
log : 47720 / 2017-2-4
YA20151207130233 - 2017-02-03 15:03:22
state : 2
log : 5247 : 이미 막힌 객실 선택
YA20151207130233 - 2017-02-03 15:04:06
state : 2
log : 5247 : 이미 막힌 객실 선택
YA20151207130233 - 2017-02-03 15:09:24
state : 1
log : 21046 / 2017-02-04
YA20151207130233 - 2017-02-03 15:13:11
state : 1
log : 43737 / 2017-02-11
YA20161116113212 - 2017-02-03 15:24:03
state : 1
log : 17225 / 2017-02-03
YA20161116113212 - 2017-02-03 15:32:21
state : 1
log : 23048 / 2017-02-05
YA20151207130233 - 2017-02-03 15:33:23
state : 1
log : 35127 / 2017-2-24
YA20151207130233 - 2017-02-03 15:33:57
state : 3
log : 6299 : 등록된 객실 없습니다
YA20151207130233 - 2017-02-03 15:43:02
state : 1
log : 23583 / 2017-2-5
YA20161116113212 - 2017-02-03 15:48:00
state : 1
log : 20606 / 2017-02-15
YA20161116113212 - 2017-02-03 15:48:08
state : 1
log : 30313 / 2017-02-12
YA20151207130233 - 2017-02-03 15:51:45
state : 1
log : 21745 / 2017-02-21
YA20151207130233 - 2017-02-03 15:53:06
state : 1
log : 21750 / 2017-02-21
YA20161116113212 - 2017-02-03 15:56:29
state : 1
log : 43764 / 2017-02-03
YA20151207130233 - 2017-02-03 15:58:40
state : 1
log : 11098 / 2017-2-10
YA20151207130233 - 2017-02-03 16:00:51
state : 1
log : 11096 / 2017-2-12
YA20151207130233 - 2017-02-03 16:00:52
state : 1
log : 11097 / 2017-2-12
YA20151207130233 - 2017-02-03 16:00:53
state : 1
log : 11098 / 2017-2-12
YA20151207130233 - 2017-02-03 16:00:55
state : 1
log : 11099 / 2017-2-12
YA20151207130233 - 2017-02-03 16:00:56
state : 1
log : 11100 / 2017-2-12
YA20151207130233 - 2017-02-03 16:00:58
state : 1
log : 11101 / 2017-2-12
YA20151207130233 - 2017-02-03 16:00:59
state : 1
log : 11102 / 2017-2-12
YA20151207130233 - 2017-02-03 16:01:01
state : 1
log : 11104 / 2017-2-12
YA20151207130233 - 2017-02-03 16:01:03
state : 1
log : 11103 / 2017-2-12
YA20151207130233 - 2017-02-03 16:01:04
state : 1
log : 11096 / 2017-2-13
YA20151207130233 - 2017-02-03 16:01:06
state : 1
log : 11097 / 2017-2-13
YA20151207130233 - 2017-02-03 16:01:08
state : 1
log : 11098 / 2017-2-13
YA20151207130233 - 2017-02-03 16:01:10
state : 1
log : 11099 / 2017-2-13
YA20151207130233 - 2017-02-03 16:01:10
state : 2
log : 4599 : 이미 막힌 객실 선택
YA20151207130233 - 2017-02-03 16:01:11
state : 1
log : 11100 / 2017-2-13
YA20151207130233 - 2017-02-03 16:01:14
state : 1
log : 11101 / 2017-2-13
YA20151207130233 - 2017-02-03 16:01:15
state : 1
log : 11102 / 2017-2-13
YA20151207130233 - 2017-02-03 16:01:16
state : 1
log : 11104 / 2017-2-13
YA20151207130233 - 2017-02-03 16:01:18
state : 1
log : 11103 / 2017-2-13
YA20151207130233 - 2017-02-03 16:01:20
state : 1
log : 11096 / 2017-2-14
YA20151207130233 - 2017-02-03 16:01:22
state : 1
log : 11097 / 2017-2-14
YA20151207130233 - 2017-02-03 16:01:23
state : 1
log : 11098 / 2017-2-14
YA20151207130233 - 2017-02-03 16:01:24
state : 1
log : 11099 / 2017-2-14
YA20151207130233 - 2017-02-03 16:01:27
state : 1
log : 11100 / 2017-2-14
YA20151207130233 - 2017-02-03 16:01:28
state : 1
log : 11101 / 2017-2-14
YA20151207130233 - 2017-02-03 16:01:29
state : 1
log : 11102 / 2017-2-14
YA20151207130233 - 2017-02-03 16:01:30
state : 1
log : 11104 / 2017-2-14
YA20151207130233 - 2017-02-03 16:01:32
state : 1
log : 11103 / 2017-2-14
YA20151207130233 - 2017-02-03 16:01:33
state : 1
log : 11096 / 2017-2-15
2017-02-03 16:01:35
key : YA20151207130233
state : 1
log : 21753 / 2017-2-3
YA20151207130233 - 2017-02-03 16:01:35
state : 1
log : 11097 / 2017-2-15
YA20151207130233 - 2017-02-03 16:01:36
state : 1
log : 11098 / 2017-2-15
YA20151207130233 - 2017-02-03 16:01:37
state : 1
log : 11099 / 2017-2-15
YA20151207130233 - 2017-02-03 16:01:39
state : 1
log : 11100 / 2017-2-15
YA20151207130233 - 2017-02-03 16:01:40
state : 1
log : 11101 / 2017-2-15
YA20151207130233 - 2017-02-03 16:01:41
state : 1
log : 11102 / 2017-2-15
YA20151207130233 - 2017-02-03 16:01:43
state : 1
log : 11104 / 2017-2-15
YA20151207130233 - 2017-02-03 16:01:44
state : 1
log : 11103 / 2017-2-15
YA20151207130233 - 2017-02-03 16:01:49
state : 1
log : 21750 / 2017-2-3
2017-02-03 16:01:50
key : YA20151207130233
state : 1
log : 21722 / 2017-02-11
YA20151207130233 - 2017-02-03 16:01:51
state : 1
log : 21752 / 2017-2-3
2017-02-03 16:02:35
key : YA20151207130233
state : 1
log : 21722 / 2017-02-11
YA20151207130233 - 2017-02-03 16:03:52
state : 1
log : 21576 / 2017-02-08
YA20151207130233 - 2017-02-03 16:03:53
state : 1
log : 21576 / 2017-02-09
YA20151207130233 - 2017-02-03 16:05:41
state : 1
log : 21576 / 2017-2-8
YA20151207130233 - 2017-02-03 16:05:42
state : 1
log : 21576 / 2017-2-9
YA20151207130233 - 2017-02-03 16:09:51
state : 1
log : 21784 / 2017-2-17
YA20151207130233 - 2017-02-03 16:09:52
state : 1
log : 21785 / 2017-2-17
YA20151207130233 - 2017-02-03 16:09:54
state : 1
log : 21786 / 2017-2-17
YA20151207130233 - 2017-02-03 16:09:55
state : 1
log : 21787 / 2017-2-17
YA20151207130233 - 2017-02-03 16:09:56
state : 1
log : 21788 / 2017-2-17
YA20151207130233 - 2017-02-03 16:09:57
state : 1
log : 21789 / 2017-2-17
YA20151207130233 - 2017-02-03 16:10:00
state : 1
log : 21790 / 2017-2-17
YA20151207130233 - 2017-02-03 16:10:02
state : 1
log : 21788 / 2017-2-16
YA20151207130233 - 2017-02-03 16:10:04
state : 1
log : 21784 / 2017-2-17
YA20151207130233 - 2017-02-03 16:10:05
state : 1
log : 21785 / 2017-2-17
YA20151207130233 - 2017-02-03 16:10:06
state : 1
log : 21786 / 2017-2-17
YA20151207130233 - 2017-02-03 16:10:09
state : 1
log : 21787 / 2017-2-17
YA20151207130233 - 2017-02-03 16:10:10
state : 1
log : 21788 / 2017-2-17
YA20151207130233 - 2017-02-03 16:10:11
state : 1
log : 21789 / 2017-2-17
YA20151207130233 - 2017-02-03 16:10:14
state : 1
log : 21790 / 2017-2-17
YA20161116113212 - 2017-02-03 16:10:57
state : 1
log : 26485 / 2017-02-07
YA20151207130233 - 2017-02-03 16:11:03
state : 1
log : 21784 / 2017-2-16
YA20151207130233 - 2017-02-03 16:11:06
state : 1
log : 21785 / 2017-2-16
YA20151207130233 - 2017-02-03 16:11:07
state : 1
log : 21786 / 2017-2-16
YA20151207130233 - 2017-02-03 16:11:09
state : 1
log : 21787 / 2017-2-16
YA20151207130233 - 2017-02-03 16:11:10
state : 1
log : 21788 / 2017-2-16
YA20151207130233 - 2017-02-03 16:11:11
state : 1
log : 21789 / 2017-2-16
YA20151207130233 - 2017-02-03 16:11:13
state : 1
log : 21790 / 2017-2-16
YA20151207130233 - 2017-02-03 16:11:47
state : 1
log : 24765 / 2017-2-13
YA20151207130233 - 2017-02-03 16:11:48
state : 1
log : 24770 / 2017-2-13
YA20151207130233 - 2017-02-03 16:12:17
state : 1
log : 21753 / 2017-2-7
YA20151207130233 - 2017-02-03 16:12:18
state : 1
log : 21753 / 2017-2-8
2017-02-03 16:15:34
key : YA20151207130233
state : 1
log : 21784 / 2017-2-16
2017-02-03 16:15:36
key : YA20151207130233
state : 1
log : 21785 / 2017-2-16
2017-02-03 16:15:37
key : YA20151207130233
state : 1
log : 21786 / 2017-2-16
2017-02-03 16:15:38
key : YA20151207130233
state : 1
log : 21787 / 2017-2-16
2017-02-03 16:15:39
key : YA20151207130233
state : 1
log : 21788 / 2017-2-16
YA20161116113212 - 2017-02-03 16:15:41
state : 1
log : 21512 / 2017-02-03
2017-02-03 16:15:42
key : YA20151207130233
state : 1
log : 21789 / 2017-2-16
2017-02-03 16:15:43
key : YA20151207130233
state : 1
log : 21790 / 2017-2-16
2017-02-03 16:16:50
key : YA20151207130233
state : 1
log : 20711 / 2017-2-12
2017-02-03 16:16:51
key : YA20151207130233
state : 1
log : 20713 / 2017-2-12
YA20151207130233 - 2017-02-03 16:17:06
state : 1
log : 47856 / 2017-2-3
2017-02-03 16:17:23
key : YA20151207130233
state : 1
log : 20713 / 2017-2-3
YA20151207130233 - 2017-02-03 16:19:06
state : 1
log : 39856 / 2017-2-22
YA20151207130233 - 2017-02-03 16:19:09
state : 1
log : 43736 / 2017-02-19
YA20151207130233 - 2017-02-03 16:19:33
state : 1
log : 20712 / 2017-02-11
YA20151207130233 - 2017-02-03 16:20:02
state : 1
log : 43737 / 2017-2-11
YA20151207130233 - 2017-02-03 16:20:14
state : 1
log : 43736 / 2017-2-19
YA20151207130233 - 2017-02-03 16:20:49
state : 1
log : 23340 / 2017-02-04
YA20151207130233 - 2017-02-03 16:21:10
state : 1
log : 39855 / 2017-5-18
YA20151207130233 - 2017-02-03 16:21:28
state : 2
log : 5268 : 이미 막힌 객실 선택
YA20151207130233 - 2017-02-03 16:22:32
state : 1
log : 41987 / 2017-02-03
2017-02-03 16:24:32
key : YA20151207130233
state : 1
log : 20712 / 2017-2-6
2017-02-03 16:24:33
key : YA20151207130233
state : 1
log : 20713 / 2017-2-6
YA20151207130233 - 2017-02-03 16:24:47
state : 1
log : 17746 / 2017-02-04
YA20151207130233 - 2017-02-03 16:25:15
state : 1
log : 23340 / 2017-2-4
2017-02-03 16:25:28
key : YA20151207130233
state : 1
log : 23480 / 2017-2-4
YA20151207130233 - 2017-02-03 16:30:34
state : 2
log : 6432 : 이미 막힌 객실 선택
YA20161116113212 - 2017-02-03 16:33:05
state : 1
log : 34095 / 2017-02-19
YA20151207130233 - 2017-02-03 16:34:02
state : 1
log : 29444 / 2017-02-04
YA20161116113212 - 2017-02-03 16:35:02
state : 1
log : 30407 / 2017-02-03
YA20161116113212 - 2017-02-03 16:36:09
state : 1
log : 11182 / 2017-02-06
11182 / 2017-02-07
2017-02-03 16:37:19
key : YA20151207130233
state : 1
log : 29444 / 2017-2-4
YA20151207130233 - 2017-02-03 16:37:32
state : 1
log : 29444 / 2017-2-4
YA20151207130233 - 2017-02-03 16:39:06
state : 1
log : 12540 / 2017-3-4
YA20151207130233 - 2017-02-03 16:40:44
state : 1
log : 11096 / 2017-2-6
YA20151207130233 - 2017-02-03 16:40:46
state : 1
log : 11097 / 2017-2-6
YA20151207130233 - 2017-02-03 16:40:47
state : 1
log : 11098 / 2017-2-6
YA20151207130233 - 2017-02-03 16:40:48
state : 1
log : 11099 / 2017-2-6
YA20151207130233 - 2017-02-03 16:40:51
state : 1
log : 11100 / 2017-2-6
YA20151207130233 - 2017-02-03 16:40:52
state : 1
log : 11101 / 2017-2-6
YA20151207130233 - 2017-02-03 16:40:53
state : 1
log : 11102 / 2017-2-6
YA20151207130233 - 2017-02-03 16:40:55
state : 1
log : 11104 / 2017-2-6
YA20151207130233 - 2017-02-03 16:40:57
state : 1
log : 11103 / 2017-2-6
YA20151207130233 - 2017-02-03 16:40:58
state : 1
log : 11096 / 2017-2-7
YA20151207130233 - 2017-02-03 16:41:00
state : 1
log : 11097 / 2017-2-7
YA20151207130233 - 2017-02-03 16:41:03
state : 1
log : 11098 / 2017-2-7
YA20151207130233 - 2017-02-03 16:41:05
state : 1
log : 11099 / 2017-2-7
YA20151207130233 - 2017-02-03 16:41:07
state : 1
log : 11100 / 2017-2-7
YA20151207130233 - 2017-02-03 16:41:08
state : 1
log : 11101 / 2017-2-7
YA20151207130233 - 2017-02-03 16:41:09
state : 1
log : 11102 / 2017-2-7
YA20151207130233 - 2017-02-03 16:41:11
state : 1
log : 11104 / 2017-2-7
YA20151207130233 - 2017-02-03 16:41:13
state : 1
log : 11103 / 2017-2-7
YA20151207130233 - 2017-02-03 16:41:14
state : 1
log : 11096 / 2017-2-8
YA20151207130233 - 2017-02-03 16:41:16
state : 1
log : 11097 / 2017-2-8
YA20151207130233 - 2017-02-03 16:41:18
state : 1
log : 11098 / 2017-2-8
YA20151207130233 - 2017-02-03 16:41:19
state : 1
log : 11099 / 2017-2-8
YA20151207130233 - 2017-02-03 16:41:20
state : 1
log : 11100 / 2017-2-8
YA20151207130233 - 2017-02-03 16:41:22
state : 1
log : 11101 / 2017-2-8
YA20151207130233 - 2017-02-03 16:41:23
state : 1
log : 11102 / 2017-2-8
YA20151207130233 - 2017-02-03 16:41:24
state : 1
log : 11104 / 2017-2-8
YA20151207130233 - 2017-02-03 16:41:26
state : 1
log : 11103 / 2017-2-8
YA20151207130233 - 2017-02-03 16:41:27
state : 1
log : 11096 / 2017-2-9
YA20151207130233 - 2017-02-03 16:41:28
state : 1
log : 11097 / 2017-2-9
YA20151207130233 - 2017-02-03 16:41:30
state : 1
log : 11098 / 2017-2-9
YA20151207130233 - 2017-02-03 16:41:32
state : 1
log : 11099 / 2017-2-9
YA20151207130233 - 2017-02-03 16:41:33
state : 1
log : 11100 / 2017-2-9
YA20151207130233 - 2017-02-03 16:41:35
state : 1
log : 11101 / 2017-2-9
YA20151207130233 - 2017-02-03 16:41:36
state : 1
log : 11102 / 2017-2-9
YA20151207130233 - 2017-02-03 16:41:38
state : 1
log : 11104 / 2017-2-9
YA20151207130233 - 2017-02-03 16:41:39
state : 1
log : 11103 / 2017-2-9
YA20151207130233 - 2017-02-03 16:41:40
state : 1
log : 11096 / 2017-2-22
YA20151207130233 - 2017-02-03 16:41:41
state : 1
log : 11097 / 2017-2-22
YA20151207130233 - 2017-02-03 16:41:43
state : 1
log : 11098 / 2017-2-22
YA20151207130233 - 2017-02-03 16:41:45
state : 1
log : 11099 / 2017-2-22
YA20151207130233 - 2017-02-03 16:41:46
state : 1
log : 11100 / 2017-2-22
YA20151207130233 - 2017-02-03 16:41:48
state : 1
log : 11101 / 2017-2-22
YA20151207130233 - 2017-02-03 16:41:49
state : 1
log : 11102 / 2017-2-22
YA20151207130233 - 2017-02-03 16:41:50
state : 1
log : 11104 / 2017-2-22
YA20151207130233 - 2017-02-03 16:41:51
state : 1
log : 11103 / 2017-2-22
YA20151207130233 - 2017-02-03 16:41:53
state : 1
log : 11096 / 2017-2-23
YA20151207130233 - 2017-02-03 16:41:54
state : 1
log : 11097 / 2017-2-23
YA20151207130233 - 2017-02-03 16:41:56
state : 1
log : 11098 / 2017-2-23
YA20151207130233 - 2017-02-03 16:41:57
state : 1
log : 11099 / 2017-2-23
YA20151207130233 - 2017-02-03 16:41:59
state : 1
log : 11100 / 2017-2-23
YA20151207130233 - 2017-02-03 16:42:00
state : 1
log : 11101 / 2017-2-23
YA20151207130233 - 2017-02-03 16:42:02
state : 1
log : 11102 / 2017-2-23
YA20151207130233 - 2017-02-03 16:42:03
state : 1
log : 11104 / 2017-2-23
YA20151207130233 - 2017-02-03 16:42:05
state : 1
log : 11103 / 2017-2-23
YA20151207130233 - 2017-02-03 16:43:25
state : 1
log : 21576 / 2017-2-17
YA20151207130233 - 2017-02-03 16:43:26
state : 1
log : 21578 / 2017-2-17
2017-02-03 16:54:33
key : YA20151207130233
state : 1
log : 21722 / 2017-02-11
YA20151207130233 - 2017-02-03 17:05:28
state : 1
log : 35159 / 2017-2-4
YA20151207130233 - 2017-02-03 17:05:31
state : 1
log : 35162 / 2017-2-4
YA20151207130233 - 2017-02-03 17:09:19
state : 1
log : 21817 / 2017-2-10
YA20151207130233 - 2017-02-03 17:09:32
state : 1
log : 11096 / 2017-3-6
YA20151207130233 - 2017-02-03 17:09:35
state : 1
log : 11097 / 2017-3-6
YA20151207130233 - 2017-02-03 17:09:36
state : 1
log : 11098 / 2017-3-6
YA20151207130233 - 2017-02-03 17:09:38
state : 1
log : 11099 / 2017-3-6
YA20151207130233 - 2017-02-03 17:09:40
state : 1
log : 11100 / 2017-3-6
YA20151207130233 - 2017-02-03 17:09:41
state : 1
log : 11101 / 2017-3-6
YA20151207130233 - 2017-02-03 17:09:43
state : 1
log : 11102 / 2017-3-6
YA20151207130233 - 2017-02-03 17:09:44
state : 1
log : 11104 / 2017-3-6
YA20151207130233 - 2017-02-03 17:09:46
state : 1
log : 11103 / 2017-3-6
YA20151207130233 - 2017-02-03 17:09:48
state : 1
log : 11096 / 2017-3-7
YA20151207130233 - 2017-02-03 17:09:49
state : 1
log : 11097 / 2017-3-7
YA20151207130233 - 2017-02-03 17:09:51
state : 1
log : 11098 / 2017-3-7
YA20151207130233 - 2017-02-03 17:09:52
state : 1
log : 11099 / 2017-3-7
YA20151207130233 - 2017-02-03 17:09:53
state : 1
log : 11100 / 2017-3-7
YA20151207130233 - 2017-02-03 17:09:54
state : 1
log : 11101 / 2017-3-7
YA20151207130233 - 2017-02-03 17:09:56
state : 1
log : 11102 / 2017-3-7
YA20151207130233 - 2017-02-03 17:09:58
state : 1
log : 11104 / 2017-3-7
YA20151207130233 - 2017-02-03 17:10:00
state : 1
log : 11103 / 2017-3-7
YA20151207130233 - 2017-02-03 17:10:01
state : 1
log : 11096 / 2017-3-8
YA20151207130233 - 2017-02-03 17:10:02
state : 1
log : 11097 / 2017-3-8
YA20151207130233 - 2017-02-03 17:10:04
state : 1
log : 11098 / 2017-3-8
YA20151207130233 - 2017-02-03 17:10:05
state : 1
log : 11099 / 2017-3-8
YA20151207130233 - 2017-02-03 17:10:06
state : 1
log : 11100 / 2017-3-8
YA20151207130233 - 2017-02-03 17:10:08
state : 1
log : 11101 / 2017-3-8
YA20151207130233 - 2017-02-03 17:10:09
state : 1
log : 11102 / 2017-3-8
YA20151207130233 - 2017-02-03 17:10:11
state : 1
log : 11104 / 2017-3-8
YA20151207130233 - 2017-02-03 17:10:13
state : 1
log : 11103 / 2017-3-8
2017-02-03 17:10:14
key : YA20151207130233
state : 1
log : 21784 / 2017-2-17
YA20151207130233 - 2017-02-03 17:10:15
state : 1
log : 11096 / 2017-3-9
2017-02-03 17:10:15
key : YA20151207130233
state : 1
log : 21785 / 2017-2-17
YA20151207130233 - 2017-02-03 17:10:16
state : 1
log : 11097 / 2017-3-9
2017-02-03 17:10:16
key : YA20151207130233
state : 1
log : 21786 / 2017-2-17
2017-02-03 17:10:18
key : YA20151207130233
state : 1
log : 21787 / 2017-2-17
YA20151207130233 - 2017-02-03 17:10:18
state : 1
log : 11098 / 2017-3-9
YA20151207130233 - 2017-02-03 17:10:19
state : 1
log : 11099 / 2017-3-9
2017-02-03 17:10:19
key : YA20151207130233
state : 1
log : 21788 / 2017-2-17
2017-02-03 17:10:20
key : YA20151207130233
state : 1
log : 21789 / 2017-2-17
YA20151207130233 - 2017-02-03 17:10:21
state : 1
log : 11100 / 2017-3-9
2017-02-03 17:10:22
key : YA20151207130233
state : 1
log : 21790 / 2017-2-17
YA20151207130233 - 2017-02-03 17:10:22
state : 1
log : 11101 / 2017-3-9
2017-02-03 17:10:23
key : YA20151207130233
state : 1
log : 21784 / 2017-2-18
YA20151207130233 - 2017-02-03 17:10:24
state : 1
log : 11102 / 2017-3-9
YA20151207130233 - 2017-02-03 17:10:25
state : 1
log : 11104 / 2017-3-9
2017-02-03 17:10:26
key : YA20151207130233
state : 1
log : 21785 / 2017-2-18
YA20151207130233 - 2017-02-03 17:10:26
state : 1
log : 11103 / 2017-3-9
2017-02-03 17:10:27
key : YA20151207130233
state : 1
log : 21786 / 2017-2-18
YA20151207130233 - 2017-02-03 17:10:27
state : 1
log : 11096 / 2017-3-10
2017-02-03 17:10:28
key : YA20151207130233
state : 1
log : 21787 / 2017-2-18
YA20151207130233 - 2017-02-03 17:10:29
state : 1
log : 11097 / 2017-3-10
YA20151207130233 - 2017-02-03 17:10:30
state : 1
log : 11098 / 2017-3-10
2017-02-03 17:10:31
key : YA20151207130233
state : 1
log : 21788 / 2017-2-18
YA20151207130233 - 2017-02-03 17:10:31
state : 1
log : 11099 / 2017-3-10
2017-02-03 17:10:32
key : YA20151207130233
state : 1
log : 21789 / 2017-2-18
YA20151207130233 - 2017-02-03 17:10:33
state : 1
log : 11100 / 2017-3-10
YA20151207130233 - 2017-02-03 17:10:34
state : 1
log : 11101 / 2017-3-10
2017-02-03 17:10:34
key : YA20151207130233
state : 1
log : 21790 / 2017-2-18
2017-02-03 17:10:36
key : YA20151207130233
state : 1
log : 21784 / 2017-2-24
YA20151207130233 - 2017-02-03 17:10:37
state : 1
log : 11102 / 2017-3-10
2017-02-03 17:10:38
key : YA20151207130233
state : 1
log : 21785 / 2017-2-24
YA20151207130233 - 2017-02-03 17:10:38
state : 1
log : 11104 / 2017-3-10
2017-02-03 17:10:39
key : YA20151207130233
state : 1
log : 21786 / 2017-2-24
YA20151207130233 - 2017-02-03 17:10:39
state : 1
log : 11103 / 2017-3-10
2017-02-03 17:10:42
key : YA20151207130233
state : 1
log : 21787 / 2017-2-24
2017-02-03 17:10:43
key : YA20151207130233
state : 1
log : 21788 / 2017-2-24
2017-02-03 17:10:44
key : YA20151207130233
state : 1
log : 21789 / 2017-2-24
2017-02-03 17:10:45
key : YA20151207130233
state : 1
log : 21790 / 2017-2-24
2017-02-03 17:10:47
key : YA20151207130233
state : 1
log : 21784 / 2017-2-25
2017-02-03 17:10:48
key : YA20151207130233
state : 1
log : 21785 / 2017-2-25
2017-02-03 17:10:50
key : YA20151207130233
state : 1
log : 21786 / 2017-2-25
2017-02-03 17:10:51
key : YA20151207130233
state : 1
log : 21787 / 2017-2-25
2017-02-03 17:10:53
key : YA20151207130233
state : 1
log : 21788 / 2017-2-25
2017-02-03 17:10:54
key : YA20151207130233
state : 1
log : 21789 / 2017-2-25
2017-02-03 17:10:55
key : YA20151207130233
state : 1
log : 21790 / 2017-2-25
YA20151207130233 - 2017-02-03 17:12:53
state : 3
log : 6298 : 등록된 객실 없습니다
YA20151207130233 - 2017-02-03 17:13:34
state : 1
log : 34061 / 2017-02-15
YA20151207130233 - 2017-02-03 17:15:08
state : 1
log : 46324 / 2017-2-18
2017-02-03 17:15:28
key : YA20151207130233
state : 1
log : 21784 / 2017-3-1
2017-02-03 17:15:29
key : YA20151207130233
state : 1
log : 21785 / 2017-3-1
2017-02-03 17:15:30
key : YA20151207130233
state : 1
log : 21786 / 2017-3-1
2017-02-03 17:15:32
key : YA20151207130233
state : 1
log : 21787 / 2017-3-1
2017-02-03 17:15:33
key : YA20151207130233
state : 1
log : 21788 / 2017-3-1
2017-02-03 17:15:34
key : YA20151207130233
state : 1
log : 21789 / 2017-3-1
2017-02-03 17:15:35
key : YA20151207130233
state : 1
log : 21790 / 2017-3-1
2017-02-03 17:15:38
key : YA20151207130233
state : 1
log : 21784 / 2017-3-2
2017-02-03 17:15:39
key : YA20151207130233
state : 1
log : 21785 / 2017-3-2
2017-02-03 17:15:40
key : YA20151207130233
state : 1
log : 21786 / 2017-3-2
2017-02-03 17:15:42
key : YA20151207130233
state : 1
log : 21787 / 2017-3-2
2017-02-03 17:15:44
key : YA20151207130233
state : 1
log : 21788 / 2017-3-2
2017-02-03 17:15:45
key : YA20151207130233
state : 1
log : 21789 / 2017-3-2
2017-02-03 17:15:46
key : YA20151207130233
state : 1
log : 21790 / 2017-3-2
2017-02-03 17:15:47
key : YA20151207130233
state : 1
log : 21784 / 2017-3-3
2017-02-03 17:15:50
key : YA20151207130233
state : 1
log : 21785 / 2017-3-3
2017-02-03 17:15:51
key : YA20151207130233
state : 1
log : 21786 / 2017-3-3
2017-02-03 17:15:52
key : YA20151207130233
state : 1
log : 21787 / 2017-3-3
2017-02-03 17:15:53
key : YA20151207130233
state : 1
log : 21788 / 2017-3-3
2017-02-03 17:15:55
key : YA20151207130233
state : 1
log : 21789 / 2017-3-3
2017-02-03 17:15:56
key : YA20151207130233
state : 1
log : 21790 / 2017-3-3
2017-02-03 17:15:58
key : YA20151207130233
state : 1
log : 21784 / 2017-3-4
2017-02-03 17:16:00
key : YA20151207130233
state : 1
log : 21785 / 2017-3-4
2017-02-03 17:16:02
key : YA20151207130233
state : 1
log : 21786 / 2017-3-4
2017-02-03 17:16:03
key : YA20151207130233
state : 1
log : 21787 / 2017-3-4
2017-02-03 17:16:04
key : YA20151207130233
state : 1
log : 21788 / 2017-3-4
2017-02-03 17:16:06
key : YA20151207130233
state : 1
log : 21789 / 2017-3-4
2017-02-03 17:16:07
key : YA20151207130233
state : 1
log : 21790 / 2017-3-4
2017-02-03 17:16:09
key : YA20151207130233
state : 1
log : 21784 / 2017-3-1
2017-02-03 17:16:11
key : YA20151207130233
state : 1
log : 21785 / 2017-3-1
2017-02-03 17:16:12
key : YA20151207130233
state : 1
log : 21786 / 2017-3-1
2017-02-03 17:16:14
key : YA20151207130233
state : 1
log : 21787 / 2017-3-1
2017-02-03 17:16:15
key : YA20151207130233
state : 1
log : 21788 / 2017-3-1
2017-02-03 17:16:16
key : YA20151207130233
state : 1
log : 21789 / 2017-3-1
2017-02-03 17:16:18
key : YA20151207130233
state : 1
log : 21790 / 2017-3-1
2017-02-03 17:16:19
key : YA20151207130233
state : 1
log : 21784 / 2017-3-2
2017-02-03 17:16:21
key : YA20151207130233
state : 1
log : 21785 / 2017-3-2
2017-02-03 17:16:24
key : YA20151207130233
state : 1
log : 21786 / 2017-3-2
2017-02-03 17:16:25
key : YA20151207130233
state : 1
log : 21787 / 2017-3-2
2017-02-03 17:16:26
key : YA20151207130233
state : 1
log : 21788 / 2017-3-2
2017-02-03 17:16:27
key : YA20151207130233
state : 1
log : 21789 / 2017-3-2
2017-02-03 17:16:29
key : YA20151207130233
state : 1
log : 21790 / 2017-3-2
2017-02-03 17:16:30
key : YA20151207130233
state : 1
log : 21784 / 2017-3-3
2017-02-03 17:16:31
key : YA20151207130233
state : 1
log : 21785 / 2017-3-3
2017-02-03 17:16:33
key : YA20151207130233
state : 1
log : 21786 / 2017-3-3
2017-02-03 17:16:34
key : YA20151207130233
state : 1
log : 21787 / 2017-3-3
2017-02-03 17:16:35
key : YA20151207130233
state : 1
log : 21788 / 2017-3-3
2017-02-03 17:16:36
key : YA20151207130233
state : 1
log : 21789 / 2017-3-3
2017-02-03 17:16:38
key : YA20151207130233
state : 1
log : 21790 / 2017-3-3
2017-02-03 17:16:40
key : YA20151207130233
state : 1
log : 21784 / 2017-3-4
2017-02-03 17:16:42
key : YA20151207130233
state : 1
log : 21785 / 2017-3-4
2017-02-03 17:16:44
key : YA20151207130233
state : 1
log : 21786 / 2017-3-4
2017-02-03 17:16:45
key : YA20151207130233
state : 1
log : 21787 / 2017-3-4
2017-02-03 17:16:46
key : YA20151207130233
state : 1
log : 21788 / 2017-3-4
2017-02-03 17:16:48
key : YA20151207130233
state : 1
log : 21789 / 2017-3-4
2017-02-03 17:16:49
key : YA20151207130233
state : 1
log : 21790 / 2017-3-4
YA20151207130233 - 2017-02-03 17:17:31
state : 1
log : 23302 / 2017-2-4
YA20151207130233 - 2017-02-03 17:17:33
state : 1
log : 23303 / 2017-2-4
YA20151207130233 - 2017-02-03 17:17:35
state : 3
log : 6304 : 등록된 객실 없습니다
YA20151207130233 - 2017-02-03 17:20:34
state : 1
log : 21771 / 2017-2-3
YA20151207130233 - 2017-02-03 17:20:36
state : 2
log : 4893 : 이미 막힌 객실 선택
YA20151207130233 - 2017-02-03 17:26:33
state : 3
log : 6298 : 등록된 객실 없습니다
2017-02-03 17:31:11
key : YA20151207130233
state : 1
log : 43980 / 2017-2-4
YA20151207130233 - 2017-02-03 17:31:21
state : 1
log : 43982 / 2017-2-4
2017-02-03 17:31:22
key : YA20151207130233
state : 1
log : 24383 / 2017-2-11
YA20151207130233 - 2017-02-03 17:32:55
state : 1
log : 25129 / 2017-02-08
YA20151207130233 - 2017-02-03 17:40:05
state : 1
log : 21576 / 2017-2-18
YA20151207130233 - 2017-02-03 17:41:31
state : 1
log : 34061 / 2017-2-15
YA20151207130233 - 2017-02-03 17:41:48
state : 1
log : 41988 / 2017-02-04
YA20161116113212 - 2017-02-03 17:42:08
state : 1
log : 28833 / 2017-02-11
YA20151207130233 - 2017-02-03 17:43:11
state : 1
log : 21817 / 2017-02-06
YA20151207130233 - 2017-02-03 17:43:21
state : 1
log : 21760 / 2017-02-11
YA20151207130233 - 2017-02-03 17:46:30
state : 1
log : 20715 / 2017-2-5
YA20151207130233 - 2017-02-03 17:47:07
state : 1
log : 13037 / 2017-2-11
YA20151207130233 - 2017-02-03 17:47:18
state : 1
log : 14494 / 2017-2-8
YA20161116113212 - 2017-02-03 17:49:51
state : 1
log : 39106 / 2017-02-06
2017-02-03 17:52:01
key : YA20151207130233
state : 1
log : 10540 / 2017-2-11
YA20161116113212 - 2017-02-03 17:55:25
state : 1
log : 14497 / 2017-02-11
YA20151207130233 - 2017-02-03 17:56:21
state : 1
log : 24765 / 2017-2-13
YA20151207130233 - 2017-02-03 17:56:22
state : 1
log : 24770 / 2017-2-13
YA20151207130233 - 2017-02-03 18:00:45
state : 1
log : 21822 / 2017-2-5
YA20161116113212 - 2017-02-03 18:03:04
state : 1
log : 28836 / 2017-02-11
YA20161116113212 - 2017-02-03 18:03:35
state : 1
log : 31143 / 2017-02-03
YA20151207130233 - 2017-02-03 18:04:55
state : 1
log : 46325 / 2017-2-17
YA20151207130233 - 2017-02-03 18:05:41
state : 1
log : 24437 / 2017-2-17
YA20151207130233 - 2017-02-03 18:12:17
state : 1
log : 21577 / 2017-2-11
YA20151207130233 - 2017-02-03 18:18:17
state : 1
log : 9806 / 2017-02-12
YA20151207130233 - 2017-02-03 18:22:40
state : 3
log : 6299 : 등록된 객실 없습니다
YA20151207130233 - 2017-02-03 18:24:31
state : 1
log : 39858 / 2017-2-4
YA20151207130233 - 2017-02-03 18:35:13
state : 2
log : 5247 : 이미 막힌 객실 선택
YA20151207130233 - 2017-02-03 18:35:16
state : 1
log : 3701 / 2017-2-3
YA20151207130233 - 2017-02-03 18:47:17
state : 1
log : 43773 / 2017-02-18
YA20151207130233 - 2017-02-03 18:52:48
state : 3
log : 6299 : 등록된 객실 없습니다
YA20151207130233 - 2017-02-03 18:56:05
state : 1
log : 43773 / 2017-2-18
YA20161116113212 - 2017-02-03 18:57:29
state : 1
log : 47764 / 2017-02-04
YA20151207130233 - 2017-02-03 18:58:44
state : 1
log : 21789 / 2017-2-4
YA20151207130233 - 2017-02-03 19:02:59
state : 1
log : 21785 / 2017-2-4
YA20161116113212 - 2017-02-03 19:03:05
state : 1
log : 29154 / 2017-02-04
YA20151207130233 - 2017-02-03 19:04:09
state : 2
log : 4600 : 이미 막힌 객실 선택
YA20151207130233 - 2017-02-03 19:04:11
state : 1
log : 24783 / 2017-2-18
YA20151207130233 - 2017-02-03 19:04:12
state : 1
log : 24779 / 2017-2-18
YA20161116113212 - 2017-02-03 19:08:45
state : 1
log : 44921 / 2017-02-03
YA20151207130233 - 2017-02-03 19:09:12
state : 1
log : 21756 / 2017-2-3
YA20151207130233 - 2017-02-03 19:13:05
state : 1
log : 21754 / 2017-2-7
YA20151207130233 - 2017-02-03 19:13:07
state : 2
log : 4685 : 이미 막힌 객실 선택
YA20151207130233 - 2017-02-03 19:13:08
state : 2
log : 4685 : 이미 막힌 객실 선택
YA20151207130233 - 2017-02-03 19:13:09
state : 2
log : 4684 : 이미 막힌 객실 선택
YA20151207130233 - 2017-02-03 19:13:11
state : 1
log : 21759 / 2017-2-9
YA20151207130233 - 2017-02-03 19:13:12
state : 1
log : 21757 / 2017-2-10
YA20151207130233 - 2017-02-03 19:13:13
state : 1
log : 21759 / 2017-2-10
YA20151207130233 - 2017-02-03 19:14:26
state : 1
log : 24716 / 2017-2-3
YA20151207130233 - 2017-02-03 19:14:27
state : 1
log : 24711 / 2017-2-3
YA20151207130233 - 2017-02-03 19:19:21
state : 1
log : 24779 / 2017-2-3
YA20161116113212 - 2017-02-03 19:46:04
state : 1
log : 36600 / 2017-02-12
YA20161116113212 - 2017-02-03 19:48:32
state : 1
log : 16461 / 2017-02-04
YA20151207130233 - 2017-02-03 19:48:52
state : 1
log : 47724 / 2017-5-3
YA20151207130233 - 2017-02-03 19:48:54
state : 1
log : 47724 / 2017-5-4
YA20151207130233 - 2017-02-03 19:49:12
state : 1
log : 18077 / 2017-2-11
YA20151207130233 - 2017-02-03 19:53:19
state : 1
log : 20714 / 2017-02-18
YA20151207130233 - 2017-02-03 19:56:38
state : 1
log : 24767 / 2017-2-3
YA20151207130233 - 2017-02-03 19:58:39
state : 1
log : 21765 / 2017-2-4
YA20151207130233 - 2017-02-03 19:58:40
state : 1
log : 21766 / 2017-2-4
YA20151207130233 - 2017-02-03 19:58:43
state : 1
log : 21771 / 2017-2-4
YA20151207130233 - 2017-02-03 19:58:45
state : 1
log : 21774 / 2017-2-4
YA20161116113212 - 2017-02-03 19:59:58
state : 1
log : 19734 / 2017-02-03
YA20151207130233 - 2017-02-03 20:03:35
state : 1
log : 31606 / 2017-02-03
YA20151207130233 - 2017-02-03 20:06:32
state : 1
log : 31606 / 2017-02-14
YA20161116113212 - 2017-02-03 20:11:33
state : 1
log : 44436 / 2017-02-26
YA20151207130233 - 2017-02-03 20:12:24
state : 1
log : 21821 / 2017-2-5
YA20151207130233 - 2017-02-03 20:12:25
state : 1
log : 21821 / 2017-2-6
YA20151207130233 - 2017-02-03 20:14:11
state : 2
log : 3516 : 이미 막힌 객실 선택
YA20151207130233 - 2017-02-03 20:14:25
state : 1
log : 21815 / 2017-02-18
YA20151207130233 - 2017-02-03 20:14:57
state : 1
log : 19354 / 2017-02-25
YA20151207130233 - 2017-02-03 20:16:34
state : 1
log : 19359 / 2017-02-25
YA20151207130233 - 2017-02-03 20:17:44
state : 1
log : 19356 / 2017-02-25
YA20151207130233 - 2017-02-03 20:20:21
state : 1
log : 23637 / 2017-2-25
YA20151207130233 - 2017-02-03 20:21:26
state : 1
log : 23637 / 2017-2-28
YA20151207130233 - 2017-02-03 20:27:43
state : 1
log : 25069 / 2017-2-4
YA20151207130233 - 2017-02-03 20:28:02
state : 2
log : 4600 : 이미 막힌 객실 선택
2017-02-03 20:40:45
key : YA20151207130233
state : 1
log : 21759 / 2017-2-4
YA20151207130233 - 2017-02-03 20:40:55
state : 2
log : 4682 : 이미 막힌 객실 선택
YA20151207130233 - 2017-02-03 20:53:35
state : 1
log : 21745 / 2017-02-06
YA20151207130233 - 2017-02-03 20:53:38
state : 1
log : 22869 / 2017-02-11
YA20151207130233 - 2017-02-03 21:04:36
state : 1
log : 21740 / 2017-2-18
YA20151207130233 - 2017-02-03 21:04:37
state : 1
log : 21741 / 2017-2-18
YA20151207130233 - 2017-02-03 21:05:25
state : 1
log : 16642 / 2017-2-4
YA20151207130233 - 2017-02-03 21:07:24
state : 1
log : 20715 / 2017-2-3
YA20151207130233 - 2017-02-03 21:07:25
state : 1
log : 34060 / 2017-02-08
YA20151207130233 - 2017-02-03 21:07:26
state : 1
log : 20709 / 2017-2-3
YA20151207130233 - 2017-02-03 21:08:13
state : 1
log : 34060 / 2017-02-08
YA20151207130233 - 2017-02-03 21:08:50
state : 1
log : 34061 / 2017-02-08
YA20151207130233 - 2017-02-03 21:09:40
state : 1
log : 24714 / 2017-2-3
YA20151207130233 - 2017-02-03 21:09:42
state : 1
log : 34060 / 2017-2-8
YA20151207130233 - 2017-02-03 21:10:32
state : 1
log : 34061 / 2017-2-8
YA20151207130233 - 2017-02-03 21:11:30
state : 1
log : 22871 / 2017-2-4
YA20161116113212 - 2017-02-03 21:13:41
state : 1
log : 5864 / 2017-02-03
YA20151207130233 - 2017-02-03 21:21:11
state : 1
log : 21836 / 2017-2-10
YA20151207130233 - 2017-02-03 21:21:12
state : 1
log : 21836 / 2017-2-11
YA20151207130233 - 2017-02-03 21:21:14
state : 1
log : 23313 / 2017-02-04
YA20151207130233 - 2017-02-03 21:21:35
state : 1
log : 21836 / 2017-2-3
YA20151207130233 - 2017-02-03 21:21:36
state : 1
log : 21836 / 2017-2-4
YA20151207130233 - 2017-02-03 21:22:02
state : 1
log : 23313 / 2017-02-04
YA20151207130233 - 2017-02-03 21:22:47
state : 1
log : 21047 / 2017-02-03
YA20161116113212 - 2017-02-03 21:23:13
state : 1
log : 28787 / 2017-02-03
YA20161116113212 - 2017-02-03 21:23:16
state : 1
log : 36230 / 2017-02-17
36230 / 2017-02-18
YA20151207130233 - 2017-02-03 21:24:26
state : 1
log : 19361 / 2017-02-04
YA20151207130233 - 2017-02-03 21:26:38
state : 1
log : 19357 / 2017-2-11
YA20151207130233 - 2017-02-03 21:27:00
state : 1
log : 19357 / 2017-2-4
2017-02-03 21:27:44
key : YA20151207130233
state : 1
log : 19357 / 2017-2-11
YA20151207130233 - 2017-02-03 21:38:44
state : 1
log : 20708 / 2017-2-19
YA20151207130233 - 2017-02-03 21:40:41
state : 3
log : 5823 : 등록된 객실 없습니다
2017-02-03 21:50:04
key : YA20151207130233
state : 1
log : 24764 / 2017-2-18
YA20151207130233 - 2017-02-03 21:50:21
state : 1
log : 24785 / 2017-2-18
YA20151207130233 - 2017-02-03 21:56:26
state : 1
log : 21578 / 2017-03-25
YA20151207130233 - 2017-02-03 22:02:23
state : 1
log : 24715 / 2017-02-10
YA20161116113212 - 2017-02-03 22:10:08
state : 1
log : 10247 / 2017-02-24
YA20161116113212 - 2017-02-03 22:11:57
state : 1
log : 45866 / 2017-02-06
YA20151207130233 - 2017-02-03 22:12:01
state : 1
log : 21578 / 2017-3-25
YA20151207130233 - 2017-02-03 22:21:47
state : 1
log : 20711 / 2017-02-05
YA20151207130233 - 2017-02-03 22:23:42
state : 1
log : 20711 / 2017-02-07
YA20151207130233 - 2017-02-03 22:25:59
state : 1
log : 31608 / 2017-02-11
YA20161116113212 - 2017-02-03 22:26:34
state : 1
log : 28940 / 2017-02-04
YA20161116113212 - 2017-02-03 22:31:11
state : 1
log : 26837 / 2017-02-20
YA20151207130233 - 2017-02-03 22:32:11
state : 1
log : 46324 / 2017-2-19
YA20151207130233 - 2017-02-03 22:32:25
state : 1
log : 46324 / 2017-2-20
YA20151207130233 - 2017-02-03 22:32:39
state : 1
log : 20711 / 2017-02-25
2017-02-03 22:32:41
key : YA20151207130233
state : 1
log : 46324 / 2017-2-12
2017-02-03 22:32:55
key : YA20151207130233
state : 1
log : 46324 / 2017-2-13
YA20161116113212 - 2017-02-03 22:33:38
state : 1
log : 13236 / 2017-02-18
YA20151207130233 - 2017-02-03 22:44:16
state : 1
log : 17748 / 2017-2-4
2017-02-03 22:47:50
key : YA20151207130233
state : 1
log : 17751 / 2017-2-4
YA20151207130233 - 2017-02-03 22:48:16
state : 1
log : 17749 / 2017-2-11
YA20151207130233 - 2017-02-03 22:50:50
state : 2
log : 4682 : 이미 막힌 객실 선택
YA20151207130233 - 2017-02-03 23:01:31
state : 1
log : 21745 / 2017-02-15
YA20151207130233 - 2017-02-03 23:01:37
state : 1
log : 17751 / 2017-2-3
YA20151207130233 - 2017-02-03 23:01:39
state : 1
log : 17749 / 2017-2-11
YA20151207130233 - 2017-02-03 23:02:05
state : 1
log : 23480 / 2017-2-12
YA20151207130233 - 2017-02-03 23:02:08
state : 1
log : 17752 / 2017-2-18
YA20151207130233 - 2017-02-03 23:02:24
state : 1
log : 31610 / 2017-2-11
YA20151207130233 - 2017-02-03 23:02:25
state : 1
log : 21745 / 2017-02-15
YA20151207130233 - 2017-02-03 23:02:36
state : 1
log : 17748 / 2017-2-6
YA20151207130233 - 2017-02-03 23:02:38
state : 1
log : 17753 / 2017-2-6
YA20151207130233 - 2017-02-03 23:02:40
state : 1
log : 31610 / 2017-2-18
YA20151207130233 - 2017-02-03 23:02:40
state : 1
log : 17749 / 2017-2-7
YA20151207130233 - 2017-02-03 23:02:41
state : 1
log : 17748 / 2017-2-16
YA20151207130233 - 2017-02-03 23:02:52
state : 1
log : 31610 / 2017-2-25
YA20151207130233 - 2017-02-03 23:03:07
state : 1
log : 17753 / 2017-2-8
YA20151207130233 - 2017-02-03 23:03:08
state : 1
log : 17746 / 2017-2-9
YA20151207130233 - 2017-02-03 23:03:10
state : 1
log : 17749 / 2017-2-9
YA20151207130233 - 2017-02-03 23:03:11
state : 1
log : 17749 / 2017-2-10
YA20151207130233 - 2017-02-03 23:03:29
state : 1
log : 21750 / 2017-02-15
YA20151207130233 - 2017-02-03 23:04:50
state : 1
log : 21745 / 2017-02-15
2017-02-03 23:09:10
key : YA20151207130233
state : 1
log : 15308 / 2017-02-04
YA20151207130233 - 2017-02-03 23:09:21
state : 1
log : 23480 / 2017-2-12
YA20151207130233 - 2017-02-03 23:10:40
state : 2
log : 4602 : 이미 막힌 객실 선택
YA20161116113212 - 2017-02-03 23:11:09
state : 1
log : 27987 / 2017-02-04
YA20151207130233 - 2017-02-03 23:14:55
state : 1
log : 24763 / 2017-2-3
2017-02-03 23:20:06
key : YA20151207130233
state : 1
log : 24763 / 2017-2-3
YA20151207130233 - 2017-02-03 23:20:23
state : 1
log : 24755 / 2017-2-3
YA20151207130233 - 2017-02-03 23:31:38
state : 2
log : 4602 : 이미 막힌 객실 선택
YA20161116113212 - 2017-02-03 23:32:27
state : 1
log : 17792 / 2017-02-04
YA20151207130233 - 2017-02-03 23:32:53
state : 2
log : 5247 : 이미 막힌 객실 선택
YA20161116113212 - 2017-02-03 23:34:30
state : 1
log : 17796 / 2017-02-04
YA20151207130233 - 2017-02-03 23:40:45
state : 1
log : 21763 / 2017-2-4
YA20161116113212 - 2017-02-03 23:48:08
state : 1
log : 22446 / 2017-02-10
YA20161116113212 - 2017-02-03 23:52:41
state : 1
log : 43965 / 2017-02-04
