YA20151207130233 - 2017-01-28 00:11:30
state : 1
log : 20709 / 2017-01-29
YA20151207130233 - 2017-01-28 00:21:21
state : 1
log : 47535 / 2017-1-28
YA20151207130233 - 2017-01-28 00:21:53
state : 1
log : 21751 / 2017-01-28
YA20151207130233 - 2017-01-28 00:22:29
state : 1
log : 21790 / 2017-01-29
2017-01-28 00:29:15
key : YA20151207130233
state : 1
log : 21788 / 2017-1-29
2017-01-28 00:29:17
key : YA20151207130233
state : 1
log : 21789 / 2017-1-29
2017-01-28 00:44:34
key : YA20151207130233
state : 1
log : 23481 / 2017-01-28
YA20151207130233 - 2017-01-28 00:45:44
state : 1
log : 23481 / 2017-01-28
YA20151207130233 - 2017-01-28 00:48:23
state : 1
log : 21785 / 2017-1-29
2017-01-28 01:18:44
key : YA20151207130233
state : 1
log : 21790 / 2017-1-29
YA20161116113212 - 2017-01-28 01:30:31
state : 1
log : 31641 / 2017-01-29
YA20151207130233 - 2017-01-28 01:46:11
state : 1
log : 16638 / 2017-01-28
YA20151207130233 - 2017-01-28 01:47:47
state : 2
log : 5247 : 이미 막힌 객실 선택
YA20161116113212 - 2017-01-28 02:40:56
state : 1
log : 27429 / 2017-01-30
YA20151207130233 - 2017-01-28 03:04:05
state : 1
log : 16638 / 2017-1-28
YA20151207130233 - 2017-01-28 03:04:24
state : 1
log : 16640 / 2017-1-28
YA20151207130233 - 2017-01-28 04:46:11
state : 2
log : 5247 : 이미 막힌 객실 선택
2017-01-28 04:46:25
key : YA20151207130233
state : 1
log : 3702 / 2017-1-28
2017-01-28 04:46:57
key : YA20151207130233
state : 1
log : 3696 / 2017-1-28
YA20151207130233 - 2017-01-28 07:33:16
state : 1
log : 34060 / 2017-2-12
YA20151207130233 - 2017-01-28 07:34:36
state : 1
log : 21580 / 2017-1-28
YA20151207130233 - 2017-01-28 07:37:45
state : 1
log : 21581 / 2017-1-30
YA20151207130233 - 2017-01-28 07:38:57
state : 1
log : 34060 / 2017-2-1
2017-01-28 08:15:59
key : YA20151207130233
state : 1
log : 17747 / 2017-1-29
YA20151207130233 - 2017-01-28 08:16:13
state : 1
log : 17745 / 2017-1-29
2017-01-28 09:15:39
key : YA20151207130233
state : 1
log : 21749 / 2017-1-28
2017-01-28 09:15:57
key : YA20151207130233
state : 1
log : 21750 / 2017-1-28
YA20151207130233 - 2017-01-28 09:28:46
state : 1
log : 19889 / 2017-01-28
YA20151207130233 - 2017-01-28 10:34:49
state : 1
log : 21748 / 2017-1-28
YA20151207130233 - 2017-01-28 10:35:24
state : 3
log : 6304 : 등록된 객실 없습니다
YA20161116113212 - 2017-01-28 10:41:16
state : 1
log : 22066 / 2017-01-28
YA20151207130233 - 2017-01-28 11:00:27
state : 1
log : 35132 / 2017-1-30
YA20151207130233 - 2017-01-28 11:01:44
state : 1
log : 9727 / 2017-1-31
YA20161116113212 - 2017-01-28 11:04:57
state : 1
log : 18358 / 2017-01-29
YA20151207130233 - 2017-01-28 11:25:28
state : 1
log : 21746 / 2017-01-29
YA20161116113212 - 2017-01-28 11:34:35
state : 1
log : 16742 / 2017-01-28
YA20151207130233 - 2017-01-28 11:40:24
state : 1
log : 46325 / 2017-1-28
YA20151207130233 - 2017-01-28 11:40:55
state : 2
log : 5343 : 이미 막힌 객실 선택
YA20151207130233 - 2017-01-28 11:40:56
state : 1
log : 22722 / 2017-1-29
YA20151207130233 - 2017-01-28 11:40:57
state : 1
log : 22722 / 2017-1-30
YA20151207130233 - 2017-01-28 11:47:46
state : 1
log : 23481 / 2017-1-28
YA20151207130233 - 2017-01-28 11:50:27
state : 2
log : 4363 : 이미 막힌 객실 선택
YA20151207130233 - 2017-01-28 11:50:28
state : 2
log : 4363 : 이미 막힌 객실 선택
YA20161116113212 - 2017-01-28 11:51:27
state : 1
log : 36626 / 2017-02-14
36626 / 2017-02-15
YA20151207130233 - 2017-01-28 11:58:49
state : 3
log : 6298 : 등록된 객실 없습니다
YA20151207130233 - 2017-01-28 12:18:30
state : 1
log : 17756 / 2017-1-29
YA20161116113212 - 2017-01-28 12:20:03
state : 1
log : 23438 / 2017-01-28
YA20151207130233 - 2017-01-28 12:21:13
state : 3
log : 2327 : 등록된 객실 없습니다
YA20151207130233 - 2017-01-28 12:21:14
state : 3
log : 2326 : 등록된 객실 없습니다
2017-01-28 12:23:14
key : YA20151207130233
state : 1
log : 17750 / 2017-1-29
YA20151207130233 - 2017-01-28 12:26:09
state : 1
log : 21746 / 2017-1-29
YA20151207130233 - 2017-01-28 12:32:07
state : 1
log : 24389 / 2017-1-29
YA20151207130233 - 2017-01-28 12:36:51
state : 2
log : 5346 : 이미 막힌 객실 선택
YA20151207130233 - 2017-01-28 12:38:54
state : 1
log : 21774 / 2017-1-28
YA20151207130233 - 2017-01-28 12:38:55
state : 2
log : 4893 : 이미 막힌 객실 선택
YA20151207130233 - 2017-01-28 12:56:46
state : 2
log : 5266 : 이미 막힌 객실 선택
YA20161116113212 - 2017-01-28 12:57:01
state : 1
log : 30835 / 2017-01-28
YA20151207130233 - 2017-01-28 13:08:19
state : 1
log : 23481 / 2017-1-29
YA20151207130233 - 2017-01-28 13:09:20
state : 2
log : 4682 : 이미 막힌 객실 선택
2017-01-28 13:12:09
key : YA20151207130233
state : 1
log : 23315 / 2017-01-28
YA20151207130233 - 2017-01-28 13:13:16
state : 1
log : 23481 / 2017-1-29
YA20151207130233 - 2017-01-28 13:13:19
state : 1
log : 21579 / 2017-1-29
2017-01-28 13:22:50
key : YA20151207130233
state : 1
log : 17745 / 2017-1-28
2017-01-28 13:22:52
key : YA20151207130233
state : 1
log : 17745 / 2017-1-29
YA20151207130233 - 2017-01-28 13:23:07
state : 1
log : 21784 / 2017-2-17
YA20151207130233 - 2017-01-28 13:23:08
state : 1
log : 21785 / 2017-2-17
YA20151207130233 - 2017-01-28 13:23:10
state : 1
log : 21786 / 2017-2-17
YA20151207130233 - 2017-01-28 13:23:11
state : 1
log : 21787 / 2017-2-17
YA20151207130233 - 2017-01-28 13:23:13
state : 1
log : 21788 / 2017-2-17
YA20151207130233 - 2017-01-28 13:23:14
state : 1
log : 21789 / 2017-2-17
YA20151207130233 - 2017-01-28 13:23:15
state : 2
log : 2954 : 이미 막힌 객실 선택
YA20151207130233 - 2017-01-28 13:23:15
state : 1
log : 21790 / 2017-2-17
YA20151207130233 - 2017-01-28 13:23:16
state : 1
log : 17746 / 2017-1-29
YA20151207130233 - 2017-01-28 13:23:18
state : 1
log : 21784 / 2017-2-24
YA20151207130233 - 2017-01-28 13:23:19
state : 1
log : 21785 / 2017-2-24
YA20151207130233 - 2017-01-28 13:23:20
state : 1
log : 21786 / 2017-2-24
YA20151207130233 - 2017-01-28 13:23:22
state : 1
log : 21787 / 2017-2-24
YA20151207130233 - 2017-01-28 13:23:24
state : 1
log : 21788 / 2017-2-24
YA20151207130233 - 2017-01-28 13:23:26
state : 1
log : 21789 / 2017-2-24
YA20151207130233 - 2017-01-28 13:23:28
state : 1
log : 21790 / 2017-2-24
YA20151207130233 - 2017-01-28 13:23:30
state : 1
log : 21784 / 2017-2-17
YA20151207130233 - 2017-01-28 13:23:31
state : 1
log : 21785 / 2017-2-17
YA20151207130233 - 2017-01-28 13:23:32
state : 1
log : 21786 / 2017-2-17
YA20151207130233 - 2017-01-28 13:23:34
state : 1
log : 21787 / 2017-2-17
YA20151207130233 - 2017-01-28 13:23:35
state : 1
log : 21788 / 2017-2-17
YA20151207130233 - 2017-01-28 13:23:36
state : 1
log : 21789 / 2017-2-17
2017-01-28 13:23:37
key : YA20151207130233
state : 1
log : 17754 / 2017-1-28
YA20151207130233 - 2017-01-28 13:23:37
state : 1
log : 21790 / 2017-2-17
2017-01-28 13:23:38
key : YA20151207130233
state : 1
log : 17754 / 2017-1-29
YA20151207130233 - 2017-01-28 13:23:39
state : 1
log : 21784 / 2017-2-24
YA20151207130233 - 2017-01-28 13:23:40
state : 1
log : 21785 / 2017-2-24
YA20151207130233 - 2017-01-28 13:23:41
state : 1
log : 21786 / 2017-2-24
YA20151207130233 - 2017-01-28 13:23:42
state : 1
log : 21787 / 2017-2-24
YA20151207130233 - 2017-01-28 13:23:44
state : 1
log : 21788 / 2017-2-24
YA20151207130233 - 2017-01-28 13:23:46
state : 1
log : 21789 / 2017-2-24
YA20151207130233 - 2017-01-28 13:23:47
state : 1
log : 21790 / 2017-2-24
YA20151207130233 - 2017-01-28 13:23:48
state : 1
log : 21784 / 2017-2-17
YA20151207130233 - 2017-01-28 13:23:50
state : 1
log : 21785 / 2017-2-17
YA20151207130233 - 2017-01-28 13:23:51
state : 1
log : 21786 / 2017-2-17
YA20151207130233 - 2017-01-28 13:23:52
state : 1
log : 21787 / 2017-2-17
YA20151207130233 - 2017-01-28 13:23:54
state : 1
log : 21788 / 2017-2-17
2017-01-28 13:23:56
key : YA20151207130233
state : 1
log : 23315 / 2017-01-28
YA20151207130233 - 2017-01-28 13:23:56
state : 1
log : 21789 / 2017-2-17
YA20151207130233 - 2017-01-28 13:23:57
state : 1
log : 21790 / 2017-2-17
YA20151207130233 - 2017-01-28 13:23:58
state : 1
log : 21784 / 2017-2-24
YA20151207130233 - 2017-01-28 13:23:59
state : 1
log : 20712 / 2017-1-28
YA20151207130233 - 2017-01-28 13:24:00
state : 1
log : 21785 / 2017-2-24
YA20151207130233 - 2017-01-28 13:24:00
state : 1
log : 20713 / 2017-1-28
YA20151207130233 - 2017-01-28 13:24:01
state : 1
log : 21786 / 2017-2-24
YA20151207130233 - 2017-01-28 13:24:03
state : 1
log : 21787 / 2017-2-24
YA20151207130233 - 2017-01-28 13:24:06
state : 1
log : 21788 / 2017-2-24
YA20151207130233 - 2017-01-28 13:24:07
state : 1
log : 21789 / 2017-2-24
YA20151207130233 - 2017-01-28 13:24:08
state : 1
log : 21790 / 2017-2-24
YA20151207130233 - 2017-01-28 13:24:09
state : 1
log : 21784 / 2017-2-17
YA20151207130233 - 2017-01-28 13:24:11
state : 1
log : 21785 / 2017-2-17
YA20151207130233 - 2017-01-28 13:24:12
state : 1
log : 21786 / 2017-2-17
YA20151207130233 - 2017-01-28 13:24:13
state : 1
log : 21787 / 2017-2-17
YA20151207130233 - 2017-01-28 13:24:15
state : 1
log : 21788 / 2017-2-17
YA20151207130233 - 2017-01-28 13:24:16
state : 1
log : 21789 / 2017-2-17
YA20151207130233 - 2017-01-28 13:24:17
state : 1
log : 21790 / 2017-2-17
YA20151207130233 - 2017-01-28 13:24:18
state : 1
log : 21784 / 2017-2-24
YA20151207130233 - 2017-01-28 13:24:20
state : 1
log : 21785 / 2017-2-24
YA20151207130233 - 2017-01-28 13:24:21
state : 1
log : 21786 / 2017-2-24
YA20151207130233 - 2017-01-28 13:24:22
state : 1
log : 21787 / 2017-2-24
YA20151207130233 - 2017-01-28 13:24:23
state : 1
log : 21788 / 2017-2-24
YA20151207130233 - 2017-01-28 13:24:25
state : 1
log : 21789 / 2017-2-24
YA20151207130233 - 2017-01-28 13:24:26
state : 1
log : 21790 / 2017-2-24
YA20151207130233 - 2017-01-28 13:24:27
state : 1
log : 21784 / 2017-2-17
YA20151207130233 - 2017-01-28 13:24:28
state : 1
log : 21785 / 2017-2-17
YA20151207130233 - 2017-01-28 13:24:30
state : 1
log : 21786 / 2017-2-17
YA20151207130233 - 2017-01-28 13:24:31
state : 1
log : 21787 / 2017-2-17
YA20151207130233 - 2017-01-28 13:24:32
state : 1
log : 21788 / 2017-2-17
YA20151207130233 - 2017-01-28 13:24:33
state : 1
log : 21789 / 2017-2-17
YA20151207130233 - 2017-01-28 13:24:35
state : 1
log : 21790 / 2017-2-17
YA20151207130233 - 2017-01-28 13:24:36
state : 1
log : 21784 / 2017-2-24
YA20151207130233 - 2017-01-28 13:24:37
state : 1
log : 21785 / 2017-2-24
YA20151207130233 - 2017-01-28 13:24:38
state : 1
log : 21786 / 2017-2-24
YA20151207130233 - 2017-01-28 13:24:41
state : 1
log : 21787 / 2017-2-24
YA20151207130233 - 2017-01-28 13:24:42
state : 1
log : 21788 / 2017-2-24
YA20151207130233 - 2017-01-28 13:24:43
state : 1
log : 21789 / 2017-2-24
YA20151207130233 - 2017-01-28 13:24:45
state : 1
log : 21790 / 2017-2-24
YA20151207130233 - 2017-01-28 13:24:46
state : 1
log : 21784 / 2017-2-17
YA20151207130233 - 2017-01-28 13:24:47
state : 1
log : 21785 / 2017-2-17
YA20151207130233 - 2017-01-28 13:24:49
state : 1
log : 21786 / 2017-2-17
YA20151207130233 - 2017-01-28 13:24:50
state : 1
log : 21787 / 2017-2-17
YA20151207130233 - 2017-01-28 13:24:51
state : 1
log : 21788 / 2017-2-17
YA20151207130233 - 2017-01-28 13:24:53
state : 1
log : 21789 / 2017-2-17
YA20151207130233 - 2017-01-28 13:24:55
state : 1
log : 21790 / 2017-2-17
YA20151207130233 - 2017-01-28 13:24:56
state : 1
log : 21784 / 2017-2-24
YA20151207130233 - 2017-01-28 13:24:57
state : 1
log : 21785 / 2017-2-24
YA20151207130233 - 2017-01-28 13:24:59
state : 1
log : 21786 / 2017-2-24
YA20151207130233 - 2017-01-28 13:25:00
state : 1
log : 21787 / 2017-2-24
YA20151207130233 - 2017-01-28 13:25:02
state : 1
log : 21788 / 2017-2-24
YA20151207130233 - 2017-01-28 13:25:03
state : 1
log : 21789 / 2017-2-24
YA20151207130233 - 2017-01-28 13:25:05
state : 1
log : 21790 / 2017-2-24
2017-01-28 13:28:29
key : YA20151207130233
state : 1
log : 23315 / 2017-01-28
YA20151207130233 - 2017-01-28 13:32:14
state : 1
log : 21723 / 2017-2-1
YA20151207130233 - 2017-01-28 13:32:16
state : 1
log : 21737 / 2017-2-1
YA20151207130233 - 2017-01-28 13:32:17
state : 1
log : 21738 / 2017-2-2
YA20151207130233 - 2017-01-28 13:32:18
state : 1
log : 21739 / 2017-2-2
YA20151207130233 - 2017-01-28 13:32:20
state : 1
log : 21722 / 2017-2-3
YA20151207130233 - 2017-01-28 13:32:21
state : 2
log : 5171 : 이미 막힌 객실 선택
YA20151207130233 - 2017-01-28 13:32:22
state : 2
log : 5160 : 이미 막힌 객실 선택
YA20151207130233 - 2017-01-28 13:32:23
state : 1
log : 21720 / 2017-2-4
YA20151207130233 - 2017-01-28 13:32:24
state : 1
log : 21721 / 2017-2-4
YA20151207130233 - 2017-01-28 13:32:26
state : 1
log : 21722 / 2017-2-4
YA20151207130233 - 2017-01-28 13:32:27
state : 1
log : 21723 / 2017-2-4
YA20151207130233 - 2017-01-28 13:32:28
state : 1
log : 21738 / 2017-2-4
YA20151207130233 - 2017-01-28 13:32:31
state : 1
log : 21739 / 2017-2-4
YA20151207130233 - 2017-01-28 13:32:32
state : 1
log : 21720 / 2017-2-10
YA20151207130233 - 2017-01-28 13:32:33
state : 1
log : 21721 / 2017-2-10
YA20151207130233 - 2017-01-28 13:32:34
state : 1
log : 21722 / 2017-2-10
YA20151207130233 - 2017-01-28 13:32:36
state : 1
log : 21723 / 2017-2-10
YA20151207130233 - 2017-01-28 13:32:37
state : 1
log : 21723 / 2017-2-11
YA20151207130233 - 2017-01-28 13:32:39
state : 1
log : 21738 / 2017-2-11
YA20151207130233 - 2017-01-28 13:32:40
state : 1
log : 21739 / 2017-2-11
YA20151207130233 - 2017-01-28 13:40:16
state : 1
log : 3701 / 2017-1-29
YA20151207130233 - 2017-01-28 13:40:17
state : 2
log : 5243 : 이미 막힌 객실 선택
YA20161116113212 - 2017-01-28 13:40:49
state : 1
log : 27426 / 2017-01-30
2017-01-28 13:43:05
key : YA20151207130233
state : 1
log : 23315 / 2017-01-28
YA20151207130233 - 2017-01-28 13:52:02
state : 3
log : 6298 : 등록된 객실 없습니다
YA20151207130233 - 2017-01-28 13:53:37
state : 2
log : 4683 : 이미 막힌 객실 선택
YA20151207130233 - 2017-01-28 13:55:06
state : 3
log : 6300 : 등록된 객실 없습니다
YA20151207130233 - 2017-01-28 14:06:40
state : 1
log : 21813 / 2017-1-30
YA20161116113212 - 2017-01-28 14:07:19
state : 1
log : 22422 / 2017-01-28
YA20161116113212 - 2017-01-28 14:08:18
state : 1
log : 20696 / 2017-01-28
YA20151207130233 - 2017-01-28 14:19:39
state : 1
log : 21787 / 2017-01-28
2017-01-28 14:23:30
key : YA20151207130233
state : 1
log : 21759 / 2017-1-29
2017-01-28 14:23:31
key : YA20151207130233
state : 1
log : 21760 / 2017-1-30
2017-01-28 14:34:02
key : YA20151207130233
state : 1
log : 43741 / 2017-01-30
YA20151207130233 - 2017-01-28 14:34:43
state : 1
log : 17745 / 2017-01-29
YA20151207130233 - 2017-01-28 14:35:33
state : 3
log :  : 등록된 객실 없습니다
YA20161116113212 - 2017-01-28 14:36:02
state : 1
log : 13236 / 2017-01-28
2017-01-28 14:37:14
key : YA20151207130233
state : 1
log : 21785 / 2017-01-28
2017-01-28 14:38:13
key : YA20151207130233
state : 1
log : 43741 / 2017-01-30
2017-01-28 14:39:17
key : YA20151207130233
state : 1
log : 21785 / 2017-01-28
YA20151207130233 - 2017-01-28 14:39:22
state : 2
log : 5266 : 이미 막힌 객실 선택
YA20151207130233 - 2017-01-28 14:39:54
state : 3
log :  : 등록된 객실 없습니다
YA20151207130233 - 2017-01-28 14:40:28
state : 2
log : 6430 : 이미 막힌 객실 선택
YA20151207130233 - 2017-01-28 14:41:14
state : 3
log :  : 등록된 객실 없습니다
YA20161116113212 - 2017-01-28 14:52:32
state : 1
log : 37263 / 2017-01-29
37263 / 2017-01-30
YA20151207130233 - 2017-01-28 14:59:03
state : 1
log : 21749 / 2017-01-28
YA20151207130233 - 2017-01-28 15:00:50
state : 1
log : 21748 / 2017-1-29
2017-01-28 15:02:23
key : YA20151207130233
state : 1
log : 21745 / 2017-1-28
YA20151207130233 - 2017-01-28 15:02:35
state : 1
log : 17750 / 2017-1-28
2017-01-28 15:03:09
key : YA20151207130233
state : 1
log : 21748 / 2017-1-29
YA20151207130233 - 2017-01-28 15:15:02
state : 2
log : 5348 : 이미 막힌 객실 선택
2017-01-28 15:15:25
key : YA20151207130233
state : 1
log : 25131 / 2017-1-28
YA20151207130233 - 2017-01-28 15:18:31
state : 1
log : 23483 / 2017-1-28
YA20151207130233 - 2017-01-28 15:20:40
state : 2
log : 5249 : 이미 막힌 객실 선택
YA20161116113212 - 2017-01-28 15:21:29
state : 1
log : 1664 / 2017-01-28
YA20151207130233 - 2017-01-28 15:32:15
state : 1
log : 21751 / 2017-1-29
YA20161116113212 - 2017-01-28 15:33:07
state : 1
log : 20925 / 2017-02-16
YA20161116113212 - 2017-01-28 15:34:46
state : 1
log : 44611 / 2017-02-06
2017-01-28 15:54:29
key : YA20151207130233
state : 1
log : 22709 / 2017-1-28
YA20151207130233 - 2017-01-28 16:02:18
state : 1
log : 47723 / 2017-01-29
YA20151207130233 - 2017-01-28 16:03:23
state : 1
log : 14498 / 2017-1-28
YA20151207130233 - 2017-01-28 16:03:52
state : 1
log : 21748 / 2017-01-29
YA20161116113212 - 2017-01-28 16:05:12
state : 1
log : 34099 / 2017-01-28
YA20151207130233 - 2017-01-28 16:05:31
state : 2
log : 4599 : 이미 막힌 객실 선택
YA20151207130233 - 2017-01-28 16:06:39
state : 1
log : 21759 / 2017-02-03
YA20161116113212 - 2017-01-28 16:18:47
state : 1
log : 21520 / 2017-01-28
YA20151207130233 - 2017-01-28 16:26:19
state : 1
log : 47854 / 2017-1-28
YA20151207130233 - 2017-01-28 16:26:20
state : 1
log : 47856 / 2017-1-28
YA20151207130233 - 2017-01-28 16:26:22
state : 1
log : 47858 / 2017-1-28
YA20151207130233 - 2017-01-28 16:26:53
state : 1
log : 47856 / 2017-1-29
YA20161116113212 - 2017-01-28 16:35:09
state : 1
log : 30190 / 2017-01-29
YA20151207130233 - 2017-01-28 16:38:05
state : 2
log : 4685 : 이미 막힌 객실 선택
YA20161116113212 - 2017-01-28 16:39:47
state : 1
log : 34713 / 2017-01-28
34713 / 2017-01-29
YA20151207130233 - 2017-01-28 16:41:39
state : 1
log : 46325 / 2017-2-10
YA20151207130233 - 2017-01-28 16:41:40
state : 1
log : 46327 / 2017-2-10
YA20151207130233 - 2017-01-28 16:47:29
state : 1
log : 21758 / 2017-1-28
2017-01-28 16:47:42
key : YA20151207130233
state : 1
log : 21757 / 2017-1-28
YA20151207130233 - 2017-01-28 16:49:29
state : 1
log : 47721 / 2017-1-28
YA20151207130233 - 2017-01-28 16:50:10
state : 1
log : 9507 / 2017-1-29
YA20151207130233 - 2017-01-28 16:53:09
state : 1
log : 21756 / 2017-1-29
2017-01-28 16:54:35
key : YA20151207130233
state : 1
log : 21758 / 2017-1-30
YA20151207130233 - 2017-01-28 17:04:11
state : 1
log : 17745 / 2017-1-29
YA20161116113212 - 2017-01-28 17:05:37
state : 1
log : 15344 / 2017-01-28
YA20151207130233 - 2017-01-28 17:09:37
state : 2
log : 5249 : 이미 막힌 객실 선택
YA20151207130233 - 2017-01-28 17:09:53
state : 2
log : 5243 : 이미 막힌 객실 선택
YA20151207130233 - 2017-01-28 17:15:40
state : 1
log : 15308 / 2017-1-29
YA20161116113212 - 2017-01-28 17:18:22
state : 1
log : 22137 / 2017-01-29
YA20161116113212 - 2017-01-28 17:33:04
state : 1
log : 12084 / 2017-01-28
YA20161116113212 - 2017-01-28 17:34:38
state : 1
log : 41726 / 2017-01-28
YA20151207130233 - 2017-01-28 17:57:38
state : 1
log : 23483 / 2017-1-28
2017-01-28 18:01:45
key : YA20151207130233
state : 1
log : 39858 / 2017-01-28
YA20151207130233 - 2017-01-28 18:03:19
state : 3
log :  : 등록된 객실 없습니다
2017-01-28 18:04:22
key : YA20151207130233
state : 1
log : 15308 / 2017-1-29
YA20151207130233 - 2017-01-28 18:05:14
state : 1
log : 21833 / 2017-1-30
YA20151207130233 - 2017-01-28 18:05:15
state : 1
log : 21834 / 2017-1-30
YA20151207130233 - 2017-01-28 18:05:17
state : 1
log : 21835 / 2017-1-30
YA20151207130233 - 2017-01-28 18:05:18
state : 1
log : 21836 / 2017-1-30
YA20151207130233 - 2017-01-28 18:05:20
state : 1
log : 21837 / 2017-1-30
YA20151207130233 - 2017-01-28 18:05:21
state : 1
log : 21838 / 2017-1-30
YA20151207130233 - 2017-01-28 18:05:22
state : 1
log : 21839 / 2017-1-30
YA20151207130233 - 2017-01-28 18:05:31
state : 1
log : 21833 / 2017-1-31
YA20151207130233 - 2017-01-28 18:05:32
state : 1
log : 21834 / 2017-1-31
YA20151207130233 - 2017-01-28 18:05:34
state : 1
log : 21835 / 2017-1-31
YA20151207130233 - 2017-01-28 18:05:35
state : 1
log : 21836 / 2017-1-31
YA20151207130233 - 2017-01-28 18:05:36
state : 1
log : 21837 / 2017-1-31
YA20151207130233 - 2017-01-28 18:05:38
state : 1
log : 21838 / 2017-1-31
YA20151207130233 - 2017-01-28 18:05:40
state : 1
log : 21839 / 2017-1-31
YA20151207130233 - 2017-01-28 18:05:41
state : 1
log : 21840 / 2017-1-31
YA20151207130233 - 2017-01-28 18:05:54
state : 1
log : 15308 / 2017-01-29
YA20151207130233 - 2017-01-28 18:06:24
state : 1
log : 15308 / 2017-1-29
YA20151207130233 - 2017-01-28 18:07:50
state : 1
log : 24768 / 2017-2-11
YA20151207130233 - 2017-01-28 18:07:51
state : 1
log : 24769 / 2017-2-11
YA20151207130233 - 2017-01-28 18:07:54
state : 2
log : 4601 : 이미 막힌 객실 선택
YA20151207130233 - 2017-01-28 18:11:46
state : 1
log : 33985 / 2017-01-30
YA20151207130233 - 2017-01-28 18:18:40
state : 1
log : 21756 / 2017-1-30
YA20151207130233 - 2017-01-28 18:21:43
state : 1
log : 21820 / 2017-1-28
YA20151207130233 - 2017-01-28 18:22:47
state : 1
log : 20710 / 2017-1-28
YA20151207130233 - 2017-01-28 18:22:48
state : 1
log : 20714 / 2017-1-28
YA20151207130233 - 2017-01-28 18:31:47
state : 1
log : 24763 / 2017-1-28
YA20151207130233 - 2017-01-28 18:41:13
state : 1
log : 24765 / 2017-1-28
YA20161116113212 - 2017-01-28 18:58:13
state : 1
log : 38657 / 2017-01-28
YA20151207130233 - 2017-01-28 19:05:03
state : 2
log : 5906 : 이미 막힌 객실 선택
YA20151207130233 - 2017-01-28 19:05:04
state : 2
log : 5905 : 이미 막힌 객실 선택
YA20151207130233 - 2017-01-28 19:05:05
state : 2
log : 5901 : 이미 막힌 객실 선택
YA20151207130233 - 2017-01-28 19:20:28
state : 1
log : 21576 / 2017-2-1
YA20151207130233 - 2017-01-28 19:20:28
state : 1
log : 18055 / 2017-2-18
YA20161116113212 - 2017-01-28 19:21:54
state : 1
log : 23812 / 2017-01-28
YA20151207130233 - 2017-01-28 19:28:03
state : 1
log : 22868 / 2017-1-28
YA20151207130233 - 2017-01-28 19:28:32
state : 1
log : 14493 / 2017-1-28
YA20151207130233 - 2017-01-28 19:30:07
state : 3
log : 5823 : 등록된 객실 없습니다
YA20151207130233 - 2017-01-28 19:33:47
state : 1
log : 20707 / 2017-1-29
YA20151207130233 - 2017-01-28 19:34:14
state : 3
log : 6303 : 등록된 객실 없습니다
YA20151207130233 - 2017-01-28 19:34:15
state : 1
log : 20706 / 2017-1-28
YA20151207130233 - 2017-01-28 19:41:52
state : 1
log : 21749 / 2017-1-30
2017-01-28 19:43:09
key : YA20151207130233
state : 1
log : 21751 / 2017-1-30
YA20151207130233 - 2017-01-28 19:51:21
state : 2
log : 4685 : 이미 막힌 객실 선택
YA20151207130233 - 2017-01-28 19:52:30
state : 1
log : 21577 / 2017-1-28
YA20161116113212 - 2017-01-28 19:57:18
state : 1
log : 12438 / 2017-01-29
YA20161116113212 - 2017-01-28 19:58:07
state : 1
log : 42519 / 2017-01-28
2017-01-28 20:27:10
key : YA20151207130233
state : 1
log : 3696 / 2017-1-29
YA20161116113212 - 2017-01-28 20:34:12
state : 1
log : 35725 / 2017-02-11
YA20161116113212 - 2017-01-28 20:43:44
state : 1
log : 38325 / 2017-01-29
YA20161116113212 - 2017-01-28 20:48:01
state : 1
log : 21519 / 2017-01-29
YA20161116113212 - 2017-01-28 20:52:44
state : 1
log : 17474 / 2017-02-04
YA20151207130233 - 2017-01-28 20:57:38
state : 1
log : 16637 / 2017-2-1
YA20161116113212 - 2017-01-28 21:05:34
state : 1
log : 18275 / 2017-02-04
YA20151207130233 - 2017-01-28 21:10:25
state : 1
log : 23314 / 2017-01-29
YA20151207130233 - 2017-01-28 21:12:48
state : 1
log : 47723 / 2017-1-29
YA20151207130233 - 2017-01-28 21:21:06
state : 1
log : 20711 / 2017-02-15
YA20151207130233 - 2017-01-28 21:21:07
state : 1
log : 20711 / 2017-02-16
YA20151207130233 - 2017-01-28 21:24:19
state : 1
log : 20714 / 2017-02-15
YA20151207130233 - 2017-01-28 21:24:20
state : 1
log : 20714 / 2017-02-16
YA20151207130233 - 2017-01-28 21:25:45
state : 1
log : 19886 / 2017-01-28
YA20151207130233 - 2017-01-28 21:27:04
state : 2
log : 5244 : 이미 막힌 객실 선택
YA20151207130233 - 2017-01-28 21:27:05
state : 2
log : 5243 : 이미 막힌 객실 선택
2017-01-28 21:31:19
key : YA20151207130233
state : 1
log : 20711 / 2017-2-15
YA20151207130233 - 2017-01-28 21:35:09
state : 1
log : 21580 / 2017-2-17
YA20151207130233 - 2017-01-28 21:42:35
state : 2
log : 4601 : 이미 막힌 객실 선택
YA20151207130233 - 2017-01-28 21:48:31
state : 1
log : 23482 / 2017-1-30
YA20161116113212 - 2017-01-28 21:53:36
state : 1
log : 8100 / 2017-01-29
YA20151207130233 - 2017-01-28 22:01:56
state : 1
log : 23482 / 2017-1-30
YA20151207130233 - 2017-01-28 22:03:09
state : 1
log : 21579 / 2017-1-29
YA20151207130233 - 2017-01-28 22:06:17
state : 1
log : 35158 / 2017-1-29
YA20151207130233 - 2017-01-28 22:06:19
state : 1
log : 35159 / 2017-1-29
YA20151207130233 - 2017-01-28 22:06:21
state : 1
log : 35160 / 2017-1-29
YA20151207130233 - 2017-01-28 22:06:22
state : 1
log : 35161 / 2017-1-29
YA20151207130233 - 2017-01-28 22:06:24
state : 1
log : 35162 / 2017-1-29
YA20151207130233 - 2017-01-28 22:06:25
state : 1
log : 35164 / 2017-1-29
YA20151207130233 - 2017-01-28 22:06:26
state : 1
log : 35165 / 2017-1-29
YA20151207130233 - 2017-01-28 22:06:27
state : 1
log : 35166 / 2017-1-29
YA20151207130233 - 2017-01-28 22:06:29
state : 1
log : 35167 / 2017-1-29
YA20151207130233 - 2017-01-28 22:06:30
state : 1
log : 35169 / 2017-1-29
YA20151207130233 - 2017-01-28 22:06:32
state : 1
log : 35168 / 2017-1-29
YA20151207130233 - 2017-01-28 22:06:33
state : 1
log : 35158 / 2017-1-29
YA20151207130233 - 2017-01-28 22:06:34
state : 1
log : 35159 / 2017-1-29
YA20151207130233 - 2017-01-28 22:06:35
state : 1
log : 35160 / 2017-1-29
YA20151207130233 - 2017-01-28 22:06:37
state : 1
log : 35161 / 2017-1-29
YA20151207130233 - 2017-01-28 22:06:38
state : 1
log : 35162 / 2017-1-29
YA20151207130233 - 2017-01-28 22:06:39
state : 1
log : 35164 / 2017-1-29
YA20151207130233 - 2017-01-28 22:06:40
state : 1
log : 35165 / 2017-1-29
YA20151207130233 - 2017-01-28 22:06:42
state : 1
log : 35166 / 2017-1-29
YA20151207130233 - 2017-01-28 22:06:43
state : 1
log : 35167 / 2017-1-29
YA20151207130233 - 2017-01-28 22:06:44
state : 1
log : 35169 / 2017-1-29
YA20151207130233 - 2017-01-28 22:06:45
state : 1
log : 35168 / 2017-1-29
YA20161116113212 - 2017-01-28 22:17:05
state : 1
log : 23722 / 2017-01-28
2017-01-28 22:18:51
key : YA20151207130233
state : 1
log : 25047 / 2017-1-28
2017-01-28 22:23:58
key : YA20151207130233
state : 1
log : 23583 / 2017-01-29
YA20151207130233 - 2017-01-28 22:26:11
state : 1
log : 21774 / 2017-1-30
YA20151207130233 - 2017-01-28 22:26:13
state : 1
log : 21774 / 2017-1-31
YA20161116113212 - 2017-01-28 22:29:20
state : 1
log : 29330 / 2017-01-29
29330 / 2017-01-30
YA20151207130233 - 2017-01-28 22:31:50
state : 1
log : 649 / 2017-2-4
YA20151207130233 - 2017-01-28 22:51:48
state : 1
log : 9727 / 2017-2-5
YA20151207130233 - 2017-01-28 23:00:21
state : 1
log : 21786 / 2017-1-28
YA20161116113212 - 2017-01-28 23:16:27
state : 1
log : 35575 / 2017-02-06
35575 / 2017-02-07
YA20151207130233 - 2017-01-28 23:33:48
state : 1
log : 21745 / 2017-1-28
YA20151207130233 - 2017-01-28 23:33:50
state : 1
log : 21750 / 2017-1-28
YA20161116113212 - 2017-01-28 23:38:13
state : 1
log : 200 / 2017-01-30
YA20151207130233 - 2017-01-28 23:43:23
state : 1
log : 21789 / 2017-1-29
YA20151207130233 - 2017-01-28 23:43:25
state : 1
log : 21790 / 2017-1-29
2017-01-28 23:44:23
key : YA20151207130233
state : 1
log : 21789 / 2017-1-29
2017-01-28 23:44:25
key : YA20151207130233
state : 1
log : 21790 / 2017-1-29
2017-01-28 23:46:12
key : YA20151207130233
state : 1
log : 21789 / 2017-1-29
2017-01-28 23:46:13
key : YA20151207130233
state : 1
log : 21790 / 2017-1-29
YA20151207130233 - 2017-01-28 23:53:45
state : 1
log : 21745 / 2017-02-01
2017-01-28 23:54:03
key : YA20151207130233
state : 1
log : 19361 / 2017-01-29
YA20161116113212 - 2017-01-28 23:54:52
state : 1
log : 21798 / 2017-02-04
YA20151207130233 - 2017-01-28 23:55:28
state : 3
log :  : 등록된 객실 없습니다
