2017-02-19 00:01:52
key : YA20151207130233
state : 1
log : 26178 / 2017-2-19
YA20151207130233 - 2017-02-19 01:28:28
state : 1
log : 29447 / 2017-02-20
YA20151207130233 - 2017-02-19 03:35:59
state : 1
log : 22870 / 2017-02-19
2017-02-19 03:55:42
key : YA20151207130233
state : 1
log : 29446 / 2017-2-20
YA20151207130233 - 2017-02-19 06:03:01
state : 1
log : 5596 / 2017-2-24
YA20151207130233 - 2017-02-19 06:04:01
state : 1
log : 5602 / 2017-2-24
YA20151207130233 - 2017-02-19 06:04:26
state : 2
log : 3681 | 2017-2-24: 이미 막힌 객실 선택
2017-02-19 06:04:55
key : YA20151207130233
state : 1
log : 5596 / 2017-2-24
YA20151207130233 - 2017-02-19 07:36:07
state : 1
log : 25129 / 2017-02-22
YA20151207130233 - 2017-02-19 08:03:36
state : 1
log : 46327 / 2017-2-20
YA20151207130233 - 2017-02-19 08:27:41
state : 2
log : 5257 | 2017-2-26: 이미 막힌 객실 선택
YA20151207130233 - 2017-02-19 08:27:42
state : 2
log : 5256 | 2017-2-26: 이미 막힌 객실 선택
YA20151207130233 - 2017-02-19 09:03:51
state : 1
log : 23582 / 2017-2-22
YA20151207130233 - 2017-02-19 09:04:03
state : 1
log : 22735 / 2017-3-3
YA20151207130233 - 2017-02-19 09:21:28
state : 3
log : 6299 | 2017-2-23: 등록된 객실 없습니다
YA20151207130233 - 2017-02-19 09:28:29
state : 1
log : 21047 / 2017-02-22
YA20151207130233 - 2017-02-19 09:33:29
state : 1
log : 34061 / 2017-2-27
YA20151207130233 - 2017-02-19 10:09:17
state : 1
log : 29443 / 2017-2-19
YA20151207130233 - 2017-02-19 10:12:21
state : 1
log : 24385 / 2017-2-19
YA20151207130233 - 2017-02-19 10:34:42
state : 3
log : 6302 | 2017-2-24: 등록된 객실 없습니다
YA20151207130233 - 2017-02-19 10:40:02
state : 3
log : 6303 | 2017-2-24: 등록된 객실 없습니다
YA20151207130233 - 2017-02-19 10:40:03
state : 3
log : 6303 | 2017-2-25: 등록된 객실 없습니다
YA20151207130233 - 2017-02-19 10:46:55
state : 1
log : 31612 / 2017-02-24
YA20151207130233 - 2017-02-19 10:50:52
state : 2
log : 6531 | 2017-2-19: 이미 막힌 객실 선택
YA20151207130233 - 2017-02-19 10:56:21
state : 1
log : 21786 / 2017-2-25
YA20151207130233 - 2017-02-19 10:56:22
state : 1
log : 21789 / 2017-2-25
YA20151207130233 - 2017-02-19 10:56:27
state : 3
log : 6298 | 2017-2-24: 등록된 객실 없습니다
YA20151207130233 - 2017-02-19 10:56:28
state : 3
log : 6298 | 2017-2-25: 등록된 객실 없습니다
YA20151207130233 - 2017-02-19 11:04:01
state : 1
log : 9724 / 2017-02-20
YA20151207130233 - 2017-02-19 11:04:06
state : 3
log : 6298 : 등록된 객실 없습니다
YA20151207130233 - 2017-02-19 11:04:43
state : 3
log : 6298 | 2017-2-24: 등록된 객실 없습니다
YA20151207130233 - 2017-02-19 11:28:14
state : 1
log : 24468 / 2017-7-29
2017-02-19 11:31:41
key : YA20151207130233
state : 1
log : 31606 / 2017-02-25
YA20151207130233 - 2017-02-19 11:32:53
state : 1
log : 31606 / 2017-02-25
YA20151207130233 - 2017-02-19 11:34:03
state : 1
log : 45345 / 2017-05-03
YA20151207130233 - 2017-02-19 11:34:04
state : 1
log : 45345 / 2017-05-04
YA20151207130233 - 2017-02-19 11:34:06
state : 1
log : 45345 / 2017-05-05
YA20151207130233 - 2017-02-19 11:35:44
state : 1
log : 23314 / 2017-02-22
2017-02-19 11:44:09
key : YA20151207130233
state : 1
log : 12533 / 2017-2-19
YA20151207130233 - 2017-02-19 11:44:14
state : 1
log : 24719 / 2017-02-19
YA20151207130233 - 2017-02-19 11:44:18
state : 2
log : 5256 | 2017-2-19: 이미 막힌 객실 선택
YA20151207130233 - 2017-02-19 11:54:17
state : 1
log : 21751 / 2017-2-19
YA20151207130233 - 2017-02-19 11:55:28
state : 1
log : 21745 / 2017-2-19
YA20151207130233 - 2017-02-19 11:55:29
state : 1
log : 21748 / 2017-2-19
YA20151207130233 - 2017-02-19 11:56:09
state : 1
log : 21750 / 2017-02-19
YA20151207130233 - 2017-02-19 11:56:21
state : 2
log : 5780 | 2017-2-19: 이미 막힌 객실 선택
2017-02-19 11:58:38
key : YA20151207130233
state : 1
log : 21745 / 2017-2-19
2017-02-19 11:58:40
key : YA20151207130233
state : 1
log : 21748 / 2017-2-19
YA20151207130233 - 2017-02-19 11:59:57
state : 1
log : 21775 / 2017-2-19
YA20151207130233 - 2017-02-19 11:59:59
state : 1
log : 21776 / 2017-2-19
YA20151207130233 - 2017-02-19 12:12:00
state : 1
log : 19354 / 2017-02-26
YA20151207130233 - 2017-02-19 12:32:37
state : 2
log : 1681 | 2017-2-19: 이미 막힌 객실 선택
YA20151207130233 - 2017-02-19 12:42:57
state : 1
log : 21748 / 2017-02-19
YA20151207130233 - 2017-02-19 12:44:32
state : 1
log : 29445 / 2017-2-19
YA20151207130233 - 2017-02-19 12:50:51
state : 2
log : 5274 | 2017-2-19: 이미 막힌 객실 선택
YA20151207130233 - 2017-02-19 12:57:33
state : 1
log : 9801 / 2017-02-19
YA20151207130233 - 2017-02-19 12:57:54
state : 1
log : 24769 / 2017-2-19
YA20151207130233 - 2017-02-19 13:05:01
state : 2
log : 5527 | 2017-02-20: 이미 막힌 객실 선택
YA20151207130233 - 2017-02-19 13:09:33
state : 2
log : 6578 | 2017-2-19: 이미 막힌 객실 선택
YA20151207130233 - 2017-02-19 13:10:18
state : 1
log : 23580 / 2017-02-24
YA20151207130233 - 2017-02-19 13:10:48
state : 1
log : 24468 / 2017-3-18
YA20151207130233 - 2017-02-19 13:10:50
state : 1
log : 24469 / 2017-3-18
YA20151207130233 - 2017-02-19 13:10:51
state : 1
log : 24470 / 2017-3-18
YA20151207130233 - 2017-02-19 13:10:53
state : 2
log : 1887 | 2017-3-18: 이미 막힌 객실 선택
YA20151207130233 - 2017-02-19 13:10:55
state : 2
log : 1892 | 2017-3-18: 이미 막힌 객실 선택
YA20151207130233 - 2017-02-19 13:10:56
state : 2
log : 1891 | 2017-3-18: 이미 막힌 객실 선택
YA20151207130233 - 2017-02-19 13:14:02
state : 1
log : 21745 / 2017-02-19
YA20151207130233 - 2017-02-19 13:23:39
state : 1
log : 46329 / 2017-2-24
YA20151207130233 - 2017-02-19 13:25:55
state : 2
log : 5527 | 2017-2-20: 이미 막힌 객실 선택
YA20151207130233 - 2017-02-19 13:29:55
state : 1
log : 21789 / 2017-2-19
YA20151207130233 - 2017-02-19 13:43:54
state : 1
log : 24755 / 2017-2-19
YA20151207130233 - 2017-02-19 13:48:29
state : 2
log : 5528 | 2017-2-23: 이미 막힌 객실 선택
YA20151207130233 - 2017-02-19 14:23:47
state : 1
log : 25128 / 2017-2-19
2017-02-19 14:24:53
key : YA20151207130233
state : 1
log : 20711 / 2017-2-20
YA20151207130233 - 2017-02-19 14:30:38
state : 1
log : 43772 / 2017-03-18
YA20151207130233 - 2017-02-19 14:53:19
state : 2
log : 5949 | 2017-02-19: 이미 막힌 객실 선택
2017-02-19 15:01:07
key : YA20151207130233
state : 1
log : 17745 / 2017-2-20
YA20151207130233 - 2017-02-19 15:01:34
state : 1
log : 17746 / 2017-2-26
YA20151207130233 - 2017-02-19 15:11:01
state : 1
log : 26185 / 2017-2-19
YA20151207130233 - 2017-02-19 15:11:02
state : 2
log : 1678 | 2017-2-19: 이미 막힌 객실 선택
YA20151207130233 - 2017-02-19 15:11:03
state : 2
log : 1678 | 2017-2-19: 이미 막힌 객실 선택
YA20151207130233 - 2017-02-19 15:11:37
state : 1
log : 26185 / 2017-2-28
YA20151207130233 - 2017-02-19 15:14:35
state : 1
log : 21817 / 2017-02-27
2017-02-19 15:16:39
key : YA20151207130233
state : 1
log : 21576 / 2017-02-19
YA20151207130233 - 2017-02-19 15:17:42
state : 2
log : 4187 | 2017-2-19: 이미 막힌 객실 선택
YA20151207130233 - 2017-02-19 15:22:47
state : 1
log : 23579 / 2017-02-25
YA20151207130233 - 2017-02-19 15:23:54
state : 1
log : 17745 / 2017-2-19
2017-02-19 15:24:09
key : YA20151207130233
state : 1
log : 17749 / 2017-2-19
YA20151207130233 - 2017-02-19 15:35:48
state : 1
log : 19886 / 2017-02-19
YA20151207130233 - 2017-02-19 15:40:34
state : 1
log : 21576 / 2017-2-19
YA20151207130233 - 2017-02-19 15:57:42
state : 1
log : 17747 / 2017-02-19
YA20151207130233 - 2017-02-19 15:59:15
state : 1
log : 24714 / 2017-2-25
2017-02-19 16:07:33
key : YA20151207130233
state : 1
log : 45344 / 2017-2-21
YA20151207130233 - 2017-02-19 16:10:09
state : 1
log : 21577 / 2017-2-22
YA20151207130233 - 2017-02-19 16:10:10
state : 1
log : 21577 / 2017-2-23
YA20151207130233 - 2017-02-19 16:12:01
state : 2
log : 6507 | 2017-5-3: 이미 막힌 객실 선택
YA20151207130233 - 2017-02-19 16:27:45
state : 2
log : 5365 | 2017-2-20: 이미 막힌 객실 선택
YA20151207130233 - 2017-02-19 16:31:19
state : 3
log : 1645 | 2017-2-25: 등록된 객실 없습니다
YA20151207130233 - 2017-02-19 16:56:25
state : 1
log : 34018 / 2017-2-23
YA20151207130233 - 2017-02-19 16:56:38
state : 2
log : 6200 | 2017-2-23: 이미 막힌 객실 선택
YA20151207130233 - 2017-02-19 16:56:52
state : 1
log : 18082 / 2017-05-05
YA20151207130233 - 2017-02-19 16:57:40
state : 2
log : 6200 | 2017-2-23: 이미 막힌 객실 선택
YA20151207130233 - 2017-02-19 17:04:16
state : 2
log : 6385 | 2017-3-18: 이미 막힌 객실 선택
2017-02-19 17:06:06
key : YA20151207130233
state : 1
log : 46329 / 2017-2-24
2017-02-19 17:09:16
key : YA20151207130233
state : 1
log : 18082 / 2017-5-5
YA20151207130233 - 2017-02-19 17:15:31
state : 1
log : 22744 / 2017-02-25
YA20151207130233 - 2017-02-19 17:24:39
state : 1
log : 25171 / 2017-2-25
YA20151207130233 - 2017-02-19 17:30:48
state : 1
log : 3696 / 2017-05-05
YA20151207130233 - 2017-02-19 17:35:20
state : 1
log : 48326 / 2017-02-19
YA20151207130233 - 2017-02-19 17:35:27
state : 1
log : 45346 / 2017-3-5
YA20151207130233 - 2017-02-19 17:36:19
state : 1
log : 21766 / 2017-02-19
YA20151207130233 - 2017-02-19 17:37:11
state : 1
log : 21768 / 2017-2-19
YA20151207130233 - 2017-02-19 17:49:34
state : 1
log : 23313 / 2017-02-20
YA20151207130233 - 2017-02-19 17:49:36
state : 1
log : 43736 / 2017-03-12
YA20151207130233 - 2017-02-19 17:52:29
state : 1
log : 23481 / 2017-2-19
YA20151207130233 - 2017-02-19 17:52:30
state : 1
log : 23482 / 2017-2-19
YA20151207130233 - 2017-02-19 17:52:41
state : 1
log : 23483 / 2017-2-19
YA20151207130233 - 2017-02-19 17:54:45
state : 2
log : 6390 | 2017-3-12: 이미 막힌 객실 선택
YA20151207130233 - 2017-02-19 17:58:42
state : 1
log : 24764 / 2017-2-19
YA20151207130233 - 2017-02-19 17:58:44
state : 2
log : 4900 | 2017-2-19: 이미 막힌 객실 선택
YA20151207130233 - 2017-02-19 18:01:32
state : 1
log : 24779 / 2017-2-20
2017-02-19 18:05:06
key : YA20151207130233
state : 1
log : 17747 / 2017-2-19
YA20151207130233 - 2017-02-19 18:06:05
state : 1
log : 23480 / 2017-2-19
YA20151207130233 - 2017-02-19 18:08:58
state : 2
log : 1138 | 2017-2-25: 이미 막힌 객실 선택
YA20151207130233 - 2017-02-19 18:09:11
state : 1
log : 18176 / 2017-3-10
YA20151207130233 - 2017-02-19 18:13:45
state : 1
log : 3696 / 2017-02-20
YA20151207130233 - 2017-02-19 18:14:46
state : 1
log : 9728 / 2017-2-21
YA20151207130233 - 2017-02-19 18:14:47
state : 1
log : 9727 / 2017-2-21
2017-02-19 18:15:21
key : YA20151207130233
state : 1
log : 9727 / 2017-2-21
YA20151207130233 - 2017-02-19 18:19:37
state : 1
log : 17754 / 2017-03-04
YA20151207130233 - 2017-02-19 18:24:50
state : 1
log : 21581 / 2017-02-23
YA20151207130233 - 2017-02-19 18:25:18
state : 1
log : 24386 / 2017-03-04
YA20151207130233 - 2017-02-19 18:27:50
state : 1
log : 9727 / 2017-2-22
YA20151207130233 - 2017-02-19 18:27:52
state : 1
log : 9728 / 2017-2-23
YA20151207130233 - 2017-02-19 18:28:04
state : 1
log : 9725 / 2017-2-22
YA20151207130233 - 2017-02-19 18:29:34
state : 2
log : 4706 | 2017-3-4: 이미 막힌 객실 선택
YA20151207130233 - 2017-02-19 18:29:47
state : 1
log : 17750 / 2017-3-10
2017-02-19 18:35:28
key : YA20151207130233
state : 1
log : 543 / 2017-03-25
YA20151207130233 - 2017-02-19 18:38:29
state : 1
log : 15308 / 2017-2-19
YA20151207130233 - 2017-02-19 18:38:40
state : 1
log : 543 / 2017-03-25
YA20151207130233 - 2017-02-19 18:44:51
state : 1
log : 35134 / 2017-2-22
YA20151207130233 - 2017-02-19 18:53:13
state : 2
log : 4257 | 2017-3-4: 이미 막힌 객실 선택
YA20151207130233 - 2017-02-19 18:55:35
state : 1
log : 47864 / 2017-02-25
YA20151207130233 - 2017-02-19 19:03:29
state : 1
log : 21821 / 2017-02-23
2017-02-19 19:04:23
key : YA20151207130233
state : 1
log : 43736 / 2017-2-20
2017-02-19 19:04:24
key : YA20151207130233
state : 1
log : 43737 / 2017-2-20
2017-02-19 19:04:25
key : YA20151207130233
state : 1
log : 43741 / 2017-2-20
2017-02-19 19:04:26
key : YA20151207130233
state : 1
log : 43766 / 2017-2-20
2017-02-19 19:04:29
key : YA20151207130233
state : 1
log : 43769 / 2017-2-20
2017-02-19 19:04:30
key : YA20151207130233
state : 1
log : 43771 / 2017-2-20
2017-02-19 19:04:31
key : YA20151207130233
state : 1
log : 43773 / 2017-2-20
2017-02-19 19:04:34
key : YA20151207130233
state : 1
log : 43737 / 2017-2-21
2017-02-19 19:04:35
key : YA20151207130233
state : 1
log : 43741 / 2017-2-21
2017-02-19 19:04:36
key : YA20151207130233
state : 1
log : 43766 / 2017-2-21
2017-02-19 19:04:38
key : YA20151207130233
state : 1
log : 43769 / 2017-2-21
2017-02-19 19:04:40
key : YA20151207130233
state : 1
log : 43771 / 2017-2-21
2017-02-19 19:04:41
key : YA20151207130233
state : 1
log : 43772 / 2017-2-21
2017-02-19 19:04:42
key : YA20151207130233
state : 1
log : 43773 / 2017-2-21
2017-02-19 19:04:43
key : YA20151207130233
state : 1
log : 43736 / 2017-2-22
2017-02-19 19:04:44
key : YA20151207130233
state : 1
log : 43737 / 2017-2-22
2017-02-19 19:04:47
key : YA20151207130233
state : 1
log : 43741 / 2017-2-22
2017-02-19 19:04:49
key : YA20151207130233
state : 1
log : 43766 / 2017-2-22
2017-02-19 19:04:50
key : YA20151207130233
state : 1
log : 43769 / 2017-2-22
2017-02-19 19:04:51
key : YA20151207130233
state : 1
log : 43771 / 2017-2-22
2017-02-19 19:04:54
key : YA20151207130233
state : 1
log : 43773 / 2017-2-22
2017-02-19 19:04:55
key : YA20151207130233
state : 1
log : 43737 / 2017-2-23
2017-02-19 19:04:56
key : YA20151207130233
state : 1
log : 43741 / 2017-2-23
2017-02-19 19:04:58
key : YA20151207130233
state : 1
log : 43766 / 2017-2-23
2017-02-19 19:05:00
key : YA20151207130233
state : 1
log : 43769 / 2017-2-23
2017-02-19 19:05:02
key : YA20151207130233
state : 1
log : 43771 / 2017-2-23
2017-02-19 19:05:03
key : YA20151207130233
state : 1
log : 43773 / 2017-2-23
YA20151207130233 - 2017-02-19 19:06:21
state : 1
log : 43736 / 2017-3-7
YA20151207130233 - 2017-02-19 19:06:22
state : 1
log : 43737 / 2017-3-7
YA20151207130233 - 2017-02-19 19:06:24
state : 1
log : 43741 / 2017-3-7
YA20151207130233 - 2017-02-19 19:06:25
state : 1
log : 43766 / 2017-3-7
YA20151207130233 - 2017-02-19 19:06:27
state : 1
log : 43769 / 2017-3-7
YA20151207130233 - 2017-02-19 19:06:28
state : 1
log : 43771 / 2017-3-7
YA20151207130233 - 2017-02-19 19:06:30
state : 1
log : 43772 / 2017-3-7
YA20151207130233 - 2017-02-19 19:06:33
state : 1
log : 43773 / 2017-3-7
YA20151207130233 - 2017-02-19 19:06:34
state : 1
log : 43736 / 2017-3-8
YA20151207130233 - 2017-02-19 19:06:35
state : 1
log : 43737 / 2017-3-8
YA20151207130233 - 2017-02-19 19:06:37
state : 1
log : 43741 / 2017-3-8
YA20151207130233 - 2017-02-19 19:06:38
state : 1
log : 43766 / 2017-3-8
YA20151207130233 - 2017-02-19 19:06:40
state : 1
log : 43769 / 2017-3-8
YA20151207130233 - 2017-02-19 19:06:41
state : 1
log : 43771 / 2017-3-8
YA20151207130233 - 2017-02-19 19:06:42
state : 1
log : 43772 / 2017-3-8
YA20151207130233 - 2017-02-19 19:06:44
state : 1
log : 43773 / 2017-3-8
YA20151207130233 - 2017-02-19 19:06:45
state : 1
log : 43736 / 2017-3-9
YA20151207130233 - 2017-02-19 19:06:47
state : 1
log : 43737 / 2017-3-9
YA20151207130233 - 2017-02-19 19:06:49
state : 1
log : 43741 / 2017-3-9
YA20151207130233 - 2017-02-19 19:06:51
state : 1
log : 43766 / 2017-3-9
YA20151207130233 - 2017-02-19 19:06:52
state : 1
log : 43769 / 2017-3-9
YA20151207130233 - 2017-02-19 19:06:55
state : 1
log : 43771 / 2017-3-9
YA20151207130233 - 2017-02-19 19:06:56
state : 1
log : 43772 / 2017-3-9
YA20151207130233 - 2017-02-19 19:06:57
state : 1
log : 43773 / 2017-3-9
YA20151207130233 - 2017-02-19 19:06:59
state : 1
log : 43736 / 2017-3-10
YA20151207130233 - 2017-02-19 19:07:00
state : 1
log : 43737 / 2017-3-10
YA20151207130233 - 2017-02-19 19:07:02
state : 1
log : 43741 / 2017-3-10
YA20151207130233 - 2017-02-19 19:07:03
state : 1
log : 43766 / 2017-3-10
YA20151207130233 - 2017-02-19 19:07:04
state : 1
log : 43769 / 2017-3-10
YA20151207130233 - 2017-02-19 19:07:06
state : 1
log : 43771 / 2017-3-10
YA20151207130233 - 2017-02-19 19:07:07
state : 1
log : 43772 / 2017-3-10
YA20151207130233 - 2017-02-19 19:07:09
state : 1
log : 43773 / 2017-3-10
YA20151207130233 - 2017-02-19 19:11:15
state : 2
log : 5372 | 2017-2-21: 이미 막힌 객실 선택
YA20151207130233 - 2017-02-19 19:13:57
state : 2
log : 5243 | 2017-2-20: 이미 막힌 객실 선택
YA20151207130233 - 2017-02-19 19:21:10
state : 2
log : 4185 | 2017-2-19: 이미 막힌 객실 선택
YA20151207130233 - 2017-02-19 19:21:11
state : 2
log : 4184 | 2017-2-25: 이미 막힌 객실 선택
YA20151207130233 - 2017-02-19 19:30:29
state : 1
log : 20711 / 2017-02-20
YA20151207130233 - 2017-02-19 19:30:56
state : 1
log : 21818 / 2017-03-03
YA20151207130233 - 2017-02-19 19:31:01
state : 3
log : 6299 | 2017-02-22: 등록된 객실 없습니다
YA20151207130233 - 2017-02-19 19:32:57
state : 1
log : 24769 / 2017-02-27
YA20151207130233 - 2017-02-19 19:32:58
state : 2
log : 4602 | 2017-02-27: 이미 막힌 객실 선택
YA20151207130233 - 2017-02-19 19:32:59
state : 1
log : 24769 / 2017-02-28
YA20151207130233 - 2017-02-19 19:33:00
state : 2
log : 4602 | 2017-02-27: 이미 막힌 객실 선택
YA20151207130233 - 2017-02-19 19:33:00
state : 2
log : 4602 | 2017-02-28: 이미 막힌 객실 선택
YA20151207130233 - 2017-02-19 19:37:18
state : 1
log : 21046 / 2017-02-20
2017-02-19 19:43:56
key : YA20151207130233
state : 1
log : 29444 / 2017-2-19
YA20151207130233 - 2017-02-19 19:58:23
state : 1
log : 24714 / 2017-2-19
YA20151207130233 - 2017-02-19 19:58:25
state : 2
log : 4184 | 2017-2-25: 이미 막힌 객실 선택
YA20151207130233 - 2017-02-19 20:09:05
state : 1
log : 48325 / 2017-02-25
YA20151207130233 - 2017-02-19 20:26:48
state : 1
log : 47201 / 2017-07-31
YA20151207130233 - 2017-02-19 20:26:49
state : 1
log : 47201 / 2017-08-01
YA20151207130233 - 2017-02-19 20:27:38
state : 2
log : 5525 | 2017-2-23: 이미 막힌 객실 선택
2017-02-19 20:38:41
key : YA20151207130233
state : 1
log : 39859 / 2017-02-19
2017-02-19 20:38:42
key : YA20151207130233
state : 1
log : 39859 / 2017-02-20
YA20151207130233 - 2017-02-19 20:39:40
state : 3
log :  : 등록된 객실 없습니다
YA20151207130233 - 2017-02-19 20:39:41
state : 3
log :  : 등록된 객실 없습니다
YA20151207130233 - 2017-02-19 20:40:36
state : 1
log : 39859 / 2017-02-19
YA20151207130233 - 2017-02-19 20:40:37
state : 1
log : 39859 / 2017-02-20
YA20151207130233 - 2017-02-19 20:41:10
state : 2
log : 6400 | 2017-02-19: 이미 막힌 객실 선택
YA20151207130233 - 2017-02-19 20:41:11
state : 2
log : 6400 | 2017-02-20: 이미 막힌 객실 선택
YA20151207130233 - 2017-02-19 20:50:33
state : 1
log : 46149 / 2017-2-19
YA20151207130233 - 2017-02-19 21:00:15
state : 1
log : 33981 / 2017-3-25
YA20151207130233 - 2017-02-19 21:02:43
state : 1
log : 33988 / 2017-2-25
YA20151207130233 - 2017-02-19 21:05:07
state : 1
log : 47252 / 2017-05-04
YA20151207130233 - 2017-02-19 21:05:10
state : 1
log : 47252 / 2017-05-05
YA20151207130233 - 2017-02-19 21:05:11
state : 1
log : 47252 / 2017-05-06
YA20151207130233 - 2017-02-19 21:07:49
state : 2
log : 6577 | 2017-2-25: 이미 막힌 객실 선택
YA20151207130233 - 2017-02-19 21:08:24
state : 2
log : 6577 | 2017-2-25: 이미 막힌 객실 선택
YA20151207130233 - 2017-02-19 21:08:55
state : 2
log : 6576 | 2017-2-19: 이미 막힌 객실 선택
YA20151207130233 - 2017-02-19 21:21:53
state : 1
log : 23582 / 2017-02-25
YA20151207130233 - 2017-02-19 21:23:47
state : 1
log : 23583 / 2017-2-23
YA20151207130233 - 2017-02-19 21:26:54
state : 1
log : 17750 / 2017-2-19
YA20151207130233 - 2017-02-19 21:33:42
state : 3
log : 6302 | 2017-2-20: 등록된 객실 없습니다
YA20151207130233 - 2017-02-19 21:42:25
state : 1
log : 11096 / 2017-2-20
YA20151207130233 - 2017-02-19 21:42:27
state : 1
log : 11097 / 2017-2-20
YA20151207130233 - 2017-02-19 21:42:28
state : 1
log : 11098 / 2017-2-20
YA20151207130233 - 2017-02-19 21:42:30
state : 1
log : 11099 / 2017-2-20
YA20151207130233 - 2017-02-19 21:42:31
state : 1
log : 11100 / 2017-2-20
YA20151207130233 - 2017-02-19 21:42:33
state : 2
log : 5220 | 2017-2-20: 이미 막힌 객실 선택
YA20151207130233 - 2017-02-19 21:42:34
state : 2
log : 5213 | 2017-2-20: 이미 막힌 객실 선택
YA20151207130233 - 2017-02-19 21:42:35
state : 2
log : 5212 | 2017-2-20: 이미 막힌 객실 선택
YA20151207130233 - 2017-02-19 21:42:36
state : 2
log : 5211 | 2017-2-20: 이미 막힌 객실 선택
YA20151207130233 - 2017-02-19 21:44:59
state : 1
log : 33982 / 2017-2-26
YA20151207130233 - 2017-02-19 21:58:33
state : 1
log : 24763 / 2017-2-19
YA20151207130233 - 2017-02-19 22:08:00
state : 1
log : 9724 / 2017-03-18
YA20151207130233 - 2017-02-19 22:23:01
state : 2
log : 4273 | 2017-02-20: 이미 막힌 객실 선택
YA20151207130233 - 2017-02-19 22:34:10
state : 1
log : 48320 / 2017-02-26
2017-02-19 22:58:22
key : YA20151207130233
state : 1
log : 23520 / 2017-02-23
YA20151207130233 - 2017-02-19 22:59:52
state : 1
log : 35158 / 2017-3-12
YA20151207130233 - 2017-02-19 22:59:53
state : 1
log : 35159 / 2017-3-12
YA20151207130233 - 2017-02-19 22:59:55
state : 1
log : 35160 / 2017-3-12
YA20151207130233 - 2017-02-19 22:59:56
state : 1
log : 35161 / 2017-3-12
YA20151207130233 - 2017-02-19 22:59:57
state : 1
log : 35162 / 2017-3-12
YA20151207130233 - 2017-02-19 22:59:59
state : 1
log : 35164 / 2017-3-12
YA20151207130233 - 2017-02-19 23:00:01
state : 1
log : 35165 / 2017-3-12
YA20151207130233 - 2017-02-19 23:00:03
state : 1
log : 35166 / 2017-3-12
YA20151207130233 - 2017-02-19 23:00:04
state : 1
log : 35167 / 2017-3-12
YA20151207130233 - 2017-02-19 23:00:06
state : 1
log : 35169 / 2017-3-12
YA20151207130233 - 2017-02-19 23:00:08
state : 1
log : 35168 / 2017-3-12
2017-02-19 23:10:01
key : YA20151207130233
state : 1
log : 23520 / 2017-02-23
YA20151207130233 - 2017-02-19 23:10:38
state : 2
log : 6577 | 2017-2-25: 이미 막힌 객실 선택
YA20151207130233 - 2017-02-19 23:10:58
state : 3
log :  : 등록된 객실 없습니다
2017-02-19 23:12:38
key : YA20151207130233
state : 1
log : 26185 / 2017-2-28
YA20151207130233 - 2017-02-19 23:46:00
state : 2
log : 5480 | 2017-02-26: 이미 막힌 객실 선택
YA20151207130233 - 2017-02-19 23:47:28
state : 1
log : 9727 / 2017-03-04
YA20151207130233 - 2017-02-19 23:48:48
state : 2
log : 5479 | 2017-02-26: 이미 막힌 객실 선택
YA20151207130233 - 2017-02-19 23:51:20
state : 1
log : 19893 / 2017-02-26
YA20151207130233 - 2017-02-19 23:52:45
state : 1
log : 15310 / 2017-02-25
2017-02-19 23:56:24
key : YA20151207130233
state : 1
log : 26170 / 2017-2-19
2017-02-19 23:56:26
key : YA20151207130233
state : 1
log : 26184 / 2017-2-19
2017-02-19 23:56:27
key : YA20151207130233
state : 1
log : 26185 / 2017-2-19
2017-02-19 23:56:28
key : YA20151207130233
state : 1
log : 26170 / 2017-2-19
2017-02-19 23:56:30
key : YA20151207130233
state : 1
log : 26184 / 2017-2-19
2017-02-19 23:56:32
key : YA20151207130233
state : 1
log : 26185 / 2017-2-19
