YA20151207130233 - 2017-02-02 00:04:14
state : 1
log : 21821 / 2017-02-02
YA20161116113212 - 2017-02-02 00:05:36
state : 1
log : 46666 / 2017-02-03
46666 / 2017-02-04
YA20161116113212 - 2017-02-02 00:10:52
state : 1
log : 6232 / 2017-02-11
YA20161116113212 - 2017-02-02 00:15:04
state : 1
log : 12532 / 2017-02-11
YA20151207130233 - 2017-02-02 00:20:06
state : 1
log : 16636 / 2017-02-18
2017-02-02 00:23:26
key : YA20151207130233
state : 1
log : 17746 / 2017-2-4
YA20151207130233 - 2017-02-02 00:23:43
state : 1
log : 17752 / 2017-2-4
YA20151207130233 - 2017-02-02 00:24:01
state : 1
log : 17747 / 2017-2-2
YA20151207130233 - 2017-02-02 00:24:24
state : 1
log : 17746 / 2017-2-5
YA20161116113212 - 2017-02-02 00:26:10
state : 1
log : 24492 / 2017-02-18
2017-02-02 00:28:54
key : YA20151207130233
state : 1
log : 29447 / 2017-02-11
YA20161116113212 - 2017-02-02 00:32:17
state : 1
log : 22427 / 2017-02-04
YA20151207130233 - 2017-02-02 00:35:59
state : 1
log : 29446 / 2017-02-11
YA20161116113212 - 2017-02-02 00:38:56
state : 1
log : 15263 / 2017-02-14
YA20151207130233 - 2017-02-02 00:39:37
state : 1
log : 33982 / 2017-2-4
YA20161116113212 - 2017-02-02 00:42:17
state : 1
log : 19802 / 2017-02-12
YA20151207130233 - 2017-02-02 01:09:29
state : 1
log : 9726 / 2017-02-05
YA20151207130233 - 2017-02-02 01:12:07
state : 1
log : 34061 / 2017-02-14
YA20161116113212 - 2017-02-02 01:48:36
state : 1
log : 38969 / 2017-02-04
YA20151207130233 - 2017-02-02 01:55:46
state : 1
log : 35132 / 2017-2-13
YA20151207130233 - 2017-02-02 01:55:47
state : 1
log : 35132 / 2017-2-14
YA20151207130233 - 2017-02-02 01:55:49
state : 1
log : 35132 / 2017-2-13
YA20151207130233 - 2017-02-02 01:55:50
state : 1
log : 35132 / 2017-2-14
YA20161116113212 - 2017-02-02 03:02:36
state : 1
log : 27385 / 2017-02-02
YA20151207130233 - 2017-02-02 03:24:20
state : 1
log : 23314 / 2017-02-06
YA20151207130233 - 2017-02-02 03:24:21
state : 1
log : 23314 / 2017-02-07
YA20151207130233 - 2017-02-02 04:16:17
state : 1
log : 21816 / 2017-02-06
YA20161116113212 - 2017-02-02 05:38:03
state : 1
log : 26838 / 2017-02-10
2017-02-02 07:31:03
key : YA20151207130233
state : 1
log : 9728 / 2017-02-10
YA20151207130233 - 2017-02-02 07:39:31
state : 1
log : 24719 / 2017-2-2
YA20151207130233 - 2017-02-02 07:39:33
state : 1
log : 24710 / 2017-2-2
YA20151207130233 - 2017-02-02 07:39:34
state : 1
log : 24711 / 2017-2-2
YA20151207130233 - 2017-02-02 07:40:04
state : 1
log : 24714 / 2017-2-7
YA20151207130233 - 2017-02-02 07:42:57
state : 1
log : 10541 / 2017-2-2
YA20161116113212 - 2017-02-02 07:59:20
state : 1
log : 10541 / 2017-02-18
YA20151207130233 - 2017-02-02 08:00:13
state : 1
log : 34060 / 2017-2-5
YA20161116113212 - 2017-02-02 08:00:29
state : 1
log : 40414 / 2017-02-17
YA20151207130233 - 2017-02-02 08:10:48
state : 1
log : 23583 / 2017-2-4
YA20151207130233 - 2017-02-02 08:21:42
state : 1
log : 21814 / 2017-2-3
YA20151207130233 - 2017-02-02 08:25:45
state : 1
log : 12540 / 2017-2-4
2017-02-02 08:55:14
key : YA20151207130233
state : 1
log : 23584 / 2017-2-4
YA20161116113212 - 2017-02-02 09:00:00
state : 1
log : 38580 / 2017-03-11
YA20151207130233 - 2017-02-02 09:04:02
state : 2
log : 5247 : 이미 막힌 객실 선택
YA20151207130233 - 2017-02-02 09:05:14
state : 1
log : 14494 / 2017-02-04
YA20161116113212 - 2017-02-02 09:43:09
state : 1
log : 8586 / 2017-02-19
8586 / 2017-02-20
YA20161116113212 - 2017-02-02 09:49:52
state : 1
log : 10248 / 2017-02-05
YA20151207130233 - 2017-02-02 09:58:03
state : 1
log : 3701 / 2017-2-2
YA20151207130233 - 2017-02-02 10:08:36
state : 2
log : 4361 : 이미 막힌 객실 선택
YA20151207130233 - 2017-02-02 10:08:41
state : 2
log : 4361 : 이미 막힌 객실 선택
YA20151207130233 - 2017-02-02 10:09:39
state : 2
log : 4361 : 이미 막힌 객실 선택
YA20151207130233 - 2017-02-02 10:09:40
state : 2
log : 4361 : 이미 막힌 객실 선택
YA20151207130233 - 2017-02-02 10:24:14
state : 1
log : 24779 / 2017-02-04
YA20151207130233 - 2017-02-02 10:29:21
state : 1
log : 23579 / 2017-2-4
YA20161116113212 - 2017-02-02 10:30:43
state : 1
log : 36870 / 2017-02-05
YA20151207130233 - 2017-02-02 10:31:48
state : 1
log : 21579 / 2017-02-08
2017-02-02 10:32:10
key : YA20151207130233
state : 1
log : 21834 / 2017-02-02
2017-02-02 10:32:11
key : YA20151207130233
state : 1
log : 21834 / 2017-02-03
YA20151207130233 - 2017-02-02 10:33:42
state : 1
log : 21579 / 2017-2-8
YA20151207130233 - 2017-02-02 10:37:01
state : 3
log :  : 등록된 객실 없습니다
YA20151207130233 - 2017-02-02 10:37:02
state : 3
log :  : 등록된 객실 없습니다
YA20151207130233 - 2017-02-02 10:37:12
state : 1
log : 17752 / 2017-2-4
2017-02-02 10:37:27
key : YA20151207130233
state : 1
log : 17752 / 2017-2-4
2017-02-02 10:38:57
key : YA20151207130233
state : 1
log : 21834 / 2017-02-02
2017-02-02 10:38:58
key : YA20151207130233
state : 1
log : 21834 / 2017-02-03
YA20151207130233 - 2017-02-02 10:39:38
state : 1
log : 23579 / 2017-02-03
YA20151207130233 - 2017-02-02 10:47:48
state : 1
log : 46334 / 2017-2-10
YA20151207130233 - 2017-02-02 10:49:18
state : 1
log : 21834 / 2017-02-02
YA20151207130233 - 2017-02-02 10:49:19
state : 1
log : 21834 / 2017-02-03
YA20151207130233 - 2017-02-02 10:49:37
state : 1
log : 24716 / 2017-2-4
YA20151207130233 - 2017-02-02 10:57:38
state : 1
log : 23322 / 2017-2-2
YA20151207130233 - 2017-02-02 10:58:33
state : 1
log : 21834 / 2017-02-02
YA20151207130233 - 2017-02-02 10:58:34
state : 1
log : 21834 / 2017-02-03
YA20151207130233 - 2017-02-02 10:59:53
state : 2
log : 6614 : 이미 막힌 객실 선택
YA20151207130233 - 2017-02-02 10:59:55
state : 1
log : 48307 / 2017-2-3
YA20151207130233 - 2017-02-02 10:59:56
state : 1
log : 48310 / 2017-2-3
YA20151207130233 - 2017-02-02 11:00:32
state : 1
log : 48303 / 2017-2-4
YA20151207130233 - 2017-02-02 11:00:33
state : 1
log : 48304 / 2017-2-4
YA20151207130233 - 2017-02-02 11:00:35
state : 1
log : 48311 / 2017-2-4
YA20151207130233 - 2017-02-02 11:00:50
state : 1
log : 21579 / 2017-2-2
YA20151207130233 - 2017-02-02 11:01:13
state : 1
log : 22275 / 2017-02-11
YA20151207130233 - 2017-02-02 11:01:26
state : 1
log : 48306 / 2017-2-11
YA20151207130233 - 2017-02-02 11:01:28
state : 1
log : 48307 / 2017-2-11
YA20151207130233 - 2017-02-02 11:01:30
state : 1
log : 48308 / 2017-2-11
YA20151207130233 - 2017-02-02 11:01:31
state : 1
log : 48306 / 2017-2-11
YA20151207130233 - 2017-02-02 11:01:33
state : 1
log : 48307 / 2017-2-11
YA20151207130233 - 2017-02-02 11:01:34
state : 1
log : 48308 / 2017-2-11
YA20151207130233 - 2017-02-02 11:02:02
state : 1
log : 48301 / 2017-2-10
YA20151207130233 - 2017-02-02 11:02:04
state : 1
log : 48309 / 2017-2-10
YA20151207130233 - 2017-02-02 11:05:43
state : 1
log : 21577 / 2017-02-05
YA20151207130233 - 2017-02-02 11:05:44
state : 1
log : 21581 / 2017-02-05
YA20151207130233 - 2017-02-02 11:05:46
state : 1
log : 21576 / 2017-02-05
YA20151207130233 - 2017-02-02 11:07:20
state : 1
log : 21577 / 2017-2-5
YA20151207130233 - 2017-02-02 11:07:23
state : 1
log : 21581 / 2017-2-5
YA20151207130233 - 2017-02-02 11:07:25
state : 1
log : 21576 / 2017-2-5
YA20151207130233 - 2017-02-02 11:09:07
state : 1
log : 23521 / 2017-2-18
YA20151207130233 - 2017-02-02 11:09:08
state : 3
log : 5332 : 등록된 객실 없습니다
YA20151207130233 - 2017-02-02 11:13:51
state : 1
log : 24435 / 2017-02-18
YA20151207130233 - 2017-02-02 11:15:37
state : 1
log : 35127 / 2017-02-04
YA20161116113212 - 2017-02-02 11:18:52
state : 1
log : 43746 / 2017-02-04
YA20151207130233 - 2017-02-02 11:28:40
state : 1
log : 23582 / 2017-2-9
YA20151207130233 - 2017-02-02 11:31:40
state : 1
log : 24775 / 2017-02-04
YA20151207130233 - 2017-02-02 11:36:05
state : 1
log : 23582 / 2017-2-10
YA20151207130233 - 2017-02-02 11:37:21
state : 1
log : 20707 / 2017-2-9
YA20161116113212 - 2017-02-02 11:41:18
state : 1
log : 41124 / 2017-02-10
2017-02-02 11:41:54
key : YA20151207130233
state : 1
log : 24842 / 2017-03-18
YA20151207130233 - 2017-02-02 11:43:40
state : 1
log : 21579 / 2017-02-14
YA20151207130233 - 2017-02-02 11:43:51
state : 1
log : 43773 / 2017-02-11
YA20151207130233 - 2017-02-02 11:45:01
state : 1
log : 21816 / 2017-2-5
YA20151207130233 - 2017-02-02 11:49:27
state : 1
log : 21579 / 2017-2-14
YA20151207130233 - 2017-02-02 11:49:42
state : 1
log : 22870 / 2017-02-02
YA20151207130233 - 2017-02-02 11:51:04
state : 1
log : 9728 / 2017-2-18
YA20151207130233 - 2017-02-02 11:51:40
state : 2
log : 4861 : 이미 막힌 객실 선택
YA20161116113212 - 2017-02-02 11:54:24
state : 1
log : 30862 / 2017-02-04
YA20161116113212 - 2017-02-02 11:57:31
state : 1
log : 16513 / 2017-02-11
YA20151207130233 - 2017-02-02 12:03:35
state : 1
log : 25067 / 2017-02-11
YA20151207130233 - 2017-02-02 12:12:50
state : 1
log : 9725 / 2017-02-12
YA20151207130233 - 2017-02-02 12:15:32
state : 1
log : 23580 / 2017-2-5
YA20151207130233 - 2017-02-02 12:15:45
state : 1
log : 23580 / 2017-2-8
YA20151207130233 - 2017-02-02 12:17:51
state : 1
log : 23581 / 2017-2-11
YA20161116113212 - 2017-02-02 12:19:45
state : 1
log : 36635 / 2017-02-12
36635 / 2017-02-13
YA20151207130233 - 2017-02-02 12:21:11
state : 3
log : 6300 : 등록된 객실 없습니다
YA20151207130233 - 2017-02-02 12:21:35
state : 1
log : 21578 / 2017-02-02
YA20161116113212 - 2017-02-02 12:24:48
state : 1
log : 31033 / 2017-02-21
YA20151207130233 - 2017-02-02 12:24:52
state : 3
log : 6300 : 등록된 객실 없습니다
YA20151207130233 - 2017-02-02 12:25:24
state : 1
log : 21578 / 2017-2-2
YA20161116113212 - 2017-02-02 12:27:52
state : 1
log : 9503 / 2017-02-04
YA20151207130233 - 2017-02-02 12:30:44
state : 1
log : 9724 / 2017-2-3
YA20151207130233 - 2017-02-02 12:33:14
state : 1
log : 21813 / 2017-2-2
YA20151207130233 - 2017-02-02 12:33:43
state : 1
log : 21813 / 2017-2-2
YA20151207130233 - 2017-02-02 12:34:23
state : 1
log : 35165 / 2017-2-4
YA20151207130233 - 2017-02-02 12:34:24
state : 1
log : 35165 / 2017-2-5
YA20151207130233 - 2017-02-02 12:34:26
state : 1
log : 35165 / 2017-2-6
YA20151207130233 - 2017-02-02 12:34:27
state : 1
log : 35165 / 2017-2-7
YA20151207130233 - 2017-02-02 12:34:28
state : 1
log : 35165 / 2017-2-8
YA20151207130233 - 2017-02-02 12:34:30
state : 1
log : 35165 / 2017-2-9
YA20151207130233 - 2017-02-02 12:34:31
state : 1
log : 29443 / 2017-2-4
YA20151207130233 - 2017-02-02 12:34:32
state : 1
log : 35165 / 2017-2-10
YA20151207130233 - 2017-02-02 12:34:33
state : 1
log : 35165 / 2017-2-11
YA20151207130233 - 2017-02-02 12:34:34
state : 1
log : 35165 / 2017-2-12
YA20151207130233 - 2017-02-02 12:34:36
state : 1
log : 35165 / 2017-2-13
YA20151207130233 - 2017-02-02 12:34:37
state : 1
log : 35165 / 2017-2-14
YA20151207130233 - 2017-02-02 12:34:38
state : 1
log : 35165 / 2017-2-15
YA20151207130233 - 2017-02-02 12:34:40
state : 1
log : 35165 / 2017-2-16
YA20151207130233 - 2017-02-02 12:34:42
state : 1
log : 35165 / 2017-2-17
YA20151207130233 - 2017-02-02 12:34:43
state : 1
log : 35165 / 2017-2-18
YA20151207130233 - 2017-02-02 12:34:44
state : 1
log : 35165 / 2017-2-19
YA20151207130233 - 2017-02-02 12:34:47
state : 1
log : 35165 / 2017-2-20
YA20151207130233 - 2017-02-02 12:34:48
state : 1
log : 35165 / 2017-2-21
YA20151207130233 - 2017-02-02 12:34:49
state : 1
log : 35165 / 2017-2-22
YA20151207130233 - 2017-02-02 12:34:51
state : 1
log : 35165 / 2017-2-23
YA20151207130233 - 2017-02-02 12:34:53
state : 1
log : 35165 / 2017-2-24
YA20151207130233 - 2017-02-02 12:34:55
state : 1
log : 35165 / 2017-2-25
YA20151207130233 - 2017-02-02 12:34:56
state : 1
log : 35165 / 2017-2-4
YA20151207130233 - 2017-02-02 12:34:58
state : 1
log : 35165 / 2017-2-5
YA20151207130233 - 2017-02-02 12:34:59
state : 1
log : 35165 / 2017-2-6
YA20151207130233 - 2017-02-02 12:35:01
state : 1
log : 35165 / 2017-2-7
YA20151207130233 - 2017-02-02 12:35:02
state : 1
log : 35165 / 2017-2-8
YA20151207130233 - 2017-02-02 12:35:03
state : 1
log : 35165 / 2017-2-9
YA20151207130233 - 2017-02-02 12:35:05
state : 1
log : 35165 / 2017-2-10
YA20151207130233 - 2017-02-02 12:35:05
state : 1
log : 21822 / 2017-2-2
YA20151207130233 - 2017-02-02 12:35:07
state : 1
log : 35165 / 2017-2-11
YA20151207130233 - 2017-02-02 12:35:08
state : 1
log : 35165 / 2017-2-12
YA20151207130233 - 2017-02-02 12:35:09
state : 1
log : 35165 / 2017-2-13
YA20151207130233 - 2017-02-02 12:35:11
state : 1
log : 35165 / 2017-2-14
YA20151207130233 - 2017-02-02 12:35:12
state : 1
log : 35165 / 2017-2-15
YA20151207130233 - 2017-02-02 12:35:13
state : 1
log : 35165 / 2017-2-16
YA20151207130233 - 2017-02-02 12:35:14
state : 1
log : 35165 / 2017-2-17
YA20151207130233 - 2017-02-02 12:35:15
state : 1
log : 35165 / 2017-2-18
YA20151207130233 - 2017-02-02 12:35:17
state : 1
log : 35165 / 2017-2-19
YA20151207130233 - 2017-02-02 12:35:18
state : 1
log : 35165 / 2017-2-20
YA20151207130233 - 2017-02-02 12:35:19
state : 1
log : 35165 / 2017-2-21
YA20151207130233 - 2017-02-02 12:35:21
state : 1
log : 35165 / 2017-2-22
YA20151207130233 - 2017-02-02 12:35:22
state : 1
log : 35165 / 2017-2-23
YA20151207130233 - 2017-02-02 12:35:24
state : 1
log : 35165 / 2017-2-24
YA20151207130233 - 2017-02-02 12:35:26
state : 1
log : 35165 / 2017-2-25
YA20151207130233 - 2017-02-02 12:35:28
state : 1
log : 35165 / 2017-2-4
YA20151207130233 - 2017-02-02 12:35:29
state : 1
log : 35165 / 2017-2-5
YA20151207130233 - 2017-02-02 12:35:30
state : 1
log : 35165 / 2017-2-6
YA20151207130233 - 2017-02-02 12:35:32
state : 1
log : 35165 / 2017-2-7
YA20151207130233 - 2017-02-02 12:35:33
state : 1
log : 35165 / 2017-2-8
YA20151207130233 - 2017-02-02 12:35:34
state : 1
log : 35165 / 2017-2-9
YA20151207130233 - 2017-02-02 12:35:35
state : 1
log : 35165 / 2017-2-10
YA20151207130233 - 2017-02-02 12:35:36
state : 1
log : 35165 / 2017-2-11
YA20151207130233 - 2017-02-02 12:35:38
state : 1
log : 35165 / 2017-2-12
YA20151207130233 - 2017-02-02 12:35:40
state : 1
log : 35165 / 2017-2-13
YA20151207130233 - 2017-02-02 12:35:42
state : 1
log : 35165 / 2017-2-14
YA20151207130233 - 2017-02-02 12:35:44
state : 1
log : 35165 / 2017-2-15
YA20151207130233 - 2017-02-02 12:35:45
state : 1
log : 35165 / 2017-2-16
YA20151207130233 - 2017-02-02 12:35:47
state : 1
log : 35165 / 2017-2-17
YA20151207130233 - 2017-02-02 12:35:48
state : 1
log : 35165 / 2017-2-18
YA20151207130233 - 2017-02-02 12:35:49
state : 1
log : 35165 / 2017-2-19
YA20151207130233 - 2017-02-02 12:35:51
state : 1
log : 35165 / 2017-2-20
YA20151207130233 - 2017-02-02 12:35:52
state : 1
log : 35165 / 2017-2-21
YA20151207130233 - 2017-02-02 12:35:53
state : 1
log : 35165 / 2017-2-22
YA20151207130233 - 2017-02-02 12:35:55
state : 1
log : 35165 / 2017-2-23
YA20151207130233 - 2017-02-02 12:35:56
state : 1
log : 35165 / 2017-2-24
YA20151207130233 - 2017-02-02 12:35:57
state : 1
log : 35165 / 2017-2-25
YA20151207130233 - 2017-02-02 12:35:58
state : 1
log : 35165 / 2017-2-4
YA20151207130233 - 2017-02-02 12:35:59
state : 1
log : 35165 / 2017-2-5
YA20151207130233 - 2017-02-02 12:36:01
state : 1
log : 35165 / 2017-2-6
YA20151207130233 - 2017-02-02 12:36:02
state : 1
log : 35165 / 2017-2-7
YA20151207130233 - 2017-02-02 12:36:03
state : 1
log : 35165 / 2017-2-8
YA20151207130233 - 2017-02-02 12:36:05
state : 1
log : 35165 / 2017-2-9
YA20151207130233 - 2017-02-02 12:36:06
state : 1
log : 35165 / 2017-2-10
YA20151207130233 - 2017-02-02 12:36:07
state : 1
log : 35165 / 2017-2-11
YA20151207130233 - 2017-02-02 12:36:08
state : 1
log : 35165 / 2017-2-12
YA20151207130233 - 2017-02-02 12:36:10
state : 1
log : 35165 / 2017-2-13
YA20151207130233 - 2017-02-02 12:36:11
state : 1
log : 35165 / 2017-2-14
YA20151207130233 - 2017-02-02 12:36:13
state : 1
log : 35165 / 2017-2-15
YA20151207130233 - 2017-02-02 12:36:15
state : 1
log : 35165 / 2017-2-16
YA20151207130233 - 2017-02-02 12:36:16
state : 1
log : 35165 / 2017-2-17
YA20151207130233 - 2017-02-02 12:36:17
state : 1
log : 35165 / 2017-2-18
YA20151207130233 - 2017-02-02 12:36:19
state : 1
log : 35165 / 2017-2-19
YA20151207130233 - 2017-02-02 12:36:23
state : 1
log : 35165 / 2017-2-20
YA20151207130233 - 2017-02-02 12:36:23
state : 1
log : 20713 / 2017-02-04
YA20151207130233 - 2017-02-02 12:36:25
state : 1
log : 35165 / 2017-2-21
YA20151207130233 - 2017-02-02 12:36:26
state : 1
log : 35165 / 2017-2-22
YA20151207130233 - 2017-02-02 12:36:28
state : 1
log : 35165 / 2017-2-23
YA20151207130233 - 2017-02-02 12:36:30
state : 1
log : 35165 / 2017-2-24
YA20151207130233 - 2017-02-02 12:36:31
state : 1
log : 35165 / 2017-2-25
YA20151207130233 - 2017-02-02 12:36:33
state : 1
log : 35165 / 2017-2-4
YA20151207130233 - 2017-02-02 12:36:34
state : 1
log : 35165 / 2017-2-5
YA20151207130233 - 2017-02-02 12:36:35
state : 1
log : 35165 / 2017-2-6
YA20151207130233 - 2017-02-02 12:36:36
state : 1
log : 35165 / 2017-2-7
YA20151207130233 - 2017-02-02 12:36:38
state : 1
log : 35165 / 2017-2-8
YA20151207130233 - 2017-02-02 12:36:39
state : 1
log : 35165 / 2017-2-9
YA20151207130233 - 2017-02-02 12:36:40
state : 1
log : 35165 / 2017-2-10
YA20151207130233 - 2017-02-02 12:36:41
state : 1
log : 35165 / 2017-2-11
YA20151207130233 - 2017-02-02 12:36:42
state : 1
log : 35165 / 2017-2-12
YA20151207130233 - 2017-02-02 12:36:45
state : 1
log : 35165 / 2017-2-13
YA20151207130233 - 2017-02-02 12:36:46
state : 1
log : 35165 / 2017-2-14
YA20151207130233 - 2017-02-02 12:36:48
state : 1
log : 35165 / 2017-2-15
YA20151207130233 - 2017-02-02 12:36:49
state : 1
log : 35165 / 2017-2-16
YA20151207130233 - 2017-02-02 12:36:51
state : 1
log : 35165 / 2017-2-17
YA20151207130233 - 2017-02-02 12:36:52
state : 1
log : 35165 / 2017-2-18
YA20151207130233 - 2017-02-02 12:36:53
state : 1
log : 35165 / 2017-2-19
YA20151207130233 - 2017-02-02 12:36:54
state : 1
log : 35165 / 2017-2-20
YA20151207130233 - 2017-02-02 12:36:56
state : 1
log : 35165 / 2017-2-21
YA20151207130233 - 2017-02-02 12:36:57
state : 1
log : 35165 / 2017-2-22
YA20151207130233 - 2017-02-02 12:36:59
state : 1
log : 35165 / 2017-2-23
YA20151207130233 - 2017-02-02 12:37:01
state : 1
log : 35165 / 2017-2-24
YA20151207130233 - 2017-02-02 12:37:03
state : 1
log : 35165 / 2017-2-25
YA20151207130233 - 2017-02-02 12:37:05
state : 1
log : 35165 / 2017-2-4
YA20151207130233 - 2017-02-02 12:37:07
state : 1
log : 35165 / 2017-2-5
YA20151207130233 - 2017-02-02 12:37:09
state : 1
log : 35165 / 2017-2-6
YA20151207130233 - 2017-02-02 12:37:10
state : 1
log : 35165 / 2017-2-7
YA20151207130233 - 2017-02-02 12:37:13
state : 1
log : 35165 / 2017-2-8
YA20151207130233 - 2017-02-02 12:37:14
state : 1
log : 35165 / 2017-2-9
YA20151207130233 - 2017-02-02 12:37:15
state : 1
log : 35165 / 2017-2-10
YA20151207130233 - 2017-02-02 12:37:16
state : 1
log : 35165 / 2017-2-11
YA20151207130233 - 2017-02-02 12:37:18
state : 1
log : 35165 / 2017-2-12
YA20151207130233 - 2017-02-02 12:37:19
state : 1
log : 35165 / 2017-2-13
YA20151207130233 - 2017-02-02 12:37:20
state : 1
log : 35165 / 2017-2-14
YA20151207130233 - 2017-02-02 12:37:22
state : 1
log : 35165 / 2017-2-15
YA20151207130233 - 2017-02-02 12:37:23
state : 1
log : 35165 / 2017-2-16
YA20151207130233 - 2017-02-02 12:37:24
state : 1
log : 35165 / 2017-2-17
YA20151207130233 - 2017-02-02 12:37:25
state : 1
log : 35165 / 2017-2-18
YA20151207130233 - 2017-02-02 12:37:26
state : 1
log : 35165 / 2017-2-19
YA20151207130233 - 2017-02-02 12:37:29
state : 1
log : 35165 / 2017-2-20
YA20151207130233 - 2017-02-02 12:37:30
state : 1
log : 35165 / 2017-2-21
YA20151207130233 - 2017-02-02 12:37:31
state : 1
log : 35165 / 2017-2-22
YA20151207130233 - 2017-02-02 12:37:32
state : 1
log : 35165 / 2017-2-23
YA20151207130233 - 2017-02-02 12:37:34
state : 1
log : 35165 / 2017-2-24
YA20151207130233 - 2017-02-02 12:37:35
state : 1
log : 35165 / 2017-2-25
YA20151207130233 - 2017-02-02 12:37:36
state : 1
log : 35165 / 2017-2-4
YA20151207130233 - 2017-02-02 12:37:37
state : 1
log : 35165 / 2017-2-5
YA20151207130233 - 2017-02-02 12:37:39
state : 1
log : 35165 / 2017-2-6
YA20151207130233 - 2017-02-02 12:37:41
state : 1
log : 35165 / 2017-2-7
YA20151207130233 - 2017-02-02 12:37:42
state : 1
log : 35165 / 2017-2-8
YA20151207130233 - 2017-02-02 12:37:43
state : 1
log : 35165 / 2017-2-9
YA20151207130233 - 2017-02-02 12:37:45
state : 1
log : 35165 / 2017-2-10
YA20151207130233 - 2017-02-02 12:37:47
state : 1
log : 35165 / 2017-2-11
YA20151207130233 - 2017-02-02 12:37:48
state : 1
log : 35165 / 2017-2-12
YA20151207130233 - 2017-02-02 12:37:49
state : 1
log : 35165 / 2017-2-13
YA20151207130233 - 2017-02-02 12:37:51
state : 1
log : 35165 / 2017-2-14
YA20151207130233 - 2017-02-02 12:37:53
state : 1
log : 35165 / 2017-2-15
YA20151207130233 - 2017-02-02 12:37:54
state : 1
log : 35165 / 2017-2-16
YA20151207130233 - 2017-02-02 12:37:55
state : 1
log : 35165 / 2017-2-17
YA20151207130233 - 2017-02-02 12:37:56
state : 1
log : 35165 / 2017-2-18
YA20151207130233 - 2017-02-02 12:37:58
state : 1
log : 35165 / 2017-2-19
YA20151207130233 - 2017-02-02 12:38:00
state : 1
log : 35165 / 2017-2-20
YA20151207130233 - 2017-02-02 12:38:01
state : 1
log : 35165 / 2017-2-21
YA20151207130233 - 2017-02-02 12:38:02
state : 1
log : 35165 / 2017-2-22
YA20151207130233 - 2017-02-02 12:38:04
state : 1
log : 35165 / 2017-2-23
YA20151207130233 - 2017-02-02 12:38:05
state : 1
log : 35165 / 2017-2-24
YA20151207130233 - 2017-02-02 12:38:06
state : 1
log : 35165 / 2017-2-25
YA20151207130233 - 2017-02-02 12:38:07
state : 1
log : 35165 / 2017-2-4
YA20151207130233 - 2017-02-02 12:38:09
state : 1
log : 35165 / 2017-2-5
YA20151207130233 - 2017-02-02 12:38:10
state : 1
log : 35165 / 2017-2-6
YA20151207130233 - 2017-02-02 12:38:12
state : 1
log : 35165 / 2017-2-7
YA20151207130233 - 2017-02-02 12:38:14
state : 1
log : 35165 / 2017-2-8
YA20151207130233 - 2017-02-02 12:38:15
state : 1
log : 35165 / 2017-2-9
YA20151207130233 - 2017-02-02 12:38:16
state : 1
log : 35165 / 2017-2-10
YA20151207130233 - 2017-02-02 12:38:18
state : 1
log : 35165 / 2017-2-11
YA20151207130233 - 2017-02-02 12:38:19
state : 1
log : 35165 / 2017-2-12
YA20151207130233 - 2017-02-02 12:38:20
state : 1
log : 35165 / 2017-2-13
YA20151207130233 - 2017-02-02 12:38:21
state : 1
log : 35165 / 2017-2-14
YA20151207130233 - 2017-02-02 12:38:24
state : 1
log : 35165 / 2017-2-15
YA20151207130233 - 2017-02-02 12:38:25
state : 1
log : 35165 / 2017-2-16
YA20151207130233 - 2017-02-02 12:38:26
state : 1
log : 35165 / 2017-2-17
YA20151207130233 - 2017-02-02 12:38:28
state : 1
log : 35165 / 2017-2-18
YA20151207130233 - 2017-02-02 12:38:29
state : 1
log : 35165 / 2017-2-19
YA20151207130233 - 2017-02-02 12:38:31
state : 1
log : 35165 / 2017-2-20
YA20151207130233 - 2017-02-02 12:38:32
state : 1
log : 35165 / 2017-2-21
YA20151207130233 - 2017-02-02 12:38:33
state : 1
log : 35165 / 2017-2-22
YA20151207130233 - 2017-02-02 12:38:35
state : 1
log : 35165 / 2017-2-23
YA20151207130233 - 2017-02-02 12:38:36
state : 1
log : 35165 / 2017-2-24
YA20151207130233 - 2017-02-02 12:38:37
state : 1
log : 35165 / 2017-2-25
YA20151207130233 - 2017-02-02 12:38:38
state : 1
log : 35165 / 2017-2-4
YA20151207130233 - 2017-02-02 12:38:40
state : 1
log : 35165 / 2017-2-5
YA20151207130233 - 2017-02-02 12:38:41
state : 1
log : 35165 / 2017-2-6
YA20151207130233 - 2017-02-02 12:38:42
state : 1
log : 35165 / 2017-2-7
YA20151207130233 - 2017-02-02 12:38:43
state : 1
log : 35165 / 2017-2-8
YA20151207130233 - 2017-02-02 12:38:45
state : 1
log : 35165 / 2017-2-9
YA20151207130233 - 2017-02-02 12:38:46
state : 1
log : 35165 / 2017-2-10
YA20151207130233 - 2017-02-02 12:38:48
state : 1
log : 35165 / 2017-2-11
YA20151207130233 - 2017-02-02 12:38:49
state : 1
log : 35165 / 2017-2-12
YA20151207130233 - 2017-02-02 12:38:50
state : 1
log : 35165 / 2017-2-13
YA20151207130233 - 2017-02-02 12:38:52
state : 1
log : 35165 / 2017-2-14
YA20151207130233 - 2017-02-02 12:38:54
state : 1
log : 35165 / 2017-2-15
YA20151207130233 - 2017-02-02 12:38:55
state : 1
log : 35165 / 2017-2-16
YA20151207130233 - 2017-02-02 12:38:56
state : 1
log : 35165 / 2017-2-17
YA20151207130233 - 2017-02-02 12:38:57
state : 1
log : 35165 / 2017-2-18
YA20151207130233 - 2017-02-02 12:38:59
state : 1
log : 35165 / 2017-2-19
YA20151207130233 - 2017-02-02 12:39:01
state : 1
log : 35165 / 2017-2-20
YA20151207130233 - 2017-02-02 12:39:02
state : 1
log : 35165 / 2017-2-21
YA20151207130233 - 2017-02-02 12:39:04
state : 1
log : 35165 / 2017-2-22
YA20151207130233 - 2017-02-02 12:39:05
state : 1
log : 35165 / 2017-2-23
YA20151207130233 - 2017-02-02 12:39:06
state : 1
log : 35165 / 2017-2-24
YA20151207130233 - 2017-02-02 12:39:07
state : 1
log : 35165 / 2017-2-25
YA20151207130233 - 2017-02-02 12:39:09
state : 1
log : 35161 / 2017-2-11
YA20151207130233 - 2017-02-02 12:39:11
state : 1
log : 35162 / 2017-2-11
YA20151207130233 - 2017-02-02 12:39:13
state : 1
log : 35165 / 2017-2-4
YA20151207130233 - 2017-02-02 12:39:15
state : 1
log : 35165 / 2017-2-5
YA20151207130233 - 2017-02-02 12:39:16
state : 1
log : 35165 / 2017-2-6
YA20151207130233 - 2017-02-02 12:39:17
state : 1
log : 35165 / 2017-2-7
YA20151207130233 - 2017-02-02 12:39:19
state : 1
log : 35165 / 2017-2-8
YA20151207130233 - 2017-02-02 12:39:20
state : 1
log : 35165 / 2017-2-9
YA20151207130233 - 2017-02-02 12:39:21
state : 1
log : 35165 / 2017-2-10
YA20151207130233 - 2017-02-02 12:39:23
state : 1
log : 35165 / 2017-2-11
YA20151207130233 - 2017-02-02 12:39:24
state : 1
log : 35165 / 2017-2-12
YA20151207130233 - 2017-02-02 12:39:25
state : 1
log : 35165 / 2017-2-13
YA20151207130233 - 2017-02-02 12:39:27
state : 1
log : 35165 / 2017-2-14
YA20151207130233 - 2017-02-02 12:39:28
state : 1
log : 35165 / 2017-2-15
YA20151207130233 - 2017-02-02 12:39:29
state : 1
log : 35165 / 2017-2-16
YA20151207130233 - 2017-02-02 12:39:30
state : 1
log : 35165 / 2017-2-17
YA20151207130233 - 2017-02-02 12:39:31
state : 1
log : 35165 / 2017-2-18
YA20151207130233 - 2017-02-02 12:39:33
state : 1
log : 35165 / 2017-2-19
YA20151207130233 - 2017-02-02 12:39:34
state : 1
log : 35165 / 2017-2-20
YA20151207130233 - 2017-02-02 12:39:35
state : 1
log : 35165 / 2017-2-21
YA20151207130233 - 2017-02-02 12:39:37
state : 1
log : 35165 / 2017-2-22
YA20151207130233 - 2017-02-02 12:39:38
state : 1
log : 35165 / 2017-2-23
YA20151207130233 - 2017-02-02 12:39:39
state : 1
log : 35165 / 2017-2-24
YA20151207130233 - 2017-02-02 12:39:40
state : 1
log : 35165 / 2017-2-25
YA20151207130233 - 2017-02-02 12:39:42
state : 1
log : 35165 / 2017-2-4
YA20151207130233 - 2017-02-02 12:39:43
state : 1
log : 35165 / 2017-2-5
YA20151207130233 - 2017-02-02 12:39:44
state : 1
log : 35165 / 2017-2-6
YA20151207130233 - 2017-02-02 12:39:45
state : 1
log : 35165 / 2017-2-7
YA20151207130233 - 2017-02-02 12:39:47
state : 1
log : 35165 / 2017-2-8
YA20151207130233 - 2017-02-02 12:39:48
state : 1
log : 35165 / 2017-2-9
YA20151207130233 - 2017-02-02 12:39:49
state : 1
log : 35165 / 2017-2-10
YA20151207130233 - 2017-02-02 12:39:50
state : 1
log : 35165 / 2017-2-11
YA20151207130233 - 2017-02-02 12:39:51
state : 1
log : 35165 / 2017-2-12
YA20151207130233 - 2017-02-02 12:39:53
state : 1
log : 35165 / 2017-2-13
YA20151207130233 - 2017-02-02 12:39:54
state : 1
log : 35165 / 2017-2-14
YA20151207130233 - 2017-02-02 12:39:55
state : 1
log : 35165 / 2017-2-15
YA20151207130233 - 2017-02-02 12:39:56
state : 1
log : 35165 / 2017-2-16
YA20151207130233 - 2017-02-02 12:39:58
state : 1
log : 35165 / 2017-2-17
YA20151207130233 - 2017-02-02 12:39:59
state : 1
log : 35165 / 2017-2-18
YA20151207130233 - 2017-02-02 12:40:01
state : 1
log : 35165 / 2017-2-19
YA20151207130233 - 2017-02-02 12:40:02
state : 1
log : 35165 / 2017-2-20
YA20151207130233 - 2017-02-02 12:40:03
state : 1
log : 35165 / 2017-2-21
YA20151207130233 - 2017-02-02 12:40:04
state : 1
log : 35165 / 2017-2-22
YA20151207130233 - 2017-02-02 12:40:06
state : 1
log : 35165 / 2017-2-23
YA20151207130233 - 2017-02-02 12:40:07
state : 1
log : 35165 / 2017-2-24
YA20151207130233 - 2017-02-02 12:40:08
state : 1
log : 35165 / 2017-2-25
YA20151207130233 - 2017-02-02 12:40:10
state : 1
log : 35165 / 2017-2-4
YA20151207130233 - 2017-02-02 12:40:11
state : 1
log : 35165 / 2017-2-5
YA20151207130233 - 2017-02-02 12:40:12
state : 1
log : 35165 / 2017-2-6
YA20151207130233 - 2017-02-02 12:40:13
state : 1
log : 35165 / 2017-2-7
YA20151207130233 - 2017-02-02 12:40:15
state : 1
log : 35165 / 2017-2-8
YA20151207130233 - 2017-02-02 12:40:16
state : 1
log : 35165 / 2017-2-9
YA20151207130233 - 2017-02-02 12:40:17
state : 1
log : 35165 / 2017-2-10
YA20151207130233 - 2017-02-02 12:40:20
state : 1
log : 35165 / 2017-2-11
YA20151207130233 - 2017-02-02 12:40:21
state : 1
log : 35165 / 2017-2-12
YA20151207130233 - 2017-02-02 12:40:22
state : 1
log : 35165 / 2017-2-13
YA20151207130233 - 2017-02-02 12:40:23
state : 1
log : 35165 / 2017-2-14
YA20151207130233 - 2017-02-02 12:40:25
state : 1
log : 35165 / 2017-2-15
YA20151207130233 - 2017-02-02 12:40:26
state : 1
log : 35165 / 2017-2-16
YA20151207130233 - 2017-02-02 12:40:27
state : 1
log : 35165 / 2017-2-17
YA20151207130233 - 2017-02-02 12:40:29
state : 1
log : 35165 / 2017-2-18
YA20151207130233 - 2017-02-02 12:40:31
state : 1
log : 35165 / 2017-2-19
YA20151207130233 - 2017-02-02 12:40:32
state : 1
log : 35165 / 2017-2-20
YA20151207130233 - 2017-02-02 12:40:33
state : 1
log : 35165 / 2017-2-21
YA20151207130233 - 2017-02-02 12:40:35
state : 1
log : 35165 / 2017-2-22
YA20151207130233 - 2017-02-02 12:40:36
state : 1
log : 35165 / 2017-2-23
YA20151207130233 - 2017-02-02 12:40:37
state : 1
log : 35165 / 2017-2-24
YA20151207130233 - 2017-02-02 12:40:38
state : 1
log : 35165 / 2017-2-25
YA20151207130233 - 2017-02-02 12:40:40
state : 1
log : 35165 / 2017-2-4
YA20151207130233 - 2017-02-02 12:40:41
state : 1
log : 35165 / 2017-2-5
YA20151207130233 - 2017-02-02 12:40:42
state : 1
log : 35165 / 2017-2-6
YA20151207130233 - 2017-02-02 12:40:45
state : 1
log : 35165 / 2017-2-7
YA20151207130233 - 2017-02-02 12:40:46
state : 1
log : 35165 / 2017-2-8
YA20151207130233 - 2017-02-02 12:40:48
state : 1
log : 35165 / 2017-2-9
YA20151207130233 - 2017-02-02 12:40:49
state : 1
log : 35165 / 2017-2-10
YA20151207130233 - 2017-02-02 12:40:51
state : 1
log : 35165 / 2017-2-11
YA20151207130233 - 2017-02-02 12:40:52
state : 1
log : 35165 / 2017-2-12
YA20151207130233 - 2017-02-02 12:40:54
state : 1
log : 35165 / 2017-2-13
YA20151207130233 - 2017-02-02 12:40:55
state : 1
log : 35165 / 2017-2-14
YA20151207130233 - 2017-02-02 12:40:56
state : 1
log : 35165 / 2017-2-15
YA20151207130233 - 2017-02-02 12:40:58
state : 1
log : 35165 / 2017-2-16
YA20151207130233 - 2017-02-02 12:40:59
state : 1
log : 35165 / 2017-2-17
YA20151207130233 - 2017-02-02 12:41:01
state : 1
log : 35165 / 2017-2-18
YA20151207130233 - 2017-02-02 12:41:02
state : 1
log : 35165 / 2017-2-19
YA20151207130233 - 2017-02-02 12:41:04
state : 1
log : 35165 / 2017-2-20
YA20151207130233 - 2017-02-02 12:41:05
state : 1
log : 35165 / 2017-2-21
YA20151207130233 - 2017-02-02 12:41:06
state : 1
log : 35165 / 2017-2-22
YA20151207130233 - 2017-02-02 12:41:07
state : 1
log : 35165 / 2017-2-23
YA20151207130233 - 2017-02-02 12:41:09
state : 1
log : 35165 / 2017-2-24
YA20151207130233 - 2017-02-02 12:41:10
state : 1
log : 35165 / 2017-2-25
YA20151207130233 - 2017-02-02 12:41:11
state : 1
log : 35165 / 2017-2-26
YA20151207130233 - 2017-02-02 12:41:12
state : 1
log : 35165 / 2017-2-27
YA20151207130233 - 2017-02-02 12:41:14
state : 1
log : 35165 / 2017-2-28
YA20151207130233 - 2017-02-02 12:41:15
state : 1
log : 35165 / 2017-2-4
YA20151207130233 - 2017-02-02 12:41:17
state : 1
log : 35165 / 2017-2-5
YA20151207130233 - 2017-02-02 12:41:19
state : 1
log : 35165 / 2017-2-6
YA20151207130233 - 2017-02-02 12:41:21
state : 1
log : 35165 / 2017-2-7
YA20151207130233 - 2017-02-02 12:41:23
state : 1
log : 35165 / 2017-2-8
YA20151207130233 - 2017-02-02 12:41:25
state : 1
log : 35165 / 2017-2-9
YA20151207130233 - 2017-02-02 12:41:27
state : 1
log : 35165 / 2017-2-10
YA20151207130233 - 2017-02-02 12:41:28
state : 1
log : 35165 / 2017-2-11
YA20151207130233 - 2017-02-02 12:41:29
state : 1
log : 35165 / 2017-2-12
YA20151207130233 - 2017-02-02 12:41:30
state : 1
log : 35165 / 2017-2-13
YA20151207130233 - 2017-02-02 12:41:32
state : 1
log : 35165 / 2017-2-14
YA20151207130233 - 2017-02-02 12:41:33
state : 1
log : 35165 / 2017-2-15
YA20151207130233 - 2017-02-02 12:41:34
state : 1
log : 35165 / 2017-2-16
YA20151207130233 - 2017-02-02 12:41:35
state : 1
log : 35165 / 2017-2-17
YA20151207130233 - 2017-02-02 12:41:36
state : 1
log : 35165 / 2017-2-18
YA20151207130233 - 2017-02-02 12:41:38
state : 1
log : 35165 / 2017-2-19
YA20151207130233 - 2017-02-02 12:41:39
state : 1
log : 35165 / 2017-2-20
YA20151207130233 - 2017-02-02 12:41:40
state : 1
log : 35165 / 2017-2-21
YA20151207130233 - 2017-02-02 12:41:41
state : 1
log : 35165 / 2017-2-22
YA20151207130233 - 2017-02-02 12:41:43
state : 1
log : 35165 / 2017-2-23
YA20151207130233 - 2017-02-02 12:41:44
state : 1
log : 35165 / 2017-2-24
YA20151207130233 - 2017-02-02 12:41:45
state : 1
log : 35165 / 2017-2-25
YA20151207130233 - 2017-02-02 12:41:47
state : 1
log : 35165 / 2017-2-4
YA20151207130233 - 2017-02-02 12:41:49
state : 1
log : 35165 / 2017-2-5
YA20151207130233 - 2017-02-02 12:41:50
state : 1
log : 35165 / 2017-2-6
YA20151207130233 - 2017-02-02 12:41:52
state : 1
log : 35165 / 2017-2-7
YA20151207130233 - 2017-02-02 12:41:53
state : 1
log : 35165 / 2017-2-8
YA20151207130233 - 2017-02-02 12:41:55
state : 1
log : 35165 / 2017-2-9
YA20151207130233 - 2017-02-02 12:41:56
state : 1
log : 35165 / 2017-2-10
YA20151207130233 - 2017-02-02 12:41:58
state : 1
log : 35165 / 2017-2-11
YA20151207130233 - 2017-02-02 12:41:59
state : 1
log : 35165 / 2017-2-12
YA20151207130233 - 2017-02-02 12:42:00
state : 1
log : 35165 / 2017-2-13
YA20151207130233 - 2017-02-02 12:42:01
state : 1
log : 35165 / 2017-2-14
YA20151207130233 - 2017-02-02 12:42:04
state : 1
log : 35165 / 2017-2-15
YA20151207130233 - 2017-02-02 12:42:05
state : 1
log : 35165 / 2017-2-16
YA20151207130233 - 2017-02-02 12:42:06
state : 1
log : 35165 / 2017-2-17
YA20151207130233 - 2017-02-02 12:42:07
state : 1
log : 35165 / 2017-2-18
YA20151207130233 - 2017-02-02 12:42:09
state : 1
log : 35165 / 2017-2-19
YA20151207130233 - 2017-02-02 12:42:11
state : 1
log : 35165 / 2017-2-20
YA20151207130233 - 2017-02-02 12:42:13
state : 1
log : 35165 / 2017-2-21
YA20151207130233 - 2017-02-02 12:42:15
state : 1
log : 35165 / 2017-2-22
YA20151207130233 - 2017-02-02 12:42:16
state : 1
log : 35165 / 2017-2-23
YA20151207130233 - 2017-02-02 12:42:18
state : 1
log : 35165 / 2017-2-24
YA20151207130233 - 2017-02-02 12:42:19
state : 1
log : 35165 / 2017-2-25
YA20151207130233 - 2017-02-02 12:42:42
state : 1
log : 20713 / 2017-2-4
YA20151207130233 - 2017-02-02 12:46:54
state : 1
log : 12533 / 2017-2-3
YA20151207130233 - 2017-02-02 12:46:56
state : 1
log : 12532 / 2017-2-3
2017-02-02 13:01:14
key : YA20151207130233
state : 1
log : 22696 / 2017-02-12
YA20151207130233 - 2017-02-02 13:03:30
state : 2
log : 4364 : 이미 막힌 객실 선택
YA20151207130233 - 2017-02-02 13:03:53
state : 1
log : 241 / 2017-2-4
YA20151207130233 - 2017-02-02 13:03:54
state : 1
log : 245 / 2017-2-4
YA20151207130233 - 2017-02-02 13:08:39
state : 1
log : 1578 / 2017-2-24
YA20151207130233 - 2017-02-02 13:08:40
state : 3
log : 2211 : 등록된 객실 없습니다
YA20151207130233 - 2017-02-02 13:11:48
state : 1
log : 46324 / 2017-2-4
YA20151207130233 - 2017-02-02 13:14:24
state : 1
log : 46328 / 2017-2-11
YA20151207130233 - 2017-02-02 13:15:13
state : 1
log : 21813 / 2017-02-04
YA20161116113212 - 2017-02-02 13:23:15
state : 1
log : 19866 / 2017-02-04
YA20151207130233 - 2017-02-02 13:28:38
state : 1
log : 24075 / 2017-4-29
YA20161116113212 - 2017-02-02 13:28:56
state : 1
log : 33976 / 2017-02-18
YA20151207130233 - 2017-02-02 13:34:12
state : 3
log : 6214 : 등록된 객실 없습니다
YA20151207130233 - 2017-02-02 13:34:14
state : 3
log : 6250 : 등록된 객실 없습니다
YA20151207130233 - 2017-02-02 13:42:08
state : 1
log : 35132 / 2017-2-2
YA20151207130233 - 2017-02-02 13:44:29
state : 1
log : 46328 / 2017-2-18
YA20151207130233 - 2017-02-02 13:44:31
state : 1
log : 46328 / 2017-2-18
YA20161116113212 - 2017-02-02 13:44:57
state : 1
log : 17337 / 2017-02-04
YA20151207130233 - 2017-02-02 13:47:04
state : 1
log : 11096 / 2017-2-11
YA20151207130233 - 2017-02-02 13:48:09
state : 1
log : 22870 / 2017-02-11
YA20161116113212 - 2017-02-02 13:48:39
state : 1
log : 16335 / 2017-02-03
YA20161116113212 - 2017-02-02 13:49:43
state : 1
log : 10248 / 2017-02-04
YA20151207130233 - 2017-02-02 13:52:28
state : 1
log : 23583 / 2017-2-3
YA20161116113212 - 2017-02-02 13:54:14
state : 1
log : 44000 / 2017-02-04
YA20151207130233 - 2017-02-02 14:05:26
state : 1
log : 33983 / 2017-2-11
YA20151207130233 - 2017-02-02 14:05:27
state : 1
log : 33984 / 2017-2-11
YA20151207130233 - 2017-02-02 14:05:28
state : 1
log : 33985 / 2017-2-11
YA20161116113212 - 2017-02-02 14:07:27
state : 1
log : 34937 / 2017-02-07
YA20151207130233 - 2017-02-02 14:07:27
state : 1
log : 25045 / 2017-02-04
YA20151207130233 - 2017-02-02 14:07:48
state : 1
log : 43773 / 2017-02-25
YA20151207130233 - 2017-02-02 14:12:48
state : 1
log : 43773 / 2017-2-25
YA20151207130233 - 2017-02-02 14:14:57
state : 1
log : 24767 / 2017-02-04
YA20151207130233 - 2017-02-02 14:14:59
state : 1
log : 24768 / 2017-02-04
2017-02-02 14:21:46
key : YA20151207130233
state : 1
log : 29446 / 2017-02-02
YA20151207130233 - 2017-02-02 14:21:51
state : 1
log : 25045 / 2017-2-11
YA20151207130233 - 2017-02-02 14:23:06
state : 1
log : 24389 / 2017-2-10
2017-02-02 14:24:32
key : YA20151207130233
state : 1
log : 29446 / 2017-02-02
YA20151207130233 - 2017-02-02 14:25:34
state : 1
log : 34060 / 2017-2-6
YA20151207130233 - 2017-02-02 14:26:32
state : 1
log : 29446 / 2017-02-02
2017-02-02 14:29:51
key : YA20151207130233
state : 1
log : 23581 / 2017-02-03
YA20151207130233 - 2017-02-02 14:30:41
state : 3
log : 6300 : 등록된 객실 없습니다
2017-02-02 14:31:00
key : YA20151207130233
state : 1
log : 29445 / 2017-2-2
YA20151207130233 - 2017-02-02 14:31:49
state : 1
log : 23581 / 2017-02-03
YA20151207130233 - 2017-02-02 14:33:06
state : 1
log : 21581 / 2017-02-02
YA20151207130233 - 2017-02-02 14:40:42
state : 1
log : 21817 / 2017-2-25
YA20151207130233 - 2017-02-02 14:41:18
state : 1
log : 21814 / 2017-2-2
YA20151207130233 - 2017-02-02 14:45:22
state : 1
log : 24384 / 2017-2-3
YA20151207130233 - 2017-02-02 14:48:40
state : 1
log : 4877 / 2017-2-6
YA20151207130233 - 2017-02-02 14:48:42
state : 1
log : 4877 / 2017-2-7
YA20161116113212 - 2017-02-02 14:48:42
state : 1
log : 10538 / 2017-02-04
YA20151207130233 - 2017-02-02 14:48:50
state : 1
log : 24468 / 2017-2-25
YA20151207130233 - 2017-02-02 14:53:02
state : 1
log : 24389 / 2017-2-10
YA20151207130233 - 2017-02-02 14:59:15
state : 1
log : 25050 / 2017-02-04
YA20151207130233 - 2017-02-02 14:59:19
state : 1
log : 10538 / 2017-2-8
YA20161116113212 - 2017-02-02 15:00:18
state : 1
log : 34736 / 2017-02-04
YA20151207130233 - 2017-02-02 15:01:22
state : 1
log : 21578 / 2017-2-4
YA20161116113212 - 2017-02-02 15:05:02
state : 1
log : 17874 / 2017-02-08
YA20151207130233 - 2017-02-02 15:06:00
state : 1
log : 24437 / 2017-2-18
YA20151207130233 - 2017-02-02 15:12:18
state : 1
log : 21581 / 2017-02-12
YA20151207130233 - 2017-02-02 15:20:43
state : 1
log : 43741 / 2017-02-25
YA20151207130233 - 2017-02-02 15:21:58
state : 1
log : 43773 / 2017-2-11
YA20151207130233 - 2017-02-02 15:22:09
state : 1
log : 43741 / 2017-2-25
YA20161116113212 - 2017-02-02 15:22:19
state : 1
log : 38584 / 2017-02-02
YA20151207130233 - 2017-02-02 15:22:26
state : 1
log : 43741 / 2017-2-14
2017-02-02 15:22:36
key : YA20151207130233
state : 1
log : 25045 / 2017-2-11
YA20151207130233 - 2017-02-02 15:22:56
state : 1
log : 25045 / 2017-2-4
YA20151207130233 - 2017-02-02 15:23:10
state : 1
log : 25050 / 2017-2-4
YA20161116113212 - 2017-02-02 15:26:29
state : 1
log : 41087 / 2017-02-05
YA20151207130233 - 2017-02-02 15:26:41
state : 1
log : 21580 / 2017-02-08
YA20151207130233 - 2017-02-02 15:30:28
state : 1
log : 25128 / 2017-2-2
YA20151207130233 - 2017-02-02 15:34:19
state : 1
log : 21577 / 2017-02-03
YA20161116113212 - 2017-02-02 15:36:29
state : 1
log : 11753 / 2017-02-09
YA20151207130233 - 2017-02-02 15:36:47
state : 1
log : 21820 / 2017-2-2
YA20151207130233 - 2017-02-02 15:44:55
state : 1
log : 21578 / 2017-02-03
2017-02-02 15:47:44
key : YA20151207130233
state : 1
log : 29443 / 2017-2-4
YA20151207130233 - 2017-02-02 15:47:59
state : 1
log : 29443 / 2017-2-3
YA20161116113212 - 2017-02-02 15:49:19
state : 1
log : 30413 / 2017-02-02
YA20151207130233 - 2017-02-02 15:50:14
state : 1
log : 18055 / 2017-02-04
YA20151207130233 - 2017-02-02 15:51:19
state : 1
log : 29443 / 2017-02-03
YA20151207130233 - 2017-02-02 15:51:21
state : 1
log : 29443 / 2017-02-04
YA20151207130233 - 2017-02-02 15:53:08
state : 1
log : 21814 / 2017-2-2
YA20161116113212 - 2017-02-02 15:53:58
state : 1
log : 40898 / 2017-02-03
YA20161116113212 - 2017-02-02 15:57:16
state : 1
log : 21642 / 2017-02-02
YA20151207130233 - 2017-02-02 15:57:46
state : 2
log : 4363 : 이미 막힌 객실 선택
2017-02-02 16:02:56
key : YA20151207130233
state : 1
log : 9806 / 2017-02-04
YA20151207130233 - 2017-02-02 16:04:43
state : 3
log :  : 등록된 객실 없습니다
YA20151207130233 - 2017-02-02 16:06:08
state : 1
log : 14497 / 2017-2-6
YA20151207130233 - 2017-02-02 16:13:17
state : 1
log : 11096 / 2017-02-18
YA20151207130233 - 2017-02-02 16:16:07
state : 1
log : 20703 / 2017-2-11
YA20151207130233 - 2017-02-02 16:17:04
state : 1
log : 21821 / 2017-2-11
YA20161116113212 - 2017-02-02 16:17:19
state : 1
log : 20278 / 2017-02-02
YA20151207130233 - 2017-02-02 16:25:07
state : 1
log : 21813 / 2017-2-2
2017-02-02 16:26:09
key : YA20151207130233
state : 1
log : 9806 / 2017-02-04
YA20151207130233 - 2017-02-02 16:27:17
state : 3
log :  : 등록된 객실 없습니다
YA20151207130233 - 2017-02-02 16:28:18
state : 1
log : 21819 / 2017-2-3
YA20151207130233 - 2017-02-02 16:31:11
state : 1
log : 9806 / 2017-02-04
YA20151207130233 - 2017-02-02 16:32:52
state : 1
log : 21581 / 2017-2-2
YA20151207130233 - 2017-02-02 16:34:05
state : 1
log : 21816 / 2017-2-13
YA20151207130233 - 2017-02-02 16:34:12
state : 1
log : 33984 / 2017-2-27
YA20151207130233 - 2017-02-02 16:34:13
state : 1
log : 33984 / 2017-2-28
YA20151207130233 - 2017-02-02 16:34:19
state : 1
log : 21577 / 2017-2-3
YA20151207130233 - 2017-02-02 16:34:20
state : 1
log : 21578 / 2017-2-3
YA20151207130233 - 2017-02-02 16:35:22
state : 1
log : 21580 / 2017-2-8
YA20151207130233 - 2017-02-02 16:35:52
state : 1
log : 21581 / 2017-2-12
YA20151207130233 - 2017-02-02 16:36:38
state : 1
log : 21820 / 2017-2-2
YA20151207130233 - 2017-02-02 16:38:36
state : 1
log : 11096 / 2017-2-18
YA20151207130233 - 2017-02-02 16:39:40
state : 1
log : 17751 / 2017-2-2
YA20161116113212 - 2017-02-02 16:40:49
state : 1
log : 35147 / 2017-02-04
YA20151207130233 - 2017-02-02 16:42:35
state : 1
log : 24092 / 2017-2-4
YA20151207130233 - 2017-02-02 16:43:08
state : 1
log : 20714 / 2017-2-4
YA20161116113212 - 2017-02-02 16:46:11
state : 1
log : 34888 / 2017-02-12
YA20161116113212 - 2017-02-02 16:52:22
state : 1
log : 8102 / 2017-02-04
YA20161116113212 - 2017-02-02 16:54:08
state : 1
log : 41441 / 2017-02-04
YA20151207130233 - 2017-02-02 16:57:42
state : 2
log : 591 : 이미 막힌 객실 선택
2017-02-02 17:12:00
key : YA20151207130233
state : 1
log : 1491 / 2017-02-11
YA20151207130233 - 2017-02-02 17:12:04
state : 1
log : 21727 / 2017-2-10
YA20161116113212 - 2017-02-02 17:12:23
state : 1
log : 13077 / 2017-02-03
YA20151207130233 - 2017-02-02 17:13:14
state : 3
log :  : 등록된 객실 없습니다
YA20161116113212 - 2017-02-02 17:15:40
state : 1
log : 35134 / 2017-02-20
YA20151207130233 - 2017-02-02 17:18:23
state : 1
log : 21580 / 2017-2-24
YA20151207130233 - 2017-02-02 17:23:04
state : 1
log : 47535 / 2017-3-4
YA20151207130233 - 2017-02-02 17:24:04
state : 3
log : 6300 : 등록된 객실 없습니다
YA20161116113212 - 2017-02-02 17:29:23
state : 1
log : 3665 / 2017-02-04
YA20151207130233 - 2017-02-02 17:42:41
state : 2
log : 6399 : 이미 막힌 객실 선택
YA20151207130233 - 2017-02-02 17:42:58
state : 1
log : 21576 / 2017-02-13
YA20151207130233 - 2017-02-02 17:42:59
state : 1
log : 34061 / 2017-02-13
YA20151207130233 - 2017-02-02 17:49:32
state : 1
log : 21576 / 2017-2-13
YA20151207130233 - 2017-02-02 17:49:39
state : 1
log : 21579 / 2017-02-13
YA20151207130233 - 2017-02-02 17:49:59
state : 1
log : 21579 / 2017-2-13
YA20151207130233 - 2017-02-02 17:50:42
state : 1
log : 21814 / 2017-02-10
YA20151207130233 - 2017-02-02 17:51:10
state : 1
log : 21579 / 2017-2-4
YA20161116113212 - 2017-02-02 17:51:47
state : 1
log : 34940 / 2017-02-09
YA20151207130233 - 2017-02-02 17:52:50
state : 1
log : 24468 / 2017-2-11
YA20151207130233 - 2017-02-02 17:56:50
state : 1
log : 47535 / 2017-2-4
YA20151207130233 - 2017-02-02 18:03:08
state : 1
log : 21579 / 2017-2-7
YA20151207130233 - 2017-02-02 18:06:23
state : 1
log : 24086 / 2017-03-18
YA20151207130233 - 2017-02-02 18:08:06
state : 1
log : 3849 / 2017-04-29
YA20151207130233 - 2017-02-02 18:08:07
state : 1
log : 3849 / 2017-04-30
YA20151207130233 - 2017-02-02 18:14:34
state : 1
log : 18176 / 2017-2-5
YA20151207130233 - 2017-02-02 18:17:36
state : 1
log : 25047 / 2017-2-25
YA20151207130233 - 2017-02-02 18:27:16
state : 1
log : 29446 / 2017-2-3
YA20161116113212 - 2017-02-02 18:47:12
state : 1
log : 22473 / 2017-02-03
YA20151207130233 - 2017-02-02 18:49:36
state : 1
log : 16638 / 2017-2-4
YA20151207130233 - 2017-02-02 19:05:06
state : 1
log : 14494 / 2017-2-8
YA20151207130233 - 2017-02-02 19:05:26
state : 1
log : 14494 / 2017-2-8
YA20151207130233 - 2017-02-02 19:05:38
state : 1
log : 14494 / 2017-2-8
2017-02-02 19:06:07
key : YA20151207130233
state : 1
log : 14494 / 2017-2-8
YA20161116113212 - 2017-02-02 19:08:11
state : 1
log : 30870 / 2017-02-03
YA20151207130233 - 2017-02-02 19:11:42
state : 1
log : 18057 / 2017-02-03
YA20151207130233 - 2017-02-02 19:12:34
state : 2
log : 5903 : 이미 막힌 객실 선택
YA20151207130233 - 2017-02-02 19:15:59
state : 1
log : 21822 / 2017-2-13
YA20161116113212 - 2017-02-02 19:17:29
state : 1
log : 33881 / 2017-02-03
33881 / 2017-02-04
YA20151207130233 - 2017-02-02 19:33:54
state : 1
log : 35132 / 2017-02-04
YA20161116113212 - 2017-02-02 19:40:28
state : 1
log : 22200 / 2017-02-04
YA20151207130233 - 2017-02-02 19:45:03
state : 1
log : 21732 / 2017-2-5
YA20151207130233 - 2017-02-02 19:45:04
state : 1
log : 21720 / 2017-2-6
YA20151207130233 - 2017-02-02 19:45:06
state : 1
log : 21723 / 2017-2-6
YA20151207130233 - 2017-02-02 19:45:07
state : 1
log : 21738 / 2017-2-6
YA20151207130233 - 2017-02-02 19:45:09
state : 1
log : 21739 / 2017-2-6
YA20151207130233 - 2017-02-02 19:46:30
state : 1
log : 22718 / 2017-2-3
YA20151207130233 - 2017-02-02 19:46:32
state : 1
log : 22726 / 2017-2-3
YA20151207130233 - 2017-02-02 19:46:33
state : 1
log : 22724 / 2017-2-3
YA20151207130233 - 2017-02-02 19:46:36
state : 1
log : 22718 / 2017-2-3
YA20151207130233 - 2017-02-02 19:46:37
state : 1
log : 22726 / 2017-2-3
YA20151207130233 - 2017-02-02 19:46:38
state : 1
log : 22724 / 2017-2-3
YA20151207130233 - 2017-02-02 19:46:41
state : 1
log : 22718 / 2017-2-3
YA20151207130233 - 2017-02-02 19:46:42
state : 1
log : 22726 / 2017-2-3
YA20151207130233 - 2017-02-02 19:46:43
state : 1
log : 22724 / 2017-2-3
YA20151207130233 - 2017-02-02 19:47:00
state : 1
log : 22722 / 2017-2-3
YA20151207130233 - 2017-02-02 19:51:16
state : 1
log : 24435 / 2017-2-18
YA20151207130233 - 2017-02-02 19:52:17
state : 1
log : 17756 / 2017-2-11
YA20161116113212 - 2017-02-02 19:55:42
state : 1
log : 21900 / 2017-02-03
YA20151207130233 - 2017-02-02 20:00:06
state : 1
log : 20706 / 2017-2-10
YA20151207130233 - 2017-02-02 20:00:08
state : 1
log : 20706 / 2017-2-11
YA20151207130233 - 2017-02-02 20:09:43
state : 1
log : 25128 / 2017-02-05
YA20161116113212 - 2017-02-02 20:12:17
state : 1
log : 36870 / 2017-02-16
YA20151207130233 - 2017-02-02 20:17:20
state : 1
log : 21754 / 2017-02-12
YA20161116113212 - 2017-02-02 20:19:42
state : 1
log : 14564 / 2017-02-04
YA20151207130233 - 2017-02-02 20:20:06
state : 1
log : 20708 / 2017-02-12
YA20161116113212 - 2017-02-02 20:22:33
state : 1
log : 33174 / 2017-02-19
YA20151207130233 - 2017-02-02 20:24:54
state : 1
log : 20708 / 2017-2-12
YA20161116113212 - 2017-02-02 20:25:30
state : 1
log : 44534 / 2017-02-02
YA20151207130233 - 2017-02-02 20:37:08
state : 1
log : 24383 / 2017-2-11
YA20151207130233 - 2017-02-02 20:39:52
state : 3
log : 6304 : 등록된 객실 없습니다
YA20161116113212 - 2017-02-02 20:48:19
state : 1
log : 39323 / 2017-02-11
YA20151207130233 - 2017-02-02 20:50:46
state : 1
log : 35127 / 2017-2-5
YA20151207130233 - 2017-02-02 20:51:01
state : 1
log : 23634 / 2017-2-3
YA20151207130233 - 2017-02-02 20:51:02
state : 2
log : 1898 : 이미 막힌 객실 선택
YA20151207130233 - 2017-02-02 20:51:27
state : 1
log : 25128 / 2017-02-04
YA20151207130233 - 2017-02-02 20:52:14
state : 1
log : 1491 / 2017-3-3
YA20151207130233 - 2017-02-02 21:00:33
state : 1
log : 16636 / 2017-02-04
YA20151207130233 - 2017-02-02 21:01:59
state : 3
log : 6304 : 등록된 객실 없습니다
YA20151207130233 - 2017-02-02 21:03:39
state : 1
log : 20706 / 2017-2-3
YA20151207130233 - 2017-02-02 21:03:41
state : 1
log : 20713 / 2017-2-3
YA20161116113212 - 2017-02-02 21:05:30
state : 1
log : 31509 / 2017-02-25
YA20161116113212 - 2017-02-02 21:06:21
state : 1
log : 22677 / 2017-02-20
YA20151207130233 - 2017-02-02 21:14:31
state : 1
log : 39856 / 2017-2-4
YA20151207130233 - 2017-02-02 21:14:51
state : 1
log : 21580 / 2017-02-22
YA20161116113212 - 2017-02-02 21:16:44
state : 1
log : 42749 / 2017-02-14
42749 / 2017-02-15
42749 / 2017-02-16
YA20151207130233 - 2017-02-02 21:20:12
state : 1
log : 9803 / 2017-02-03
YA20161116113212 - 2017-02-02 21:29:38
state : 1
log : 30404 / 2017-02-04
YA20151207130233 - 2017-02-02 21:30:52
state : 1
log : 33981 / 2017-02-25
YA20151207130233 - 2017-02-02 21:31:32
state : 1
log : 20711 / 2017-2-3
YA20151207130233 - 2017-02-02 21:35:58
state : 1
log : 21576 / 2017-02-04
YA20161116113212 - 2017-02-02 21:36:38
state : 1
log : 26837 / 2017-02-19
YA20151207130233 - 2017-02-02 21:37:25
state : 1
log : 23583 / 2017-02-03
YA20151207130233 - 2017-02-02 21:37:59
state : 1
log : 21752 / 2017-2-4
2017-02-02 21:39:10
key : YA20151207130233
state : 1
log : 21753 / 2017-2-4
2017-02-02 21:39:55
key : YA20151207130233
state : 1
log : 1491 / 2017-2-10
YA20151207130233 - 2017-02-02 21:41:49
state : 1
log : 35131 / 2017-02-09
YA20151207130233 - 2017-02-02 21:43:12
state : 1
log : 21769 / 2017-02-04
YA20151207130233 - 2017-02-02 21:46:46
state : 1
log : 21769 / 2017-2-4
YA20151207130233 - 2017-02-02 21:50:42
state : 1
log : 21578 / 2017-2-12
YA20161116113212 - 2017-02-02 22:02:53
state : 1
log : 25989 / 2017-02-02
YA20151207130233 - 2017-02-02 22:07:08
state : 2
log : 5247 : 이미 막힌 객실 선택
2017-02-02 22:07:32
key : YA20151207130233
state : 1
log : 3700 / 2017-2-4
YA20151207130233 - 2017-02-02 22:07:52
state : 1
log : 23340 / 2017-02-05
YA20151207130233 - 2017-02-02 22:07:54
state : 1
log : 21576 / 2017-2-4
YA20151207130233 - 2017-02-02 22:08:41
state : 1
log : 18095 / 2017-2-4
YA20151207130233 - 2017-02-02 22:14:29
state : 1
log : 43766 / 2017-02-25
2017-02-02 22:17:55
key : YA20151207130233
state : 1
log : 29445 / 2017-02-04
YA20151207130233 - 2017-02-02 22:19:43
state : 3
log :  : 등록된 객실 없습니다
YA20151207130233 - 2017-02-02 22:23:29
state : 1
log : 24436 / 2017-2-18
2017-02-02 22:23:43
key : YA20151207130233
state : 1
log : 24437 / 2017-2-18
YA20161116113212 - 2017-02-02 22:26:05
state : 1
log : 41106 / 2017-02-04
YA20161116113212 - 2017-02-02 22:27:04
state : 1
log : 46666 / 2017-02-14
YA20151207130233 - 2017-02-02 22:28:51
state : 1
log : 47723 / 2017-2-4
YA20151207130233 - 2017-02-02 22:34:26
state : 1
log : 21577 / 2017-2-3
YA20151207130233 - 2017-02-02 22:35:52
state : 1
log : 21577 / 2017-2-4
YA20151207130233 - 2017-02-02 22:36:10
state : 1
log : 21580 / 2017-2-11
YA20151207130233 - 2017-02-02 22:36:11
state : 1
log : 21578 / 2017-2-11
YA20151207130233 - 2017-02-02 22:36:13
state : 1
log : 34060 / 2017-2-11
YA20151207130233 - 2017-02-02 22:36:25
state : 1
log : 21580 / 2017-2-18
YA20151207130233 - 2017-02-02 22:36:27
state : 1
log : 21579 / 2017-2-18
YA20151207130233 - 2017-02-02 22:36:28
state : 1
log : 21578 / 2017-2-18
YA20151207130233 - 2017-02-02 22:36:33
state : 1
log : 24083 / 2017-2-4
YA20151207130233 - 2017-02-02 22:39:41
state : 1
log : 18056 / 2017-02-04
YA20161116113212 - 2017-02-02 22:45:44
state : 1
log : 45236 / 2017-02-04
YA20151207130233 - 2017-02-02 22:54:23
state : 1
log : 34060 / 2017-02-24
YA20151207130233 - 2017-02-02 22:56:19
state : 1
log : 24779 / 2017-2-2
YA20161116113212 - 2017-02-02 23:05:45
state : 1
log : 26299 / 2017-02-10
YA20161116113212 - 2017-02-02 23:05:46
state : 1
log : 18124 / 2017-02-03
2017-02-02 23:07:33
key : YA20151207130233
state : 1
log : 23521 / 2017-02-25
YA20151207130233 - 2017-02-02 23:08:44
state : 1
log : 23521 / 2017-02-25
YA20151207130233 - 2017-02-02 23:18:39
state : 2
log : 4363 : 이미 막힌 객실 선택
YA20151207130233 - 2017-02-02 23:25:19
state : 1
log : 34061 / 2017-02-11
YA20151207130233 - 2017-02-02 23:25:21
state : 1
log : 34060 / 2017-2-24
YA20151207130233 - 2017-02-02 23:26:26
state : 1
log : 34061 / 2017-2-11
YA20151207130233 - 2017-02-02 23:27:22
state : 1
log : 22275 / 2017-2-4
YA20151207130233 - 2017-02-02 23:30:27
state : 3
log : 2327 : 등록된 객실 없습니다
YA20151207130233 - 2017-02-02 23:32:23
state : 2
log : 4599 : 이미 막힌 객실 선택
YA20161116113212 - 2017-02-02 23:35:09
state : 1
log : 37930 / 2017-02-10
YA20151207130233 - 2017-02-02 23:40:03
state : 2
log : 4600 : 이미 막힌 객실 선택
YA20151207130233 - 2017-02-02 23:40:05
state : 1
log : 24783 / 2017-02-18
YA20151207130233 - 2017-02-02 23:40:06
state : 1
log : 24779 / 2017-02-18
YA20151207130233 - 2017-02-02 23:40:57
state : 1
log : 21578 / 2017-03-05
YA20151207130233 - 2017-02-02 23:44:57
state : 1
log : 10541 / 2017-2-4
YA20151207130233 - 2017-02-02 23:47:24
state : 1
log : 21763 / 2017-02-11
YA20161116113212 - 2017-02-02 23:47:24
state : 1
log : 4941 / 2017-02-04
YA20151207130233 - 2017-02-02 23:50:42
state : 1
log : 21763 / 2017-2-11
YA20161116113212 - 2017-02-02 23:53:40
state : 1
log : 43963 / 2017-02-04
YA20151207130233 - 2017-02-02 23:57:05
state : 1
log : 20714 / 2017-02-03
