YA20151207130233 - 2017-02-20 00:02:02
state : 1
log : 21751 / 2017-02-22
YA20151207130233 - 2017-02-20 00:02:03
state : 1
log : 21751 / 2017-02-23
2017-02-20 00:21:53
key : YA20151207130233
state : 1
log : 22742 / 2017-02-27
YA20151207130233 - 2017-02-20 00:23:05
state : 1
log : 22742 / 2017-02-27
YA20151207130233 - 2017-02-20 00:23:55
state : 1
log : 34060 / 2017-03-01
YA20151207130233 - 2017-02-20 01:05:36
state : 1
log : 34060 / 2017-03-23
YA20151207130233 - 2017-02-20 01:09:23
state : 1
log : 25045 / 2017-02-24
YA20151207130233 - 2017-02-20 01:09:25
state : 1
log : 25045 / 2017-02-25
YA20151207130233 - 2017-02-20 05:35:00
state : 1
log : 23579 / 2017-3-5
YA20151207130233 - 2017-02-20 05:35:01
state : 1
log : 23581 / 2017-3-5
YA20151207130233 - 2017-02-20 05:35:02
state : 1
log : 23580 / 2017-3-5
YA20151207130233 - 2017-02-20 05:35:04
state : 1
log : 23582 / 2017-3-5
YA20151207130233 - 2017-02-20 05:35:05
state : 1
log : 23583 / 2017-3-5
YA20151207130233 - 2017-02-20 05:35:06
state : 1
log : 23584 / 2017-3-5
YA20151207130233 - 2017-02-20 05:35:08
state : 1
log : 23579 / 2017-3-6
YA20151207130233 - 2017-02-20 05:35:09
state : 1
log : 23581 / 2017-3-6
YA20151207130233 - 2017-02-20 05:35:10
state : 1
log : 23580 / 2017-3-6
YA20151207130233 - 2017-02-20 05:35:11
state : 1
log : 23582 / 2017-3-6
YA20151207130233 - 2017-02-20 05:35:12
state : 1
log : 23583 / 2017-3-6
YA20151207130233 - 2017-02-20 05:35:14
state : 1
log : 23584 / 2017-3-6
YA20151207130233 - 2017-02-20 05:53:47
state : 1
log : 21752 / 2017-02-26
YA20151207130233 - 2017-02-20 05:53:48
state : 1
log : 21752 / 2017-02-27
YA20151207130233 - 2017-02-20 07:11:40
state : 1
log : 9726 / 2017-02-22
YA20151207130233 - 2017-02-20 07:15:24
state : 1
log : 23480 / 2017-02-21
YA20151207130233 - 2017-02-20 07:20:07
state : 2
log : 6125 | 2017-3-1: 이미 막힌 객실 선택
YA20151207130233 - 2017-02-20 07:20:16
state : 2
log : 6125 | 2017-3-23: 이미 막힌 객실 선택
YA20151207130233 - 2017-02-20 07:41:26
state : 2
log : 4861 | 2017-2-25: 이미 막힌 객실 선택
YA20151207130233 - 2017-02-20 08:23:46
state : 1
log : 48684 / 2017-2-24
YA20151207130233 - 2017-02-20 08:23:47
state : 1
log : 48685 / 2017-2-24
YA20151207130233 - 2017-02-20 08:28:23
state : 1
log : 43773 / 2017-2-20
YA20151207130233 - 2017-02-20 08:35:51
state : 1
log : 20712 / 2017-2-20
YA20151207130233 - 2017-02-20 09:08:34
state : 1
log : 23480 / 2017-2-25
2017-02-20 09:09:25
key : YA20151207130233
state : 1
log : 23480 / 2017-2-25
YA20151207130233 - 2017-02-20 09:16:41
state : 2
log : 6582 | 2017-2-26: 이미 막힌 객실 선택
2017-02-20 09:18:09
key : YA20151207130233
state : 1
log : 17750 / 2017-2-28
2017-02-20 09:18:10
key : YA20151207130233
state : 1
log : 17756 / 2017-2-28
YA20151207130233 - 2017-02-20 09:19:02
state : 2
log : 5240 | 2017-2-24: 이미 막힌 객실 선택
YA20151207130233 - 2017-02-20 09:19:07
state : 2
log : 5240 | 2017-2-25: 이미 막힌 객실 선택
YA20151207130233 - 2017-02-20 09:22:05
state : 1
log : 47250 / 2017-04-22
YA20151207130233 - 2017-02-20 09:37:16
state : 1
log : 23520 / 2017-2-22
YA20151207130233 - 2017-02-20 09:39:09
state : 1
log : 24779 / 2017-2-27
YA20151207130233 - 2017-02-20 09:45:04
state : 1
log : 23480 / 2017-2-25
YA20151207130233 - 2017-02-20 10:06:42
state : 1
log : 33980 / 2017-5-27
YA20151207130233 - 2017-02-20 10:06:43
state : 1
log : 33981 / 2017-5-27
YA20151207130233 - 2017-02-20 10:06:44
state : 1
log : 33984 / 2017-5-27
YA20151207130233 - 2017-02-20 10:06:46
state : 1
log : 33985 / 2017-5-27
YA20151207130233 - 2017-02-20 10:07:02
state : 1
log : 46335 / 2017-2-25
YA20151207130233 - 2017-02-20 10:23:43
state : 1
log : 23579 / 2017-02-24
YA20151207130233 - 2017-02-20 10:36:44
state : 2
log : 5261 | 2017-2-22: 이미 막힌 객실 선택
YA20151207130233 - 2017-02-20 10:39:56
state : 1
log : 4877 / 2017-2-23
YA20151207130233 - 2017-02-20 10:47:32
state : 2
log : 5480 | 2017-02-26: 이미 막힌 객실 선택
YA20151207130233 - 2017-02-20 10:47:34
state : 2
log : 5479 | 2017-02-26: 이미 막힌 객실 선택
YA20151207130233 - 2017-02-20 10:47:36
state : 2
log : 5489 | 2017-02-26: 이미 막힌 객실 선택
2017-02-20 10:53:15
key : YA20151207130233
state : 1
log : 20708 / 2017-02-20
YA20151207130233 - 2017-02-20 10:54:06
state : 1
log : 34022 / 2017-02-24
YA20151207130233 - 2017-02-20 10:57:33
state : 1
log : 21819 / 2017-02-27
2017-02-20 11:07:09
key : YA20151207130233
state : 1
log : 24764 / 2017-2-20
YA20151207130233 - 2017-02-20 11:10:04
state : 1
log : 541 / 2017-3-1
YA20151207130233 - 2017-02-20 11:10:05
state : 1
log : 542 / 2017-3-1
YA20151207130233 - 2017-02-20 11:10:07
state : 1
log : 543 / 2017-3-1
YA20151207130233 - 2017-02-20 11:10:08
state : 1
log : 544 / 2017-3-1
YA20151207130233 - 2017-02-20 11:10:11
state : 1
log : 541 / 2017-3-2
YA20151207130233 - 2017-02-20 11:10:12
state : 1
log : 542 / 2017-3-2
YA20151207130233 - 2017-02-20 11:10:13
state : 1
log : 543 / 2017-3-2
YA20151207130233 - 2017-02-20 11:10:14
state : 1
log : 544 / 2017-3-2
YA20151207130233 - 2017-02-20 11:10:17
state : 1
log : 541 / 2017-3-3
YA20151207130233 - 2017-02-20 11:10:19
state : 1
log : 542 / 2017-3-3
YA20151207130233 - 2017-02-20 11:10:20
state : 1
log : 543 / 2017-3-3
YA20151207130233 - 2017-02-20 11:10:22
state : 1
log : 544 / 2017-3-3
YA20151207130233 - 2017-02-20 11:10:23
state : 1
log : 541 / 2017-3-4
YA20151207130233 - 2017-02-20 11:10:24
state : 1
log : 542 / 2017-3-4
YA20151207130233 - 2017-02-20 11:10:25
state : 1
log : 543 / 2017-3-4
YA20151207130233 - 2017-02-20 11:10:27
state : 1
log : 544 / 2017-3-4
YA20151207130233 - 2017-02-20 11:10:28
state : 1
log : 541 / 2017-3-5
YA20151207130233 - 2017-02-20 11:10:29
state : 1
log : 542 / 2017-3-5
YA20151207130233 - 2017-02-20 11:10:32
state : 1
log : 543 / 2017-3-5
YA20151207130233 - 2017-02-20 11:10:33
state : 1
log : 544 / 2017-3-5
YA20151207130233 - 2017-02-20 11:10:34
state : 1
log : 541 / 2017-3-6
YA20151207130233 - 2017-02-20 11:10:36
state : 1
log : 542 / 2017-3-6
YA20151207130233 - 2017-02-20 11:10:37
state : 1
log : 543 / 2017-3-6
YA20151207130233 - 2017-02-20 11:10:38
state : 1
log : 544 / 2017-3-6
YA20151207130233 - 2017-02-20 11:10:39
state : 1
log : 541 / 2017-3-7
YA20151207130233 - 2017-02-20 11:10:41
state : 1
log : 542 / 2017-3-7
YA20151207130233 - 2017-02-20 11:10:42
state : 1
log : 543 / 2017-3-7
YA20151207130233 - 2017-02-20 11:10:45
state : 1
log : 544 / 2017-3-7
YA20151207130233 - 2017-02-20 11:10:47
state : 1
log : 541 / 2017-3-8
YA20151207130233 - 2017-02-20 11:10:48
state : 1
log : 542 / 2017-3-8
YA20151207130233 - 2017-02-20 11:10:49
state : 1
log : 543 / 2017-3-8
YA20151207130233 - 2017-02-20 11:10:51
state : 1
log : 544 / 2017-3-8
YA20151207130233 - 2017-02-20 11:10:52
state : 1
log : 541 / 2017-3-9
YA20151207130233 - 2017-02-20 11:10:53
state : 1
log : 542 / 2017-3-9
YA20151207130233 - 2017-02-20 11:10:55
state : 1
log : 543 / 2017-3-9
YA20151207130233 - 2017-02-20 11:10:56
state : 1
log : 544 / 2017-3-9
YA20151207130233 - 2017-02-20 11:10:58
state : 1
log : 541 / 2017-3-10
YA20151207130233 - 2017-02-20 11:10:59
state : 1
log : 542 / 2017-3-10
YA20151207130233 - 2017-02-20 11:11:00
state : 1
log : 543 / 2017-3-10
YA20151207130233 - 2017-02-20 11:11:02
state : 1
log : 544 / 2017-3-10
YA20151207130233 - 2017-02-20 11:11:03
state : 1
log : 541 / 2017-3-11
YA20151207130233 - 2017-02-20 11:11:05
state : 1
log : 542 / 2017-3-11
YA20151207130233 - 2017-02-20 11:11:07
state : 1
log : 543 / 2017-3-11
YA20151207130233 - 2017-02-20 11:11:08
state : 1
log : 544 / 2017-3-11
YA20151207130233 - 2017-02-20 11:11:10
state : 1
log : 541 / 2017-3-12
YA20151207130233 - 2017-02-20 11:11:11
state : 1
log : 542 / 2017-3-12
YA20151207130233 - 2017-02-20 11:11:16
state : 1
log : 543 / 2017-3-12
YA20151207130233 - 2017-02-20 11:11:18
state : 1
log : 544 / 2017-3-12
YA20151207130233 - 2017-02-20 11:11:19
state : 1
log : 541 / 2017-3-13
YA20151207130233 - 2017-02-20 11:11:21
state : 1
log : 542 / 2017-3-13
YA20151207130233 - 2017-02-20 11:11:23
state : 1
log : 543 / 2017-3-13
YA20151207130233 - 2017-02-20 11:11:25
state : 1
log : 544 / 2017-3-13
YA20151207130233 - 2017-02-20 11:11:26
state : 1
log : 541 / 2017-3-14
YA20151207130233 - 2017-02-20 11:11:28
state : 1
log : 542 / 2017-3-14
YA20151207130233 - 2017-02-20 11:11:29
state : 1
log : 543 / 2017-3-14
YA20151207130233 - 2017-02-20 11:11:30
state : 1
log : 544 / 2017-3-14
YA20151207130233 - 2017-02-20 11:11:31
state : 1
log : 541 / 2017-3-15
YA20151207130233 - 2017-02-20 11:11:33
state : 1
log : 542 / 2017-3-15
YA20151207130233 - 2017-02-20 11:11:34
state : 1
log : 543 / 2017-3-15
YA20151207130233 - 2017-02-20 11:11:36
state : 1
log : 544 / 2017-3-15
YA20151207130233 - 2017-02-20 11:11:37
state : 1
log : 541 / 2017-3-16
YA20151207130233 - 2017-02-20 11:11:38
state : 1
log : 542 / 2017-3-16
YA20151207130233 - 2017-02-20 11:11:39
state : 1
log : 543 / 2017-3-16
YA20151207130233 - 2017-02-20 11:11:41
state : 1
log : 544 / 2017-3-16
YA20151207130233 - 2017-02-20 11:11:42
state : 1
log : 541 / 2017-3-17
YA20151207130233 - 2017-02-20 11:11:43
state : 1
log : 542 / 2017-3-17
YA20151207130233 - 2017-02-20 11:11:44
state : 1
log : 543 / 2017-3-17
YA20151207130233 - 2017-02-20 11:11:46
state : 1
log : 544 / 2017-3-17
YA20151207130233 - 2017-02-20 11:11:47
state : 1
log : 541 / 2017-3-18
YA20151207130233 - 2017-02-20 11:11:49
state : 1
log : 542 / 2017-3-18
YA20151207130233 - 2017-02-20 11:11:50
state : 1
log : 543 / 2017-3-18
YA20151207130233 - 2017-02-20 11:11:51
state : 1
log : 544 / 2017-3-18
YA20151207130233 - 2017-02-20 11:11:52
state : 1
log : 541 / 2017-3-19
YA20151207130233 - 2017-02-20 11:11:54
state : 1
log : 542 / 2017-3-19
YA20151207130233 - 2017-02-20 11:11:55
state : 1
log : 543 / 2017-3-19
YA20151207130233 - 2017-02-20 11:11:56
state : 1
log : 544 / 2017-3-19
YA20151207130233 - 2017-02-20 11:11:58
state : 1
log : 541 / 2017-3-20
YA20151207130233 - 2017-02-20 11:12:00
state : 1
log : 542 / 2017-3-20
YA20151207130233 - 2017-02-20 11:12:01
state : 1
log : 543 / 2017-3-20
YA20151207130233 - 2017-02-20 11:12:02
state : 1
log : 544 / 2017-3-20
YA20151207130233 - 2017-02-20 11:12:03
state : 1
log : 541 / 2017-3-21
YA20151207130233 - 2017-02-20 11:12:06
state : 1
log : 542 / 2017-3-21
YA20151207130233 - 2017-02-20 11:12:07
state : 1
log : 543 / 2017-3-21
YA20151207130233 - 2017-02-20 11:12:08
state : 1
log : 544 / 2017-3-21
YA20151207130233 - 2017-02-20 11:12:09
state : 1
log : 541 / 2017-3-22
YA20151207130233 - 2017-02-20 11:12:12
state : 1
log : 542 / 2017-3-22
YA20151207130233 - 2017-02-20 11:12:14
state : 1
log : 543 / 2017-3-22
YA20151207130233 - 2017-02-20 11:12:15
state : 1
log : 544 / 2017-3-22
YA20151207130233 - 2017-02-20 11:12:16
state : 1
log : 541 / 2017-3-23
YA20151207130233 - 2017-02-20 11:12:18
state : 1
log : 542 / 2017-3-23
YA20151207130233 - 2017-02-20 11:12:19
state : 1
log : 543 / 2017-3-23
YA20151207130233 - 2017-02-20 11:12:20
state : 1
log : 544 / 2017-3-23
YA20151207130233 - 2017-02-20 11:12:22
state : 1
log : 541 / 2017-3-24
YA20151207130233 - 2017-02-20 11:12:23
state : 1
log : 542 / 2017-3-24
YA20151207130233 - 2017-02-20 11:12:24
state : 1
log : 543 / 2017-3-24
YA20151207130233 - 2017-02-20 11:12:25
state : 1
log : 544 / 2017-3-24
YA20151207130233 - 2017-02-20 11:12:27
state : 1
log : 541 / 2017-3-25
YA20151207130233 - 2017-02-20 11:12:28
state : 1
log : 542 / 2017-3-25
YA20151207130233 - 2017-02-20 11:12:29
state : 2
log : 390 | 2017-3-25: 이미 막힌 객실 선택
YA20151207130233 - 2017-02-20 11:12:30
state : 1
log : 544 / 2017-3-25
YA20151207130233 - 2017-02-20 11:12:31
state : 1
log : 541 / 2017-3-26
YA20151207130233 - 2017-02-20 11:12:33
state : 1
log : 542 / 2017-3-26
YA20151207130233 - 2017-02-20 11:12:34
state : 1
log : 543 / 2017-3-26
YA20151207130233 - 2017-02-20 11:12:36
state : 1
log : 544 / 2017-3-26
YA20151207130233 - 2017-02-20 11:12:37
state : 1
log : 541 / 2017-3-27
YA20151207130233 - 2017-02-20 11:12:38
state : 1
log : 542 / 2017-3-27
YA20151207130233 - 2017-02-20 11:12:39
state : 1
log : 543 / 2017-3-27
YA20151207130233 - 2017-02-20 11:12:41
state : 1
log : 544 / 2017-3-27
YA20151207130233 - 2017-02-20 11:12:42
state : 1
log : 541 / 2017-3-28
YA20151207130233 - 2017-02-20 11:12:45
state : 1
log : 542 / 2017-3-28
YA20151207130233 - 2017-02-20 11:12:46
state : 1
log : 543 / 2017-3-28
YA20151207130233 - 2017-02-20 11:12:47
state : 1
log : 544 / 2017-3-28
YA20151207130233 - 2017-02-20 11:12:49
state : 1
log : 541 / 2017-3-29
YA20151207130233 - 2017-02-20 11:12:50
state : 1
log : 542 / 2017-3-29
YA20151207130233 - 2017-02-20 11:12:51
state : 1
log : 543 / 2017-3-29
YA20151207130233 - 2017-02-20 11:12:52
state : 1
log : 544 / 2017-3-29
YA20151207130233 - 2017-02-20 11:12:54
state : 1
log : 541 / 2017-3-30
YA20151207130233 - 2017-02-20 11:12:55
state : 1
log : 542 / 2017-3-30
YA20151207130233 - 2017-02-20 11:12:56
state : 1
log : 543 / 2017-3-30
YA20151207130233 - 2017-02-20 11:12:58
state : 1
log : 544 / 2017-3-30
YA20151207130233 - 2017-02-20 11:12:59
state : 1
log : 541 / 2017-3-31
YA20151207130233 - 2017-02-20 11:13:00
state : 1
log : 542 / 2017-3-31
YA20151207130233 - 2017-02-20 11:13:01
state : 1
log : 543 / 2017-3-31
YA20151207130233 - 2017-02-20 11:13:04
state : 1
log : 544 / 2017-3-31
YA20151207130233 - 2017-02-20 11:13:05
state : 2
log : 6575 | 2017-2-22: 이미 막힌 객실 선택
YA20151207130233 - 2017-02-20 11:13:59
state : 1
log : 541 / 2017-4-1
YA20151207130233 - 2017-02-20 11:14:00
state : 1
log : 542 / 2017-4-1
YA20151207130233 - 2017-02-20 11:14:01
state : 1
log : 543 / 2017-4-1
YA20151207130233 - 2017-02-20 11:14:02
state : 1
log : 544 / 2017-4-1
YA20151207130233 - 2017-02-20 11:14:04
state : 1
log : 541 / 2017-4-2
YA20151207130233 - 2017-02-20 11:14:05
state : 1
log : 542 / 2017-4-2
YA20151207130233 - 2017-02-20 11:14:06
state : 1
log : 543 / 2017-4-2
YA20151207130233 - 2017-02-20 11:14:08
state : 1
log : 544 / 2017-4-2
YA20151207130233 - 2017-02-20 11:14:09
state : 1
log : 541 / 2017-4-3
YA20151207130233 - 2017-02-20 11:14:10
state : 1
log : 542 / 2017-4-3
YA20151207130233 - 2017-02-20 11:14:12
state : 1
log : 543 / 2017-4-3
YA20151207130233 - 2017-02-20 11:14:13
state : 1
log : 544 / 2017-4-3
YA20151207130233 - 2017-02-20 11:14:15
state : 1
log : 541 / 2017-4-4
YA20151207130233 - 2017-02-20 11:14:16
state : 1
log : 542 / 2017-4-4
YA20151207130233 - 2017-02-20 11:14:18
state : 1
log : 543 / 2017-4-4
YA20151207130233 - 2017-02-20 11:14:19
state : 1
log : 544 / 2017-4-4
YA20151207130233 - 2017-02-20 11:14:20
state : 1
log : 541 / 2017-4-5
YA20151207130233 - 2017-02-20 11:14:21
state : 1
log : 542 / 2017-4-5
YA20151207130233 - 2017-02-20 11:14:23
state : 1
log : 543 / 2017-4-5
YA20151207130233 - 2017-02-20 11:14:24
state : 1
log : 544 / 2017-4-5
YA20151207130233 - 2017-02-20 11:14:26
state : 1
log : 541 / 2017-4-6
YA20151207130233 - 2017-02-20 11:21:36
state : 1
log : 43736 / 2017-02-20
YA20151207130233 - 2017-02-20 11:21:56
state : 1
log : 23313 / 2017-02-22
YA20151207130233 - 2017-02-20 11:23:37
state : 1
log : 19912 / 2017-03-04
YA20151207130233 - 2017-02-20 11:29:13
state : 1
log : 20708 / 2017-2-20
YA20151207130233 - 2017-02-20 11:36:09
state : 1
log : 23583 / 2017-2-25
YA20151207130233 - 2017-02-20 11:42:31
state : 1
log : 20715 / 2017-3-12
YA20151207130233 - 2017-02-20 11:52:01
state : 1
log : 3700 / 2017-03-03
YA20151207130233 - 2017-02-20 11:56:57
state : 1
log : 20714 / 2017-03-04
YA20151207130233 - 2017-02-20 12:01:00
state : 2
log : 5247 | 2017-3-3: 이미 막힌 객실 선택
YA20151207130233 - 2017-02-20 12:03:48
state : 1
log : 23583 / 2017-2-28
YA20151207130233 - 2017-02-20 12:07:04
state : 1
log : 24092 / 2017-2-21
2017-02-20 12:09:00
key : YA20151207130233
state : 1
log : 45344 / 2017-2-23
2017-02-20 12:10:30
key : YA20151207130233
state : 1
log : 45347 / 2017-2-24
YA20151207130233 - 2017-02-20 12:13:22
state : 1
log : 23580 / 2017-2-20
YA20151207130233 - 2017-02-20 12:19:31
state : 1
log : 24719 / 2017-2-20
2017-02-20 12:28:34
key : YA20151207130233
state : 1
log : 45345 / 2017-2-21
YA20151207130233 - 2017-02-20 12:29:03
state : 1
log : 45345 / 2017-2-21
2017-02-20 12:30:09
key : YA20151207130233
state : 1
log : 45345 / 2017-2-28
YA20151207130233 - 2017-02-20 12:34:46
state : 1
log : 21749 / 2017-02-25
YA20151207130233 - 2017-02-20 12:40:05
state : 1
log : 48324 / 2017-02-22
YA20151207130233 - 2017-02-20 12:45:37
state : 1
log : 48324 / 2017-02-23
YA20151207130233 - 2017-02-20 12:49:52
state : 2
log : 6578 | 2017-2-23: 이미 막힌 객실 선택
YA20151207130233 - 2017-02-20 12:50:22
state : 1
log : 20708 / 2017-2-25
2017-02-20 12:50:25
key : YA20151207130233
state : 1
log : 48324 / 2017-2-22
YA20151207130233 - 2017-02-20 12:54:03
state : 1
log : 20709 / 2017-2-25
YA20151207130233 - 2017-02-20 12:55:49
state : 1
log : 24094 / 2017-03-11
YA20151207130233 - 2017-02-20 12:56:34
state : 2
log : 6390 | 2017-2-20: 이미 막힌 객실 선택
YA20151207130233 - 2017-02-20 12:58:50
state : 1
log : 3701 / 2017-02-22
YA20151207130233 - 2017-02-20 13:14:19
state : 1
log : 9724 / 2017-2-21
YA20151207130233 - 2017-02-20 13:19:28
state : 1
log : 29442 / 2017-03-11
YA20151207130233 - 2017-02-20 13:34:40
state : 1
log : 3700 / 2017-02-21
YA20151207130233 - 2017-02-20 13:35:13
state : 1
log : 24765 / 2017-4-8
YA20151207130233 - 2017-02-20 13:37:00
state : 2
log : 5247 | 2017-2-21: 이미 막힌 객실 선택
YA20151207130233 - 2017-02-20 13:39:00
state : 1
log : 17748 / 2017-2-25
YA20151207130233 - 2017-02-20 13:39:01
state : 1
log : 17749 / 2017-2-25
YA20151207130233 - 2017-02-20 13:53:35
state : 1
log : 20703 / 2017-2-21
2017-02-20 14:01:06
key : YA20151207130233
state : 1
log : 45345 / 2017-3-26
2017-02-20 14:01:07
key : YA20151207130233
state : 1
log : 45345 / 2017-3-26
YA20151207130233 - 2017-02-20 14:01:27
state : 1
log : 45347 / 2017-4-8
YA20151207130233 - 2017-02-20 14:07:14
state : 1
log : 18096 / 2017-2-25
YA20151207130233 - 2017-02-20 14:07:44
state : 1
log : 21752 / 2017-2-24
YA20151207130233 - 2017-02-20 14:07:50
state : 1
log : 3699 / 2017-02-21
2017-02-20 14:08:05
key : YA20151207130233
state : 1
log : 21750 / 2017-2-24
2017-02-20 14:08:07
key : YA20151207130233
state : 1
log : 21750 / 2017-2-25
YA20151207130233 - 2017-02-20 14:08:26
state : 1
log : 21745 / 2017-2-24
YA20151207130233 - 2017-02-20 14:11:40
state : 3
log : 6302 | 2017-2-21: 등록된 객실 없습니다
2017-02-20 14:14:35
key : YA20151207130233
state : 1
log : 20710 / 2017-2-25
