YA20161116113212 - 2017-01-27 00:03:13
state : 1
log : 34681 / 2017-01-27
YA20161116113212 - 2017-01-27 01:10:05
state : 1
log : 42013 / 2017-02-04
YA20161116113212 - 2017-01-27 01:21:28
state : 1
log : 22677 / 2017-02-01
YA20161116113212 - 2017-01-27 01:42:59
state : 1
log : 45953 / 2017-02-05
YA20161116113212 - 2017-01-27 01:50:50
state : 1
log : 25173 / 2017-01-29
YA20161116113212 - 2017-01-27 02:37:54
state : 1
log : 22610 / 2017-02-06
YA20161116113212 - 2017-01-27 02:44:58
state : 1
log : 4601 / 2017-02-08
4601 / 2017-02-09
YA20151207130233 - 2017-01-27 06:27:45
state : 1
log : 21765 / 2017-01-28
YA20151207130233 - 2017-01-27 06:45:10
state : 1
log : 23584 / 2017-1-29
YA20151207130233 - 2017-01-27 06:49:10
state : 1
log : 22721 / 2017-1-28
YA20151207130233 - 2017-01-27 06:50:22
state : 1
log : 22719 / 2017-1-27
YA20151207130233 - 2017-01-27 06:50:23
state : 1
log : 22721 / 2017-1-27
YA20151207130233 - 2017-01-27 06:50:24
state : 1
log : 22719 / 2017-1-27
YA20151207130233 - 2017-01-27 06:50:26
state : 1
log : 22721 / 2017-1-27
2017-01-27 06:51:26
key : YA20151207130233
state : 1
log : 22716 / 2017-1-28
YA20151207130233 - 2017-01-27 06:51:52
state : 2
log : 5901 : 이미 막힌 객실 선택
YA20151207130233 - 2017-01-27 08:13:49
state : 1
log : 23483 / 2017-1-27
YA20151207130233 - 2017-01-27 08:13:50
state : 1
log : 23520 / 2017-1-27
YA20161116113212 - 2017-01-27 08:14:08
state : 1
log : 43295 / 2017-01-27
YA20151207130233 - 2017-01-27 08:14:41
state : 1
log : 23481 / 2017-1-30
2017-01-27 08:26:53
key : YA20151207130233
state : 1
log : 9502 / 2017-1-27
YA20151207130233 - 2017-01-27 08:35:45
state : 1
log : 20712 / 2017-1-29
YA20151207130233 - 2017-01-27 08:35:46
state : 1
log : 20712 / 2017-1-30
YA20151207130233 - 2017-01-27 08:35:47
state : 1
log : 20712 / 2017-1-31
2017-01-27 08:43:06
key : YA20151207130233
state : 1
log : 9507 / 2017-1-27
2017-01-27 09:05:49
key : YA20151207130233
state : 1
log : 21758 / 2017-1-29
YA20151207130233 - 2017-01-27 09:06:05
state : 2
log : 4685 : 이미 막힌 객실 선택
YA20161116113212 - 2017-01-27 09:20:39
state : 1
log : 35330 / 2017-01-29
YA20151207130233 - 2017-01-27 09:24:32
state : 1
log : 14493 / 2017-2-2
YA20151207130233 - 2017-01-27 09:26:17
state : 2
log : 4901 : 이미 막힌 객실 선택
YA20151207130233 - 2017-01-27 10:12:25
state : 2
log : 4360 : 이미 막힌 객실 선택
YA20151207130233 - 2017-01-27 10:21:04
state : 1
log : 16639 / 2017-01-29
YA20161116113212 - 2017-01-27 10:32:23
state : 1
log : 22858 / 2017-01-30
YA20151207130233 - 2017-01-27 10:46:23
state : 1
log : 29447 / 2017-01-30
YA20151207130233 - 2017-01-27 10:52:23
state : 1
log : 21580 / 2017-02-06
YA20151207130233 - 2017-01-27 10:58:15
state : 3
log : 6298 : 등록된 객실 없습니다
YA20161116113212 - 2017-01-27 11:17:50
state : 1
log : 34100 / 2017-01-29
YA20151207130233 - 2017-01-27 11:21:56
state : 1
log : 43771 / 2017-1-29
YA20151207130233 - 2017-01-27 11:24:30
state : 1
log : 19362 / 2017-2-1
YA20151207130233 - 2017-01-27 11:24:31
state : 1
log : 19362 / 2017-2-2
YA20151207130233 - 2017-01-27 11:24:32
state : 1
log : 19362 / 2017-2-3
YA20151207130233 - 2017-01-27 11:24:33
state : 1
log : 19362 / 2017-2-4
YA20151207130233 - 2017-01-27 11:24:34
state : 1
log : 19362 / 2017-2-5
YA20151207130233 - 2017-01-27 11:24:36
state : 1
log : 19362 / 2017-2-6
YA20151207130233 - 2017-01-27 11:24:37
state : 1
log : 19362 / 2017-2-7
YA20151207130233 - 2017-01-27 11:24:38
state : 1
log : 19362 / 2017-2-8
YA20151207130233 - 2017-01-27 11:24:40
state : 1
log : 19362 / 2017-2-9
YA20151207130233 - 2017-01-27 11:24:41
state : 1
log : 19362 / 2017-2-10
YA20151207130233 - 2017-01-27 11:24:42
state : 1
log : 19362 / 2017-2-11
YA20151207130233 - 2017-01-27 11:27:29
state : 1
log : 18059 / 2017-1-28
YA20151207130233 - 2017-01-27 11:32:29
state : 1
log : 14491 / 2017-2-4
YA20151207130233 - 2017-01-27 11:40:43
state : 1
log : 18096 / 2017-1-28
YA20151207130233 - 2017-01-27 11:47:03
state : 1
log : 24775 / 2017-01-27
YA20151207130233 - 2017-01-27 11:49:07
state : 1
log : 21580 / 2017-2-6
YA20151207130233 - 2017-01-27 11:49:22
state : 1
log : 24775 / 2017-01-28
YA20151207130233 - 2017-01-27 11:51:42
state : 1
log : 24775 / 2017-01-29
YA20161116113212 - 2017-01-27 11:58:13
state : 1
log : 25060 / 2017-01-27
YA20151207130233 - 2017-01-27 12:01:57
state : 1
log : 34060 / 2017-2-13
YA20151207130233 - 2017-01-27 12:02:32
state : 1
log : 46157 / 2017-1-29
YA20151207130233 - 2017-01-27 12:04:42
state : 1
log : 25131 / 2017-01-29
YA20161116113212 - 2017-01-27 12:10:07
state : 1
log : 22491 / 2017-01-29
YA20151207130233 - 2017-01-27 12:39:25
state : 1
log : 21784 / 2017-1-31
YA20151207130233 - 2017-01-27 12:39:28
state : 1
log : 21785 / 2017-1-31
YA20151207130233 - 2017-01-27 12:39:30
state : 1
log : 21786 / 2017-1-31
YA20151207130233 - 2017-01-27 12:39:31
state : 1
log : 21787 / 2017-1-31
YA20151207130233 - 2017-01-27 12:39:32
state : 1
log : 21788 / 2017-1-31
YA20151207130233 - 2017-01-27 12:39:34
state : 1
log : 21789 / 2017-1-31
YA20151207130233 - 2017-01-27 12:39:35
state : 1
log : 21790 / 2017-1-31
YA20151207130233 - 2017-01-27 12:39:36
state : 1
log : 21784 / 2017-1-31
YA20151207130233 - 2017-01-27 12:39:37
state : 1
log : 21785 / 2017-1-31
YA20151207130233 - 2017-01-27 12:39:39
state : 1
log : 21786 / 2017-1-31
YA20151207130233 - 2017-01-27 12:39:41
state : 1
log : 21787 / 2017-1-31
YA20151207130233 - 2017-01-27 12:39:42
state : 1
log : 21788 / 2017-1-31
YA20151207130233 - 2017-01-27 12:39:43
state : 1
log : 21789 / 2017-1-31
YA20151207130233 - 2017-01-27 12:39:44
state : 1
log : 21790 / 2017-1-31
YA20161116113212 - 2017-01-27 12:43:53
state : 1
log : 37179 / 2017-02-06
YA20161116113212 - 2017-01-27 12:49:50
state : 1
log : 35167 / 2017-02-04
YA20161116113212 - 2017-01-27 12:53:18
state : 1
log : 45867 / 2017-02-12
45867 / 2017-02-13
YA20151207130233 - 2017-01-27 13:01:30
state : 1
log : 21751 / 2017-01-29
YA20151207130233 - 2017-01-27 13:09:34
state : 1
log : 9506 / 2017-2-17
2017-01-27 13:12:23
key : YA20151207130233
state : 1
log : 12528 / 2017-2-17
2017-01-27 13:12:25
key : YA20151207130233
state : 1
log : 12527 / 2017-2-17
2017-01-27 13:12:26
key : YA20151207130233
state : 1
log : 12526 / 2017-2-17
YA20161116113212 - 2017-01-27 13:15:00
state : 1
log : 22206 / 2017-01-28
YA20151207130233 - 2017-01-27 13:19:40
state : 2
log : 5904 : 이미 막힌 객실 선택
YA20151207130233 - 2017-01-27 13:22:51
state : 1
log : 33980 / 2017-2-7
YA20151207130233 - 2017-01-27 13:31:16
state : 1
log : 23482 / 2017-1-27
YA20151207130233 - 2017-01-27 13:32:45
state : 1
log : 25129 / 2017-1-28
YA20161116113212 - 2017-01-27 13:48:04
state : 1
log : 45238 / 2017-01-30
YA20161116113212 - 2017-01-27 14:00:26
state : 1
log : 15338 / 2017-01-27
YA20151207130233 - 2017-01-27 14:08:16
state : 1
log : 43736 / 2017-1-27
YA20151207130233 - 2017-01-27 14:08:17
state : 1
log : 43737 / 2017-1-27
YA20151207130233 - 2017-01-27 14:08:19
state : 1
log : 43741 / 2017-1-27
YA20151207130233 - 2017-01-27 14:08:21
state : 1
log : 43766 / 2017-1-27
YA20151207130233 - 2017-01-27 14:08:22
state : 1
log : 43769 / 2017-1-27
YA20151207130233 - 2017-01-27 14:08:24
state : 1
log : 43771 / 2017-1-27
YA20151207130233 - 2017-01-27 14:08:25
state : 1
log : 43772 / 2017-1-27
YA20151207130233 - 2017-01-27 14:08:27
state : 1
log : 43773 / 2017-1-27
YA20161116113212 - 2017-01-27 14:19:39
state : 1
log : 46661 / 2017-02-05
YA20161116113212 - 2017-01-27 14:23:27
state : 1
log : 37551 / 2017-01-30
YA20151207130233 - 2017-01-27 14:23:59
state : 1
log : 20703 / 2017-1-30
YA20151207130233 - 2017-01-27 14:29:27
state : 1
log : 34061 / 2017-01-30
YA20151207130233 - 2017-01-27 14:29:38
state : 1
log : 17746 / 2017-1-27
YA20151207130233 - 2017-01-27 14:31:10
state : 1
log : 34061 / 2017-1-30
YA20151207130233 - 2017-01-27 14:33:55
state : 1
log : 24714 / 2017-1-27
YA20151207130233 - 2017-01-27 14:33:57
state : 1
log : 24715 / 2017-1-29
YA20151207130233 - 2017-01-27 14:34:14
state : 1
log : 24716 / 2017-1-27
YA20151207130233 - 2017-01-27 14:34:37
state : 1
log : 24711 / 2017-1-27
2017-01-27 14:34:53
key : YA20151207130233
state : 1
log : 24711 / 2017-1-27
YA20151207130233 - 2017-01-27 14:39:36
state : 1
log : 21577 / 2017-1-27
2017-01-27 14:49:02
key : YA20151207130233
state : 1
log : 9507 / 2017-1-27
YA20151207130233 - 2017-01-27 14:51:30
state : 1
log : 17750 / 2017-1-29
YA20151207130233 - 2017-01-27 15:04:36
state : 3
log : 6301 : 등록된 객실 없습니다
YA20161116113212 - 2017-01-27 15:15:12
state : 1
log : 21800 / 2017-02-03
YA20151207130233 - 2017-01-27 15:20:39
state : 1
log : 24133 / 2017-1-28
YA20161116113212 - 2017-01-27 15:21:34
state : 1
log : 44870 / 2017-02-07
YA20161116113212 - 2017-01-27 15:24:33
state : 1
log : 33783 / 2017-01-29
33783 / 2017-01-30
YA20151207130233 - 2017-01-27 15:25:19
state : 1
log : 21814 / 2017-01-30
YA20161116113212 - 2017-01-27 15:28:41
state : 1
log : 46672 / 2017-02-03
YA20151207130233 - 2017-01-27 15:39:58
state : 1
log : 23481 / 2017-1-27
2017-01-27 15:40:12
key : YA20151207130233
state : 1
log : 23483 / 2017-1-27
YA20151207130233 - 2017-01-27 15:42:23
state : 1
log : 33984 / 2017-1-28
YA20151207130233 - 2017-01-27 15:42:39
state : 2
log : 6084 : 이미 막힌 객실 선택
YA20151207130233 - 2017-01-27 15:45:09
state : 1
log : 9502 / 2017-1-27
YA20161116113212 - 2017-01-27 15:55:38
state : 1
log : 31620 / 2017-02-01
YA20161116113212 - 2017-01-27 16:00:56
state : 1
log : 7708 / 2017-01-29
YA20151207130233 - 2017-01-27 16:02:18
state : 1
log : 35128 / 2017-2-4
YA20151207130233 - 2017-01-27 16:04:32
state : 1
log : 46325 / 2017-1-27
YA20151207130233 - 2017-01-27 16:16:15
state : 1
log : 21728 / 2017-1-28
YA20151207130233 - 2017-01-27 16:16:18
state : 1
log : 21725 / 2017-1-29
YA20161116113212 - 2017-01-27 16:20:26
state : 1
log : 15305 / 2017-01-28
YA20151207130233 - 2017-01-27 16:21:04
state : 1
log : 46326 / 2017-1-27
YA20151207130233 - 2017-01-27 16:21:14
state : 1
log : 46326 / 2017-1-28
YA20161116113212 - 2017-01-27 16:26:20
state : 1
log : 42012 / 2017-01-27
YA20151207130233 - 2017-01-27 16:29:32
state : 2
log : 5901 : 이미 막힌 객실 선택
YA20151207130233 - 2017-01-27 16:31:00
state : 1
log : 3695 / 2017-02-04
YA20151207130233 - 2017-01-27 16:40:32
state : 1
log : 34061 / 2017-01-31
YA20151207130233 - 2017-01-27 16:45:53
state : 1
log : 43771 / 2017-01-28
YA20151207130233 - 2017-01-27 16:46:19
state : 3
log : 6297 : 등록된 객실 없습니다
YA20151207130233 - 2017-01-27 16:47:14
state : 1
log : 43769 / 2017-1-28
YA20151207130233 - 2017-01-27 16:47:15
state : 1
log : 43771 / 2017-1-28
YA20151207130233 - 2017-01-27 17:00:28
state : 1
log : 344 / 2017-2-18
YA20151207130233 - 2017-01-27 17:00:41
state : 1
log : 342 / 2017-2-18
YA20161116113212 - 2017-01-27 17:02:19
state : 1
log : 21903 / 2017-01-30
YA20151207130233 - 2017-01-27 17:02:31
state : 1
log : 341 / 2017-2-18
YA20151207130233 - 2017-01-27 17:02:39
state : 1
log : 342 / 2017-2-11
YA20161116113212 - 2017-01-27 17:04:14
state : 1
log : 32651 / 2017-02-04
YA20151207130233 - 2017-01-27 17:05:54
state : 1
log : 14498 / 2017-1-27
YA20161116113212 - 2017-01-27 17:07:55
state : 1
log : 15424 / 2017-01-28
YA20161116113212 - 2017-01-27 17:09:01
state : 1
log : 13456 / 2017-02-01
YA20151207130233 - 2017-01-27 17:16:32
state : 1
log : 34021 / 2017-01-29
YA20151207130233 - 2017-01-27 17:21:21
state : 2
log : 4891 : 이미 막힌 객실 선택
YA20151207130233 - 2017-01-27 17:24:16
state : 1
log : 14859 / 2017-1-27
YA20151207130233 - 2017-01-27 17:24:18
state : 1
log : 14860 / 2017-1-27
YA20151207130233 - 2017-01-27 17:24:19
state : 1
log : 14861 / 2017-1-27
YA20151207130233 - 2017-01-27 17:24:21
state : 1
log : 14862 / 2017-1-27
YA20151207130233 - 2017-01-27 17:24:22
state : 1
log : 14863 / 2017-1-27
YA20151207130233 - 2017-01-27 17:24:23
state : 1
log : 14864 / 2017-1-27
YA20151207130233 - 2017-01-27 17:24:24
state : 1
log : 14866 / 2017-1-27
YA20151207130233 - 2017-01-27 17:24:26
state : 1
log : 14867 / 2017-1-27
YA20151207130233 - 2017-01-27 17:24:27
state : 1
log : 14868 / 2017-1-27
YA20151207130233 - 2017-01-27 17:24:28
state : 1
log : 14869 / 2017-1-27
YA20151207130233 - 2017-01-27 17:24:30
state : 1
log : 14870 / 2017-1-27
YA20151207130233 - 2017-01-27 17:24:31
state : 1
log : 14871 / 2017-1-27
YA20151207130233 - 2017-01-27 17:24:32
state : 1
log : 14865 / 2017-1-27
YA20151207130233 - 2017-01-27 17:24:33
state : 1
log : 14859 / 2017-1-28
YA20151207130233 - 2017-01-27 17:24:35
state : 1
log : 14860 / 2017-1-28
YA20151207130233 - 2017-01-27 17:24:36
state : 1
log : 14861 / 2017-1-28
YA20151207130233 - 2017-01-27 17:24:37
state : 1
log : 14862 / 2017-1-28
YA20151207130233 - 2017-01-27 17:24:40
state : 1
log : 14863 / 2017-1-28
YA20151207130233 - 2017-01-27 17:24:41
state : 1
log : 14864 / 2017-1-28
YA20151207130233 - 2017-01-27 17:24:42
state : 1
log : 14866 / 2017-1-28
YA20151207130233 - 2017-01-27 17:24:44
state : 1
log : 14867 / 2017-1-28
YA20151207130233 - 2017-01-27 17:24:45
state : 1
log : 14868 / 2017-1-28
YA20151207130233 - 2017-01-27 17:24:46
state : 1
log : 14869 / 2017-1-28
YA20151207130233 - 2017-01-27 17:24:48
state : 1
log : 14870 / 2017-1-28
YA20151207130233 - 2017-01-27 17:24:49
state : 1
log : 14871 / 2017-1-28
YA20151207130233 - 2017-01-27 17:24:50
state : 1
log : 14865 / 2017-1-28
YA20151207130233 - 2017-01-27 17:24:52
state : 1
log : 14859 / 2017-1-27
YA20151207130233 - 2017-01-27 17:24:53
state : 1
log : 14860 / 2017-1-27
YA20151207130233 - 2017-01-27 17:24:55
state : 1
log : 14861 / 2017-1-27
YA20151207130233 - 2017-01-27 17:24:57
state : 1
log : 14862 / 2017-1-27
YA20151207130233 - 2017-01-27 17:24:58
state : 1
log : 14863 / 2017-1-27
YA20151207130233 - 2017-01-27 17:25:00
state : 1
log : 14864 / 2017-1-27
YA20151207130233 - 2017-01-27 17:25:01
state : 1
log : 14866 / 2017-1-27
YA20151207130233 - 2017-01-27 17:25:02
state : 1
log : 14867 / 2017-1-27
YA20151207130233 - 2017-01-27 17:25:04
state : 1
log : 14868 / 2017-1-27
YA20151207130233 - 2017-01-27 17:25:05
state : 1
log : 14869 / 2017-1-27
YA20151207130233 - 2017-01-27 17:25:06
state : 1
log : 14870 / 2017-1-27
YA20151207130233 - 2017-01-27 17:25:07
state : 1
log : 14871 / 2017-1-27
YA20151207130233 - 2017-01-27 17:25:09
state : 1
log : 14865 / 2017-1-27
YA20151207130233 - 2017-01-27 17:25:10
state : 1
log : 14859 / 2017-1-28
YA20151207130233 - 2017-01-27 17:25:11
state : 1
log : 14860 / 2017-1-28
YA20151207130233 - 2017-01-27 17:25:13
state : 1
log : 14861 / 2017-1-28
YA20151207130233 - 2017-01-27 17:25:15
state : 1
log : 14862 / 2017-1-28
YA20151207130233 - 2017-01-27 17:25:16
state : 1
log : 14863 / 2017-1-28
YA20151207130233 - 2017-01-27 17:25:17
state : 1
log : 14864 / 2017-1-28
YA20151207130233 - 2017-01-27 17:25:18
state : 1
log : 14866 / 2017-1-28
YA20151207130233 - 2017-01-27 17:25:20
state : 1
log : 14867 / 2017-1-28
YA20151207130233 - 2017-01-27 17:25:22
state : 1
log : 14868 / 2017-1-28
YA20151207130233 - 2017-01-27 17:25:24
state : 1
log : 14869 / 2017-1-28
YA20151207130233 - 2017-01-27 17:25:26
state : 1
log : 14870 / 2017-1-28
YA20151207130233 - 2017-01-27 17:25:28
state : 1
log : 14871 / 2017-1-28
YA20151207130233 - 2017-01-27 17:25:29
state : 1
log : 14865 / 2017-1-28
YA20151207130233 - 2017-01-27 17:28:04
state : 2
log : 4896 : 이미 막힌 객실 선택
YA20151207130233 - 2017-01-27 17:28:05
state : 2
log : 4896 : 이미 막힌 객실 선택
YA20151207130233 - 2017-01-27 17:28:06
state : 1
log : 21771 / 2017-1-30
YA20151207130233 - 2017-01-27 17:29:30
state : 1
log : 16641 / 2017-01-29
YA20151207130233 - 2017-01-27 17:30:44
state : 3
log : 6298 : 등록된 객실 없습니다
YA20151207130233 - 2017-01-27 17:33:33
state : 1
log : 18057 / 2017-1-27
YA20161116113212 - 2017-01-27 17:38:31
state : 1
log : 12429 / 2017-01-30
YA20161116113212 - 2017-01-27 17:54:04
state : 1
log : 34870 / 2017-01-28
YA20161116113212 - 2017-01-27 17:56:21
state : 1
log : 652 / 2017-02-04
YA20151207130233 - 2017-01-27 18:06:58
state : 2
log : 5244 : 이미 막힌 객실 선택
YA20161116113212 - 2017-01-27 18:16:48
state : 1
log : 36865 / 2017-01-27
YA20161116113212 - 2017-01-27 18:22:13
state : 1
log : 42751 / 2017-02-01
42751 / 2017-02-02
2017-01-27 18:26:44
key : YA20151207130233
state : 1
log : 4877 / 2017-2-10
YA20161116113212 - 2017-01-27 18:26:44
state : 1
log : 42750 / 2017-02-01
42750 / 2017-02-02
YA20151207130233 - 2017-01-27 18:37:44
state : 1
log : 17753 / 2017-2-4
YA20151207130233 - 2017-01-27 18:50:43
state : 2
log : 5245 : 이미 막힌 객실 선택
YA20151207130233 - 2017-01-27 18:50:43
state : 1
log : 17750 / 2017-1-27
YA20151207130233 - 2017-01-27 18:51:02
state : 1
log : 3701 / 2017-1-29
2017-01-27 18:51:29
key : YA20151207130233
state : 1
log : 3700 / 2017-1-30
YA20151207130233 - 2017-01-27 18:51:58
state : 1
log : 3701 / 2017-1-27
YA20151207130233 - 2017-01-27 18:52:26
state : 1
log : 3695 / 2017-1-27
YA20151207130233 - 2017-01-27 18:52:28
state : 1
log : 3695 / 2017-1-27
YA20151207130233 - 2017-01-27 18:52:49
state : 1
log : 3701 / 2017-1-27
YA20151207130233 - 2017-01-27 18:52:50
state : 2
log : 5244 : 이미 막힌 객실 선택
YA20151207130233 - 2017-01-27 18:52:51
state : 1
log : 3701 / 2017-1-27
YA20151207130233 - 2017-01-27 18:52:53
state : 2
log : 5244 : 이미 막힌 객실 선택
YA20151207130233 - 2017-01-27 18:52:54
state : 1
log : 3701 / 2017-1-27
YA20151207130233 - 2017-01-27 18:52:56
state : 2
log : 5244 : 이미 막힌 객실 선택
YA20151207130233 - 2017-01-27 19:10:26
state : 1
log : 46325 / 2017-2-3
YA20161116113212 - 2017-01-27 19:23:36
state : 1
log : 16138 / 2017-02-03
2017-01-27 19:24:14
key : YA20151207130233
state : 1
log : 46325 / 2017-2-3
YA20151207130233 - 2017-01-27 19:24:29
state : 1
log : 46328 / 2017-2-3
YA20151207130233 - 2017-01-27 19:39:26
state : 1
log : 24755 / 2017-1-27
2017-01-27 19:51:28
key : YA20151207130233
state : 1
log : 24712 / 2017-1-27
YA20151207130233 - 2017-01-27 19:51:42
state : 1
log : 24712 / 2017-1-27
YA20151207130233 - 2017-01-27 19:57:24
state : 1
log : 10540 / 2017-1-28
YA20151207130233 - 2017-01-27 20:03:58
state : 1
log : 24712 / 2017-01-29
YA20161116113212 - 2017-01-27 20:06:38
state : 1
log : 22685 / 2017-01-29
YA20161116113212 - 2017-01-27 20:07:06
state : 1
log : 33169 / 2017-01-28
YA20161116113212 - 2017-01-27 20:13:29
state : 1
log : 22477 / 2017-01-30
YA20151207130233 - 2017-01-27 20:15:10
state : 1
log : 19886 / 2017-01-27
2017-01-27 20:21:11
key : YA20151207130233
state : 1
log : 21753 / 2017-1-28
YA20151207130233 - 2017-01-27 20:21:32
state : 1
log : 21745 / 2017-1-28
YA20151207130233 - 2017-01-27 20:21:38
state : 1
log : 34061 / 2017-1-31
YA20151207130233 - 2017-01-27 20:21:59
state : 1
log : 19886 / 2017-02-04
YA20151207130233 - 2017-01-27 20:27:20
state : 1
log : 24086 / 2017-1-29
YA20151207130233 - 2017-01-27 20:31:00
state : 1
log : 21753 / 2017-01-28
YA20151207130233 - 2017-01-27 20:32:28
state : 1
log : 21753 / 2017-1-28
YA20161116113212 - 2017-01-27 20:33:42
state : 1
log : 26457 / 2017-02-15
YA20151207130233 - 2017-01-27 20:39:54
state : 1
log : 22868 / 2017-1-27
YA20151207130233 - 2017-01-27 20:47:20
state : 3
log : 6214 : 등록된 객실 없습니다
2017-01-27 21:04:28
key : YA20151207130233
state : 1
log : 23482 / 2017-01-28
2017-01-27 21:04:29
key : YA20151207130233
state : 1
log : 23482 / 2017-01-29
YA20151207130233 - 2017-01-27 21:06:21
state : 3
log :  : 등록된 객실 없습니다
YA20151207130233 - 2017-01-27 21:06:22
state : 3
log :  : 등록된 객실 없습니다
YA20151207130233 - 2017-01-27 21:07:53
state : 3
log :  : 등록된 객실 없습니다
YA20151207130233 - 2017-01-27 21:07:54
state : 3
log :  : 등록된 객실 없습니다
2017-01-27 21:08:24
key : YA20151207130233
state : 1
log : 23483 / 2017-1-28
YA20161116113212 - 2017-01-27 21:10:41
state : 1
log : 29481 / 2017-01-28
YA20151207130233 - 2017-01-27 21:12:46
state : 1
log : 628 / 2017-1-28
YA20151207130233 - 2017-01-27 21:12:47
state : 1
log : 635 / 2017-1-28
YA20151207130233 - 2017-01-27 21:12:49
state : 1
log : 637 / 2017-1-28
YA20151207130233 - 2017-01-27 21:12:50
state : 2
log : 462 : 이미 막힌 객실 선택
YA20151207130233 - 2017-01-27 21:12:52
state : 1
log : 675 / 2017-1-28
YA20151207130233 - 2017-01-27 21:12:53
state : 1
log : 680 / 2017-1-28
YA20151207130233 - 2017-01-27 21:12:54
state : 1
log : 682 / 2017-1-28
YA20151207130233 - 2017-01-27 21:12:56
state : 1
log : 628 / 2017-1-28
YA20151207130233 - 2017-01-27 21:12:57
state : 1
log : 635 / 2017-1-28
YA20151207130233 - 2017-01-27 21:12:58
state : 1
log : 637 / 2017-1-28
YA20151207130233 - 2017-01-27 21:12:59
state : 2
log : 462 : 이미 막힌 객실 선택
YA20151207130233 - 2017-01-27 21:13:01
state : 1
log : 675 / 2017-1-28
YA20151207130233 - 2017-01-27 21:13:02
state : 1
log : 680 / 2017-1-28
YA20151207130233 - 2017-01-27 21:13:03
state : 1
log : 682 / 2017-1-28
YA20151207130233 - 2017-01-27 21:13:04
state : 1
log : 628 / 2017-1-28
YA20151207130233 - 2017-01-27 21:13:06
state : 1
log : 635 / 2017-1-28
YA20151207130233 - 2017-01-27 21:13:08
state : 1
log : 637 / 2017-1-28
YA20151207130233 - 2017-01-27 21:13:09
state : 2
log : 462 : 이미 막힌 객실 선택
YA20151207130233 - 2017-01-27 21:13:10
state : 1
log : 675 / 2017-1-28
YA20151207130233 - 2017-01-27 21:13:11
state : 1
log : 680 / 2017-1-28
YA20151207130233 - 2017-01-27 21:13:13
state : 1
log : 682 / 2017-1-28
YA20151207130233 - 2017-01-27 21:13:14
state : 1
log : 628 / 2017-1-28
YA20151207130233 - 2017-01-27 21:13:15
state : 1
log : 635 / 2017-1-28
YA20151207130233 - 2017-01-27 21:13:17
state : 1
log : 637 / 2017-1-28
YA20151207130233 - 2017-01-27 21:13:18
state : 2
log : 462 : 이미 막힌 객실 선택
YA20151207130233 - 2017-01-27 21:13:19
state : 1
log : 675 / 2017-1-28
YA20151207130233 - 2017-01-27 21:13:20
state : 1
log : 680 / 2017-1-28
YA20151207130233 - 2017-01-27 21:13:22
state : 1
log : 682 / 2017-1-28
YA20151207130233 - 2017-01-27 21:13:24
state : 1
log : 628 / 2017-1-28
YA20151207130233 - 2017-01-27 21:13:25
state : 1
log : 635 / 2017-1-28
YA20151207130233 - 2017-01-27 21:13:27
state : 1
log : 637 / 2017-1-28
YA20151207130233 - 2017-01-27 21:13:28
state : 2
log : 462 : 이미 막힌 객실 선택
YA20151207130233 - 2017-01-27 21:13:29
state : 1
log : 675 / 2017-1-28
YA20151207130233 - 2017-01-27 21:13:30
state : 1
log : 680 / 2017-1-28
YA20151207130233 - 2017-01-27 21:13:31
state : 1
log : 682 / 2017-1-28
YA20151207130233 - 2017-01-27 21:13:33
state : 1
log : 628 / 2017-1-28
YA20151207130233 - 2017-01-27 21:13:35
state : 1
log : 635 / 2017-1-28
YA20151207130233 - 2017-01-27 21:13:37
state : 1
log : 637 / 2017-1-28
YA20151207130233 - 2017-01-27 21:13:38
state : 2
log : 462 : 이미 막힌 객실 선택
YA20151207130233 - 2017-01-27 21:13:39
state : 1
log : 675 / 2017-1-28
YA20151207130233 - 2017-01-27 21:13:40
state : 1
log : 680 / 2017-1-28
YA20151207130233 - 2017-01-27 21:13:42
state : 1
log : 682 / 2017-1-28
YA20161116113212 - 2017-01-27 21:17:07
state : 1
log : 44628 / 2017-02-13
44628 / 2017-02-14
YA20151207130233 - 2017-01-27 21:22:27
state : 1
log : 35132 / 2017-01-30
YA20161116113212 - 2017-01-27 21:23:34
state : 1
log : 9875 / 2017-02-17
YA20161116113212 - 2017-01-27 21:23:53
state : 1
log : 13237 / 2017-01-30
13237 / 2017-01-31
YA20151207130233 - 2017-01-27 21:33:34
state : 1
log : 46329 / 2017-1-27
YA20161116113212 - 2017-01-27 21:33:45
state : 1
log : 34435 / 2017-01-29
YA20161116113212 - 2017-01-27 21:43:29
state : 1
log : 9854 / 2017-01-30
YA20151207130233 - 2017-01-27 21:48:43
state : 1
log : 16637 / 2017-1-28
YA20151207130233 - 2017-01-27 21:52:49
state : 1
log : 10538 / 2017-1-29
2017-01-27 21:54:20
key : YA20151207130233
state : 1
log : 15310 / 2017-1-30
2017-01-27 21:54:33
key : YA20151207130233
state : 1
log : 17751 / 2017-1-28
YA20161116113212 - 2017-01-27 22:04:29
state : 1
log : 28864 / 2017-01-30
YA20161116113212 - 2017-01-27 22:05:30
state : 1
log : 28065 / 2017-01-31
YA20151207130233 - 2017-01-27 22:08:21
state : 1
log : 19362 / 2017-2-12
YA20151207130233 - 2017-01-27 22:08:23
state : 1
log : 19362 / 2017-2-13
YA20151207130233 - 2017-01-27 22:08:24
state : 1
log : 19362 / 2017-2-14
YA20151207130233 - 2017-01-27 22:08:25
state : 1
log : 19362 / 2017-2-15
YA20151207130233 - 2017-01-27 22:08:27
state : 1
log : 19362 / 2017-2-16
YA20151207130233 - 2017-01-27 22:08:28
state : 1
log : 19362 / 2017-2-17
YA20151207130233 - 2017-01-27 22:08:29
state : 1
log : 19362 / 2017-2-18
YA20151207130233 - 2017-01-27 22:08:31
state : 1
log : 19362 / 2017-2-19
YA20151207130233 - 2017-01-27 22:08:32
state : 1
log : 19362 / 2017-2-20
YA20151207130233 - 2017-01-27 22:08:34
state : 1
log : 19362 / 2017-2-21
YA20151207130233 - 2017-01-27 22:08:35
state : 1
log : 19362 / 2017-2-22
YA20151207130233 - 2017-01-27 22:08:37
state : 1
log : 19362 / 2017-2-23
YA20151207130233 - 2017-01-27 22:08:38
state : 1
log : 19362 / 2017-2-24
YA20151207130233 - 2017-01-27 22:08:40
state : 1
log : 19362 / 2017-2-25
YA20151207130233 - 2017-01-27 22:08:42
state : 1
log : 19362 / 2017-2-26
YA20151207130233 - 2017-01-27 22:08:43
state : 1
log : 19362 / 2017-2-27
YA20151207130233 - 2017-01-27 22:08:46
state : 1
log : 19362 / 2017-2-28
YA20151207130233 - 2017-01-27 22:10:55
state : 1
log : 9728 / 2017-01-30
YA20151207130233 - 2017-01-27 22:12:28
state : 1
log : 18091 / 2017-1-29
YA20151207130233 - 2017-01-27 22:12:50
state : 1
log : 18093 / 2017-1-28
YA20151207130233 - 2017-01-27 22:21:55
state : 1
log : 17745 / 2017-1-28
YA20151207130233 - 2017-01-27 22:22:08
state : 1
log : 17751 / 2017-1-27
2017-01-27 22:24:53
key : YA20151207130233
state : 1
log : 25047 / 2017-1-27
2017-01-27 22:28:59
key : YA20151207130233
state : 1
log : 46329 / 2017-1-27
YA20151207130233 - 2017-01-27 22:29:23
state : 1
log : 46327 / 2017-1-28
YA20151207130233 - 2017-01-27 22:45:18
state : 1
log : 21581 / 2017-01-30
YA20161116113212 - 2017-01-27 22:55:53
state : 1
log : 7260 / 2017-01-28
YA20151207130233 - 2017-01-27 23:06:38
state : 1
log : 34060 / 2017-02-01
YA20151207130233 - 2017-01-27 23:18:30
state : 1
log : 21746 / 2017-01-28
YA20161116113212 - 2017-01-27 23:37:11
state : 1
log : 45954 / 2017-01-29
YA20151207130233 - 2017-01-27 23:39:11
state : 1
log : 47721 / 2017-01-28
YA20151207130233 - 2017-01-27 23:45:41
state : 1
log : 21580 / 2017-02-17
YA20151207130233 - 2017-01-27 23:54:15
state : 1
log : 21784 / 2017-01-29
