YA20161116113212 - 2017-02-12 00:00:27
state : 1
log : 15344 / 2017-02-12
YA20161116113212 - 2017-02-12 00:01:32
state : 1
log : 15003 / 2017-03-01
2017-02-12 00:47:18
key : YA20151207130233
state : 1
log : 21750 / 2017-2-12
2017-02-12 00:47:19
key : YA20151207130233
state : 1
log : 21747 / 2017-2-12
YA20151207130233 - 2017-02-12 00:49:24
state : 1
log : 21818 / 2017-02-13
YA20151207130233 - 2017-02-12 00:50:17
state : 1
log : 3702 / 2017-02-17
YA20151207130233 - 2017-02-12 03:55:18
state : 1
log : 24384 / 2017-02-17
YA20151207130233 - 2017-02-12 04:50:21
state : 1
log : 21745 / 2017-02-12
YA20151207130233 - 2017-02-12 05:28:35
state : 1
log : 10537 / 2017-2-27
YA20151207130233 - 2017-02-12 07:05:13
state : 1
log : 10539 / 2017-2-12
2017-02-12 08:44:01
key : YA20151207130233
state : 1
log : 12541 / 2017-2-12
YA20151207130233 - 2017-02-12 08:44:20
state : 1
log : 9503 / 2017-2-12
YA20151207130233 - 2017-02-12 08:44:21
state : 1
log : 29442 / 2017-2-19
YA20151207130233 - 2017-02-12 08:44:22
state : 1
log : 29442 / 2017-2-20
YA20151207130233 - 2017-02-12 08:44:23
state : 1
log : 29446 / 2017-2-20
YA20151207130233 - 2017-02-12 08:44:36
state : 1
log : 29444 / 2017-2-21
YA20151207130233 - 2017-02-12 08:44:37
state : 1
log : 29445 / 2017-2-21
YA20151207130233 - 2017-02-12 08:44:38
state : 1
log : 29444 / 2017-2-22
YA20151207130233 - 2017-02-12 08:44:39
state : 1
log : 29445 / 2017-2-22
YA20151207130233 - 2017-02-12 08:44:58
state : 1
log : 29442 / 2017-2-23
YA20151207130233 - 2017-02-12 08:45:00
state : 1
log : 29446 / 2017-2-23
YA20151207130233 - 2017-02-12 08:45:01
state : 1
log : 29442 / 2017-2-24
YA20151207130233 - 2017-02-12 08:45:02
state : 1
log : 29446 / 2017-2-24
YA20151207130233 - 2017-02-12 08:45:13
state : 1
log : 29444 / 2017-2-26
YA20151207130233 - 2017-02-12 08:45:14
state : 1
log : 29445 / 2017-2-26
YA20151207130233 - 2017-02-12 09:11:44
state : 1
log : 12538 / 2017-3-4
YA20151207130233 - 2017-02-12 09:11:45
state : 1
log : 12538 / 2017-3-5
2017-02-12 09:12:30
key : YA20151207130233
state : 1
log : 9726 / 2017-2-16
YA20151207130233 - 2017-02-12 09:14:41
state : 1
log : 9726 / 2017-02-16
YA20161116113212 - 2017-02-12 09:20:41
state : 1
log : 19569 / 2017-02-12
YA20151207130233 - 2017-02-12 09:26:32
state : 1
log : 21578 / 2017-02-13
YA20151207130233 - 2017-02-12 09:30:23
state : 1
log : 24094 / 2017-2-18
YA20151207130233 - 2017-02-12 09:47:28
state : 1
log : 21578 / 2017-2-13
YA20151207130233 - 2017-02-12 09:48:35
state : 1
log : 21579 / 2017-2-21
YA20151207130233 - 2017-02-12 09:53:45
state : 2
log : 4363 : 이미 막힌 객실 선택
YA20151207130233 - 2017-02-12 10:01:14
state : 1
log : 3702 / 2017-2-17
2017-02-12 10:09:39
key : YA20151207130233
state : 1
log : 21784 / 2017-2-14
2017-02-12 10:09:40
key : YA20151207130233
state : 1
log : 21787 / 2017-2-14
2017-02-12 10:09:41
key : YA20151207130233
state : 1
log : 21788 / 2017-2-14
2017-02-12 10:09:42
key : YA20151207130233
state : 1
log : 21790 / 2017-2-14
2017-02-12 10:09:56
key : YA20151207130233
state : 1
log : 21787 / 2017-2-12
YA20151207130233 - 2017-02-12 10:26:35
state : 1
log : 21771 / 2017-2-12
YA20151207130233 - 2017-02-12 10:26:50
state : 1
log : 21771 / 2017-2-18
YA20151207130233 - 2017-02-12 10:26:59
state : 1
log : 21771 / 2017-2-17
YA20151207130233 - 2017-02-12 10:36:00
state : 1
log : 34061 / 2017-2-18
YA20161116113212 - 2017-02-12 10:53:20
state : 1
log : 34429 / 2017-02-13
YA20151207130233 - 2017-02-12 10:55:38
state : 1
log : 35133 / 2017-2-19
YA20151207130233 - 2017-02-12 11:01:17
state : 1
log : 15308 / 2017-02-12
YA20151207130233 - 2017-02-12 11:11:47
state : 1
log : 15308 / 2017-2-12
YA20151207130233 - 2017-02-12 11:24:46
state : 2
log : 5245 : 이미 막힌 객실 선택
YA20151207130233 - 2017-02-12 11:27:55
state : 2
log : 5245 : 이미 막힌 객실 선택
YA20151207130233 - 2017-02-12 11:41:40
state : 1
log : 9728 / 2017-2-12
YA20161116113212 - 2017-02-12 11:51:27
state : 1
log : 19781 / 2017-02-22
YA20161116113212 - 2017-02-12 11:55:44
state : 1
log : 19741 / 2017-02-12
YA20151207130233 - 2017-02-12 12:09:01
state : 1
log : 23482 / 2017-2-12
YA20151207130233 - 2017-02-12 12:13:49
state : 1
log : 21576 / 2017-2-12
YA20151207130233 - 2017-02-12 12:18:35
state : 1
log : 23314 / 2017-02-21
YA20161116113212 - 2017-02-12 12:40:31
state : 1
log : 17661 / 2017-03-11
YA20161116113212 - 2017-02-12 12:41:13
state : 1
log : 35006 / 2017-02-13
YA20151207130233 - 2017-02-12 12:47:43
state : 1
log : 41988 / 2017-02-12
YA20161116113212 - 2017-02-12 13:12:49
state : 1
log : 15389 / 2017-02-23
YA20151207130233 - 2017-02-12 13:14:46
state : 2
log : 5906 : 이미 막힌 객실 선택
YA20151207130233 - 2017-02-12 13:14:47
state : 2
log : 5905 : 이미 막힌 객실 선택
YA20151207130233 - 2017-02-12 13:14:48
state : 1
log : 18057 / 2017-2-12
YA20151207130233 - 2017-02-12 13:14:49
state : 2
log : 5903 : 이미 막힌 객실 선택
YA20151207130233 - 2017-02-12 13:14:51
state : 1
log : 18059 / 2017-2-12
YA20151207130233 - 2017-02-12 13:14:52
state : 2
log : 5901 : 이미 막힌 객실 선택
YA20151207130233 - 2017-02-12 13:14:53
state : 1
log : 18055 / 2017-2-13
YA20151207130233 - 2017-02-12 13:14:55
state : 1
log : 18056 / 2017-2-13
YA20151207130233 - 2017-02-12 13:14:56
state : 1
log : 18057 / 2017-2-13
YA20151207130233 - 2017-02-12 13:14:58
state : 2
log : 5903 : 이미 막힌 객실 선택
YA20151207130233 - 2017-02-12 13:14:59
state : 1
log : 18059 / 2017-2-13
YA20151207130233 - 2017-02-12 13:15:00
state : 1
log : 18060 / 2017-2-13
YA20151207130233 - 2017-02-12 13:17:46
state : 7
log : 4902 : 해당 객실 예약 존재
YA20151207130233 - 2017-02-12 13:18:57
state : 1
log : 46335 / 2017-2-24
YA20151207130233 - 2017-02-12 13:41:02
state : 1
log : 25128 / 2017-2-12
YA20161116113212 - 2017-02-12 13:45:52
state : 1
log : 36448 / 2017-02-13
YA20151207130233 - 2017-02-12 13:46:46
state : 2
log : 5348 : 이미 막힌 객실 선택
YA20151207130233 - 2017-02-12 13:52:37
state : 1
log : 9725 / 2017-2-21
YA20151207130233 - 2017-02-12 14:04:32
state : 1
log : 21576 / 2017-2-12
YA20161116113212 - 2017-02-12 14:04:35
state : 1
log : 46812 / 2017-02-13
YA20151207130233 - 2017-02-12 14:07:31
state : 1
log : 20713 / 2017-2-16
YA20151207130233 - 2017-02-12 14:08:17
state : 1
log : 19897 / 2017-02-18
YA20151207130233 - 2017-02-12 14:08:18
state : 1
log : 19896 / 2017-02-18
YA20151207130233 - 2017-02-12 14:10:18
state : 3
log : 6303 : 등록된 객실 없습니다
YA20151207130233 - 2017-02-12 14:10:19
state : 3
log : 6299 : 등록된 객실 없습니다
YA20151207130233 - 2017-02-12 14:20:31
state : 1
log : 20703 / 2017-2-12
YA20151207130233 - 2017-02-12 14:26:23
state : 3
log : 6297 : 등록된 객실 없습니다
YA20161116113212 - 2017-02-12 14:27:30
state : 1
log : 17935 / 2017-02-12
2017-02-12 14:29:28
key : YA20151207130233
state : 1
log : 20712 / 2017-2-13
YA20151207130233 - 2017-02-12 14:37:16
state : 1
log : 19891 / 2017-2-12
YA20151207130233 - 2017-02-12 14:37:18
state : 1
log : 19891 / 2017-2-13
YA20151207130233 - 2017-02-12 14:37:19
state : 1
log : 19891 / 2017-2-14
YA20151207130233 - 2017-02-12 14:37:20
state : 1
log : 19891 / 2017-2-15
YA20151207130233 - 2017-02-12 14:37:21
state : 1
log : 19891 / 2017-2-16
YA20151207130233 - 2017-02-12 14:37:22
state : 1
log : 19891 / 2017-2-18
YA20151207130233 - 2017-02-12 14:40:28
state : 1
log : 21813 / 2017-02-16
YA20161116113212 - 2017-02-12 14:42:06
state : 1
log : 36625 / 2017-02-14
36625 / 2017-02-15
YA20151207130233 - 2017-02-12 14:55:26
state : 1
log : 22867 / 2017-02-13
YA20161116113212 - 2017-02-12 15:06:50
state : 1
log : 22201 / 2017-02-18
YA20151207130233 - 2017-02-12 15:11:34
state : 1
log : 21816 / 2017-02-20
YA20151207130233 - 2017-02-12 15:12:59
state : 1
log : 12539 / 2017-2-12
2017-02-12 15:13:18
key : YA20151207130233
state : 1
log : 9505 / 2017-2-12
YA20151207130233 - 2017-02-12 15:15:09
state : 1
log : 43766 / 2017-2-18
YA20151207130233 - 2017-02-12 15:15:25
state : 1
log : 43766 / 2017-2-18
YA20151207130233 - 2017-02-12 15:16:26
state : 1
log : 46327 / 2017-2-12
YA20151207130233 - 2017-02-12 15:17:34
state : 1
log : 43736 / 2017-2-13
YA20151207130233 - 2017-02-12 15:20:32
state : 1
log : 21750 / 2017-2-12
2017-02-12 15:25:48
key : YA20151207130233
state : 1
log : 43766 / 2017-2-18
YA20151207130233 - 2017-02-12 15:25:55
state : 1
log : 18079 / 2017-2-24
YA20151207130233 - 2017-02-12 15:27:42
state : 1
log : 14494 / 2017-2-13
YA20151207130233 - 2017-02-12 15:32:56
state : 1
log : 21816 / 2017-3-11
YA20151207130233 - 2017-02-12 15:34:52
state : 1
log : 21746 / 2017-2-12
YA20151207130233 - 2017-02-12 15:46:58
state : 1
log : 21748 / 2017-2-12
YA20161116113212 - 2017-02-12 15:51:24
state : 1
log : 9884 / 2017-02-23
YA20151207130233 - 2017-02-12 16:17:01
state : 2
log : 5946 : 이미 막힌 객실 선택
YA20161116113212 - 2017-02-12 16:23:05
state : 1
log : 9770 / 2017-02-12
YA20151207130233 - 2017-02-12 16:24:11
state : 2
log : 2955 : 이미 막힌 객실 선택
YA20151207130233 - 2017-02-12 16:24:24
state : 1
log : 17749 / 2017-2-16
2017-02-12 16:24:40
key : YA20151207130233
state : 1
log : 17748 / 2017-2-16
YA20161116113212 - 2017-02-12 16:29:27
state : 1
log : 21529 / 2017-02-15
YA20151207130233 - 2017-02-12 16:32:37
state : 1
log : 13038 / 2017-2-25
YA20151207130233 - 2017-02-12 16:42:10
state : 1
log : 47534 / 2017-4-22
YA20151207130233 - 2017-02-12 16:42:11
state : 1
log : 47535 / 2017-4-22
YA20151207130233 - 2017-02-12 16:42:35
state : 1
log : 22868 / 2017-02-25
YA20151207130233 - 2017-02-12 16:44:52
state : 1
log : 41988 / 2017-02-18
YA20161116113212 - 2017-02-12 16:51:41
state : 1
log : 4404 / 2017-02-18
YA20161116113212 - 2017-02-12 17:02:05
state : 1
log : 22696 / 2017-03-11
YA20161116113212 - 2017-02-12 17:02:28
state : 1
log : 34880 / 2017-02-12
YA20151207130233 - 2017-02-12 17:08:23
state : 1
log : 21581 / 2017-2-19
YA20151207130233 - 2017-02-12 17:15:22
state : 1
log : 20712 / 2017-2-17
YA20161116113212 - 2017-02-12 17:24:51
state : 1
log : 26298 / 2017-02-18
YA20151207130233 - 2017-02-12 17:34:09
state : 1
log : 20713 / 2017-2-15
YA20161116113212 - 2017-02-12 17:37:54
state : 1
log : 31145 / 2017-02-18
YA20151207130233 - 2017-02-12 17:40:42
state : 1
log : 46330 / 2017-2-12
YA20151207130233 - 2017-02-12 17:40:43
state : 1
log : 46331 / 2017-2-12
2017-02-12 17:45:14
key : YA20151207130233
state : 1
log : 17751 / 2017-02-17
YA20151207130233 - 2017-02-12 17:47:16
state : 1
log : 22869 / 2017-2-12
YA20161116113212 - 2017-02-12 17:48:57
state : 1
log : 21816 / 2017-02-12
2017-02-12 17:49:16
key : YA20151207130233
state : 1
log : 17751 / 2017-02-17
YA20151207130233 - 2017-02-12 17:49:35
state : 1
log : 21750 / 2017-2-13
YA20151207130233 - 2017-02-12 17:49:47
state : 1
log : 21752 / 2017-2-13
2017-02-12 17:50:10
key : YA20151207130233
state : 1
log : 17751 / 2017-02-17
YA20151207130233 - 2017-02-12 17:51:39
state : 3
log :  : 등록된 객실 없습니다
YA20151207130233 - 2017-02-12 17:54:57
state : 1
log : 20704 / 2017-2-18
YA20151207130233 - 2017-02-12 17:59:35
state : 2
log : 4361 : 이미 막힌 객실 선택
YA20151207130233 - 2017-02-12 17:59:36
state : 2
log : 4361 : 이미 막힌 객실 선택
YA20151207130233 - 2017-02-12 17:59:37
state : 2
log : 4361 : 이미 막힌 객실 선택
YA20151207130233 - 2017-02-12 18:04:11
state : 1
log : 21821 / 2017-2-28
YA20151207130233 - 2017-02-12 18:06:08
state : 1
log : 3323 / 2017-02-18
YA20151207130233 - 2017-02-12 18:11:18
state : 2
log : 4598 : 이미 막힌 객실 선택
YA20151207130233 - 2017-02-12 18:13:57
state : 1
log : 20707 / 2017-2-12
YA20161116113212 - 2017-02-12 18:17:51
state : 1
log : 24646 / 2017-02-12
YA20151207130233 - 2017-02-12 18:18:35
state : 3
log : 6064 : 등록된 객실 없습니다
YA20161116113212 - 2017-02-12 18:27:32
state : 1
log : 25543 / 2017-02-12
YA20151207130233 - 2017-02-12 18:31:10
state : 1
log : 20703 / 2017-02-27
YA20151207130233 - 2017-02-12 18:32:46
state : 1
log : 20703 / 2017-3-1
2017-02-12 18:43:02
key : YA20151207130233
state : 1
log : 29443 / 2017-02-17
YA20151207130233 - 2017-02-12 18:44:07
state : 3
log :  : 등록된 객실 없습니다
YA20151207130233 - 2017-02-12 18:49:43
state : 1
log : 21814 / 2017-02-22
YA20161116113212 - 2017-02-12 18:50:01
state : 1
log : 35343 / 2017-02-12
YA20161116113212 - 2017-02-12 19:00:29
state : 1
log : 39218 / 2017-02-15
2017-02-12 19:02:43
key : YA20151207130233
state : 1
log : 41995 / 2017-02-16
2017-02-12 19:04:49
key : YA20151207130233
state : 1
log : 41995 / 2017-02-16
2017-02-12 19:06:09
key : YA20151207130233
state : 1
log : 41995 / 2017-02-16
2017-02-12 19:08:29
key : YA20151207130233
state : 1
log : 41995 / 2017-02-16
YA20161116113212 - 2017-02-12 19:08:51
state : 1
log : 35012 / 2017-02-13
YA20151207130233 - 2017-02-12 19:09:36
state : 1
log : 21725 / 2017-3-15
YA20151207130233 - 2017-02-12 19:09:47
state : 2
log : 6434 : 이미 막힌 객실 선택
YA20151207130233 - 2017-02-12 19:25:06
state : 1
log : 46324 / 2017-2-17
YA20151207130233 - 2017-02-12 19:25:53
state : 1
log : 24755 / 2017-2-18
YA20151207130233 - 2017-02-12 19:25:54
state : 1
log : 24768 / 2017-2-18
YA20151207130233 - 2017-02-12 19:29:06
state : 1
log : 14492 / 2017-2-21
YA20151207130233 - 2017-02-12 19:33:00
state : 1
log : 14495 / 2017-2-12
YA20151207130233 - 2017-02-12 19:40:16
state : 1
log : 20712 / 2017-2-23
YA20151207130233 - 2017-02-12 19:43:38
state : 2
log : 4684 : 이미 막힌 객실 선택
YA20151207130233 - 2017-02-12 19:43:41
state : 2
log : 4683 : 이미 막힌 객실 선택
YA20161116113212 - 2017-02-12 19:56:13
state : 1
log : 39098 / 2017-02-15
YA20161116113212 - 2017-02-12 20:11:48
state : 1
log : 36230 / 2017-02-12
YA20161116113212 - 2017-02-12 20:29:49
state : 1
log : 35211 / 2017-02-18
YA20151207130233 - 2017-02-12 20:37:32
state : 1
log : 21834 / 2017-02-13
YA20161116113212 - 2017-02-12 20:48:31
state : 1
log : 26475 / 2017-02-12
YA20161116113212 - 2017-02-12 20:56:13
state : 1
log : 42751 / 2017-02-22
YA20151207130233 - 2017-02-12 20:57:07
state : 2
log : 6085 : 이미 막힌 객실 선택
2017-02-12 21:03:05
key : YA20151207130233
state : 1
log : 29444 / 2017-2-17
2017-02-12 21:04:29
key : YA20151207130233
state : 1
log : 29444 / 2017-2-18
YA20151207130233 - 2017-02-12 21:04:55
state : 1
log : 16638 / 2017-02-18
YA20151207130233 - 2017-02-12 21:12:32
state : 1
log : 34060 / 2017-02-16
YA20151207130233 - 2017-02-12 21:16:11
state : 1
log : 14492 / 2017-2-18
YA20151207130233 - 2017-02-12 21:28:04
state : 1
log : 21747 / 2017-2-12
YA20151207130233 - 2017-02-12 21:30:22
state : 1
log : 23580 / 2017-2-17
2017-02-12 21:40:36
key : YA20151207130233
state : 1
log : 21750 / 2017-2-13
YA20161116113212 - 2017-02-12 21:40:58
state : 1
log : 42745 / 2017-02-18
YA20151207130233 - 2017-02-12 21:53:29
state : 1
log : 24755 / 2017-2-12
YA20151207130233 - 2017-02-12 21:55:09
state : 2
log : 5243 : 이미 막힌 객실 선택
YA20151207130233 - 2017-02-12 21:58:02
state : 1
log : 14493 / 2017-02-18
YA20151207130233 - 2017-02-12 21:58:17
state : 1
log : 22867 / 2017-2-28
YA20151207130233 - 2017-02-12 21:58:18
state : 1
log : 22867 / 2017-2-28
YA20151207130233 - 2017-02-12 21:59:43
state : 2
log : 5568 : 이미 막힌 객실 선택
YA20151207130233 - 2017-02-12 22:08:48
state : 1
log : 24779 / 2017-2-15
YA20161116113212 - 2017-02-12 22:10:10
state : 1
log : 4054 / 2017-02-12
YA20161116113212 - 2017-02-12 22:13:12
state : 1
log : 38756 / 2017-02-24
38756 / 2017-02-25
YA20151207130233 - 2017-02-12 22:20:56
state : 1
log : 20705 / 2017-02-13
2017-02-12 22:23:14
key : YA20151207130233
state : 1
log : 24785 / 2017-2-18
YA20161116113212 - 2017-02-12 22:24:17
state : 1
log : 21819 / 2017-02-26
2017-02-12 22:25:22
key : YA20151207130233
state : 1
log : 16639 / 2017-02-25
YA20151207130233 - 2017-02-12 22:26:43
state : 3
log :  : 등록된 객실 없습니다
YA20151207130233 - 2017-02-12 22:27:44
state : 1
log : 24767 / 2017-2-18
YA20151207130233 - 2017-02-12 22:32:43
state : 1
log : 21819 / 2017-2-28
YA20151207130233 - 2017-02-12 22:41:07
state : 1
log : 20705 / 2017-2-13
YA20151207130233 - 2017-02-12 22:48:28
state : 1
log : 21817 / 2017-03-18
YA20151207130233 - 2017-02-12 22:49:54
state : 1
log : 33983 / 2017-2-16
YA20151207130233 - 2017-02-12 22:57:00
state : 1
log : 20709 / 2017-02-18
YA20151207130233 - 2017-02-12 23:00:02
state : 1
log : 20705 / 2017-2-12
YA20151207130233 - 2017-02-12 23:00:03
state : 1
log : 20706 / 2017-2-12
YA20151207130233 - 2017-02-12 23:00:04
state : 1
log : 20715 / 2017-2-12
YA20151207130233 - 2017-02-12 23:05:00
state : 1
log : 18059 / 2017-02-18
YA20161116113212 - 2017-02-12 23:21:43
state : 1
log : 25182 / 2017-02-27
YA20161116113212 - 2017-02-12 23:22:40
state : 1
log : 35077 / 2017-02-23
YA20151207130233 - 2017-02-12 23:23:10
state : 1
log : 22275 / 2017-2-19
YA20151207130233 - 2017-02-12 23:23:12
state : 1
log : 22275 / 2017-2-27
YA20151207130233 - 2017-02-12 23:25:35
state : 1
log : 22275 / 2017-3-4
YA20151207130233 - 2017-02-12 23:34:35
state : 1
log : 22279 / 2017-2-20
YA20151207130233 - 2017-02-12 23:37:40
state : 1
log : 21815 / 2017-02-22
