YA20161116113212 - 2017-01-31 00:05:23
state : 1
log : 10181 / 2017-02-05
YA20151207130233 - 2017-01-31 00:11:13
state : 1
log : 16493 / 2017-02-11
YA20161116113212 - 2017-01-31 00:28:41
state : 1
log : 30418 / 2017-02-02
YA20151207130233 - 2017-01-31 00:40:14
state : 1
log : 34061 / 2017-02-03
YA20161116113212 - 2017-01-31 00:41:14
state : 1
log : 10286 / 2017-02-01
10286 / 2017-02-02
YA20151207130233 - 2017-01-31 02:33:33
state : 1
log : 21578 / 2017-02-05
YA20161116113212 - 2017-01-31 02:47:17
state : 1
log : 45934 / 2017-02-01
45934 / 2017-02-02
YA20151207130233 - 2017-01-31 03:08:14
state : 1
log : 21818 / 2017-1-31
YA20151207130233 - 2017-01-31 03:51:58
state : 2
log : 5247 : 이미 막힌 객실 선택
YA20151207130233 - 2017-01-31 07:39:01
state : 1
log : 34061 / 2017-2-3
YA20151207130233 - 2017-01-31 07:40:12
state : 1
log : 21577 / 2017-2-1
YA20151207130233 - 2017-01-31 07:42:12
state : 1
log : 34061 / 2017-2-5
YA20151207130233 - 2017-01-31 07:42:13
state : 1
log : 34061 / 2017-2-6
YA20151207130233 - 2017-01-31 07:43:33
state : 1
log : 21578 / 2017-2-5
YA20151207130233 - 2017-01-31 08:29:40
state : 1
log : 21757 / 2017-2-1
YA20151207130233 - 2017-01-31 08:29:41
state : 1
log : 21758 / 2017-2-1
YA20151207130233 - 2017-01-31 08:29:43
state : 1
log : 21760 / 2017-2-1
YA20151207130233 - 2017-01-31 08:58:13
state : 1
log : 12529 / 2017-2-1
YA20151207130233 - 2017-01-31 08:59:24
state : 1
log : 43736 / 2017-2-1
YA20151207130233 - 2017-01-31 08:59:25
state : 1
log : 43737 / 2017-2-1
YA20151207130233 - 2017-01-31 08:59:27
state : 1
log : 43741 / 2017-2-1
YA20151207130233 - 2017-01-31 08:59:28
state : 1
log : 43766 / 2017-2-1
YA20151207130233 - 2017-01-31 08:59:29
state : 1
log : 43769 / 2017-2-1
YA20151207130233 - 2017-01-31 08:59:31
state : 1
log : 43771 / 2017-2-1
YA20151207130233 - 2017-01-31 08:59:32
state : 1
log : 43772 / 2017-2-1
YA20151207130233 - 2017-01-31 08:59:33
state : 1
log : 43773 / 2017-2-1
YA20151207130233 - 2017-01-31 09:07:09
state : 1
log : 21750 / 2017-2-4
YA20151207130233 - 2017-01-31 09:07:52
state : 1
log : 12533 / 2017-1-31
YA20151207130233 - 2017-01-31 09:18:49
state : 2
log : 5247 : 이미 막힌 객실 선택
YA20151207130233 - 2017-01-31 09:18:50
state : 2
log : 5244 : 이미 막힌 객실 선택
YA20151207130233 - 2017-01-31 09:18:51
state : 1
log : 3695 / 2017-2-4
YA20151207130233 - 2017-01-31 09:18:53
state : 2
log : 5247 : 이미 막힌 객실 선택
YA20151207130233 - 2017-01-31 09:18:55
state : 2
log : 5244 : 이미 막힌 객실 선택
YA20151207130233 - 2017-01-31 09:18:56
state : 1
log : 3695 / 2017-2-4
YA20151207130233 - 2017-01-31 09:19:22
state : 2
log : 5243 : 이미 막힌 객실 선택
YA20151207130233 - 2017-01-31 09:19:35
state : 2
log : 5243 : 이미 막힌 객실 선택
YA20151207130233 - 2017-01-31 09:19:37
state : 2
log : 5243 : 이미 막힌 객실 선택
YA20151207130233 - 2017-01-31 09:20:02
state : 1
log : 20703 / 2017-2-17
YA20151207130233 - 2017-01-31 09:31:22
state : 2
log : 5243 : 이미 막힌 객실 선택
YA20151207130233 - 2017-01-31 09:31:36
state : 7
log : 5243 : 해당 객실 예약 존재
YA20151207130233 - 2017-01-31 09:32:49
state : 2
log : 5243 : 이미 막힌 객실 선택
YA20151207130233 - 2017-01-31 09:34:22
state : 2
log : 5243 : 이미 막힌 객실 선택
YA20151207130233 - 2017-01-31 09:34:40
state : 7
log : 5775 : 해당 객실 예약 존재
YA20151207130233 - 2017-01-31 09:34:55
state : 1
log : 21749 / 2017-2-5
YA20151207130233 - 2017-01-31 09:39:04
state : 1
log : 34060 / 2017-02-04
YA20151207130233 - 2017-01-31 09:39:45
state : 1
log : 20706 / 2017-2-1
YA20151207130233 - 2017-01-31 09:39:47
state : 1
log : 20709 / 2017-2-1
YA20151207130233 - 2017-01-31 09:39:48
state : 1
log : 20706 / 2017-2-2
YA20151207130233 - 2017-01-31 09:50:33
state : 1
log : 2973 / 2017-2-11
YA20151207130233 - 2017-01-31 09:53:44
state : 1
log : 21750 / 2017-1-31
YA20151207130233 - 2017-01-31 09:56:40
state : 1
log : 34060 / 2017-2-4
YA20151207130233 - 2017-01-31 09:58:35
state : 1
log : 34060 / 2017-2-18
YA20151207130233 - 2017-01-31 10:00:37
state : 1
log : 11096 / 2017-2-4
YA20151207130233 - 2017-01-31 10:05:21
state : 1
log : 9723 / 2017-2-4
YA20151207130233 - 2017-01-31 10:10:07
state : 1
log : 21755 / 2017-01-31
YA20151207130233 - 2017-01-31 10:11:12
state : 1
log : 14869 / 2017-1-31
YA20151207130233 - 2017-01-31 10:11:16
state : 1
log : 21818 / 2017-02-02
YA20151207130233 - 2017-01-31 10:12:44
state : 1
log : 14859 / 2017-2-2
YA20151207130233 - 2017-01-31 10:12:45
state : 1
log : 14859 / 2017-2-3
YA20151207130233 - 2017-01-31 10:12:48
state : 1
log : 14860 / 2017-2-3
YA20151207130233 - 2017-01-31 10:12:49
state : 1
log : 14859 / 2017-2-4
YA20151207130233 - 2017-01-31 10:12:50
state : 1
log : 14864 / 2017-2-4
YA20151207130233 - 2017-01-31 10:12:52
state : 1
log : 14868 / 2017-2-4
YA20151207130233 - 2017-01-31 10:12:53
state : 1
log : 14870 / 2017-2-4
YA20151207130233 - 2017-01-31 10:12:55
state : 1
log : 14864 / 2017-2-6
YA20151207130233 - 2017-01-31 10:12:57
state : 1
log : 14861 / 2017-2-8
YA20151207130233 - 2017-01-31 10:12:59
state : 1
log : 14859 / 2017-2-10
YA20151207130233 - 2017-01-31 10:13:00
state : 1
log : 14870 / 2017-2-10
YA20151207130233 - 2017-01-31 10:13:01
state : 1
log : 14859 / 2017-2-11
YA20151207130233 - 2017-01-31 10:13:02
state : 1
log : 14861 / 2017-2-11
YA20151207130233 - 2017-01-31 10:13:04
state : 1
log : 14870 / 2017-2-11
YA20151207130233 - 2017-01-31 10:13:05
state : 1
log : 14859 / 2017-2-14
YA20151207130233 - 2017-01-31 10:13:06
state : 1
log : 14871 / 2017-2-14
YA20151207130233 - 2017-01-31 10:13:08
state : 1
log : 14859 / 2017-2-17
YA20151207130233 - 2017-01-31 10:13:09
state : 1
log : 14859 / 2017-2-18
YA20151207130233 - 2017-01-31 10:13:10
state : 1
log : 14868 / 2017-2-18
YA20151207130233 - 2017-01-31 10:13:12
state : 1
log : 14859 / 2017-2-25
YA20151207130233 - 2017-01-31 10:21:18
state : 1
log : 4877 / 2017-2-11
YA20151207130233 - 2017-01-31 10:29:22
state : 1
log : 20705 / 2017-2-5
YA20151207130233 - 2017-01-31 10:32:51
state : 1
log : 17751 / 2017-2-1
YA20151207130233 - 2017-01-31 10:34:22
state : 1
log : 3321 / 2017-02-11
YA20151207130233 - 2017-01-31 10:38:24
state : 1
log : 21581 / 2017-02-04
YA20151207130233 - 2017-01-31 10:40:50
state : 3
log : 6214 : 등록된 객실 없습니다
YA20151207130233 - 2017-01-31 10:40:51
state : 3
log : 6250 : 등록된 객실 없습니다
YA20151207130233 - 2017-01-31 10:41:42
state : 1
log : 21816 / 2017-2-18
YA20161116113212 - 2017-01-31 10:42:57
state : 1
log : 34379 / 2017-02-04
YA20151207130233 - 2017-01-31 10:45:47
state : 1
log : 21581 / 2017-2-4
YA20151207130233 - 2017-01-31 10:50:28
state : 1
log : 21747 / 2017-02-03
YA20151207130233 - 2017-01-31 10:50:47
state : 1
log : 4877 / 2017-2-18
YA20161116113212 - 2017-01-31 10:54:47
state : 1
log : 34378 / 2017-02-05
YA20151207130233 - 2017-01-31 10:58:13
state : 1
log : 21745 / 2017-02-04
YA20151207130233 - 2017-01-31 11:01:44
state : 1
log : 21750 / 2017-1-31
YA20151207130233 - 2017-01-31 11:12:59
state : 1
log : 20714 / 2017-01-31
YA20151207130233 - 2017-01-31 11:20:07
state : 1
log : 31613 / 2017-2-3
YA20151207130233 - 2017-01-31 11:20:08
state : 1
log : 31613 / 2017-2-4
YA20151207130233 - 2017-01-31 11:26:47
state : 1
log : 23583 / 2017-2-17
YA20151207130233 - 2017-01-31 11:31:32
state : 1
log : 9723 / 2017-02-25
YA20151207130233 - 2017-01-31 11:41:03
state : 1
log : 21752 / 2017-2-1
YA20151207130233 - 2017-01-31 11:41:40
state : 1
log : 24765 / 2017-02-03
YA20151207130233 - 2017-01-31 11:43:50
state : 1
log : 21756 / 2017-1-31
YA20151207130233 - 2017-01-31 11:44:38
state : 1
log : 21747 / 2017-2-18
YA20151207130233 - 2017-01-31 11:44:40
state : 1
log : 21745 / 2017-2-19
YA20151207130233 - 2017-01-31 11:44:41
state : 1
log : 21752 / 2017-2-19
YA20151207130233 - 2017-01-31 11:44:43
state : 1
log : 21747 / 2017-2-19
YA20151207130233 - 2017-01-31 11:44:45
state : 1
log : 21745 / 2017-2-20
YA20151207130233 - 2017-01-31 11:44:46
state : 1
log : 21747 / 2017-2-20
YA20151207130233 - 2017-01-31 11:44:47
state : 1
log : 21748 / 2017-2-21
YA20151207130233 - 2017-01-31 11:44:49
state : 1
log : 21747 / 2017-2-21
2017-01-31 11:44:50
key : YA20151207130233
state : 1
log : 21758 / 2017-1-31
YA20151207130233 - 2017-01-31 11:44:50
state : 1
log : 21748 / 2017-2-22
YA20151207130233 - 2017-01-31 11:44:53
state : 1
log : 21753 / 2017-2-22
YA20151207130233 - 2017-01-31 11:44:54
state : 1
log : 21748 / 2017-2-23
YA20151207130233 - 2017-01-31 11:44:55
state : 1
log : 21749 / 2017-2-23
YA20151207130233 - 2017-01-31 11:44:57
state : 1
log : 21750 / 2017-2-24
YA20151207130233 - 2017-01-31 11:44:59
state : 1
log : 21749 / 2017-2-24
YA20151207130233 - 2017-01-31 11:45:00
state : 1
log : 21750 / 2017-2-25
YA20151207130233 - 2017-01-31 11:45:03
state : 1
log : 21748 / 2017-2-26
YA20151207130233 - 2017-01-31 11:45:04
state : 1
log : 21747 / 2017-2-26
YA20151207130233 - 2017-01-31 11:45:05
state : 1
log : 21745 / 2017-2-27
YA20151207130233 - 2017-01-31 11:45:06
state : 1
log : 21747 / 2017-2-27
YA20151207130233 - 2017-01-31 11:45:08
state : 1
log : 21748 / 2017-2-28
YA20151207130233 - 2017-01-31 11:45:09
state : 1
log : 21747 / 2017-2-28
YA20151207130233 - 2017-01-31 11:45:10
state : 1
log : 21751 / 2017-2-28
YA20151207130233 - 2017-01-31 11:45:11
state : 1
log : 21747 / 2017-2-18
YA20151207130233 - 2017-01-31 11:45:13
state : 1
log : 21745 / 2017-2-19
YA20151207130233 - 2017-01-31 11:45:14
state : 1
log : 21752 / 2017-2-19
YA20151207130233 - 2017-01-31 11:45:15
state : 1
log : 21747 / 2017-2-19
YA20151207130233 - 2017-01-31 11:45:17
state : 1
log : 21745 / 2017-2-20
YA20151207130233 - 2017-01-31 11:45:18
state : 1
log : 21747 / 2017-2-20
YA20151207130233 - 2017-01-31 11:45:20
state : 1
log : 21748 / 2017-2-21
YA20151207130233 - 2017-01-31 11:45:21
state : 1
log : 21747 / 2017-2-21
YA20151207130233 - 2017-01-31 11:45:23
state : 1
log : 21748 / 2017-2-22
YA20151207130233 - 2017-01-31 11:45:24
state : 1
log : 21753 / 2017-2-22
YA20151207130233 - 2017-01-31 11:45:26
state : 1
log : 21748 / 2017-2-23
YA20151207130233 - 2017-01-31 11:45:27
state : 1
log : 21749 / 2017-2-23
YA20151207130233 - 2017-01-31 11:45:28
state : 1
log : 21750 / 2017-2-24
YA20151207130233 - 2017-01-31 11:45:29
state : 1
log : 21749 / 2017-2-24
YA20151207130233 - 2017-01-31 11:45:32
state : 1
log : 21750 / 2017-2-25
YA20151207130233 - 2017-01-31 11:45:33
state : 1
log : 21748 / 2017-2-26
YA20151207130233 - 2017-01-31 11:45:34
state : 1
log : 21747 / 2017-2-26
YA20151207130233 - 2017-01-31 11:45:36
state : 1
log : 21745 / 2017-2-27
YA20151207130233 - 2017-01-31 11:45:38
state : 1
log : 21747 / 2017-2-27
YA20151207130233 - 2017-01-31 11:45:39
state : 1
log : 21748 / 2017-2-28
YA20151207130233 - 2017-01-31 11:45:40
state : 1
log : 21747 / 2017-2-28
YA20151207130233 - 2017-01-31 11:45:41
state : 1
log : 21751 / 2017-2-28
YA20151207130233 - 2017-01-31 11:45:44
state : 1
log : 21747 / 2017-2-18
YA20151207130233 - 2017-01-31 11:45:45
state : 1
log : 21745 / 2017-2-19
YA20151207130233 - 2017-01-31 11:45:46
state : 1
log : 21752 / 2017-2-19
YA20151207130233 - 2017-01-31 11:45:48
state : 1
log : 21747 / 2017-2-19
YA20151207130233 - 2017-01-31 11:45:49
state : 1
log : 21745 / 2017-2-20
YA20151207130233 - 2017-01-31 11:45:50
state : 1
log : 21747 / 2017-2-20
YA20151207130233 - 2017-01-31 11:45:51
state : 1
log : 21748 / 2017-2-21
YA20151207130233 - 2017-01-31 11:45:52
state : 1
log : 21747 / 2017-2-21
YA20151207130233 - 2017-01-31 11:45:54
state : 1
log : 21748 / 2017-2-22
YA20151207130233 - 2017-01-31 11:45:55
state : 1
log : 21753 / 2017-2-22
YA20151207130233 - 2017-01-31 11:45:57
state : 1
log : 21748 / 2017-2-23
YA20151207130233 - 2017-01-31 11:45:58
state : 1
log : 21749 / 2017-2-23
YA20151207130233 - 2017-01-31 11:46:00
state : 1
log : 21750 / 2017-2-24
YA20151207130233 - 2017-01-31 11:46:02
state : 1
log : 21749 / 2017-2-24
YA20151207130233 - 2017-01-31 11:46:03
state : 1
log : 21750 / 2017-2-25
YA20151207130233 - 2017-01-31 11:46:04
state : 1
log : 21748 / 2017-2-26
YA20151207130233 - 2017-01-31 11:46:06
state : 1
log : 21747 / 2017-2-26
YA20151207130233 - 2017-01-31 11:46:07
state : 1
log : 21745 / 2017-2-27
YA20151207130233 - 2017-01-31 11:46:08
state : 1
log : 21747 / 2017-2-27
YA20151207130233 - 2017-01-31 11:46:09
state : 1
log : 21748 / 2017-2-28
YA20151207130233 - 2017-01-31 11:46:11
state : 1
log : 21747 / 2017-2-28
YA20151207130233 - 2017-01-31 11:46:12
state : 1
log : 21751 / 2017-2-28
YA20151207130233 - 2017-01-31 11:46:13
state : 1
log : 21747 / 2017-2-18
YA20151207130233 - 2017-01-31 11:46:14
state : 1
log : 21745 / 2017-2-19
YA20151207130233 - 2017-01-31 11:46:17
state : 1
log : 21752 / 2017-2-19
YA20151207130233 - 2017-01-31 11:46:18
state : 1
log : 21747 / 2017-2-19
YA20151207130233 - 2017-01-31 11:46:19
state : 1
log : 21745 / 2017-2-20
YA20151207130233 - 2017-01-31 11:46:20
state : 1
log : 21747 / 2017-2-20
YA20151207130233 - 2017-01-31 11:46:22
state : 1
log : 21748 / 2017-2-21
YA20151207130233 - 2017-01-31 11:46:24
state : 1
log : 21747 / 2017-2-21
YA20151207130233 - 2017-01-31 11:46:25
state : 1
log : 21748 / 2017-2-22
YA20151207130233 - 2017-01-31 11:46:26
state : 1
log : 21753 / 2017-2-22
YA20151207130233 - 2017-01-31 11:46:28
state : 1
log : 21748 / 2017-2-23
YA20151207130233 - 2017-01-31 11:46:29
state : 1
log : 21749 / 2017-2-23
YA20151207130233 - 2017-01-31 11:46:30
state : 1
log : 21750 / 2017-2-24
YA20151207130233 - 2017-01-31 11:46:31
state : 1
log : 21749 / 2017-2-24
YA20151207130233 - 2017-01-31 11:46:33
state : 1
log : 21750 / 2017-2-25
YA20151207130233 - 2017-01-31 11:46:35
state : 1
log : 21748 / 2017-2-26
YA20151207130233 - 2017-01-31 11:46:36
state : 1
log : 21747 / 2017-2-26
YA20151207130233 - 2017-01-31 11:46:38
state : 1
log : 21745 / 2017-2-27
YA20151207130233 - 2017-01-31 11:46:39
state : 1
log : 21747 / 2017-2-27
YA20151207130233 - 2017-01-31 11:46:40
state : 1
log : 21748 / 2017-2-28
YA20151207130233 - 2017-01-31 11:46:42
state : 1
log : 21747 / 2017-2-28
YA20151207130233 - 2017-01-31 11:46:43
state : 1
log : 21751 / 2017-2-28
YA20151207130233 - 2017-01-31 11:46:44
state : 1
log : 21747 / 2017-2-18
YA20151207130233 - 2017-01-31 11:46:45
state : 1
log : 21745 / 2017-2-19
YA20151207130233 - 2017-01-31 11:46:47
state : 1
log : 21752 / 2017-2-19
YA20151207130233 - 2017-01-31 11:46:49
state : 1
log : 21747 / 2017-2-19
YA20151207130233 - 2017-01-31 11:46:50
state : 1
log : 21745 / 2017-2-20
YA20151207130233 - 2017-01-31 11:46:51
state : 1
log : 21747 / 2017-2-20
YA20151207130233 - 2017-01-31 11:46:53
state : 1
log : 21748 / 2017-2-21
YA20151207130233 - 2017-01-31 11:46:54
state : 1
log : 21747 / 2017-2-21
YA20151207130233 - 2017-01-31 11:46:55
state : 1
log : 21748 / 2017-2-22
YA20151207130233 - 2017-01-31 11:46:56
state : 1
log : 21753 / 2017-2-22
YA20151207130233 - 2017-01-31 11:46:58
state : 1
log : 21748 / 2017-2-23
YA20151207130233 - 2017-01-31 11:47:00
state : 1
log : 21749 / 2017-2-23
YA20151207130233 - 2017-01-31 11:47:01
state : 1
log : 21750 / 2017-2-24
YA20151207130233 - 2017-01-31 11:47:03
state : 1
log : 21749 / 2017-2-24
YA20151207130233 - 2017-01-31 11:47:04
state : 1
log : 21750 / 2017-2-25
YA20151207130233 - 2017-01-31 11:47:05
state : 1
log : 21748 / 2017-2-26
YA20151207130233 - 2017-01-31 11:47:06
state : 1
log : 21747 / 2017-2-26
YA20151207130233 - 2017-01-31 11:47:08
state : 1
log : 21745 / 2017-2-27
YA20151207130233 - 2017-01-31 11:47:09
state : 1
log : 21747 / 2017-2-27
YA20151207130233 - 2017-01-31 11:47:10
state : 1
log : 21748 / 2017-2-28
YA20151207130233 - 2017-01-31 11:47:11
state : 1
log : 21747 / 2017-2-28
YA20151207130233 - 2017-01-31 11:47:12
state : 1
log : 21751 / 2017-2-28
YA20161116113212 - 2017-01-31 11:57:12
state : 1
log : 10231 / 2017-02-06
YA20151207130233 - 2017-01-31 11:57:48
state : 1
log : 20714 / 2017-1-31
YA20161116113212 - 2017-01-31 11:58:11
state : 1
log : 23494 / 2017-02-02
YA20161116113212 - 2017-01-31 12:05:34
state : 1
log : 38612 / 2017-01-31
YA20161116113212 - 2017-01-31 12:05:42
state : 1
log : 21649 / 2017-03-18
YA20161116113212 - 2017-01-31 12:06:48
state : 1
log : 31623 / 2017-02-12
YA20151207130233 - 2017-01-31 12:13:32
state : 1
log : 9726 / 2017-02-02
YA20161116113212 - 2017-01-31 12:25:00
state : 1
log : 34220 / 2017-02-04
YA20161116113212 - 2017-01-31 12:32:28
state : 1
log : 2884 / 2017-02-04
YA20151207130233 - 2017-01-31 12:39:44
state : 1
log : 46332 / 2017-2-3
YA20161116113212 - 2017-01-31 12:44:16
state : 1
log : 19993 / 2017-02-02
YA20161116113212 - 2017-01-31 12:46:03
state : 1
log : 19169 / 2017-02-12
YA20151207130233 - 2017-01-31 12:46:19
state : 1
log : 31610 / 2017-2-4
YA20151207130233 - 2017-01-31 12:49:08
state : 1
log : 9726 / 2017-2-7
YA20151207130233 - 2017-01-31 12:52:21
state : 1
log : 238 / 2017-2-10
YA20151207130233 - 2017-01-31 12:52:22
state : 1
log : 242 / 2017-2-10
YA20151207130233 - 2017-01-31 12:52:24
state : 1
log : 240 / 2017-2-11
YA20151207130233 - 2017-01-31 12:55:24
state : 3
log : 6297 : 등록된 객실 없습니다
YA20151207130233 - 2017-01-31 13:08:38
state : 1
log : 1578 / 2017-2-3
YA20151207130233 - 2017-01-31 13:08:39
state : 3
log : 2211 : 등록된 객실 없습니다
2017-01-31 13:08:52
key : YA20151207130233
state : 1
log : 1578 / 2017-2-3
YA20151207130233 - 2017-01-31 13:08:54
state : 3
log : 2211 : 등록된 객실 없습니다
2017-01-31 13:08:58
key : YA20151207130233
state : 1
log : 1578 / 2017-2-3
YA20151207130233 - 2017-01-31 13:09:01
state : 3
log : 2211 : 등록된 객실 없습니다
YA20151207130233 - 2017-01-31 13:13:57
state : 1
log : 9725 / 2017-02-17
YA20161116113212 - 2017-01-31 13:17:58
state : 1
log : 21115 / 2017-02-04
YA20161116113212 - 2017-01-31 13:18:08
state : 1
log : 44993 / 2017-02-11
YA20161116113212 - 2017-01-31 13:18:27
state : 1
log : 3834 / 2017-02-04
YA20161116113212 - 2017-01-31 13:21:11
state : 1
log : 43131 / 2017-02-18
YA20151207130233 - 2017-01-31 13:21:19
state : 1
log : 43736 / 2017-1-31
YA20151207130233 - 2017-01-31 13:21:21
state : 1
log : 43737 / 2017-1-31
YA20151207130233 - 2017-01-31 13:21:22
state : 1
log : 43769 / 2017-1-31
YA20151207130233 - 2017-01-31 13:21:23
state : 1
log : 43771 / 2017-1-31
YA20151207130233 - 2017-01-31 13:21:25
state : 1
log : 43772 / 2017-1-31
YA20151207130233 - 2017-01-31 13:21:27
state : 1
log : 43773 / 2017-1-31
YA20151207130233 - 2017-01-31 13:21:58
state : 1
log : 43737 / 2017-2-1
YA20151207130233 - 2017-01-31 13:22:00
state : 1
log : 43741 / 2017-2-1
YA20151207130233 - 2017-01-31 13:22:03
state : 1
log : 43766 / 2017-2-1
YA20151207130233 - 2017-01-31 13:22:04
state : 1
log : 43769 / 2017-2-1
YA20151207130233 - 2017-01-31 13:22:06
state : 1
log : 43772 / 2017-2-1
YA20151207130233 - 2017-01-31 13:22:35
state : 1
log : 43736 / 2017-2-2
YA20151207130233 - 2017-01-31 13:22:37
state : 1
log : 43737 / 2017-2-2
YA20151207130233 - 2017-01-31 13:22:39
state : 2
log : 6389 : 이미 막힌 객실 선택
YA20151207130233 - 2017-01-31 13:22:41
state : 1
log : 43772 / 2017-2-2
YA20151207130233 - 2017-01-31 13:22:43
state : 1
log : 43773 / 2017-2-2
YA20161116113212 - 2017-01-31 13:23:51
state : 1
log : 3835 / 2017-02-04
YA20151207130233 - 2017-01-31 13:24:27
state : 1
log : 9726 / 2017-2-9
YA20151207130233 - 2017-01-31 13:27:21
state : 1
log : 14497 / 2017-02-05
2017-01-31 13:37:29
key : YA20151207130233
state : 1
log : 21757 / 2017-1-31
YA20151207130233 - 2017-01-31 13:37:43
state : 2
log : 4684 : 이미 막힌 객실 선택
YA20151207130233 - 2017-01-31 13:45:01
state : 1
log : 24779 / 2017-02-11
YA20151207130233 - 2017-01-31 13:49:21
state : 1
log : 14497 / 2017-02-03
YA20161116113212 - 2017-01-31 13:54:03
state : 1
log : 29879 / 2017-02-07
YA20161116113212 - 2017-01-31 13:54:49
state : 1
log : 21753 / 2017-01-31
YA20151207130233 - 2017-01-31 14:00:44
state : 1
log : 24716 / 2017-1-31
YA20151207130233 - 2017-01-31 14:00:45
state : 2
log : 4185 : 이미 막힌 객실 선택
YA20151207130233 - 2017-01-31 14:00:46
state : 1
log : 24713 / 2017-1-31
YA20151207130233 - 2017-01-31 14:00:49
state : 1
log : 24711 / 2017-1-31
YA20151207130233 - 2017-01-31 14:01:23
state : 1
log : 9726 / 2017-02-11
YA20151207130233 - 2017-01-31 14:02:07
state : 2
log : 4185 : 이미 막힌 객실 선택
YA20151207130233 - 2017-01-31 14:02:08
state : 2
log : 4187 : 이미 막힌 객실 선택
YA20151207130233 - 2017-01-31 14:02:09
state : 1
log : 24711 / 2017-2-1
2017-01-31 14:07:25
key : YA20151207130233
state : 1
log : 35127 / 2017-02-25
2017-01-31 14:09:05
key : YA20151207130233
state : 1
log : 35127 / 2017-02-25
YA20151207130233 - 2017-01-31 14:11:08
state : 3
log :  : 등록된 객실 없습니다
YA20151207130233 - 2017-01-31 14:12:18
state : 1
log : 41991 / 2017-2-1
YA20151207130233 - 2017-01-31 14:17:45
state : 1
log : 33980 / 2017-2-11
YA20151207130233 - 2017-01-31 14:23:18
state : 1
log : 9725 / 2017-2-24
2017-01-31 14:26:25
key : YA20151207130233
state : 1
log : 21752 / 2017-1-31
2017-01-31 14:26:39
key : YA20151207130233
state : 1
log : 21751 / 2017-1-31
2017-01-31 14:26:40
key : YA20151207130233
state : 1
log : 21751 / 2017-1-31
YA20151207130233 - 2017-01-31 14:41:38
state : 1
log : 21047 / 2017-02-01
YA20161116113212 - 2017-01-31 14:43:31
state : 1
log : 18182 / 2017-02-01
YA20151207130233 - 2017-01-31 14:46:48
state : 1
log : 34061 / 2017-2-12
YA20161116113212 - 2017-01-31 14:47:26
state : 1
log : 33980 / 2017-01-31
YA20151207130233 - 2017-01-31 14:56:51
state : 1
log : 31611 / 2017-02-04
YA20151207130233 - 2017-01-31 14:58:08
state : 1
log : 21759 / 2017-02-01
YA20151207130233 - 2017-01-31 14:58:30
state : 1
log : 20715 / 2017-2-4
YA20161116113212 - 2017-01-31 15:00:25
state : 1
log : 23581 / 2017-01-31
YA20161116113212 - 2017-01-31 15:01:12
state : 1
log : 5866 / 2017-02-04
YA20151207130233 - 2017-01-31 15:08:56
state : 1
log : 21816 / 2017-2-2
YA20151207130233 - 2017-01-31 15:10:37
state : 1
log : 21746 / 2017-02-03
YA20151207130233 - 2017-01-31 15:10:39
state : 1
log : 21746 / 2017-02-04
YA20161116113212 - 2017-01-31 15:16:30
state : 1
log : 42749 / 2017-02-03
YA20151207130233 - 2017-01-31 15:23:13
state : 1
log : 9728 / 2017-2-24
YA20151207130233 - 2017-01-31 15:27:31
state : 1
log : 236 / 2017-2-4
YA20151207130233 - 2017-01-31 15:30:59
state : 1
log : 21577 / 2017-2-2
YA20151207130233 - 2017-01-31 15:31:12
state : 1
log : 44054 / 2017-02-28
YA20161116113212 - 2017-01-31 15:35:15
state : 1
log : 21803 / 2017-02-06
YA20151207130233 - 2017-01-31 15:35:37
state : 1
log : 44054 / 2017-02-14
YA20151207130233 - 2017-01-31 15:39:49
state : 1
log : 235 / 2017-2-4
YA20151207130233 - 2017-01-31 15:39:50
state : 1
log : 239 / 2017-2-4
YA20151207130233 - 2017-01-31 15:39:52
state : 1
log : 243 / 2017-2-4
YA20151207130233 - 2017-01-31 15:39:54
state : 1
log : 235 / 2017-2-4
YA20151207130233 - 2017-01-31 15:39:56
state : 1
log : 239 / 2017-2-4
YA20151207130233 - 2017-01-31 15:39:57
state : 1
log : 243 / 2017-2-4
YA20151207130233 - 2017-01-31 15:40:00
state : 1
log : 44054 / 2017-02-16
YA20151207130233 - 2017-01-31 15:41:27
state : 1
log : 14496 / 2017-02-03
YA20161116113212 - 2017-01-31 15:41:30
state : 1
log : 16622 / 2017-02-05
2017-01-31 15:42:13
key : YA20151207130233
state : 1
log : 44054 / 2017-2-14
2017-01-31 15:42:15
key : YA20151207130233
state : 1
log : 44054 / 2017-2-15
YA20151207130233 - 2017-01-31 15:43:28
state : 1
log : 21817 / 2017-1-31
YA20151207130233 - 2017-01-31 15:44:11
state : 1
log : 21814 / 2017-1-31
YA20151207130233 - 2017-01-31 15:50:40
state : 1
log : 23582 / 2017-2-3
YA20151207130233 - 2017-01-31 15:55:31
state : 1
log : 34061 / 2017-02-04
YA20151207130233 - 2017-01-31 15:56:40
state : 1
log : 34061 / 2017-2-4
YA20151207130233 - 2017-01-31 15:59:47
state : 1
log : 23322 / 2017-2-5
YA20161116113212 - 2017-01-31 16:05:05
state : 1
log : 21955 / 2017-02-17
YA20151207130233 - 2017-01-31 16:10:07
state : 1
log : 21754 / 2017-2-4
YA20151207130233 - 2017-01-31 16:12:24
state : 2
log : 3516 : 이미 막힌 객실 선택
YA20151207130233 - 2017-01-31 16:12:26
state : 1
log : 18082 / 2017-2-18
YA20151207130233 - 2017-01-31 16:16:58
state : 1
log : 24763 / 2017-1-31
YA20161116113212 - 2017-01-31 16:26:43
state : 1
log : 41066 / 2017-01-31
YA20151207130233 - 2017-01-31 16:28:49
state : 1
log : 18077 / 2017-2-10
YA20161116113212 - 2017-01-31 16:28:54
state : 1
log : 17341 / 2017-02-01
YA20151207130233 - 2017-01-31 16:30:03
state : 2
log : 591 : 이미 막힌 객실 선택
YA20161116113212 - 2017-01-31 16:34:06
state : 1
log : 16554 / 2017-02-01
16554 / 2017-02-02
YA20161116113212 - 2017-01-31 16:52:39
state : 1
log : 38768 / 2017-01-31
YA20151207130233 - 2017-01-31 16:53:05
state : 1
log : 9727 / 2017-2-10
YA20151207130233 - 2017-01-31 16:59:56
state : 1
log : 24765 / 2017-2-3
YA20161116113212 - 2017-01-31 17:03:14
state : 1
log : 7255 / 2017-02-03
7255 / 2017-02-04
YA20151207130233 - 2017-01-31 17:07:46
state : 1
log : 20712 / 2017-2-1
YA20151207130233 - 2017-01-31 17:08:21
state : 1
log : 21754 / 2017-02-03
YA20151207130233 - 2017-01-31 17:08:36
state : 1
log : 21786 / 2017-2-3
YA20151207130233 - 2017-01-31 17:08:38
state : 1
log : 21788 / 2017-2-3
YA20151207130233 - 2017-01-31 17:08:40
state : 1
log : 21786 / 2017-2-4
YA20151207130233 - 2017-01-31 17:08:41
state : 1
log : 21788 / 2017-2-4
2017-01-31 17:11:55
key : YA20151207130233
state : 1
log : 20709 / 2017-2-1
YA20151207130233 - 2017-01-31 17:12:13
state : 1
log : 20713 / 2017-2-2
YA20151207130233 - 2017-01-31 17:12:19
state : 1
log : 33984 / 2017-02-03
YA20151207130233 - 2017-01-31 17:12:44
state : 3
log : 6299 : 등록된 객실 없습니다
YA20151207130233 - 2017-01-31 17:12:45
state : 1
log : 20703 / 2017-2-3
YA20151207130233 - 2017-01-31 17:13:06
state : 1
log : 20705 / 2017-2-6
YA20151207130233 - 2017-01-31 17:17:10
state : 1
log : 21813 / 2017-1-31
YA20151207130233 - 2017-01-31 17:18:29
state : 1
log : 21817 / 2017-1-31
YA20151207130233 - 2017-01-31 17:25:15
state : 1
log : 24836 / 2017-02-11
YA20151207130233 - 2017-01-31 17:26:32
state : 1
log : 21766 / 2017-2-20
2017-01-31 17:27:41
key : YA20151207130233
state : 1
log : 21766 / 2017-2-15
YA20161116113212 - 2017-01-31 17:32:48
state : 1
log : 22973 / 2017-02-03
YA20151207130233 - 2017-01-31 17:37:59
state : 1
log : 21814 / 2017-1-31
YA20151207130233 - 2017-01-31 17:38:45
state : 2
log : 5246 : 이미 막힌 객실 선택
YA20161116113212 - 2017-01-31 17:39:21
state : 1
log : 41837 / 2017-02-07
YA20151207130233 - 2017-01-31 17:42:27
state : 1
log : 23314 / 2017-2-17
YA20151207130233 - 2017-01-31 17:53:57
state : 2
log : 5238 : 이미 막힌 객실 선택
YA20151207130233 - 2017-01-31 17:53:58
state : 2
log : 5239 : 이미 막힌 객실 선택
YA20151207130233 - 2017-01-31 17:56:23
state : 1
log : 24436 / 2017-2-17
2017-01-31 17:59:12
key : YA20151207130233
state : 1
log : 46332 / 2017-2-3
YA20161226114923 - 2017-01-31 18:05:07
state : 1
log : 19543 / 2017-03-22
YA20161226114923 - 2017-01-31 18:05:50
state : 2
log : 19543 : 이미 막힌 객실 선택
YA20151207130233 - 2017-01-31 18:06:09
state : 1
log : 46155 / 2017-2-4
YA20161226114923 - 2017-01-31 18:07:10
state : 2
log : 19543 : 이미 막힌 객실 선택
YA20161226114923 - 2017-01-31 18:07:33
state : 2
log : 19543 : 이미 막힌 객실 선택
YA20161226114923 - 2017-01-31 18:08:02
state : 2
log : 19543 : 이미 막힌 객실 선택
YA20161226114923 - 2017-01-31 18:09:16
state : 2
log : 19543 : 이미 막힌 객실 선택
YA20161226114923 - 2017-01-31 18:10:34
state : 2
log : 19543 : 이미 막힌 객실 선택
YA20151207130233 - 2017-01-31 18:11:16
state : 2
log : 5246 : 이미 막힌 객실 선택
YA20161226114923 - 2017-01-31 18:14:57
state : 2
log : 19543 : 이미 막힌 객실 선택
YA20161226114923 - 2017-01-31 18:17:38
state : 2
log : 19543 : 이미 막힌 객실 선택
YA20161226114923 - 2017-01-31 18:24:44
state : 2
log : 19543 : 이미 막힌 객실 선택
YA20161226114923 - 2017-01-31 18:30:28
state : 2
log : 19543 : 이미 막힌 객실 선택
YA20161226114923 - 2017-01-31 18:33:12
state : 2
log : 19543 : 이미 막힌 객실 선택
YA20151207130233 - 2017-01-31 18:33:19
state : 1
log : 24146 / 2017-10-03
YA20161226114923 - 2017-01-31 18:34:42
state : 2
log : 19543 : 이미 막힌 객실 선택
YA20161116113212 - 2017-01-31 18:34:55
state : 1
log : 45434 / 2017-02-14
YA20161226114923 - 2017-01-31 18:34:56
state : 2
log : 19543 : 이미 막힌 객실 선택
YA20161226114923 - 2017-01-31 18:35:42
state : 2
log : 19543 : 이미 막힌 객실 선택
YA20161226114923 - 2017-01-31 18:36:05
state : 2
log : 19543 : 이미 막힌 객실 선택
YA20161226114923 - 2017-01-31 18:36:13
state : 2
log : 19543 : 이미 막힌 객실 선택
YA20161226114923 - 2017-01-31 18:37:45
state : 2
log : 19543 : 이미 막힌 객실 선택
YA20161226114923 - 2017-01-31 18:38:32
state : 2
log : 19543 : 이미 막힌 객실 선택
YA20151207130233 - 2017-01-31 18:39:34
state : 1
log : 41987 / 2017-2-1
YA20151207130233 - 2017-01-31 18:40:55
state : 1
log : 9726 / 2017-2-17
YA20161116113212 - 2017-01-31 18:50:38
state : 1
log : 15345 / 2017-02-04
YA20161116113212 - 2017-01-31 18:51:32
state : 1
log : 24794 / 2017-01-31
YA20151207130233 - 2017-01-31 19:10:36
state : 1
log : 47535 / 2017-3-11
YA20161116113212 - 2017-01-31 19:13:07
state : 1
log : 26286 / 2017-02-06
YA20161116113212 - 2017-01-31 19:16:55
state : 1
log : 44751 / 2017-02-09
YA20151207130233 - 2017-01-31 19:17:50
state : 1
log : 10539 / 2017-02-04
YA20151207130233 - 2017-01-31 19:30:29
state : 1
log : 47531 / 2017-3-11
YA20151207130233 - 2017-01-31 19:30:30
state : 1
log : 47535 / 2017-3-11
YA20151207130233 - 2017-01-31 19:30:59
state : 1
log : 47535 / 2017-3-11
2017-01-31 19:31:19
key : YA20151207130233
state : 1
log : 47535 / 2017-3-11
YA20161116113212 - 2017-01-31 19:32:46
state : 1
log : 31145 / 2017-01-31
YA20151207130233 - 2017-01-31 19:40:40
state : 1
log : 21822 / 2017-2-8
YA20161116113212 - 2017-01-31 19:43:30
state : 1
log : 22947 / 2017-02-01
YA20161116113212 - 2017-01-31 19:47:03
state : 1
log : 20288 / 2017-02-04
YA20151207130233 - 2017-01-31 19:58:55
state : 3
log : 5823 : 등록된 객실 없습니다
YA20151207130233 - 2017-01-31 19:59:08
state : 1
log : 31605 / 2017-2-4
YA20151207130233 - 2017-01-31 19:59:10
state : 1
log : 31606 / 2017-2-4
YA20161116113212 - 2017-01-31 20:02:35
state : 1
log : 34107 / 2017-02-11
YA20161116113212 - 2017-01-31 20:02:46
state : 1
log : 35127 / 2017-02-01
YA20151207130233 - 2017-01-31 20:09:38
state : 3
log : 5823 : 등록된 객실 없습니다
YA20161116113212 - 2017-01-31 20:12:53
state : 1
log : 42005 / 2017-02-01
42005 / 2017-02-02
YA20151207130233 - 2017-01-31 20:30:58
state : 1
log : 29446 / 2017-02-04
YA20151207130233 - 2017-01-31 20:32:31
state : 1
log : 46159 / 2017-02-02
YA20151207130233 - 2017-01-31 20:37:47
state : 3
log : 6303 : 등록된 객실 없습니다
YA20161116113212 - 2017-01-31 20:50:46
state : 1
log : 8643 / 2017-02-04
YA20151207130233 - 2017-01-31 20:51:25
state : 1
log : 19893 / 2017-02-16
YA20161116113212 - 2017-01-31 20:52:17
state : 1
log : 11111 / 2017-02-01
YA20151207130233 - 2017-01-31 20:52:42
state : 1
log : 43772 / 2017-02-03
YA20151207130233 - 2017-01-31 20:55:58
state : 1
log : 43737 / 2017-02-18
YA20161116113212 - 2017-01-31 20:59:08
state : 1
log : 16138 / 2017-02-06
YA20151207130233 - 2017-01-31 21:06:23
state : 1
log : 43772 / 2017-2-3
YA20151207130233 - 2017-01-31 21:07:11
state : 1
log : 43737 / 2017-2-18
YA20161116113212 - 2017-01-31 21:12:01
state : 1
log : 17165 / 2017-02-04
YA20161116113212 - 2017-01-31 21:21:41
state : 1
log : 9660 / 2017-02-11
YA20161116113212 - 2017-01-31 21:32:52
state : 1
log : 3801 / 2017-02-05
YA20161116113212 - 2017-01-31 21:40:28
state : 1
log : 1344 / 2017-02-25
YA20161116113212 - 2017-01-31 21:45:12
state : 1
log : 39104 / 2017-02-10
YA20151207130233 - 2017-01-31 21:47:03
state : 1
log : 635 / 2017-2-4
YA20151207130233 - 2017-01-31 21:47:05
state : 1
log : 637 / 2017-2-4
YA20151207130233 - 2017-01-31 21:47:06
state : 1
log : 675 / 2017-2-4
YA20151207130233 - 2017-01-31 21:47:08
state : 1
log : 680 / 2017-2-4
YA20151207130233 - 2017-01-31 21:47:10
state : 1
log : 682 / 2017-2-4
YA20151207130233 - 2017-01-31 21:47:12
state : 1
log : 635 / 2017-2-4
YA20151207130233 - 2017-01-31 21:47:13
state : 1
log : 637 / 2017-2-4
YA20151207130233 - 2017-01-31 21:47:14
state : 1
log : 675 / 2017-2-4
YA20151207130233 - 2017-01-31 21:47:16
state : 1
log : 680 / 2017-2-4
YA20151207130233 - 2017-01-31 21:47:17
state : 1
log : 682 / 2017-2-4
YA20161116113212 - 2017-01-31 21:50:11
state : 1
log : 38585 / 2017-02-11
YA20161116113212 - 2017-01-31 21:52:25
state : 1
log : 37479 / 2017-02-09
YA20161116113212 - 2017-01-31 21:58:23
state : 1
log : 9660 / 2017-02-11
YA20151207130233 - 2017-01-31 22:01:30
state : 1
log : 3849 / 2017-01-31
YA20151207130233 - 2017-01-31 22:12:25
state : 1
log : 34061 / 2017-2-1
YA20161116113212 - 2017-01-31 22:17:26
state : 1
log : 47927 / 2017-02-11
YA20161116113212 - 2017-01-31 22:19:45
state : 1
log : 30424 / 2017-03-17
YA20151207130233 - 2017-01-31 22:22:20
state : 1
log : 21752 / 2017-02-05
YA20151207130233 - 2017-01-31 22:24:31
state : 1
log : 20714 / 2017-02-12
YA20151207130233 - 2017-01-31 22:27:05
state : 1
log : 10539 / 2017-02-04
YA20151207130233 - 2017-01-31 22:27:23
state : 1
log : 20714 / 2017-2-12
YA20151207130233 - 2017-01-31 22:37:48
state : 1
log : 20704 / 2017-2-1
YA20151207130233 - 2017-01-31 22:38:11
state : 1
log : 43769 / 2017-2-4
YA20151207130233 - 2017-01-31 22:39:51
state : 1
log : 10539 / 2017-2-4
YA20161116113212 - 2017-01-31 22:59:13
state : 1
log : 24462 / 2017-02-15
YA20151207130233 - 2017-01-31 22:59:20
state : 1
log : 20712 / 2017-02-12
YA20151207130233 - 2017-01-31 23:05:51
state : 1
log : 21750 / 2017-2-7
2017-01-31 23:07:07
key : YA20151207130233
state : 1
log : 21745 / 2017-2-7
YA20151207130233 - 2017-01-31 23:08:40
state : 1
log : 24083 / 2017-2-3
YA20161116113212 - 2017-01-31 23:10:39
state : 1
log : 33172 / 2017-02-15
YA20151207130233 - 2017-01-31 23:10:52
state : 1
log : 628 / 2017-2-4
YA20151207130233 - 2017-01-31 23:29:37
state : 1
log : 47724 / 2017-02-25
