YA20161116113212 - 2017-02-01 00:02:44
state : 1
log : 44911 / 2017-02-26
44911 / 2017-02-27
44911 / 2017-02-28
YA20161116113212 - 2017-02-01 00:12:58
state : 1
log : 14528 / 2017-01-31
YA20151207130233 - 2017-02-01 00:48:45
state : 1
log : 34060 / 2017-02-26
YA20151207130233 - 2017-02-01 00:50:26
state : 1
log : 33984 / 2017-2-4
YA20161116113212 - 2017-02-01 00:56:16
state : 1
log : 43962 / 2017-02-04
YA20161116113212 - 2017-02-01 01:15:08
state : 1
log : 31028 / 2017-02-26
31028 / 2017-02-27
31028 / 2017-02-28
YA20151207130233 - 2017-02-01 01:19:15
state : 1
log : 21579 / 2017-02-05
YA20151207130233 - 2017-02-01 01:28:48
state : 1
log : 34061 / 2017-02-15
YA20161116113212 - 2017-02-01 01:37:03
state : 1
log : 43219 / 2017-02-01
43219 / 2017-02-02
YA20161116113212 - 2017-02-01 01:51:17
state : 1
log : 24831 / 2017-02-06
YA20161116113212 - 2017-02-01 02:02:58
state : 1
log : 17806 / 2017-02-04
YA20151207130233 - 2017-02-01 02:43:29
state : 1
log : 21839 / 2017-2-4
2017-02-01 07:29:23
key : YA20151207130233
state : 1
log : 10539 / 2017-2-4
YA20151207130233 - 2017-02-01 08:05:56
state : 1
log : 18176 / 2017-2-17
YA20151207130233 - 2017-02-01 08:06:08
state : 1
log : 18176 / 2017-3-18
YA20161116113212 - 2017-02-01 08:21:12
state : 1
log : 34860 / 2017-02-03
YA20151207130233 - 2017-02-01 08:35:11
state : 2
log : 4359 : 이미 막힌 객실 선택
YA20161116113212 - 2017-02-01 08:36:26
state : 1
log : 22700 / 2017-02-01
YA20161116113212 - 2017-02-01 09:11:37
state : 1
log : 34373 / 2017-02-03
YA20151207130233 - 2017-02-01 09:15:23
state : 1
log : 21579 / 2017-2-9
YA20151207130233 - 2017-02-01 09:18:39
state : 1
log : 22868 / 2017-2-12
YA20151207130233 - 2017-02-01 09:18:40
state : 1
log : 47723 / 2017-02-11
2017-02-01 09:19:30
key : YA20151207130233
state : 1
log : 20712 / 2017-2-12
YA20151207130233 - 2017-02-01 09:20:36
state : 1
log : 21579 / 2017-2-5
YA20151207130233 - 2017-02-01 09:21:06
state : 1
log : 34061 / 2017-2-15
YA20151207130233 - 2017-02-01 09:21:18
state : 1
log : 34060 / 2017-2-26
YA20151207130233 - 2017-02-01 09:22:03
state : 1
log : 23580 / 2017-2-1
YA20151207130233 - 2017-02-01 09:22:15
state : 1
log : 23580 / 2017-2-2
YA20151207130233 - 2017-02-01 09:23:00
state : 1
log : 47723 / 2017-02-11
YA20151207130233 - 2017-02-01 09:35:41
state : 1
log : 24715 / 2017-02-11
YA20151207130233 - 2017-02-01 09:35:43
state : 1
log : 24711 / 2017-02-11
YA20151207130233 - 2017-02-01 09:45:11
state : 1
log : 24715 / 2017-2-11
YA20151207130233 - 2017-02-01 09:45:12
state : 1
log : 24711 / 2017-2-11
2017-02-01 09:51:13
key : YA20151207130233
state : 1
log : 29445 / 2017-02-03
2017-02-01 09:54:26
key : YA20151207130233
state : 1
log : 29445 / 2017-02-03
YA20151207130233 - 2017-02-01 09:57:17
state : 3
log :  : 등록된 객실 없습니다
YA20151207130233 - 2017-02-01 09:57:21
state : 1
log : 25128 / 2017-2-4
YA20161116113212 - 2017-02-01 10:01:29
state : 1
log : 33593 / 2017-02-18
YA20161116113212 - 2017-02-01 10:07:48
state : 1
log : 11045 / 2017-02-02
YA20151207130233 - 2017-02-01 10:08:35
state : 1
log : 41972 / 2017-2-1
YA20151207130233 - 2017-02-01 10:16:52
state : 1
log : 33981 / 2017-02-04
YA20151207130233 - 2017-02-01 10:20:21
state : 3
log : 6304 : 등록된 객실 없습니다
YA20151207130233 - 2017-02-01 10:20:23
state : 3
log : 6304 : 등록된 객실 없습니다
YA20161116113212 - 2017-02-01 10:23:13
state : 1
log : 24605 / 2017-02-01
YA20151207130233 - 2017-02-01 10:32:45
state : 1
log : 17745 / 2017-02-04
YA20151207130233 - 2017-02-01 10:36:00
state : 1
log : 23637 / 2017-2-6
YA20151207130233 - 2017-02-01 10:42:43
state : 1
log : 24083 / 2017-02-05
YA20151207130233 - 2017-02-01 10:43:15
state : 1
log : 23584 / 2017-2-4
YA20161116113212 - 2017-02-01 10:49:23
state : 1
log : 42744 / 2017-02-07
42744 / 2017-02-08
YA20151207130233 - 2017-02-01 10:56:37
state : 1
log : 21819 / 2017-02-01
YA20151207130233 - 2017-02-01 10:58:01
state : 1
log : 18060 / 2017-2-4
YA20161116113212 - 2017-02-01 11:04:52
state : 1
log : 10648 / 2017-02-11
YA20151207130233 - 2017-02-01 11:08:46
state : 1
log : 20703 / 2017-2-14
YA20151207130233 - 2017-02-01 11:08:47
state : 1
log : 20710 / 2017-2-14
YA20151207130233 - 2017-02-01 11:09:56
state : 1
log : 20703 / 2017-2-15
YA20151207130233 - 2017-02-01 11:09:57
state : 1
log : 20710 / 2017-2-15
YA20151207130233 - 2017-02-01 11:09:58
state : 1
log : 20711 / 2017-2-15
2017-02-01 11:13:23
key : YA20151207130233
state : 1
log : 2183 / 2017-2-4
YA20161116113212 - 2017-02-01 11:18:27
state : 1
log : 46669 / 2017-02-06
46669 / 2017-02-07
YA20151207130233 - 2017-02-01 11:23:26
state : 1
log : 15302 / 2017-02-01
YA20151207130233 - 2017-02-01 11:29:02
state : 1
log : 15302 / 2017-02-04
YA20151207130233 - 2017-02-01 11:29:55
state : 1
log : 15302 / 2017-2-4
2017-02-01 11:30:09
key : YA20151207130233
state : 1
log : 15302 / 2017-2-1
YA20151207130233 - 2017-02-01 11:30:30
state : 1
log : 46324 / 2017-2-5
YA20151207130233 - 2017-02-01 11:30:46
state : 1
log : 46324 / 2017-2-6
2017-02-01 11:32:41
key : YA20151207130233
state : 1
log : 18055 / 2017-2-25
YA20151207130233 - 2017-02-01 11:34:25
state : 1
log : 47722 / 2017-02-04
2017-02-01 11:38:17
key : YA20151207130233
state : 1
log : 46324 / 2017-2-5
2017-02-01 11:38:30
key : YA20151207130233
state : 1
log : 46324 / 2017-2-6
YA20151207130233 - 2017-02-01 11:39:17
state : 1
log : 3703 / 2017-2-18
YA20151207130233 - 2017-02-01 11:48:39
state : 1
log : 9725 / 2017-02-25
YA20151207130233 - 2017-02-01 11:55:57
state : 1
log : 23302 / 2017-3-21
YA20151207130233 - 2017-02-01 11:55:58
state : 1
log : 23303 / 2017-3-21
YA20151207130233 - 2017-02-01 11:56:00
state : 1
log : 23302 / 2017-3-22
YA20151207130233 - 2017-02-01 11:56:02
state : 1
log : 23303 / 2017-3-22
YA20151207130233 - 2017-02-01 11:56:40
state : 1
log : 23302 / 2017-3-9
YA20151207130233 - 2017-02-01 11:56:41
state : 1
log : 23303 / 2017-3-9
YA20151207130233 - 2017-02-01 11:56:42
state : 1
log : 23302 / 2017-3-28
YA20151207130233 - 2017-02-01 11:56:44
state : 1
log : 23303 / 2017-3-28
YA20151207130233 - 2017-02-01 11:56:46
state : 1
log : 23302 / 2017-3-29
YA20151207130233 - 2017-02-01 11:56:47
state : 1
log : 23303 / 2017-3-29
YA20151207130233 - 2017-02-01 11:56:49
state : 1
log : 23302 / 2017-3-30
YA20151207130233 - 2017-02-01 11:56:50
state : 1
log : 23303 / 2017-3-30
YA20161116113212 - 2017-02-01 11:59:24
state : 1
log : 39104 / 2017-02-01
YA20161116113212 - 2017-02-01 12:01:46
state : 1
log : 33849 / 2017-02-01
YA20151207130233 - 2017-02-01 12:02:58
state : 1
log : 21576 / 2017-2-10
YA20151207130233 - 2017-02-01 12:03:00
state : 1
log : 21576 / 2017-2-11
YA20151207130233 - 2017-02-01 12:04:43
state : 1
log : 20714 / 2017-02-21
YA20151207130233 - 2017-02-01 12:04:44
state : 1
log : 20714 / 2017-02-22
YA20151207130233 - 2017-02-01 12:06:14
state : 1
log : 21579 / 2017-2-3
YA20151207130233 - 2017-02-01 12:06:16
state : 1
log : 21581 / 2017-2-3
YA20151207130233 - 2017-02-01 12:06:17
state : 1
log : 36252 / 2017-2-3
YA20151207130233 - 2017-02-01 12:11:10
state : 3
log : 2327 : 등록된 객실 없습니다
YA20161116113212 - 2017-02-01 12:12:28
state : 1
log : 44484 / 2017-02-06
YA20151207130233 - 2017-02-01 12:12:55
state : 1
log : 41970 / 2017-02-17
YA20161116113212 - 2017-02-01 12:17:28
state : 1
log : 22206 / 2017-02-03
2017-02-01 12:18:14
key : YA20151207130233
state : 1
log : 35133 / 2017-02-13
YA20151207130233 - 2017-02-01 12:18:53
state : 1
log : 20714 / 2017-2-21
2017-02-01 12:19:07
key : YA20151207130233
state : 1
log : 35133 / 2017-02-13
YA20151207130233 - 2017-02-01 12:21:38
state : 3
log :  : 등록된 객실 없습니다
YA20151207130233 - 2017-02-01 12:26:58
state : 1
log : 33981 / 2017-02-11
YA20151207130233 - 2017-02-01 12:33:28
state : 1
log : 21578 / 2017-02-01
YA20151207130233 - 2017-02-01 12:34:09
state : 1
log : 21755 / 2017-02-03
YA20151207130233 - 2017-02-01 12:34:33
state : 1
log : 21578 / 2017-2-1
YA20161116113212 - 2017-02-01 12:38:04
state : 1
log : 39103 / 2017-02-08
YA20151207130233 - 2017-02-01 12:39:10
state : 2
log : 4357 : 이미 막힌 객실 선택
YA20151207130233 - 2017-02-01 12:43:27
state : 1
log : 1491 / 2017-2-3
YA20151207130233 - 2017-02-01 12:44:17
state : 2
log : 5246 : 이미 막힌 객실 선택
YA20151207130233 - 2017-02-01 12:44:45
state : 1
log : 20711 / 2017-02-16
YA20151207130233 - 2017-02-01 12:51:07
state : 1
log : 20711 / 2017-2-16
YA20161116113212 - 2017-02-01 12:55:47
state : 1
log : 35378 / 2017-02-02
YA20161116113212 - 2017-02-01 12:56:36
state : 1
log : 13104 / 2017-02-11
YA20151207130233 - 2017-02-01 12:58:15
state : 1
log : 20711 / 2017-03-04
YA20151207130233 - 2017-02-01 13:08:01
state : 1
log : 24836 / 2017-2-25
YA20151207130233 - 2017-02-01 13:09:28
state : 1
log : 21820 / 2017-02-03
YA20151207130233 - 2017-02-01 13:12:42
state : 1
log : 18176 / 2017-2-11
YA20161116113212 - 2017-02-01 13:14:27
state : 1
log : 8480 / 2017-02-18
2017-02-01 13:18:48
key : YA20151207130233
state : 1
log : 21756 / 2017-2-3
YA20161116113212 - 2017-02-01 13:21:49
state : 1
log : 10248 / 2017-02-06
YA20151207130233 - 2017-02-01 13:22:15
state : 1
log : 21756 / 2017-2-4
YA20161116113212 - 2017-02-01 13:23:15
state : 1
log : 24381 / 2017-02-17
2017-02-01 13:24:18
key : YA20151207130233
state : 1
log : 24435 / 2017-2-10
2017-02-01 13:24:20
key : YA20151207130233
state : 1
log : 24437 / 2017-2-10
YA20151207130233 - 2017-02-01 13:29:27
state : 1
log : 43741 / 2017-02-14
YA20151207130233 - 2017-02-01 13:29:55
state : 1
log : 10539 / 2017-2-2
YA20161116113212 - 2017-02-01 13:40:12
state : 1
log : 4535 / 2017-02-15
YA20161116113212 - 2017-02-01 13:43:25
state : 1
log : 3666 / 2017-02-03
YA20151207130233 - 2017-02-01 13:44:32
state : 1
log : 9724 / 2017-2-1
YA20151207130233 - 2017-02-01 13:52:37
state : 1
log : 25129 / 2017-2-2
YA20151207130233 - 2017-02-01 13:54:27
state : 1
log : 33985 / 2017-02-11
YA20151207130233 - 2017-02-01 14:06:43
state : 1
log : 14494 / 2017-02-01
YA20151207130233 - 2017-02-01 14:07:38
state : 1
log : 35132 / 2017-2-1
YA20151207130233 - 2017-02-01 14:08:19
state : 2
log : 5246 : 이미 막힌 객실 선택
YA20161116113212 - 2017-02-01 14:17:37
state : 1
log : 12064 / 2017-02-04
2017-02-01 14:21:48
key : YA20151207130233
state : 1
log : 3699 / 2017-2-4
YA20151207130233 - 2017-02-01 14:23:34
state : 1
log : 18055 / 2017-02-11
YA20151207130233 - 2017-02-01 14:24:04
state : 1
log : 14494 / 2017-02-04
YA20151207130233 - 2017-02-01 14:28:41
state : 1
log : 23581 / 2017-02-04
YA20161116113212 - 2017-02-01 14:32:51
state : 1
log : 21895 / 2017-02-25
YA20151207130233 - 2017-02-01 14:33:32
state : 1
log : 21822 / 2017-02-18
YA20161116113212 - 2017-02-01 14:35:08
state : 1
log : 44556 / 2017-02-26
44556 / 2017-02-27
44556 / 2017-02-28
YA20151207130233 - 2017-02-01 14:35:38
state : 1
log : 19899 / 2017-02-04
YA20151207130233 - 2017-02-01 14:35:40
state : 1
log : 19900 / 2017-02-04
YA20151207130233 - 2017-02-01 14:35:42
state : 1
log : 19904 / 2017-02-04
YA20151207130233 - 2017-02-01 14:39:00
state : 1
log : 19902 / 2017-02-04
YA20151207130233 - 2017-02-01 14:39:21
state : 1
log : 9801 / 2017-2-3
YA20151207130233 - 2017-02-01 14:39:50
state : 1
log : 29447 / 2017-02-04
YA20151207130233 - 2017-02-01 14:39:54
state : 1
log : 46159 / 2017-2-4
YA20161116113212 - 2017-02-01 14:42:38
state : 1
log : 21134 / 2017-02-01
YA20151207130233 - 2017-02-01 14:44:12
state : 1
log : 46149 / 2017-2-4
YA20151207130233 - 2017-02-01 14:44:13
state : 2
log : 6540 : 이미 막힌 객실 선택
YA20151207130233 - 2017-02-01 14:45:21
state : 1
log : 46159 / 2017-2-2
YA20151207130233 - 2017-02-01 14:47:28
state : 1
log : 46155 / 2017-2-2
2017-02-01 14:49:40
key : YA20151207130233
state : 1
log : 23579 / 2017-2-4
2017-02-01 14:50:32
key : YA20151207130233
state : 1
log : 23579 / 2017-2-4
YA20161116113212 - 2017-02-01 14:50:52
state : 1
log : 17473 / 2017-02-02
YA20161116113212 - 2017-02-01 14:52:33
state : 1
log : 42952 / 2017-02-24
2017-02-01 14:56:03
key : YA20151207130233
state : 1
log : 29445 / 2017-2-4
YA20161116113212 - 2017-02-01 15:03:51
state : 1
log : 14528 / 2017-02-01
YA20161116113212 - 2017-02-01 15:04:59
state : 1
log : 14531 / 2017-02-08
YA20161116113212 - 2017-02-01 15:15:08
state : 1
log : 24570 / 2017-02-01
YA20161116113212 - 2017-02-01 15:15:10
state : 1
log : 36602 / 2017-02-02
YA20161116113212 - 2017-02-01 15:15:30
state : 1
log : 35747 / 2017-02-05
YA20161116113212 - 2017-02-01 15:17:48
state : 1
log : 18164 / 2017-02-01
YA20151207130233 - 2017-02-01 15:19:03
state : 1
log : 20712 / 2017-2-1
YA20151207130233 - 2017-02-01 15:19:04
state : 1
log : 20712 / 2017-2-1
YA20151207130233 - 2017-02-01 15:24:47
state : 1
log : 19897 / 2017-02-04
YA20151207130233 - 2017-02-01 15:34:14
state : 1
log : 20712 / 2017-2-9
YA20151207130233 - 2017-02-01 15:36:03
state : 1
log : 20712 / 2017-02-12
YA20151207130233 - 2017-02-01 15:36:58
state : 1
log : 46324 / 2017-2-12
YA20151207130233 - 2017-02-01 15:37:11
state : 1
log : 46324 / 2017-2-13
YA20151207130233 - 2017-02-01 15:37:58
state : 1
log : 14497 / 2017-02-04
YA20161116113212 - 2017-02-01 15:40:53
state : 1
log : 22529 / 2017-02-11
YA20151207130233 - 2017-02-01 15:41:10
state : 1
log : 21755 / 2017-02-05
YA20151207130233 - 2017-02-01 15:52:57
state : 1
log : 16641 / 2017-2-4
YA20151207130233 - 2017-02-01 15:53:12
state : 1
log : 16641 / 2017-2-3
2017-02-01 15:54:35
key : YA20151207130233
state : 1
log : 29442 / 2017-02-04
YA20151207130233 - 2017-02-01 15:55:48
state : 3
log :  : 등록된 객실 없습니다
YA20151207130233 - 2017-02-01 16:03:06
state : 1
log : 18055 / 2017-02-25
YA20151207130233 - 2017-02-01 16:09:23
state : 1
log : 43980 / 2017-2-18
YA20151207130233 - 2017-02-01 16:10:58
state : 1
log : 22275 / 2017-3-24
YA20151207130233 - 2017-02-01 16:11:39
state : 1
log : 43741 / 2017-2-8
YA20161116113212 - 2017-02-01 16:12:40
state : 1
log : 25576 / 2017-02-12
YA20151207130233 - 2017-02-01 16:15:54
state : 1
log : 14496 / 2017-2-14
YA20161116113212 - 2017-02-01 16:19:07
state : 1
log : 21402 / 2017-02-03
YA20151207130233 - 2017-02-01 16:19:44
state : 1
log : 43741 / 2017-2-9
YA20151207130233 - 2017-02-01 16:19:58
state : 1
log : 43736 / 2017-2-8
YA20151207130233 - 2017-02-01 16:19:59
state : 1
log : 43737 / 2017-2-8
YA20151207130233 - 2017-02-01 16:20:02
state : 1
log : 43741 / 2017-2-8
YA20151207130233 - 2017-02-01 16:20:04
state : 1
log : 43766 / 2017-2-8
YA20151207130233 - 2017-02-01 16:20:05
state : 1
log : 43769 / 2017-2-8
YA20151207130233 - 2017-02-01 16:20:07
state : 1
log : 43771 / 2017-2-8
YA20151207130233 - 2017-02-01 16:20:09
state : 1
log : 43772 / 2017-2-8
YA20151207130233 - 2017-02-01 16:20:11
state : 1
log : 43773 / 2017-2-8
YA20151207130233 - 2017-02-01 16:20:26
state : 1
log : 43766 / 2017-2-8
YA20151207130233 - 2017-02-01 16:20:27
state : 1
log : 43771 / 2017-2-8
YA20151207130233 - 2017-02-01 16:20:44
state : 1
log : 43766 / 2017-2-8
YA20151207130233 - 2017-02-01 16:20:46
state : 1
log : 43771 / 2017-2-8
YA20151207130233 - 2017-02-01 16:24:25
state : 1
log : 24761 / 2017-02-06
YA20151207130233 - 2017-02-01 16:24:26
state : 1
log : 24761 / 2017-02-07
YA20161116113212 - 2017-02-01 16:26:27
state : 1
log : 4707 / 2017-02-18
YA20161116113212 - 2017-02-01 16:26:30
state : 1
log : 9064 / 2017-02-19
YA20151207130233 - 2017-02-01 16:32:29
state : 1
log : 18060 / 2017-2-1
YA20151207130233 - 2017-02-01 16:33:16
state : 1
log : 24146 / 2017-2-17
YA20151207130233 - 2017-02-01 16:36:42
state : 1
log : 240 / 2017-2-4
YA20151207130233 - 2017-02-01 16:39:00
state : 1
log : 22869 / 2017-2-1
2017-02-01 16:44:57
key : YA20151207130233
state : 1
log : 18058 / 2017-02-18
2017-02-01 16:45:53
key : YA20151207130233
state : 1
log : 18058 / 2017-02-18
YA20161116113212 - 2017-02-01 16:46:46
state : 1
log : 21026 / 2017-02-24
YA20151207130233 - 2017-02-01 16:47:51
state : 1
log : 18058 / 2017-02-18
YA20161116113212 - 2017-02-01 16:48:01
state : 1
log : 13453 / 2017-02-07
YA20151207130233 - 2017-02-01 16:52:13
state : 3
log : 6299 : 등록된 객실 없습니다
YA20151207130233 - 2017-02-01 16:54:21
state : 1
log : 24437 / 2017-02-04
YA20161116113212 - 2017-02-01 17:02:24
state : 1
log : 37733 / 2017-02-08
37733 / 2017-02-09
YA20151207130233 - 2017-02-01 17:03:38
state : 1
log : 43741 / 2017-2-9
YA20161116113212 - 2017-02-01 17:04:56
state : 1
log : 37734 / 2017-02-08
37734 / 2017-02-09
YA20151207130233 - 2017-02-01 17:09:52
state : 1
log : 21818 / 2017-02-03
YA20161116113212 - 2017-02-01 17:40:20
state : 1
log : 36448 / 2017-02-01
YA20161116113212 - 2017-02-01 17:40:23
state : 1
log : 26659 / 2017-02-01
YA20151207130233 - 2017-02-01 17:44:09
state : 1
log : 35127 / 2017-2-17
YA20161116113212 - 2017-02-01 17:46:09
state : 1
log : 9344 / 2017-02-06
YA20161116113212 - 2017-02-01 17:47:35
state : 1
log : 25164 / 2017-02-13
YA20151207130233 - 2017-02-01 17:50:35
state : 1
log : 23521 / 2017-2-18
YA20151207130233 - 2017-02-01 17:50:36
state : 3
log : 5332 : 등록된 객실 없습니다
YA20161116113212 - 2017-02-01 17:50:50
state : 1
log : 24706 / 2017-02-02
2017-02-01 17:50:58
key : YA20151207130233
state : 1
log : 23481 / 2017-2-4
YA20161116113212 - 2017-02-01 17:51:56
state : 1
log : 15263 / 2017-02-14
YA20151207130233 - 2017-02-01 17:52:01
state : 1
log : 23584 / 2017-2-1
YA20151207130233 - 2017-02-01 17:52:57
state : 1
log : 21755 / 2017-02-01
YA20161116113212 - 2017-02-01 17:55:09
state : 1
log : 22972 / 2017-02-15
22972 / 2017-02-16
YA20151207130233 - 2017-02-01 18:11:42
state : 1
log : 9726 / 2017-02-06
YA20151207130233 - 2017-02-01 18:17:15
state : 1
log : 12533 / 2017-2-1
YA20151207130233 - 2017-02-01 18:20:20
state : 1
log : 20703 / 2017-02-02
YA20161116113212 - 2017-02-01 18:22:59
state : 1
log : 28859 / 2017-02-05
YA20151207130233 - 2017-02-01 18:23:07
state : 1
log : 17745 / 2017-2-4
YA20161116113212 - 2017-02-01 18:24:56
state : 1
log : 42750 / 2017-02-07
YA20151207130233 - 2017-02-01 18:25:05
state : 1
log : 21819 / 2017-2-13
YA20161116113212 - 2017-02-01 18:42:10
state : 1
log : 38867 / 2017-02-01
YA20151207130233 - 2017-02-01 18:45:18
state : 1
log : 33981 / 2017-2-4
YA20151207130233 - 2017-02-01 18:45:18
state : 1
log : 20709 / 2017-2-4
YA20151207130233 - 2017-02-01 18:45:20
state : 1
log : 20709 / 2017-2-11
YA20151207130233 - 2017-02-01 18:51:02
state : 1
log : 21580 / 2017-2-1
YA20151207130233 - 2017-02-01 18:51:44
state : 1
log : 21766 / 2017-02-03
YA20151207130233 - 2017-02-01 18:51:49
state : 1
log : 20713 / 2017-2-18
YA20151207130233 - 2017-02-01 18:55:14
state : 1
log : 21766 / 2017-2-3
YA20161116113212 - 2017-02-01 19:00:41
state : 1
log : 22422 / 2017-02-09
22422 / 2017-02-10
YA20161116113212 - 2017-02-01 19:05:02
state : 1
log : 23295 / 2017-02-04
YA20151207130233 - 2017-02-01 19:05:47
state : 1
log : 29444 / 2017-2-2
YA20151207130233 - 2017-02-01 19:05:49
state : 1
log : 29445 / 2017-2-2
YA20151207130233 - 2017-02-01 19:06:22
state : 1
log : 29444 / 2017-2-5
YA20151207130233 - 2017-02-01 19:06:24
state : 1
log : 29445 / 2017-2-5
YA20151207130233 - 2017-02-01 19:06:38
state : 1
log : 29442 / 2017-2-6
YA20151207130233 - 2017-02-01 19:06:40
state : 1
log : 29445 / 2017-2-6
YA20151207130233 - 2017-02-01 19:06:51
state : 1
log : 29443 / 2017-2-7
YA20151207130233 - 2017-02-01 19:06:53
state : 1
log : 29443 / 2017-2-8
YA20151207130233 - 2017-02-01 19:07:11
state : 1
log : 29442 / 2017-2-9
YA20151207130233 - 2017-02-01 19:07:13
state : 1
log : 29446 / 2017-2-9
YA20151207130233 - 2017-02-01 19:07:15
state : 1
log : 29442 / 2017-2-9
YA20151207130233 - 2017-02-01 19:07:17
state : 1
log : 29446 / 2017-2-9
YA20151207130233 - 2017-02-01 19:07:40
state : 1
log : 29444 / 2017-2-11
YA20151207130233 - 2017-02-01 19:07:42
state : 1
log : 29445 / 2017-2-11
YA20151207130233 - 2017-02-01 19:11:38
state : 1
log : 21751 / 2017-2-4
YA20151207130233 - 2017-02-01 19:15:29
state : 1
log : 47531 / 2017-2-4
YA20151207130233 - 2017-02-01 19:17:20
state : 1
log : 18056 / 2017-02-11
YA20151207130233 - 2017-02-01 19:28:12
state : 1
log : 21578 / 2017-2-19
YA20151207130233 - 2017-02-01 19:28:27
state : 1
log : 21578 / 2017-2-26
YA20151207130233 - 2017-02-01 19:30:58
state : 1
log : 47720 / 2017-02-04
YA20151207130233 - 2017-02-01 19:31:00
state : 1
log : 47723 / 2017-02-04
YA20151207130233 - 2017-02-01 19:32:17
state : 1
log : 29442 / 2017-02-12
YA20151207130233 - 2017-02-01 19:32:19
state : 1
log : 29442 / 2017-02-13
YA20151207130233 - 2017-02-01 19:37:52
state : 1
log : 21579 / 2017-02-12
2017-02-01 19:39:41
key : YA20151207130233
state : 1
log : 14497 / 2017-02-10
YA20151207130233 - 2017-02-01 19:40:15
state : 1
log : 21579 / 2017-2-12
YA20151207130233 - 2017-02-01 19:40:46
state : 3
log :  : 등록된 객실 없습니다
YA20151207130233 - 2017-02-01 19:42:51
state : 1
log : 16637 / 2017-02-02
YA20161116113212 - 2017-02-01 19:44:48
state : 1
log : 10695 / 2017-02-04
YA20161116113212 - 2017-02-01 19:45:36
state : 1
log : 12430 / 2017-02-02
YA20161116113212 - 2017-02-01 19:47:04
state : 1
log : 26453 / 2017-02-22
YA20151207130233 - 2017-02-01 19:51:38
state : 1
log : 21749 / 2017-2-2
YA20161116113212 - 2017-02-01 20:00:54
state : 1
log : 26297 / 2017-02-04
YA20151207130233 - 2017-02-01 20:02:04
state : 1
log : 35165 / 2017-2-10
YA20151207130233 - 2017-02-01 20:02:12
state : 1
log : 35167 / 2017-2-10
YA20151207130233 - 2017-02-01 20:02:24
state : 1
log : 23583 / 2017-2-4
2017-02-01 20:02:34
key : YA20151207130233
state : 1
log : 24435 / 2017-02-18
2017-02-01 20:03:39
key : YA20151207130233
state : 1
log : 35165 / 2017-2-10
YA20161116113212 - 2017-02-01 20:04:35
state : 1
log : 15014 / 2017-02-04
YA20151207130233 - 2017-02-01 20:05:26
state : 1
log : 21815 / 2017-02-06
YA20151207130233 - 2017-02-01 20:07:16
state : 1
log : 14492 / 2017-2-27
2017-02-01 20:08:15
key : YA20151207130233
state : 1
log : 24435 / 2017-02-18
YA20151207130233 - 2017-02-01 20:13:40
state : 1
log : 43983 / 2017-2-11
2017-02-01 20:14:29
key : YA20151207130233
state : 1
log : 16642 / 2017-02-10
YA20151207130233 - 2017-02-01 20:15:37
state : 1
log : 16642 / 2017-02-10
YA20151207130233 - 2017-02-01 20:15:45
state : 1
log : 18056 / 2017-02-25
YA20151207130233 - 2017-02-01 20:15:47
state : 1
log : 18058 / 2017-02-25
YA20151207130233 - 2017-02-01 20:21:46
state : 3
log : 6299 : 등록된 객실 없습니다
YA20151207130233 - 2017-02-01 20:21:47
state : 3
log : 6298 : 등록된 객실 없습니다
YA20151207130233 - 2017-02-01 20:21:50
state : 1
log : 20707 / 2017-2-1
YA20151207130233 - 2017-02-01 20:21:51
state : 1
log : 20715 / 2017-2-1
YA20151207130233 - 2017-02-01 20:21:53
state : 1
log : 20713 / 2017-2-1
YA20151207130233 - 2017-02-01 20:24:27
state : 1
log : 9726 / 2017-02-20
YA20151207130233 - 2017-02-01 20:24:28
state : 1
log : 9726 / 2017-02-21
YA20151207130233 - 2017-02-01 20:26:20
state : 1
log : 21580 / 2017-2-4
YA20151207130233 - 2017-02-01 20:29:02
state : 1
log : 24435 / 2017-02-18
YA20151207130233 - 2017-02-01 20:30:07
state : 1
log : 9723 / 2017-2-15
YA20151207130233 - 2017-02-01 20:36:54
state : 2
log : 4359 : 이미 막힌 객실 선택
YA20161116113212 - 2017-02-01 20:43:47
state : 1
log : 26459 / 2017-02-14
26459 / 2017-02-15
26459 / 2017-02-16
2017-02-01 20:50:33
key : YA20151207130233
state : 1
log : 47721 / 2017-2-8
YA20151207130233 - 2017-02-01 20:50:57
state : 1
log : 47722 / 2017-2-9
YA20151207130233 - 2017-02-01 20:51:31
state : 1
log : 47720 / 2017-2-16
YA20151207130233 - 2017-02-01 21:09:43
state : 1
log : 22868 / 2017-2-2
YA20151207130233 - 2017-02-01 21:11:09
state : 1
log : 34060 / 2017-2-9
2017-02-01 21:11:39
key : YA20151207130233
state : 1
log : 23521 / 2017-2-18
YA20151207130233 - 2017-02-01 21:11:41
state : 3
log : 5332 : 등록된 객실 없습니다
YA20151207130233 - 2017-02-01 21:13:16
state : 1
log : 24768 / 2017-2-11
YA20151207130233 - 2017-02-01 21:13:17
state : 1
log : 24769 / 2017-2-11
YA20151207130233 - 2017-02-01 21:14:38
state : 1
log : 20714 / 2017-02-05
2017-02-01 21:18:15
key : YA20151207130233
state : 1
log : 20714 / 2017-2-5
YA20161116113212 - 2017-02-01 21:19:35
state : 1
log : 45200 / 2017-02-01
YA20151207130233 - 2017-02-01 21:21:07
state : 1
log : 35168 / 2017-2-4
YA20151207130233 - 2017-02-01 21:21:28
state : 1
log : 35160 / 2017-2-4
YA20151207130233 - 2017-02-01 21:26:06
state : 1
log : 23321 / 2017-2-4
YA20161116113212 - 2017-02-01 21:26:59
state : 1
log : 44913 / 2017-02-05
YA20151207130233 - 2017-02-01 21:30:18
state : 1
log : 14494 / 2017-2-8
YA20161116113212 - 2017-02-01 21:35:04
state : 1
log : 42970 / 2017-02-04
YA20151207130233 - 2017-02-01 21:35:16
state : 1
log : 24092 / 2017-02-04
YA20151207130233 - 2017-02-01 21:38:07
state : 1
log : 21822 / 2017-2-2
YA20161116113212 - 2017-02-01 21:39:11
state : 1
log : 13245 / 2017-02-04
YA20151207130233 - 2017-02-01 21:46:25
state : 3
log : 6304 : 등록된 객실 없습니다
YA20161116113212 - 2017-02-01 21:49:31
state : 1
log : 45602 / 2017-02-08
YA20151207130233 - 2017-02-01 21:54:09
state : 1
log : 18078 / 2017-2-4
YA20151207130233 - 2017-02-01 21:56:55
state : 1
log : 21749 / 2017-2-4
2017-02-01 21:58:21
key : YA20151207130233
state : 1
log : 21747 / 2017-2-4
2017-02-01 21:58:38
key : YA20151207130233
state : 1
log : 21748 / 2017-2-3
YA20151207130233 - 2017-02-01 21:58:56
state : 1
log : 21745 / 2017-2-3
YA20151207130233 - 2017-02-01 21:58:58
state : 1
log : 21745 / 2017-2-3
2017-02-01 22:14:25
key : YA20151207130233
state : 1
log : 31612 / 2017-02-02
YA20151207130233 - 2017-02-01 22:17:40
state : 1
log : 31612 / 2017-02-02
YA20151207130233 - 2017-02-01 22:18:09
state : 1
log : 21754 / 2017-2-1
YA20151207130233 - 2017-02-01 22:21:13
state : 1
log : 20703 / 2017-2-11
YA20151207130233 - 2017-02-01 22:23:18
state : 1
log : 21748 / 2017-02-05
YA20161116113212 - 2017-02-01 22:26:13
state : 1
log : 30424 / 2017-02-02
YA20161116113212 - 2017-02-01 22:30:36
state : 1
log : 23721 / 2017-02-04
YA20161116113212 - 2017-02-01 22:41:44
state : 1
log : 17436 / 2017-02-10
17436 / 2017-02-11
YA20151207130233 - 2017-02-01 22:55:29
state : 2
log : 5247 : 이미 막힌 객실 선택
YA20151207130233 - 2017-02-01 23:02:17
state : 1
log : 23584 / 2017-2-4
YA20151207130233 - 2017-02-01 23:03:17
state : 1
log : 23584 / 2017-2-4
YA20151207130233 - 2017-02-01 23:04:33
state : 3
log : 6214 : 등록된 객실 없습니다
YA20151207130233 - 2017-02-01 23:04:34
state : 3
log : 6250 : 등록된 객실 없습니다
YA20151207130233 - 2017-02-01 23:04:44
state : 1
log : 23583 / 2017-2-4
YA20151207130233 - 2017-02-01 23:04:47
state : 3
log : 6214 : 등록된 객실 없습니다
YA20151207130233 - 2017-02-01 23:04:48
state : 3
log : 6250 : 등록된 객실 없습니다
YA20151207130233 - 2017-02-01 23:10:04
state : 2
log : 4362 : 이미 막힌 객실 선택
YA20151207130233 - 2017-02-01 23:10:05
state : 2
log : 4362 : 이미 막힌 객실 선택
YA20161116113212 - 2017-02-01 23:10:11
state : 1
log : 20696 / 2017-02-03
YA20151207130233 - 2017-02-01 23:15:17
state : 1
log : 9724 / 2017-02-08
YA20161116113212 - 2017-02-01 23:18:29
state : 1
log : 5229 / 2017-02-25
YA20151207130233 - 2017-02-01 23:24:00
state : 1
log : 34060 / 2017-02-05
YA20151207130233 - 2017-02-01 23:46:46
state : 1
log : 9727 / 2017-02-11
