YA20151207130233 - 2017-02-13 00:15:35
state : 1
log : 20711 / 2017-02-19
2017-02-13 00:20:38
key : YA20151207130233
state : 1
log : 21818 / 2017-02-24
YA20151207130233 - 2017-02-13 00:21:48
state : 1
log : 21818 / 2017-02-24
YA20161116113212 - 2017-02-13 00:33:07
state : 1
log : 48728 / 2017-02-18
YA20161116113212 - 2017-02-13 00:36:37
state : 1
log : 33169 / 2017-02-25
33169 / 2017-02-26
YA20151207130233 - 2017-02-13 00:46:29
state : 1
log : 46150 / 2017-2-13
YA20151207130233 - 2017-02-13 01:05:18
state : 1
log : 21822 / 2017-02-19
YA20151207130233 - 2017-02-13 01:05:19
state : 1
log : 24083 / 2017-02-13
YA20161116113212 - 2017-02-13 02:05:59
state : 1
log : 7419 / 2017-02-15
YA20151207130233 - 2017-02-13 02:41:52
state : 1
log : 21581 / 2017-02-15
YA20161116113212 - 2017-02-13 02:55:37
state : 1
log : 34375 / 2017-02-15
YA20161116113212 - 2017-02-13 03:45:45
state : 1
log : 15771 / 2017-02-13
YA20161116113212 - 2017-02-13 03:51:10
state : 1
log : 9708 / 2017-02-15
YA20151207130233 - 2017-02-13 05:10:44
state : 1
log : 9723 / 2017-2-16
YA20161116113212 - 2017-02-13 05:37:11
state : 1
log : 36480 / 2017-02-25
YA20151207130233 - 2017-02-13 06:33:27
state : 1
log : 21813 / 2017-02-15
YA20151207130233 - 2017-02-13 07:12:32
state : 2
log : 5347 : 이미 막힌 객실 선택
YA20151207130233 - 2017-02-13 07:12:33
state : 1
log : 22716 / 2017-2-13
YA20151207130233 - 2017-02-13 07:12:34
state : 1
log : 22721 / 2017-2-13
YA20151207130233 - 2017-02-13 07:12:36
state : 2
log : 5346 : 이미 막힌 객실 선택
YA20151207130233 - 2017-02-13 07:12:37
state : 1
log : 22719 / 2017-2-14
YA20151207130233 - 2017-02-13 07:12:39
state : 1
log : 22716 / 2017-2-14
YA20151207130233 - 2017-02-13 07:12:40
state : 1
log : 22721 / 2017-2-14
YA20151207130233 - 2017-02-13 07:12:41
state : 1
log : 22709 / 2017-2-14
YA20151207130233 - 2017-02-13 07:12:42
state : 1
log : 22719 / 2017-2-15
YA20151207130233 - 2017-02-13 07:12:44
state : 1
log : 22716 / 2017-2-15
YA20151207130233 - 2017-02-13 07:12:45
state : 1
log : 22721 / 2017-2-15
YA20151207130233 - 2017-02-13 07:12:46
state : 1
log : 22709 / 2017-2-15
YA20151207130233 - 2017-02-13 07:12:47
state : 1
log : 22719 / 2017-2-16
YA20151207130233 - 2017-02-13 07:12:49
state : 1
log : 22716 / 2017-2-16
YA20151207130233 - 2017-02-13 07:12:50
state : 1
log : 22721 / 2017-2-16
YA20151207130233 - 2017-02-13 07:12:51
state : 1
log : 22709 / 2017-2-16
YA20151207130233 - 2017-02-13 07:12:52
state : 2
log : 5347 : 이미 막힌 객실 선택
YA20151207130233 - 2017-02-13 07:12:54
state : 1
log : 22716 / 2017-2-13
YA20151207130233 - 2017-02-13 07:12:55
state : 1
log : 22721 / 2017-2-13
YA20151207130233 - 2017-02-13 07:12:56
state : 2
log : 5346 : 이미 막힌 객실 선택
YA20151207130233 - 2017-02-13 07:12:57
state : 1
log : 22719 / 2017-2-14
YA20151207130233 - 2017-02-13 07:12:58
state : 1
log : 22716 / 2017-2-14
YA20151207130233 - 2017-02-13 07:12:59
state : 1
log : 22721 / 2017-2-14
YA20151207130233 - 2017-02-13 07:13:01
state : 1
log : 22709 / 2017-2-14
YA20151207130233 - 2017-02-13 07:13:02
state : 1
log : 22719 / 2017-2-15
YA20151207130233 - 2017-02-13 07:13:03
state : 1
log : 22716 / 2017-2-15
YA20151207130233 - 2017-02-13 07:13:04
state : 1
log : 22721 / 2017-2-15
YA20151207130233 - 2017-02-13 07:13:05
state : 1
log : 22709 / 2017-2-15
YA20151207130233 - 2017-02-13 07:13:07
state : 1
log : 22719 / 2017-2-16
YA20151207130233 - 2017-02-13 07:13:08
state : 1
log : 22716 / 2017-2-16
YA20151207130233 - 2017-02-13 07:13:09
state : 1
log : 22721 / 2017-2-16
YA20151207130233 - 2017-02-13 07:13:10
state : 1
log : 22709 / 2017-2-16
YA20161116113212 - 2017-02-13 08:11:42
state : 1
log : 17786 / 2017-02-18
YA20161116113212 - 2017-02-13 08:13:58
state : 1
log : 36623 / 2017-02-22
YA20151207130233 - 2017-02-13 08:20:03
state : 1
log : 34060 / 2017-2-16
YA20151207130233 - 2017-02-13 08:26:02
state : 1
log : 35128 / 2017-2-13
2017-02-13 08:32:40
key : YA20151207130233
state : 1
log : 21047 / 2017-03-04
YA20151207130233 - 2017-02-13 08:59:35
state : 1
log : 20712 / 2017-02-13
YA20161116113212 - 2017-02-13 09:09:16
state : 1
log : 28861 / 2017-02-13
YA20170210145636 - 2017-02-13 09:15:39
state : 7
log : 397 : 해당 객실 예약 존재
YA20170210145636 - 2017-02-13 09:16:49
state : 7
log : 397 : 해당 객실 예약 존재
YA20170210145636 - 2017-02-13 09:17:36
state : 7
log : 397 : 해당 객실 예약 존재
YA20170210145636 - 2017-02-13 09:18:09
state : 7
log : 397 : 해당 객실 예약 존재
2017-02-13 09:19:22
key : YA20170210145636
state : 1
log : 7072 / 2017-03-11
YA20170210145636 - 2017-02-13 09:20:00
state : 7
log : 37258 : 해당 객실 예약 존재
YA20170210145636 - 2017-02-13 09:20:00
state : 7
log : 1473 : 해당 객실 예약 존재
YA20170210145636 - 2017-02-13 09:20:01
state : 7
log : 397 : 해당 객실 예약 존재
YA20170210145636 - 2017-02-13 09:20:01
state : 7
log : 397 : 해당 객실 예약 존재
2017-02-13 09:20:07
key : YA20170210145636
state : 1
log : 19543 / 2017-03-30
YA20170210145636 - 2017-02-13 09:20:07
state : 7
log : 397 : 해당 객실 예약 존재
YA20170210145636 - 2017-02-13 09:20:08
state : 7
log : 397 : 해당 객실 예약 존재
YA20170210145636 - 2017-02-13 09:20:08
state : 7
log : 8661 : 해당 객실 예약 존재
YA20170210145636 - 2017-02-13 09:20:09
state : 7
log : 8661 : 해당 객실 예약 존재
YA20170210145636 - 2017-02-13 09:20:09
state : 7
log : 8661 : 해당 객실 예약 존재
YA20170210145636 - 2017-02-13 09:20:09
state : 7
log : 8661 : 해당 객실 예약 존재
YA20170210145636 - 2017-02-13 09:20:10
state : 7
log : 8661 : 해당 객실 예약 존재
YA20170210145636 - 2017-02-13 09:29:26
state : 7
log : 397 : 해당 객실 예약 존재
YA20170210145636 - 2017-02-13 09:29:26
state : 7
log : 397 : 해당 객실 예약 존재
YA20170210145636 - 2017-02-13 09:29:27
state : 7
log : 397 : 해당 객실 예약 존재
YA20170210145636 - 2017-02-13 09:29:27
state : 7
log : 397 : 해당 객실 예약 존재
2017-02-13 09:29:33
key : YA20170210145636
state : 1
log : 7072 / 2017-03-11
YA20170210145636 - 2017-02-13 09:29:33
state : 7
log : 37258 : 해당 객실 예약 존재
YA20170210145636 - 2017-02-13 09:29:34
state : 7
log : 1473 : 해당 객실 예약 존재
YA20170210145636 - 2017-02-13 09:29:34
state : 7
log : 397 : 해당 객실 예약 존재
YA20170210145636 - 2017-02-13 09:29:34
state : 7
log : 397 : 해당 객실 예약 존재
YA20170210145636 - 2017-02-13 09:29:35
state : 7
log : 397 : 해당 객실 예약 존재
YA20170210145636 - 2017-02-13 09:29:35
state : 7
log : 397 : 해당 객실 예약 존재
YA20170210145636 - 2017-02-13 09:29:36
state : 7
log : 8661 : 해당 객실 예약 존재
YA20170210145636 - 2017-02-13 09:29:36
state : 7
log : 8661 : 해당 객실 예약 존재
YA20170210145636 - 2017-02-13 09:29:37
state : 7
log : 8661 : 해당 객실 예약 존재
YA20170210145636 - 2017-02-13 09:29:37
state : 7
log : 8661 : 해당 객실 예약 존재
YA20170210145636 - 2017-02-13 09:29:37
state : 7
log : 8661 : 해당 객실 예약 존재
YA20151207130233 - 2017-02-13 09:30:49
state : 2
log : 5243 : 이미 막힌 객실 선택
2017-02-13 09:31:31
key : YA20151207130233
state : 1
log : 3699 / 2017-2-18
YA20170210145636 - 2017-02-13 09:33:20
state : 1
log : 19543 / 2017-02-13
YA20170210145636 - 2017-02-13 09:33:29
state : 1
log : 19543 / 2017-02-14
YA20170210145636 - 2017-02-13 09:33:29
state : 7
log : 397 : 해당 객실 예약 존재
YA20170210145636 - 2017-02-13 09:33:29
state : 7
log : 397 : 해당 객실 예약 존재
YA20170210145636 - 2017-02-13 09:33:30
state : 1
log : 19543 / 2017-02-27
YA20170210145636 - 2017-02-13 09:33:31
state : 7
log : 397 : 해당 객실 예약 존재
YA20170210145636 - 2017-02-13 09:33:31
state : 7
log : 397 : 해당 객실 예약 존재
YA20170210145636 - 2017-02-13 09:33:37
state : 1
log : 38612 / 2017-02-21
YA20170210145636 - 2017-02-13 09:33:38
state : 1
log : 7072 / 2017-02-13
YA20170210145636 - 2017-02-13 09:33:53
state : 1
log : 7072 / 2017-02-14
YA20170210145636 - 2017-02-13 09:33:54
state : 7
log : 37258 : 해당 객실 예약 존재
YA20170210145636 - 2017-02-13 09:33:54
state : 7
log : 1473 : 해당 객실 예약 존재
YA20170210145636 - 2017-02-13 09:33:55
state : 7
log : 397 : 해당 객실 예약 존재
YA20170210145636 - 2017-02-13 09:33:55
state : 1
log : 19543 / 2017-03-30
YA20170210145636 - 2017-02-13 09:33:56
state : 7
log : 397 : 해당 객실 예약 존재
YA20170210145636 - 2017-02-13 09:33:56
state : 7
log : 397 : 해당 객실 예약 존재
YA20170210145636 - 2017-02-13 09:33:57
state : 7
log : 8661 : 해당 객실 예약 존재
YA20170210145636 - 2017-02-13 09:33:57
state : 7
log : 8661 : 해당 객실 예약 존재
YA20170210145636 - 2017-02-13 09:33:58
state : 7
log : 8661 : 해당 객실 예약 존재
YA20170210145636 - 2017-02-13 09:33:58
state : 7
log : 8661 : 해당 객실 예약 존재
YA20170210145636 - 2017-02-13 09:33:58
state : 7
log : 8661 : 해당 객실 예약 존재
YA20151207130233 - 2017-02-13 09:40:22
state : 1
log : 20712 / 2017-2-21
YA20151207130233 - 2017-02-13 09:40:23
state : 1
log : 20713 / 2017-2-21
2017-02-13 09:42:12
key : YA20151207130233
state : 1
log : 20711 / 2017-2-21
YA20161116113212 - 2017-02-13 09:44:10
state : 1
log : 13892 / 2017-02-25
YA20161116113212 - 2017-02-13 09:48:51
state : 1
log : 36905 / 2017-02-14
YA20151207130233 - 2017-02-13 09:51:42
state : 1
log : 21752 / 2017-2-16
YA20151207130233 - 2017-02-13 09:57:52
state : 2
log : 5241 : 이미 막힌 객실 선택
2017-02-13 10:02:01
key : YA20170210145636
state : 1
log : 19543 / 2017-02-13
2017-02-13 10:02:10
key : YA20170210145636
state : 1
log : 19543 / 2017-02-13
YA20151207130233 - 2017-02-13 10:02:19
state : 1
log : 20712 / 2017-02-13
YA20151207130233 - 2017-02-13 10:02:43
state : 1
log : 20712 / 2017-2-13
YA20151207130233 - 2017-02-13 10:10:12
state : 1
log : 35133 / 2017-02-16
YA20170210145636 - 2017-02-13 10:11:02
state : 1
log : 19543 / 2017-02-13
YA20170210145636 - 2017-02-13 10:11:07
state : 1
log : 19543 / 2017-02-15
YA20151207130233 - 2017-02-13 10:12:56
state : 1
log : 21788 / 2017-2-14
YA20151207130233 - 2017-02-13 10:13:26
state : 1
log : 21784 / 2017-2-19
YA20151207130233 - 2017-02-13 10:13:27
state : 1
log : 21785 / 2017-2-19
YA20151207130233 - 2017-02-13 10:13:29
state : 1
log : 21786 / 2017-2-19
YA20151207130233 - 2017-02-13 10:13:30
state : 1
log : 21787 / 2017-2-19
YA20151207130233 - 2017-02-13 10:13:31
state : 1
log : 21788 / 2017-2-19
YA20151207130233 - 2017-02-13 10:13:32
state : 1
log : 21789 / 2017-2-19
YA20151207130233 - 2017-02-13 10:13:34
state : 1
log : 21790 / 2017-2-19
YA20170210145636 - 2017-02-13 10:16:01
state : 1
log : 7072 / 2017-02-15
YA20170210145636 - 2017-02-13 10:16:02
state : 1
log : 19543 / 2017-02-17
YA20170210145636 - 2017-02-13 10:16:03
state : 1
log : 19543 / 2017-02-16
YA20151207130233 - 2017-02-13 10:16:18
state : 1
log : 9728 / 2017-2-14
YA20151207130233 - 2017-02-13 10:17:59
state : 2
log : 5241 : 이미 막힌 객실 선택
YA20151207130233 - 2017-02-13 10:19:10
state : 1
log : 35168 / 2017-2-18
2017-02-13 10:21:00
key : YA20151207130233
state : 1
log : 21821 / 2017-02-17
YA20151207130233 - 2017-02-13 10:23:48
state : 1
log : 48327 / 2017-02-18
YA20151207130233 - 2017-02-13 10:26:52
state : 1
log : 10541 / 2017-2-16
YA20151207130233 - 2017-02-13 10:27:39
state : 1
log : 19354 / 2017-2-13
YA20151207130233 - 2017-02-13 10:27:41
state : 1
log : 19359 / 2017-2-13
YA20151207130233 - 2017-02-13 10:27:42
state : 1
log : 19356 / 2017-2-13
YA20151207130233 - 2017-02-13 10:27:43
state : 1
log : 19357 / 2017-2-13
YA20151207130233 - 2017-02-13 10:27:44
state : 1
log : 19360 / 2017-2-13
YA20151207130233 - 2017-02-13 10:27:46
state : 1
log : 19358 / 2017-2-13
YA20151207130233 - 2017-02-13 10:27:47
state : 1
log : 19361 / 2017-2-13
YA20151207130233 - 2017-02-13 10:27:48
state : 1
log : 19354 / 2017-2-14
YA20151207130233 - 2017-02-13 10:27:49
state : 1
log : 19359 / 2017-2-14
YA20151207130233 - 2017-02-13 10:27:51
state : 1
log : 19356 / 2017-2-14
YA20151207130233 - 2017-02-13 10:27:52
state : 1
log : 19357 / 2017-2-14
YA20151207130233 - 2017-02-13 10:27:53
state : 1
log : 19360 / 2017-2-14
YA20151207130233 - 2017-02-13 10:27:54
state : 1
log : 19358 / 2017-2-14
YA20151207130233 - 2017-02-13 10:27:57
state : 1
log : 19361 / 2017-2-14
YA20151207130233 - 2017-02-13 10:29:30
state : 1
log : 19354 / 2017-2-19
YA20151207130233 - 2017-02-13 10:29:31
state : 1
log : 19359 / 2017-2-19
YA20151207130233 - 2017-02-13 10:29:32
state : 1
log : 19356 / 2017-2-19
YA20151207130233 - 2017-02-13 10:29:34
state : 1
log : 19357 / 2017-2-19
YA20151207130233 - 2017-02-13 10:29:36
state : 1
log : 19360 / 2017-2-19
YA20151207130233 - 2017-02-13 10:29:37
state : 1
log : 19358 / 2017-2-19
YA20151207130233 - 2017-02-13 10:29:38
state : 1
log : 19361 / 2017-2-19
YA20151207130233 - 2017-02-13 10:33:46
state : 1
log : 19442 / 2017-2-16
YA20151207130233 - 2017-02-13 10:34:04
state : 1
log : 19448 / 2017-2-18
YA20151207130233 - 2017-02-13 10:34:51
state : 1
log : 25067 / 2017-02-25
YA20151207130233 - 2017-02-13 10:35:27
state : 1
log : 19448 / 2017-2-18
YA20151207130233 - 2017-02-13 10:35:30
state : 2
log : 1444 : 이미 막힌 객실 선택
YA20151207130233 - 2017-02-13 10:44:01
state : 1
log : 47724 / 2017-03-11
YA20151207130233 - 2017-02-13 10:52:03
state : 1
log : 12541 / 2017-2-13
YA20151207130233 - 2017-02-13 11:13:54
state : 1
log : 48327 / 2017-2-18
YA20151207130233 - 2017-02-13 11:18:01
state : 1
log : 20703 / 2017-2-19
YA20151207130233 - 2017-02-13 11:18:02
state : 1
log : 20703 / 2017-2-20
YA20161116113212 - 2017-02-13 11:18:44
state : 1
log : 25448 / 2017-02-13
YA20151207130233 - 2017-02-13 11:24:17
state : 1
log : 21581 / 2017-2-15
YA20151207130233 - 2017-02-13 11:26:36
state : 1
log : 14497 / 2017-02-21
YA20151207130233 - 2017-02-13 11:33:00
state : 1
log : 19894 / 2017-02-13
YA20151207130233 - 2017-02-13 11:39:32
state : 1
log : 21813 / 2017-02-26
YA20151207130233 - 2017-02-13 11:41:48
state : 1
log : 21751 / 2017-2-13
YA20151207130233 - 2017-02-13 11:49:37
state : 1
log : 29444 / 2017-02-18
YA20161116113212 - 2017-02-13 11:50:07
state : 1
log : 22413 / 2017-02-14
YA20151207130233 - 2017-02-13 11:53:27
state : 1
log : 23579 / 2017-02-14
YA20151207130233 - 2017-02-13 11:55:05
state : 1
log : 21747 / 2017-2-17
YA20161116113212 - 2017-02-13 11:56:54
state : 1
log : 16513 / 2017-02-18
YA20161116113212 - 2017-02-13 12:02:40
state : 1
log : 35089 / 2017-02-25
YA20151207130233 - 2017-02-13 12:04:30
state : 2
log : 5244 : 이미 막힌 객실 선택
YA20151207130233 - 2017-02-13 12:13:48
state : 1
log : 21747 / 2017-2-13
YA20151207130233 - 2017-02-13 12:21:53
state : 1
log : 23483 / 2017-2-18
YA20151207130233 - 2017-02-13 12:22:14
state : 1
log : 23483 / 2017-2-13
YA20151207130233 - 2017-02-13 12:22:15
state : 1
log : 23520 / 2017-2-13
YA20151207130233 - 2017-02-13 12:22:17
state : 1
log : 23482 / 2017-2-14
YA20151207130233 - 2017-02-13 12:22:18
state : 1
log : 23520 / 2017-2-14
YA20151207130233 - 2017-02-13 12:22:38
state : 1
log : 23483 / 2017-2-17
YA20151207130233 - 2017-02-13 12:22:40
state : 1
log : 23520 / 2017-2-17
YA20151207130233 - 2017-02-13 12:22:59
state : 1
log : 23480 / 2017-2-15
YA20151207130233 - 2017-02-13 12:23:00
state : 1
log : 23520 / 2017-2-15
YA20161116113212 - 2017-02-13 12:25:02
state : 1
log : 22947 / 2017-02-20
22947 / 2017-02-21
YA20151207130233 - 2017-02-13 12:25:52
state : 1
log : 24091 / 2017-02-18
2017-02-13 12:40:48
key : YA20151207130233
state : 1
log : 18176 / 2017-3-4
2017-02-13 12:41:57
key : YA20151207130233
state : 1
log : 23581 / 2017-02-18
YA20151207130233 - 2017-02-13 12:43:02
state : 1
log : 21833 / 2017-02-18
YA20151207130233 - 2017-02-13 12:43:53
state : 3
log : 6064 : 등록된 객실 없습니다
YA20151207130233 - 2017-02-13 12:51:18
state : 1
log : 21815 / 2017-02-14
YA20161116113212 - 2017-02-13 12:54:06
state : 1
log : 13350 / 2017-02-18
YA20151207130233 - 2017-02-13 12:55:06
state : 1
log : 29442 / 2017-02-26
YA20151207130233 - 2017-02-13 13:18:08
state : 1
log : 21787 / 2017-2-18
YA20151207130233 - 2017-02-13 13:18:18
state : 1
log : 43771 / 2017-02-18
YA20161116113212 - 2017-02-13 13:22:02
state : 1
log : 35572 / 2017-02-13
YA20151207130233 - 2017-02-13 13:22:18
state : 1
log : 43773 / 2017-02-14
2017-02-13 13:26:56
key : YA20151207130233
state : 1
log : 21047 / 2017-03-04
YA20151207130233 - 2017-02-13 13:28:20
state : 3
log :  : 등록된 객실 없습니다
YA20161116113212 - 2017-02-13 13:30:33
state : 1
log : 10251 / 2017-02-18
YA20151207130233 - 2017-02-13 13:31:45
state : 1
log : 16493 / 2017-02-18
YA20151207130233 - 2017-02-13 13:36:02
state : 1
log : 24710 / 2017-2-13
YA20151207130233 - 2017-02-13 13:41:18
state : 1
log : 14492 / 2017-2-27
YA20151207130233 - 2017-02-13 13:41:19
state : 1
log : 14492 / 2017-2-28
YA20151207130233 - 2017-02-13 13:41:49
state : 1
log : 6399 / 2017-02-24
YA20151207130233 - 2017-02-13 13:41:50
state : 2
log : 5237 : 이미 막힌 객실 선택
YA20161116113212 - 2017-02-13 13:44:28
state : 1
log : 21026 / 2017-02-16
YA20151207130233 - 2017-02-13 13:47:57
state : 1
log : 20708 / 2017-2-13
2017-02-13 13:48:12
key : YA20151207130233
state : 1
log : 20709 / 2017-2-13
YA20161116113212 - 2017-02-13 13:49:44
state : 1
log : 40417 / 2017-02-22
YA20161116113212 - 2017-02-13 13:58:41
state : 1
log : 14562 / 2017-02-13
YA20151207130233 - 2017-02-13 13:59:23
state : 1
log : 21768 / 2017-2-14
YA20151207130233 - 2017-02-13 13:59:34
state : 1
log : 17749 / 2017-2-24
YA20151207130233 - 2017-02-13 14:00:35
state : 1
log : 21821 / 2017-02-25
YA20151207130233 - 2017-02-13 14:02:22
state : 1
log : 21768 / 2017-2-15
YA20151207130233 - 2017-02-13 14:02:35
state : 2
log : 5246 : 이미 막힌 객실 선택
YA20161116113212 - 2017-02-13 14:04:15
state : 1
log : 4411 / 2017-02-13
YA20151207130233 - 2017-02-13 14:05:37
state : 3
log : 6304 : 등록된 객실 없습니다
YA20151207130233 - 2017-02-13 14:14:12
state : 1
log : 35164 / 2017-2-18
YA20151207130233 - 2017-02-13 14:16:06
state : 2
log : 5246 : 이미 막힌 객실 선택
YA20151207130233 - 2017-02-13 14:16:21
state : 1
log : 3695 / 2017-2-17
2017-02-13 14:18:01
key : YA20151207130233
state : 1
log : 20704 / 2017-2-13
YA20151207130233 - 2017-02-13 14:21:45
state : 1
log : 6399 / 2017-2-24
YA20151207130233 - 2017-02-13 14:21:47
state : 2
log : 5237 : 이미 막힌 객실 선택
YA20161116113212 - 2017-02-13 14:26:57
state : 1
log : 16514 / 2017-02-13
YA20161116113212 - 2017-02-13 14:29:29
state : 1
log : 31145 / 2017-02-22
YA20161116113212 - 2017-02-13 14:32:39
state : 1
log : 29420 / 2017-02-14
YA20151207130233 - 2017-02-13 14:45:01
state : 1
log : 46325 / 2017-2-15
YA20151207130233 - 2017-02-13 14:53:06
state : 2
log : 5347 : 이미 막힌 객실 선택
YA20151207130233 - 2017-02-13 14:53:08
state : 1
log : 22716 / 2017-2-13
YA20151207130233 - 2017-02-13 14:53:09
state : 1
log : 22721 / 2017-2-13
YA20151207130233 - 2017-02-13 14:53:12
state : 2
log : 5346 : 이미 막힌 객실 선택
YA20151207130233 - 2017-02-13 14:53:13
state : 1
log : 22719 / 2017-2-14
YA20151207130233 - 2017-02-13 14:53:15
state : 1
log : 22716 / 2017-2-14
YA20151207130233 - 2017-02-13 14:53:17
state : 1
log : 22721 / 2017-2-14
YA20151207130233 - 2017-02-13 14:53:18
state : 1
log : 22709 / 2017-2-14
YA20151207130233 - 2017-02-13 14:53:20
state : 1
log : 22719 / 2017-2-15
YA20151207130233 - 2017-02-13 14:53:21
state : 1
log : 22716 / 2017-2-15
YA20151207130233 - 2017-02-13 14:53:22
state : 1
log : 22721 / 2017-2-15
YA20151207130233 - 2017-02-13 14:53:25
state : 1
log : 22709 / 2017-2-15
YA20151207130233 - 2017-02-13 14:53:26
state : 1
log : 22719 / 2017-2-16
YA20151207130233 - 2017-02-13 14:53:27
state : 1
log : 22716 / 2017-2-16
YA20151207130233 - 2017-02-13 14:53:28
state : 1
log : 22721 / 2017-2-16
YA20151207130233 - 2017-02-13 14:53:31
state : 1
log : 22709 / 2017-2-16
YA20151207130233 - 2017-02-13 14:53:38
state : 1
log : 22709 / 2017-2-18
YA20151207130233 - 2017-02-13 14:53:40
state : 1
log : 22722 / 2017-2-18
YA20151207130233 - 2017-02-13 14:53:41
state : 1
log : 22718 / 2017-2-18
YA20151207130233 - 2017-02-13 14:56:45
state : 1
log : 34060 / 2017-2-21
YA20161116113212 - 2017-02-13 15:00:18
state : 1
log : 35001 / 2017-02-24
YA20151207130233 - 2017-02-13 15:02:28
state : 1
log : 3352 / 2017-02-17
YA20151207130233 - 2017-02-13 15:06:52
state : 1
log : 43773 / 2017-2-14
YA20161116113212 - 2017-02-13 15:07:46
state : 1
log : 22648 / 2017-02-13
YA20151207130233 - 2017-02-13 15:12:05
state : 1
log : 35169 / 2017-2-17
YA20151207130233 - 2017-02-13 15:12:07
state : 1
log : 35169 / 2017-2-18
YA20151207130233 - 2017-02-13 15:13:23
state : 1
log : 21821 / 2017-02-17
YA20151207130233 - 2017-02-13 15:18:22
state : 1
log : 35161 / 2017-2-25
YA20151207130233 - 2017-02-13 15:18:25
state : 1
log : 35162 / 2017-2-25
YA20151207130233 - 2017-02-13 15:21:08
state : 1
log : 35160 / 2017-2-18
YA20151207130233 - 2017-02-13 15:27:18
state : 1
log : 21577 / 2017-2-14
YA20151207130233 - 2017-02-13 15:27:23
state : 3
log : 6298 : 등록된 객실 없습니다
YA20151207130233 - 2017-02-13 15:30:16
state : 1
log : 29445 / 2017-2-13
YA20161116113212 - 2017-02-13 15:46:30
state : 1
log : 29374 / 2017-02-18
YA20151207130233 - 2017-02-13 16:03:06
state : 1
log : 19895 / 2017-02-17
YA20151207130233 - 2017-02-13 16:05:07
state : 1
log : 21750 / 2017-2-16
YA20161116113212 - 2017-02-13 16:10:04
state : 1
log : 22214 / 2017-03-11
YA20151207130233 - 2017-02-13 16:15:04
state : 1
log : 21814 / 2017-2-15
YA20151207130233 - 2017-02-13 16:28:56
state : 1
log : 21822 / 2017-2-16
YA20151207130233 - 2017-02-13 16:34:50
state : 1
log : 20704 / 2017-2-25
YA20151207130233 - 2017-02-13 16:48:44
state : 1
log : 43736 / 2017-02-23
YA20161116113212 - 2017-02-13 16:53:01
state : 1
log : 16259 / 2017-02-13
YA20161116113212 - 2017-02-13 16:57:30
state : 1
log : 36421 / 2017-02-13
YA20151207130233 - 2017-02-13 16:58:38
state : 1
log : 21820 / 2017-02-17
YA20161116113212 - 2017-02-13 16:59:36
state : 1
log : 27444 / 2017-02-17
YA20151207130233 - 2017-02-13 17:01:24
state : 1
log : 43736 / 2017-2-23
YA20151207130233 - 2017-02-13 17:01:47
state : 1
log : 21766 / 2017-2-13
YA20151207130233 - 2017-02-13 17:05:30
state : 1
log : 21047 / 2017-02-16
YA20161116113212 - 2017-02-13 17:08:39
state : 1
log : 24605 / 2017-02-22
YA20161116113212 - 2017-02-13 17:10:27
state : 1
log : 29480 / 2017-02-18
YA20151207130233 - 2017-02-13 17:16:30
state : 1
log : 21818 / 2017-2-14
YA20151207130233 - 2017-02-13 17:18:54
state : 1
log : 9724 / 2017-02-16
YA20161116113212 - 2017-02-13 17:23:53
state : 1
log : 21528 / 2017-02-15
YA20151207130233 - 2017-02-13 17:27:58
state : 2
log : 4600 : 이미 막힌 객실 선택
YA20151207130233 - 2017-02-13 17:31:51
state : 1
log : 20714 / 2017-02-26
2017-02-13 17:35:41
key : YA20151207130233
state : 1
log : 20713 / 2017-3-2
YA20151207130233 - 2017-02-13 17:35:55
state : 1
log : 20714 / 2017-3-2
YA20151207130233 - 2017-02-13 17:49:49
state : 1
log : 35132 / 2017-2-17
YA20151207130233 - 2017-02-13 17:49:59
state : 1
log : 35132 / 2017-2-17
YA20151207130233 - 2017-02-13 17:53:43
state : 2
log : 5245 : 이미 막힌 객실 선택
YA20151207130233 - 2017-02-13 17:55:45
state : 2
log : 5245 : 이미 막힌 객실 선택
YA20161116113212 - 2017-02-13 17:59:39
state : 1
log : 38581 / 2017-02-16
YA20161116113212 - 2017-02-13 18:09:20
state : 1
log : 29785 / 2017-02-24
YA20151207130233 - 2017-02-13 18:12:30
state : 1
log : 46334 / 2017-2-25
YA20151207130233 - 2017-02-13 18:13:03
state : 1
log : 34060 / 2017-02-20
YA20161116113212 - 2017-02-13 18:14:51
state : 1
log : 19659 / 2017-02-14
19659 / 2017-02-15
YA20151207130233 - 2017-02-13 18:15:20
state : 1
log : 46159 / 2017-02-19
YA20151207130233 - 2017-02-13 18:23:04
state : 1
log : 47724 / 2017-02-28
YA20151207130233 - 2017-02-13 18:24:38
state : 1
log : 21763 / 2017-2-15
YA20161116113212 - 2017-02-13 18:28:25
state : 1
log : 12833 / 2017-02-24
12833 / 2017-02-25
YA20161116113212 - 2017-02-13 18:30:02
state : 1
log : 40161 / 2017-03-04
YA20151207130233 - 2017-02-13 18:30:05
state : 1
log : 47724 / 2017-02-28
YA20151207130233 - 2017-02-13 18:35:33
state : 1
log : 24712 / 2017-2-13
YA20151207130233 - 2017-02-13 18:35:52
state : 1
log : 19886 / 2017-02-18
YA20151207130233 - 2017-02-13 18:46:46
state : 1
log : 9723 / 2017-2-13
YA20151207130233 - 2017-02-13 18:47:09
state : 1
log : 21820 / 2017-2-23
YA20161116113212 - 2017-02-13 18:55:31
state : 1
log : 36602 / 2017-02-22
YA20161116113212 - 2017-02-13 18:59:17
state : 1
log : 16513 / 2017-02-25
YA20161116113212 - 2017-02-13 18:59:18
state : 1
log : 21513 / 2017-02-15
YA20151207130233 - 2017-02-13 19:06:11
state : 1
log : 35128 / 2017-05-05
YA20161116113212 - 2017-02-13 19:17:55
state : 1
log : 4529 / 2017-02-17
YA20151207130233 - 2017-02-13 19:21:39
state : 1
log : 14498 / 2017-02-18
YA20161116113212 - 2017-02-13 19:28:50
state : 1
log : 24701 / 2017-02-24
2017-02-13 19:44:27
key : YA20151207130233
state : 1
log : 35131 / 2017-2-18
YA20151207130233 - 2017-02-13 19:46:29
state : 1
log : 21819 / 2017-02-18
YA20151207130233 - 2017-02-13 19:49:29
state : 2
log : 687 : 이미 막힌 객실 선택
YA20161116113212 - 2017-02-13 19:57:01
state : 1
log : 1335 / 2017-02-17
YA20151207130233 - 2017-02-13 19:58:17
state : 1
log : 23481 / 2017-2-18
YA20151207130233 - 2017-02-13 20:08:13
state : 1
log : 47862 / 2017-2-13
YA20151207130233 - 2017-02-13 20:15:13
state : 1
log : 21745 / 2017-2-13
YA20151207130233 - 2017-02-13 20:15:14
state : 1
log : 21750 / 2017-2-13
YA20151207130233 - 2017-02-13 20:15:15
state : 1
log : 21748 / 2017-2-13
YA20151207130233 - 2017-02-13 20:15:17
state : 1
log : 21753 / 2017-2-13
YA20151207130233 - 2017-02-13 20:15:18
state : 1
log : 21752 / 2017-2-13
YA20151207130233 - 2017-02-13 20:15:19
state : 1
log : 21747 / 2017-2-13
YA20151207130233 - 2017-02-13 20:15:22
state : 1
log : 21749 / 2017-2-13
YA20151207130233 - 2017-02-13 20:15:23
state : 1
log : 21751 / 2017-2-13
YA20151207130233 - 2017-02-13 20:15:24
state : 1
log : 21746 / 2017-2-13
YA20161116113212 - 2017-02-13 20:18:58
state : 1
log : 45579 / 2017-03-03
YA20151207130233 - 2017-02-13 20:24:33
state : 1
log : 9725 / 2017-02-17
YA20151207130233 - 2017-02-13 20:31:14
state : 1
log : 29446 / 2017-02-18
YA20161116113212 - 2017-02-13 20:41:20
state : 1
log : 35751 / 2017-02-16
YA20161116113212 - 2017-02-13 20:44:07
state : 1
log : 45404 / 2017-02-18
YA20151207130233 - 2017-02-13 20:50:25
state : 1
log : 17749 / 2017-2-17
YA20161116113212 - 2017-02-13 21:03:18
state : 1
log : 18989 / 2017-02-14
YA20151207130233 - 2017-02-13 21:04:08
state : 1
log : 24763 / 2017-2-13
YA20151207130233 - 2017-02-13 21:10:27
state : 1
log : 20714 / 2017-02-20
YA20151207130233 - 2017-02-13 21:17:32
state : 3
log : 5823 : 등록된 객실 없습니다
YA20151207130233 - 2017-02-13 21:20:46
state : 1
log : 35131 / 2017-2-18
YA20151207130233 - 2017-02-13 21:22:20
state : 1
log : 39855 / 2017-2-25
YA20151207130233 - 2017-02-13 21:22:22
state : 1
log : 39856 / 2017-2-25
2017-02-13 21:23:51
key : YA20151207130233
state : 1
log : 35131 / 2017-2-18
YA20151207130233 - 2017-02-13 21:24:27
state : 1
log : 43772 / 2017-03-04
2017-02-13 21:25:22
key : YA20151207130233
state : 1
log : 35131 / 2017-02-18
YA20151207130233 - 2017-02-13 21:26:37
state : 3
log :  : 등록된 객실 없습니다
YA20151207130233 - 2017-02-13 21:30:08
state : 1
log : 21748 / 2017-2-18
YA20151207130233 - 2017-02-13 21:31:09
state : 1
log : 20713 / 2017-2-23
YA20151207130233 - 2017-02-13 21:34:09
state : 1
log : 21046 / 2017-02-16
YA20151207130233 - 2017-02-13 21:34:10
state : 1
log : 21046 / 2017-02-17
YA20151207130233 - 2017-02-13 21:35:35
state : 1
log : 23313 / 2017-02-18
YA20151207130233 - 2017-02-13 21:36:09
state : 1
log : 21047 / 2017-02-17
YA20151207130233 - 2017-02-13 21:51:38
state : 1
log : 3695 / 2017-02-18
YA20151207130233 - 2017-02-13 21:53:49
state : 1
log : 3695 / 2017-2-18
2017-02-13 21:54:09
key : YA20151207130233
state : 1
log : 3696 / 2017-2-18
YA20151207130233 - 2017-02-13 21:54:21
state : 2
log : 5249 : 이미 막힌 객실 선택
YA20161116113212 - 2017-02-13 21:57:21
state : 1
log : 43219 / 2017-02-14
YA20151207130233 - 2017-02-13 21:59:48
state : 1
log : 21046 / 2017-02-14
YA20151207130233 - 2017-02-13 22:01:14
state : 3
log : 6304 : 등록된 객실 없습니다
YA20151207130233 - 2017-02-13 22:03:29
state : 1
log : 20707 / 2017-2-14
YA20151207130233 - 2017-02-13 22:05:04
state : 1
log : 23521 / 2017-03-11
YA20151207130233 - 2017-02-13 22:05:57
state : 1
log : 46156 / 2017-2-19
YA20161116113212 - 2017-02-13 22:06:15
state : 1
log : 46139 / 2017-02-15
46139 / 2017-02-16
YA20151207130233 - 2017-02-13 22:11:13
state : 1
log : 23521 / 2017-3-11
YA20151207130233 - 2017-02-13 22:11:14
state : 3
log : 5332 : 등록된 객실 없습니다
YA20151207130233 - 2017-02-13 22:14:29
state : 1
log : 21047 / 2017-02-16
YA20151207130233 - 2017-02-13 22:14:31
state : 1
log : 21047 / 2017-02-17
YA20161116113212 - 2017-02-13 22:16:56
state : 1
log : 22476 / 2017-02-24
2017-02-13 22:18:40
key : YA20151207130233
state : 1
log : 9726 / 2017-02-28
YA20151207130233 - 2017-02-13 22:20:27
state : 1
log : 9726 / 2017-02-28
YA20151207130233 - 2017-02-13 22:35:40
state : 1
log : 9728 / 2017-02-17
YA20151207130233 - 2017-02-13 22:36:34
state : 1
log : 24384 / 2017-2-17
2017-02-13 22:37:00
key : YA20151207130233
state : 1
log : 24387 / 2017-2-17
YA20161116113212 - 2017-02-13 22:39:00
state : 1
log : 17664 / 2017-02-21
2017-02-13 22:44:14
key : YA20151207130233
state : 1
log : 21837 / 2017-02-17
2017-02-13 22:47:43
key : YA20151207130233
state : 1
log : 21837 / 2017-02-17
2017-02-13 22:48:14
key : YA20151207130233
state : 1
log : 21837 / 2017-02-17
YA20151207130233 - 2017-02-13 22:52:40
state : 2
log : 5243 : 이미 막힌 객실 선택
YA20161116113212 - 2017-02-13 22:55:48
state : 1
log : 17169 / 2017-02-17
YA20161116113212 - 2017-02-13 22:55:54
state : 1
log : 17664 / 2017-02-25
YA20151207130233 - 2017-02-13 22:56:21
state : 1
log : 23580 / 2017-2-16
YA20151207130233 - 2017-02-13 22:56:23
state : 1
log : 23584 / 2017-2-16
YA20161116113212 - 2017-02-13 22:56:59
state : 1
log : 47770 / 2017-02-14
YA20151207130233 - 2017-02-13 23:09:13
state : 1
log : 43772 / 2017-3-4
YA20161116113212 - 2017-02-13 23:38:03
state : 1
log : 45001 / 2017-02-16
YA20161116113212 - 2017-02-13 23:50:25
state : 1
log : 24792 / 2017-02-18
YA20151207130233 - 2017-02-13 23:51:41
state : 1
log : 23580 / 2017-2-19
2017-02-13 23:51:43
key : YA20151207130233
state : 1
log : 29444 / 2017-02-18
YA20151207130233 - 2017-02-13 23:54:28
state : 1
log : 29444 / 2017-02-18
