YA20161116113212 - 2017-01-24 00:05:16
state : 1
log : 4298 / 2017-01-29
YA20161116113212 - 2017-01-24 00:08:54
state : 1
log : 39098 / 2017-03-03
YA20161116113212 - 2017-01-24 00:30:26
state : 1
log : 15527 / 2017-01-26
YA20161116113212 - 2017-01-24 01:03:52
state : 1
log : 29400 / 2017-02-01
YA20151207130233 - 2017-01-24 01:05:02
state : 1
log : 21745 / 2017-01-24
YA20151207130233 - 2017-01-24 01:07:31
state : 1
log : 19354 / 2017-01-28
YA20161116113212 - 2017-01-24 02:03:46
state : 1
log : 30415 / 2017-02-11
YA20151207130233 - 2017-01-24 02:30:54
state : 1
log : 20710 / 2017-1-25
YA20151207130233 - 2017-01-24 02:30:56
state : 1
log : 20711 / 2017-1-25
YA20151207130233 - 2017-01-24 02:31:35
state : 3
log : 6303 : 등록된 객실 없습니다
YA20161116113212 - 2017-01-24 03:10:59
state : 1
log : 33472 / 2017-01-24
33472 / 2017-01-25
YA20151207130233 - 2017-01-24 04:01:47
state : 3
log : 2326 : 등록된 객실 없습니다
YA20161116113212 - 2017-01-24 04:16:48
state : 1
log : 24388 / 2017-01-29
YA20151207130233 - 2017-01-24 07:07:22
state : 1
log : 11098 / 2017-1-28
YA20151207130233 - 2017-01-24 07:53:54
state : 1
log : 24388 / 2017-1-29
YA20151207130233 - 2017-01-24 08:22:20
state : 1
log : 43773 / 2017-01-29
YA20151207130233 - 2017-01-24 08:26:17
state : 1
log : 43773 / 2017-1-29
YA20151207130233 - 2017-01-24 08:28:14
state : 1
log : 43737 / 2017-2-3
YA20151207130233 - 2017-01-24 08:28:15
state : 2
log : 6389 : 이미 막힌 객실 선택
YA20151207130233 - 2017-01-24 08:35:12
state : 1
log : 20710 / 2017-1-30
YA20151207130233 - 2017-01-24 08:35:13
state : 1
log : 20709 / 2017-1-31
YA20151207130233 - 2017-01-24 08:35:35
state : 1
log : 12540 / 2017-1-24
YA20151207130233 - 2017-01-24 08:35:36
state : 1
log : 12534 / 2017-1-24
YA20151207130233 - 2017-01-24 08:35:37
state : 1
log : 12541 / 2017-1-24
YA20151207130233 - 2017-01-24 08:35:37
state : 1
log : 12533 / 2017-1-24
YA20151207130233 - 2017-01-24 08:44:31
state : 1
log : 12540 / 2017-2-3
YA20161116113212 - 2017-01-24 09:10:50
state : 1
log : 21812 / 2017-01-24
YA20151207130233 - 2017-01-24 09:13:46
state : 1
log : 23483 / 2017-1-24
YA20151207130233 - 2017-01-24 09:13:47
state : 1
log : 23520 / 2017-1-24
YA20151207130233 - 2017-01-24 09:13:48
state : 1
log : 23480 / 2017-1-25
YA20151207130233 - 2017-01-24 09:13:50
state : 1
log : 23520 / 2017-1-25
YA20151207130233 - 2017-01-24 09:17:21
state : 1
log : 24083 / 2017-1-28
YA20151207130233 - 2017-01-24 10:02:48
state : 2
log : 5247 : 이미 막힌 객실 선택
YA20161116113212 - 2017-01-24 10:05:42
state : 1
log : 4300 / 2017-01-29
YA20151207130233 - 2017-01-24 10:13:20
state : 1
log : 21769 / 2017-1-24
YA20151207130233 - 2017-01-24 10:13:21
state : 1
log : 21771 / 2017-1-24
YA20151207130233 - 2017-01-24 10:33:07
state : 2
log : 5247 : 이미 막힌 객실 선택
YA20151207130233 - 2017-01-24 10:38:38
state : 1
log : 23581 / 2017-1-24
YA20151207130233 - 2017-01-24 10:39:05
state : 1
log : 23581 / 2017-01-26
YA20151207130233 - 2017-01-24 10:39:50
state : 1
log : 21725 / 2017-2-22
YA20151207130233 - 2017-01-24 10:46:14
state : 1
log : 21580 / 2017-02-05
YA20161116113212 - 2017-01-24 10:47:11
state : 1
log : 38918 / 2017-02-04
YA20151207130233 - 2017-01-24 10:51:21
state : 1
log : 14495 / 2017-1-28
YA20151207130233 - 2017-01-24 10:51:39
state : 1
log : 14495 / 2017-1-29
YA20151207130233 - 2017-01-24 11:00:58
state : 1
log : 700 / 2017-1-27
YA20151207130233 - 2017-01-24 11:00:59
state : 1
log : 696 / 2017-1-28
YA20151207130233 - 2017-01-24 11:01:00
state : 1
log : 700 / 2017-1-27
YA20151207130233 - 2017-01-24 11:01:01
state : 1
log : 700 / 2017-1-28
YA20151207130233 - 2017-01-24 11:01:01
state : 1
log : 700 / 2017-1-28
YA20151207130233 - 2017-01-24 11:01:04
state : 1
log : 696 / 2017-1-28
YA20151207130233 - 2017-01-24 11:03:17
state : 1
log : 24435 / 2017-01-27
YA20151207130233 - 2017-01-24 11:11:53
state : 1
log : 24435 / 2017-1-27
YA20151207130233 - 2017-01-24 11:14:03
state : 1
log : 20710 / 2017-1-24
YA20151207130233 - 2017-01-24 11:14:09
state : 1
log : 20713 / 2017-1-24
YA20151207130233 - 2017-01-24 11:14:15
state : 1
log : 20703 / 2017-1-24
YA20161116113212 - 2017-01-24 11:14:33
state : 1
log : 10290 / 2017-02-10
YA20161116113212 - 2017-01-24 11:23:38
state : 1
log : 2886 / 2017-02-18
YA20151207130233 - 2017-01-24 11:24:57
state : 1
log : 19354 / 2017-1-28
2017-01-24 11:25:22
key : YA20151207130233
state : 1
log : 23317 / 2017-01-28
YA20151207130233 - 2017-01-24 11:26:25
state : 3
log :  : 등록된 객실 없습니다
YA20161116113212 - 2017-01-24 11:33:53
state : 1
log : 30095 / 2017-01-30
YA20161116113212 - 2017-01-24 11:34:33
state : 1
log : 22497 / 2017-01-30
YA20161116113212 - 2017-01-24 11:45:36
state : 1
log : 21799 / 2017-01-24
YA20161116113212 - 2017-01-24 11:45:50
state : 1
log : 34386 / 2017-01-27
YA20151207130233 - 2017-01-24 11:47:27
state : 3
log : 6300 : 등록된 객실 없습니다
YA20151207130233 - 2017-01-24 11:48:26
state : 3
log : 6300 : 등록된 객실 없습니다
YA20151207130233 - 2017-01-24 11:48:51
state : 1
log : 25045 / 2017-01-28
YA20151207130233 - 2017-01-24 11:55:41
state : 1
log : 21753 / 2017-01-25
YA20151207130233 - 2017-01-24 11:57:14
state : 1
log : 25045 / 2017-1-28
YA20151207130233 - 2017-01-24 12:04:28
state : 1
log : 23317 / 2017-01-28
2017-01-24 12:11:28
key : YA20151207130233
state : 1
log : 47531 / 2017-01-25
YA20161116113212 - 2017-01-24 12:16:13
state : 1
log : 44086 / 2017-01-24
YA20151207130233 - 2017-01-24 12:16:56
state : 1
log : 23317 / 2017-1-28
YA20161116113212 - 2017-01-24 12:17:00
state : 2
log : 40637 : 이미 막힌 객실 선택
YA20161116113212 - 2017-01-24 12:18:14
state : 2
log : 40637 : 이미 막힌 객실 선택
YA20151207130233 - 2017-01-24 12:18:43
state : 1
log : 21752 / 2017-01-25
YA20151207130233 - 2017-01-24 12:20:02
state : 1
log : 9723 / 2017-1-24
YA20161116113212 - 2017-01-24 12:20:05
state : 1
log : 44086 / 2017-01-24
YA20151207130233 - 2017-01-24 12:21:42
state : 1
log : 22868 / 2017-2-9
YA20161116113212 - 2017-01-24 12:24:16
state : 1
log : 33475 / 2017-01-24
33475 / 2017-01-25
2017-01-24 12:25:22
key : YA20151207130233
state : 1
log : 47531 / 2017-01-24
2017-01-24 12:29:18
key : YA20151207130233
state : 1
log : 47531 / 2017-01-24
YA20151207130233 - 2017-01-24 12:29:37
state : 1
log : 29443 / 2017-01-27
2017-01-24 12:30:16
key : YA20151207130233
state : 1
log : 47531 / 2017-01-24
2017-01-24 12:31:03
key : YA20151207130233
state : 1
log : 47531 / 2017-01-24
YA20151207130233 - 2017-01-24 12:34:59
state : 3
log :  : 등록된 객실 없습니다
2017-01-24 12:36:25
key : YA20151207130233
state : 1
log : 47531 / 2017-01-25
YA20151207130233 - 2017-01-24 12:52:12
state : 1
log : 21753 / 2017-1-25
YA20151207130233 - 2017-01-24 12:52:18
state : 1
log : 21815 / 2017-2-7
YA20151207130233 - 2017-01-24 12:52:21
state : 1
log : 21752 / 2017-1-25
2017-01-24 12:57:20
key : YA20151207130233
state : 1
log : 47531 / 2017-01-25
2017-01-24 12:58:10
key : YA20151207130233
state : 1
log : 47531 / 2017-01-24
2017-01-24 13:01:24
key : YA20151207130233
state : 1
log : 47531 / 2017-01-24
2017-01-24 13:03:46
key : YA20151207130233
state : 1
log : 21757 / 2017-1-28
YA20151207130233 - 2017-01-24 13:04:47
state : 1
log : 649 / 2017-1-29
YA20161116113212 - 2017-01-24 13:06:05
state : 1
log : 43056 / 2017-01-27
2017-01-24 13:06:28
key : YA20151207130233
state : 1
log : 47531 / 2017-01-24
2017-01-24 13:07:46
key : YA20151207130233
state : 1
log : 18080 / 2017-1-27
YA20151207130233 - 2017-01-24 13:08:00
state : 1
log : 18081 / 2017-1-27
YA20151207130233 - 2017-01-24 13:08:01
state : 1
log : 18080 / 2017-1-29
YA20151207130233 - 2017-01-24 13:09:08
state : 1
log : 21816 / 2017-01-28
YA20151207130233 - 2017-01-24 13:09:12
state : 1
log : 21818 / 2017-01-24
YA20151207130233 - 2017-01-24 13:12:22
state : 1
log : 21816 / 2017-02-04
YA20151207130233 - 2017-01-24 13:18:13
state : 1
log : 33987 / 2017-02-03
YA20151207130233 - 2017-01-24 13:18:54
state : 2
log : 4361 : 이미 막힌 객실 선택
YA20151207130233 - 2017-01-24 13:20:08
state : 1
log : 20226 / 2017-1-24
YA20151207130233 - 2017-01-24 13:20:10
state : 1
log : 20226 / 2017-1-25
YA20151207130233 - 2017-01-24 13:20:11
state : 1
log : 20226 / 2017-1-26
YA20151207130233 - 2017-01-24 13:20:18
state : 1
log : 20226 / 2017-1-24
YA20151207130233 - 2017-01-24 13:20:19
state : 1
log : 20226 / 2017-1-26
YA20151207130233 - 2017-01-24 13:20:21
state : 1
log : 20226 / 2017-1-25
YA20151207130233 - 2017-01-24 13:20:34
state : 1
log : 24146 / 2017-2-10
YA20151207130233 - 2017-01-24 13:20:39
state : 1
log : 20226 / 2017-1-29
YA20151207130233 - 2017-01-24 13:20:40
state : 1
log : 20226 / 2017-1-30
YA20151207130233 - 2017-01-24 13:20:41
state : 1
log : 20226 / 2017-1-31
YA20151207130233 - 2017-01-24 13:20:46
state : 1
log : 19442 / 2017-2-4
YA20151207130233 - 2017-01-24 13:22:03
state : 1
log : 20226 / 2017-2-1
YA20151207130233 - 2017-01-24 13:22:04
state : 1
log : 20226 / 2017-2-2
YA20151207130233 - 2017-01-24 13:22:06
state : 1
log : 20226 / 2017-2-3
YA20151207130233 - 2017-01-24 13:22:08
state : 1
log : 20226 / 2017-2-4
YA20151207130233 - 2017-01-24 13:22:09
state : 1
log : 20226 / 2017-2-5
YA20151207130233 - 2017-01-24 13:22:11
state : 1
log : 20226 / 2017-2-6
YA20151207130233 - 2017-01-24 13:22:14
state : 1
log : 20226 / 2017-2-7
YA20151207130233 - 2017-01-24 13:22:15
state : 1
log : 20226 / 2017-2-8
YA20151207130233 - 2017-01-24 13:22:16
state : 1
log : 20226 / 2017-2-9
YA20151207130233 - 2017-01-24 13:22:18
state : 1
log : 20226 / 2017-2-10
YA20151207130233 - 2017-01-24 13:22:20
state : 1
log : 20226 / 2017-2-11
YA20151207130233 - 2017-01-24 13:22:25
state : 1
log : 20226 / 2017-2-13
YA20151207130233 - 2017-01-24 13:22:26
state : 1
log : 20226 / 2017-2-14
YA20151207130233 - 2017-01-24 13:22:27
state : 1
log : 20226 / 2017-2-12
YA20151207130233 - 2017-01-24 13:22:27
state : 1
log : 20226 / 2017-2-15
YA20151207130233 - 2017-01-24 13:22:29
state : 1
log : 20226 / 2017-2-16
YA20151207130233 - 2017-01-24 13:22:32
state : 1
log : 20226 / 2017-2-17
YA20151207130233 - 2017-01-24 13:22:33
state : 1
log : 20226 / 2017-2-18
YA20151207130233 - 2017-01-24 13:22:34
state : 1
log : 20226 / 2017-2-19
YA20151207130233 - 2017-01-24 13:22:37
state : 1
log : 20226 / 2017-2-20
YA20151207130233 - 2017-01-24 13:22:38
state : 1
log : 20226 / 2017-2-21
YA20151207130233 - 2017-01-24 13:22:40
state : 1
log : 20226 / 2017-2-22
YA20151207130233 - 2017-01-24 13:22:42
state : 1
log : 20226 / 2017-2-23
YA20151207130233 - 2017-01-24 13:22:43
state : 1
log : 20226 / 2017-2-24
YA20151207130233 - 2017-01-24 13:22:44
state : 1
log : 20226 / 2017-2-25
YA20151207130233 - 2017-01-24 13:22:45
state : 1
log : 20226 / 2017-2-26
YA20151207130233 - 2017-01-24 13:22:47
state : 1
log : 20226 / 2017-2-27
YA20151207130233 - 2017-01-24 13:22:48
state : 1
log : 20226 / 2017-2-28
YA20151207130233 - 2017-01-24 13:22:50
state : 1
log : 20226 / 2017-2-1
YA20151207130233 - 2017-01-24 13:22:51
state : 1
log : 20226 / 2017-2-2
YA20151207130233 - 2017-01-24 13:22:53
state : 1
log : 20226 / 2017-2-3
YA20151207130233 - 2017-01-24 13:22:55
state : 1
log : 20226 / 2017-2-4
YA20151207130233 - 2017-01-24 13:22:56
state : 1
log : 20226 / 2017-2-5
YA20151207130233 - 2017-01-24 13:22:57
state : 1
log : 20226 / 2017-2-6
YA20151207130233 - 2017-01-24 13:22:58
state : 1
log : 20226 / 2017-2-7
YA20151207130233 - 2017-01-24 13:22:59
state : 1
log : 20226 / 2017-2-8
YA20151207130233 - 2017-01-24 13:23:01
state : 1
log : 20226 / 2017-2-9
YA20151207130233 - 2017-01-24 13:23:02
state : 1
log : 20226 / 2017-2-10
YA20151207130233 - 2017-01-24 13:23:03
state : 1
log : 20226 / 2017-2-11
YA20151207130233 - 2017-01-24 13:23:05
state : 1
log : 20226 / 2017-2-12
YA20151207130233 - 2017-01-24 13:23:06
state : 1
log : 20226 / 2017-2-13
YA20151207130233 - 2017-01-24 13:23:10
state : 1
log : 20226 / 2017-2-15
YA20151207130233 - 2017-01-24 13:23:12
state : 1
log : 20226 / 2017-2-16
YA20151207130233 - 2017-01-24 13:23:12
state : 1
log : 20226 / 2017-2-14
YA20151207130233 - 2017-01-24 13:23:14
state : 1
log : 20226 / 2017-2-17
YA20151207130233 - 2017-01-24 13:23:15
state : 1
log : 20226 / 2017-2-18
YA20151207130233 - 2017-01-24 13:23:16
state : 1
log : 20226 / 2017-2-19
YA20151207130233 - 2017-01-24 13:23:18
state : 1
log : 20226 / 2017-2-20
YA20151207130233 - 2017-01-24 13:23:19
state : 1
log : 20226 / 2017-2-21
YA20151207130233 - 2017-01-24 13:23:20
state : 1
log : 20226 / 2017-2-22
YA20151207130233 - 2017-01-24 13:23:21
state : 1
log : 20226 / 2017-2-23
YA20151207130233 - 2017-01-24 13:23:23
state : 1
log : 20226 / 2017-2-24
YA20151207130233 - 2017-01-24 13:23:25
state : 1
log : 20226 / 2017-2-25
YA20151207130233 - 2017-01-24 13:23:26
state : 1
log : 20226 / 2017-2-26
YA20151207130233 - 2017-01-24 13:23:27
state : 1
log : 20226 / 2017-2-27
YA20151207130233 - 2017-01-24 13:23:28
state : 1
log : 20226 / 2017-2-28
YA20151207130233 - 2017-01-24 13:23:30
state : 1
log : 20226 / 2017-2-1
YA20151207130233 - 2017-01-24 13:23:31
state : 1
log : 20226 / 2017-2-2
YA20151207130233 - 2017-01-24 13:23:32
state : 1
log : 20226 / 2017-2-3
YA20151207130233 - 2017-01-24 13:23:33
state : 1
log : 20226 / 2017-2-4
YA20151207130233 - 2017-01-24 13:23:35
state : 1
log : 20226 / 2017-2-5
YA20151207130233 - 2017-01-24 13:23:36
state : 1
log : 20226 / 2017-2-6
YA20151207130233 - 2017-01-24 13:23:38
state : 1
log : 20226 / 2017-2-7
YA20151207130233 - 2017-01-24 13:23:40
state : 1
log : 20226 / 2017-2-8
YA20151207130233 - 2017-01-24 13:23:41
state : 1
log : 20226 / 2017-2-9
YA20151207130233 - 2017-01-24 13:23:42
state : 1
log : 20226 / 2017-2-10
YA20151207130233 - 2017-01-24 13:23:43
state : 1
log : 20226 / 2017-2-11
YA20151207130233 - 2017-01-24 13:23:44
state : 1
log : 20226 / 2017-2-12
YA20151207130233 - 2017-01-24 13:23:46
state : 1
log : 20226 / 2017-2-13
YA20151207130233 - 2017-01-24 13:23:47
state : 1
log : 20226 / 2017-2-14
YA20151207130233 - 2017-01-24 13:23:48
state : 1
log : 20226 / 2017-2-15
YA20151207130233 - 2017-01-24 13:23:49
state : 1
log : 20226 / 2017-2-16
YA20151207130233 - 2017-01-24 13:23:51
state : 1
log : 20226 / 2017-2-17
YA20151207130233 - 2017-01-24 13:23:52
state : 1
log : 20226 / 2017-2-18
YA20151207130233 - 2017-01-24 13:23:54
state : 1
log : 20226 / 2017-2-19
YA20151207130233 - 2017-01-24 13:23:55
state : 1
log : 20226 / 2017-2-20
YA20151207130233 - 2017-01-24 13:23:56
state : 1
log : 20226 / 2017-2-21
YA20151207130233 - 2017-01-24 13:23:57
state : 1
log : 20226 / 2017-2-22
YA20151207130233 - 2017-01-24 13:23:58
state : 1
log : 20226 / 2017-2-23
YA20151207130233 - 2017-01-24 13:24:00
state : 1
log : 20226 / 2017-2-24
YA20151207130233 - 2017-01-24 13:24:01
state : 1
log : 20226 / 2017-2-25
YA20151207130233 - 2017-01-24 13:24:02
state : 1
log : 20226 / 2017-2-26
YA20151207130233 - 2017-01-24 13:24:04
state : 1
log : 20226 / 2017-2-27
YA20151207130233 - 2017-01-24 13:24:05
state : 1
log : 20226 / 2017-2-28
YA20151207130233 - 2017-01-24 13:24:07
state : 1
log : 20226 / 2017-2-1
YA20151207130233 - 2017-01-24 13:24:11
state : 1
log : 20226 / 2017-2-2
YA20151207130233 - 2017-01-24 13:24:14
state : 1
log : 20226 / 2017-2-3
YA20151207130233 - 2017-01-24 13:24:15
state : 1
log : 20226 / 2017-2-4
YA20151207130233 - 2017-01-24 13:24:17
state : 1
log : 20226 / 2017-2-5
YA20151207130233 - 2017-01-24 13:24:18
state : 1
log : 20226 / 2017-2-6
YA20151207130233 - 2017-01-24 13:24:19
state : 1
log : 20226 / 2017-2-7
YA20151207130233 - 2017-01-24 13:24:20
state : 1
log : 20226 / 2017-2-8
YA20151207130233 - 2017-01-24 13:24:21
state : 1
log : 20226 / 2017-2-9
YA20151207130233 - 2017-01-24 13:24:23
state : 1
log : 20226 / 2017-2-10
YA20151207130233 - 2017-01-24 13:24:25
state : 1
log : 20226 / 2017-2-11
YA20151207130233 - 2017-01-24 13:24:26
state : 1
log : 20226 / 2017-2-12
YA20151207130233 - 2017-01-24 13:24:27
state : 1
log : 20226 / 2017-2-13
YA20151207130233 - 2017-01-24 13:24:28
state : 1
log : 20226 / 2017-2-14
YA20151207130233 - 2017-01-24 13:24:33
state : 1
log : 20226 / 2017-2-16
YA20151207130233 - 2017-01-24 13:24:34
state : 1
log : 20226 / 2017-2-17
YA20151207130233 - 2017-01-24 13:24:35
state : 1
log : 20226 / 2017-2-15
YA20151207130233 - 2017-01-24 13:24:36
state : 1
log : 20226 / 2017-2-18
YA20151207130233 - 2017-01-24 13:24:37
state : 1
log : 20226 / 2017-2-19
YA20151207130233 - 2017-01-24 13:24:38
state : 1
log : 20226 / 2017-2-20
YA20151207130233 - 2017-01-24 13:24:39
state : 1
log : 20226 / 2017-2-21
YA20151207130233 - 2017-01-24 13:24:41
state : 1
log : 20226 / 2017-2-22
YA20151207130233 - 2017-01-24 13:24:42
state : 1
log : 20226 / 2017-2-23
YA20151207130233 - 2017-01-24 13:24:43
state : 1
log : 20226 / 2017-2-24
YA20151207130233 - 2017-01-24 13:24:44
state : 1
log : 20226 / 2017-2-25
YA20151207130233 - 2017-01-24 13:24:46
state : 1
log : 20226 / 2017-2-26
YA20151207130233 - 2017-01-24 13:24:50
state : 1
log : 20226 / 2017-2-28
YA20151207130233 - 2017-01-24 13:24:54
state : 1
log : 20226 / 2017-2-1
YA20151207130233 - 2017-01-24 13:24:56
state : 1
log : 20226 / 2017-2-2
YA20151207130233 - 2017-01-24 13:24:58
state : 1
log : 20226 / 2017-2-27
YA20151207130233 - 2017-01-24 13:24:58
state : 1
log : 20226 / 2017-2-3
YA20151207130233 - 2017-01-24 13:25:00
state : 1
log : 20226 / 2017-2-4
YA20151207130233 - 2017-01-24 13:25:02
state : 1
log : 20226 / 2017-2-5
YA20151207130233 - 2017-01-24 13:25:03
state : 1
log : 20226 / 2017-2-6
YA20151207130233 - 2017-01-24 13:25:04
state : 1
log : 20226 / 2017-2-7
YA20151207130233 - 2017-01-24 13:25:06
state : 1
log : 20226 / 2017-2-8
YA20151207130233 - 2017-01-24 13:25:07
state : 1
log : 20226 / 2017-2-9
YA20151207130233 - 2017-01-24 13:25:08
state : 1
log : 20226 / 2017-2-10
YA20151207130233 - 2017-01-24 13:25:10
state : 1
log : 20226 / 2017-2-11
YA20151207130233 - 2017-01-24 13:25:15
state : 1
log : 20226 / 2017-2-13
YA20151207130233 - 2017-01-24 13:25:16
state : 1
log : 20226 / 2017-2-14
YA20151207130233 - 2017-01-24 13:25:17
state : 1
log : 20226 / 2017-2-12
YA20151207130233 - 2017-01-24 13:25:17
state : 1
log : 20226 / 2017-2-15
YA20151207130233 - 2017-01-24 13:25:18
state : 1
log : 20226 / 2017-2-16
YA20151207130233 - 2017-01-24 13:25:19
state : 1
log : 20226 / 2017-2-17
YA20151207130233 - 2017-01-24 13:25:21
state : 1
log : 20226 / 2017-2-18
YA20151207130233 - 2017-01-24 13:25:23
state : 1
log : 20226 / 2017-2-19
YA20151207130233 - 2017-01-24 13:25:26
state : 1
log : 20226 / 2017-2-20
YA20151207130233 - 2017-01-24 13:25:28
state : 1
log : 20226 / 2017-2-21
YA20151207130233 - 2017-01-24 13:25:29
state : 1
log : 20226 / 2017-2-22
YA20151207130233 - 2017-01-24 13:25:30
state : 1
log : 20226 / 2017-2-23
YA20151207130233 - 2017-01-24 13:25:32
state : 1
log : 20226 / 2017-2-24
YA20151207130233 - 2017-01-24 13:25:34
state : 1
log : 20226 / 2017-2-25
YA20151207130233 - 2017-01-24 13:25:35
state : 1
log : 20226 / 2017-2-26
YA20151207130233 - 2017-01-24 13:25:36
state : 1
log : 20226 / 2017-2-27
YA20151207130233 - 2017-01-24 13:25:37
state : 1
log : 20226 / 2017-2-28
YA20151207130233 - 2017-01-24 13:26:43
state : 1
log : 47721 / 2017-2-7
YA20151207130233 - 2017-01-24 13:26:59
state : 1
log : 47721 / 2017-2-8
YA20151207130233 - 2017-01-24 13:27:07
state : 1
log : 47531 / 2017-1-25
YA20151207130233 - 2017-01-24 13:27:31
state : 3
log : 5943 : 등록된 객실 없습니다
YA20151207130233 - 2017-01-24 13:27:40
state : 1
log : 47723 / 2017-2-15
YA20151207130233 - 2017-01-24 13:28:37
state : 1
log : 3701 / 2017-1-29
YA20151207130233 - 2017-01-24 13:31:27
state : 1
log : 19446 / 2017-1-27
YA20151207130233 - 2017-01-24 13:31:30
state : 1
log : 19446 / 2017-1-27
YA20151207130233 - 2017-01-24 13:38:21
state : 3
log : 6302 : 등록된 객실 없습니다
YA20151207130233 - 2017-01-24 13:38:22
state : 3
log : 6302 : 등록된 객실 없습니다
YA20151207130233 - 2017-01-24 13:40:45
state : 1
log : 13038 / 2017-2-9
YA20151207130233 - 2017-01-24 13:40:46
state : 1
log : 13038 / 2017-2-10
YA20151207130233 - 2017-01-24 13:40:47
state : 1
log : 13038 / 2017-2-9
YA20151207130233 - 2017-01-24 13:40:48
state : 1
log : 13038 / 2017-2-10
YA20161116113212 - 2017-01-24 13:47:43
state : 1
log : 27219 / 2017-01-28
YA20151207130233 - 2017-01-24 13:56:03
state : 1
log : 23313 / 2017-1-28
YA20161116113212 - 2017-01-24 13:57:22
state : 2
log : 40637 : 이미 막힌 객실 선택
YA20151207130233 - 2017-01-24 14:01:55
state : 1
log : 29442 / 2017-01-27
YA20161116113212 - 2017-01-24 14:03:19
state : 1
log : 44086 / 2017-01-24
2017-01-24 14:03:51
key : YA20151207130233
state : 1
log : 24386 / 2017-1-30
YA20151207130233 - 2017-01-24 14:04:13
state : 1
log : 46324 / 2017-1-28
YA20161116113212 - 2017-01-24 14:04:15
state : 1
log : 20603 / 2017-01-24
YA20151207130233 - 2017-01-24 14:38:48
state : 1
log : 21816 / 2017-1-28
YA20151207130233 - 2017-01-24 14:49:17
state : 1
log : 20705 / 2017-1-27
YA20151207130233 - 2017-01-24 14:49:27
state : 1
log : 20715 / 2017-1-28
YA20161116113212 - 2017-01-24 14:51:39
state : 1
log : 44702 / 2017-01-28
44702 / 2017-01-29
YA20161116113212 - 2017-01-24 15:02:32
state : 1
log : 23157 / 2017-01-24
YA20151207130233 - 2017-01-24 15:04:05
state : 2
log : 5259 : 이미 막힌 객실 선택
YA20161116113212 - 2017-01-24 15:08:25
state : 1
log : 21515 / 2017-02-03
YA20161116113212 - 2017-01-24 15:09:28
state : 1
log : 44086 / 2017-01-26
YA20161116113212 - 2017-01-24 15:12:16
state : 1
log : 1650 / 2017-01-26
YA20161116113212 - 2017-01-24 15:16:23
state : 1
log : 13237 / 2017-02-18
YA20151207130233 - 2017-01-24 15:24:27
state : 1
log : 21766 / 2017-2-15
YA20151207130233 - 2017-01-24 15:24:50
state : 2
log : 1890 : 이미 막힌 객실 선택
YA20151207130233 - 2017-01-24 15:24:51
state : 2
log : 1891 : 이미 막힌 객실 선택
YA20151207130233 - 2017-01-24 15:29:16
state : 3
log : 6298 : 등록된 객실 없습니다
YA20151207130233 - 2017-01-24 15:29:17
state : 3
log : 6299 : 등록된 객실 없습니다
YA20151207130233 - 2017-01-24 15:29:43
state : 1
log : 21046 / 2017-01-29
YA20151207130233 - 2017-01-24 15:29:51
state : 1
log : 20703 / 2017-2-1
YA20161116113212 - 2017-01-24 15:30:43
state : 1
log : 44086 / 2017-01-24
YA20151207130233 - 2017-01-24 15:33:02
state : 1
log : 12541 / 2017-1-25
YA20151207130233 - 2017-01-24 15:38:50
state : 1
log : 21772 / 2017-2-1
YA20151207130233 - 2017-01-24 15:38:51
state : 1
log : 21772 / 2017-2-2
YA20151207130233 - 2017-01-24 15:38:52
state : 1
log : 21772 / 2017-2-3
YA20151207130233 - 2017-01-24 15:38:53
state : 1
log : 21772 / 2017-2-4
YA20151207130233 - 2017-01-24 15:38:55
state : 1
log : 21772 / 2017-2-5
YA20151207130233 - 2017-01-24 15:38:59
state : 1
log : 21772 / 2017-2-7
YA20151207130233 - 2017-01-24 15:39:02
state : 1
log : 21772 / 2017-2-8
YA20151207130233 - 2017-01-24 15:39:03
state : 1
log : 21772 / 2017-2-9
YA20151207130233 - 2017-01-24 15:39:04
state : 1
log : 21772 / 2017-2-10
YA20151207130233 - 2017-01-24 15:39:05
state : 1
log : 21772 / 2017-2-11
YA20151207130233 - 2017-01-24 15:39:07
state : 1
log : 21772 / 2017-2-12
YA20151207130233 - 2017-01-24 15:39:07
state : 1
log : 21772 / 2017-2-6
YA20151207130233 - 2017-01-24 15:39:09
state : 1
log : 21772 / 2017-2-13
YA20151207130233 - 2017-01-24 15:39:10
state : 1
log : 21772 / 2017-2-14
YA20151207130233 - 2017-01-24 15:39:12
state : 1
log : 21772 / 2017-2-15
YA20151207130233 - 2017-01-24 15:39:13
state : 1
log : 21772 / 2017-2-16
YA20151207130233 - 2017-01-24 15:39:15
state : 1
log : 21772 / 2017-2-17
YA20151207130233 - 2017-01-24 15:39:17
state : 1
log : 21772 / 2017-2-18
YA20151207130233 - 2017-01-24 15:39:18
state : 1
log : 21772 / 2017-2-19
YA20151207130233 - 2017-01-24 15:39:20
state : 1
log : 21772 / 2017-2-20
YA20151207130233 - 2017-01-24 15:39:21
state : 1
log : 21772 / 2017-2-21
YA20151207130233 - 2017-01-24 15:39:22
state : 1
log : 21772 / 2017-2-22
YA20151207130233 - 2017-01-24 15:39:25
state : 1
log : 21772 / 2017-2-23
YA20151207130233 - 2017-01-24 15:39:27
state : 1
log : 21772 / 2017-2-24
YA20151207130233 - 2017-01-24 15:39:29
state : 1
log : 21772 / 2017-2-25
YA20151207130233 - 2017-01-24 15:39:31
state : 1
log : 21772 / 2017-2-26
YA20151207130233 - 2017-01-24 15:39:32
state : 1
log : 21772 / 2017-2-27
YA20151207130233 - 2017-01-24 15:39:33
state : 1
log : 21772 / 2017-2-28
YA20151207130233 - 2017-01-24 15:40:59
state : 1
log : 21772 / 2017-3-1
YA20151207130233 - 2017-01-24 15:41:03
state : 1
log : 21772 / 2017-3-2
YA20151207130233 - 2017-01-24 15:41:03
state : 1
log : 16637 / 2017-01-24
YA20151207130233 - 2017-01-24 15:41:13
state : 1
log : 21772 / 2017-3-4
YA20151207130233 - 2017-01-24 15:41:14
state : 1
log : 21772 / 2017-3-6
YA20151207130233 - 2017-01-24 15:41:14
state : 1
log : 21772 / 2017-3-3
YA20151207130233 - 2017-01-24 15:41:15
state : 1
log : 21772 / 2017-3-7
YA20151207130233 - 2017-01-24 15:41:15
state : 1
log : 21772 / 2017-3-5
YA20151207130233 - 2017-01-24 15:41:16
state : 1
log : 21772 / 2017-3-8
YA20151207130233 - 2017-01-24 15:41:18
state : 1
log : 21772 / 2017-3-9
YA20151207130233 - 2017-01-24 15:41:19
state : 1
log : 21772 / 2017-3-10
YA20151207130233 - 2017-01-24 15:41:20
state : 1
log : 21772 / 2017-3-11
YA20151207130233 - 2017-01-24 15:41:23
state : 1
log : 21772 / 2017-3-12
YA20151207130233 - 2017-01-24 15:41:24
state : 1
log : 21772 / 2017-3-13
YA20151207130233 - 2017-01-24 15:41:25
state : 1
log : 21772 / 2017-3-14
YA20151207130233 - 2017-01-24 15:41:27
state : 1
log : 21772 / 2017-3-15
YA20151207130233 - 2017-01-24 15:41:29
state : 1
log : 21772 / 2017-3-16
YA20151207130233 - 2017-01-24 15:41:30
state : 1
log : 21772 / 2017-3-17
YA20151207130233 - 2017-01-24 15:41:31
state : 1
log : 21772 / 2017-3-18
YA20151207130233 - 2017-01-24 15:41:33
state : 1
log : 21772 / 2017-3-19
YA20151207130233 - 2017-01-24 15:41:34
state : 1
log : 21772 / 2017-3-20
YA20151207130233 - 2017-01-24 15:41:35
state : 1
log : 21772 / 2017-3-21
YA20151207130233 - 2017-01-24 15:41:37
state : 1
log : 21772 / 2017-3-22
YA20151207130233 - 2017-01-24 15:41:38
state : 1
log : 21772 / 2017-3-23
YA20151207130233 - 2017-01-24 15:41:39
state : 1
log : 21772 / 2017-3-24
YA20151207130233 - 2017-01-24 15:41:40
state : 1
log : 21772 / 2017-3-25
YA20151207130233 - 2017-01-24 15:41:42
state : 1
log : 21772 / 2017-3-26
YA20151207130233 - 2017-01-24 15:41:43
state : 1
log : 21772 / 2017-3-27
YA20151207130233 - 2017-01-24 15:41:44
state : 1
log : 21772 / 2017-3-28
YA20151207130233 - 2017-01-24 15:41:46
state : 1
log : 21772 / 2017-3-29
YA20151207130233 - 2017-01-24 15:41:47
state : 1
log : 21772 / 2017-3-30
YA20151207130233 - 2017-01-24 15:41:48
state : 1
log : 21772 / 2017-3-31
YA20151207130233 - 2017-01-24 15:41:55
state : 1
log : 16637 / 2017-01-24
YA20151207130233 - 2017-01-24 15:42:24
state : 1
log : 21766 / 2017-1-25
YA20151207130233 - 2017-01-24 15:42:26
state : 1
log : 21769 / 2017-1-25
YA20151207130233 - 2017-01-24 15:42:28
state : 1
log : 21771 / 2017-1-25
YA20161116113212 - 2017-01-24 15:49:18
state : 1
log : 10896 / 2017-01-24
YA20151207130233 - 2017-01-24 15:54:09
state : 1
log : 4877 / 2017-02-10
YA20151207130233 - 2017-01-24 15:56:05
state : 1
log : 591 / 2017-2-11
YA20151207130233 - 2017-01-24 15:56:12
state : 1
log : 591 / 2017-2-10
YA20151207130233 - 2017-01-24 16:01:34
state : 1
log : 21820 / 2017-01-30
YA20151207130233 - 2017-01-24 16:03:29
state : 1
log : 21723 / 2017-1-24
YA20151207130233 - 2017-01-24 16:03:30
state : 2
log : 5162 : 이미 막힌 객실 선택
YA20151207130233 - 2017-01-24 16:03:32
state : 1
log : 21738 / 2017-1-25
YA20151207130233 - 2017-01-24 16:03:33
state : 1
log : 21739 / 2017-1-25
YA20151207130233 - 2017-01-24 16:03:34
state : 1
log : 21720 / 2017-1-26
YA20151207130233 - 2017-01-24 16:03:37
state : 1
log : 21732 / 2017-1-26
YA20151207130233 - 2017-01-24 16:03:54
state : 1
log : 21737 / 2017-1-26
YA20151207130233 - 2017-01-24 16:09:44
state : 1
log : 35160 / 2017-1-28
YA20151207130233 - 2017-01-24 16:10:42
state : 1
log : 35160 / 2017-1-29
YA20151207130233 - 2017-01-24 16:10:54
state : 1
log : 19911 / 2017-01-28
YA20151207130233 - 2017-01-24 16:11:51
state : 1
log : 19910 / 2017-01-28
2017-01-24 16:12:37
key : YA20151207130233
state : 1
log : 21753 / 2017-1-24
YA20151207130233 - 2017-01-24 16:13:03
state : 1
log : 19909 / 2017-01-28
YA20151207130233 - 2017-01-24 16:14:33
state : 1
log : 25309 / 2017-1-27
YA20151207130233 - 2017-01-24 16:14:34
state : 2
log : 5910 : 이미 막힌 객실 선택
YA20151207130233 - 2017-01-24 16:14:34
state : 1
log : 25308 / 2017-1-27
YA20151207130233 - 2017-01-24 16:14:35
state : 2
log : 5911 : 이미 막힌 객실 선택
YA20151207130233 - 2017-01-24 16:14:36
state : 2
log : 5908 : 이미 막힌 객실 선택
YA20151207130233 - 2017-01-24 16:14:37
state : 1
log : 25309 / 2017-1-28
YA20151207130233 - 2017-01-24 16:14:38
state : 2
log : 5910 : 이미 막힌 객실 선택
YA20151207130233 - 2017-01-24 16:14:39
state : 2
log : 5911 : 이미 막힌 객실 선택
YA20151207130233 - 2017-01-24 16:23:14
state : 1
log : 238 / 2017-1-28
YA20151207130233 - 2017-01-24 16:23:17
state : 1
log : 238 / 2017-1-28
YA20151207130233 - 2017-01-24 16:23:51
state : 1
log : 237 / 2017-2-4
YA20151207130233 - 2017-01-24 16:23:53
state : 1
log : 238 / 2017-2-4
YA20151207130233 - 2017-01-24 16:26:36
state : 1
log : 21579 / 2017-1-27
YA20151207130233 - 2017-01-24 16:33:19
state : 1
log : 34061 / 2017-01-24
YA20151207130233 - 2017-01-24 16:35:51
state : 1
log : 21577 / 2017-1-24
YA20161116113212 - 2017-01-24 16:36:18
state : 1
log : 34712 / 2017-01-29
YA20151207130233 - 2017-01-24 16:38:23
state : 1
log : 21579 / 2017-1-24
YA20151207130233 - 2017-01-24 16:40:15
state : 1
log : 34061 / 2017-1-24
YA20151207130233 - 2017-01-24 16:41:17
state : 1
log : 4877 / 2017-2-3
2017-01-24 17:04:20
key : YA20151207130233
state : 1
log : 21788 / 2017-01-27
YA20151207130233 - 2017-01-24 17:08:07
state : 1
log : 21788 / 2017-01-27
YA20151207130233 - 2017-01-24 17:33:43
state : 1
log : 21754 / 2017-2-13
YA20151207130233 - 2017-01-24 17:33:46
state : 1
log : 21755 / 2017-2-13
YA20151207130233 - 2017-01-24 17:33:47
state : 1
log : 21757 / 2017-2-13
YA20151207130233 - 2017-01-24 17:33:49
state : 1
log : 21758 / 2017-2-13
YA20151207130233 - 2017-01-24 17:33:50
state : 1
log : 21759 / 2017-2-13
YA20151207130233 - 2017-01-24 17:33:50
state : 1
log : 21756 / 2017-2-13
YA20151207130233 - 2017-01-24 17:33:52
state : 1
log : 21760 / 2017-2-13
YA20151207130233 - 2017-01-24 17:33:54
state : 1
log : 21754 / 2017-2-14
YA20151207130233 - 2017-01-24 17:33:57
state : 1
log : 21755 / 2017-2-14
YA20151207130233 - 2017-01-24 17:33:58
state : 1
log : 21756 / 2017-2-14
YA20151207130233 - 2017-01-24 17:33:59
state : 1
log : 21757 / 2017-2-14
YA20151207130233 - 2017-01-24 17:34:01
state : 1
log : 21758 / 2017-2-14
YA20151207130233 - 2017-01-24 17:34:02
state : 1
log : 21759 / 2017-2-14
YA20151207130233 - 2017-01-24 17:34:03
state : 1
log : 21760 / 2017-2-14
YA20151207130233 - 2017-01-24 17:34:04
state : 1
log : 21754 / 2017-2-15
YA20151207130233 - 2017-01-24 17:34:06
state : 1
log : 21755 / 2017-2-15
YA20151207130233 - 2017-01-24 17:34:07
state : 1
log : 21756 / 2017-2-15
YA20151207130233 - 2017-01-24 17:34:09
state : 1
log : 21757 / 2017-2-15
YA20151207130233 - 2017-01-24 17:34:13
state : 1
log : 21759 / 2017-2-15
YA20151207130233 - 2017-01-24 17:34:15
state : 1
log : 21758 / 2017-2-15
YA20151207130233 - 2017-01-24 17:34:15
state : 1
log : 21760 / 2017-2-15
YA20151207130233 - 2017-01-24 17:34:17
state : 1
log : 21754 / 2017-2-16
YA20151207130233 - 2017-01-24 17:34:18
state : 1
log : 21755 / 2017-2-16
YA20151207130233 - 2017-01-24 17:34:19
state : 1
log : 21756 / 2017-2-16
YA20151207130233 - 2017-01-24 17:34:21
state : 1
log : 21757 / 2017-2-16
YA20151207130233 - 2017-01-24 17:34:22
state : 1
log : 21758 / 2017-2-16
YA20151207130233 - 2017-01-24 17:34:23
state : 1
log : 21759 / 2017-2-16
YA20151207130233 - 2017-01-24 17:34:24
state : 1
log : 21760 / 2017-2-16
YA20151207130233 - 2017-01-24 17:34:26
state : 1
log : 21754 / 2017-2-17
YA20151207130233 - 2017-01-24 17:34:27
state : 1
log : 21755 / 2017-2-17
YA20151207130233 - 2017-01-24 17:34:28
state : 1
log : 21756 / 2017-2-17
YA20151207130233 - 2017-01-24 17:34:30
state : 1
log : 21757 / 2017-2-17
YA20151207130233 - 2017-01-24 17:34:32
state : 1
log : 21758 / 2017-2-17
YA20151207130233 - 2017-01-24 17:34:34
state : 1
log : 21759 / 2017-2-17
YA20151207130233 - 2017-01-24 17:34:35
state : 1
log : 21760 / 2017-2-17
YA20151207130233 - 2017-01-24 17:34:37
state : 1
log : 21754 / 2017-2-18
YA20151207130233 - 2017-01-24 17:34:38
state : 1
log : 21755 / 2017-2-18
YA20151207130233 - 2017-01-24 17:34:40
state : 1
log : 21756 / 2017-2-18
YA20151207130233 - 2017-01-24 17:34:42
state : 1
log : 21757 / 2017-2-18
YA20151207130233 - 2017-01-24 17:34:43
state : 1
log : 21758 / 2017-2-18
YA20151207130233 - 2017-01-24 17:34:44
state : 2
log : 4683 : 이미 막힌 객실 선택
YA20151207130233 - 2017-01-24 17:34:46
state : 1
log : 21754 / 2017-2-19
YA20151207130233 - 2017-01-24 17:34:48
state : 1
log : 21755 / 2017-2-19
YA20151207130233 - 2017-01-24 17:34:49
state : 1
log : 21756 / 2017-2-19
YA20151207130233 - 2017-01-24 17:34:50
state : 1
log : 21757 / 2017-2-19
YA20151207130233 - 2017-01-24 17:34:52
state : 1
log : 21758 / 2017-2-19
YA20151207130233 - 2017-01-24 17:34:54
state : 1
log : 21759 / 2017-2-19
YA20151207130233 - 2017-01-24 17:34:55
state : 1
log : 21754 / 2017-2-20
YA20151207130233 - 2017-01-24 17:34:56
state : 1
log : 21755 / 2017-2-20
YA20151207130233 - 2017-01-24 17:34:58
state : 1
log : 21757 / 2017-2-20
YA20151207130233 - 2017-01-24 17:34:59
state : 1
log : 21758 / 2017-2-20
YA20151207130233 - 2017-01-24 17:35:00
state : 1
log : 21759 / 2017-2-20
YA20151207130233 - 2017-01-24 17:35:01
state : 1
log : 21760 / 2017-2-20
YA20151207130233 - 2017-01-24 17:35:03
state : 1
log : 21754 / 2017-2-21
YA20151207130233 - 2017-01-24 17:35:04
state : 1
log : 21755 / 2017-2-21
YA20151207130233 - 2017-01-24 17:35:06
state : 1
log : 21756 / 2017-2-21
YA20151207130233 - 2017-01-24 17:35:07
state : 1
log : 21757 / 2017-2-21
YA20151207130233 - 2017-01-24 17:35:08
state : 1
log : 21758 / 2017-2-21
YA20151207130233 - 2017-01-24 17:35:09
state : 1
log : 21759 / 2017-2-21
YA20151207130233 - 2017-01-24 17:35:11
state : 1
log : 21760 / 2017-2-21
YA20151207130233 - 2017-01-24 17:35:12
state : 1
log : 21754 / 2017-2-22
YA20151207130233 - 2017-01-24 17:35:14
state : 1
log : 21755 / 2017-2-22
YA20151207130233 - 2017-01-24 17:35:15
state : 1
log : 21756 / 2017-2-22
YA20151207130233 - 2017-01-24 17:35:17
state : 1
log : 21757 / 2017-2-22
YA20151207130233 - 2017-01-24 17:35:19
state : 1
log : 21758 / 2017-2-22
YA20151207130233 - 2017-01-24 17:35:20
state : 1
log : 21759 / 2017-2-22
YA20151207130233 - 2017-01-24 17:35:22
state : 1
log : 21760 / 2017-2-22
YA20151207130233 - 2017-01-24 17:35:23
state : 1
log : 21754 / 2017-2-23
YA20151207130233 - 2017-01-24 17:35:25
state : 1
log : 21755 / 2017-2-23
YA20151207130233 - 2017-01-24 17:35:26
state : 1
log : 21756 / 2017-2-23
YA20151207130233 - 2017-01-24 17:35:27
state : 1
log : 21757 / 2017-2-23
YA20151207130233 - 2017-01-24 17:35:29
state : 1
log : 21758 / 2017-2-23
YA20151207130233 - 2017-01-24 17:35:30
state : 1
log : 21759 / 2017-2-23
YA20151207130233 - 2017-01-24 17:35:31
state : 1
log : 21760 / 2017-2-23
YA20151207130233 - 2017-01-24 17:35:32
state : 1
log : 21754 / 2017-2-24
YA20151207130233 - 2017-01-24 17:35:34
state : 1
log : 21755 / 2017-2-24
YA20151207130233 - 2017-01-24 17:35:35
state : 1
log : 21756 / 2017-2-24
YA20151207130233 - 2017-01-24 17:35:37
state : 1
log : 21757 / 2017-2-24
YA20151207130233 - 2017-01-24 17:35:40
state : 1
log : 21758 / 2017-2-24
YA20151207130233 - 2017-01-24 17:35:42
state : 1
log : 21759 / 2017-2-24
YA20151207130233 - 2017-01-24 17:35:44
state : 1
log : 21760 / 2017-2-24
YA20151207130233 - 2017-01-24 17:35:46
state : 1
log : 21754 / 2017-2-25
YA20151207130233 - 2017-01-24 17:35:48
state : 1
log : 21755 / 2017-2-25
YA20151207130233 - 2017-01-24 17:35:50
state : 1
log : 21756 / 2017-2-25
YA20151207130233 - 2017-01-24 17:35:52
state : 1
log : 21757 / 2017-2-25
YA20151207130233 - 2017-01-24 17:35:54
state : 1
log : 21758 / 2017-2-25
YA20151207130233 - 2017-01-24 17:35:55
state : 2
log : 4683 : 이미 막힌 객실 선택
YA20151207130233 - 2017-01-24 17:35:57
state : 1
log : 21760 / 2017-2-25
YA20151207130233 - 2017-01-24 17:35:59
state : 1
log : 21755 / 2017-2-26
YA20151207130233 - 2017-01-24 17:36:00
state : 1
log : 21756 / 2017-2-26
YA20151207130233 - 2017-01-24 17:36:01
state : 1
log : 21757 / 2017-2-26
YA20151207130233 - 2017-01-24 17:36:02
state : 1
log : 21758 / 2017-2-26
YA20151207130233 - 2017-01-24 17:36:06
state : 1
log : 21759 / 2017-2-26
YA20151207130233 - 2017-01-24 17:36:07
state : 1
log : 21760 / 2017-2-26
YA20151207130233 - 2017-01-24 17:36:08
state : 1
log : 21754 / 2017-2-27
YA20151207130233 - 2017-01-24 17:36:10
state : 1
log : 21755 / 2017-2-27
YA20151207130233 - 2017-01-24 17:36:11
state : 1
log : 21756 / 2017-2-27
YA20151207130233 - 2017-01-24 17:36:12
state : 1
log : 21757 / 2017-2-27
YA20151207130233 - 2017-01-24 17:36:14
state : 1
log : 21758 / 2017-2-27
YA20151207130233 - 2017-01-24 17:36:15
state : 1
log : 21754 / 2017-2-28
YA20151207130233 - 2017-01-24 17:36:16
state : 1
log : 21755 / 2017-2-28
YA20151207130233 - 2017-01-24 17:36:18
state : 1
log : 21756 / 2017-2-28
YA20151207130233 - 2017-01-24 17:36:20
state : 1
log : 21757 / 2017-2-28
YA20151207130233 - 2017-01-24 17:36:22
state : 1
log : 21758 / 2017-2-28
YA20151207130233 - 2017-01-24 17:36:24
state : 1
log : 21759 / 2017-2-28
YA20151207130233 - 2017-01-24 17:36:25
state : 1
log : 21760 / 2017-2-28
YA20151207130233 - 2017-01-24 17:37:36
state : 1
log : 9726 / 2017-02-25
YA20151207130233 - 2017-01-24 17:42:10
state : 1
log : 24775 / 2017-01-25
YA20151207130233 - 2017-01-24 17:42:10
state : 1
log : 24775 / 2017-01-25
YA20151207130233 - 2017-01-24 17:42:12
state : 1
log : 24775 / 2017-01-25
YA20151207130233 - 2017-01-24 17:42:15
state : 1
log : 24775 / 2017-01-25
YA20151207130233 - 2017-01-24 17:47:19
state : 1
log : 21579 / 2017-01-25
YA20151207130233 - 2017-01-24 18:03:20
state : 1
log : 23313 / 2017-1-29
YA20161116113212 - 2017-01-24 18:04:20
state : 1
log : 316 / 2017-02-09
316 / 2017-02-10
316 / 2017-02-11
YA20161116113212 - 2017-01-24 18:05:57
state : 1
log : 9502 / 2017-01-25
YA20151207130233 - 2017-01-24 18:13:14
state : 1
log : 21579 / 2017-1-25
YA20151207130233 - 2017-01-24 18:19:29
state : 2
log : 4364 : 이미 막힌 객실 선택
YA20151207130233 - 2017-01-24 18:38:04
state : 3
log : 6297 : 등록된 객실 없습니다
YA20151207130233 - 2017-01-24 18:38:06
state : 1
log : 20705 / 2017-1-24
YA20151207130233 - 2017-01-24 18:38:07
state : 1
log : 20706 / 2017-1-24
YA20151207130233 - 2017-01-24 18:38:09
state : 1
log : 20707 / 2017-1-24
YA20151207130233 - 2017-01-24 18:38:10
state : 1
log : 20715 / 2017-1-24
YA20161116113212 - 2017-01-24 18:41:51
state : 1
log : 10340 / 2017-02-04
YA20151207130233 - 2017-01-24 18:46:31
state : 1
log : 21755 / 2017-01-27
YA20151207130233 - 2017-01-24 18:48:40
state : 1
log : 9503 / 2017-1-25
YA20151207130233 - 2017-01-24 18:48:42
state : 1
log : 9502 / 2017-1-25
YA20161116113212 - 2017-01-24 18:49:43
state : 1
log : 30785 / 2017-01-24
YA20151207130233 - 2017-01-24 18:53:18
state : 1
log : 20715 / 2017-2-11
YA20151207130233 - 2017-01-24 18:54:53
state : 1
log : 9503 / 2017-1-27
YA20151207130233 - 2017-01-24 18:57:50
state : 1
log : 19908 / 2017-01-28
YA20151207130233 - 2017-01-24 18:59:29
state : 1
log : 31612 / 2017-01-28
YA20151207130233 - 2017-01-24 19:08:02
state : 1
log : 21755 / 2017-1-24
YA20151207130233 - 2017-01-24 19:21:34
state : 1
log : 29442 / 2017-1-31
YA20151207130233 - 2017-01-24 19:21:35
state : 1
log : 29445 / 2017-1-31
YA20151207130233 - 2017-01-24 19:22:06
state : 1
log : 29445 / 2017-2-1
YA20151207130233 - 2017-01-24 19:22:08
state : 1
log : 29444 / 2017-2-1
YA20151207130233 - 2017-01-24 19:22:50
state : 1
log : 29445 / 2017-1-30
YA20151207130233 - 2017-01-24 19:34:15
state : 1
log : 10541 / 2017-1-30
YA20151207130233 - 2017-01-24 19:35:40
state : 1
log : 47864 / 2017-01-29
YA20151207130233 - 2017-01-24 19:38:01
state : 1
log : 24775 / 2017-1-25
YA20151207130233 - 2017-01-24 19:42:13
state : 1
log : 242 / 2017-2-18
YA20151207130233 - 2017-01-24 19:42:45
state : 1
log : 24779 / 2017-1-24
YA20151207130233 - 2017-01-24 19:46:58
state : 1
log : 21815 / 2017-2-10
YA20151207130233 - 2017-01-24 19:46:59
state : 1
log : 21821 / 2017-2-10
YA20151207130233 - 2017-01-24 19:47:01
state : 1
log : 21822 / 2017-2-10
YA20151207130233 - 2017-01-24 19:47:59
state : 1
log : 22719 / 2017-1-24
YA20151207130233 - 2017-01-24 19:54:23
state : 1
log : 14492 / 2017-1-25
YA20151207130233 - 2017-01-24 19:58:12
state : 1
log : 14496 / 2017-2-10
YA20161116113212 - 2017-01-24 19:58:47
state : 1
log : 38863 / 2017-02-03
YA20151207130233 - 2017-01-24 20:14:28
state : 1
log : 21821 / 2017-2-11
YA20161116113212 - 2017-01-24 20:16:52
state : 1
log : 465 / 2017-01-29
465 / 2017-01-30
YA20151207130233 - 2017-01-24 20:34:31
state : 1
log : 29442 / 2017-01-25
YA20151207130233 - 2017-01-24 20:35:31
state : 1
log : 18081 / 2017-2-11
YA20151207130233 - 2017-01-24 20:35:34
state : 1
log : 18081 / 2017-2-11
YA20151207130233 - 2017-01-24 20:46:55
state : 1
log : 23632 / 2017-1-29
YA20151207130233 - 2017-01-24 20:47:34
state : 1
log : 23637 / 2017-2-17
YA20151207130233 - 2017-01-24 20:47:36
state : 1
log : 23637 / 2017-2-18
YA20151207130233 - 2017-01-24 20:47:52
state : 1
log : 34060 / 2017-1-31
2017-01-24 20:50:26
key : YA20151207130233
state : 1
log : 24761 / 2017-01-27
YA20151207130233 - 2017-01-24 20:51:53
state : 3
log :  : 등록된 객실 없습니다
YA20151207130233 - 2017-01-24 20:57:26
state : 1
log : 14497 / 2017-1-30
YA20161116113212 - 2017-01-24 21:00:42
state : 1
log : 16742 / 2017-02-07
YA20161116113212 - 2017-01-24 21:18:01
state : 1
log : 14491 / 2017-02-15
YA20151207130233 - 2017-01-24 21:19:43
state : 1
log : 8279 / 2017-2-4
YA20151207130233 - 2017-01-24 21:20:12
state : 1
log : 14497 / 2017-2-15
YA20161116113212 - 2017-01-24 21:28:35
state : 1
log : 35256 / 2017-01-24
YA20151207130233 - 2017-01-24 21:28:47
state : 1
log : 10540 / 2017-02-04
YA20161116113212 - 2017-01-24 21:36:02
state : 1
log : 22492 / 2017-01-29
YA20161116113212 - 2017-01-24 21:45:13
state : 1
log : 33175 / 2017-02-18
33175 / 2017-02-19
YA20151207130233 - 2017-01-24 21:45:52
state : 1
log : 21813 / 2017-01-26
YA20151207130233 - 2017-01-24 21:51:13
state : 1
log : 46325 / 2017-2-4
YA20151207130233 - 2017-01-24 21:54:04
state : 1
log : 10540 / 2017-2-4
YA20161116113212 - 2017-01-24 22:10:25
state : 1
log : 35732 / 2017-01-25
YA20161116113212 - 2017-01-24 22:11:57
state : 1
log : 25793 / 2017-01-25
YA20151207130233 - 2017-01-24 22:30:28
state : 3
log : 6214 : 등록된 객실 없습니다
YA20151207130233 - 2017-01-24 22:30:48
state : 3
log : 6214 : 등록된 객실 없습니다
YA20151207130233 - 2017-01-24 22:32:59
state : 1
log : 9724 / 2017-2-18
YA20151207130233 - 2017-01-24 22:48:25
state : 1
log : 23579 / 2017-1-27
YA20151207130233 - 2017-01-24 22:56:00
state : 1
log : 29444 / 2017-1-25
YA20161116113212 - 2017-01-24 22:57:39
state : 1
log : 19542 / 2017-02-02
YA20151207130233 - 2017-01-24 22:59:08
state : 1
log : 17755 / 2017-01-27
YA20161116113212 - 2017-01-24 23:04:26
state : 1
log : 46674 / 2017-02-18
YA20161116113212 - 2017-01-24 23:07:22
state : 1
log : 33172 / 2017-01-30
YA20151207130233 - 2017-01-24 23:15:03
state : 1
log : 20714 / 2017-01-25
YA20151207130233 - 2017-01-24 23:16:33
state : 1
log : 20714 / 2017-01-24
YA20151207130233 - 2017-01-24 23:33:55
state : 1
log : 16638 / 2017-01-28
YA20161116113212 - 2017-01-24 23:38:32
state : 1
log : 5804 / 2017-01-28
YA20161116113212 - 2017-01-24 23:44:48
state : 1
log : 35750 / 2017-01-25
YA20151207130233 - 2017-01-24 23:47:07
state : 1
log : 21576 / 2017-01-26
YA20151207130233 - 2017-01-24 23:56:23
state : 1
log : 21576 / 2017-01-25
