YA20151207130233 - 2017-01-29 00:04:13
state : 1
log : 23581 / 2017-01-30
YA20151207130233 - 2017-01-29 00:09:30
state : 1
log : 21822 / 2017-02-01
YA20151207130233 - 2017-01-29 00:10:09
state : 1
log : 24771 / 2017-1-28
2017-01-29 00:13:51
key : YA20151207130233
state : 1
log : 3701 / 2017-1-29
YA20151207130233 - 2017-01-29 00:35:03
state : 1
log : 21813 / 2017-02-01
YA20151207130233 - 2017-01-29 00:52:43
state : 1
log : 21580 / 2017-02-03
YA20151207130233 - 2017-01-29 01:14:09
state : 1
log : 21576 / 2017-01-31
YA20161116113212 - 2017-01-29 01:23:10
state : 1
log : 14052 / 2017-01-29
YA20161116113212 - 2017-01-29 01:54:01
state : 1
log : 30424 / 2017-02-02
YA20161116113212 - 2017-01-29 01:54:15
state : 1
log : 9430 / 2017-01-31
YA20161116113212 - 2017-01-29 06:15:41
state : 1
log : 30091 / 2017-01-29
YA20151207130233 - 2017-01-29 08:43:18
state : 1
log : 2187 / 2017-1-29
2017-01-29 08:45:25
key : YA20151207130233
state : 1
log : 17756 / 2017-1-29
YA20151207130233 - 2017-01-29 09:04:25
state : 1
log : 19356 / 2017-01-29
YA20151207130233 - 2017-01-29 09:16:23
state : 1
log : 21580 / 2017-2-3
YA20151207130233 - 2017-01-29 09:18:30
state : 1
log : 21576 / 2017-1-31
YA20151207130233 - 2017-01-29 09:19:55
state : 1
log : 21751 / 2017-1-30
YA20161116113212 - 2017-01-29 09:22:34
state : 1
log : 9539 / 2017-01-29
YA20151207130233 - 2017-01-29 09:30:10
state : 1
log : 17746 / 2017-1-30
YA20151207130233 - 2017-01-29 09:30:11
state : 1
log : 17751 / 2017-1-30
YA20151207130233 - 2017-01-29 09:30:13
state : 1
log : 17753 / 2017-1-30
YA20151207130233 - 2017-01-29 09:30:31
state : 1
log : 17748 / 2017-1-31
YA20151207130233 - 2017-01-29 09:30:33
state : 1
log : 17753 / 2017-1-31
YA20151207130233 - 2017-01-29 09:53:19
state : 1
log : 17756 / 2017-1-29
YA20151207130233 - 2017-01-29 10:08:12
state : 1
log : 9724 / 2017-1-30
YA20151207130233 - 2017-01-29 10:15:33
state : 1
log : 23581 / 2017-1-30
YA20161116113212 - 2017-01-29 10:22:26
state : 1
log : 34243 / 2017-01-30
YA20151207130233 - 2017-01-29 10:52:24
state : 1
log : 10539 / 2017-1-29
2017-01-29 10:52:44
key : YA20151207130233
state : 1
log : 10541 / 2017-1-29
YA20151207130233 - 2017-01-29 10:53:19
state : 1
log : 10541 / 2017-1-29
YA20151207130233 - 2017-01-29 10:53:23
state : 1
log : 10541 / 2017-1-29
2017-01-29 10:53:38
key : YA20151207130233
state : 1
log : 10539 / 2017-1-29
YA20151207130233 - 2017-01-29 10:55:24
state : 1
log : 13038 / 2017-2-3
YA20161116113212 - 2017-01-29 10:57:07
state : 1
log : 6426 / 2017-01-29
YA20161116113212 - 2017-01-29 11:08:18
state : 1
log : 22357 / 2017-01-29
YA20161116113212 - 2017-01-29 11:10:34
state : 1
log : 19781 / 2017-01-31
YA20161116113212 - 2017-01-29 11:12:18
state : 1
log : 30920 / 2017-01-29
2017-01-29 11:15:57
key : YA20151207130233
state : 1
log : 21756 / 2017-1-29
YA20151207130233 - 2017-01-29 11:19:19
state : 1
log : 16638 / 2017-01-29
YA20151207130233 - 2017-01-29 11:25:43
state : 1
log : 26461 / 2017-1-29
2017-01-29 11:33:04
key : YA20151207130233
state : 1
log : 19356 / 2017-1-29
2017-01-29 11:50:58
key : YA20151207130233
state : 1
log : 16640 / 2017-01-29
YA20151207130233 - 2017-01-29 11:51:09
state : 2
log : 4359 : 이미 막힌 객실 선택
YA20151207130233 - 2017-01-29 11:51:51
state : 1
log : 46325 / 2017-1-29
YA20151207130233 - 2017-01-29 11:52:34
state : 1
log : 23315 / 2017-1-29
YA20151207130233 - 2017-01-29 11:55:19
state : 1
log : 16640 / 2017-1-29
2017-01-29 11:56:12
key : YA20151207130233
state : 1
log : 16640 / 2017-01-29
YA20151207130233 - 2017-01-29 11:57:10
state : 1
log : 21748 / 2017-01-29
YA20151207130233 - 2017-01-29 11:58:08
state : 2
log : 6424 : 이미 막힌 객실 선택
YA20161116113212 - 2017-01-29 12:03:26
state : 1
log : 12830 / 2017-02-09
YA20161116113212 - 2017-01-29 12:07:07
state : 1
log : 28864 / 2017-01-29
YA20161116113212 - 2017-01-29 12:12:35
state : 1
log : 34620 / 2017-01-29
YA20161116113212 - 2017-01-29 12:37:32
state : 1
log : 12827 / 2017-02-09
2017-01-29 12:38:02
key : YA20151207130233
state : 1
log : 23483 / 2017-01-29
2017-01-29 12:41:24
key : YA20151207130233
state : 1
log : 23483 / 2017-01-29
YA20151207130233 - 2017-01-29 12:43:15
state : 1
log : 23483 / 2017-01-29
2017-01-29 12:44:39
key : YA20151207130233
state : 1
log : 21751 / 2017-1-29
YA20151207130233 - 2017-01-29 12:46:38
state : 2
log : 3682 : 이미 막힌 객실 선택
YA20151207130233 - 2017-01-29 12:48:21
state : 1
log : 21784 / 2017-01-29
YA20151207130233 - 2017-01-29 12:49:34
state : 1
log : 23483 / 2017-1-29
YA20151207130233 - 2017-01-29 12:49:46
state : 1
log : 23480 / 2017-1-30
YA20151207130233 - 2017-01-29 12:50:30
state : 2
log : 6403 : 이미 막힌 객실 선택
YA20151207130233 - 2017-01-29 12:51:49
state : 1
log : 39855 / 2017-1-29
2017-01-29 12:52:24
key : YA20151207130233
state : 1
log : 39858 / 2017-1-29
YA20151207130233 - 2017-01-29 12:53:03
state : 1
log : 23480 / 2017-1-30
YA20151207130233 - 2017-01-29 13:04:02
state : 1
log : 21579 / 2017-1-30
YA20151207130233 - 2017-01-29 13:07:42
state : 1
log : 17748 / 2017-1-29
YA20161116113212 - 2017-01-29 13:08:03
state : 1
log : 45148 / 2017-01-29
2017-01-29 13:08:03
key : YA20151207130233
state : 1
log : 17749 / 2017-1-29
YA20161116113212 - 2017-01-29 13:08:25
state : 1
log : 7563 / 2017-01-30
YA20151207130233 - 2017-01-29 13:13:29
state : 1
log : 596 / 2017-2-4
YA20161116113212 - 2017-01-29 13:14:53
state : 1
log : 11573 / 2017-01-29
YA20161116113212 - 2017-01-29 13:15:49
state : 1
log : 17784 / 2017-01-30
YA20151207130233 - 2017-01-29 13:19:09
state : 1
log : 22726 / 2017-1-29
YA20151207130233 - 2017-01-29 13:22:44
state : 1
log : 23483 / 2017-01-30
YA20151207130233 - 2017-01-29 13:24:59
state : 7
log : 2960 : 해당 객실 예약 존재
YA20151207130233 - 2017-01-29 13:25:16
state : 1
log : 13038 / 2017-2-3
YA20161116113212 - 2017-01-29 13:33:42
state : 1
log : 44797 / 2017-01-29
YA20151207130233 - 2017-01-29 13:40:31
state : 1
log : 46327 / 2017-2-3
YA20151207130233 - 2017-01-29 13:42:12
state : 1
log : 21728 / 2017-1-29
YA20151207130233 - 2017-01-29 13:47:44
state : 1
log : 21745 / 2017-1-30
2017-01-29 13:49:21
key : YA20151207130233
state : 1
log : 21748 / 2017-1-30
YA20151207130233 - 2017-01-29 13:50:52
state : 1
log : 20713 / 2017-1-29
YA20151207130233 - 2017-01-29 13:50:54
state : 1
log : 20714 / 2017-1-29
YA20161116113212 - 2017-01-29 14:05:08
state : 1
log : 21836 / 2017-01-29
YA20151207130233 - 2017-01-29 14:08:32
state : 1
log : 20711 / 2017-01-30
YA20161116113212 - 2017-01-29 14:13:12
state : 1
log : 11112 / 2017-02-11
YA20151207130233 - 2017-01-29 14:14:35
state : 1
log : 21751 / 2017-1-29
YA20151207130233 - 2017-01-29 14:28:12
state : 1
log : 19890 / 2017-01-29
YA20151207130233 - 2017-01-29 14:30:02
state : 1
log : 43766 / 2017-5-20
YA20161116113212 - 2017-01-29 14:30:05
state : 1
log : 14171 / 2017-02-01
YA20151207130233 - 2017-01-29 14:33:36
state : 1
log : 35129 / 2017-1-29
YA20151207130233 - 2017-01-29 14:33:38
state : 1
log : 18055 / 2017-02-25
YA20151207130233 - 2017-01-29 14:34:08
state : 1
log : 9723 / 2017-1-30
YA20151207130233 - 2017-01-29 14:49:48
state : 1
log : 17754 / 2017-1-29
YA20151207130233 - 2017-01-29 14:49:59
state : 1
log : 17749 / 2017-1-29
2017-01-29 14:56:21
key : YA20151207130233
state : 1
log : 12539 / 2017-1-29
YA20161116113212 - 2017-01-29 14:56:22
state : 1
log : 12829 / 2017-02-04
YA20151207130233 - 2017-01-29 14:56:22
state : 7
log : 5260 : 해당 객실 예약 존재
YA20151207130233 - 2017-01-29 14:57:02
state : 1
log : 21787 / 2017-1-29
YA20151207130233 - 2017-01-29 15:01:34
state : 1
log : 21750 / 2017-01-30
YA20151207130233 - 2017-01-29 15:04:33
state : 2
log : 5262 : 이미 막힌 객실 선택
YA20151207130233 - 2017-01-29 15:04:34
state : 2
log : 5260 : 이미 막힌 객실 선택
YA20151207130233 - 2017-01-29 15:06:50
state : 1
log : 19887 / 2017-01-29
YA20151207130233 - 2017-01-29 15:12:15
state : 1
log : 19891 / 2017-1-29
YA20151207130233 - 2017-01-29 15:13:17
state : 1
log : 39858 / 2017-1-29
2017-01-29 15:13:25
key : YA20151207130233
state : 1
log : 19890 / 2017-1-29
YA20151207130233 - 2017-01-29 15:15:42
state : 1
log : 23483 / 2017-1-30
YA20151207130233 - 2017-01-29 15:16:31
state : 1
log : 21784 / 2017-3-1
YA20151207130233 - 2017-01-29 15:16:32
state : 1
log : 21785 / 2017-3-1
YA20151207130233 - 2017-01-29 15:16:34
state : 1
log : 21786 / 2017-3-1
YA20151207130233 - 2017-01-29 15:16:35
state : 1
log : 21787 / 2017-3-1
YA20151207130233 - 2017-01-29 15:16:36
state : 1
log : 21788 / 2017-3-1
YA20151207130233 - 2017-01-29 15:16:38
state : 1
log : 21789 / 2017-3-1
YA20151207130233 - 2017-01-29 15:16:40
state : 1
log : 21790 / 2017-3-1
YA20151207130233 - 2017-01-29 15:16:42
state : 1
log : 21784 / 2017-3-2
YA20151207130233 - 2017-01-29 15:16:43
state : 1
log : 21785 / 2017-3-2
YA20151207130233 - 2017-01-29 15:16:44
state : 1
log : 21786 / 2017-3-2
YA20151207130233 - 2017-01-29 15:16:47
state : 1
log : 21787 / 2017-3-2
YA20151207130233 - 2017-01-29 15:16:48
state : 1
log : 21788 / 2017-3-2
YA20151207130233 - 2017-01-29 15:16:49
state : 1
log : 21789 / 2017-3-2
YA20151207130233 - 2017-01-29 15:16:51
state : 1
log : 21790 / 2017-3-2
YA20151207130233 - 2017-01-29 15:16:52
state : 1
log : 21784 / 2017-3-3
YA20151207130233 - 2017-01-29 15:16:54
state : 1
log : 21785 / 2017-3-3
YA20151207130233 - 2017-01-29 15:16:55
state : 1
log : 21786 / 2017-3-3
YA20151207130233 - 2017-01-29 15:16:56
state : 1
log : 21787 / 2017-3-3
YA20151207130233 - 2017-01-29 15:16:58
state : 1
log : 21788 / 2017-3-3
YA20151207130233 - 2017-01-29 15:16:59
state : 1
log : 21789 / 2017-3-3
YA20151207130233 - 2017-01-29 15:17:00
state : 1
log : 21790 / 2017-3-3
YA20151207130233 - 2017-01-29 15:17:01
state : 1
log : 21784 / 2017-3-4
YA20151207130233 - 2017-01-29 15:17:02
state : 1
log : 21785 / 2017-3-4
YA20151207130233 - 2017-01-29 15:17:04
state : 1
log : 21786 / 2017-3-4
YA20151207130233 - 2017-01-29 15:17:05
state : 1
log : 21787 / 2017-3-4
YA20151207130233 - 2017-01-29 15:17:06
state : 1
log : 21788 / 2017-3-4
YA20151207130233 - 2017-01-29 15:17:08
state : 1
log : 21789 / 2017-3-4
YA20151207130233 - 2017-01-29 15:17:09
state : 1
log : 21790 / 2017-3-4
YA20151207130233 - 2017-01-29 15:18:26
state : 1
log : 17754 / 2017-1-29
YA20151207130233 - 2017-01-29 15:22:22
state : 1
log : 24773 / 2017-1-29
YA20151207130233 - 2017-01-29 15:24:33
state : 1
log : 23583 / 2017-1-29
YA20151207130233 - 2017-01-29 15:25:54
state : 1
log : 24386 / 2017-02-04
YA20161116113212 - 2017-01-29 15:29:38
state : 1
log : 10250 / 2017-01-29
YA20161116113212 - 2017-01-29 15:37:20
state : 1
log : 14821 / 2017-01-29
YA20151207130233 - 2017-01-29 15:38:48
state : 1
log : 3701 / 2017-1-29
YA20151207130233 - 2017-01-29 15:40:16
state : 1
log : 19358 / 2017-1-29
YA20151207130233 - 2017-01-29 15:40:42
state : 2
log : 4683 : 이미 막힌 객실 선택
YA20151207130233 - 2017-01-29 15:43:56
state : 1
log : 19358 / 2017-1-30
YA20151207130233 - 2017-01-29 15:45:36
state : 2
log : 3682 : 이미 막힌 객실 선택
YA20151207130233 - 2017-01-29 15:46:02
state : 1
log : 5588 / 2017-1-29
YA20151207130233 - 2017-01-29 15:46:03
state : 2
log : 3677 : 이미 막힌 객실 선택
YA20151207130233 - 2017-01-29 15:46:04
state : 2
log : 3682 : 이미 막힌 객실 선택
YA20151207130233 - 2017-01-29 15:47:27
state : 2
log : 3682 : 이미 막힌 객실 선택
YA20151207130233 - 2017-01-29 15:55:46
state : 1
log : 22721 / 2017-1-29
YA20151207130233 - 2017-01-29 15:56:06
state : 2
log : 5347 : 이미 막힌 객실 선택
YA20151207130233 - 2017-01-29 15:56:07
state : 1
log : 22716 / 2017-1-29
YA20151207130233 - 2017-01-29 15:56:09
state : 1
log : 22718 / 2017-1-29
YA20151207130233 - 2017-01-29 15:57:06
state : 2
log : 5905 : 이미 막힌 객실 선택
YA20161116113212 - 2017-01-29 15:57:28
state : 1
log : 14800 / 2017-01-29
YA20151207130233 - 2017-01-29 15:57:31
state : 2
log : 5347 : 이미 막힌 객실 선택
YA20151207130233 - 2017-01-29 15:57:32
state : 1
log : 22716 / 2017-1-29
YA20151207130233 - 2017-01-29 15:57:34
state : 1
log : 22718 / 2017-1-29
YA20151207130233 - 2017-01-29 15:57:53
state : 2
log : 5347 : 이미 막힌 객실 선택
YA20151207130233 - 2017-01-29 15:57:55
state : 1
log : 22716 / 2017-1-29
YA20151207130233 - 2017-01-29 15:57:56
state : 1
log : 22718 / 2017-1-29
YA20151207130233 - 2017-01-29 16:07:20
state : 2
log : 4357 : 이미 막힌 객실 선택
YA20151207130233 - 2017-01-29 16:08:34
state : 1
log : 21746 / 2017-1-30
YA20151207130233 - 2017-01-29 16:14:11
state : 3
log : 2326 : 등록된 객실 없습니다
YA20151207130233 - 2017-01-29 16:14:13
state : 3
log : 3286 : 등록된 객실 없습니다
YA20151207130233 - 2017-01-29 16:14:16
state : 3
log : 2327 : 등록된 객실 없습니다
YA20151207130233 - 2017-01-29 16:14:17
state : 3
log : 2326 : 등록된 객실 없습니다
YA20151207130233 - 2017-01-29 16:14:18
state : 3
log : 2327 : 등록된 객실 없습니다
YA20151207130233 - 2017-01-29 16:14:19
state : 3
log : 2326 : 등록된 객실 없습니다
YA20151207130233 - 2017-01-29 16:14:20
state : 3
log : 2326 : 등록된 객실 없습니다
YA20151207130233 - 2017-01-29 16:14:21
state : 3
log : 3286 : 등록된 객실 없습니다
YA20151207130233 - 2017-01-29 16:14:23
state : 3
log : 2327 : 등록된 객실 없습니다
YA20151207130233 - 2017-01-29 16:14:24
state : 3
log : 2326 : 등록된 객실 없습니다
YA20151207130233 - 2017-01-29 16:14:25
state : 3
log : 2327 : 등록된 객실 없습니다
YA20151207130233 - 2017-01-29 16:14:27
state : 3
log : 2326 : 등록된 객실 없습니다
YA20151207130233 - 2017-01-29 16:14:28
state : 3
log : 2326 : 등록된 객실 없습니다
YA20151207130233 - 2017-01-29 16:14:29
state : 3
log : 3286 : 등록된 객실 없습니다
YA20151207130233 - 2017-01-29 16:14:30
state : 3
log : 2327 : 등록된 객실 없습니다
YA20151207130233 - 2017-01-29 16:14:31
state : 3
log : 2326 : 등록된 객실 없습니다
YA20151207130233 - 2017-01-29 16:14:32
state : 3
log : 2327 : 등록된 객실 없습니다
YA20151207130233 - 2017-01-29 16:14:33
state : 3
log : 2326 : 등록된 객실 없습니다
YA20151207130233 - 2017-01-29 16:14:55
state : 1
log : 25128 / 2017-1-29
YA20151207130233 - 2017-01-29 16:17:48
state : 1
log : 10539 / 2017-1-29
YA20161116113212 - 2017-01-29 16:18:04
state : 1
log : 38585 / 2017-02-02
YA20161116113212 - 2017-01-29 16:43:15
state : 1
log : 22677 / 2017-02-16
YA20151207130233 - 2017-01-29 16:49:53
state : 1
log : 19357 / 2017-1-29
2017-01-29 17:01:18
key : YA20151207130233
state : 1
log : 24765 / 2017-1-29
YA20151207130233 - 2017-01-29 17:02:38
state : 2
log : 4363 : 이미 막힌 객실 선택
2017-01-29 17:11:45
key : YA20151207130233
state : 1
log : 24768 / 2017-1-29
2017-01-29 17:11:47
key : YA20151207130233
state : 1
log : 24769 / 2017-1-29
YA20151207130233 - 2017-01-29 17:13:05
state : 1
log : 24384 / 2017-1-29
YA20151207130233 - 2017-01-29 17:13:20
state : 7
log : 4256 : 해당 객실 예약 존재
YA20161116113212 - 2017-01-29 17:14:04
state : 1
log : 42519 / 2017-02-04
YA20161116113212 - 2017-01-29 17:21:18
state : 1
log : 36628 / 2017-01-30
36628 / 2017-01-31
YA20161116113212 - 2017-01-29 17:26:41
state : 1
log : 19569 / 2017-02-01
YA20151207130233 - 2017-01-29 17:27:19
state : 1
log : 17750 / 2017-1-29
YA20161116113212 - 2017-01-29 17:46:38
state : 1
log : 15297 / 2017-01-29
YA20151207130233 - 2017-01-29 17:49:40
state : 1
log : 24712 / 2017-1-29
YA20151207130233 - 2017-01-29 17:55:07
state : 1
log : 35134 / 2017-02-17
YA20151207130233 - 2017-01-29 17:55:08
state : 1
log : 35134 / 2017-02-18
YA20151207130233 - 2017-01-29 18:09:37
state : 2
log : 4355 : 이미 막힌 객실 선택
YA20161116113212 - 2017-01-29 18:10:40
state : 1
log : 36907 / 2017-01-30
YA20151207130233 - 2017-01-29 18:15:00
state : 1
log : 24775 / 2017-1-29
YA20161116113212 - 2017-01-29 18:15:09
state : 1
log : 19548 / 2017-01-29
YA20161116113212 - 2017-01-29 18:20:44
state : 1
log : 19550 / 2017-01-29
YA20151207130233 - 2017-01-29 18:24:57
state : 1
log : 24775 / 2017-1-29
YA20161116113212 - 2017-01-29 18:27:04
state : 1
log : 4054 / 2017-01-30
YA20161116113212 - 2017-01-29 18:30:42
state : 1
log : 4926 / 2017-02-03
YA20151207130233 - 2017-01-29 18:37:58
state : 1
log : 21755 / 2017-1-29
YA20151207130233 - 2017-01-29 18:38:00
state : 2
log : 4684 : 이미 막힌 객실 선택
YA20161116113212 - 2017-01-29 18:44:20
state : 1
log : 31147 / 2017-02-08
YA20161116113212 - 2017-01-29 18:48:06
state : 1
log : 17671 / 2017-01-29
YA20151207130233 - 2017-01-29 18:58:39
state : 1
log : 23584 / 2017-1-30
YA20151207130233 - 2017-01-29 18:58:40
state : 1
log : 23584 / 2017-1-31
2017-01-29 19:01:37
key : YA20151207130233
state : 1
log : 12538 / 2017-1-29
YA20151207130233 - 2017-01-29 19:09:20
state : 1
log : 23581 / 2017-2-3
YA20151207130233 - 2017-01-29 19:11:36
state : 1
log : 23584 / 2017-2-2
2017-01-29 19:18:59
key : YA20151207130233
state : 1
log : 12529 / 2017-1-30
YA20151207130233 - 2017-01-29 19:22:37
state : 2
log : 5904 : 이미 막힌 객실 선택
YA20151207130233 - 2017-01-29 19:22:38
state : 2
log : 5903 : 이미 막힌 객실 선택
YA20151207130233 - 2017-01-29 19:30:39
state : 1
log : 24779 / 2017-1-29
YA20161116113212 - 2017-01-29 19:34:48
state : 1
log : 16424 / 2017-01-29
YA20151207130233 - 2017-01-29 19:36:49
state : 1
log : 33984 / 2017-1-30
YA20151207130233 - 2017-01-29 19:37:20
state : 1
log : 33985 / 2017-2-4
YA20151207130233 - 2017-01-29 19:38:14
state : 1
log : 21821 / 2017-01-31
YA20151207130233 - 2017-01-29 19:40:55
state : 1
log : 17755 / 2017-1-29
YA20161116113212 - 2017-01-29 19:41:34
state : 1
log : 6525 / 2017-01-29
YA20161116113212 - 2017-01-29 19:43:20
state : 1
log : 36271 / 2017-01-30
2017-01-29 19:46:51
key : YA20151207130233
state : 1
log : 22744 / 2017-01-30
YA20151207130233 - 2017-01-29 19:48:02
state : 3
log :  : 등록된 객실 없습니다
YA20151207130233 - 2017-01-29 19:48:19
state : 1
log : 24763 / 2017-1-29
YA20161116113212 - 2017-01-29 19:55:23
state : 1
log : 14572 / 2017-02-12
YA20151207130233 - 2017-01-29 20:03:51
state : 1
log : 21755 / 2017-2-6
YA20161116113212 - 2017-01-29 20:04:38
state : 1
log : 42745 / 2017-02-02
YA20151207130233 - 2017-01-29 20:15:42
state : 1
log : 24385 / 2017-2-5
YA20151207130233 - 2017-01-29 20:33:24
state : 1
log : 17746 / 2017-2-4
YA20151207130233 - 2017-01-29 20:33:26
state : 1
log : 17749 / 2017-2-4
YA20151207130233 - 2017-01-29 20:33:36
state : 1
log : 2187 / 2017-1-30
YA20151207130233 - 2017-01-29 20:33:37
state : 1
log : 2187 / 2017-1-31
YA20151207130233 - 2017-01-29 20:33:50
state : 1
log : 2187 / 2017-2-1
YA20151207130233 - 2017-01-29 20:33:52
state : 1
log : 2187 / 2017-2-2
YA20151207130233 - 2017-01-29 20:33:52
state : 1
log : 17749 / 2017-2-1
YA20151207130233 - 2017-01-29 20:33:53
state : 1
log : 17750 / 2017-2-2
YA20151207130233 - 2017-01-29 20:33:55
state : 1
log : 17746 / 2017-2-3
YA20151207130233 - 2017-01-29 20:33:56
state : 1
log : 17749 / 2017-2-1
YA20151207130233 - 2017-01-29 20:33:57
state : 1
log : 17750 / 2017-2-2
YA20151207130233 - 2017-01-29 20:33:59
state : 1
log : 17746 / 2017-2-3
YA20151207130233 - 2017-01-29 20:38:50
state : 1
log : 21580 / 2017-02-13
YA20151207130233 - 2017-01-29 20:40:33
state : 1
log : 21580 / 2017-2-13
YA20151207130233 - 2017-01-29 20:46:40
state : 1
log : 17753 / 2017-1-29
YA20161116113212 - 2017-01-29 21:05:24
state : 1
log : 19158 / 2017-01-29
YA20151207130233 - 2017-01-29 21:05:30
state : 1
log : 24765 / 2017-1-29
YA20151207130233 - 2017-01-29 21:05:56
state : 2
log : 4603 : 이미 막힌 객실 선택
YA20151207130233 - 2017-01-29 21:07:49
state : 1
log : 24386 / 2017-2-4
YA20151207130233 - 2017-01-29 21:10:41
state : 1
log : 23584 / 2017-1-30
2017-01-29 21:18:34
key : YA20151207130233
state : 1
log : 43741 / 2017-1-30
YA20151207130233 - 2017-01-29 21:19:12
state : 1
log : 21822 / 2017-02-23
YA20151207130233 - 2017-01-29 21:19:13
state : 1
log : 21822 / 2017-02-24
YA20151207130233 - 2017-01-29 21:22:12
state : 1
log : 21819 / 2017-02-23
YA20151207130233 - 2017-01-29 21:22:13
state : 1
log : 21819 / 2017-02-24
YA20151207130233 - 2017-01-29 21:22:56
state : 3
log : 6304 : 등록된 객실 없습니다
YA20151207130233 - 2017-01-29 21:24:35
state : 1
log : 24772 / 2017-1-29
YA20151207130233 - 2017-01-29 21:33:17
state : 1
log : 21833 / 2017-2-19
YA20151207130233 - 2017-01-29 21:33:19
state : 1
log : 21834 / 2017-2-19
YA20151207130233 - 2017-01-29 21:33:20
state : 1
log : 21835 / 2017-2-19
YA20151207130233 - 2017-01-29 21:33:21
state : 1
log : 21836 / 2017-2-19
YA20151207130233 - 2017-01-29 21:33:23
state : 1
log : 21837 / 2017-2-19
YA20151207130233 - 2017-01-29 21:33:24
state : 1
log : 21838 / 2017-2-19
YA20151207130233 - 2017-01-29 21:33:25
state : 1
log : 21839 / 2017-2-19
YA20151207130233 - 2017-01-29 21:33:27
state : 1
log : 21840 / 2017-2-19
YA20151207130233 - 2017-01-29 21:33:28
state : 1
log : 21833 / 2017-2-20
YA20151207130233 - 2017-01-29 21:33:29
state : 1
log : 21834 / 2017-2-20
YA20151207130233 - 2017-01-29 21:33:32
state : 1
log : 21835 / 2017-2-20
YA20151207130233 - 2017-01-29 21:33:33
state : 1
log : 21836 / 2017-2-20
YA20151207130233 - 2017-01-29 21:33:35
state : 1
log : 21837 / 2017-2-20
YA20151207130233 - 2017-01-29 21:33:36
state : 1
log : 21838 / 2017-2-20
YA20151207130233 - 2017-01-29 21:33:37
state : 1
log : 21839 / 2017-2-20
YA20151207130233 - 2017-01-29 21:33:39
state : 1
log : 21840 / 2017-2-20
YA20151207130233 - 2017-01-29 21:33:40
state : 1
log : 21833 / 2017-2-21
YA20151207130233 - 2017-01-29 21:33:41
state : 1
log : 21834 / 2017-2-21
YA20151207130233 - 2017-01-29 21:33:42
state : 1
log : 21835 / 2017-2-21
YA20151207130233 - 2017-01-29 21:33:44
state : 1
log : 21836 / 2017-2-21
YA20151207130233 - 2017-01-29 21:33:45
state : 1
log : 21837 / 2017-2-21
YA20151207130233 - 2017-01-29 21:33:46
state : 1
log : 21838 / 2017-2-21
YA20151207130233 - 2017-01-29 21:33:48
state : 1
log : 21839 / 2017-2-21
YA20151207130233 - 2017-01-29 21:33:49
state : 1
log : 21840 / 2017-2-21
YA20161116113212 - 2017-01-29 21:37:43
state : 1
log : 42751 / 2017-02-08
YA20161116113212 - 2017-01-29 21:39:40
state : 1
log : 42752 / 2017-02-08
2017-01-29 22:10:14
key : YA20151207130233
state : 1
log : 43737 / 2017-01-30
2017-01-29 22:18:17
key : YA20151207130233
state : 1
log : 43737 / 2017-01-30
YA20151207130233 - 2017-01-29 22:20:57
state : 3
log :  : 등록된 객실 없습니다
YA20151207130233 - 2017-01-29 22:22:05
state : 1
log : 22275 / 2017-2-18
YA20151207130233 - 2017-01-29 22:22:06
state : 1
log : 22276 / 2017-2-18
YA20151207130233 - 2017-01-29 22:22:08
state : 1
log : 22277 / 2017-2-18
YA20151207130233 - 2017-01-29 22:22:09
state : 1
log : 22278 / 2017-2-18
YA20151207130233 - 2017-01-29 22:22:10
state : 1
log : 22279 / 2017-2-18
YA20151207130233 - 2017-01-29 22:22:12
state : 1
log : 22275 / 2017-2-18
YA20151207130233 - 2017-01-29 22:22:13
state : 1
log : 22276 / 2017-2-18
YA20151207130233 - 2017-01-29 22:22:15
state : 1
log : 22277 / 2017-2-18
YA20151207130233 - 2017-01-29 22:22:17
state : 1
log : 22278 / 2017-2-18
YA20151207130233 - 2017-01-29 22:22:19
state : 1
log : 22279 / 2017-2-18
YA20151207130233 - 2017-01-29 22:22:20
state : 1
log : 22275 / 2017-2-18
YA20151207130233 - 2017-01-29 22:22:21
state : 1
log : 22276 / 2017-2-18
YA20151207130233 - 2017-01-29 22:22:22
state : 1
log : 22277 / 2017-2-18
YA20151207130233 - 2017-01-29 22:22:23
state : 1
log : 22278 / 2017-2-18
YA20151207130233 - 2017-01-29 22:22:25
state : 1
log : 22279 / 2017-2-18
YA20151207130233 - 2017-01-29 22:22:26
state : 1
log : 22275 / 2017-2-18
YA20151207130233 - 2017-01-29 22:22:28
state : 1
log : 22276 / 2017-2-18
YA20151207130233 - 2017-01-29 22:22:29
state : 1
log : 22277 / 2017-2-18
YA20151207130233 - 2017-01-29 22:22:30
state : 1
log : 22278 / 2017-2-18
YA20151207130233 - 2017-01-29 22:22:31
state : 1
log : 22279 / 2017-2-18
YA20161116113212 - 2017-01-29 22:25:12
state : 1
log : 36196 / 2017-01-30
2017-01-29 22:26:33
key : YA20151207130233
state : 1
log : 43737 / 2017-01-30
YA20151207130233 - 2017-01-29 22:28:25
state : 3
log :  : 등록된 객실 없습니다
YA20151207130233 - 2017-01-29 22:30:48
state : 2
log : 4602 : 이미 막힌 객실 선택
YA20151207130233 - 2017-01-29 22:33:43
state : 1
log : 43737 / 2017-1-30
YA20151207130233 - 2017-01-29 22:51:04
state : 1
log : 46326 / 2017-1-29
YA20151207130233 - 2017-01-29 22:51:25
state : 1
log : 46326 / 2017-1-30
YA20161116113212 - 2017-01-29 23:04:59
state : 1
log : 10923 / 2017-02-18
YA20151207130233 - 2017-01-29 23:21:25
state : 1
log : 17747 / 2017-1-29
YA20161116113212 - 2017-01-29 23:23:22
state : 1
log : 10248 / 2017-02-02
YA20161116113212 - 2017-01-29 23:27:09
state : 1
log : 8033 / 2017-01-30
YA20151207130233 - 2017-01-29 23:37:05
state : 1
log : 1491 / 2017-02-02
YA20161116113212 - 2017-01-29 23:49:27
state : 1
log : 10247 / 2017-02-02
