YA20151207130233 - 2017-02-18 00:00:15
state : 1
log : 21773 / 2017-02-18
YA20151207130233 - 2017-02-18 00:06:07
state : 1
log : 21819 / 2017-02-25
YA20151207130233 - 2017-02-18 00:15:38
state : 1
log : 21047 / 2017-02-20
2017-02-18 00:29:35
key : YA20151207130233
state : 1
log : 35128 / 2017-02-19
YA20151207130233 - 2017-02-18 00:49:12
state : 1
log : 23520 / 2017-02-18
2017-02-18 01:09:19
key : YA20151207130233
state : 1
log : 25067 / 2017-02-18
YA20151207130233 - 2017-02-18 02:28:35
state : 1
log : 34061 / 2017-02-23
YA20151207130233 - 2017-02-18 03:56:09
state : 1
log : 3697 / 2017-02-19
YA20151207130233 - 2017-02-18 03:56:10
state : 1
log : 3697 / 2017-02-20
YA20151207130233 - 2017-02-18 04:32:56
state : 1
log : 21770 / 2017-02-18
YA20151207130233 - 2017-02-18 07:15:18
state : 1
log : 41990 / 2017-02-19
YA20151207130233 - 2017-02-18 07:20:35
state : 2
log : 4706 | 2017-2-25: 이미 막힌 객실 선택
2017-02-18 07:29:15
key : YA20151207130233
state : 1
log : 21765 / 2017-02-18
YA20151207130233 - 2017-02-18 07:33:38
state : 2
log : 4897 | 2017-2-18: 이미 막힌 객실 선택
YA20151207130233 - 2017-02-18 07:33:39
state : 2
log : 4894 | 2017-2-18: 이미 막힌 객실 선택
YA20151207130233 - 2017-02-18 07:49:42
state : 1
log : 21790 / 2017-4-15
YA20151207130233 - 2017-02-18 07:50:02
state : 1
log : 21790 / 2017-4-8
YA20151207130233 - 2017-02-18 07:50:55
state : 2
log : 6126 | 2017-2-23: 이미 막힌 객실 선택
YA20151207130233 - 2017-02-18 07:50:57
state : 1
log : 21765 / 2017-02-18
YA20151207130233 - 2017-02-18 07:52:10
state : 2
log : 6126 | 2017-2-26: 이미 막힌 객실 선택
2017-02-18 08:24:58
key : YA20151207130233
state : 1
log : 26179 / 2017-2-18
YA20151207130233 - 2017-02-18 08:39:21
state : 1
log : 19912 / 2017-02-25
YA20151207130233 - 2017-02-18 08:57:51
state : 3
log : 6303 | 2017-2-18: 등록된 객실 없습니다
2017-02-18 09:03:08
key : YA20151207130233
state : 1
log : 46327 / 2017-2-19
YA20151207130233 - 2017-02-18 09:03:51
state : 1
log : 48311 / 2017-02-22
YA20151207130233 - 2017-02-18 09:11:26
state : 1
log : 20715 / 2017-3-6
YA20151207130233 - 2017-02-18 09:19:58
state : 2
log : 4319 | 2017-02-18: 이미 막힌 객실 선택
YA20151207130233 - 2017-02-18 09:24:57
state : 1
log : 21747 / 2017-2-18
YA20151207130233 - 2017-02-18 09:28:22
state : 1
log : 26179 / 2017-2-18
YA20151207130233 - 2017-02-18 09:35:49
state : 7
log : 5375 : 해당 객실 예약 존재
YA20151207130233 - 2017-02-18 09:39:09
state : 2
log : 5244 | 2017-2-19: 이미 막힌 객실 선택
YA20151207130233 - 2017-02-18 09:43:41
state : 2
log : 1683 | 2017-2-18: 이미 막힌 객실 선택
YA20151207130233 - 2017-02-18 09:49:34
state : 2
log : 5373 | 2017-2-18: 이미 막힌 객실 선택
YA20151207130233 - 2017-02-18 09:56:32
state : 1
log : 17745 / 2017-02-20
YA20151207130233 - 2017-02-18 10:02:14
state : 1
log : 21790 / 2017-2-18
2017-02-18 10:03:51
key : YA20151207130233
state : 1
log : 21789 / 2017-2-18
2017-02-18 10:16:47
key : YA20151207130233
state : 1
log : 23520 / 2017-2-18
YA20151207130233 - 2017-02-18 10:30:43
state : 1
log : 24761 / 2017-2-20
YA20151207130233 - 2017-02-18 10:33:41
state : 1
log : 17756 / 2017-2-18
YA20151207130233 - 2017-02-18 10:40:30
state : 1
log : 24768 / 2017-02-19
2017-02-18 10:44:27
key : YA20151207130233
state : 1
log : 47858 / 2017-02-18
YA20151207130233 - 2017-02-18 10:49:03
state : 1
log : 47858 / 2017-02-18
YA20151207130233 - 2017-02-18 10:49:36
state : 1
log : 18095 / 2017-2-18
YA20151207130233 - 2017-02-18 11:05:56
state : 1
log : 17752 / 2017-02-19
YA20151207130233 - 2017-02-18 11:07:09
state : 2
log : 2961 | 2017-2-18: 이미 막힌 객실 선택
2017-02-18 11:20:59
key : YA20151207130233
state : 1
log : 29447 / 2017-02-26
YA20151207130233 - 2017-02-18 11:21:32
state : 1
log : 23315 / 2017-03-18
YA20151207130233 - 2017-02-18 11:23:46
state : 1
log : 36252 / 2017-3-11
YA20151207130233 - 2017-02-18 11:26:12
state : 1
log : 18091 / 2017-2-18
2017-02-18 11:26:35
key : YA20151207130233
state : 1
log : 29447 / 2017-02-26
YA20151207130233 - 2017-02-18 11:29:08
state : 1
log : 18081 / 2017-2-18
YA20151207130233 - 2017-02-18 11:29:25
state : 1
log : 18079 / 2017-2-21
YA20151207130233 - 2017-02-18 11:29:26
state : 1
log : 18080 / 2017-2-21
YA20151207130233 - 2017-02-18 11:29:27
state : 1
log : 18081 / 2017-2-21
YA20151207130233 - 2017-02-18 11:29:28
state : 1
log : 18082 / 2017-2-21
YA20151207130233 - 2017-02-18 11:29:48
state : 1
log : 18080 / 2017-3-2
YA20151207130233 - 2017-02-18 11:29:49
state : 1
log : 18082 / 2017-3-2
YA20151207130233 - 2017-02-18 11:30:07
state : 1
log : 18080 / 2017-3-30
YA20151207130233 - 2017-02-18 11:30:09
state : 1
log : 18081 / 2017-3-30
YA20151207130233 - 2017-02-18 11:30:11
state : 1
log : 18082 / 2017-3-30
YA20151207130233 - 2017-02-18 11:30:27
state : 1
log : 18082 / 2017-3-18
YA20151207130233 - 2017-02-18 11:30:28
state : 1
log : 18082 / 2017-3-23
YA20151207130233 - 2017-02-18 11:30:29
state : 1
log : 18082 / 2017-3-25
YA20151207130233 - 2017-02-18 11:34:12
state : 1
log : 39858 / 2017-2-25
2017-02-18 11:34:22
key : YA20151207130233
state : 1
log : 39858 / 2017-2-25
YA20151207130233 - 2017-02-18 11:34:30
state : 1
log : 39858 / 2017-2-18
YA20151207130233 - 2017-02-18 11:41:59
state : 2
log : 6574 | 2017-2-18: 이미 막힌 객실 선택
2017-02-18 11:48:14
key : YA20151207130233
state : 1
log : 29447 / 2017-02-26
2017-02-18 11:52:59
key : YA20151207130233
state : 1
log : 29447 / 2017-02-26
YA20151207130233 - 2017-02-18 11:56:29
state : 1
log : 46325 / 2017-2-18
YA20151207130233 - 2017-02-18 12:01:01
state : 1
log : 21750 / 2017-02-18
2017-02-18 12:01:29
key : YA20151207130233
state : 1
log : 29447 / 2017-02-26
YA20151207130233 - 2017-02-18 12:05:44
state : 1
log : 22712 / 2017-02-25
YA20151207130233 - 2017-02-18 12:07:58
state : 3
log : 6298 | 2017-2-18: 등록된 객실 없습니다
YA20151207130233 - 2017-02-18 12:08:19
state : 1
log : 21789 / 2017-2-18
YA20151207130233 - 2017-02-18 12:13:09
state : 2
log : 2958 | 2017-2-19: 이미 막힌 객실 선택
2017-02-18 12:30:23
key : YA20151207130233
state : 1
log : 9808 / 2017-02-18
2017-02-18 12:31:55
key : YA20151207130233
state : 1
log : 9808 / 2017-02-18
YA20151207130233 - 2017-02-18 12:33:16
state : 1
log : 21835 / 2017-2-18
YA20151207130233 - 2017-02-18 12:33:47
state : 1
log : 11099 / 2017-2-18
2017-02-18 12:34:02
key : YA20151207130233
state : 1
log : 11100 / 2017-2-18
2017-02-18 12:36:01
key : YA20151207130233
state : 1
log : 45344 / 2017-2-18
YA20151207130233 - 2017-02-18 12:36:44
state : 2
log : 5662 | 2017-2-18: 이미 막힌 객실 선택
YA20151207130233 - 2017-02-18 12:38:47
state : 1
log : 9808 / 2017-02-18
YA20151207130233 - 2017-02-18 12:54:04
state : 1
log : 25129 / 2017-2-19
YA20151207130233 - 2017-02-18 12:55:22
state : 1
log : 23579 / 2017-02-19
YA20151207130233 - 2017-02-18 12:59:04
state : 1
log : 17747 / 2017-02-18
YA20151207130233 - 2017-02-18 13:07:52
state : 2
log : 5515 | 2017-2-18: 이미 막힌 객실 선택
YA20151207130233 - 2017-02-18 13:10:25
state : 1
log : 48311 / 2017-3-22
YA20151207130233 - 2017-02-18 13:11:13
state : 1
log : 18057 / 2017-2-24
YA20151207130233 - 2017-02-18 13:11:15
state : 1
log : 18058 / 2017-2-24
YA20151207130233 - 2017-02-18 13:11:29
state : 1
log : 18059 / 2017-2-25
YA20151207130233 - 2017-02-18 13:12:13
state : 1
log : 19354 / 2017-2-18
YA20151207130233 - 2017-02-18 13:19:41
state : 1
log : 21840 / 2017-2-18
YA20151207130233 - 2017-02-18 13:23:49
state : 1
log : 21749 / 2017-02-27
2017-02-18 13:27:22
key : YA20151207130233
state : 1
log : 18058 / 2017-3-3
YA20151207130233 - 2017-02-18 13:27:24
state : 1
log : 21813 / 2017-02-19
2017-02-18 13:27:31
key : YA20151207130233
state : 1
log : 18058 / 2017-3-4
YA20151207130233 - 2017-02-18 13:28:54
state : 2
log : 5516 | 2017-2-18: 이미 막힌 객실 선택
YA20151207130233 - 2017-02-18 13:31:54
state : 1
log : 22868 / 2017-02-18
YA20151207130233 - 2017-02-18 13:33:26
state : 1
log : 22867 / 2017-2-20
YA20151207130233 - 2017-02-18 13:33:41
state : 1
log : 22867 / 2017-2-21
YA20151207130233 - 2017-02-18 13:36:24
state : 1
log : 20712 / 2017-3-16
YA20151207130233 - 2017-02-18 13:43:02
state : 1
log : 35133 / 2017-02-24
YA20151207130233 - 2017-02-18 13:44:14
state : 2
log : 6184 | 2017-02-24: 이미 막힌 객실 선택
YA20151207130233 - 2017-02-18 13:59:48
state : 1
log : 9803 / 2017-02-18
2017-02-18 14:01:46
key : YA20151207130233
state : 1
log : 9802 / 2017-02-18
YA20151207130233 - 2017-02-18 14:02:13
state : 2
log : 4701 | 2017-2-18: 이미 막힌 객실 선택
YA20151207130233 - 2017-02-18 14:02:14
state : 2
log : 4695 | 2017-2-18: 이미 막힌 객실 선택
YA20151207130233 - 2017-02-18 14:02:15
state : 2
log : 4691 | 2017-2-18: 이미 막힌 객실 선택
YA20151207130233 - 2017-02-18 14:02:30
state : 1
log : 14866 / 2017-2-18
2017-02-18 14:03:43
key : YA20151207130233
state : 1
log : 9802 / 2017-02-18
2017-02-18 14:04:08
key : YA20151207130233
state : 1
log : 17747 / 2017-2-18
YA20151207130233 - 2017-02-18 14:04:15
state : 1
log : 43771 / 2017-02-18
YA20151207130233 - 2017-02-18 14:05:52
state : 1
log : 9802 / 2017-02-18
YA20151207130233 - 2017-02-18 14:05:55
state : 3
log : 6297 | 2017-2-18: 등록된 객실 없습니다
YA20151207130233 - 2017-02-18 14:06:03
state : 1
log : 18098 / 2017-2-18
YA20151207130233 - 2017-02-18 14:11:43
state : 1
log : 21786 / 2017-02-18
2017-02-18 14:11:52
key : YA20151207130233
state : 1
log : 43771 / 2017-2-18
YA20151207130233 - 2017-02-18 14:13:24
state : 1
log : 15309 / 2017-2-18
YA20151207130233 - 2017-02-18 14:14:00
state : 1
log : 25046 / 2017-2-18
2017-02-18 14:16:20
key : YA20151207130233
state : 1
log : 20707 / 2017-2-18
YA20151207130233 - 2017-02-18 14:16:45
state : 1
log : 21769 / 2017-2-18
2017-02-18 14:18:36
key : YA20151207130233
state : 1
log : 21774 / 2017-2-18
YA20151207130233 - 2017-02-18 14:20:58
state : 1
log : 25067 / 2017-2-18
YA20151207130233 - 2017-02-18 14:23:14
state : 1
log : 19897 / 2017-02-20
YA20151207130233 - 2017-02-18 14:24:32
state : 1
log : 29447 / 2017-02-26
YA20151207130233 - 2017-02-18 14:27:42
state : 1
log : 24075 / 2017-4-22
YA20151207130233 - 2017-02-18 14:32:22
state : 1
log : 46326 / 2017-2-18
YA20151207130233 - 2017-02-18 14:37:50
state : 1
log : 43773 / 2017-03-11
YA20151207130233 - 2017-02-18 14:41:36
state : 2
log : 5268 | 2017-2-19: 이미 막힌 객실 선택
YA20151207130233 - 2017-02-18 14:43:11
state : 1
log : 16636 / 2017-02-24
YA20151207130233 - 2017-02-18 14:45:13
state : 1
log : 21774 / 2017-02-18
YA20151207130233 - 2017-02-18 14:47:37
state : 2
log : 4379 | 2017-2-18: 이미 막힌 객실 선택
YA20151207130233 - 2017-02-18 14:50:24
state : 1
log : 43741 / 2017-02-26
YA20151207130233 - 2017-02-18 14:52:29
state : 1
log : 41993 / 2017-2-18
YA20151207130233 - 2017-02-18 15:00:18
state : 2
log : 6389 | 2017-2-26: 이미 막힌 객실 선택
YA20151207130233 - 2017-02-18 15:07:57
state : 1
log : 13037 / 2017-3-24
YA20151207130233 - 2017-02-18 15:07:58
state : 1
log : 13038 / 2017-3-24
YA20151207130233 - 2017-02-18 15:13:27
state : 1
log : 41987 / 2017-2-18
YA20151207130233 - 2017-02-18 15:14:15
state : 2
log : 4893 | 2017-2-18: 이미 막힌 객실 선택
YA20151207130233 - 2017-02-18 15:15:45
state : 1
log : 20706 / 2017-02-26
YA20151207130233 - 2017-02-18 15:17:20
state : 1
log : 20710 / 2017-02-26
YA20151207130233 - 2017-02-18 15:19:19
state : 1
log : 48313 / 2017-2-18
2017-02-18 15:21:01
key : YA20151207130233
state : 1
log : 29445 / 2017-2-26
YA20151207130233 - 2017-02-18 15:21:37
state : 1
log : 41995 / 2017-2-18
YA20151207130233 - 2017-02-18 15:22:21
state : 1
log : 24775 / 2017-02-27
YA20151207130233 - 2017-02-18 15:22:23
state : 1
log : 24775 / 2017-02-28
2017-02-18 15:24:34
key : YA20151207130233
state : 1
log : 9802 / 2017-02-19
YA20151207130233 - 2017-02-18 15:26:46
state : 1
log : 21750 / 2017-3-1
YA20151207130233 - 2017-02-18 15:26:49
state : 1
log : 21747 / 2017-3-1
YA20151207130233 - 2017-02-18 15:26:50
state : 2
log : 5780 | 2017-3-1: 이미 막힌 객실 선택
YA20151207130233 - 2017-02-18 15:26:51
state : 2
log : 5776 | 2017-3-1: 이미 막힌 객실 선택
YA20151207130233 - 2017-02-18 15:27:33
state : 1
log : 21750 / 2017-3-2
YA20151207130233 - 2017-02-18 15:27:35
state : 1
log : 21753 / 2017-3-2
YA20151207130233 - 2017-02-18 15:27:36
state : 1
log : 21747 / 2017-3-2
YA20151207130233 - 2017-02-18 15:27:37
state : 1
log : 21747 / 2017-3-3
YA20151207130233 - 2017-02-18 15:27:39
state : 1
log : 21751 / 2017-3-3
YA20151207130233 - 2017-02-18 15:27:40
state : 1
log : 21747 / 2017-3-4
YA20151207130233 - 2017-02-18 15:27:41
state : 1
log : 21751 / 2017-3-4
YA20151207130233 - 2017-02-18 15:28:29
state : 1
log : 23340 / 2017-2-25
YA20151207130233 - 2017-02-18 15:32:31
state : 2
log : 1678 | 2017-2-18: 이미 막힌 객실 선택
YA20151207130233 - 2017-02-18 15:32:43
state : 2
log : 5761 | 2017-02-20: 이미 막힌 객실 선택
YA20151207130233 - 2017-02-18 15:41:57
state : 1
log : 41974 / 2017-2-18
YA20151207130233 - 2017-02-18 15:47:22
state : 2
log : 1678 | 2017-2-18: 이미 막힌 객실 선택
YA20151207130233 - 2017-02-18 15:54:15
state : 1
log : 25067 / 2017-2-19
YA20151207130233 - 2017-02-18 15:54:16
state : 1
log : 25067 / 2017-2-20
YA20151207130233 - 2017-02-18 15:54:17
state : 1
log : 25068 / 2017-2-21
YA20151207130233 - 2017-02-18 15:54:19
state : 1
log : 25067 / 2017-2-27
YA20151207130233 - 2017-02-18 15:54:21
state : 1
log : 25067 / 2017-2-28
YA20151207130233 - 2017-02-18 15:54:22
state : 2
log : 4986 | 2017-2-19: 이미 막힌 객실 선택
YA20151207130233 - 2017-02-18 15:54:23
state : 2
log : 4986 | 2017-2-20: 이미 막힌 객실 선택
YA20151207130233 - 2017-02-18 15:54:24
state : 2
log : 4987 | 2017-2-21: 이미 막힌 객실 선택
YA20151207130233 - 2017-02-18 15:54:26
state : 2
log : 4986 | 2017-2-27: 이미 막힌 객실 선택
YA20151207130233 - 2017-02-18 15:54:27
state : 2
log : 4986 | 2017-2-28: 이미 막힌 객실 선택
YA20151207130233 - 2017-02-18 16:06:23
state : 1
log : 14870 / 2017-02-18
YA20151207130233 - 2017-02-18 16:10:01
state : 1
log : 9801 / 2017-02-18
YA20151207130233 - 2017-02-18 16:40:45
state : 1
log : 18094 / 2017-2-18
YA20151207130233 - 2017-02-18 16:44:48
state : 3
log : 6298 | 2017-2-19: 등록된 객실 없습니다
YA20151207130233 - 2017-02-18 16:46:08
state : 1
log : 25131 / 2017-02-19
YA20151207130233 - 2017-02-18 16:46:51
state : 1
log : 22715 / 2017-03-11
YA20151207130233 - 2017-02-18 16:47:02
state : 2
log : 6403 | 2017-2-18: 이미 막힌 객실 선택
YA20151207130233 - 2017-02-18 16:47:11
state : 1
log : 19361 / 2017-2-18
YA20151207130233 - 2017-02-18 17:05:10
state : 1
log : 21728 / 2017-2-18
YA20151207130233 - 2017-02-18 17:05:11
state : 1
log : 21729 / 2017-2-18
YA20151207130233 - 2017-02-18 17:05:16
state : 2
log : 6402 | 2017-2-18: 이미 막힌 객실 선택
YA20151207130233 - 2017-02-18 17:06:48
state : 2
log : 4132 | 2017-2-20: 이미 막힌 객실 선택
YA20151207130233 - 2017-02-18 17:06:49
state : 2
log : 4132 | 2017-2-21: 이미 막힌 객실 선택
YA20151207130233 - 2017-02-18 17:12:06
state : 2
log : 5607 | 2017-02-26: 이미 막힌 객실 선택
2017-02-18 17:12:35
key : YA20151207130233
state : 1
log : 24712 / 2017-02-19
YA20151207130233 - 2017-02-18 17:15:42
state : 2
log : 4603 | 2017-2-18: 이미 막힌 객실 선택
YA20151207130233 - 2017-02-18 17:18:34
state : 1
log : 19900 / 2017-02-18
YA20151207130233 - 2017-02-18 17:19:49
state : 1
log : 24718 / 2017-2-18
YA20151207130233 - 2017-02-18 17:21:42
state : 1
log : 3696 / 2017-02-19
YA20151207130233 - 2017-02-18 17:27:30
state : 1
log : 17747 / 2017-2-18
YA20151207130233 - 2017-02-18 17:31:23
state : 2
log : 5375 | 2017-2-18: 이미 막힌 객실 선택
YA20151207130233 - 2017-02-18 17:38:03
state : 1
log : 46330 / 2017-2-18
YA20151207130233 - 2017-02-18 17:47:46
state : 2
log : 5243 | 2017-2-19: 이미 막힌 객실 선택
YA20151207130233 - 2017-02-18 17:54:27
state : 1
log : 9802 / 2017-02-19
YA20151207130233 - 2017-02-18 18:01:57
state : 1
log : 20711 / 2017-02-21
YA20151207130233 - 2017-02-18 18:02:04
state : 7
log : 4359 : 해당 객실 예약 존재
YA20151207130233 - 2017-02-18 18:04:32
state : 1
log : 21766 / 2017-2-18
YA20151207130233 - 2017-02-18 18:07:16
state : 1
log : 23520 / 2017-2-18
YA20151207130233 - 2017-02-18 18:09:55
state : 1
log : 35128 / 2017-2-19
2017-02-18 18:10:58
key : YA20151207130233
state : 1
log : 35133 / 2017-2-19
YA20151207130233 - 2017-02-18 18:23:46
state : 1
log : 26184 / 2017-2-19
YA20151207130233 - 2017-02-18 18:26:13
state : 1
log : 23314 / 2017-02-27
YA20151207130233 - 2017-02-18 18:29:34
state : 1
log : 11097 / 2017-2-18
YA20151207130233 - 2017-02-18 18:29:36
state : 1
log : 11100 / 2017-2-18
2017-02-18 18:29:57
key : YA20151207130233
state : 1
log : 46330 / 2017-2-18
YA20151207130233 - 2017-02-18 18:47:44
state : 3
log : 6301 | 2017-02-19: 등록된 객실 없습니다
YA20151207130233 - 2017-02-18 18:48:18
state : 1
log : 3697 / 2017-2-18
YA20151207130233 - 2017-02-18 18:51:42
state : 1
log : 24712 / 2017-2-19
2017-02-18 18:54:13
key : YA20151207130233
state : 1
log : 48323 / 2017-2-20
2017-02-18 18:54:14
key : YA20151207130233
state : 1
log : 48323 / 2017-2-21
2017-02-18 18:54:16
key : YA20151207130233
state : 1
log : 48323 / 2017-2-22
2017-02-18 18:54:17
key : YA20151207130233
state : 1
log : 48323 / 2017-2-23
2017-02-18 18:54:18
key : YA20151207130233
state : 1
log : 48323 / 2017-2-24
2017-02-18 18:54:19
key : YA20151207130233
state : 1
log : 48323 / 2017-2-25
2017-02-18 18:54:20
key : YA20151207130233
state : 1
log : 48323 / 2017-2-26
2017-02-18 18:54:22
key : YA20151207130233
state : 1
log : 48323 / 2017-2-27
2017-02-18 18:54:23
key : YA20151207130233
state : 1
log : 48323 / 2017-2-28
2017-02-18 18:54:24
key : YA20151207130233
state : 1
log : 48323 / 2017-2-20
2017-02-18 18:54:26
key : YA20151207130233
state : 1
log : 48323 / 2017-2-21
2017-02-18 18:54:27
key : YA20151207130233
state : 1
log : 48323 / 2017-2-22
2017-02-18 18:54:28
key : YA20151207130233
state : 1
log : 48323 / 2017-2-23
2017-02-18 18:54:30
key : YA20151207130233
state : 1
log : 48323 / 2017-2-24
YA20151207130233 - 2017-02-18 18:54:32
state : 1
log : 20705 / 2017-2-19
2017-02-18 18:54:32
key : YA20151207130233
state : 1
log : 48323 / 2017-2-25
2017-02-18 18:54:33
key : YA20151207130233
state : 1
log : 48323 / 2017-2-26
YA20151207130233 - 2017-02-18 18:54:33
state : 1
log : 20706 / 2017-2-19
2017-02-18 18:54:35
key : YA20151207130233
state : 1
log : 48323 / 2017-2-27
2017-02-18 18:54:36
key : YA20151207130233
state : 1
log : 48323 / 2017-2-28
YA20151207130233 - 2017-02-18 18:56:44
state : 1
log : 43771 / 2017-4-15
YA20151207130233 - 2017-02-18 19:13:06
state : 2
log : 6010 | 2017-2-20: 이미 막힌 객실 선택
YA20151207130233 - 2017-02-18 19:18:54
state : 1
log : 19892 / 2017-02-18
YA20151207130233 - 2017-02-18 19:22:14
state : 1
log : 34060 / 2017-3-2
YA20151207130233 - 2017-02-18 19:25:37
state : 1
log : 20703 / 2017-03-31
2017-02-18 19:25:40
key : YA20151207130233
state : 1
log : 23520 / 2017-2-18
YA20151207130233 - 2017-02-18 19:26:59
state : 1
log : 6402 / 2017-2-18
YA20151207130233 - 2017-02-18 20:04:52
state : 1
log : 21753 / 2017-02-19
YA20151207130233 - 2017-02-18 20:08:12
state : 1
log : 22709 / 2017-2-18
YA20151207130233 - 2017-02-18 20:08:50
state : 1
log : 22742 / 2017-3-4
YA20151207130233 - 2017-02-18 20:08:51
state : 2
log : 4355 | 2017-3-4: 이미 막힌 객실 선택
YA20151207130233 - 2017-02-18 20:14:52
state : 1
log : 23322 / 2017-02-21
YA20151207130233 - 2017-02-18 20:18:08
state : 1
log : 3695 / 2017-02-19
YA20151207130233 - 2017-02-18 20:40:35
state : 1
log : 46330 / 2017-2-18
YA20151207130233 - 2017-02-18 20:59:56
state : 1
log : 24717 / 2017-02-19
YA20151207130233 - 2017-02-18 21:05:22
state : 2
log : 5527 | 2017-2-20: 이미 막힌 객실 선택
YA20151207130233 - 2017-02-18 21:05:48
state : 1
log : 3699 / 2017-02-20
YA20151207130233 - 2017-02-18 21:10:00
state : 2
log : 5242 | 2017-2-19: 이미 막힌 객실 선택
YA20151207130233 - 2017-02-18 21:20:37
state : 2
log : 5246 | 2017-2-20: 이미 막힌 객실 선택
YA20151207130233 - 2017-02-18 21:32:06
state : 3
log : 5823 | 2017-3-4: 등록된 객실 없습니다
YA20151207130233 - 2017-02-18 21:47:47
state : 1
log : 17748 / 2017-02-19
YA20151207130233 - 2017-02-18 21:50:05
state : 1
log : 21814 / 2017-2-23
YA20151207130233 - 2017-02-18 21:54:02
state : 1
log : 48324 / 2017-02-25
2017-02-18 21:56:16
key : YA20151207130233
state : 1
log : 46324 / 2017-2-25
YA20151207130233 - 2017-02-18 22:28:21
state : 2
log : 6125 | 2017-2-20: 이미 막힌 객실 선택
YA20151207130233 - 2017-02-18 22:46:02
state : 1
log : 24783 / 2017-02-19
YA20151207130233 - 2017-02-18 22:59:16
state : 1
log : 21776 / 2017-02-20
YA20151207130233 - 2017-02-18 22:59:38
state : 2
log : 4599 | 2017-2-19: 이미 막힌 객실 선택
YA20151207130233 - 2017-02-18 23:29:27
state : 1
log : 21814 / 2017-02-20
YA20151207130233 - 2017-02-18 23:35:13
state : 2
log : 4891 | 2017-2-20: 이미 막힌 객실 선택
YA20151207130233 - 2017-02-18 23:41:28
state : 1
log : 29444 / 2017-2-19
YA20151207130233 - 2017-02-18 23:41:57
state : 1
log : 47250 / 2017-02-25
YA20151207130233 - 2017-02-18 23:56:29
state : 2
log : 5059 | 2017-2-19: 이미 막힌 객실 선택
