YA20161116113212 - 2017-02-15 00:12:35
state : 1
log : 23820 / 2017-02-18
YA20151207130233 - 2017-02-15 00:15:49
state : 1
log : 21818 / 2017-02-20
YA20161116113212 - 2017-02-15 00:19:26
state : 1
log : 23818 / 2017-02-18
YA20151207130233 - 2017-02-15 00:21:01
state : 1
log : 41987 / 2017-02-15
YA20151207130233 - 2017-02-15 00:22:17
state : 1
log : 33982 / 2017-2-25
YA20161116113212 - 2017-02-15 00:28:10
state : 1
log : 21567 / 2017-02-28
YA20161116113212 - 2017-02-15 00:43:47
state : 1
log : 22191 / 2017-02-16
YA20161116113212 - 2017-02-15 00:54:20
state : 1
log : 22659 / 2017-02-18
YA20161116113212 - 2017-02-15 01:03:59
state : 1
log : 5807 / 2017-02-16
YA20161116113212 - 2017-02-15 01:10:53
state : 1
log : 14451 / 2017-02-15
2017-02-15 01:30:53
key : YA20151207130233
state : 1
log : 22714 / 2017-02-18
2017-02-15 01:31:49
key : YA20151207130233
state : 1
log : 22714 / 2017-02-18
YA20151207130233 - 2017-02-15 01:32:53
state : 1
log : 22714 / 2017-02-18
YA20151207130233 - 2017-02-15 01:38:08
state : 1
log : 19896 / 2017-02-16
YA20151207130233 - 2017-02-15 02:25:51
state : 1
log : 21817 / 2017-02-16
YA20151207130233 - 2017-02-15 02:25:53
state : 1
log : 21820 / 2017-02-16
YA20161116113212 - 2017-02-15 04:06:02
state : 1
log : 2600 / 2017-02-26
2017-02-15 06:37:50
key : YA20151207130233
state : 1
log : 29447 / 2017-02-19
YA20151207130233 - 2017-02-15 06:46:07
state : 1
log : 29447 / 2017-02-19
YA20151207130233 - 2017-02-15 08:14:22
state : 2
log : 5526 | 2017-2-17: 이미 막힌 객실 선택
YA20151207130233 - 2017-02-15 08:16:10
state : 2
log : 5527 | 2017-2-23: 이미 막힌 객실 선택
YA20151207130233 - 2017-02-15 08:16:11
state : 2
log : 6125 | 2017-2-23: 이미 막힌 객실 선택
YA20161116113212 - 2017-02-15 08:17:05
state : 1
log : 19737 / 2017-02-18
YA20151207130233 - 2017-02-15 08:27:25
state : 2
log : 5527 | 2017-02-16: 이미 막힌 객실 선택
YA20151207130233 - 2017-02-15 08:28:47
state : 2
log : 5527 | 2017-2-16: 이미 막힌 객실 선택
YA20151207130233 - 2017-02-15 08:31:47
state : 1
log : 43737 / 2017-2-21
YA20151207130233 - 2017-02-15 08:31:49
state : 1
log : 43741 / 2017-2-21
YA20151207130233 - 2017-02-15 08:31:50
state : 1
log : 43766 / 2017-2-21
YA20151207130233 - 2017-02-15 08:31:51
state : 1
log : 43769 / 2017-2-21
YA20151207130233 - 2017-02-15 08:31:53
state : 1
log : 43771 / 2017-2-21
YA20151207130233 - 2017-02-15 08:31:54
state : 1
log : 43772 / 2017-2-21
YA20151207130233 - 2017-02-15 08:31:56
state : 1
log : 43773 / 2017-2-21
2017-02-15 08:32:52
key : YA20151207130233
state : 1
log : 24779 / 2017-2-17
YA20151207130233 - 2017-02-15 08:40:06
state : 1
log : 14866 / 2017-02-26
YA20151207130233 - 2017-02-15 08:53:07
state : 1
log : 20705 / 2017-2-15
YA20151207130233 - 2017-02-15 09:03:38
state : 1
log : 9724 / 2017-3-4
YA20161116113212 - 2017-02-15 09:08:54
state : 1
log : 33466 / 2017-02-18
YA20151207130233 - 2017-02-15 09:23:26
state : 2
log : 5347 | 2017-2-18: 이미 막힌 객실 선택
YA20161116113212 - 2017-02-15 09:31:11
state : 1
log : 17662 / 2017-02-18
YA20151207130233 - 2017-02-15 09:32:40
state : 2
log : 4269 | 2017-3-4: 이미 막힌 객실 선택
YA20151207130233 - 2017-02-15 09:34:55
state : 1
log : 21822 / 2017-2-15
YA20151207130233 - 2017-02-15 09:37:14
state : 1
log : 21815 / 2017-03-10
YA20161116113212 - 2017-02-15 09:39:36
state : 1
log : 48127 / 2017-02-15
YA20151207130233 - 2017-02-15 09:46:01
state : 3
log : 5823 | 2017-03-11: 등록된 객실 없습니다
YA20151207130233 - 2017-02-15 09:52:17
state : 1
log : 23317 / 2017-2-18
2017-02-15 10:14:32
key : YA20151207130233
state : 1
log : 20710 / 2017-2-22
2017-02-15 10:14:34
key : YA20151207130233
state : 1
log : 20711 / 2017-2-22
YA20151207130233 - 2017-02-15 10:16:07
state : 2
log : 5948 | 2017-2-18: 이미 막힌 객실 선택
YA20151207130233 - 2017-02-15 10:17:06
state : 3
log : 6297 | 2017-2-25: 등록된 객실 없습니다
YA20151207130233 - 2017-02-15 10:21:26
state : 1
log : 20713 / 2017-2-19
YA20151207130233 - 2017-02-15 10:22:33
state : 3
log : 6299 | 2017-2-24: 등록된 객실 없습니다
2017-02-15 10:32:17
key : YA20151207130233
state : 1
log : 21745 / 2017-2-16
YA20151207130233 - 2017-02-15 10:43:20
state : 1
log : 43736 / 2017-03-17
YA20151207130233 - 2017-02-15 10:45:51
state : 3
log : 6299 | 2017-2-25: 등록된 객실 없습니다
YA20151207130233 - 2017-02-15 10:46:50
state : 1
log : 26178 / 2017-2-17
YA20151207130233 - 2017-02-15 10:49:11
state : 1
log : 18176 / 2017-2-24
YA20151207130233 - 2017-02-15 10:52:16
state : 1
log : 21835 / 2017-2-18
YA20151207130233 - 2017-02-15 10:53:15
state : 2
log : 1682 | 2017-2-17: 이미 막힌 객실 선택
YA20151207130233 - 2017-02-15 10:55:36
state : 1
log : 47229 / 2017-05-03
YA20151207130233 - 2017-02-15 10:55:37
state : 1
log : 47229 / 2017-05-04
YA20151207130233 - 2017-02-15 10:55:38
state : 1
log : 47229 / 2017-05-05
YA20151207130233 - 2017-02-15 11:03:23
state : 1
log : 47227 / 2017-02-18
YA20151207130233 - 2017-02-15 11:06:34
state : 1
log : 24781 / 2017-2-18
YA20151207130233 - 2017-02-15 11:08:45
state : 1
log : 5596 / 2017-2-25
YA20151207130233 - 2017-02-15 11:08:46
state : 2
log : 3681 | 2017-2-25: 이미 막힌 객실 선택
YA20151207130233 - 2017-02-15 11:09:16
state : 1
log : 24471 / 2017-2-18
YA20151207130233 - 2017-02-15 11:12:33
state : 2
log : 6390 | 2017-3-17: 이미 막힌 객실 선택
2017-02-15 11:13:15
key : YA20151207130233
state : 1
log : 43982 / 2017-2-25
2017-02-15 11:15:23
key : YA20151207130233
state : 1
log : 43771 / 2017-2-18
YA20151207130233 - 2017-02-15 11:18:23
state : 1
log : 20709 / 2017-2-15
YA20161116113212 - 2017-02-15 11:18:29
state : 1
log : 44086 / 2017-02-20
YA20151207130233 - 2017-02-15 11:20:41
state : 1
log : 47862 / 2017-2-18
YA20151207130233 - 2017-02-15 11:22:47
state : 1
log : 21749 / 2017-02-19
YA20151207130233 - 2017-02-15 11:22:49
state : 1
log : 21749 / 2017-02-20
YA20151207130233 - 2017-02-15 11:25:11
state : 2
log : 5775 | 2017-2-19: 이미 막힌 객실 선택
YA20151207130233 - 2017-02-15 11:27:52
state : 2
log : 5523 | 2017-02-16: 이미 막힌 객실 선택
YA20161116113212 - 2017-02-15 11:29:08
state : 1
log : 44626 / 2017-02-20
YA20151207130233 - 2017-02-15 11:29:41
state : 1
log : 20713 / 2017-2-27
YA20161116113212 - 2017-02-15 11:30:03
state : 1
log : 45096 / 2017-02-27
YA20151207130233 - 2017-02-15 11:31:27
state : 1
log : 9727 / 2017-2-26
2017-02-15 11:38:23
key : YA20151207130233
state : 1
log : 21765 / 2017-2-15
2017-02-15 11:38:24
key : YA20151207130233
state : 1
log : 21768 / 2017-2-15
2017-02-15 11:38:25
key : YA20151207130233
state : 1
log : 21774 / 2017-2-15
YA20151207130233 - 2017-02-15 11:42:22
state : 1
log : 29445 / 2017-02-17
YA20161116113212 - 2017-02-15 11:42:27
state : 1
log : 44855 / 2017-02-25
YA20151207130233 - 2017-02-15 11:43:26
state : 3
log : 6064 | 2017-2-18: 등록된 객실 없습니다
YA20151207130233 - 2017-02-15 11:45:40
state : 2
log : 1325 | 2017-2-25: 이미 막힌 객실 선택
YA20161116113212 - 2017-02-15 11:46:57
state : 1
log : 35751 / 2017-02-15
YA20151207130233 - 2017-02-15 11:49:32
state : 2
log : 5523 | 2017-2-16: 이미 막힌 객실 선택
YA20151207130233 - 2017-02-15 11:54:35
state : 1
log : 21581 / 2017-02-25
2017-02-15 12:00:19
key : YA20151207130233
state : 1
log : 26179 / 2017-2-18
YA20161116113212 - 2017-02-15 12:01:55
state : 1
log : 29907 / 2017-02-23
YA20161116113212 - 2017-02-15 12:07:14
state : 1
log : 36479 / 2017-02-15
36479 / 2017-02-16
YA20151207130233 - 2017-02-15 12:11:41
state : 1
log : 17745 / 2017-2-18
YA20161116113212 - 2017-02-15 12:11:44
state : 1
log : 23244 / 2017-02-17
YA20161116113212 - 2017-02-15 12:19:03
state : 1
log : 16448 / 2017-02-18
YA20151207130233 - 2017-02-15 12:20:05
state : 1
log : 2187 / 2017-2-15
YA20151207130233 - 2017-02-15 12:20:06
state : 1
log : 2185 / 2017-2-15
YA20151207130233 - 2017-02-15 12:20:08
state : 1
log : 2187 / 2017-2-16
YA20151207130233 - 2017-02-15 12:20:09
state : 1
log : 2185 / 2017-2-16
YA20151207130233 - 2017-02-15 12:20:10
state : 1
log : 2187 / 2017-2-17
YA20151207130233 - 2017-02-15 12:20:11
state : 1
log : 2185 / 2017-2-17
YA20151207130233 - 2017-02-15 12:20:13
state : 1
log : 2187 / 2017-2-18
YA20151207130233 - 2017-02-15 12:20:14
state : 1
log : 2185 / 2017-2-18
YA20151207130233 - 2017-02-15 12:24:53
state : 1
log : 21745 / 2017-02-16
YA20151207130233 - 2017-02-15 12:25:25
state : 1
log : 21821 / 2017-2-15
YA20151207130233 - 2017-02-15 12:27:56
state : 1
log : 33988 / 2017-2-18
YA20151207130233 - 2017-02-15 12:36:45
state : 1
log : 21752 / 2017-2-20
YA20151207130233 - 2017-02-15 12:39:51
state : 1
log : 23319 / 2017-02-18
YA20151207130233 - 2017-02-15 12:42:39
state : 1
log : 20710 / 2017-2-22
YA20161116113212 - 2017-02-15 12:45:04
state : 1
log : 7259 / 2017-02-18
YA20151207130233 - 2017-02-15 12:45:37
state : 1
log : 24075 / 2017-3-10
YA20151207130233 - 2017-02-15 12:46:54
state : 2
log : 5347 | 2017-2-18: 이미 막힌 객실 선택
YA20151207130233 - 2017-02-15 12:52:33
state : 1
log : 14498 / 2017-02-16
YA20151207130233 - 2017-02-15 12:55:09
state : 1
log : 21818 / 2017-2-27
YA20151207130233 - 2017-02-15 12:55:11
state : 2
log : 4211 | 2017-2-27: 이미 막힌 객실 선택
2017-02-15 12:55:36
key : YA20151207130233
state : 1
log : 3701 / 2017-2-18
YA20151207130233 - 2017-02-15 12:56:26
state : 1
log : 3701 / 2017-02-18
YA20151207130233 - 2017-02-15 12:57:44
state : 2
log : 5248 | 2017-2-18: 이미 막힌 객실 선택
2017-02-15 12:58:20
key : YA20151207130233
state : 1
log : 21835 / 2017-2-18
YA20151207130233 - 2017-02-15 13:01:55
state : 2
log : 4271 | 2017-02-17: 이미 막힌 객실 선택
YA20151207130233 - 2017-02-15 13:02:44
state : 1
log : 20710 / 2017-2-18
YA20151207130233 - 2017-02-15 13:04:58
state : 1
log : 35134 / 2017-03-01
YA20151207130233 - 2017-02-15 13:05:50
state : 1
log : 21819 / 2017-02-20
YA20151207130233 - 2017-02-15 13:11:08
state : 1
log : 20705 / 2017-2-18
YA20151207130233 - 2017-02-15 13:16:04
state : 1
log : 23340 / 2017-2-15
YA20151207130233 - 2017-02-15 13:16:05
state : 2
log : 4137 | 2017-2-15: 이미 막힌 객실 선택
YA20151207130233 - 2017-02-15 13:16:06
state : 1
log : 23481 / 2017-2-15
YA20151207130233 - 2017-02-15 13:16:07
state : 1
log : 23482 / 2017-2-15
YA20151207130233 - 2017-02-15 13:16:10
state : 1
log : 23483 / 2017-2-15
YA20151207130233 - 2017-02-15 13:16:11
state : 2
log : 4136 | 2017-2-15: 이미 막힌 객실 선택
YA20151207130233 - 2017-02-15 13:16:12
state : 1
log : 23521 / 2017-2-15
YA20151207130233 - 2017-02-15 13:16:14
state : 3
log : 5332 | 2017-2-15: 등록된 객실 없습니다
YA20161116113212 - 2017-02-15 13:16:29
state : 1
log : 34864 / 2017-02-24
YA20151207130233 - 2017-02-15 13:24:03
state : 1
log : 26170 / 2017-2-18
YA20161116113212 - 2017-02-15 13:28:17
state : 1
log : 45001 / 2017-02-23
YA20161116113212 - 2017-02-15 13:29:37
state : 1
log : 23870 / 2017-02-15
YA20151207130233 - 2017-02-15 13:31:20
state : 1
log : 25048 / 2017-02-17
YA20151207130233 - 2017-02-15 13:33:15
state : 1
log : 6401 / 2017-03-18
YA20151207130233 - 2017-02-15 13:34:22
state : 2
log : 5239 | 2017-3-18: 이미 막힌 객실 선택
YA20151207130233 - 2017-02-15 13:36:42
state : 2
log : 5435 | 2017-2-17: 이미 막힌 객실 선택
YA20151207130233 - 2017-02-15 13:37:04
state : 1
log : 47722 / 2017-02-16
YA20151207130233 - 2017-02-15 13:38:21
state : 2
log : 6546 | 2017-02-16: 이미 막힌 객실 선택
YA20161116113212 - 2017-02-15 13:39:31
state : 1
log : 36599 / 2017-02-22
YA20151207130233 - 2017-02-15 13:46:07
state : 3
log : 6299 | 2017-2-18: 등록된 객실 없습니다
YA20151207130233 - 2017-02-15 13:49:51
state : 1
log : 25045 / 2017-2-17
YA20161116113212 - 2017-02-15 13:54:38
state : 1
log : 24838 / 2017-02-15
2017-02-15 13:55:53
key : YA20151207130233
state : 1
log : 25045 / 2017-2-17
YA20151207130233 - 2017-02-15 13:56:13
state : 1
log : 46327 / 2017-2-27
YA20151207130233 - 2017-02-15 13:57:33
state : 2
log : 5778 | 2017-2-21: 이미 막힌 객실 선택
YA20151207130233 - 2017-02-15 14:01:21
state : 1
log : 47724 / 2017-05-05
YA20151207130233 - 2017-02-15 14:01:28
state : 1
log : 25045 / 2017-2-17
2017-02-15 14:02:12
key : YA20151207130233
state : 1
log : 26180 / 2017-02-18
YA20151207130233 - 2017-02-15 14:05:01
state : 1
log : 26180 / 2017-2-18
YA20151207130233 - 2017-02-15 14:11:17
state : 2
log : 1325 | 2017-2-18: 이미 막힌 객실 선택
YA20161116113212 - 2017-02-15 14:11:21
state : 1
log : 2613 / 2017-02-22
YA20151207130233 - 2017-02-15 14:13:03
state : 2
log : 4255 | 2017-2-16: 이미 막힌 객실 선택
2017-02-15 14:18:07
key : YA20151207130233
state : 1
log : 21788 / 2017-2-15
YA20151207130233 - 2017-02-15 14:18:59
state : 2
log : 4385 | 2017-2-19: 이미 막힌 객실 선택
YA20151207130233 - 2017-02-15 14:19:01
state : 2
log : 4384 | 2017-2-19: 이미 막힌 객실 선택
YA20151207130233 - 2017-02-15 14:19:01
state : 1
log : 24761 / 2017-02-16
YA20151207130233 - 2017-02-15 14:19:02
state : 2
log : 4383 | 2017-2-19: 이미 막힌 객실 선택
YA20151207130233 - 2017-02-15 14:19:04
state : 2
log : 4382 | 2017-2-19: 이미 막힌 객실 선택
YA20151207130233 - 2017-02-15 14:19:05
state : 2
log : 4381 | 2017-2-19: 이미 막힌 객실 선택
YA20151207130233 - 2017-02-15 14:19:06
state : 2
log : 4380 | 2017-2-19: 이미 막힌 객실 선택
YA20151207130233 - 2017-02-15 14:19:08
state : 2
log : 4379 | 2017-2-19: 이미 막힌 객실 선택
2017-02-15 14:19:23
key : YA20151207130233
state : 1
log : 21784 / 2017-2-19
2017-02-15 14:19:25
key : YA20151207130233
state : 1
log : 21785 / 2017-2-19
2017-02-15 14:19:26
key : YA20151207130233
state : 1
log : 21786 / 2017-2-19
2017-02-15 14:19:27
key : YA20151207130233
state : 1
log : 21787 / 2017-2-19
2017-02-15 14:19:28
key : YA20151207130233
state : 1
log : 21788 / 2017-2-19
2017-02-15 14:19:30
key : YA20151207130233
state : 1
log : 21789 / 2017-2-19
2017-02-15 14:19:31
key : YA20151207130233
state : 1
log : 21790 / 2017-2-19
YA20151207130233 - 2017-02-15 14:19:52
state : 1
log : 21784 / 2017-2-20
YA20151207130233 - 2017-02-15 14:19:53
state : 1
log : 21785 / 2017-2-20
YA20151207130233 - 2017-02-15 14:19:55
state : 1
log : 21786 / 2017-2-20
YA20151207130233 - 2017-02-15 14:19:56
state : 1
log : 21787 / 2017-2-20
YA20151207130233 - 2017-02-15 14:19:57
state : 1
log : 21788 / 2017-2-20
YA20151207130233 - 2017-02-15 14:19:58
state : 1
log : 21789 / 2017-2-20
YA20151207130233 - 2017-02-15 14:20:00
state : 1
log : 21790 / 2017-2-20
YA20151207130233 - 2017-02-15 14:24:09
state : 1
log : 9727 / 2017-2-15
YA20161116113212 - 2017-02-15 14:25:29
state : 1
log : 2725 / 2017-02-18
2017-02-15 14:27:55
key : YA20151207130233
state : 1
log : 47724 / 2017-5-5
YA20151207130233 - 2017-02-15 14:39:16
state : 1
log : 47724 / 2017-05-05
YA20151207130233 - 2017-02-15 14:39:17
state : 1
log : 47724 / 2017-05-06
YA20151207130233 - 2017-02-15 14:41:46
state : 1
log : 23480 / 2017-02-16
YA20151207130233 - 2017-02-15 14:47:32
state : 1
log : 29443 / 2017-02-15
YA20161116113212 - 2017-02-15 14:55:12
state : 1
log : 44086 / 2017-02-20
YA20151207130233 - 2017-02-15 14:58:23
state : 1
log : 47201 / 2017-02-23
YA20151207130233 - 2017-02-15 15:10:34
state : 1
log : 48324 / 2017-02-28
YA20151207130233 - 2017-02-15 15:10:40
state : 2
log : 5525 | 2017-2-25: 이미 막힌 객실 선택
2017-02-15 15:11:41
key : YA20151207130233
state : 1
log : 26170 / 2017-2-17
YA20151207130233 - 2017-02-15 15:21:45
state : 2
log : 4209 | 2017-2-15: 이미 막힌 객실 선택
YA20151207130233 - 2017-02-15 15:21:47
state : 2
log : 4210 | 2017-2-15: 이미 막힌 객실 선택
YA20151207130233 - 2017-02-15 15:32:27
state : 1
log : 35132 / 2017-02-19
YA20151207130233 - 2017-02-15 15:36:31
state : 1
log : 43736 / 2017-03-02
YA20151207130233 - 2017-02-15 15:40:02
state : 1
log : 10539 / 2017-2-25
YA20151207130233 - 2017-02-15 15:40:03
state : 2
log : 5939 | 2017-2-25: 이미 막힌 객실 선택
YA20151207130233 - 2017-02-15 15:41:45
state : 2
log : 4601 | 2017-2-18: 이미 막힌 객실 선택
YA20161116113212 - 2017-02-15 15:50:35
state : 1
log : 17305 / 2017-02-18
YA20151207130233 - 2017-02-15 15:55:33
state : 2
log : 593 | 2017-2-17: 이미 막힌 객실 선택
YA20151207130233 - 2017-02-15 15:55:34
state : 2
log : 592 | 2017-2-17: 이미 막힌 객실 선택
YA20151207130233 - 2017-02-15 15:55:35
state : 2
log : 593 | 2017-2-18: 이미 막힌 객실 선택
YA20151207130233 - 2017-02-15 15:55:36
state : 2
log : 592 | 2017-2-18: 이미 막힌 객실 선택
2017-02-15 15:55:49
key : YA20151207130233
state : 1
log : 2187 / 2017-2-17
2017-02-15 15:55:50
key : YA20151207130233
state : 1
log : 2185 / 2017-2-17
2017-02-15 15:55:51
key : YA20151207130233
state : 1
log : 2187 / 2017-2-18
2017-02-15 15:55:52
key : YA20151207130233
state : 1
log : 2185 / 2017-2-18
YA20151207130233 - 2017-02-15 15:56:59
state : 2
log : 5374 | 2017-2-18: 이미 막힌 객실 선택
YA20151207130233 - 2017-02-15 15:57:30
state : 1
log : 21749 / 2017-02-18
YA20151207130233 - 2017-02-15 15:57:33
state : 2
log : 5267 | 2017-2-25: 이미 막힌 객실 선택
YA20151207130233 - 2017-02-15 15:57:56
state : 2
log : 5775 | 2017-2-18: 이미 막힌 객실 선택
YA20151207130233 - 2017-02-15 15:58:59
state : 1
log : 24779 / 2017-2-17
YA20151207130233 - 2017-02-15 16:10:09
state : 1
log : 18092 / 2017-3-11
YA20151207130233 - 2017-02-15 16:10:48
state : 1
log : 21818 / 2017-02-23
YA20151207130233 - 2017-02-15 16:17:03
state : 1
log : 33986 / 2017-02-18
YA20151207130233 - 2017-02-15 16:19:44
state : 1
log : 29444 / 2017-03-04
YA20151207130233 - 2017-02-15 16:27:55
state : 1
log : 20715 / 2017-2-19
YA20151207130233 - 2017-02-15 16:27:57
state : 2
log : 5603 | 2017-2-19: 이미 막힌 객실 선택
YA20161116113212 - 2017-02-15 16:28:09
state : 1
log : 45831 / 2017-02-25
YA20151207130233 - 2017-02-15 16:39:29
state : 3
log : 5823 | 2017-3-18: 등록된 객실 없습니다
YA20151207130233 - 2017-02-15 16:45:06
state : 1
log : 21813 / 2017-02-21
YA20151207130233 - 2017-02-15 16:49:45
state : 1
log : 23582 / 2017-2-15
YA20151207130233 - 2017-02-15 16:51:59
state : 1
log : 21821 / 2017-2-25
YA20151207130233 - 2017-02-15 16:52:38
state : 3
log : 6304 | 2017-2-23: 등록된 객실 없습니다
YA20151207130233 - 2017-02-15 16:54:43
state : 1
log : 3699 / 2017-02-21
YA20151207130233 - 2017-02-15 16:56:27
state : 3
log : 6301 | 2017-2-18: 등록된 객실 없습니다
YA20151207130233 - 2017-02-15 16:59:00
state : 2
log : 4269 | 2017-02-25: 이미 막힌 객실 선택
YA20161116113212 - 2017-02-15 17:03:06
state : 1
log : 15805 / 2017-02-15
YA20151207130233 - 2017-02-15 17:09:43
state : 2
log : 4597 | 2017-2-17: 이미 막힌 객실 선택
YA20151207130233 - 2017-02-15 17:11:06
state : 1
log : 26185 / 2017-02-18
YA20151207130233 - 2017-02-15 17:20:04
state : 1
log : 48322 / 2017-2-15
YA20151207130233 - 2017-02-15 17:23:39
state : 2
log : 5607 | 2017-2-23: 이미 막힌 객실 선택
YA20161116113212 - 2017-02-15 17:31:27
state : 1
log : 26453 / 2017-02-15
YA20161116113212 - 2017-02-15 17:32:09
state : 1
log : 44086 / 2017-02-20
YA20151207130233 - 2017-02-15 17:33:23
state : 1
log : 48318 / 2017-3-1
YA20151207130233 - 2017-02-15 17:33:24
state : 1
log : 48323 / 2017-3-1
YA20151207130233 - 2017-02-15 17:33:26
state : 1
log : 48318 / 2017-3-2
YA20151207130233 - 2017-02-15 17:33:28
state : 1
log : 48323 / 2017-3-2
YA20151207130233 - 2017-02-15 17:33:30
state : 1
log : 48318 / 2017-3-3
YA20151207130233 - 2017-02-15 17:33:32
state : 1
log : 48323 / 2017-3-3
YA20151207130233 - 2017-02-15 17:33:35
state : 1
log : 48318 / 2017-3-4
YA20151207130233 - 2017-02-15 17:33:36
state : 1
log : 48323 / 2017-3-4
YA20151207130233 - 2017-02-15 17:33:37
state : 1
log : 48318 / 2017-3-5
YA20151207130233 - 2017-02-15 17:33:38
state : 1
log : 48323 / 2017-3-5
YA20151207130233 - 2017-02-15 17:33:40
state : 1
log : 48318 / 2017-3-6
YA20151207130233 - 2017-02-15 17:33:41
state : 1
log : 48323 / 2017-3-6
YA20151207130233 - 2017-02-15 17:33:42
state : 1
log : 48318 / 2017-3-7
YA20151207130233 - 2017-02-15 17:33:44
state : 1
log : 48323 / 2017-3-7
YA20151207130233 - 2017-02-15 17:33:45
state : 1
log : 48318 / 2017-3-8
YA20151207130233 - 2017-02-15 17:33:48
state : 1
log : 48323 / 2017-3-8
YA20151207130233 - 2017-02-15 17:33:49
state : 1
log : 48318 / 2017-3-9
YA20151207130233 - 2017-02-15 17:33:50
state : 1
log : 48323 / 2017-3-9
YA20151207130233 - 2017-02-15 17:33:52
state : 1
log : 48323 / 2017-3-10
YA20151207130233 - 2017-02-15 17:33:53
state : 1
log : 48323 / 2017-3-11
YA20151207130233 - 2017-02-15 17:33:54
state : 1
log : 48318 / 2017-3-12
YA20151207130233 - 2017-02-15 17:33:56
state : 1
log : 48323 / 2017-3-12
YA20151207130233 - 2017-02-15 17:33:58
state : 1
log : 48318 / 2017-3-13
YA20151207130233 - 2017-02-15 17:34:00
state : 1
log : 48323 / 2017-3-13
YA20151207130233 - 2017-02-15 17:34:01
state : 1
log : 48318 / 2017-3-14
YA20151207130233 - 2017-02-15 17:34:02
state : 1
log : 48323 / 2017-3-14
YA20151207130233 - 2017-02-15 17:34:04
state : 1
log : 48318 / 2017-3-15
YA20151207130233 - 2017-02-15 17:34:05
state : 1
log : 48323 / 2017-3-15
YA20151207130233 - 2017-02-15 17:34:06
state : 1
log : 48318 / 2017-3-16
YA20151207130233 - 2017-02-15 17:34:07
state : 1
log : 48323 / 2017-3-16
YA20151207130233 - 2017-02-15 17:34:09
state : 1
log : 48318 / 2017-3-17
YA20151207130233 - 2017-02-15 17:34:11
state : 1
log : 48323 / 2017-3-17
YA20151207130233 - 2017-02-15 17:34:12
state : 1
log : 48318 / 2017-3-18
YA20151207130233 - 2017-02-15 17:34:14
state : 1
log : 48323 / 2017-3-18
YA20151207130233 - 2017-02-15 17:34:15
state : 1
log : 48318 / 2017-3-19
YA20151207130233 - 2017-02-15 17:34:16
state : 1
log : 48323 / 2017-3-19
YA20151207130233 - 2017-02-15 17:34:17
state : 1
log : 48318 / 2017-3-20
YA20151207130233 - 2017-02-15 17:34:19
state : 1
log : 48323 / 2017-3-20
YA20151207130233 - 2017-02-15 17:34:20
state : 1
log : 48318 / 2017-3-21
YA20151207130233 - 2017-02-15 17:34:22
state : 1
log : 48323 / 2017-3-21
YA20151207130233 - 2017-02-15 17:34:24
state : 1
log : 48318 / 2017-3-22
YA20151207130233 - 2017-02-15 17:34:26
state : 1
log : 48323 / 2017-3-22
YA20151207130233 - 2017-02-15 17:34:27
state : 1
log : 48318 / 2017-3-23
YA20151207130233 - 2017-02-15 17:34:28
state : 1
log : 48323 / 2017-3-23
YA20151207130233 - 2017-02-15 17:34:29
state : 1
log : 48318 / 2017-3-24
YA20151207130233 - 2017-02-15 17:34:31
state : 1
log : 48323 / 2017-3-24
YA20151207130233 - 2017-02-15 17:34:32
state : 1
log : 48318 / 2017-3-25
YA20151207130233 - 2017-02-15 17:34:33
state : 1
log : 48323 / 2017-3-25
YA20151207130233 - 2017-02-15 17:34:34
state : 1
log : 48318 / 2017-3-26
YA20151207130233 - 2017-02-15 17:34:36
state : 1
log : 48323 / 2017-3-26
YA20151207130233 - 2017-02-15 17:34:39
state : 1
log : 48318 / 2017-3-27
YA20151207130233 - 2017-02-15 17:34:40
state : 1
log : 48323 / 2017-3-27
YA20151207130233 - 2017-02-15 17:34:41
state : 1
log : 48318 / 2017-3-28
YA20151207130233 - 2017-02-15 17:34:43
state : 1
log : 48323 / 2017-3-28
YA20151207130233 - 2017-02-15 17:34:44
state : 1
log : 48318 / 2017-3-29
YA20151207130233 - 2017-02-15 17:34:45
state : 1
log : 48323 / 2017-3-29
YA20151207130233 - 2017-02-15 17:34:46
state : 1
log : 48318 / 2017-3-30
YA20151207130233 - 2017-02-15 17:34:48
state : 1
log : 48323 / 2017-3-30
YA20151207130233 - 2017-02-15 17:34:50
state : 1
log : 48318 / 2017-3-31
YA20151207130233 - 2017-02-15 17:34:51
state : 1
log : 48323 / 2017-3-31
YA20151207130233 - 2017-02-15 17:34:53
state : 2
log : 6584 | 2017-3-1: 이미 막힌 객실 선택
YA20151207130233 - 2017-02-15 17:34:54
state : 2
log : 6579 | 2017-3-1: 이미 막힌 객실 선택
YA20151207130233 - 2017-02-15 17:34:55
state : 2
log : 6584 | 2017-3-2: 이미 막힌 객실 선택
YA20151207130233 - 2017-02-15 17:34:56
state : 2
log : 6579 | 2017-3-2: 이미 막힌 객실 선택
YA20151207130233 - 2017-02-15 17:35:00
state : 2
log : 6584 | 2017-3-3: 이미 막힌 객실 선택
YA20151207130233 - 2017-02-15 17:35:01
state : 1
log : 17752 / 2017-02-24
YA20151207130233 - 2017-02-15 17:35:02
state : 2
log : 6579 | 2017-3-3: 이미 막힌 객실 선택
YA20151207130233 - 2017-02-15 17:35:03
state : 2
log : 6584 | 2017-3-4: 이미 막힌 객실 선택
YA20151207130233 - 2017-02-15 17:35:04
state : 2
log : 6579 | 2017-3-4: 이미 막힌 객실 선택
YA20151207130233 - 2017-02-15 17:35:05
state : 2
log : 6584 | 2017-3-5: 이미 막힌 객실 선택
YA20151207130233 - 2017-02-15 17:35:07
state : 2
log : 6579 | 2017-3-5: 이미 막힌 객실 선택
YA20151207130233 - 2017-02-15 17:35:09
state : 2
log : 6584 | 2017-3-6: 이미 막힌 객실 선택
YA20151207130233 - 2017-02-15 17:35:10
state : 2
log : 6579 | 2017-3-6: 이미 막힌 객실 선택
YA20151207130233 - 2017-02-15 17:35:11
state : 2
log : 6584 | 2017-3-7: 이미 막힌 객실 선택
YA20151207130233 - 2017-02-15 17:35:12
state : 2
log : 6579 | 2017-3-7: 이미 막힌 객실 선택
YA20151207130233 - 2017-02-15 17:35:13
state : 2
log : 6584 | 2017-3-8: 이미 막힌 객실 선택
YA20151207130233 - 2017-02-15 17:35:14
state : 2
log : 6579 | 2017-3-8: 이미 막힌 객실 선택
YA20151207130233 - 2017-02-15 17:35:15
state : 2
log : 6584 | 2017-3-9: 이미 막힌 객실 선택
YA20151207130233 - 2017-02-15 17:35:16
state : 2
log : 6579 | 2017-3-9: 이미 막힌 객실 선택
YA20151207130233 - 2017-02-15 17:35:17
state : 2
log : 6579 | 2017-3-10: 이미 막힌 객실 선택
YA20151207130233 - 2017-02-15 17:35:18
state : 2
log : 6579 | 2017-3-11: 이미 막힌 객실 선택
YA20151207130233 - 2017-02-15 17:35:19
state : 2
log : 6584 | 2017-3-12: 이미 막힌 객실 선택
YA20151207130233 - 2017-02-15 17:35:20
state : 2
log : 6579 | 2017-3-12: 이미 막힌 객실 선택
YA20151207130233 - 2017-02-15 17:35:21
state : 2
log : 6584 | 2017-3-13: 이미 막힌 객실 선택
YA20151207130233 - 2017-02-15 17:35:23
state : 2
log : 6579 | 2017-3-13: 이미 막힌 객실 선택
YA20151207130233 - 2017-02-15 17:35:24
state : 2
log : 6584 | 2017-3-14: 이미 막힌 객실 선택
YA20151207130233 - 2017-02-15 17:35:25
state : 2
log : 6579 | 2017-3-14: 이미 막힌 객실 선택
YA20151207130233 - 2017-02-15 17:35:26
state : 2
log : 6584 | 2017-3-15: 이미 막힌 객실 선택
YA20151207130233 - 2017-02-15 17:35:27
state : 2
log : 6579 | 2017-3-15: 이미 막힌 객실 선택
YA20151207130233 - 2017-02-15 17:35:30
state : 2
log : 6584 | 2017-3-16: 이미 막힌 객실 선택
YA20151207130233 - 2017-02-15 17:35:30
state : 2
log : 2958 | 2017-02-24: 이미 막힌 객실 선택
YA20151207130233 - 2017-02-15 17:35:31
state : 2
log : 6579 | 2017-3-16: 이미 막힌 객실 선택
YA20151207130233 - 2017-02-15 17:35:32
state : 2
log : 6584 | 2017-3-17: 이미 막힌 객실 선택
YA20151207130233 - 2017-02-15 17:35:33
state : 2
log : 6579 | 2017-3-17: 이미 막힌 객실 선택
YA20151207130233 - 2017-02-15 17:35:35
state : 2
log : 6584 | 2017-3-18: 이미 막힌 객실 선택
YA20151207130233 - 2017-02-15 17:35:37
state : 2
log : 6579 | 2017-3-18: 이미 막힌 객실 선택
YA20151207130233 - 2017-02-15 17:35:39
state : 2
log : 6584 | 2017-3-19: 이미 막힌 객실 선택
YA20151207130233 - 2017-02-15 17:35:40
state : 2
log : 6579 | 2017-3-19: 이미 막힌 객실 선택
YA20151207130233 - 2017-02-15 17:35:41
state : 2
log : 6584 | 2017-3-20: 이미 막힌 객실 선택
YA20151207130233 - 2017-02-15 17:35:43
state : 2
log : 6579 | 2017-3-20: 이미 막힌 객실 선택
YA20151207130233 - 2017-02-15 17:35:45
state : 2
log : 6584 | 2017-3-21: 이미 막힌 객실 선택
YA20151207130233 - 2017-02-15 17:35:46
state : 2
log : 6579 | 2017-3-21: 이미 막힌 객실 선택
YA20151207130233 - 2017-02-15 17:35:47
state : 2
log : 6584 | 2017-3-22: 이미 막힌 객실 선택
YA20151207130233 - 2017-02-15 17:35:48
state : 2
log : 6579 | 2017-3-22: 이미 막힌 객실 선택
YA20151207130233 - 2017-02-15 17:35:49
state : 2
log : 6584 | 2017-3-23: 이미 막힌 객실 선택
YA20151207130233 - 2017-02-15 17:35:50
state : 2
log : 6579 | 2017-3-23: 이미 막힌 객실 선택
YA20151207130233 - 2017-02-15 17:35:51
state : 2
log : 6584 | 2017-3-24: 이미 막힌 객실 선택
YA20151207130233 - 2017-02-15 17:35:52
state : 2
log : 6579 | 2017-3-24: 이미 막힌 객실 선택
YA20151207130233 - 2017-02-15 17:35:54
state : 2
log : 6584 | 2017-3-25: 이미 막힌 객실 선택
YA20151207130233 - 2017-02-15 17:35:55
state : 2
log : 6579 | 2017-3-25: 이미 막힌 객실 선택
YA20151207130233 - 2017-02-15 17:35:56
state : 2
log : 6584 | 2017-3-26: 이미 막힌 객실 선택
YA20151207130233 - 2017-02-15 17:35:57
state : 2
log : 6579 | 2017-3-26: 이미 막힌 객실 선택
YA20151207130233 - 2017-02-15 17:35:58
state : 2
log : 6584 | 2017-3-27: 이미 막힌 객실 선택
YA20151207130233 - 2017-02-15 17:35:59
state : 2
log : 6579 | 2017-3-27: 이미 막힌 객실 선택
YA20151207130233 - 2017-02-15 17:36:00
state : 2
log : 6584 | 2017-3-28: 이미 막힌 객실 선택
YA20151207130233 - 2017-02-15 17:36:01
state : 2
log : 6579 | 2017-3-28: 이미 막힌 객실 선택
YA20151207130233 - 2017-02-15 17:36:02
state : 2
log : 6584 | 2017-3-29: 이미 막힌 객실 선택
YA20151207130233 - 2017-02-15 17:36:03
state : 2
log : 6579 | 2017-3-29: 이미 막힌 객실 선택
YA20151207130233 - 2017-02-15 17:36:05
state : 2
log : 6584 | 2017-3-30: 이미 막힌 객실 선택
YA20151207130233 - 2017-02-15 17:36:06
state : 2
log : 6579 | 2017-3-30: 이미 막힌 객실 선택
YA20151207130233 - 2017-02-15 17:36:08
state : 2
log : 6584 | 2017-3-31: 이미 막힌 객실 선택
YA20151207130233 - 2017-02-15 17:36:09
state : 2
log : 6579 | 2017-3-31: 이미 막힌 객실 선택
YA20151207130233 - 2017-02-15 17:36:10
state : 2
log : 6584 | 2017-3-1: 이미 막힌 객실 선택
YA20151207130233 - 2017-02-15 17:36:11
state : 2
log : 6579 | 2017-3-1: 이미 막힌 객실 선택
YA20151207130233 - 2017-02-15 17:36:12
state : 2
log : 6584 | 2017-3-2: 이미 막힌 객실 선택
YA20151207130233 - 2017-02-15 17:36:14
state : 2
log : 6579 | 2017-3-2: 이미 막힌 객실 선택
YA20151207130233 - 2017-02-15 17:36:15
state : 2
log : 6584 | 2017-3-3: 이미 막힌 객실 선택
YA20151207130233 - 2017-02-15 17:36:16
state : 2
log : 6579 | 2017-3-3: 이미 막힌 객실 선택
YA20151207130233 - 2017-02-15 17:36:17
state : 2
log : 6584 | 2017-3-4: 이미 막힌 객실 선택
YA20151207130233 - 2017-02-15 17:36:19
state : 2
log : 6579 | 2017-3-4: 이미 막힌 객실 선택
YA20151207130233 - 2017-02-15 17:36:20
state : 2
log : 6584 | 2017-3-5: 이미 막힌 객실 선택
YA20161116113212 - 2017-02-15 17:36:21
state : 1
log : 44086 / 2017-02-20
YA20151207130233 - 2017-02-15 17:36:22
state : 2
log : 6579 | 2017-3-5: 이미 막힌 객실 선택
YA20151207130233 - 2017-02-15 17:36:23
state : 2
log : 6584 | 2017-3-6: 이미 막힌 객실 선택
YA20151207130233 - 2017-02-15 17:36:24
state : 2
log : 6579 | 2017-3-6: 이미 막힌 객실 선택
YA20151207130233 - 2017-02-15 17:36:26
state : 2
log : 6584 | 2017-3-7: 이미 막힌 객실 선택
YA20151207130233 - 2017-02-15 17:36:28
state : 2
log : 6579 | 2017-3-7: 이미 막힌 객실 선택
YA20151207130233 - 2017-02-15 17:36:29
state : 2
log : 6584 | 2017-3-8: 이미 막힌 객실 선택
YA20151207130233 - 2017-02-15 17:36:30
state : 2
log : 6579 | 2017-3-8: 이미 막힌 객실 선택
YA20151207130233 - 2017-02-15 17:36:31
state : 2
log : 6584 | 2017-3-9: 이미 막힌 객실 선택
YA20151207130233 - 2017-02-15 17:36:32
state : 2
log : 6579 | 2017-3-9: 이미 막힌 객실 선택
YA20151207130233 - 2017-02-15 17:36:33
state : 2
log : 6579 | 2017-3-10: 이미 막힌 객실 선택
YA20151207130233 - 2017-02-15 17:36:34
state : 2
log : 6579 | 2017-3-11: 이미 막힌 객실 선택
YA20151207130233 - 2017-02-15 17:36:37
state : 2
log : 6584 | 2017-3-12: 이미 막힌 객실 선택
YA20151207130233 - 2017-02-15 17:36:39
state : 2
log : 6579 | 2017-3-12: 이미 막힌 객실 선택
YA20151207130233 - 2017-02-15 17:36:40
state : 2
log : 6584 | 2017-3-13: 이미 막힌 객실 선택
YA20151207130233 - 2017-02-15 17:36:42
state : 2
log : 6579 | 2017-3-13: 이미 막힌 객실 선택
YA20151207130233 - 2017-02-15 17:36:43
state : 2
log : 6584 | 2017-3-14: 이미 막힌 객실 선택
YA20151207130233 - 2017-02-15 17:36:44
state : 2
log : 6579 | 2017-3-14: 이미 막힌 객실 선택
YA20151207130233 - 2017-02-15 17:36:45
state : 2
log : 6584 | 2017-3-15: 이미 막힌 객실 선택
YA20151207130233 - 2017-02-15 17:36:46
state : 2
log : 6579 | 2017-3-15: 이미 막힌 객실 선택
YA20151207130233 - 2017-02-15 17:36:47
state : 2
log : 6584 | 2017-3-16: 이미 막힌 객실 선택
YA20151207130233 - 2017-02-15 17:36:48
state : 2
log : 6579 | 2017-3-16: 이미 막힌 객실 선택
YA20151207130233 - 2017-02-15 17:36:49
state : 2
log : 6584 | 2017-3-17: 이미 막힌 객실 선택
YA20151207130233 - 2017-02-15 17:36:50
state : 2
log : 6579 | 2017-3-17: 이미 막힌 객실 선택
YA20151207130233 - 2017-02-15 17:36:52
state : 2
log : 6584 | 2017-3-18: 이미 막힌 객실 선택
YA20151207130233 - 2017-02-15 17:36:53
state : 2
log : 6579 | 2017-3-18: 이미 막힌 객실 선택
YA20151207130233 - 2017-02-15 17:36:54
state : 2
log : 6584 | 2017-3-19: 이미 막힌 객실 선택
YA20151207130233 - 2017-02-15 17:36:56
state : 2
log : 6579 | 2017-3-19: 이미 막힌 객실 선택
YA20151207130233 - 2017-02-15 17:36:57
state : 2
log : 6584 | 2017-3-20: 이미 막힌 객실 선택
YA20151207130233 - 2017-02-15 17:36:58
state : 2
log : 6579 | 2017-3-20: 이미 막힌 객실 선택
YA20151207130233 - 2017-02-15 17:36:59
state : 2
log : 6584 | 2017-3-21: 이미 막힌 객실 선택
YA20151207130233 - 2017-02-15 17:37:00
state : 2
log : 6579 | 2017-3-21: 이미 막힌 객실 선택
YA20151207130233 - 2017-02-15 17:37:01
state : 2
log : 6584 | 2017-3-22: 이미 막힌 객실 선택
YA20151207130233 - 2017-02-15 17:37:03
state : 2
log : 6579 | 2017-3-22: 이미 막힌 객실 선택
YA20151207130233 - 2017-02-15 17:37:04
state : 2
log : 6584 | 2017-3-23: 이미 막힌 객실 선택
YA20151207130233 - 2017-02-15 17:37:05
state : 2
log : 6579 | 2017-3-23: 이미 막힌 객실 선택
YA20151207130233 - 2017-02-15 17:37:07
state : 2
log : 6584 | 2017-3-24: 이미 막힌 객실 선택
YA20151207130233 - 2017-02-15 17:37:08
state : 2
log : 6579 | 2017-3-24: 이미 막힌 객실 선택
YA20151207130233 - 2017-02-15 17:37:09
state : 2
log : 6584 | 2017-3-25: 이미 막힌 객실 선택
YA20151207130233 - 2017-02-15 17:37:11
state : 2
log : 6579 | 2017-3-25: 이미 막힌 객실 선택
YA20151207130233 - 2017-02-15 17:37:12
state : 2
log : 6584 | 2017-3-26: 이미 막힌 객실 선택
YA20151207130233 - 2017-02-15 17:37:13
state : 2
log : 6579 | 2017-3-26: 이미 막힌 객실 선택
YA20151207130233 - 2017-02-15 17:37:14
state : 2
log : 6584 | 2017-3-27: 이미 막힌 객실 선택
YA20151207130233 - 2017-02-15 17:37:15
state : 2
log : 6579 | 2017-3-27: 이미 막힌 객실 선택
YA20151207130233 - 2017-02-15 17:37:16
state : 2
log : 6584 | 2017-3-28: 이미 막힌 객실 선택
YA20151207130233 - 2017-02-15 17:37:17
state : 2
log : 6579 | 2017-3-28: 이미 막힌 객실 선택
YA20151207130233 - 2017-02-15 17:37:18
state : 2
log : 6584 | 2017-3-29: 이미 막힌 객실 선택
YA20151207130233 - 2017-02-15 17:37:19
state : 2
log : 6579 | 2017-3-29: 이미 막힌 객실 선택
YA20151207130233 - 2017-02-15 17:37:21
state : 2
log : 6584 | 2017-3-30: 이미 막힌 객실 선택
YA20151207130233 - 2017-02-15 17:37:22
state : 2
log : 6579 | 2017-3-30: 이미 막힌 객실 선택
YA20151207130233 - 2017-02-15 17:37:23
state : 2
log : 6584 | 2017-3-31: 이미 막힌 객실 선택
YA20151207130233 - 2017-02-15 17:37:24
state : 2
log : 6579 | 2017-3-31: 이미 막힌 객실 선택
YA20151207130233 - 2017-02-15 17:37:25
state : 2
log : 6584 | 2017-3-1: 이미 막힌 객실 선택
YA20151207130233 - 2017-02-15 17:37:26
state : 2
log : 6579 | 2017-3-1: 이미 막힌 객실 선택
YA20151207130233 - 2017-02-15 17:37:27
state : 2
log : 6584 | 2017-3-2: 이미 막힌 객실 선택
YA20151207130233 - 2017-02-15 17:37:28
state : 2
log : 6579 | 2017-3-2: 이미 막힌 객실 선택
YA20151207130233 - 2017-02-15 17:37:30
state : 2
log : 6584 | 2017-3-3: 이미 막힌 객실 선택
YA20151207130233 - 2017-02-15 17:37:31
state : 2
log : 6579 | 2017-3-3: 이미 막힌 객실 선택
YA20151207130233 - 2017-02-15 17:37:32
state : 2
log : 6584 | 2017-3-4: 이미 막힌 객실 선택
YA20151207130233 - 2017-02-15 17:37:34
state : 2
log : 6579 | 2017-3-4: 이미 막힌 객실 선택
YA20151207130233 - 2017-02-15 17:37:35
state : 2
log : 6584 | 2017-3-5: 이미 막힌 객실 선택
YA20151207130233 - 2017-02-15 17:37:36
state : 2
log : 6579 | 2017-3-5: 이미 막힌 객실 선택
YA20151207130233 - 2017-02-15 17:37:37
state : 2
log : 6584 | 2017-3-6: 이미 막힌 객실 선택
YA20151207130233 - 2017-02-15 17:37:38
state : 2
log : 6579 | 2017-3-6: 이미 막힌 객실 선택
YA20151207130233 - 2017-02-15 17:37:39
state : 2
log : 6584 | 2017-3-7: 이미 막힌 객실 선택
YA20151207130233 - 2017-02-15 17:37:40
state : 2
log : 6579 | 2017-3-7: 이미 막힌 객실 선택
YA20151207130233 - 2017-02-15 17:37:42
state : 2
log : 6584 | 2017-3-8: 이미 막힌 객실 선택
YA20151207130233 - 2017-02-15 17:37:43
state : 2
log : 6579 | 2017-3-8: 이미 막힌 객실 선택
YA20151207130233 - 2017-02-15 17:37:44
state : 2
log : 6584 | 2017-3-9: 이미 막힌 객실 선택
YA20151207130233 - 2017-02-15 17:37:45
state : 2
log : 6579 | 2017-3-9: 이미 막힌 객실 선택
YA20151207130233 - 2017-02-15 17:37:47
state : 1
log : 48318 / 2017-3-10
YA20151207130233 - 2017-02-15 17:37:48
state : 2
log : 6579 | 2017-3-10: 이미 막힌 객실 선택
YA20151207130233 - 2017-02-15 17:37:49
state : 1
log : 48318 / 2017-3-11
YA20151207130233 - 2017-02-15 17:37:50
state : 2
log : 6579 | 2017-3-11: 이미 막힌 객실 선택
YA20151207130233 - 2017-02-15 17:37:51
state : 2
log : 6584 | 2017-3-12: 이미 막힌 객실 선택
YA20151207130233 - 2017-02-15 17:37:52
state : 2
log : 6579 | 2017-3-12: 이미 막힌 객실 선택
YA20151207130233 - 2017-02-15 17:37:53
state : 2
log : 6584 | 2017-3-13: 이미 막힌 객실 선택
YA20151207130233 - 2017-02-15 17:37:55
state : 2
log : 6579 | 2017-3-13: 이미 막힌 객실 선택
YA20151207130233 - 2017-02-15 17:37:56
state : 2
log : 6584 | 2017-3-14: 이미 막힌 객실 선택
YA20151207130233 - 2017-02-15 17:37:57
state : 2
log : 6579 | 2017-3-14: 이미 막힌 객실 선택
YA20151207130233 - 2017-02-15 17:37:58
state : 2
log : 6584 | 2017-3-15: 이미 막힌 객실 선택
YA20151207130233 - 2017-02-15 17:37:59
state : 2
log : 6579 | 2017-3-15: 이미 막힌 객실 선택
YA20151207130233 - 2017-02-15 17:38:00
state : 2
log : 6584 | 2017-3-16: 이미 막힌 객실 선택
YA20151207130233 - 2017-02-15 17:38:01
state : 2
log : 6579 | 2017-3-16: 이미 막힌 객실 선택
YA20151207130233 - 2017-02-15 17:38:03
state : 2
log : 6584 | 2017-3-17: 이미 막힌 객실 선택
YA20151207130233 - 2017-02-15 17:38:04
state : 2
log : 6579 | 2017-3-17: 이미 막힌 객실 선택
YA20151207130233 - 2017-02-15 17:38:05
state : 2
log : 6584 | 2017-3-18: 이미 막힌 객실 선택
YA20151207130233 - 2017-02-15 17:38:06
state : 2
log : 6579 | 2017-3-18: 이미 막힌 객실 선택
YA20151207130233 - 2017-02-15 17:38:08
state : 2
log : 6584 | 2017-3-19: 이미 막힌 객실 선택
YA20151207130233 - 2017-02-15 17:38:09
state : 2
log : 6579 | 2017-3-19: 이미 막힌 객실 선택
YA20151207130233 - 2017-02-15 17:38:10
state : 2
log : 6584 | 2017-3-20: 이미 막힌 객실 선택
YA20151207130233 - 2017-02-15 17:38:12
state : 2
log : 6579 | 2017-3-20: 이미 막힌 객실 선택
YA20151207130233 - 2017-02-15 17:38:13
state : 2
log : 6584 | 2017-3-21: 이미 막힌 객실 선택
YA20151207130233 - 2017-02-15 17:38:14
state : 2
log : 6579 | 2017-3-21: 이미 막힌 객실 선택
YA20151207130233 - 2017-02-15 17:38:15
state : 2
log : 6584 | 2017-3-22: 이미 막힌 객실 선택
YA20151207130233 - 2017-02-15 17:38:16
state : 2
log : 6579 | 2017-3-22: 이미 막힌 객실 선택
YA20151207130233 - 2017-02-15 17:38:17
state : 2
log : 6584 | 2017-3-23: 이미 막힌 객실 선택
YA20151207130233 - 2017-02-15 17:38:18
state : 2
log : 6579 | 2017-3-23: 이미 막힌 객실 선택
YA20151207130233 - 2017-02-15 17:38:20
state : 2
log : 6584 | 2017-3-24: 이미 막힌 객실 선택
YA20151207130233 - 2017-02-15 17:38:22
state : 2
log : 6579 | 2017-3-24: 이미 막힌 객실 선택
YA20151207130233 - 2017-02-15 17:38:24
state : 2
log : 6584 | 2017-3-25: 이미 막힌 객실 선택
YA20151207130233 - 2017-02-15 17:38:25
state : 2
log : 6579 | 2017-3-25: 이미 막힌 객실 선택
YA20151207130233 - 2017-02-15 17:38:26
state : 2
log : 6584 | 2017-3-26: 이미 막힌 객실 선택
YA20151207130233 - 2017-02-15 17:38:27
state : 2
log : 6579 | 2017-3-26: 이미 막힌 객실 선택
YA20151207130233 - 2017-02-15 17:38:28
state : 2
log : 6584 | 2017-3-27: 이미 막힌 객실 선택
YA20151207130233 - 2017-02-15 17:38:29
state : 2
log : 6579 | 2017-3-27: 이미 막힌 객실 선택
YA20151207130233 - 2017-02-15 17:38:30
state : 2
log : 6584 | 2017-3-28: 이미 막힌 객실 선택
YA20151207130233 - 2017-02-15 17:38:31
state : 2
log : 6579 | 2017-3-28: 이미 막힌 객실 선택
YA20151207130233 - 2017-02-15 17:38:33
state : 2
log : 6584 | 2017-3-29: 이미 막힌 객실 선택
YA20151207130233 - 2017-02-15 17:38:35
state : 2
log : 6579 | 2017-3-29: 이미 막힌 객실 선택
YA20151207130233 - 2017-02-15 17:38:36
state : 2
log : 6584 | 2017-3-30: 이미 막힌 객실 선택
YA20151207130233 - 2017-02-15 17:38:37
state : 2
log : 6579 | 2017-3-30: 이미 막힌 객실 선택
YA20151207130233 - 2017-02-15 17:38:39
state : 2
log : 6584 | 2017-3-31: 이미 막힌 객실 선택
YA20151207130233 - 2017-02-15 17:38:40
state : 2
log : 6579 | 2017-3-31: 이미 막힌 객실 선택
YA20151207130233 - 2017-02-15 17:41:20
state : 2
log : 2958 | 2017-2-24: 이미 막힌 객실 선택
YA20151207130233 - 2017-02-15 17:44:04
state : 2
log : 6390 | 2017-3-2: 이미 막힌 객실 선택
YA20161116113212 - 2017-02-15 17:51:14
state : 1
log : 13508 / 2017-02-25
YA20151207130233 - 2017-02-15 17:51:35
state : 1
log : 21820 / 2017-2-20
YA20151207130233 - 2017-02-15 17:51:39
state : 1
log : 23634 / 2017-2-18
YA20151207130233 - 2017-02-15 17:52:09
state : 2
log : 5773 | 2017-2-28: 이미 막힌 객실 선택
YA20161116113212 - 2017-02-15 17:52:16
state : 1
log : 35787 / 2017-02-15
YA20151207130233 - 2017-02-15 17:52:33
state : 2
log : 6183 | 2017-2-23: 이미 막힌 객실 선택
YA20161116113212 - 2017-02-15 17:56:20
state : 1
log : 48127 / 2017-02-20
YA20161116113212 - 2017-02-15 18:04:18
state : 1
log : 30089 / 2017-02-27
YA20151207130233 - 2017-02-15 18:08:42
state : 3
log : 6303 | 2017-2-16: 등록된 객실 없습니다
YA20151207130233 - 2017-02-15 18:08:43
state : 3
log : 6298 | 2017-2-16: 등록된 객실 없습니다
YA20151207130233 - 2017-02-15 18:08:45
state : 1
log : 20705 / 2017-2-16
YA20151207130233 - 2017-02-15 18:08:46
state : 1
log : 20706 / 2017-2-16
YA20151207130233 - 2017-02-15 18:08:48
state : 1
log : 20715 / 2017-2-16
YA20161116113212 - 2017-02-15 18:08:54
state : 1
log : 38760 / 2017-02-27
YA20151207130233 - 2017-02-15 18:13:14
state : 1
log : 25069 / 2017-2-18
YA20161116113212 - 2017-02-15 18:19:36
state : 1
log : 3392 / 2017-02-17
3392 / 2017-02-18
YA20151207130233 - 2017-02-15 18:24:47
state : 1
log : 41990 / 2017-2-18
YA20151207130233 - 2017-02-15 18:25:57
state : 1
log : 41995 / 2017-2-17
YA20151207130233 - 2017-02-15 18:25:59
state : 1
log : 41989 / 2017-2-18
YA20151207130233 - 2017-02-15 18:26:00
state : 1
log : 41991 / 2017-2-18
YA20151207130233 - 2017-02-15 18:26:01
state : 2
log : 6434 | 2017-2-17: 이미 막힌 객실 선택
YA20151207130233 - 2017-02-15 18:26:02
state : 2
log : 6431 | 2017-2-18: 이미 막힌 객실 선택
YA20151207130233 - 2017-02-15 18:26:03
state : 2
log : 6432 | 2017-2-18: 이미 막힌 객실 선택
YA20151207130233 - 2017-02-15 18:26:04
state : 2
log : 6434 | 2017-2-17: 이미 막힌 객실 선택
YA20151207130233 - 2017-02-15 18:26:06
state : 2
log : 6431 | 2017-2-18: 이미 막힌 객실 선택
YA20151207130233 - 2017-02-15 18:26:08
state : 2
log : 6432 | 2017-2-18: 이미 막힌 객실 선택
YA20151207130233 - 2017-02-15 18:26:10
state : 2
log : 6434 | 2017-2-17: 이미 막힌 객실 선택
YA20151207130233 - 2017-02-15 18:26:11
state : 2
log : 6431 | 2017-2-18: 이미 막힌 객실 선택
YA20151207130233 - 2017-02-15 18:26:12
state : 2
log : 6432 | 2017-2-18: 이미 막힌 객실 선택
YA20151207130233 - 2017-02-15 18:26:13
state : 2
log : 6431 | 2017-2-18: 이미 막힌 객실 선택
YA20151207130233 - 2017-02-15 18:26:14
state : 2
log : 6432 | 2017-2-18: 이미 막힌 객실 선택
YA20151207130233 - 2017-02-15 18:26:15
state : 2
log : 6434 | 2017-2-17: 이미 막힌 객실 선택
YA20151207130233 - 2017-02-15 18:26:16
state : 2
log : 6431 | 2017-2-18: 이미 막힌 객실 선택
YA20151207130233 - 2017-02-15 18:26:17
state : 2
log : 6432 | 2017-2-18: 이미 막힌 객실 선택
2017-02-15 18:26:54
key : YA20151207130233
state : 1
log : 23581 / 2017-2-18
YA20151207130233 - 2017-02-15 18:27:34
state : 1
log : 41971 / 2017-2-17
YA20151207130233 - 2017-02-15 18:29:41
state : 1
log : 21746 / 2017-02-15
2017-02-15 18:30:14
key : YA20151207130233
state : 1
log : 20710 / 2017-2-26
2017-02-15 18:30:16
key : YA20151207130233
state : 1
log : 20710 / 2017-2-26
YA20151207130233 - 2017-02-15 18:30:47
state : 1
log : 23581 / 2017-2-18
2017-02-15 18:33:09
key : YA20151207130233
state : 1
log : 21746 / 2017-2-15
YA20151207130233 - 2017-02-15 18:33:23
state : 1
log : 21751 / 2017-2-15
YA20151207130233 - 2017-02-15 18:36:47
state : 1
log : 45344 / 2017-2-21
YA20151207130233 - 2017-02-15 18:37:03
state : 2
log : 6508 | 2017-2-21: 이미 막힌 객실 선택
2017-02-15 18:37:14
key : YA20151207130233
state : 1
log : 45344 / 2017-2-21
YA20151207130233 - 2017-02-15 18:37:21
state : 1
log : 45346 / 2017-2-21
YA20151207130233 - 2017-02-15 18:37:54
state : 1
log : 45344 / 2017-2-27
YA20151207130233 - 2017-02-15 18:37:56
state : 1
log : 45346 / 2017-2-27
YA20151207130233 - 2017-02-15 18:40:44
state : 1
log : 45346 / 2017-3-28
YA20161116113212 - 2017-02-15 18:42:11
state : 1
log : 12147 / 2017-02-15
2017-02-15 18:48:33
key : YA20151207130233
state : 1
log : 23581 / 2017-2-18
YA20151207130233 - 2017-02-15 18:50:07
state : 1
log : 11100 / 2017-2-19
YA20151207130233 - 2017-02-15 18:51:50
state : 1
log : 23580 / 2017-2-18
YA20151207130233 - 2017-02-15 18:57:16
state : 1
log : 21747 / 2017-02-16
YA20151207130233 - 2017-02-15 18:59:00
state : 1
log : 18079 / 2017-3-11
YA20151207130233 - 2017-02-15 18:59:01
state : 1
log : 18082 / 2017-3-11
YA20151207130233 - 2017-02-15 18:59:14
state : 1
log : 18082 / 2017-3-4
2017-02-15 19:09:15
key : YA20151207130233
state : 1
log : 18079 / 2017-2-24
YA20161116113212 - 2017-02-15 19:09:21
state : 1
log : 15003 / 2017-02-20
YA20151207130233 - 2017-02-15 19:23:49
state : 1
log : 3700 / 2017-02-19
YA20161116113212 - 2017-02-15 19:23:50
state : 1
log : 8528 / 2017-02-18
YA20151207130233 - 2017-02-15 19:27:54
state : 1
log : 9728 / 2017-02-20
YA20151207130233 - 2017-02-15 19:29:58
state : 1
log : 16493 / 2017-02-18
YA20151207130233 - 2017-02-15 19:30:00
state : 1
log : 18079 / 2017-2-24
2017-02-15 19:32:47
key : YA20151207130233
state : 1
log : 20709 / 2017-2-16
YA20151207130233 - 2017-02-15 19:34:10
state : 2
log : 5843 | 2017-2-18: 이미 막힌 객실 선택
YA20151207130233 - 2017-02-15 19:42:30
state : 2
log : 5247 | 2017-2-19: 이미 막힌 객실 선택
YA20151207130233 - 2017-02-15 19:42:32
state : 2
log : 5246 | 2017-2-21: 이미 막힌 객실 선택
YA20151207130233 - 2017-02-15 19:42:58
state : 1
log : 3702 / 2017-2-25
YA20151207130233 - 2017-02-15 19:43:01
state : 1
log : 3697 / 2017-2-25
YA20161116113212 - 2017-02-15 19:44:00
state : 1
log : 16131 / 2017-02-20
YA20151207130233 - 2017-02-15 19:47:51
state : 1
log : 20709 / 2017-02-16
YA20151207130233 - 2017-02-15 19:53:51
state : 1
log : 33989 / 2017-2-18
YA20161116113212 - 2017-02-15 20:06:51
state : 1
log : 43459 / 2017-02-26
43459 / 2017-02-27
YA20151207130233 - 2017-02-15 20:07:34
state : 2
log : 5513 | 2017-2-18: 이미 막힌 객실 선택
YA20161116113212 - 2017-02-15 20:12:49
state : 1
log : 46857 / 2017-02-17
YA20161116113212 - 2017-02-15 20:15:23
state : 1
log : 36365 / 2017-02-15
YA20151207130233 - 2017-02-15 20:16:46
state : 2
log : 5611 | 2017-2-16: 이미 막힌 객실 선택
YA20151207130233 - 2017-02-15 20:18:07
state : 1
log : 20705 / 2017-2-20
YA20151207130233 - 2017-02-15 20:20:26
state : 1
log : 20711 / 2017-3-18
2017-02-15 20:20:53
key : YA20151207130233
state : 1
log : 20711 / 2017-3-18
YA20151207130233 - 2017-02-15 20:21:03
state : 1
log : 20711 / 2017-3-19
YA20151207130233 - 2017-02-15 20:23:04
state : 1
log : 4877 / 2017-3-25
YA20161116113212 - 2017-02-15 20:26:15
state : 1
log : 19868 / 2017-02-22
YA20151207130233 - 2017-02-15 20:29:20
state : 1
log : 14491 / 2017-2-17
YA20161116113212 - 2017-02-15 20:31:41
state : 1
log : 33552 / 2017-02-16
YA20151207130233 - 2017-02-15 20:34:37
state : 1
log : 24467 / 2017-2-18
YA20151207130233 - 2017-02-15 20:38:58
state : 1
log : 35132 / 2017-02-27
YA20161116113212 - 2017-02-15 20:39:25
state : 1
log : 8403 / 2017-02-27
YA20151207130233 - 2017-02-15 20:43:11
state : 1
log : 41995 / 2017-02-19
2017-02-15 20:52:55
key : YA20151207130233
state : 1
log : 22696 / 2017-3-11
2017-02-15 20:55:59
key : YA20151207130233
state : 1
log : 19891 / 2017-2-15
2017-02-15 20:56:00
key : YA20151207130233
state : 1
log : 19891 / 2017-2-16
2017-02-15 20:56:01
key : YA20151207130233
state : 1
log : 19891 / 2017-2-18
2017-02-15 21:04:04
key : YA20151207130233
state : 1
log : 19889 / 2017-02-18
2017-02-15 21:07:03
key : YA20151207130233
state : 1
log : 19889 / 2017-02-18
YA20151207130233 - 2017-02-15 21:09:28
state : 2
log : 3538 | 2017-2-18: 이미 막힌 객실 선택
2017-02-15 21:19:44
key : YA20151207130233
state : 1
log : 21751 / 2017-2-16
YA20151207130233 - 2017-02-15 21:20:17
state : 1
log : 23581 / 2017-2-17
YA20151207130233 - 2017-02-15 21:20:18
state : 2
log : 5841 | 2017-2-17: 이미 막힌 객실 선택
YA20151207130233 - 2017-02-15 21:33:45
state : 2
log : 6125 | 2017-2-16: 이미 막힌 객실 선택
YA20151207130233 - 2017-02-15 21:35:29
state : 1
log : 21753 / 2017-02-17
2017-02-15 21:35:41
key : YA20151207130233
state : 1
log : 48310 / 2017-02-18
YA20151207130233 - 2017-02-15 21:46:59
state : 1
log : 21580 / 2017-02-27
YA20151207130233 - 2017-02-15 21:48:51
state : 2
log : 5528 | 2017-2-27: 이미 막힌 객실 선택
2017-02-15 21:52:40
key : YA20151207130233
state : 1
log : 19890 / 2017-02-18
YA20151207130233 - 2017-02-15 21:58:23
state : 2
log : 5608 | 2017-2-16: 이미 막힌 객실 선택
YA20151207130233 - 2017-02-15 21:59:39
state : 1
log : 21820 / 2017-02-26
YA20161116113212 - 2017-02-15 22:04:18
state : 1
log : 44265 / 2017-02-17
44265 / 2017-02-18
YA20151207130233 - 2017-02-15 22:05:29
state : 1
log : 20713 / 2017-2-17
YA20161116113212 - 2017-02-15 22:10:09
state : 1
log : 24568 / 2017-02-19
YA20151207130233 - 2017-02-15 22:16:28
state : 2
log : 5249 | 2017-2-18: 이미 막힌 객실 선택
YA20151207130233 - 2017-02-15 22:16:29
state : 2
log : 5607 | 2017-2-17: 이미 막힌 객실 선택
2017-02-15 22:16:41
key : YA20151207130233
state : 1
log : 20713 / 2017-2-17
YA20151207130233 - 2017-02-15 22:16:58
state : 1
log : 24763 / 2017-2-15
YA20151207130233 - 2017-02-15 22:17:00
state : 1
log : 24771 / 2017-2-15
YA20151207130233 - 2017-02-15 22:20:41
state : 2
log : 5841 | 2017-2-18: 이미 막힌 객실 선택
YA20161116113212 - 2017-02-15 22:24:27
state : 1
log : 34590 / 2017-02-24
YA20151207130233 - 2017-02-15 22:26:15
state : 1
log : 34060 / 2017-2-25
YA20151207130233 - 2017-02-15 22:26:44
state : 2
log : 5843 | 2017-2-18: 이미 막힌 객실 선택
YA20161116113212 - 2017-02-15 22:33:07
state : 1
log : 46124 / 2017-02-22
YA20151207130233 - 2017-02-15 22:34:13
state : 1
log : 19890 / 2017-02-18
YA20151207130233 - 2017-02-15 22:34:36
state : 2
log : 5841 | 2017-2-18: 이미 막힌 객실 선택
2017-02-15 22:44:24
key : YA20151207130233
state : 1
log : 47720 / 2017-2-16
YA20151207130233 - 2017-02-15 22:45:08
state : 2
log : 6548 | 2017-2-28: 이미 막힌 객실 선택
YA20151207130233 - 2017-02-15 22:46:31
state : 1
log : 10541 / 2017-2-24
YA20151207130233 - 2017-02-15 22:46:38
state : 1
log : 21819 / 2017-02-17
YA20151207130233 - 2017-02-15 22:47:05
state : 1
log : 3698 / 2017-02-17
YA20151207130233 - 2017-02-15 22:49:10
state : 2
log : 5245 | 2017-2-17: 이미 막힌 객실 선택
2017-02-15 22:49:10
key : YA20151207130233
state : 1
log : 22743 / 2017-03-25
YA20151207130233 - 2017-02-15 22:49:11
state : 2
log : 5245 | 2017-2-17: 이미 막힌 객실 선택
YA20151207130233 - 2017-02-15 22:49:53
state : 1
log : 10538 / 2017-2-15
2017-02-15 22:54:31
key : YA20151207130233
state : 1
log : 35132 / 2017-02-16
2017-02-15 22:55:09
key : YA20151207130233
state : 1
log : 22743 / 2017-03-25
YA20151207130233 - 2017-02-15 22:56:11
state : 3
log :  : 등록된 객실 없습니다
YA20151207130233 - 2017-02-15 22:56:25
state : 1
log : 14497 / 2017-2-27
2017-02-15 22:57:12
key : YA20151207130233
state : 1
log : 20715 / 2017-2-16
YA20151207130233 - 2017-02-15 22:58:10
state : 1
log : 21834 / 2017-02-18
2017-02-15 22:59:32
key : YA20151207130233
state : 1
log : 35132 / 2017-02-16
YA20161116113212 - 2017-02-15 23:02:35
state : 1
log : 4544 / 2017-02-17
YA20151207130233 - 2017-02-15 23:02:53
state : 3
log :  : 등록된 객실 없습니다
YA20151207130233 - 2017-02-15 23:05:23
state : 1
log : 17746 / 2017-02-18
YA20151207130233 - 2017-02-15 23:07:20
state : 1
log : 20709 / 2017-2-27
YA20151207130233 - 2017-02-15 23:08:16
state : 1
log : 19894 / 2017-02-16
YA20151207130233 - 2017-02-15 23:08:35
state : 1
log : 9728 / 2017-2-21
YA20151207130233 - 2017-02-15 23:08:36
state : 1
log : 9727 / 2017-2-21
YA20151207130233 - 2017-02-15 23:09:17
state : 2
log : 5487 | 2017-02-16: 이미 막힌 객실 선택
2017-02-15 23:10:07
key : YA20151207130233
state : 1
log : 23340 / 2017-02-18
YA20151207130233 - 2017-02-15 23:10:10
state : 1
log : 20710 / 2017-2-19
YA20151207130233 - 2017-02-15 23:10:12
state : 2
log : 5610 | 2017-2-20: 이미 막힌 객실 선택
YA20151207130233 - 2017-02-15 23:12:17
state : 1
log : 23580 / 2017-2-15
YA20151207130233 - 2017-02-15 23:13:21
state : 1
log : 17754 / 2017-02-18
YA20151207130233 - 2017-02-15 23:15:50
state : 1
log : 3696 / 2017-02-17
YA20151207130233 - 2017-02-15 23:17:30
state : 1
log : 48775 / 2017-02-18
2017-02-15 23:26:32
key : YA20151207130233
state : 1
log : 3695 / 2017-2-17
YA20151207130233 - 2017-02-15 23:28:23
state : 1
log : 33987 / 2017-02-18
YA20151207130233 - 2017-02-15 23:30:44
state : 1
log : 20707 / 2017-2-17
YA20151207130233 - 2017-02-15 23:34:33
state : 1
log : 22870 / 2017-02-17
YA20151207130233 - 2017-02-15 23:34:34
state : 1
log : 22870 / 2017-02-18
YA20151207130233 - 2017-02-15 23:37:40
state : 1
log : 5598 / 2017-2-18
YA20151207130233 - 2017-02-15 23:38:38
state : 1
log : 10538 / 2017-02-27
YA20151207130233 - 2017-02-15 23:56:11
state : 3
log : 6302 | 2017-2-17: 등록된 객실 없습니다
YA20151207130233 - 2017-02-15 23:56:30
state : 1
log : 17755 / 2017-02-19
YA20151207130233 - 2017-02-15 23:56:30
state : 1
log : 24464 / 2017-2-17
YA20151207130233 - 2017-02-15 23:56:31
state : 1
log : 24464 / 2017-2-18
YA20151207130233 - 2017-02-15 23:56:53
state : 1
log : 24464 / 2017-2-19
YA20151207130233 - 2017-02-15 23:58:33
state : 2
log : 1888 | 2017-2-19: 이미 막힌 객실 선택
