2017-01-18 01:40:00
펜션나라 : 14497 / 2017-01-22 / C / 인증불가(등록된 key값이 아닙니다)2017-01-18 10:28:08
펜션나라 : 22743 / 2017-01-28 / C / 인증불가(등록된 key값이 아닙니다)
2017-01-18 10:59:58
펜션나라 : 19543 / 2017-02-24 / C / 성공
2017-01-18 11:00:16
펜션나라 : 44054 / 2017-02-24 / O / 성공
2017-01-18 11:00:17
펜션나라 : 19543 / 2017-02-24 / C / 성공
2017-01-18 11:37:27
펜션나라 : 38612 / 2017-02-24 / C / 성공
2017-01-18 11:46:13
펜션나라 : 19543 / 2017-02-24 / O / 성공
2017-01-18 11:46:19
펜션나라 : 38612 / 2017-02-24 / C / 성공
2017-01-18 11:50:14

2017-01-18 11:50:15
펜션나라 : 38612 / 2017-02-25 / C / 성공
2017-01-18 11:56:34
펜션나라 : 38612 / 2017-02-25 / C / 성공
2017-01-18 11:56:41
펜션나라 : 38612 / 2017-02-25 / O / 성공
2017-01-18 20:25:52
펜션나라 : 7072 / 2017-02-02 / O / 성공
2017-01-18 21:24:16

2017-01-18 21:25:58

2017-01-18 21:27:48

2017-01-18 21:28:13

2017-01-18 21:30:39

2017-01-18 21:30:51

2017-01-18 21:36:31

2017-01-18 22:26:25

2017-01-18 22:28:05

2017-01-18 22:29:23

2017-01-18 22:42:29

2017-01-18 22:42:57
