
2017-02-07 00:16:13

2017-02-07 00:20:36

2017-02-07 00:20:52

2017-02-07 00:26:46

2017-02-07 00:28:52

2017-02-07 00:59:06

2017-02-07 01:05:25

2017-02-07 02:04:32

2017-02-07 02:21:28

2017-02-07 02:34:03

2017-02-07 02:50:36

2017-02-07 03:53:46

2017-02-07 06:50:58

2017-02-07 06:55:05

2017-02-07 07:45:01

2017-02-07 08:14:54

2017-02-07 09:06:50

2017-02-07 09:09:05

2017-02-07 09:18:26

2017-02-07 09:18:27

2017-02-07 09:33:56
펜션나라 : 33985 / 2017-02-18 / O / 이미 예약완료
2017-02-07 09:34:13
펜션나라 : 33985 / 2017-02-18 / C / 이미 예약완료
2017-02-07 09:40:04

2017-02-07 09:42:55

2017-02-07 09:48:09

2017-02-07 09:48:09

2017-02-07 09:49:57

2017-02-07 09:52:12

2017-02-07 09:59:33

2017-02-07 10:11:16

2017-02-07 10:11:30

2017-02-07 10:12:18

2017-02-07 10:12:48

2017-02-07 10:14:07

2017-02-07 10:14:29

2017-02-07 10:20:29

2017-02-07 10:42:18

2017-02-07 10:42:45

2017-02-07 10:50:43

2017-02-07 10:50:49

2017-02-07 10:50:58

2017-02-07 10:57:28

2017-02-07 11:00:41

2017-02-07 11:01:05

2017-02-07 11:01:05

2017-02-07 11:01:13

2017-02-07 11:04:18

2017-02-07 11:09:40

2017-02-07 11:10:17

2017-02-07 11:10:56

2017-02-07 11:12:10

2017-02-07 11:12:22

2017-02-07 11:12:22

2017-02-07 11:20:14

2017-02-07 11:21:37

2017-02-07 11:27:00

2017-02-07 11:27:00

2017-02-07 11:28:20

2017-02-07 11:28:22

2017-02-07 11:29:28

2017-02-07 11:31:54

2017-02-07 11:42:37

2017-02-07 11:42:38

2017-02-07 11:46:40

2017-02-07 11:54:58

2017-02-07 11:57:24

2017-02-07 11:58:42

2017-02-07 12:05:54

2017-02-07 12:24:03

2017-02-07 12:29:20
펜션나라 : 19543 / 2017-02-21 / O / 성공
2017-02-07 12:35:26

2017-02-07 12:38:57

2017-02-07 12:46:06

2017-02-07 12:48:40

2017-02-07 12:48:56
펜션나라 : 3696 / 2017-02-11 / C / 성공
2017-02-07 12:55:22

2017-02-07 13:02:26

2017-02-07 13:04:36

2017-02-07 13:05:31

2017-02-07 13:06:15

2017-02-07 13:06:42

2017-02-07 13:06:49

2017-02-07 13:08:42
펜션나라 : 18060 / 2017-02-11 / O / 성공
2017-02-07 13:12:25

2017-02-07 13:16:01

2017-02-07 13:16:01

2017-02-07 13:16:01

2017-02-07 13:16:14

2017-02-07 13:16:16

2017-02-07 13:17:59

2017-02-07 13:17:59

2017-02-07 13:30:25

2017-02-07 13:31:01

2017-02-07 13:31:02

2017-02-07 13:32:43

2017-02-07 13:33:02

2017-02-07 13:33:40

2017-02-07 13:33:41

2017-02-07 13:33:51

2017-02-07 13:33:52

2017-02-07 13:35:19

2017-02-07 13:35:26

2017-02-07 13:35:49

2017-02-07 13:36:14

2017-02-07 13:36:26

2017-02-07 13:37:02

2017-02-07 13:37:19

2017-02-07 13:38:24

2017-02-07 13:38:50

2017-02-07 13:38:54

2017-02-07 13:40:39

2017-02-07 13:42:51
펜션나라 : 46330 / 2017-02-10 / O / 성공
2017-02-07 13:42:57
펜션나라 : 46330 / 2017-02-17 / C / 성공
2017-02-07 13:45:33

2017-02-07 13:48:30

2017-02-07 13:48:33

2017-02-07 13:54:19

2017-02-07 13:54:58

2017-02-07 13:55:08

2017-02-07 13:57:49

2017-02-07 13:59:46

2017-02-07 14:00:09

2017-02-07 14:01:34

2017-02-07 14:02:51

2017-02-07 14:03:02

2017-02-07 14:04:08

2017-02-07 14:18:28

2017-02-07 14:22:23

2017-02-07 14:22:26

2017-02-07 14:22:28

2017-02-07 14:23:28

2017-02-07 14:24:10

2017-02-07 14:25:57

2017-02-07 14:27:10

2017-02-07 14:28:25

2017-02-07 14:31:07

2017-02-07 14:31:16

2017-02-07 14:31:18

2017-02-07 14:31:20

2017-02-07 14:31:22

2017-02-07 14:31:23

2017-02-07 14:31:25

2017-02-07 14:31:28

2017-02-07 14:31:30

2017-02-07 14:31:31

2017-02-07 14:31:32

2017-02-07 14:31:33

2017-02-07 14:31:35

2017-02-07 14:31:36

2017-02-07 14:31:37

2017-02-07 14:31:39

2017-02-07 14:31:40

2017-02-07 14:31:41

2017-02-07 14:31:43

2017-02-07 14:31:44

2017-02-07 14:31:45

2017-02-07 14:31:46

2017-02-07 14:37:11

2017-02-07 14:40:13

2017-02-07 14:40:54

2017-02-07 14:42:05

2017-02-07 14:42:07

2017-02-07 14:42:08

2017-02-07 14:42:09

2017-02-07 14:42:12

2017-02-07 14:42:14

2017-02-07 14:42:14

2017-02-07 14:42:15

2017-02-07 14:42:17

2017-02-07 14:42:18

2017-02-07 14:42:19

2017-02-07 14:42:21

2017-02-07 14:42:22

2017-02-07 14:42:24

2017-02-07 14:42:26

2017-02-07 14:42:28

2017-02-07 14:42:29

2017-02-07 14:42:30

2017-02-07 14:42:32

2017-02-07 14:46:41

2017-02-07 14:46:43

2017-02-07 14:46:45

2017-02-07 14:46:47

2017-02-07 14:46:48

2017-02-07 14:46:49

2017-02-07 14:46:51

2017-02-07 14:46:54

2017-02-07 14:46:55

2017-02-07 14:47:19

2017-02-07 14:47:21

2017-02-07 14:47:23

2017-02-07 14:47:24

2017-02-07 14:49:36

2017-02-07 14:50:20

2017-02-07 14:50:22

2017-02-07 14:53:00

2017-02-07 14:58:39

2017-02-07 14:59:21

2017-02-07 15:01:07

2017-02-07 15:04:32

2017-02-07 15:05:36

2017-02-07 15:05:43

2017-02-07 15:08:21

2017-02-07 15:15:24

2017-02-07 15:18:53

2017-02-07 15:23:04

2017-02-07 15:25:15

2017-02-07 15:27:12

2017-02-07 15:38:03

2017-02-07 15:38:04

2017-02-07 15:40:05

2017-02-07 15:40:07

2017-02-07 15:43:29

2017-02-07 15:43:30

2017-02-07 15:50:59

2017-02-07 15:52:43

2017-02-07 15:59:39

2017-02-07 16:07:15

2017-02-07 16:07:29

2017-02-07 16:07:34

2017-02-07 16:10:50

2017-02-07 16:10:53

2017-02-07 16:11:55

2017-02-07 16:12:34

2017-02-07 16:15:15

2017-02-07 16:27:11

2017-02-07 16:28:57

2017-02-07 16:32:21

2017-02-07 16:39:24

2017-02-07 16:39:24

2017-02-07 16:39:24

2017-02-07 16:40:27

2017-02-07 16:49:46

2017-02-07 16:53:23

2017-02-07 16:56:21

2017-02-07 16:57:30

2017-02-07 16:57:57

2017-02-07 16:59:05

2017-02-07 17:00:05

2017-02-07 17:00:09

2017-02-07 17:01:04

2017-02-07 17:02:54

2017-02-07 17:03:22

2017-02-07 17:08:53

2017-02-07 17:09:54

2017-02-07 17:10:54

2017-02-07 17:12:41

2017-02-07 17:14:24

2017-02-07 17:22:01

2017-02-07 17:22:01

2017-02-07 17:22:39

2017-02-07 17:23:24

2017-02-07 17:25:23

2017-02-07 17:27:39

2017-02-07 17:27:58

2017-02-07 17:28:00

2017-02-07 17:31:52

2017-02-07 17:35:31

2017-02-07 17:35:33

2017-02-07 17:39:30

2017-02-07 17:41:48

2017-02-07 17:42:37

2017-02-07 17:47:29

2017-02-07 17:47:33

2017-02-07 17:49:00

2017-02-07 17:57:33

2017-02-07 17:58:26

2017-02-07 17:59:07

2017-02-07 17:59:38

2017-02-07 17:59:40

2017-02-07 17:59:41

2017-02-07 17:59:41

2017-02-07 18:00:01

2017-02-07 18:00:12

2017-02-07 18:00:14

2017-02-07 18:00:15

2017-02-07 18:00:16

2017-02-07 18:00:52

2017-02-07 18:00:53

2017-02-07 18:00:54

2017-02-07 18:00:55

2017-02-07 18:01:08

2017-02-07 18:01:21

2017-02-07 18:01:22

2017-02-07 18:01:23

2017-02-07 18:01:39

2017-02-07 18:02:19

2017-02-07 18:02:20

2017-02-07 18:02:22

2017-02-07 18:12:29

2017-02-07 18:17:44

2017-02-07 18:17:44

2017-02-07 18:18:43

2017-02-07 18:18:47

2017-02-07 18:19:58

2017-02-07 18:20:02

2017-02-07 18:20:09

2017-02-07 18:21:27

2017-02-07 18:29:00

2017-02-07 18:29:45

2017-02-07 18:31:31

2017-02-07 18:34:24

2017-02-07 18:34:27

2017-02-07 18:38:58

2017-02-07 18:40:02

2017-02-07 18:42:08

2017-02-07 18:49:29

2017-02-07 18:53:05

2017-02-07 18:57:10

2017-02-07 18:59:07

2017-02-07 19:17:58

2017-02-07 19:19:24

2017-02-07 19:21:29

2017-02-07 19:21:30

2017-02-07 19:21:32

2017-02-07 19:21:33

2017-02-07 19:21:34

2017-02-07 19:21:37

2017-02-07 19:21:48

2017-02-07 19:21:50

2017-02-07 19:21:51

2017-02-07 19:21:52

2017-02-07 19:21:53

2017-02-07 19:21:55

2017-02-07 19:22:07

2017-02-07 19:22:08

2017-02-07 19:22:09

2017-02-07 19:22:10

2017-02-07 19:22:12

2017-02-07 19:22:13

2017-02-07 19:22:14

2017-02-07 19:22:16

2017-02-07 19:22:17

2017-02-07 19:22:18

2017-02-07 19:22:19

2017-02-07 19:22:21

2017-02-07 19:22:50

2017-02-07 19:22:51

2017-02-07 19:22:52

2017-02-07 19:22:55

2017-02-07 19:22:56

2017-02-07 19:22:58

2017-02-07 19:23:12

2017-02-07 19:23:14

2017-02-07 19:23:15

2017-02-07 19:23:16

2017-02-07 19:23:17

2017-02-07 19:23:19

2017-02-07 19:23:37

2017-02-07 19:23:38

2017-02-07 19:23:40

2017-02-07 19:23:41

2017-02-07 19:23:42

2017-02-07 19:23:44

2017-02-07 19:23:57

2017-02-07 19:23:59

2017-02-07 19:24:01

2017-02-07 19:24:02

2017-02-07 19:24:03

2017-02-07 19:24:04

2017-02-07 19:24:21

2017-02-07 19:24:23

2017-02-07 19:24:24

2017-02-07 19:24:25

2017-02-07 19:24:26

2017-02-07 19:24:28

2017-02-07 19:24:42

2017-02-07 19:24:43

2017-02-07 19:24:44

2017-02-07 19:24:47

2017-02-07 19:24:48

2017-02-07 19:24:49

2017-02-07 19:24:57

2017-02-07 19:25:04

2017-02-07 19:25:07

2017-02-07 19:25:08

2017-02-07 19:25:09

2017-02-07 19:25:10

2017-02-07 19:25:12

2017-02-07 19:25:13

2017-02-07 19:25:14

2017-02-07 19:25:16

2017-02-07 19:25:17

2017-02-07 19:25:20

2017-02-07 19:25:21

2017-02-07 19:25:39

2017-02-07 19:25:40

2017-02-07 19:25:42

2017-02-07 19:25:43

2017-02-07 19:25:45

2017-02-07 19:25:46

2017-02-07 19:26:04

2017-02-07 19:26:05

2017-02-07 19:26:05

2017-02-07 19:26:07

2017-02-07 19:26:08

2017-02-07 19:26:09

2017-02-07 19:26:11

2017-02-07 19:26:23

2017-02-07 19:26:24

2017-02-07 19:26:26

2017-02-07 19:26:27

2017-02-07 19:26:28

2017-02-07 19:26:29

2017-02-07 19:26:41

2017-02-07 19:26:43

2017-02-07 19:26:44

2017-02-07 19:26:45

2017-02-07 19:26:46

2017-02-07 19:26:48

2017-02-07 19:27:02

2017-02-07 19:27:04

2017-02-07 19:27:05

2017-02-07 19:27:06

2017-02-07 19:27:08

2017-02-07 19:27:09

2017-02-07 19:27:22

2017-02-07 19:27:23

2017-02-07 19:27:25

2017-02-07 19:27:27

2017-02-07 19:27:29

2017-02-07 19:27:30

2017-02-07 19:27:45

2017-02-07 19:27:46

2017-02-07 19:27:47

2017-02-07 19:27:50

2017-02-07 19:27:51

2017-02-07 19:27:52

2017-02-07 19:30:08

2017-02-07 19:30:08

2017-02-07 19:30:09

2017-02-07 19:30:10

2017-02-07 19:31:30

2017-02-07 19:31:44

2017-02-07 19:32:31

2017-02-07 19:33:05

2017-02-07 19:33:17

2017-02-07 19:33:18

2017-02-07 19:33:20

2017-02-07 19:33:47

2017-02-07 19:33:49

2017-02-07 19:33:50

2017-02-07 19:33:52

2017-02-07 19:36:02

2017-02-07 19:36:11

2017-02-07 19:47:53

2017-02-07 19:47:55

2017-02-07 19:47:56

2017-02-07 19:56:15

2017-02-07 19:58:02

2017-02-07 19:58:26

2017-02-07 20:04:59

2017-02-07 20:05:00

2017-02-07 20:34:03

2017-02-07 20:35:03

2017-02-07 20:35:04

2017-02-07 20:36:30

2017-02-07 20:38:58

2017-02-07 20:40:29

2017-02-07 20:41:02

2017-02-07 20:47:26

2017-02-07 20:59:06

2017-02-07 21:04:37

2017-02-07 21:04:38

2017-02-07 21:05:41

2017-02-07 21:06:45

2017-02-07 21:06:45

2017-02-07 21:07:11

2017-02-07 21:09:06

2017-02-07 21:09:10

2017-02-07 21:09:12

2017-02-07 21:09:20

2017-02-07 21:09:45

2017-02-07 21:09:56

2017-02-07 21:14:58

2017-02-07 21:17:15

2017-02-07 21:17:15

2017-02-07 21:18:54

2017-02-07 21:23:46

2017-02-07 21:25:44

2017-02-07 21:29:00

2017-02-07 21:29:00

2017-02-07 21:34:53

2017-02-07 21:36:38

2017-02-07 21:44:21

2017-02-07 21:44:55

2017-02-07 21:46:26

2017-02-07 21:47:17

2017-02-07 21:47:23

2017-02-07 22:05:23

2017-02-07 22:12:37

2017-02-07 22:13:01

2017-02-07 22:16:49

2017-02-07 22:16:55

2017-02-07 22:23:04

2017-02-07 22:24:33

2017-02-07 22:25:13

2017-02-07 22:25:15

2017-02-07 22:28:00

2017-02-07 22:28:01

2017-02-07 22:32:25

2017-02-07 22:35:22

2017-02-07 22:40:58

2017-02-07 22:47:28

2017-02-07 22:47:45

2017-02-07 22:48:51

2017-02-07 23:09:13

2017-02-07 23:09:14

2017-02-07 23:09:51

2017-02-07 23:09:53

2017-02-07 23:09:54

2017-02-07 23:18:13

2017-02-07 23:18:42

2017-02-07 23:22:43

2017-02-07 23:37:24

2017-02-07 23:44:29

2017-02-07 23:44:29

2017-02-07 23:52:28

2017-02-07 23:53:26

2017-02-07 23:55:50

2017-02-07 23:58:14
