2017-01-17 09:48:57
펜션나라 : 34061 / 2017-01-21 / C / 인증불가(등록된 key값이 아닙니다)2017-01-17 11:01:29
펜션나라 : 38612 / 2017-01-17 / C / 인증불가(등록된 key값이 아닙니다)
2017-01-17 11:44:48
펜션나라 : 19543 / 2017-01-20 / C / 성공
2017-01-17 11:58:57
펜션나라 : 19543 / 2017-01-20 / C / 성공
2017-01-17 12:07:10
펜션나라 : 19543 / 2017-01-20 / C / 성공
2017-01-17 13:45:43
펜션나라 : 19543 / 2017-02-20 / O / 성공
2017-01-17 13:45:43
펜션나라 : 19543 / 2017-02-20 / O / 성공
2017-01-17 13:46:14
펜션나라 : 19543 / 2017-02-20 / O / 성공
2017-01-17 13:51:45
펜션나라 : 19543 / 2017-02-20 / O / 성공
2017-01-17 13:54:44
펜션나라 : 19543 / 2017-02-20 / O / 성공
2017-01-17 14:01:42
펜션나라 : 19543 / 2017-02-20 / O / 성공
2017-01-17 14:04:26
펜션나라 : 19543 / 2017-02-20 / O / 성공
2017-01-17 14:04:49
펜션나라 : 19543 / 2017-02-20 / O / 성공
2017-01-17 14:06:34
펜션나라 : 19543 / 2017-02-20 / O / 성공
2017-01-17 14:07:32
펜션나라 : 19543 / 2017-02-20 / O / 성공
2017-01-17 14:09:33
펜션나라 : 19543 / 2017-02-20 / O / 성공
2017-01-17 14:42:23
펜션나라 : 19543 / 2017-02-21 / O / 성공
2017-01-17 14:42:22
펜션나라 : 19543 / 2017-02-21 / O / 성공
2017-01-17 14:43:43
펜션나라 : 19543 / 2017-02-21 / O / 성공
2017-01-17 14:43:43
펜션나라 : 19543 / 2017-02-21 / O / 성공
2017-01-17 14:47:57
펜션나라 : 19543 / 2017-02-21 / O / 성공
2017-01-17 14:48:49
펜션나라 : 19543 / 2017-02-21 / C / 성공
2017-01-17 14:49:17
펜션나라 : 19543 / 2017-02-21 / O / 성공
2017-01-17 14:49:37
펜션나라 : 19543 / 2017-02-21 / C / 성공
2017-01-17 14:50:15
펜션나라 : 19543 / 2017-02-21 / O / 성공
2017-01-17 14:51:52
펜션나라 : 19543 / 2017-02-21 / O / 성공
2017-01-17 16:28:17
펜션나라 : 19543 / 2017-02-21 / O / 성공
2017-01-17 16:29:15
펜션나라 : 19543 / 2017-02-21 / C / 성공
2017-01-17 16:33:19
펜션나라 : 19543 / 2017-02-21 / O / 성공
2017-01-17 16:34:05
펜션나라 : 19543 / 2017-02-20 / C / 성공
2017-01-17 16:34:19
펜션나라 : 19543 / 2017-02-20 / O / 성공
2017-01-17 16:44:10
펜션나라 : 7073 / 2017-02-27 / O / 성공
2017-01-17 16:44:16
펜션나라 : 7073 / 2017-02-28 / O / 성공
2017-01-17 16:44:16
펜션나라 : 7073 / 2017-03-01 / O / 성공
2017-01-17 16:50:32
펜션나라 : 19543 / 2017-03-02 / O / 성공
2017-01-17 16:51:43
펜션나라 : 19543 / 2017-03-03 / O / 성공
2017-01-17 16:51:44
펜션나라 : 19543 / 2017-03-04 / O / 성공
2017-01-17 16:51:57
펜션나라 : 19543 / 2017-03-04 / C / 성공
2017-01-17 16:52:35
펜션나라 : 19543 / 2017-03-04 / O / 성공
2017-01-17 16:53:43
펜션나라 : 19543 / 2017-03-02 / C / 성공
2017-01-17 16:53:49
펜션나라 : 19543 / 2017-03-03 / C / 성공
2017-01-17 16:53:50
펜션나라 : 19543 / 2017-03-04 / C / 성공
2017-01-17 16:59:59
펜션나라 : 19543 / 2017-03-02 / O / 성공
2017-01-17 16:59:59
펜션나라 : 19543 / 2017-03-30 / C / 성공
2017-01-17 17:09:00
펜션나라 : 19543 / 2017-03-30 / O / 성공
2017-01-17 17:09:16
펜션나라 : 19543 / 2017-03-29 / C / 성공
2017-01-17 17:32:06
펜션나라 : 19543 / 2017-03-29 / O / 성공
2017-01-17 17:32:22
펜션나라 : 19543 / 2017-03-28 / C / 성공
2017-01-17 17:41:38

2017-01-17 17:42:18

2017-01-17 17:44:27

2017-01-17 17:51:01

2017-01-17 17:51:25
펜션나라 : 19543 / 2017-04-11 / O / 성공
2017-01-17 17:51:36
펜션나라 : 19543 / 2017-04-12 / O / 성공
2017-01-17 17:51:52
펜션나라 : 19543 / 2017-04-11 / C / 성공
2017-01-17 17:51:54
펜션나라 : 19543 / 2017-04-12 / C / 성공
2017-01-17 17:52:36
펜션나라 : 19543 / 2017-04-11 / O / 성공
2017-01-17 17:52:37
펜션나라 : 19543 / 2017-04-12 / C / 성공
2017-01-17 17:54:58
펜션나라 : 19543 / 2017-04-12 / O / 성공
2017-01-17 17:55:04
펜션나라 : 19543 / 2017-04-13 / C / 성공
2017-01-17 17:59:04
펜션나라 : 19543 / 2017-04-13 / O / 성공
2017-01-17 17:59:15
펜션나라 : 19543 / 2017-04-12 / O / 성공
2017-01-17 17:59:59
펜션나라 : 19543 / 2017-04-13 / C / 성공
2017-01-17 18:00:00
펜션나라 : 19543 / 2017-04-12 / C / 성공
2017-01-17 18:02:43
펜션나라 : 19543 / 2017-04-13 / O / 성공
2017-01-17 18:02:43
펜션나라 : 19543 / 2017-04-14 / C / 성공
2017-01-17 19:32:56
펜션나라 : 44054 / 2017-02-24 / O / 성공
2017-01-17 19:32:56

2017-01-17 19:32:56

2017-01-17 19:35:03
펜션나라 : 44054 / 2017-02-24 / C / 성공
2017-01-17 19:35:03

2017-01-17 19:35:04

2017-01-17 19:35:24
펜션나라 : 44054 / 2017-02-24 / O / 성공
2017-01-17 19:35:26

2017-01-17 19:35:26

2017-01-17 19:36:04
펜션나라 : 44054 / 2017-02-24 / C / 성공
2017-01-17 19:36:14

2017-01-17 19:36:14

2017-01-17 19:36:25
펜션나라 : 44054 / 2017-02-24 / O / 성공
2017-01-17 19:36:26

2017-01-17 19:36:26

2017-01-17 19:36:48
펜션나라 : 44054 / 2017-02-24 / C / 성공
2017-01-17 19:36:49

2017-01-17 19:36:49

2017-01-17 19:36:58
펜션나라 : 44054 / 2017-02-24 / O / 성공
2017-01-17 19:37:04

2017-01-17 19:37:04
2017-01-17 20:28:12
펜션나라 : 38612 / 2017-01-18 / C / 인증불가(등록된 key값이 아닙니다)