
2017-01-29 00:04:13

2017-01-29 00:09:30

2017-01-29 00:10:09

2017-01-29 00:13:51

2017-01-29 00:35:03

2017-01-29 00:52:43

2017-01-29 01:14:09

2017-01-29 01:23:10

2017-01-29 01:54:01

2017-01-29 01:54:15

2017-01-29 06:15:41

2017-01-29 08:43:18

2017-01-29 08:45:25

2017-01-29 09:04:25

2017-01-29 09:16:23

2017-01-29 09:18:30

2017-01-29 09:19:55

2017-01-29 09:22:34

2017-01-29 09:30:10

2017-01-29 09:30:11

2017-01-29 09:30:13

2017-01-29 09:30:31

2017-01-29 09:30:33

2017-01-29 09:53:19

2017-01-29 10:08:12

2017-01-29 10:15:33

2017-01-29 10:22:26

2017-01-29 10:52:24

2017-01-29 10:52:44

2017-01-29 10:53:19

2017-01-29 10:53:23

2017-01-29 10:53:38

2017-01-29 10:55:23

2017-01-29 10:57:07

2017-01-29 11:08:18

2017-01-29 11:10:34

2017-01-29 11:12:18

2017-01-29 11:15:57

2017-01-29 11:19:19

2017-01-29 11:25:43

2017-01-29 11:25:55

2017-01-29 11:26:49

2017-01-29 11:33:04

2017-01-29 11:50:58

2017-01-29 11:51:51

2017-01-29 11:52:34

2017-01-29 11:55:02
펜션나라 : 33299 / 2017-01-29 / O / 성공
2017-01-29 11:55:19

2017-01-29 11:55:33
펜션나라 : 33299 / 2017-01-29 / C / 성공
2017-01-29 11:56:12

2017-01-29 11:57:10

2017-01-29 12:03:26

2017-01-29 12:07:01
펜션나라 : 28864 / 2017-01-29 / C / 성공
2017-01-29 12:12:35

2017-01-29 12:37:32

2017-01-29 12:38:02

2017-01-29 12:41:24

2017-01-29 12:43:15

2017-01-29 12:44:39

2017-01-29 12:48:21

2017-01-29 12:49:34

2017-01-29 12:49:46

2017-01-29 12:51:49

2017-01-29 12:52:24

2017-01-29 12:53:03

2017-01-29 12:54:47

2017-01-29 12:55:32

2017-01-29 13:04:02

2017-01-29 13:04:20
펜션나라 : 11218 / 2017-01-29 / O / 성공
2017-01-29 13:04:46
펜션나라 : 11218 / 2017-01-29 / C / 성공
2017-01-29 13:06:44
펜션나라 : 29443 / 2017-01-29 / O / 이미 예약완료
2017-01-29 13:06:58
펜션나라 : 29443 / 2017-01-29 / C / 이미 예약완료
2017-01-29 13:07:42

2017-01-29 13:08:03

2017-01-29 13:08:03

2017-01-29 13:08:25

2017-01-29 13:10:45

2017-01-29 13:11:00

2017-01-29 13:11:07

2017-01-29 13:11:07

2017-01-29 13:13:29

2017-01-29 13:14:53

2017-01-29 13:15:49

2017-01-29 13:17:34

2017-01-29 13:19:09

2017-01-29 13:22:44

2017-01-29 13:25:16

2017-01-29 13:33:42

2017-01-29 13:40:31

2017-01-29 13:42:12

2017-01-29 13:47:44

2017-01-29 13:49:21

2017-01-29 13:50:52

2017-01-29 13:50:54

2017-01-29 14:05:08
펜션나라 : 21836 / 2017-01-29 / C / 성공
2017-01-29 14:08:32

2017-01-29 14:13:12

2017-01-29 14:14:35

2017-01-29 14:28:12

2017-01-29 14:30:02

2017-01-29 14:30:05

2017-01-29 14:32:09

2017-01-29 14:33:36

2017-01-29 14:33:38

2017-01-29 14:33:44

2017-01-29 14:34:08

2017-01-29 14:43:23

2017-01-29 14:44:01

2017-01-29 14:49:48

2017-01-29 14:49:59

2017-01-29 14:56:21

2017-01-29 14:56:21

2017-01-29 14:57:02

2017-01-29 15:01:34

2017-01-29 15:06:50

2017-01-29 15:12:15

2017-01-29 15:13:17

2017-01-29 15:13:25

2017-01-29 15:15:42

2017-01-29 15:16:31

2017-01-29 15:16:32

2017-01-29 15:16:34

2017-01-29 15:16:35

2017-01-29 15:16:36

2017-01-29 15:16:38

2017-01-29 15:16:40

2017-01-29 15:16:42

2017-01-29 15:16:43

2017-01-29 15:16:44

2017-01-29 15:16:47

2017-01-29 15:16:48

2017-01-29 15:16:49

2017-01-29 15:16:51

2017-01-29 15:16:52

2017-01-29 15:16:54

2017-01-29 15:16:55

2017-01-29 15:16:56

2017-01-29 15:16:58

2017-01-29 15:16:59

2017-01-29 15:17:00

2017-01-29 15:17:01

2017-01-29 15:17:02

2017-01-29 15:17:04

2017-01-29 15:17:05

2017-01-29 15:17:06

2017-01-29 15:17:08

2017-01-29 15:17:09

2017-01-29 15:18:26

2017-01-29 15:22:22

2017-01-29 15:24:33

2017-01-29 15:25:53

2017-01-29 15:27:23

2017-01-29 15:27:48

2017-01-29 15:29:38

2017-01-29 15:37:20

2017-01-29 15:38:48

2017-01-29 15:40:16

2017-01-29 15:43:56

2017-01-29 15:46:02

2017-01-29 15:55:46

2017-01-29 15:56:07

2017-01-29 15:56:09

2017-01-29 15:57:28

2017-01-29 15:57:32

2017-01-29 15:57:34

2017-01-29 15:57:55

2017-01-29 15:57:56

2017-01-29 16:08:34

2017-01-29 16:14:55

2017-01-29 16:17:48

2017-01-29 16:18:04

2017-01-29 16:34:05

2017-01-29 16:34:18

2017-01-29 16:43:15

2017-01-29 16:49:53

2017-01-29 17:01:18

2017-01-29 17:11:45

2017-01-29 17:11:47

2017-01-29 17:13:05

2017-01-29 17:14:04

2017-01-29 17:20:25

2017-01-29 17:20:32

2017-01-29 17:21:17

2017-01-29 17:21:18

2017-01-29 17:26:41

2017-01-29 17:27:19

2017-01-29 17:46:38

2017-01-29 17:49:40

2017-01-29 17:55:07

2017-01-29 17:55:08

2017-01-29 18:10:40

2017-01-29 18:13:19

2017-01-29 18:15:00

2017-01-29 18:15:09

2017-01-29 18:20:44

2017-01-29 18:24:57

2017-01-29 18:27:04

2017-01-29 18:30:42

2017-01-29 18:37:58

2017-01-29 18:44:20

2017-01-29 18:48:06

2017-01-29 18:56:32

2017-01-29 18:58:39

2017-01-29 18:58:40

2017-01-29 19:01:37

2017-01-29 19:06:11

2017-01-29 19:06:22

2017-01-29 19:08:06

2017-01-29 19:08:07

2017-01-29 19:09:20

2017-01-29 19:11:36

2017-01-29 19:18:59

2017-01-29 19:30:39

2017-01-29 19:34:48

2017-01-29 19:36:49

2017-01-29 19:37:20

2017-01-29 19:38:14

2017-01-29 19:40:55

2017-01-29 19:41:34

2017-01-29 19:43:20

2017-01-29 19:46:51

2017-01-29 19:48:19

2017-01-29 19:55:22

2017-01-29 20:03:51

2017-01-29 20:04:38

2017-01-29 20:15:42

2017-01-29 20:33:24

2017-01-29 20:33:26

2017-01-29 20:33:36

2017-01-29 20:33:37

2017-01-29 20:33:50

2017-01-29 20:33:52

2017-01-29 20:33:52

2017-01-29 20:33:53

2017-01-29 20:33:55

2017-01-29 20:33:56

2017-01-29 20:33:57

2017-01-29 20:33:59

2017-01-29 20:38:50

2017-01-29 20:40:33

2017-01-29 20:46:40

2017-01-29 20:47:08

2017-01-29 21:05:24

2017-01-29 21:05:30

2017-01-29 21:07:49

2017-01-29 21:10:41

2017-01-29 21:18:34

2017-01-29 21:19:12

2017-01-29 21:19:13

2017-01-29 21:22:12

2017-01-29 21:22:13

2017-01-29 21:24:35

2017-01-29 21:33:17

2017-01-29 21:33:18

2017-01-29 21:33:20

2017-01-29 21:33:21

2017-01-29 21:33:23

2017-01-29 21:33:24

2017-01-29 21:33:25

2017-01-29 21:33:27

2017-01-29 21:33:28

2017-01-29 21:33:29

2017-01-29 21:33:31

2017-01-29 21:33:33

2017-01-29 21:33:35

2017-01-29 21:33:36

2017-01-29 21:33:37

2017-01-29 21:33:39

2017-01-29 21:33:40

2017-01-29 21:33:41

2017-01-29 21:33:42

2017-01-29 21:33:44

2017-01-29 21:33:45

2017-01-29 21:33:46

2017-01-29 21:33:48

2017-01-29 21:33:49

2017-01-29 21:37:43

2017-01-29 21:39:40

2017-01-29 22:10:14

2017-01-29 22:18:17

2017-01-29 22:22:05

2017-01-29 22:22:06

2017-01-29 22:22:07

2017-01-29 22:22:09

2017-01-29 22:22:10

2017-01-29 22:22:12

2017-01-29 22:22:13

2017-01-29 22:22:15

2017-01-29 22:22:17

2017-01-29 22:22:19

2017-01-29 22:22:20

2017-01-29 22:22:21

2017-01-29 22:22:22

2017-01-29 22:22:23

2017-01-29 22:22:25

2017-01-29 22:22:26

2017-01-29 22:22:28

2017-01-29 22:22:29

2017-01-29 22:22:30

2017-01-29 22:22:31

2017-01-29 22:25:12

2017-01-29 22:26:33

2017-01-29 22:33:43

2017-01-29 22:51:04

2017-01-29 22:51:25

2017-01-29 23:04:59

2017-01-29 23:21:25

2017-01-29 23:23:22

2017-01-29 23:27:09

2017-01-29 23:37:05

2017-01-29 23:49:27
