
2017-01-19 10:45:32
펜션나라 : 19543 / 2017-02-21 / O / 성공
2017-01-19 10:45:33
펜션나라 : 19543 / 2017-02-21 / O / 성공
2017-01-19 10:59:02

2017-01-19 11:02:29

2017-01-19 11:32:47

2017-01-19 11:32:47

2017-01-19 11:32:57

2017-01-19 11:32:58
2017-01-19 12:06:29
펜션나라 : 23319 / 2017-01-27 / C / 인증불가(등록된 key값이 아닙니다)
2017-01-19 16:31:04
펜션나라 : 38612 / 2017-01-18 / O / 시작일 또는 종료일이 오늘날짜보다 이전
2017-01-19 16:33:49
펜션나라 : 19543 / 2017-02-06 / C / 성공
2017-01-19 16:38:33
펜션나라 : 19543 / 2017-02-06 / O / 성공
2017-01-19 16:38:52
펜션나라 : 19543 / 2017-02-06 / C / 성공
2017-01-19 17:31:36

2017-01-19 17:31:54

2017-01-19 17:34:08

2017-01-19 17:34:14

2017-01-19 17:34:24

2017-01-19 17:34:27

2017-01-19 17:48:50

2017-01-19 17:48:55

2017-01-19 17:50:39

2017-01-19 17:50:40
2017-01-19 17:58:55
펜션나라 : 19543 / 2017-01-19 / C / 인증불가(등록된 key값이 아닙니다)2017-01-19 18:02:27
펜션나라 : 7073 / 2017-01-19 / C / 인증불가(등록된 key값이 아닙니다)
2017-01-19 18:13:30

2017-01-19 18:18:49

2017-01-19 19:24:55

2017-01-19 19:25:09

2017-01-19 19:29:08

2017-01-19 19:29:56

2017-01-19 19:30:15

2017-01-19 19:30:28

2017-01-19 19:32:54

2017-01-19 19:33:24

2017-01-19 19:33:30

2017-01-19 19:34:00

2017-01-19 20:02:38

2017-01-19 20:02:38
