
2017-02-10 00:06:32

2017-02-10 00:22:05

2017-02-10 00:22:38

2017-02-10 00:22:38

2017-02-10 00:34:43

2017-02-10 00:36:06

2017-02-10 00:47:01

2017-02-10 00:47:26

2017-02-10 00:55:14

2017-02-10 01:13:28

2017-02-10 01:24:47

2017-02-10 01:39:41

2017-02-10 03:55:31

2017-02-10 05:28:48

2017-02-10 05:47:12

2017-02-10 05:58:55

2017-02-10 07:19:52

2017-02-10 07:50:22

2017-02-10 08:01:18

2017-02-10 08:41:41

2017-02-10 08:41:43

2017-02-10 08:54:02

2017-02-10 09:03:51

2017-02-10 09:03:52

2017-02-10 09:11:05

2017-02-10 09:11:35

2017-02-10 09:14:32

2017-02-10 09:18:40
펜션나라 : 22716 / 2017-02-10 / C / 성공
2017-02-10 09:19:05

2017-02-10 09:19:20

2017-02-10 09:20:12

2017-02-10 09:20:25

2017-02-10 09:20:54

2017-02-10 09:49:19

2017-02-10 09:54:28

2017-02-10 09:57:39

2017-02-10 09:57:55

2017-02-10 09:57:55

2017-02-10 09:59:47

2017-02-10 09:59:48

2017-02-10 09:59:49

2017-02-10 10:03:13

2017-02-10 10:03:13

2017-02-10 10:04:15

2017-02-10 10:11:14

2017-02-10 10:14:27

2017-02-10 10:17:57

2017-02-10 10:17:57

2017-02-10 10:19:54

2017-02-10 10:21:49

2017-02-10 10:24:50

2017-02-10 10:31:30

2017-02-10 10:31:31

2017-02-10 10:31:33

2017-02-10 10:32:32

2017-02-10 10:32:34

2017-02-10 10:34:13

2017-02-10 10:34:16

2017-02-10 10:41:15

2017-02-10 10:41:17

2017-02-10 10:43:26

2017-02-10 10:45:44

2017-02-10 10:46:51

2017-02-10 10:48:31

2017-02-10 10:51:38

2017-02-10 10:56:07

2017-02-10 10:59:21

2017-02-10 11:11:42

2017-02-10 11:13:47

2017-02-10 11:14:24

2017-02-10 11:18:04

2017-02-10 11:18:12

2017-02-10 11:19:01

2017-02-10 11:25:11

2017-02-10 11:25:11

2017-02-10 11:25:38

2017-02-10 11:26:30

2017-02-10 11:26:40

2017-02-10 11:26:41

2017-02-10 11:31:53

2017-02-10 11:41:28

2017-02-10 11:49:33

2017-02-10 11:50:10

2017-02-10 11:58:35

2017-02-10 11:59:48

2017-02-10 11:59:49

2017-02-10 12:13:59

2017-02-10 12:16:27

2017-02-10 12:35:10

2017-02-10 12:44:41

2017-02-10 12:44:43

2017-02-10 12:53:17

2017-02-10 12:54:46

2017-02-10 12:56:18

2017-02-10 12:59:38

2017-02-10 13:00:33

2017-02-10 13:00:38

2017-02-10 13:03:08

2017-02-10 13:04:58

2017-02-10 13:05:59

2017-02-10 13:06:00

2017-02-10 13:06:31

2017-02-10 13:06:33

2017-02-10 13:06:35

2017-02-10 13:06:37

2017-02-10 13:06:37

2017-02-10 13:06:38

2017-02-10 13:08:39

2017-02-10 13:08:39

2017-02-10 13:09:25

2017-02-10 13:10:06

2017-02-10 13:10:20

2017-02-10 13:10:28

2017-02-10 13:10:29

2017-02-10 13:10:41

2017-02-10 13:10:41

2017-02-10 13:12:06
펜션나라 : 3697 / 2017-02-11 / O / 이미 예약완료
2017-02-10 13:12:54
펜션나라 : 3697 / 2017-02-11 / C / 이미 예약완료
2017-02-10 13:13:38

2017-02-10 13:13:50

2017-02-10 13:14:25

2017-02-10 13:14:25

2017-02-10 13:15:06

2017-02-10 13:16:54

2017-02-10 13:17:51

2017-02-10 13:19:30

2017-02-10 13:19:35

2017-02-10 13:19:37

2017-02-10 13:19:45

2017-02-10 13:19:46

2017-02-10 13:21:31

2017-02-10 13:22:07

2017-02-10 13:23:16

2017-02-10 13:23:16

2017-02-10 13:27:47

2017-02-10 13:27:54

2017-02-10 13:27:55

2017-02-10 13:28:21

2017-02-10 13:28:22

2017-02-10 13:29:01

2017-02-10 13:34:17

2017-02-10 13:34:34

2017-02-10 13:36:19

2017-02-10 13:37:47

2017-02-10 13:39:18

2017-02-10 13:40:08

2017-02-10 13:40:09

2017-02-10 13:40:54

2017-02-10 13:42:30

2017-02-10 13:45:20

2017-02-10 13:45:22

2017-02-10 13:46:55

2017-02-10 13:57:49

2017-02-10 14:02:57

2017-02-10 14:02:57

2017-02-10 14:10:46

2017-02-10 14:10:47

2017-02-10 14:12:36

2017-02-10 14:22:42

2017-02-10 14:26:09

2017-02-10 14:26:49

2017-02-10 14:27:52

2017-02-10 14:31:09

2017-02-10 14:35:38

2017-02-10 14:35:52

2017-02-10 14:36:05

2017-02-10 14:36:14

2017-02-10 14:36:49

2017-02-10 14:38:37

2017-02-10 14:39:21

2017-02-10 14:41:53

2017-02-10 14:41:58

2017-02-10 14:48:37

2017-02-10 14:48:39

2017-02-10 14:48:40

2017-02-10 14:48:44

2017-02-10 14:48:45

2017-02-10 14:48:46

2017-02-10 14:48:48

2017-02-10 14:48:49

2017-02-10 14:48:50

2017-02-10 14:48:51

2017-02-10 14:49:03

2017-02-10 14:50:03

2017-02-10 14:51:11

2017-02-10 14:51:54

2017-02-10 14:52:41

2017-02-10 14:58:32

2017-02-10 14:58:33

2017-02-10 15:00:59

2017-02-10 15:05:02

2017-02-10 15:05:45

2017-02-10 15:07:09

2017-02-10 15:08:38

2017-02-10 15:12:32

2017-02-10 15:12:32

2017-02-10 15:13:00

2017-02-10 15:13:00

2017-02-10 15:13:15

2017-02-10 15:14:59

2017-02-10 15:19:52

2017-02-10 15:20:05

2017-02-10 15:20:29

2017-02-10 15:20:30

2017-02-10 15:20:31

2017-02-10 15:20:33

2017-02-10 15:20:34

2017-02-10 15:20:35

2017-02-10 15:20:36

2017-02-10 15:20:38

2017-02-10 15:20:39

2017-02-10 15:20:40

2017-02-10 15:20:42

2017-02-10 15:21:17

2017-02-10 15:21:18

2017-02-10 15:21:20

2017-02-10 15:21:22

2017-02-10 15:21:23

2017-02-10 15:21:24

2017-02-10 15:21:26

2017-02-10 15:21:27

2017-02-10 15:21:28

2017-02-10 15:21:30

2017-02-10 15:21:31

2017-02-10 15:21:32

2017-02-10 15:21:35

2017-02-10 15:21:36

2017-02-10 15:21:37

2017-02-10 15:21:39

2017-02-10 15:21:40

2017-02-10 15:21:41

2017-02-10 15:21:42

2017-02-10 15:21:44

2017-02-10 15:23:36

2017-02-10 15:23:57

2017-02-10 15:25:42

2017-02-10 15:27:32

2017-02-10 15:27:42

2017-02-10 15:27:58

2017-02-10 15:28:22

2017-02-10 15:33:57

2017-02-10 15:33:57

2017-02-10 15:38:07

2017-02-10 15:45:50

2017-02-10 15:48:05

2017-02-10 15:48:06

2017-02-10 15:49:45

2017-02-10 15:54:19

2017-02-10 15:54:40

2017-02-10 15:59:03

2017-02-10 15:59:38

2017-02-10 16:01:54

2017-02-10 16:01:55

2017-02-10 16:03:43

2017-02-10 16:04:12

2017-02-10 16:05:16

2017-02-10 16:12:43

2017-02-10 16:13:03

2017-02-10 16:13:09

2017-02-10 16:13:20

2017-02-10 16:13:39

2017-02-10 16:15:41

2017-02-10 16:15:42

2017-02-10 16:16:09

2017-02-10 16:16:10

2017-02-10 16:16:26

2017-02-10 16:17:20

2017-02-10 16:17:22

2017-02-10 16:17:23

2017-02-10 16:17:25

2017-02-10 16:17:30

2017-02-10 16:18:48

2017-02-10 16:21:20

2017-02-10 16:21:44

2017-02-10 16:27:55

2017-02-10 16:28:32

2017-02-10 16:30:05

2017-02-10 16:30:07

2017-02-10 16:31:30

2017-02-10 16:33:16

2017-02-10 16:33:18

2017-02-10 16:33:42

2017-02-10 16:33:55
펜션나라 : 44054 / 2017-02-10 / O / 성공
2017-02-10 16:35:31

2017-02-10 16:35:32

2017-02-10 16:36:53

2017-02-10 16:37:06

2017-02-10 16:39:45

2017-02-10 16:39:45

2017-02-10 16:44:38

2017-02-10 16:44:38

2017-02-10 16:45:39

2017-02-10 16:46:06

2017-02-10 17:01:11

2017-02-10 17:02:34

2017-02-10 17:15:08

2017-02-10 17:19:39

2017-02-10 17:19:42

2017-02-10 17:21:19

2017-02-10 17:23:31

2017-02-10 17:28:30

2017-02-10 17:32:38

2017-02-10 17:32:42

2017-02-10 17:36:28

2017-02-10 17:37:49

2017-02-10 17:38:18

2017-02-10 17:42:05

2017-02-10 17:43:28

2017-02-10 17:45:42

2017-02-10 17:47:04

2017-02-10 17:47:17

2017-02-10 17:47:26

2017-02-10 17:47:33

2017-02-10 17:50:39

2017-02-10 17:52:05

2017-02-10 17:54:13

2017-02-10 17:59:10

2017-02-10 18:07:39

2017-02-10 18:07:56

2017-02-10 18:09:43

2017-02-10 18:17:12

2017-02-10 18:17:19

2017-02-10 18:30:50

2017-02-10 18:32:04

2017-02-10 18:32:14

2017-02-10 18:39:29

2017-02-10 18:42:16

2017-02-10 18:48:47

2017-02-10 18:51:35

2017-02-10 18:57:51

2017-02-10 18:59:25

2017-02-10 19:00:05

2017-02-10 19:00:23

2017-02-10 19:01:07

2017-02-10 19:06:02

2017-02-10 19:11:30

2017-02-10 19:17:18

2017-02-10 19:18:36

2017-02-10 19:21:39

2017-02-10 19:28:38

2017-02-10 19:29:00

2017-02-10 19:31:11

2017-02-10 19:34:10

2017-02-10 19:46:27

2017-02-10 19:48:05

2017-02-10 19:52:08

2017-02-10 19:52:13

2017-02-10 19:57:15

2017-02-10 19:58:39

2017-02-10 19:58:39
펜션나라 : 24383 / 2017-02-11 / C / 성공
2017-02-10 20:00:05

2017-02-10 20:02:56

2017-02-10 20:05:09

2017-02-10 20:05:15

2017-02-10 20:15:15

2017-02-10 20:15:15

2017-02-10 20:15:52

2017-02-10 20:23:35

2017-02-10 20:25:04

2017-02-10 20:26:49

2017-02-10 20:29:31

2017-02-10 20:35:25

2017-02-10 20:38:09

2017-02-10 20:42:16

2017-02-10 20:42:17

2017-02-10 20:43:51

2017-02-10 20:45:10

2017-02-10 20:48:25

2017-02-10 20:50:50

2017-02-10 20:52:46

2017-02-10 20:54:37

2017-02-10 20:55:24

2017-02-10 20:58:30

2017-02-10 20:58:54

2017-02-10 21:00:04

2017-02-10 21:01:24

2017-02-10 21:01:27

2017-02-10 21:01:53

2017-02-10 21:01:55

2017-02-10 21:01:56

2017-02-10 21:01:57

2017-02-10 21:01:59

2017-02-10 21:02:00

2017-02-10 21:02:46

2017-02-10 21:02:53

2017-02-10 21:05:12

2017-02-10 21:07:44

2017-02-10 21:08:12

2017-02-10 21:08:13

2017-02-10 21:08:15

2017-02-10 21:17:01

2017-02-10 21:17:27

2017-02-10 21:20:10

2017-02-10 21:22:07

2017-02-10 21:27:36

2017-02-10 21:31:58

2017-02-10 21:34:07

2017-02-10 21:34:30

2017-02-10 21:43:34

2017-02-10 21:44:35

2017-02-10 21:50:20

2017-02-10 21:51:52

2017-02-10 21:54:11

2017-02-10 21:54:13

2017-02-10 21:54:14

2017-02-10 21:54:15

2017-02-10 21:54:17

2017-02-10 21:54:18

2017-02-10 21:54:20

2017-02-10 21:54:21

2017-02-10 21:54:23

2017-02-10 21:54:25

2017-02-10 21:54:26

2017-02-10 21:54:27

2017-02-10 21:54:28

2017-02-10 21:54:30

2017-02-10 21:54:30

2017-02-10 21:54:31

2017-02-10 21:54:32

2017-02-10 21:54:33

2017-02-10 21:54:35

2017-02-10 21:54:36

2017-02-10 21:54:38

2017-02-10 21:54:39

2017-02-10 21:54:40

2017-02-10 21:54:41

2017-02-10 21:54:43

2017-02-10 21:54:45

2017-02-10 21:54:46

2017-02-10 21:54:48

2017-02-10 21:54:50

2017-02-10 21:54:52

2017-02-10 21:54:54

2017-02-10 21:54:55

2017-02-10 21:54:56

2017-02-10 21:54:57

2017-02-10 21:54:59

2017-02-10 21:55:01

2017-02-10 21:55:02

2017-02-10 21:55:26

2017-02-10 21:56:50

2017-02-10 21:58:37

2017-02-10 22:03:54

2017-02-10 22:10:42

2017-02-10 22:16:05

2017-02-10 22:19:25

2017-02-10 22:20:53

2017-02-10 22:44:50

2017-02-10 22:50:03

2017-02-10 23:05:15

2017-02-10 23:09:52

2017-02-10 23:16:30

2017-02-10 23:40:55

2017-02-10 23:40:55

2017-02-10 23:40:55

2017-02-10 23:44:05

2017-02-10 23:44:07

2017-02-10 23:49:22

2017-02-10 23:54:15
