2017-01-26 06:12:03
펜션나라 : 23048 / 2017-01-26 / C / 인증불가(등록된 key값이 아닙니다)2017-01-26 08:02:43
펜션나라 : 25130 / 2017-01-28 / C / 인증불가(등록된 key값이 아닙니다)
2017-01-26 10:24:56

2017-01-26 10:46:55
펜션나라 : 23048 / 2017-01-26 / O / 성공
2017-01-26 10:47:14
펜션나라 : 23048 / 2017-01-26 / C / 성공
2017-01-26 10:50:27

2017-01-26 10:50:27

2017-01-26 11:19:48
펜션나라 : 7072 / 2017-02-01 / O / 성공
2017-01-26 11:19:56
펜션나라 : 7072 / 2017-02-01 / O / 성공
2017-01-26 11:22:33
펜션나라 : 7072 / 2017-02-01 / C / 성공
2017-01-26 11:25:33

2017-01-26 11:26:01

2017-01-26 11:35:50

2017-01-26 11:37:05

2017-01-26 11:39:44

2017-01-26 11:43:43

2017-01-26 11:50:17

2017-01-26 11:50:19

2017-01-26 11:52:24
펜션나라 : 7072 / 2017-02-01 / O / 성공
2017-01-26 11:52:51

2017-01-26 11:53:33

2017-01-26 11:53:34

2017-01-26 11:54:53

2017-01-26 12:09:52

2017-01-26 12:14:54

2017-01-26 12:22:16

2017-01-26 12:22:24

2017-01-26 12:34:43

2017-01-26 12:54:30

2017-01-26 12:56:58

2017-01-26 13:01:29

2017-01-26 13:05:43

2017-01-26 13:12:31
펜션나라 : 7072 / 2017-02-01 / C / 성공
2017-01-26 13:13:27

2017-01-26 13:17:22

2017-01-26 13:21:17

2017-01-26 13:29:20

2017-01-26 13:34:52

2017-01-26 13:35:04

2017-01-26 13:35:04

2017-01-26 13:35:25

2017-01-26 13:35:25

2017-01-26 13:35:37

2017-01-26 13:36:44

2017-01-26 13:48:27

2017-01-26 13:49:05

2017-01-26 13:49:06

2017-01-26 13:49:25

2017-01-26 13:49:25

2017-01-26 13:50:24

2017-01-26 13:50:24

2017-01-26 13:51:56

2017-01-26 13:51:57

2017-01-26 13:59:59

2017-01-26 14:01:03

2017-01-26 14:01:25

2017-01-26 14:01:25

2017-01-26 14:01:44

2017-01-26 14:01:44

2017-01-26 14:02:13

2017-01-26 14:02:13

2017-01-26 14:02:21

2017-01-26 14:02:21

2017-01-26 14:03:13

2017-01-26 14:03:13

2017-01-26 14:03:33

2017-01-26 14:03:33

2017-01-26 14:08:29

2017-01-26 14:10:30

2017-01-26 14:16:04
펜션나라 : 14497 / 2017-02-01 / C / 성공
2017-01-26 14:21:04

2017-01-26 14:21:06

2017-01-26 14:24:45

2017-01-26 14:24:46

2017-01-26 14:25:51

2017-01-26 14:26:41

2017-01-26 14:27:53

2017-01-26 14:27:55

2017-01-26 14:29:13

2017-01-26 14:29:14

2017-01-26 14:30:39

2017-01-26 14:32:13

2017-01-26 14:32:46

2017-01-26 14:32:47

2017-01-26 14:34:10

2017-01-26 14:35:24

2017-01-26 14:40:53

2017-01-26 14:44:27

2017-01-26 14:44:33

2017-01-26 14:44:35

2017-01-26 14:44:40

2017-01-26 14:44:42

2017-01-26 14:44:47

2017-01-26 14:44:50

2017-01-26 14:44:54

2017-01-26 14:44:57

2017-01-26 14:45:02

2017-01-26 14:45:05

2017-01-26 14:45:10

2017-01-26 14:45:12

2017-01-26 14:45:17

2017-01-26 14:45:29

2017-01-26 14:56:58

2017-01-26 14:57:09

2017-01-26 15:01:22

2017-01-26 15:05:12

2017-01-26 15:10:32

2017-01-26 15:11:07

2017-01-26 15:12:06

2017-01-26 15:21:35

2017-01-26 15:25:57

2017-01-26 15:28:30

2017-01-26 15:28:31

2017-01-26 15:29:19

2017-01-26 15:33:43

2017-01-26 15:34:57

2017-01-26 15:39:18

2017-01-26 15:39:20

2017-01-26 15:50:33

2017-01-26 15:50:35

2017-01-26 15:53:28

2017-01-26 15:53:29

2017-01-26 15:53:30

2017-01-26 16:00:20

2017-01-26 16:00:20

2017-01-26 16:02:36

2017-01-26 16:06:02

2017-01-26 16:07:15

2017-01-26 16:08:12

2017-01-26 16:08:13

2017-01-26 16:12:46

2017-01-26 16:13:04

2017-01-26 16:13:44

2017-01-26 16:13:48

2017-01-26 16:14:43

2017-01-26 16:15:58

2017-01-26 16:15:59

2017-01-26 16:19:04

2017-01-26 16:19:54

2017-01-26 16:19:55

2017-01-26 16:19:57

2017-01-26 16:21:10

2017-01-26 16:21:11

2017-01-26 16:23:55

2017-01-26 16:24:56

2017-01-26 16:26:21

2017-01-26 16:30:51

2017-01-26 16:46:28

2017-01-26 16:49:35

2017-01-26 16:51:39

2017-01-26 16:53:32

2017-01-26 16:53:33

2017-01-26 16:53:35

2017-01-26 16:53:36

2017-01-26 16:54:40

2017-01-26 16:59:48

2017-01-26 17:07:42

2017-01-26 17:09:43

2017-01-26 17:11:35

2017-01-26 17:11:37

2017-01-26 17:11:38

2017-01-26 17:15:32

2017-01-26 17:25:12

2017-01-26 17:29:01

2017-01-26 17:31:34

2017-01-26 17:32:37

2017-01-26 17:37:36

2017-01-26 17:46:53

2017-01-26 17:51:34

2017-01-26 17:59:49

2017-01-26 17:59:49

2017-01-26 18:04:03

2017-01-26 18:07:27

2017-01-26 18:15:28

2017-01-26 18:18:53

2017-01-26 18:25:39

2017-01-26 18:38:34

2017-01-26 18:40:20

2017-01-26 18:40:22

2017-01-26 18:44:22

2017-01-26 18:45:30

2017-01-26 18:50:34

2017-01-26 18:50:36

2017-01-26 18:54:37

2017-01-26 18:55:26

2017-01-26 18:58:35

2017-01-26 19:00:03

2017-01-26 19:08:47

2017-01-26 19:18:10

2017-01-26 19:21:19

2017-01-26 19:21:23

2017-01-26 19:25:52

2017-01-26 19:25:53

2017-01-26 19:25:55

2017-01-26 19:25:56

2017-01-26 19:33:11

2017-01-26 19:33:13

2017-01-26 19:36:17

2017-01-26 19:37:23

2017-01-26 19:39:20

2017-01-26 19:49:13

2017-01-26 19:53:40

2017-01-26 19:56:09

2017-01-26 19:58:16

2017-01-26 19:58:19

2017-01-26 19:58:21

2017-01-26 19:58:22

2017-01-26 19:58:23

2017-01-26 19:58:25

2017-01-26 19:58:26

2017-01-26 19:58:27

2017-01-26 19:59:28

2017-01-26 19:59:30

2017-01-26 19:59:32

2017-01-26 19:59:33

2017-01-26 19:59:34

2017-01-26 19:59:35

2017-01-26 19:59:37

2017-01-26 20:02:41

2017-01-26 20:02:41

2017-01-26 20:16:25
펜션나라 : 24083 / 2017-01-27 / C / 성공
2017-01-26 20:17:04

2017-01-26 20:21:21

2017-01-26 20:21:23

2017-01-26 20:21:57

2017-01-26 20:24:08

2017-01-26 20:25:18

2017-01-26 20:27:54

2017-01-26 20:30:09

2017-01-26 20:31:17

2017-01-26 20:31:21

2017-01-26 20:32:44

2017-01-26 20:33:09

2017-01-26 20:34:22

2017-01-26 20:35:47

2017-01-26 20:35:55

2017-01-26 20:40:29

2017-01-26 20:40:39

2017-01-26 20:41:54

2017-01-26 20:41:56

2017-01-26 20:42:09

2017-01-26 20:43:24

2017-01-26 20:43:24

2017-01-26 20:49:17

2017-01-26 20:54:15

2017-01-26 20:54:55

2017-01-26 20:56:05

2017-01-26 21:01:49

2017-01-26 21:01:51

2017-01-26 21:02:23

2017-01-26 21:08:58

2017-01-26 21:11:48

2017-01-26 21:15:45

2017-01-26 21:15:47

2017-01-26 21:18:08

2017-01-26 21:18:09

2017-01-26 21:19:09

2017-01-26 21:21:19

2017-01-26 21:31:28

2017-01-26 21:35:19

2017-01-26 21:47:46

2017-01-26 21:52:21

2017-01-26 21:59:43

2017-01-26 21:59:45

2017-01-26 21:59:46

2017-01-26 22:00:52

2017-01-26 22:02:11

2017-01-26 22:05:21

2017-01-26 22:17:53

2017-01-26 22:35:20

2017-01-26 22:45:02

2017-01-26 22:45:12

2017-01-26 22:53:20

2017-01-26 22:55:11

2017-01-26 22:55:13

2017-01-26 22:55:16

2017-01-26 22:55:17

2017-01-26 22:55:20

2017-01-26 22:55:21

2017-01-26 22:55:23

2017-01-26 22:55:24

2017-01-26 22:55:27

2017-01-26 22:55:28

2017-01-26 22:55:30

2017-01-26 22:55:32

2017-01-26 22:55:34

2017-01-26 22:55:35

2017-01-26 22:55:38

2017-01-26 22:55:39

2017-01-26 22:55:41

2017-01-26 22:55:43

2017-01-26 22:55:45

2017-01-26 22:55:46

2017-01-26 22:55:49

2017-01-26 22:55:50

2017-01-26 22:55:52

2017-01-26 22:55:53

2017-01-26 22:55:56

2017-01-26 22:55:57

2017-01-26 22:56:00

2017-01-26 22:56:01

2017-01-26 22:56:05

2017-01-26 22:56:06

2017-01-26 22:56:08

2017-01-26 22:56:10

2017-01-26 22:56:12

2017-01-26 22:56:13

2017-01-26 22:56:15

2017-01-26 22:56:17

2017-01-26 22:56:19

2017-01-26 22:56:20

2017-01-26 22:56:23

2017-01-26 22:56:24

2017-01-26 22:56:26

2017-01-26 22:56:27

2017-01-26 22:56:30

2017-01-26 22:56:31

2017-01-26 22:56:33

2017-01-26 22:56:35

2017-01-26 22:56:37

2017-01-26 22:56:38

2017-01-26 22:56:41

2017-01-26 22:56:42

2017-01-26 22:56:44

2017-01-26 22:56:46

2017-01-26 22:56:48

2017-01-26 22:56:49

2017-01-26 22:56:52

2017-01-26 22:56:54

2017-01-26 22:56:56

2017-01-26 22:56:57

2017-01-26 22:57:00

2017-01-26 22:57:01

2017-01-26 22:57:04

2017-01-26 22:57:05

2017-01-26 22:57:08

2017-01-26 22:57:09

2017-01-26 22:57:12

2017-01-26 22:57:13

2017-01-26 22:57:15

2017-01-26 22:57:17

2017-01-26 22:57:20

2017-01-26 22:57:21

2017-01-26 22:57:24

2017-01-26 22:57:25

2017-01-26 22:57:27

2017-01-26 22:57:28

2017-01-26 22:57:33

2017-01-26 22:57:34

2017-01-26 22:57:36

2017-01-26 22:57:38

2017-01-26 22:57:40

2017-01-26 22:57:41

2017-01-26 22:57:44

2017-01-26 22:57:45

2017-01-26 22:57:47

2017-01-26 22:57:48

2017-01-26 22:57:51

2017-01-26 22:57:53

2017-01-26 22:57:55

2017-01-26 22:57:56

2017-01-26 22:57:59

2017-01-26 22:58:00

2017-01-26 22:58:02

2017-01-26 22:58:03

2017-01-26 22:58:06

2017-01-26 22:58:07

2017-01-26 22:58:10

2017-01-26 22:58:12

2017-01-26 22:58:15

2017-01-26 22:58:16

2017-01-26 22:58:19

2017-01-26 22:58:21

2017-01-26 22:58:23

2017-01-26 22:58:24

2017-01-26 22:58:26

2017-01-26 22:58:28

2017-01-26 22:58:30

2017-01-26 22:58:31

2017-01-26 22:58:35

2017-01-26 22:58:36

2017-01-26 22:58:38

2017-01-26 22:58:39

2017-01-26 22:58:42

2017-01-26 22:58:43

2017-01-26 22:58:45

2017-01-26 22:58:46

2017-01-26 22:58:49

2017-01-26 22:58:50

2017-01-26 22:58:53

2017-01-26 22:58:54

2017-01-26 22:58:56

2017-01-26 22:58:58

2017-01-26 22:59:01

2017-01-26 22:59:02

2017-01-26 22:59:04

2017-01-26 22:59:05

2017-01-26 23:03:37

2017-01-26 23:14:11

2017-01-26 23:15:47

2017-01-26 23:15:56

2017-01-26 23:23:06

2017-01-26 23:23:07

2017-01-26 23:28:38

2017-01-26 23:31:22

2017-01-26 23:50:04
